
73252 : 0xcf2c0cd4cae4 : 1 : spill_jit_data :  Jit agent is not initialized
73234 : 0xcf2c0cd53205 : 2 : ittapi_config_mask_get :  --itt-config mask to be applied: 55
73234 : 0xcf2c0cd564ab : 2 : ittapi_config_apply_per_lib :  ITTAPI function instrumented: __itt_domain_create
73234 : 0xcf2c0cd57110 : 2 : ittapi_config_apply_per_lib :  ITTAPI function instrumented: __itt_module_load_with_sections
73234 : 0xcf2c0cd5813a : 2 : ittapi_config_apply_per_lib :  ITTAPI function not implemented: __itt_module_unload_with_sections
73234 : 0xcf2c0cd58b09 : 2 : ittapi_config_apply_per_lib :  ITTAPI function instrumented: __itt_string_handle_create
73234 : 0xcf2c0cd5909d : 2 : ittapi_config_apply_per_lib :  ITTAPI function instrumented: __itt_counter_create
73234 : 0xcf2c0cd595c2 : 2 : ittapi_config_apply_per_lib :  ITTAPI function instrumented: __itt_counter_create_typed
73234 : 0xcf2c0cd59ba0 : 2 : ittapi_config_apply_per_lib :  ITTAPI function instrumented: __itt_pause
73234 : 0xcf2c0cd5a1cb : 2 : ittapi_config_apply_per_lib :  ITTAPI function instrumented: __itt_resume
73234 : 0xcf2c0cd63a81 : 2 : ittapi_config_apply_per_lib :  ITTAPI function instrumented: __itt_thread_set_name
73234 : 0xcf2c0cd64074 : 2 : ittapi_config_apply_per_lib :  ITTAPI function instrumented: __itt_thread_ignore
73234 : 0xcf2c0cd645c9 : 2 : ittapi_config_apply_per_lib :  ITTAPI function instrumented: __itt_thr_name_set
73234 : 0xcf2c0cd64b9b : 2 : ittapi_config_apply_per_lib :  ITTAPI function instrumented: __itt_thr_ignore
73234 : 0xcf2c0cd65161 : 2 : ittapi_config_apply_per_lib :  ITTAPI function instrumented: __itt_histogram_create
73234 : 0xcf2c0cd658f1 : 2 : ittapi_config_apply_per_lib :  ITTAPI function not implemented: __itt_enable_attach
73234 : 0xcf2c0cd65eed : 2 : ittapi_config_apply_per_lib :  ITTAPI function instrumented: __itt_detach
73234 : 0xcf2c0cd66590 : 2 : ittapi_config_apply_per_lib :  ITTAPI function NOT instrumented (not matched by --itt-config option): __itt_sync_create

73234 : 0xcf2c0cd66aeb : 2 : ittapi_config_apply_per_lib :  ITTAPI function NOT instrumented (not matched by --itt-config option): __itt_sync_rename

73234 : 0xcf2c0cd66e53 : 2 : ittapi_config_apply_per_lib :  ITTAPI function NOT instrumented (not matched by --itt-config option): __itt_sync_destroy

73234 : 0xcf2c0cd686d6 : 2 : ittapi_config_apply_per_lib :  ITTAPI function NOT instrumented (not matched by --itt-config option): __itt_sync_prepare

73234 : 0xcf2c0cd68c00 : 2 : ittapi_config_apply_per_lib :  ITTAPI function NOT instrumented (not matched by --itt-config option): __itt_sync_cancel

73234 : 0xcf2c0cd68ffe : 2 : ittapi_config_apply_per_lib :  ITTAPI function NOT instrumented (not matched by --itt-config option): __itt_sync_acquired

73234 : 0xcf2c0cd693f9 : 2 : ittapi_config_apply_per_lib :  ITTAPI function NOT instrumented (not matched by --itt-config option): __itt_sync_releasing

73234 : 0xcf2c0cd69c1e : 2 : ittapi_config_apply_per_lib :  ITTAPI function not implemented: __itt_suppress_push
73234 : 0xcf2c0cd6a4cc : 2 : ittapi_config_apply_per_lib :  ITTAPI function not implemented: __itt_suppress_pop
73234 : 0xcf2c0cd6ab7f : 2 : ittapi_config_apply_per_lib :  ITTAPI function not implemented: __itt_suppress_mark_range
73234 : 0xcf2c0cd6b27d : 2 : ittapi_config_apply_per_lib :  ITTAPI function not implemented: __itt_suppress_clear_range
73234 : 0xcf2c0cd6b621 : 2 : ittapi_config_apply_per_lib :  ITTAPI function NOT instrumented (not matched by --itt-config option): __itt_sync_prepare

73234 : 0xcf2c0cd6b9dd : 2 : ittapi_config_apply_per_lib :  ITTAPI function NOT instrumented (not matched by --itt-config option): __itt_sync_cancel

73234 : 0xcf2c0cd6ce94 : 2 : ittapi_config_apply_per_lib :  ITTAPI function NOT instrumented (not matched by --itt-config option): __itt_sync_acquired

73234 : 0xcf2c0cd6d246 : 2 : ittapi_config_apply_per_lib :  ITTAPI function NOT instrumented (not matched by --itt-config option): __itt_sync_releasing

73234 : 0xcf2c0cd6d6b0 : 2 : ittapi_config_apply_per_lib :  ITTAPI function NOT instrumented (not matched by --itt-config option): __itt_model_site_begin

73234 : 0xcf2c0cd6db27 : 2 : ittapi_config_apply_per_lib :  ITTAPI function NOT instrumented (not matched by --itt-config option): __itt_model_site_end

73234 : 0xcf2c0cd6df2e : 2 : ittapi_config_apply_per_lib :  ITTAPI function NOT instrumented (not matched by --itt-config option): __itt_model_task_begin

73234 : 0xcf2c0cd6e39f : 2 : ittapi_config_apply_per_lib :  ITTAPI function NOT instrumented (not matched by --itt-config option): __itt_model_task_end

73234 : 0xcf2c0cd6e805 : 2 : ittapi_config_apply_per_lib :  ITTAPI function NOT instrumented (not matched by --itt-config option): __itt_model_lock_acquire

73234 : 0xcf2c0cd6ed52 : 2 : ittapi_config_apply_per_lib :  ITTAPI function NOT instrumented (not matched by --itt-config option): __itt_model_lock_release

73234 : 0xcf2c0cd6f1d9 : 2 : ittapi_config_apply_per_lib :  ITTAPI function NOT instrumented (not matched by --itt-config option): __itt_model_record_allocation

73234 : 0xcf2c0cd6f518 : 2 : ittapi_config_apply_per_lib :  ITTAPI function NOT instrumented (not matched by --itt-config option): __itt_model_record_deallocation

73234 : 0xcf2c0cd724f5 : 2 : ittapi_config_apply_per_lib :  ITTAPI function NOT instrumented (not matched by --itt-config option): __itt_model_induction_uses

73234 : 0xcf2c0cd728cd : 2 : ittapi_config_apply_per_lib :  ITTAPI function NOT instrumented (not matched by --itt-config option): __itt_model_reduction_uses

73234 : 0xcf2c0cd72c43 : 2 : ittapi_config_apply_per_lib :  ITTAPI function NOT instrumented (not matched by --itt-config option): __itt_model_observe_uses

73234 : 0xcf2c0cd72f7c : 2 : ittapi_config_apply_per_lib :  ITTAPI function NOT instrumented (not matched by --itt-config option): __itt_model_clear_uses

73234 : 0xcf2c0cd73293 : 2 : ittapi_config_apply_per_lib :  ITTAPI function NOT instrumented (not matched by --itt-config option): __itt_model_site_beginA

73234 : 0xcf2c0cd73597 : 2 : ittapi_config_apply_per_lib :  ITTAPI function NOT instrumented (not matched by --itt-config option): __itt_model_site_beginAL

73234 : 0xcf2c0cd7389e : 2 : ittapi_config_apply_per_lib :  ITTAPI function NOT instrumented (not matched by --itt-config option): __itt_model_task_beginA

73234 : 0xcf2c0cd73ba0 : 2 : ittapi_config_apply_per_lib :  ITTAPI function NOT instrumented (not matched by --itt-config option): __itt_model_task_beginAL

73234 : 0xcf2c0cd73ea1 : 2 : ittapi_config_apply_per_lib :  ITTAPI function NOT instrumented (not matched by --itt-config option): __itt_model_iteration_taskA

73234 : 0xcf2c0cd741d0 : 2 : ittapi_config_apply_per_lib :  ITTAPI function NOT instrumented (not matched by --itt-config option): __itt_model_iteration_taskAL

73234 : 0xcf2c0cd755be : 2 : ittapi_config_apply_per_lib :  ITTAPI function NOT instrumented (not matched by --itt-config option): __itt_model_site_end_2

73234 : 0xcf2c0cd75944 : 2 : ittapi_config_apply_per_lib :  ITTAPI function NOT instrumented (not matched by --itt-config option): __itt_model_task_end_2

73234 : 0xcf2c0cd75c87 : 2 : ittapi_config_apply_per_lib :  ITTAPI function NOT instrumented (not matched by --itt-config option): __itt_model_lock_acquire_2

73234 : 0xcf2c0cd75faa : 2 : ittapi_config_apply_per_lib :  ITTAPI function NOT instrumented (not matched by --itt-config option): __itt_model_lock_release_2

73234 : 0xcf2c0cd762c2 : 2 : ittapi_config_apply_per_lib :  ITTAPI function NOT instrumented (not matched by --itt-config option): __itt_model_aggregate_task

73234 : 0xcf2c0cd765cb : 2 : ittapi_config_apply_per_lib :  ITTAPI function NOT instrumented (not matched by --itt-config option): __itt_model_disable_push

73234 : 0xcf2c0cd768cd : 2 : ittapi_config_apply_per_lib :  ITTAPI function NOT instrumented (not matched by --itt-config option): __itt_model_disable_pop

73234 : 0xcf2c0cd76e81 : 2 : ittapi_config_apply_per_lib :  ITTAPI function instrumented: __itt_heap_function_create
73234 : 0xcf2c0cd7748c : 2 : ittapi_config_apply_per_lib :  ITTAPI function instrumented: __itt_heap_allocate_begin
73234 : 0xcf2c0cd778d3 : 2 : ittapi_config_apply_per_lib :  ITTAPI function instrumented: __itt_heap_allocate_end
73234 : 0xcf2c0cd79b47 : 2 : ittapi_config_apply_per_lib :  ITTAPI function instrumented: __itt_heap_free_begin
73234 : 0xcf2c0cd7a0a3 : 2 : ittapi_config_apply_per_lib :  ITTAPI function instrumented: __itt_heap_free_end
73234 : 0xcf2c0cd7a5d7 : 2 : ittapi_config_apply_per_lib :  ITTAPI function instrumented: __itt_heap_reallocate_begin
73234 : 0xcf2c0cd7aa4a : 2 : ittapi_config_apply_per_lib :  ITTAPI function instrumented: __itt_heap_reallocate_end
73234 : 0xcf2c0cd7b04b : 2 : ittapi_config_apply_per_lib :  ITTAPI function not implemented: __itt_heap_internal_access_begin
73234 : 0xcf2c0cd7b7c6 : 2 : ittapi_config_apply_per_lib :  ITTAPI function not implemented: __itt_heap_internal_access_end
73234 : 0xcf2c0cd7be54 : 2 : ittapi_config_apply_per_lib :  ITTAPI function not implemented: __itt_heap_record_memory_growth_begin
73234 : 0xcf2c0cd7c475 : 2 : ittapi_config_apply_per_lib :  ITTAPI function not implemented: __itt_heap_record_memory_growth_end
73234 : 0xcf2c0cd7ca4e : 2 : ittapi_config_apply_per_lib :  ITTAPI function not implemented: __itt_heap_reset_detection
73234 : 0xcf2c0cd7d238 : 2 : ittapi_config_apply_per_lib :  ITTAPI function not implemented: __itt_heap_record
73234 : 0xcf2c0cd7e93b : 2 : ittapi_config_apply_per_lib :  ITTAPI function not implemented: __itt_id_create
73234 : 0xcf2c0cd7f07d : 2 : ittapi_config_apply_per_lib :  ITTAPI function not implemented: __itt_id_destroy
73234 : 0xcf2c0cd7f67a : 2 : ittapi_config_apply_per_lib :  ITTAPI function instrumented: __itt_get_timestamp
73234 : 0xcf2c0cd7fc20 : 2 : ittapi_config_apply_per_lib :  ITTAPI function not implemented: __itt_region_begin
73234 : 0xcf2c0cd80202 : 2 : ittapi_config_apply_per_lib :  ITTAPI function not implemented: __itt_region_end
73234 : 0xcf2c0cd808ca : 2 : ittapi_config_apply_per_lib :  ITTAPI function instrumented: __itt_frame_begin_v3
73234 : 0xcf2c0cd80e14 : 2 : ittapi_config_apply_per_lib :  ITTAPI function instrumented: __itt_frame_end_v3
73234 : 0xcf2c0cd81380 : 2 : ittapi_config_apply_per_lib :  ITTAPI function instrumented: __itt_frame_submit_v3
73234 : 0xcf2c0cd81987 : 2 : ittapi_config_apply_per_lib :  ITTAPI function not implemented: __itt_task_group
73234 : 0xcf2c0cd81ebd : 2 : ittapi_config_apply_per_lib :  ITTAPI function instrumented: __itt_task_begin
73234 : 0xcf2c0cd834e2 : 2 : ittapi_config_apply_per_lib :  ITTAPI function instrumented: __itt_task_begin_fn
73234 : 0xcf2c0cd83ae4 : 2 : ittapi_config_apply_per_lib :  ITTAPI function instrumented: __itt_task_end
73234 : 0xcf2c0cd841cc : 2 : ittapi_config_apply_per_lib :  ITTAPI function not implemented: __itt_counter_inc_v3
73234 : 0xcf2c0cd848bf : 2 : ittapi_config_apply_per_lib :  ITTAPI function not implemented: __itt_counter_inc_delta_v3
73234 : 0xcf2c0cd84e98 : 2 : ittapi_config_apply_per_lib :  ITTAPI function not implemented: __itt_counter_dec_v3
73234 : 0xcf2c0cd85415 : 2 : ittapi_config_apply_per_lib :  ITTAPI function not implemented: __itt_counter_dec_delta_v3
73234 : 0xcf2c0cd85b0d : 2 : ittapi_config_apply_per_lib :  ITTAPI function not implemented: __itt_marker
73234 : 0xcf2c0cd86106 : 2 : ittapi_config_apply_per_lib :  ITTAPI function instrumented: __itt_metadata_add
73234 : 0xcf2c0cd8678e : 2 : ittapi_config_apply_per_lib :  ITTAPI function not implemented: __itt_metadata_str_add
73234 : 0xcf2c0cd86dc2 : 2 : ittapi_config_apply_per_lib :  ITTAPI function not implemented: __itt_relation_add_to_current
73234 : 0xcf2c0cd88479 : 2 : ittapi_config_apply_per_lib :  ITTAPI function not implemented: __itt_relation_add
73234 : 0xcf2c0cd88a1b : 2 : ittapi_config_apply_per_lib :  ITTAPI function instrumented: __itt_event_create
73234 : 0xcf2c0cd88f6a : 2 : ittapi_config_apply_per_lib :  ITTAPI function instrumented: __itt_event_start
73234 : 0xcf2c0cd894e8 : 2 : ittapi_config_apply_per_lib :  ITTAPI function instrumented: __itt_event_end
73234 : 0xcf2c0cd89942 : 2 : ittapi_config_apply_per_lib :  ITTAPI function NOT instrumented (not matched by --itt-config option): __itt_sync_set_name

73234 : 0xcf2c0cd89d96 : 2 : ittapi_config_apply_per_lib :  ITTAPI function NOT instrumented (not matched by --itt-config option): __itt_notify_sync_name

73234 : 0xcf2c0cd8a19f : 2 : ittapi_config_apply_per_lib :  ITTAPI function NOT instrumented (not matched by --itt-config option): __itt_notify_sync_prepare

73234 : 0xcf2c0cd8a527 : 2 : ittapi_config_apply_per_lib :  ITTAPI function NOT instrumented (not matched by --itt-config option): __itt_notify_sync_cancel

73234 : 0xcf2c0cd8a8c6 : 2 : ittapi_config_apply_per_lib :  ITTAPI function NOT instrumented (not matched by --itt-config option): __itt_notify_sync_acquired

73234 : 0xcf2c0cd8ac15 : 2 : ittapi_config_apply_per_lib :  ITTAPI function NOT instrumented (not matched by --itt-config option): __itt_notify_sync_releasing

73234 : 0xcf2c0cd8cfad : 2 : ittapi_config_apply_per_lib :  ITTAPI function not implemented: __itt_memory_read
73234 : 0xcf2c0cd8d6c7 : 2 : ittapi_config_apply_per_lib :  ITTAPI function not implemented: __itt_memory_write
73234 : 0xcf2c0cd8dd7c : 2 : ittapi_config_apply_per_lib :  ITTAPI function not implemented: __itt_memory_update
73234 : 0xcf2c0cd8e44f : 2 : ittapi_config_apply_per_lib :  ITTAPI function not implemented: __itt_state_get
73234 : 0xcf2c0cd8ea0f : 2 : ittapi_config_apply_per_lib :  ITTAPI function not implemented: __itt_state_set
73234 : 0xcf2c0cd8efdc : 2 : ittapi_config_apply_per_lib :  ITTAPI function not implemented: __itt_obj_mode_set
73234 : 0xcf2c0cd8f5a6 : 2 : ittapi_config_apply_per_lib :  ITTAPI function not implemented: __itt_thr_mode_set
73234 : 0xcf2c0cd8faac : 2 : ittapi_config_apply_per_lib :  ITTAPI function instrumented: __itt_frame_create
73234 : 0xcf2c0cd8ffe3 : 2 : ittapi_config_apply_per_lib :  ITTAPI function instrumented: __itt_pt_region_create
73234 : 0xcf2c0cd905af : 2 : ittapi_config_apply_per_lib :  ITTAPI function instrumented: __itt_frame_begin
73234 : 0xcf2c0cd91b0b : 2 : ittapi_config_apply_per_lib :  ITTAPI function instrumented: __itt_frame_end
73234 : 0xcf2c0cd921a0 : 2 : ittapi_config_apply_per_lib :  ITTAPI function not implemented: __itt_counter_destroy
73234 : 0xcf2c0cd927cf : 2 : ittapi_config_apply_per_lib :  ITTAPI function instrumented: __itt_counter_inc
73234 : 0xcf2c0cd92cfc : 2 : ittapi_config_apply_per_lib :  ITTAPI function instrumented: __itt_counter_inc_delta
73234 : 0xcf2c0cd931bf : 2 : ittapi_config_apply_per_lib :  ITTAPI function instrumented: __itt_counter_dec
73234 : 0xcf2c0cd93704 : 2 : ittapi_config_apply_per_lib :  ITTAPI function instrumented: __itt_counter_dec_delta
73234 : 0xcf2c0cd93b95 : 2 : ittapi_config_apply_per_lib :  ITTAPI function instrumented: __itt_counter_set_value
73234 : 0xcf2c0cd94165 : 2 : ittapi_config_apply_per_lib :  ITTAPI function not implemented: __itt_counter_set_value_ex
73234 : 0xcf2c0cd9475c : 2 : ittapi_config_apply_per_lib :  ITTAPI function not implemented: __itt_mark_create
73234 : 0xcf2c0cd94d87 : 2 : ittapi_config_apply_per_lib :  ITTAPI function not implemented: __itt_mark
73234 : 0xcf2c0cd964be : 2 : ittapi_config_apply_per_lib :  ITTAPI function not implemented: __itt_mark_off
73234 : 0xcf2c0cd96b43 : 2 : ittapi_config_apply_per_lib :  ITTAPI function not implemented: __itt_mark_global
73234 : 0xcf2c0cd9718c : 2 : ittapi_config_apply_per_lib :  ITTAPI function not implemented: __itt_mark_global_off
73234 : 0xcf2c0cd9783d : 2 : ittapi_config_apply_per_lib :  ITTAPI function instrumented: __itt_stack_caller_create
73234 : 0xcf2c0cd97db7 : 2 : ittapi_config_apply_per_lib :  ITTAPI function instrumented: __itt_stack_caller_destroy
73234 : 0xcf2c0cd982d1 : 2 : ittapi_config_apply_per_lib :  ITTAPI function instrumented: __itt_stack_callee_enter
73234 : 0xcf2c0cd98760 : 2 : ittapi_config_apply_per_lib :  ITTAPI function instrumented: __itt_stack_callee_leave
73234 : 0xcf2c0cd98cf3 : 2 : ittapi_config_apply_per_lib :  ITTAPI function not implemented: __itt_clock_domain_create
73234 : 0xcf2c0cd99359 : 2 : ittapi_config_apply_per_lib :  ITTAPI function not implemented: __itt_clock_domain_reset
73234 : 0xcf2c0cd99932 : 2 : ittapi_config_apply_per_lib :  ITTAPI function not implemented: __itt_id_create_ex
73234 : 0xcf2c0cd9c9c1 : 2 : ittapi_config_apply_per_lib :  ITTAPI function not implemented: __itt_id_destroy_ex
73234 : 0xcf2c0cd9d094 : 2 : ittapi_config_apply_per_lib :  ITTAPI function not implemented: __itt_task_begin_ex
73234 : 0xcf2c0cd9d611 : 2 : ittapi_config_apply_per_lib :  ITTAPI function not implemented: __itt_task_begin_fn_ex
73234 : 0xcf2c0cd9dbf6 : 2 : ittapi_config_apply_per_lib :  ITTAPI function not implemented: __itt_task_end_ex
73234 : 0xcf2c0cd9e15f : 2 : ittapi_config_apply_per_lib :  ITTAPI function instrumented: __itt_task_begin_overlapped
73234 : 0xcf2c0cd9e77a : 2 : ittapi_config_apply_per_lib :  ITTAPI function not implemented: __itt_task_begin_overlapped_ex
73234 : 0xcf2c0cd9eccb : 2 : ittapi_config_apply_per_lib :  ITTAPI function instrumented: __itt_task_end_overlapped
73234 : 0xcf2c0cd9f25b : 2 : ittapi_config_apply_per_lib :  ITTAPI function not implemented: __itt_task_end_overlapped_ex
73234 : 0xcf2c0cd9f845 : 2 : ittapi_config_apply_per_lib :  ITTAPI function not implemented: __itt_marker_ex
73234 : 0xcf2c0cd9fe83 : 2 : ittapi_config_apply_per_lib :  ITTAPI function not implemented: __itt_metadata_add_with_scope
73234 : 0xcf2c0cda151d : 2 : ittapi_config_apply_per_lib :  ITTAPI function not implemented: __itt_metadata_str_add_with_scope
73234 : 0xcf2c0cda1bb7 : 2 : ittapi_config_apply_per_lib :  ITTAPI function not implemented: __itt_relation_add_to_current_ex
73234 : 0xcf2c0cda21aa : 2 : ittapi_config_apply_per_lib :  ITTAPI function not implemented: __itt_relation_add_ex
73234 : 0xcf2c0cda27dd : 2 : ittapi_config_apply_per_lib :  ITTAPI function not implemented: __itt_track_group_create
73234 : 0xcf2c0cda2d2e : 2 : ittapi_config_apply_per_lib :  ITTAPI function not implemented: __itt_track_create
73234 : 0xcf2c0cda32d6 : 2 : ittapi_config_apply_per_lib :  ITTAPI function not implemented: __itt_set_track
73234 : 0xcf2c0cda3813 : 2 : ittapi_config_apply_per_lib :  ITTAPI function instrumented: __itt_api_version
73234 : 0xcf2c0cda3dcd : 2 : ittapi_config_apply_per_lib :  ITTAPI function not implemented: __itt_av_save
73234 : 0xcf2c0cda4318 : 2 : ittapi_config_apply_per_lib :  ITTAPI function instrumented: __itt_module_load
73234 : 0xcf2c0cda48ce : 2 : ittapi_config_apply_per_lib :  ITTAPI function not implemented: __itt_module_unload
73234 : 0xcf2c0cda5cf5 : 2 : ittapi_config_apply_per_lib :  ITTAPI function NOT instrumented (not matched by --itt-config option): __itt_histogram_submit

73234 : 0xcf2c1f41959e : 2 : ittapi_config_mask_get :  --itt-config mask to be applied: 55
73234 : 0xcf2c1f41c4db : 2 : ittapi_config_apply_per_lib :  ITTAPI function instrumented: __itt_domain_create
73234 : 0xcf2c1f41ceec : 2 : ittapi_config_apply_per_lib :  ITTAPI function instrumented: __itt_module_load_with_sections
73234 : 0xcf2c1f41d891 : 2 : ittapi_config_apply_per_lib :  ITTAPI function not implemented: __itt_module_unload_with_sections
73234 : 0xcf2c1f41e15b : 2 : ittapi_config_apply_per_lib :  ITTAPI function instrumented: __itt_string_handle_create
73234 : 0xcf2c1f41e8a6 : 2 : ittapi_config_apply_per_lib :  ITTAPI function instrumented: __itt_counter_create
73234 : 0xcf2c1f41ee8b : 2 : ittapi_config_apply_per_lib :  ITTAPI function instrumented: __itt_counter_create_typed
73234 : 0xcf2c1f41f3f0 : 2 : ittapi_config_apply_per_lib :  ITTAPI function instrumented: __itt_pause
73234 : 0xcf2c1f41f9b2 : 2 : ittapi_config_apply_per_lib :  ITTAPI function instrumented: __itt_resume
73234 : 0xcf2c1f42ac06 : 2 : ittapi_config_apply_per_lib :  ITTAPI function not implemented: __itt_pause_scoped
73234 : 0xcf2c1f42b42c : 2 : ittapi_config_apply_per_lib :  ITTAPI function not implemented: __itt_resume_scoped
73234 : 0xcf2c1f42bac1 : 2 : ittapi_config_apply_per_lib :  ITTAPI function instrumented: __itt_thread_set_name
73234 : 0xcf2c1f42c04f : 2 : ittapi_config_apply_per_lib :  ITTAPI function instrumented: __itt_thread_ignore
73234 : 0xcf2c1f42c589 : 2 : ittapi_config_apply_per_lib :  ITTAPI function instrumented: __itt_thr_name_set
73234 : 0xcf2c1f42cb09 : 2 : ittapi_config_apply_per_lib :  ITTAPI function instrumented: __itt_thr_ignore
73234 : 0xcf2c1f42d06c : 2 : ittapi_config_apply_per_lib :  ITTAPI function instrumented: __itt_histogram_create
73234 : 0xcf2c1f42d5c3 : 2 : ittapi_config_apply_per_lib :  ITTAPI function instrumented: __itt_counter_create_v3
73234 : 0xcf2c1f42dbb0 : 2 : ittapi_config_apply_per_lib :  ITTAPI function instrumented: __itt_bind_context_metadata_to_counter
73234 : 0xcf2c1f42e22c : 2 : ittapi_config_apply_per_lib :  ITTAPI function not implemented: __itt_enable_attach
73234 : 0xcf2c1f433c82 : 2 : ittapi_config_apply_per_lib :  ITTAPI function instrumented: __itt_detach
73234 : 0xcf2c1f4341f9 : 2 : ittapi_config_apply_per_lib :  ITTAPI function NOT instrumented (not matched by --itt-config option): __itt_sync_create

73234 : 0xcf2c1f434752 : 2 : ittapi_config_apply_per_lib :  ITTAPI function NOT instrumented (not matched by --itt-config option): __itt_sync_rename

73234 : 0xcf2c1f434b74 : 2 : ittapi_config_apply_per_lib :  ITTAPI function NOT instrumented (not matched by --itt-config option): __itt_sync_destroy

73234 : 0xcf2c1f434f7d : 2 : ittapi_config_apply_per_lib :  ITTAPI function NOT instrumented (not matched by --itt-config option): __itt_sync_prepare

73234 : 0xcf2c1f43538d : 2 : ittapi_config_apply_per_lib :  ITTAPI function NOT instrumented (not matched by --itt-config option): __itt_sync_cancel

73234 : 0xcf2c1f435709 : 2 : ittapi_config_apply_per_lib :  ITTAPI function NOT instrumented (not matched by --itt-config option): __itt_sync_acquired

73234 : 0xcf2c1f435ab3 : 2 : ittapi_config_apply_per_lib :  ITTAPI function NOT instrumented (not matched by --itt-config option): __itt_sync_releasing

73234 : 0xcf2c1f436150 : 2 : ittapi_config_apply_per_lib :  ITTAPI function not implemented: __itt_suppress_push
73234 : 0xcf2c1f436909 : 2 : ittapi_config_apply_per_lib :  ITTAPI function not implemented: __itt_suppress_pop
73234 : 0xcf2c1f43817e : 2 : ittapi_config_apply_per_lib :  ITTAPI function not implemented: __itt_suppress_mark_range
73234 : 0xcf2c1f43890b : 2 : ittapi_config_apply_per_lib :  ITTAPI function not implemented: __itt_suppress_clear_range
73234 : 0xcf2c1f438cca : 2 : ittapi_config_apply_per_lib :  ITTAPI function NOT instrumented (not matched by --itt-config option): __itt_sync_prepare

73234 : 0xcf2c1f439044 : 2 : ittapi_config_apply_per_lib :  ITTAPI function NOT instrumented (not matched by --itt-config option): __itt_sync_cancel

73234 : 0xcf2c1f4393a5 : 2 : ittapi_config_apply_per_lib :  ITTAPI function NOT instrumented (not matched by --itt-config option): __itt_sync_acquired

73234 : 0xcf2c1f4396dc : 2 : ittapi_config_apply_per_lib :  ITTAPI function NOT instrumented (not matched by --itt-config option): __itt_sync_releasing

73234 : 0xcf2c1f439ad1 : 2 : ittapi_config_apply_per_lib :  ITTAPI function NOT instrumented (not matched by --itt-config option): __itt_model_site_begin

73234 : 0xcf2c1f439ed7 : 2 : ittapi_config_apply_per_lib :  ITTAPI function NOT instrumented (not matched by --itt-config option): __itt_model_site_end

73234 : 0xcf2c1f43a2ce : 2 : ittapi_config_apply_per_lib :  ITTAPI function NOT instrumented (not matched by --itt-config option): __itt_model_task_begin

73234 : 0xcf2c1f43a702 : 2 : ittapi_config_apply_per_lib :  ITTAPI function NOT instrumented (not matched by --itt-config option): __itt_model_task_end

73234 : 0xcf2c1f43bc31 : 2 : ittapi_config_apply_per_lib :  ITTAPI function NOT instrumented (not matched by --itt-config option): __itt_model_lock_acquire

73234 : 0xcf2c1f43c180 : 2 : ittapi_config_apply_per_lib :  ITTAPI function NOT instrumented (not matched by --itt-config option): __itt_model_lock_release

73234 : 0xcf2c1f43c5f3 : 2 : ittapi_config_apply_per_lib :  ITTAPI function NOT instrumented (not matched by --itt-config option): __itt_model_record_allocation

73234 : 0xcf2c1f43c94e : 2 : ittapi_config_apply_per_lib :  ITTAPI function NOT instrumented (not matched by --itt-config option): __itt_model_record_deallocation

73234 : 0xcf2c1f43cc77 : 2 : ittapi_config_apply_per_lib :  ITTAPI function NOT instrumented (not matched by --itt-config option): __itt_model_induction_uses

73234 : 0xcf2c1f43cf73 : 2 : ittapi_config_apply_per_lib :  ITTAPI function NOT instrumented (not matched by --itt-config option): __itt_model_reduction_uses

73234 : 0xcf2c1f43d262 : 2 : ittapi_config_apply_per_lib :  ITTAPI function NOT instrumented (not matched by --itt-config option): __itt_model_observe_uses

73234 : 0xcf2c1f43d54c : 2 : ittapi_config_apply_per_lib :  ITTAPI function NOT instrumented (not matched by --itt-config option): __itt_model_clear_uses

73234 : 0xcf2c1f43d82e : 2 : ittapi_config_apply_per_lib :  ITTAPI function NOT instrumented (not matched by --itt-config option): __itt_model_site_beginA

73234 : 0xcf2c1f43db1c : 2 : ittapi_config_apply_per_lib :  ITTAPI function NOT instrumented (not matched by --itt-config option): __itt_model_site_beginAL

73234 : 0xcf2c1f43fad9 : 2 : ittapi_config_apply_per_lib :  ITTAPI function NOT instrumented (not matched by --itt-config option): __itt_model_task_beginA

73234 : 0xcf2c1f43fec2 : 2 : ittapi_config_apply_per_lib :  ITTAPI function NOT instrumented (not matched by --itt-config option): __itt_model_task_beginAL

73234 : 0xcf2c1f440228 : 2 : ittapi_config_apply_per_lib :  ITTAPI function NOT instrumented (not matched by --itt-config option): __itt_model_iteration_taskA

73234 : 0xcf2c1f44053f : 2 : ittapi_config_apply_per_lib :  ITTAPI function NOT instrumented (not matched by --itt-config option): __itt_model_iteration_taskAL

73234 : 0xcf2c1f44084d : 2 : ittapi_config_apply_per_lib :  ITTAPI function NOT instrumented (not matched by --itt-config option): __itt_model_site_end_2

73234 : 0xcf2c1f440b4c : 2 : ittapi_config_apply_per_lib :  ITTAPI function NOT instrumented (not matched by --itt-config option): __itt_model_task_end_2

73234 : 0xcf2c1f440e3a : 2 : ittapi_config_apply_per_lib :  ITTAPI function NOT instrumented (not matched by --itt-config option): __itt_model_lock_acquire_2

73234 : 0xcf2c1f441120 : 2 : ittapi_config_apply_per_lib :  ITTAPI function NOT instrumented (not matched by --itt-config option): __itt_model_lock_release_2

73234 : 0xcf2c1f44140e : 2 : ittapi_config_apply_per_lib :  ITTAPI function NOT instrumented (not matched by --itt-config option): __itt_model_aggregate_task

73234 : 0xcf2c1f4416f1 : 2 : ittapi_config_apply_per_lib :  ITTAPI function NOT instrumented (not matched by --itt-config option): __itt_model_disable_push

73234 : 0xcf2c1f442ae1 : 2 : ittapi_config_apply_per_lib :  ITTAPI function NOT instrumented (not matched by --itt-config option): __itt_model_disable_pop

73234 : 0xcf2c1f443173 : 2 : ittapi_config_apply_per_lib :  ITTAPI function instrumented: __itt_heap_function_create
73234 : 0xcf2c1f44372d : 2 : ittapi_config_apply_per_lib :  ITTAPI function instrumented: __itt_heap_allocate_begin
73234 : 0xcf2c1f443bd4 : 2 : ittapi_config_apply_per_lib :  ITTAPI function instrumented: __itt_heap_allocate_end
73234 : 0xcf2c1f4440d4 : 2 : ittapi_config_apply_per_lib :  ITTAPI function instrumented: __itt_heap_free_begin
73234 : 0xcf2c1f444545 : 2 : ittapi_config_apply_per_lib :  ITTAPI function instrumented: __itt_heap_free_end
73234 : 0xcf2c1f444a0a : 2 : ittapi_config_apply_per_lib :  ITTAPI function instrumented: __itt_heap_reallocate_begin
73234 : 0xcf2c1f444e7b : 2 : ittapi_config_apply_per_lib :  ITTAPI function instrumented: __itt_heap_reallocate_end
73234 : 0xcf2c1f445494 : 2 : ittapi_config_apply_per_lib :  ITTAPI function not implemented: __itt_heap_internal_access_begin
73234 : 0xcf2c1f445abf : 2 : ittapi_config_apply_per_lib :  ITTAPI function not implemented: __itt_heap_internal_access_end
73234 : 0xcf2c1f447219 : 2 : ittapi_config_apply_per_lib :  ITTAPI function not implemented: __itt_heap_record_memory_growth_begin
73234 : 0xcf2c1f447875 : 2 : ittapi_config_apply_per_lib :  ITTAPI function not implemented: __itt_heap_record_memory_growth_end
73234 : 0xcf2c1f447e82 : 2 : ittapi_config_apply_per_lib :  ITTAPI function not implemented: __itt_heap_reset_detection
73234 : 0xcf2c1f4484f8 : 2 : ittapi_config_apply_per_lib :  ITTAPI function not implemented: __itt_heap_record
73234 : 0xcf2c1f448b7a : 2 : ittapi_config_apply_per_lib :  ITTAPI function not implemented: __itt_id_create
73234 : 0xcf2c1f4491a8 : 2 : ittapi_config_apply_per_lib :  ITTAPI function not implemented: __itt_id_destroy
73234 : 0xcf2c1f449766 : 2 : ittapi_config_apply_per_lib :  ITTAPI function instrumented: __itt_get_timestamp
73234 : 0xcf2c1f449cbb : 2 : ittapi_config_apply_per_lib :  ITTAPI function not implemented: __itt_region_begin
73234 : 0xcf2c1f44a2e2 : 2 : ittapi_config_apply_per_lib :  ITTAPI function not implemented: __itt_region_end
73234 : 0xcf2c1f44a89c : 2 : ittapi_config_apply_per_lib :  ITTAPI function instrumented: __itt_frame_begin_v3
73234 : 0xcf2c1f44cac4 : 2 : ittapi_config_apply_per_lib :  ITTAPI function instrumented: __itt_frame_end_v3
73234 : 0xcf2c1f44d04c : 2 : ittapi_config_apply_per_lib :  ITTAPI function instrumented: __itt_frame_submit_v3
73234 : 0xcf2c1f44d6ed : 2 : ittapi_config_apply_per_lib :  ITTAPI function not implemented: __itt_task_group
73234 : 0xcf2c1f44dc80 : 2 : ittapi_config_apply_per_lib :  ITTAPI function instrumented: __itt_task_begin
73234 : 0xcf2c1f44e267 : 2 : ittapi_config_apply_per_lib :  ITTAPI function instrumented: __itt_task_begin_fn
73234 : 0xcf2c1f44e7da : 2 : ittapi_config_apply_per_lib :  ITTAPI function instrumented: __itt_task_end
73234 : 0xcf2c1f44edeb : 2 : ittapi_config_apply_per_lib :  ITTAPI function not implemented: __itt_counter_inc_v3
73234 : 0xcf2c1f44f44b : 2 : ittapi_config_apply_per_lib :  ITTAPI function not implemented: __itt_counter_inc_delta_v3
73234 : 0xcf2c1f44fa5e : 2 : ittapi_config_apply_per_lib :  ITTAPI function not implemented: __itt_counter_dec_v3
73234 : 0xcf2c1f44ffcc : 2 : ittapi_config_apply_per_lib :  ITTAPI function not implemented: __itt_counter_dec_delta_v3
73234 : 0xcf2c1f451802 : 2 : ittapi_config_apply_per_lib :  ITTAPI function not implemented: __itt_marker
73234 : 0xcf2c1f451eac : 2 : ittapi_config_apply_per_lib :  ITTAPI function instrumented: __itt_metadata_add
73234 : 0xcf2c1f45256f : 2 : ittapi_config_apply_per_lib :  ITTAPI function not implemented: __itt_metadata_str_add
73234 : 0xcf2c1f452b9b : 2 : ittapi_config_apply_per_lib :  ITTAPI function not implemented: __itt_relation_add_to_current
73234 : 0xcf2c1f45320f : 2 : ittapi_config_apply_per_lib :  ITTAPI function not implemented: __itt_relation_add
73234 : 0xcf2c1f4536eb : 2 : ittapi_config_apply_per_lib :  ITTAPI function instrumented: __itt_event_create
73234 : 0xcf2c1f453c3c : 2 : ittapi_config_apply_per_lib :  ITTAPI function instrumented: __itt_event_start
73234 : 0xcf2c1f4541ad : 2 : ittapi_config_apply_per_lib :  ITTAPI function instrumented: __itt_event_end
73234 : 0xcf2c1f454582 : 2 : ittapi_config_apply_per_lib :  ITTAPI function NOT instrumented (not matched by --itt-config option): __itt_sync_set_name

73234 : 0xcf2c1f4549b8 : 2 : ittapi_config_apply_per_lib :  ITTAPI function NOT instrumented (not matched by --itt-config option): __itt_notify_sync_name

73234 : 0xcf2c1f455ee5 : 2 : ittapi_config_apply_per_lib :  ITTAPI function NOT instrumented (not matched by --itt-config option): __itt_notify_sync_prepare

73234 : 0xcf2c1f456347 : 2 : ittapi_config_apply_per_lib :  ITTAPI function NOT instrumented (not matched by --itt-config option): __itt_notify_sync_cancel

73234 : 0xcf2c1f456745 : 2 : ittapi_config_apply_per_lib :  ITTAPI function NOT instrumented (not matched by --itt-config option): __itt_notify_sync_acquired

73234 : 0xcf2c1f456ab4 : 2 : ittapi_config_apply_per_lib :  ITTAPI function NOT instrumented (not matched by --itt-config option): __itt_notify_sync_releasing

73234 : 0xcf2c1f4570dc : 2 : ittapi_config_apply_per_lib :  ITTAPI function not implemented: __itt_memory_read
73234 : 0xcf2c1f457791 : 2 : ittapi_config_apply_per_lib :  ITTAPI function not implemented: __itt_memory_write
73234 : 0xcf2c1f457e41 : 2 : ittapi_config_apply_per_lib :  ITTAPI function not implemented: __itt_memory_update
73234 : 0xcf2c1f458465 : 2 : ittapi_config_apply_per_lib :  ITTAPI function not implemented: __itt_state_get
73234 : 0xcf2c1f4589e6 : 2 : ittapi_config_apply_per_lib :  ITTAPI function not implemented: __itt_state_set
73234 : 0xcf2c1f458fbf : 2 : ittapi_config_apply_per_lib :  ITTAPI function not implemented: __itt_obj_mode_set
73234 : 0xcf2c1f45b0e6 : 2 : ittapi_config_apply_per_lib :  ITTAPI function not implemented: __itt_thr_mode_set
73234 : 0xcf2c1f45b667 : 2 : ittapi_config_apply_per_lib :  ITTAPI function instrumented: __itt_frame_create
73234 : 0xcf2c1f45bbc6 : 2 : ittapi_config_apply_per_lib :  ITTAPI function instrumented: __itt_pt_region_create
73234 : 0xcf2c1f45c197 : 2 : ittapi_config_apply_per_lib :  ITTAPI function instrumented: __itt_frame_begin
73234 : 0xcf2c1f45c72e : 2 : ittapi_config_apply_per_lib :  ITTAPI function instrumented: __itt_frame_end
73234 : 0xcf2c1f45cd44 : 2 : ittapi_config_apply_per_lib :  ITTAPI function not implemented: __itt_counter_destroy
73234 : 0xcf2c1f45d2c5 : 2 : ittapi_config_apply_per_lib :  ITTAPI function instrumented: __itt_counter_inc
73234 : 0xcf2c1f45d802 : 2 : ittapi_config_apply_per_lib :  ITTAPI function instrumented: __itt_counter_inc_delta
73234 : 0xcf2c1f45dc7a : 2 : ittapi_config_apply_per_lib :  ITTAPI function instrumented: __itt_counter_dec
73234 : 0xcf2c1f45e199 : 2 : ittapi_config_apply_per_lib :  ITTAPI function instrumented: __itt_counter_dec_delta
73234 : 0xcf2c1f45f736 : 2 : ittapi_config_apply_per_lib :  ITTAPI function instrumented: __itt_counter_set_value
73234 : 0xcf2c1f45fdb4 : 2 : ittapi_config_apply_per_lib :  ITTAPI function not implemented: __itt_counter_set_value_ex
73234 : 0xcf2c1f4603f1 : 2 : ittapi_config_apply_per_lib :  ITTAPI function not implemented: __itt_mark_create
73234 : 0xcf2c1f460a9c : 2 : ittapi_config_apply_per_lib :  ITTAPI function not implemented: __itt_mark
73234 : 0xcf2c1f4610f4 : 2 : ittapi_config_apply_per_lib :  ITTAPI function not implemented: __itt_mark_off
73234 : 0xcf2c1f46170b : 2 : ittapi_config_apply_per_lib :  ITTAPI function not implemented: __itt_mark_global
73234 : 0xcf2c1f461d32 : 2 : ittapi_config_apply_per_lib :  ITTAPI function not implemented: __itt_mark_global_off
73234 : 0xcf2c1f462384 : 2 : ittapi_config_apply_per_lib :  ITTAPI function instrumented: __itt_stack_caller_create
73234 : 0xcf2c1f4628b7 : 2 : ittapi_config_apply_per_lib :  ITTAPI function instrumented: __itt_stack_caller_destroy
73234 : 0xcf2c1f462e02 : 2 : ittapi_config_apply_per_lib :  ITTAPI function instrumented: __itt_stack_callee_enter
73234 : 0xcf2c1f464434 : 2 : ittapi_config_apply_per_lib :  ITTAPI function instrumented: __itt_stack_callee_leave
73234 : 0xcf2c1f464a74 : 2 : ittapi_config_apply_per_lib :  ITTAPI function not implemented: __itt_clock_domain_create
73234 : 0xcf2c1f4650e4 : 2 : ittapi_config_apply_per_lib :  ITTAPI function not implemented: __itt_clock_domain_reset
73234 : 0xcf2c1f46571d : 2 : ittapi_config_apply_per_lib :  ITTAPI function not implemented: __itt_id_create_ex
73234 : 0xcf2c1f465d96 : 2 : ittapi_config_apply_per_lib :  ITTAPI function not implemented: __itt_id_destroy_ex
73234 : 0xcf2c1f466358 : 2 : ittapi_config_apply_per_lib :  ITTAPI function not implemented: __itt_task_begin_ex
73234 : 0xcf2c1f4668c7 : 2 : ittapi_config_apply_per_lib :  ITTAPI function not implemented: __itt_task_begin_fn_ex
73234 : 0xcf2c1f466e79 : 2 : ittapi_config_apply_per_lib :  ITTAPI function not implemented: __itt_task_end_ex
73234 : 0xcf2c1f4673b4 : 2 : ittapi_config_apply_per_lib :  ITTAPI function instrumented: __itt_task_begin_overlapped
73234 : 0xcf2c1f46793d : 2 : ittapi_config_apply_per_lib :  ITTAPI function not implemented: __itt_task_begin_overlapped_ex
73234 : 0xcf2c1f468fcd : 2 : ittapi_config_apply_per_lib :  ITTAPI function instrumented: __itt_task_end_overlapped
73234 : 0xcf2c1f4695ad : 2 : ittapi_config_apply_per_lib :  ITTAPI function not implemented: __itt_task_end_overlapped_ex
73234 : 0xcf2c1f469b74 : 2 : ittapi_config_apply_per_lib :  ITTAPI function not implemented: __itt_marker_ex
73234 : 0xcf2c1f46a20a : 2 : ittapi_config_apply_per_lib :  ITTAPI function not implemented: __itt_metadata_add_with_scope
73234 : 0xcf2c1f46a840 : 2 : ittapi_config_apply_per_lib :  ITTAPI function not implemented: __itt_metadata_str_add_with_scope
73234 : 0xcf2c1f46ae2c : 2 : ittapi_config_apply_per_lib :  ITTAPI function not implemented: __itt_relation_add_to_current_ex
73234 : 0xcf2c1f46b3b0 : 2 : ittapi_config_apply_per_lib :  ITTAPI function not implemented: __itt_relation_add_ex
73234 : 0xcf2c1f46b9a7 : 2 : ittapi_config_apply_per_lib :  ITTAPI function not implemented: __itt_track_group_create
73234 : 0xcf2c1f46bed9 : 2 : ittapi_config_apply_per_lib :  ITTAPI function not implemented: __itt_track_create
73234 : 0xcf2c1f46c43a : 2 : ittapi_config_apply_per_lib :  ITTAPI function not implemented: __itt_set_track
73234 : 0xcf2c1f46e432 : 2 : ittapi_config_apply_per_lib :  ITTAPI function instrumented: __itt_api_version
73234 : 0xcf2c1f46ea6e : 2 : ittapi_config_apply_per_lib :  ITTAPI function not implemented: __itt_av_save
73234 : 0xcf2c1f46efbd : 2 : ittapi_config_apply_per_lib :  ITTAPI function instrumented: __itt_module_load
73234 : 0xcf2c1f46f585 : 2 : ittapi_config_apply_per_lib :  ITTAPI function not implemented: __itt_module_unload
73234 : 0xcf2c1f46f956 : 2 : ittapi_config_apply_per_lib :  ITTAPI function NOT instrumented (not matched by --itt-config option): __itt_histogram_submit

73234 : 0xcf2c1f46fe31 : 2 : ittapi_config_apply_per_lib :  ITTAPI function instrumented: __itt_counter_set_value_v3