0 [4130764544] INFO perfrun.launcher <> - Launcher main begin
0 [4130764544] INFO perfrun.launcher <> - MessageCatalogInit finished
0 [4130764544] INFO perfrun.launcher <> - Launcher instance created
0 [4130764544] INFO perfrun.launcher <> - argc = 6; cmdline = /opt/intel/oneapi/vtune/2024.1/bin32/amplxe-runss -dump-vdso -r /home/jagtym/Programming/ProgRowProj1/vtune/th_k5 --tmp-dir /tmp/amplxe-tmp-jagtym 
8 [4130764544] INFO perfrun.launcher <> - create msngr2::ICliToolContext
8 [4130764544] INFO perfrun.launcher <> - create file finder object
12 [4130233024] INFO perfrun.launcher <> - plugin [remoteplug] was disabled because it doesn't support the given collection type.
12 [4130233024] INFO perfrun.launcher <> - plugin [] was disabled because it doesn't support the given collection type.
12 [4130233024] INFO perfrun.vdso <> - dumping [vdso] pseudomodule
13 [4130233024] INFO perfrun.launcher <> - plugin [] was disabled because it doesn't support the given collection type.
13 [4130233024] INFO perfrun.launcher <> - plugin [] was disabled because it doesn't support the given collection type.
13 [4130233024] INFO perfrun.launcher <> - plugin [] was disabled because it doesn't support the given collection type.
13 [4130233024] INFO perfrun.launcher <> - plugin [] was disabled because it doesn't support the given collection type.
13 [4130233024] INFO perfrun.launcher <> - plugin [] was disabled because it doesn't support the given collection type.
13 [4130233024] INFO perfrun.launcher <> - plugin [] was disabled because it doesn't support the given collection type.
13 [4130233024] INFO perfrun.launcher <> - plugin [] was disabled because it doesn't support the given collection type.
13 [4130233024] INFO perfrun.launcher <> - plugin [] was disabled because it doesn't support the given collection type.
13 [4130233024] INFO perfrun.launcher <> - plugin [] was disabled because it doesn't support the given collection type.
13 [4130233024] INFO perfrun.launcher <> - plugin [] was disabled because it doesn't support the given collection type.
13 [4130233024] INFO perfrun.launcher <> - plugin [] was disabled because it doesn't support the given collection type.
13 [4130233024] INFO perfrun.launcher <> - plugin [] was disabled because it doesn't support the given collection type.
13 [4130233024] INFO perfrun.launcher <> - plugin [] was disabled because it doesn't support the given collection type.
13 [4130233024] INFO perfrun.launcher <> - plugin [] was disabled because it doesn't support the given collection type.
13 [4130233024] INFO perfrun.launcher <> - plugin [] was disabled because it doesn't support the given collection type.
13 [4130233024] INFO perfrun.launcher <> - plugin [] was disabled because it doesn't support the given collection type.
13 [4130233024] INFO perfrun.launcher <> - plugin [] was disabled because it doesn't support the given collection type.
13 [4130233024] INFO perfrun.launcher <> - plugin [] was disabled because it doesn't support the given collection type.
13 [4130233024] INFO perfrun.launcher <> - plugin [] was disabled because it doesn't support the given collection type.
13 [4130233024] INFO perfrun.launcher <> - plugin [] was disabled because it doesn't support the given collection type.
13 [4130233024] INFO perfrun.launcher <> - plugin [] was disabled because it doesn't support the given collection type.
13 [4130233024] INFO perfrun.launcher <> - plugin [] was disabled because it doesn't support the given collection type.
13 [4130233024] INFO perfrun.launcher <> - plugin [] was disabled because it doesn't support the given collection type.
13 [4130233024] INFO perfrun.launcher <> - plugin [] was disabled because it doesn't support the given collection type.
13 [4130764544] INFO perfrun.launcher <> - Application exit code: 0
13 [4130764544] INFO perfrun.launcher <> - Exit code: 0
