0 [4031244032] INFO perfrun.launcher <> - Launcher main begin
0 [4031244032] INFO perfrun.launcher <> - MessageCatalogInit finished
0 [4031244032] INFO perfrun.launcher <> - Launcher instance created
0 [4031244032] INFO perfrun.launcher <> - argc = 6; cmdline = /opt/intel/oneapi/vtune/2024.1/bin32/amplxe-runss -dump-vdso -r /home/jagtym/Programming/ProgRowProj1/vtune/th_k5 --tmp-dir /tmp/amplxe-tmp-jagtym 
10 [4031244032] INFO perfrun.launcher <> - create msngr2::ICliToolContext
10 [4031244032] INFO perfrun.launcher <> - create file finder object
14 [4030712512] INFO perfrun.launcher <> - plugin [remoteplug] was disabled because it doesn't support the given collection type.
14 [4030712512] INFO perfrun.launcher <> - plugin [] was disabled because it doesn't support the given collection type.
14 [4030712512] INFO perfrun.vdso <> - dumping [vdso] pseudomodule
14 [4030712512] INFO perfrun.launcher <> - plugin [] was disabled because it doesn't support the given collection type.
14 [4030712512] INFO perfrun.launcher <> - plugin [] was disabled because it doesn't support the given collection type.
14 [4030712512] INFO perfrun.launcher <> - plugin [] was disabled because it doesn't support the given collection type.
14 [4030712512] INFO perfrun.launcher <> - plugin [] was disabled because it doesn't support the given collection type.
14 [4030712512] INFO perfrun.launcher <> - plugin [] was disabled because it doesn't support the given collection type.
14 [4030712512] INFO perfrun.launcher <> - plugin [] was disabled because it doesn't support the given collection type.
14 [4030712512] INFO perfrun.launcher <> - plugin [] was disabled because it doesn't support the given collection type.
14 [4030712512] INFO perfrun.launcher <> - plugin [] was disabled because it doesn't support the given collection type.
14 [4030712512] INFO perfrun.launcher <> - plugin [] was disabled because it doesn't support the given collection type.
14 [4030712512] INFO perfrun.launcher <> - plugin [] was disabled because it doesn't support the given collection type.
14 [4030712512] INFO perfrun.launcher <> - plugin [] was disabled because it doesn't support the given collection type.
14 [4030712512] INFO perfrun.launcher <> - plugin [] was disabled because it doesn't support the given collection type.
14 [4030712512] INFO perfrun.launcher <> - plugin [] was disabled because it doesn't support the given collection type.
14 [4030712512] INFO perfrun.launcher <> - plugin [] was disabled because it doesn't support the given collection type.
14 [4030712512] INFO perfrun.launcher <> - plugin [] was disabled because it doesn't support the given collection type.
14 [4030712512] INFO perfrun.launcher <> - plugin [] was disabled because it doesn't support the given collection type.
14 [4030712512] INFO perfrun.launcher <> - plugin [] was disabled because it doesn't support the given collection type.
14 [4030712512] INFO perfrun.launcher <> - plugin [] was disabled because it doesn't support the given collection type.
14 [4030712512] INFO perfrun.launcher <> - plugin [] was disabled because it doesn't support the given collection type.
14 [4030712512] INFO perfrun.launcher <> - plugin [] was disabled because it doesn't support the given collection type.
14 [4030712512] INFO perfrun.launcher <> - plugin [] was disabled because it doesn't support the given collection type.
14 [4030712512] INFO perfrun.launcher <> - plugin [] was disabled because it doesn't support the given collection type.
14 [4030712512] INFO perfrun.launcher <> - plugin [] was disabled because it doesn't support the given collection type.
14 [4030712512] INFO perfrun.launcher <> - plugin [] was disabled because it doesn't support the given collection type.
14 [4031244032] INFO perfrun.launcher <> - Application exit code: 0
14 [4031244032] INFO perfrun.launcher <> - Exit code: 0
