
73789 : 0xcf3743f0add0 : 1 : spill_jit_data :  Jit agent is not initialized
73771 : 0xcf3743f120a7 : 2 : ittapi_config_mask_get :  --itt-config mask to be applied: 55
73771 : 0xcf3743f1604c : 2 : ittapi_config_apply_per_lib :  ITTAPI function instrumented: __itt_domain_create
73771 : 0xcf3743f17295 : 2 : ittapi_config_apply_per_lib :  ITTAPI function instrumented: __itt_module_load_with_sections
73771 : 0xcf3743f18ae3 : 2 : ittapi_config_apply_per_lib :  ITTAPI function not implemented: __itt_module_unload_with_sections
73771 : 0xcf3743f1968e : 2 : ittapi_config_apply_per_lib :  ITTAPI function instrumented: __itt_string_handle_create
73771 : 0xcf3743f19ec1 : 2 : ittapi_config_apply_per_lib :  ITTAPI function instrumented: __itt_counter_create
73771 : 0xcf3743f1a6b4 : 2 : ittapi_config_apply_per_lib :  ITTAPI function instrumented: __itt_counter_create_typed
73771 : 0xcf3743f1af36 : 2 : ittapi_config_apply_per_lib :  ITTAPI function instrumented: __itt_pause
73771 : 0xcf3743f1b7a1 : 2 : ittapi_config_apply_per_lib :  ITTAPI function instrumented: __itt_resume
73771 : 0xcf3743f29dac : 2 : ittapi_config_apply_per_lib :  ITTAPI function instrumented: __itt_thread_set_name
73771 : 0xcf3743f2acbb : 2 : ittapi_config_apply_per_lib :  ITTAPI function instrumented: __itt_thread_ignore
73771 : 0xcf3743f2b4c3 : 2 : ittapi_config_apply_per_lib :  ITTAPI function instrumented: __itt_thr_name_set
73771 : 0xcf3743f2bd0b : 2 : ittapi_config_apply_per_lib :  ITTAPI function instrumented: __itt_thr_ignore
73771 : 0xcf3743f2c50f : 2 : ittapi_config_apply_per_lib :  ITTAPI function instrumented: __itt_histogram_create
73771 : 0xcf3743f2d376 : 2 : ittapi_config_apply_per_lib :  ITTAPI function not implemented: __itt_enable_attach
73771 : 0xcf3743f2dc00 : 2 : ittapi_config_apply_per_lib :  ITTAPI function instrumented: __itt_detach
73771 : 0xcf3743f2e336 : 2 : ittapi_config_apply_per_lib :  ITTAPI function NOT instrumented (not matched by --itt-config option): __itt_sync_create

73771 : 0xcf3743f2eaab : 2 : ittapi_config_apply_per_lib :  ITTAPI function NOT instrumented (not matched by --itt-config option): __itt_sync_rename

73771 : 0xcf3743f2f101 : 2 : ittapi_config_apply_per_lib :  ITTAPI function NOT instrumented (not matched by --itt-config option): __itt_sync_destroy

73771 : 0xcf3743f32f1a : 2 : ittapi_config_apply_per_lib :  ITTAPI function NOT instrumented (not matched by --itt-config option): __itt_sync_prepare

73771 : 0xcf3743f338f7 : 2 : ittapi_config_apply_per_lib :  ITTAPI function NOT instrumented (not matched by --itt-config option): __itt_sync_cancel

73771 : 0xcf3743f33e93 : 2 : ittapi_config_apply_per_lib :  ITTAPI function NOT instrumented (not matched by --itt-config option): __itt_sync_acquired

73771 : 0xcf3743f34455 : 2 : ittapi_config_apply_per_lib :  ITTAPI function NOT instrumented (not matched by --itt-config option): __itt_sync_releasing

73771 : 0xcf3743f353d7 : 2 : ittapi_config_apply_per_lib :  ITTAPI function not implemented: __itt_suppress_push
73771 : 0xcf3743f360a7 : 2 : ittapi_config_apply_per_lib :  ITTAPI function not implemented: __itt_suppress_pop
73771 : 0xcf3743f36b18 : 2 : ittapi_config_apply_per_lib :  ITTAPI function not implemented: __itt_suppress_mark_range
73771 : 0xcf3743f3755f : 2 : ittapi_config_apply_per_lib :  ITTAPI function not implemented: __itt_suppress_clear_range
73771 : 0xcf3743f37b05 : 2 : ittapi_config_apply_per_lib :  ITTAPI function NOT instrumented (not matched by --itt-config option): __itt_sync_prepare

73771 : 0xcf3743f380b7 : 2 : ittapi_config_apply_per_lib :  ITTAPI function NOT instrumented (not matched by --itt-config option): __itt_sync_cancel

73771 : 0xcf3743f3afbb : 2 : ittapi_config_apply_per_lib :  ITTAPI function NOT instrumented (not matched by --itt-config option): __itt_sync_acquired

73771 : 0xcf3743f3b86e : 2 : ittapi_config_apply_per_lib :  ITTAPI function NOT instrumented (not matched by --itt-config option): __itt_sync_releasing

73771 : 0xcf3743f3bf1d : 2 : ittapi_config_apply_per_lib :  ITTAPI function NOT instrumented (not matched by --itt-config option): __itt_model_site_begin

73771 : 0xcf3743f3c581 : 2 : ittapi_config_apply_per_lib :  ITTAPI function NOT instrumented (not matched by --itt-config option): __itt_model_site_end

73771 : 0xcf3743f3cbca : 2 : ittapi_config_apply_per_lib :  ITTAPI function NOT instrumented (not matched by --itt-config option): __itt_model_task_begin

73771 : 0xcf3743f3d354 : 2 : ittapi_config_apply_per_lib :  ITTAPI function NOT instrumented (not matched by --itt-config option): __itt_model_task_end

73771 : 0xcf3743f3d9c8 : 2 : ittapi_config_apply_per_lib :  ITTAPI function NOT instrumented (not matched by --itt-config option): __itt_model_lock_acquire

73771 : 0xcf3743f3e091 : 2 : ittapi_config_apply_per_lib :  ITTAPI function NOT instrumented (not matched by --itt-config option): __itt_model_lock_release

73771 : 0xcf3743f3e6eb : 2 : ittapi_config_apply_per_lib :  ITTAPI function NOT instrumented (not matched by --itt-config option): __itt_model_record_allocation

73771 : 0xcf3743f3ec6e : 2 : ittapi_config_apply_per_lib :  ITTAPI function NOT instrumented (not matched by --itt-config option): __itt_model_record_deallocation

73771 : 0xcf3743f443ff : 2 : ittapi_config_apply_per_lib :  ITTAPI function NOT instrumented (not matched by --itt-config option): __itt_model_induction_uses

73771 : 0xcf3743f44b90 : 2 : ittapi_config_apply_per_lib :  ITTAPI function NOT instrumented (not matched by --itt-config option): __itt_model_reduction_uses

73771 : 0xcf3743f450dd : 2 : ittapi_config_apply_per_lib :  ITTAPI function NOT instrumented (not matched by --itt-config option): __itt_model_observe_uses

73771 : 0xcf3743f455f9 : 2 : ittapi_config_apply_per_lib :  ITTAPI function NOT instrumented (not matched by --itt-config option): __itt_model_clear_uses

73771 : 0xcf3743f45c3f : 2 : ittapi_config_apply_per_lib :  ITTAPI function NOT instrumented (not matched by --itt-config option): __itt_model_site_beginA

73771 : 0xcf3743f46159 : 2 : ittapi_config_apply_per_lib :  ITTAPI function NOT instrumented (not matched by --itt-config option): __itt_model_site_beginAL

73771 : 0xcf3743f46673 : 2 : ittapi_config_apply_per_lib :  ITTAPI function NOT instrumented (not matched by --itt-config option): __itt_model_task_beginA

73771 : 0xcf3743f46b88 : 2 : ittapi_config_apply_per_lib :  ITTAPI function NOT instrumented (not matched by --itt-config option): __itt_model_task_beginAL

73771 : 0xcf3743f470a8 : 2 : ittapi_config_apply_per_lib :  ITTAPI function NOT instrumented (not matched by --itt-config option): __itt_model_iteration_taskA

73771 : 0xcf3743f475c1 : 2 : ittapi_config_apply_per_lib :  ITTAPI function NOT instrumented (not matched by --itt-config option): __itt_model_iteration_taskAL

73771 : 0xcf3743f4a100 : 2 : ittapi_config_apply_per_lib :  ITTAPI function NOT instrumented (not matched by --itt-config option): __itt_model_site_end_2

73771 : 0xcf3743f4a72e : 2 : ittapi_config_apply_per_lib :  ITTAPI function NOT instrumented (not matched by --itt-config option): __itt_model_task_end_2

73771 : 0xcf3743f4ac60 : 2 : ittapi_config_apply_per_lib :  ITTAPI function NOT instrumented (not matched by --itt-config option): __itt_model_lock_acquire_2

73771 : 0xcf3743f4b172 : 2 : ittapi_config_apply_per_lib :  ITTAPI function NOT instrumented (not matched by --itt-config option): __itt_model_lock_release_2

73771 : 0xcf3743f4b68b : 2 : ittapi_config_apply_per_lib :  ITTAPI function NOT instrumented (not matched by --itt-config option): __itt_model_aggregate_task

73771 : 0xcf3743f4bba1 : 2 : ittapi_config_apply_per_lib :  ITTAPI function NOT instrumented (not matched by --itt-config option): __itt_model_disable_push

73771 : 0xcf3743f4c0c2 : 2 : ittapi_config_apply_per_lib :  ITTAPI function NOT instrumented (not matched by --itt-config option): __itt_model_disable_pop

73771 : 0xcf3743f4cc2e : 2 : ittapi_config_apply_per_lib :  ITTAPI function instrumented: __itt_heap_function_create
73771 : 0xcf3743f4d499 : 2 : ittapi_config_apply_per_lib :  ITTAPI function instrumented: __itt_heap_allocate_begin
73771 : 0xcf3743f4db7f : 2 : ittapi_config_apply_per_lib :  ITTAPI function instrumented: __itt_heap_allocate_end
73771 : 0xcf3743f52439 : 2 : ittapi_config_apply_per_lib :  ITTAPI function instrumented: __itt_heap_free_begin
73771 : 0xcf3743f52f73 : 2 : ittapi_config_apply_per_lib :  ITTAPI function instrumented: __itt_heap_free_end
73771 : 0xcf3743f5374b : 2 : ittapi_config_apply_per_lib :  ITTAPI function instrumented: __itt_heap_reallocate_begin
73771 : 0xcf3743f53dcd : 2 : ittapi_config_apply_per_lib :  ITTAPI function instrumented: __itt_heap_reallocate_end
73771 : 0xcf3743f5488c : 2 : ittapi_config_apply_per_lib :  ITTAPI function not implemented: __itt_heap_internal_access_begin
73771 : 0xcf3743f55273 : 2 : ittapi_config_apply_per_lib :  ITTAPI function not implemented: __itt_heap_internal_access_end
73771 : 0xcf3743f55ba3 : 2 : ittapi_config_apply_per_lib :  ITTAPI function not implemented: __itt_heap_record_memory_growth_begin
73771 : 0xcf3743f5645e : 2 : ittapi_config_apply_per_lib :  ITTAPI function not implemented: __itt_heap_record_memory_growth_end
73771 : 0xcf3743f56cbd : 2 : ittapi_config_apply_per_lib :  ITTAPI function not implemented: __itt_heap_reset_detection
73771 : 0xcf3743f5768b : 2 : ittapi_config_apply_per_lib :  ITTAPI function not implemented: __itt_heap_record
73771 : 0xcf3743f5ab0f : 2 : ittapi_config_apply_per_lib :  ITTAPI function not implemented: __itt_id_create
73771 : 0xcf3743f5b7b6 : 2 : ittapi_config_apply_per_lib :  ITTAPI function not implemented: __itt_id_destroy
73771 : 0xcf3743f5bff5 : 2 : ittapi_config_apply_per_lib :  ITTAPI function instrumented: __itt_get_timestamp
73771 : 0xcf3743f5c83b : 2 : ittapi_config_apply_per_lib :  ITTAPI function not implemented: __itt_region_begin
73771 : 0xcf3743f5d0ed : 2 : ittapi_config_apply_per_lib :  ITTAPI function not implemented: __itt_region_end
73771 : 0xcf3743f5d899 : 2 : ittapi_config_apply_per_lib :  ITTAPI function instrumented: __itt_frame_begin_v3
73771 : 0xcf3743f5e052 : 2 : ittapi_config_apply_per_lib :  ITTAPI function instrumented: __itt_frame_end_v3
73771 : 0xcf3743f5e7ad : 2 : ittapi_config_apply_per_lib :  ITTAPI function instrumented: __itt_frame_submit_v3
73771 : 0xcf3743f5f0a4 : 2 : ittapi_config_apply_per_lib :  ITTAPI function not implemented: __itt_task_group
73771 : 0xcf3743f5f8c3 : 2 : ittapi_config_apply_per_lib :  ITTAPI function instrumented: __itt_task_begin
73771 : 0xcf3743f62783 : 2 : ittapi_config_apply_per_lib :  ITTAPI function instrumented: __itt_task_begin_fn
73771 : 0xcf3743f632df : 2 : ittapi_config_apply_per_lib :  ITTAPI function instrumented: __itt_task_end
73771 : 0xcf3743f63c4f : 2 : ittapi_config_apply_per_lib :  ITTAPI function not implemented: __itt_counter_inc_v3
73771 : 0xcf3743f6450a : 2 : ittapi_config_apply_per_lib :  ITTAPI function not implemented: __itt_counter_inc_delta_v3
73771 : 0xcf3743f64dd1 : 2 : ittapi_config_apply_per_lib :  ITTAPI function not implemented: __itt_counter_dec_v3
73771 : 0xcf3743f655b3 : 2 : ittapi_config_apply_per_lib :  ITTAPI function not implemented: __itt_counter_dec_delta_v3
73771 : 0xcf3743f65fdb : 2 : ittapi_config_apply_per_lib :  ITTAPI function not implemented: __itt_marker
73771 : 0xcf3743f66873 : 2 : ittapi_config_apply_per_lib :  ITTAPI function instrumented: __itt_metadata_add
73771 : 0xcf3743f67181 : 2 : ittapi_config_apply_per_lib :  ITTAPI function not implemented: __itt_metadata_str_add
73771 : 0xcf3743f679e5 : 2 : ittapi_config_apply_per_lib :  ITTAPI function not implemented: __itt_relation_add_to_current
73771 : 0xcf3743f6abaf : 2 : ittapi_config_apply_per_lib :  ITTAPI function not implemented: __itt_relation_add
73771 : 0xcf3743f6b755 : 2 : ittapi_config_apply_per_lib :  ITTAPI function instrumented: __itt_event_create
73771 : 0xcf3743f6bf72 : 2 : ittapi_config_apply_per_lib :  ITTAPI function instrumented: __itt_event_start
73771 : 0xcf3743f6c70c : 2 : ittapi_config_apply_per_lib :  ITTAPI function instrumented: __itt_event_end
73771 : 0xcf3743f6cd17 : 2 : ittapi_config_apply_per_lib :  ITTAPI function NOT instrumented (not matched by --itt-config option): __itt_sync_set_name

73771 : 0xcf3743f6d37f : 2 : ittapi_config_apply_per_lib :  ITTAPI function NOT instrumented (not matched by --itt-config option): __itt_notify_sync_name

73771 : 0xcf3743f6d9c8 : 2 : ittapi_config_apply_per_lib :  ITTAPI function NOT instrumented (not matched by --itt-config option): __itt_notify_sync_prepare

73771 : 0xcf3743f6dfa3 : 2 : ittapi_config_apply_per_lib :  ITTAPI function NOT instrumented (not matched by --itt-config option): __itt_notify_sync_cancel

73771 : 0xcf3743f6e5c2 : 2 : ittapi_config_apply_per_lib :  ITTAPI function NOT instrumented (not matched by --itt-config option): __itt_notify_sync_acquired

73771 : 0xcf3743f6eba3 : 2 : ittapi_config_apply_per_lib :  ITTAPI function NOT instrumented (not matched by --itt-config option): __itt_notify_sync_releasing

73771 : 0xcf3743f7362e : 2 : ittapi_config_apply_per_lib :  ITTAPI function not implemented: __itt_memory_read
73771 : 0xcf3743f74306 : 2 : ittapi_config_apply_per_lib :  ITTAPI function not implemented: __itt_memory_write
73771 : 0xcf3743f74c3e : 2 : ittapi_config_apply_per_lib :  ITTAPI function not implemented: __itt_memory_update
73771 : 0xcf3743f755bb : 2 : ittapi_config_apply_per_lib :  ITTAPI function not implemented: __itt_state_get
73771 : 0xcf3743f75e0e : 2 : ittapi_config_apply_per_lib :  ITTAPI function not implemented: __itt_state_set
73771 : 0xcf3743f7664e : 2 : ittapi_config_apply_per_lib :  ITTAPI function not implemented: __itt_obj_mode_set
73771 : 0xcf3743f76ef8 : 2 : ittapi_config_apply_per_lib :  ITTAPI function not implemented: __itt_thr_mode_set
73771 : 0xcf3743f776d0 : 2 : ittapi_config_apply_per_lib :  ITTAPI function instrumented: __itt_frame_create
73771 : 0xcf3743f77df6 : 2 : ittapi_config_apply_per_lib :  ITTAPI function instrumented: __itt_pt_region_create
73771 : 0xcf3743f78619 : 2 : ittapi_config_apply_per_lib :  ITTAPI function instrumented: __itt_frame_begin
73771 : 0xcf3743f7b5f4 : 2 : ittapi_config_apply_per_lib :  ITTAPI function instrumented: __itt_frame_end
73771 : 0xcf3743f7c3c0 : 2 : ittapi_config_apply_per_lib :  ITTAPI function not implemented: __itt_counter_destroy
73771 : 0xcf3743f7cbe1 : 2 : ittapi_config_apply_per_lib :  ITTAPI function instrumented: __itt_counter_inc
73771 : 0xcf3743f7d360 : 2 : ittapi_config_apply_per_lib :  ITTAPI function instrumented: __itt_counter_inc_delta
73771 : 0xcf3743f7da6a : 2 : ittapi_config_apply_per_lib :  ITTAPI function instrumented: __itt_counter_dec
73771 : 0xcf3743f7e228 : 2 : ittapi_config_apply_per_lib :  ITTAPI function instrumented: __itt_counter_dec_delta
73771 : 0xcf3743f7e95c : 2 : ittapi_config_apply_per_lib :  ITTAPI function instrumented: __itt_counter_set_value
73771 : 0xcf3743f7f1b6 : 2 : ittapi_config_apply_per_lib :  ITTAPI function not implemented: __itt_counter_set_value_ex
73771 : 0xcf3743f7f9d1 : 2 : ittapi_config_apply_per_lib :  ITTAPI function not implemented: __itt_mark_create
73771 : 0xcf3743f802d6 : 2 : ittapi_config_apply_per_lib :  ITTAPI function not implemented: __itt_mark
73771 : 0xcf3743f8337b : 2 : ittapi_config_apply_per_lib :  ITTAPI function not implemented: __itt_mark_off
73771 : 0xcf3743f83fb7 : 2 : ittapi_config_apply_per_lib :  ITTAPI function not implemented: __itt_mark_global
73771 : 0xcf3743f8487a : 2 : ittapi_config_apply_per_lib :  ITTAPI function not implemented: __itt_mark_global_off
73771 : 0xcf3743f851be : 2 : ittapi_config_apply_per_lib :  ITTAPI function instrumented: __itt_stack_caller_create
73771 : 0xcf3743f85a0d : 2 : ittapi_config_apply_per_lib :  ITTAPI function instrumented: __itt_stack_caller_destroy
73771 : 0xcf3743f861d7 : 2 : ittapi_config_apply_per_lib :  ITTAPI function instrumented: __itt_stack_callee_enter
73771 : 0xcf3743f868cb : 2 : ittapi_config_apply_per_lib :  ITTAPI function instrumented: __itt_stack_callee_leave
73771 : 0xcf3743f870a7 : 2 : ittapi_config_apply_per_lib :  ITTAPI function not implemented: __itt_clock_domain_create
73771 : 0xcf3743f8799e : 2 : ittapi_config_apply_per_lib :  ITTAPI function not implemented: __itt_clock_domain_reset
73771 : 0xcf3743f88202 : 2 : ittapi_config_apply_per_lib :  ITTAPI function not implemented: __itt_id_create_ex
73771 : 0xcf3743f8e26d : 2 : ittapi_config_apply_per_lib :  ITTAPI function not implemented: __itt_id_destroy_ex
73771 : 0xcf3743f8f06c : 2 : ittapi_config_apply_per_lib :  ITTAPI function not implemented: __itt_task_begin_ex
73771 : 0xcf3743f8f8dc : 2 : ittapi_config_apply_per_lib :  ITTAPI function not implemented: __itt_task_begin_fn_ex
73771 : 0xcf3743f90117 : 2 : ittapi_config_apply_per_lib :  ITTAPI function not implemented: __itt_task_end_ex
73771 : 0xcf3743f90932 : 2 : ittapi_config_apply_per_lib :  ITTAPI function instrumented: __itt_task_begin_overlapped
73771 : 0xcf3743f91185 : 2 : ittapi_config_apply_per_lib :  ITTAPI function not implemented: __itt_task_begin_overlapped_ex
73771 : 0xcf3743f9192b : 2 : ittapi_config_apply_per_lib :  ITTAPI function instrumented: __itt_task_end_overlapped
73771 : 0xcf3743f9211b : 2 : ittapi_config_apply_per_lib :  ITTAPI function not implemented: __itt_task_end_overlapped_ex
73771 : 0xcf3743f92973 : 2 : ittapi_config_apply_per_lib :  ITTAPI function not implemented: __itt_marker_ex
73771 : 0xcf3743f931ef : 2 : ittapi_config_apply_per_lib :  ITTAPI function not implemented: __itt_metadata_add_with_scope
73771 : 0xcf3743f966d3 : 2 : ittapi_config_apply_per_lib :  ITTAPI function not implemented: __itt_metadata_str_add_with_scope
73771 : 0xcf3743f973ca : 2 : ittapi_config_apply_per_lib :  ITTAPI function not implemented: __itt_relation_add_to_current_ex
73771 : 0xcf3743f97c17 : 2 : ittapi_config_apply_per_lib :  ITTAPI function not implemented: __itt_relation_add_ex
73771 : 0xcf3743f984dc : 2 : ittapi_config_apply_per_lib :  ITTAPI function not implemented: __itt_track_group_create
73771 : 0xcf3743f98c1c : 2 : ittapi_config_apply_per_lib :  ITTAPI function not implemented: __itt_track_create
73771 : 0xcf3743f99419 : 2 : ittapi_config_apply_per_lib :  ITTAPI function not implemented: __itt_set_track
73771 : 0xcf3743f99be1 : 2 : ittapi_config_apply_per_lib :  ITTAPI function instrumented: __itt_api_version
73771 : 0xcf3743f9a428 : 2 : ittapi_config_apply_per_lib :  ITTAPI function not implemented: __itt_av_save
73771 : 0xcf3743f9ab79 : 2 : ittapi_config_apply_per_lib :  ITTAPI function instrumented: __itt_module_load
73771 : 0xcf3743f9b3e8 : 2 : ittapi_config_apply_per_lib :  ITTAPI function not implemented: __itt_module_unload
73771 : 0xcf3743f9e0cb : 2 : ittapi_config_apply_per_lib :  ITTAPI function NOT instrumented (not matched by --itt-config option): __itt_histogram_submit

73771 : 0xcf37569462df : 2 : ittapi_config_mask_get :  --itt-config mask to be applied: 55
73771 : 0xcf37569491c3 : 2 : ittapi_config_apply_per_lib :  ITTAPI function instrumented: __itt_domain_create
73771 : 0xcf3756949efe : 2 : ittapi_config_apply_per_lib :  ITTAPI function instrumented: __itt_module_load_with_sections
73771 : 0xcf375694a862 : 2 : ittapi_config_apply_per_lib :  ITTAPI function not implemented: __itt_module_unload_with_sections
73771 : 0xcf375694b2bf : 2 : ittapi_config_apply_per_lib :  ITTAPI function instrumented: __itt_string_handle_create
73771 : 0xcf375694b898 : 2 : ittapi_config_apply_per_lib :  ITTAPI function instrumented: __itt_counter_create
73771 : 0xcf375694be68 : 2 : ittapi_config_apply_per_lib :  ITTAPI function instrumented: __itt_counter_create_typed
73771 : 0xcf375694c50d : 2 : ittapi_config_apply_per_lib :  ITTAPI function instrumented: __itt_pause
73771 : 0xcf375694cb02 : 2 : ittapi_config_apply_per_lib :  ITTAPI function instrumented: __itt_resume
73771 : 0xcf3756957c1a : 2 : ittapi_config_apply_per_lib :  ITTAPI function not implemented: __itt_pause_scoped
73771 : 0xcf37569583fe : 2 : ittapi_config_apply_per_lib :  ITTAPI function not implemented: __itt_resume_scoped
73771 : 0xcf3756958aa1 : 2 : ittapi_config_apply_per_lib :  ITTAPI function instrumented: __itt_thread_set_name
73771 : 0xcf375695900c : 2 : ittapi_config_apply_per_lib :  ITTAPI function instrumented: __itt_thread_ignore
73771 : 0xcf3756959553 : 2 : ittapi_config_apply_per_lib :  ITTAPI function instrumented: __itt_thr_name_set
73771 : 0xcf3756959b21 : 2 : ittapi_config_apply_per_lib :  ITTAPI function instrumented: __itt_thr_ignore
73771 : 0xcf375695a060 : 2 : ittapi_config_apply_per_lib :  ITTAPI function instrumented: __itt_histogram_create
73771 : 0xcf375695a580 : 2 : ittapi_config_apply_per_lib :  ITTAPI function instrumented: __itt_counter_create_v3
73771 : 0xcf375695ab43 : 2 : ittapi_config_apply_per_lib :  ITTAPI function instrumented: __itt_bind_context_metadata_to_counter
73771 : 0xcf375695b18a : 2 : ittapi_config_apply_per_lib :  ITTAPI function not implemented: __itt_enable_attach
73771 : 0xcf3756960dce : 2 : ittapi_config_apply_per_lib :  ITTAPI function instrumented: __itt_detach
73771 : 0xcf3756961321 : 2 : ittapi_config_apply_per_lib :  ITTAPI function NOT instrumented (not matched by --itt-config option): __itt_sync_create

73771 : 0xcf3756961849 : 2 : ittapi_config_apply_per_lib :  ITTAPI function NOT instrumented (not matched by --itt-config option): __itt_sync_rename

73771 : 0xcf3756961cac : 2 : ittapi_config_apply_per_lib :  ITTAPI function NOT instrumented (not matched by --itt-config option): __itt_sync_destroy

73771 : 0xcf37569620cb : 2 : ittapi_config_apply_per_lib :  ITTAPI function NOT instrumented (not matched by --itt-config option): __itt_sync_prepare

73771 : 0xcf37569624c0 : 2 : ittapi_config_apply_per_lib :  ITTAPI function NOT instrumented (not matched by --itt-config option): __itt_sync_cancel

73771 : 0xcf3756962826 : 2 : ittapi_config_apply_per_lib :  ITTAPI function NOT instrumented (not matched by --itt-config option): __itt_sync_acquired

73771 : 0xcf3756962b8d : 2 : ittapi_config_apply_per_lib :  ITTAPI function NOT instrumented (not matched by --itt-config option): __itt_sync_releasing

73771 : 0xcf3756963287 : 2 : ittapi_config_apply_per_lib :  ITTAPI function not implemented: __itt_suppress_push
73771 : 0xcf37569639d6 : 2 : ittapi_config_apply_per_lib :  ITTAPI function not implemented: __itt_suppress_pop
73771 : 0xcf375696520c : 2 : ittapi_config_apply_per_lib :  ITTAPI function not implemented: __itt_suppress_mark_range
73771 : 0xcf37569659ab : 2 : ittapi_config_apply_per_lib :  ITTAPI function not implemented: __itt_suppress_clear_range
73771 : 0xcf3756965d72 : 2 : ittapi_config_apply_per_lib :  ITTAPI function NOT instrumented (not matched by --itt-config option): __itt_sync_prepare

73771 : 0xcf3756966187 : 2 : ittapi_config_apply_per_lib :  ITTAPI function NOT instrumented (not matched by --itt-config option): __itt_sync_cancel

73771 : 0xcf37569664d1 : 2 : ittapi_config_apply_per_lib :  ITTAPI function NOT instrumented (not matched by --itt-config option): __itt_sync_acquired

73771 : 0xcf3756966806 : 2 : ittapi_config_apply_per_lib :  ITTAPI function NOT instrumented (not matched by --itt-config option): __itt_sync_releasing

73771 : 0xcf3756966c19 : 2 : ittapi_config_apply_per_lib :  ITTAPI function NOT instrumented (not matched by --itt-config option): __itt_model_site_begin

73771 : 0xcf3756967067 : 2 : ittapi_config_apply_per_lib :  ITTAPI function NOT instrumented (not matched by --itt-config option): __itt_model_site_end

73771 : 0xcf3756967458 : 2 : ittapi_config_apply_per_lib :  ITTAPI function NOT instrumented (not matched by --itt-config option): __itt_model_task_begin

73771 : 0xcf3756967862 : 2 : ittapi_config_apply_per_lib :  ITTAPI function NOT instrumented (not matched by --itt-config option): __itt_model_task_end

73771 : 0xcf3756968e31 : 2 : ittapi_config_apply_per_lib :  ITTAPI function NOT instrumented (not matched by --itt-config option): __itt_model_lock_acquire

73771 : 0xcf37569693ed : 2 : ittapi_config_apply_per_lib :  ITTAPI function NOT instrumented (not matched by --itt-config option): __itt_model_lock_release

73771 : 0xcf375696985a : 2 : ittapi_config_apply_per_lib :  ITTAPI function NOT instrumented (not matched by --itt-config option): __itt_model_record_allocation

73771 : 0xcf3756969bbd : 2 : ittapi_config_apply_per_lib :  ITTAPI function NOT instrumented (not matched by --itt-config option): __itt_model_record_deallocation

73771 : 0xcf3756969ed2 : 2 : ittapi_config_apply_per_lib :  ITTAPI function NOT instrumented (not matched by --itt-config option): __itt_model_induction_uses

73771 : 0xcf375696a1ca : 2 : ittapi_config_apply_per_lib :  ITTAPI function NOT instrumented (not matched by --itt-config option): __itt_model_reduction_uses

73771 : 0xcf375696a4b4 : 2 : ittapi_config_apply_per_lib :  ITTAPI function NOT instrumented (not matched by --itt-config option): __itt_model_observe_uses

73771 : 0xcf375696a7a5 : 2 : ittapi_config_apply_per_lib :  ITTAPI function NOT instrumented (not matched by --itt-config option): __itt_model_clear_uses

73771 : 0xcf375696aa89 : 2 : ittapi_config_apply_per_lib :  ITTAPI function NOT instrumented (not matched by --itt-config option): __itt_model_site_beginA

73771 : 0xcf375696ad6b : 2 : ittapi_config_apply_per_lib :  ITTAPI function NOT instrumented (not matched by --itt-config option): __itt_model_site_beginAL

73771 : 0xcf375696cd06 : 2 : ittapi_config_apply_per_lib :  ITTAPI function NOT instrumented (not matched by --itt-config option): __itt_model_task_beginA

73771 : 0xcf375696d08a : 2 : ittapi_config_apply_per_lib :  ITTAPI function NOT instrumented (not matched by --itt-config option): __itt_model_task_beginAL

73771 : 0xcf375696d3f3 : 2 : ittapi_config_apply_per_lib :  ITTAPI function NOT instrumented (not matched by --itt-config option): __itt_model_iteration_taskA

73771 : 0xcf375696d712 : 2 : ittapi_config_apply_per_lib :  ITTAPI function NOT instrumented (not matched by --itt-config option): __itt_model_iteration_taskAL

73771 : 0xcf375696da14 : 2 : ittapi_config_apply_per_lib :  ITTAPI function NOT instrumented (not matched by --itt-config option): __itt_model_site_end_2

73771 : 0xcf375696dd15 : 2 : ittapi_config_apply_per_lib :  ITTAPI function NOT instrumented (not matched by --itt-config option): __itt_model_task_end_2

73771 : 0xcf375696e009 : 2 : ittapi_config_apply_per_lib :  ITTAPI function NOT instrumented (not matched by --itt-config option): __itt_model_lock_acquire_2

73771 : 0xcf375696e2fe : 2 : ittapi_config_apply_per_lib :  ITTAPI function NOT instrumented (not matched by --itt-config option): __itt_model_lock_release_2

73771 : 0xcf375696e5ec : 2 : ittapi_config_apply_per_lib :  ITTAPI function NOT instrumented (not matched by --itt-config option): __itt_model_aggregate_task

73771 : 0xcf375696e8d6 : 2 : ittapi_config_apply_per_lib :  ITTAPI function NOT instrumented (not matched by --itt-config option): __itt_model_disable_push

73771 : 0xcf375696fc30 : 2 : ittapi_config_apply_per_lib :  ITTAPI function NOT instrumented (not matched by --itt-config option): __itt_model_disable_pop

73771 : 0xcf3756970276 : 2 : ittapi_config_apply_per_lib :  ITTAPI function instrumented: __itt_heap_function_create
73771 : 0xcf3756970822 : 2 : ittapi_config_apply_per_lib :  ITTAPI function instrumented: __itt_heap_allocate_begin
73771 : 0xcf3756970cb7 : 2 : ittapi_config_apply_per_lib :  ITTAPI function instrumented: __itt_heap_allocate_end
73771 : 0xcf3756971131 : 2 : ittapi_config_apply_per_lib :  ITTAPI function instrumented: __itt_heap_free_begin
73771 : 0xcf3756971584 : 2 : ittapi_config_apply_per_lib :  ITTAPI function instrumented: __itt_heap_free_end
73771 : 0xcf3756971a67 : 2 : ittapi_config_apply_per_lib :  ITTAPI function instrumented: __itt_heap_reallocate_begin
73771 : 0xcf3756971ea1 : 2 : ittapi_config_apply_per_lib :  ITTAPI function instrumented: __itt_heap_reallocate_end
73771 : 0xcf3756972484 : 2 : ittapi_config_apply_per_lib :  ITTAPI function not implemented: __itt_heap_internal_access_begin
73771 : 0xcf3756972ad2 : 2 : ittapi_config_apply_per_lib :  ITTAPI function not implemented: __itt_heap_internal_access_end
73771 : 0xcf37569742b3 : 2 : ittapi_config_apply_per_lib :  ITTAPI function not implemented: __itt_heap_record_memory_growth_begin
73771 : 0xcf3756974933 : 2 : ittapi_config_apply_per_lib :  ITTAPI function not implemented: __itt_heap_record_memory_growth_end
73771 : 0xcf3756974f73 : 2 : ittapi_config_apply_per_lib :  ITTAPI function not implemented: __itt_heap_reset_detection
73771 : 0xcf37569755e7 : 2 : ittapi_config_apply_per_lib :  ITTAPI function not implemented: __itt_heap_record
73771 : 0xcf3756975bcb : 2 : ittapi_config_apply_per_lib :  ITTAPI function not implemented: __itt_id_create
73771 : 0xcf37569761f7 : 2 : ittapi_config_apply_per_lib :  ITTAPI function not implemented: __itt_id_destroy
73771 : 0xcf375697677a : 2 : ittapi_config_apply_per_lib :  ITTAPI function instrumented: __itt_get_timestamp
73771 : 0xcf3756976d26 : 2 : ittapi_config_apply_per_lib :  ITTAPI function not implemented: __itt_region_begin
73771 : 0xcf3756977333 : 2 : ittapi_config_apply_per_lib :  ITTAPI function not implemented: __itt_region_end
73771 : 0xcf37569778c5 : 2 : ittapi_config_apply_per_lib :  ITTAPI function instrumented: __itt_frame_begin_v3
73771 : 0xcf3756979aae : 2 : ittapi_config_apply_per_lib :  ITTAPI function instrumented: __itt_frame_end_v3
73771 : 0xcf375697a08f : 2 : ittapi_config_apply_per_lib :  ITTAPI function instrumented: __itt_frame_submit_v3
73771 : 0xcf375697a6f5 : 2 : ittapi_config_apply_per_lib :  ITTAPI function not implemented: __itt_task_group
73771 : 0xcf375697ac4a : 2 : ittapi_config_apply_per_lib :  ITTAPI function instrumented: __itt_task_begin
73771 : 0xcf375697b1f6 : 2 : ittapi_config_apply_per_lib :  ITTAPI function instrumented: __itt_task_begin_fn
73771 : 0xcf375697b77b : 2 : ittapi_config_apply_per_lib :  ITTAPI function instrumented: __itt_task_end
73771 : 0xcf375697bdbd : 2 : ittapi_config_apply_per_lib :  ITTAPI function not implemented: __itt_counter_inc_v3
73771 : 0xcf375697c3be : 2 : ittapi_config_apply_per_lib :  ITTAPI function not implemented: __itt_counter_inc_delta_v3
73771 : 0xcf375697c990 : 2 : ittapi_config_apply_per_lib :  ITTAPI function not implemented: __itt_counter_dec_v3
73771 : 0xcf375697cf0c : 2 : ittapi_config_apply_per_lib :  ITTAPI function not implemented: __itt_counter_dec_delta_v3
73771 : 0xcf375697e5a9 : 2 : ittapi_config_apply_per_lib :  ITTAPI function not implemented: __itt_marker
73771 : 0xcf375697ec36 : 2 : ittapi_config_apply_per_lib :  ITTAPI function instrumented: __itt_metadata_add
73771 : 0xcf375697f2b0 : 2 : ittapi_config_apply_per_lib :  ITTAPI function not implemented: __itt_metadata_str_add
73771 : 0xcf375697f8af : 2 : ittapi_config_apply_per_lib :  ITTAPI function not implemented: __itt_relation_add_to_current
73771 : 0xcf375697fec6 : 2 : ittapi_config_apply_per_lib :  ITTAPI function not implemented: __itt_relation_add
73771 : 0xcf37569803f6 : 2 : ittapi_config_apply_per_lib :  ITTAPI function instrumented: __itt_event_create
73771 : 0xcf3756980949 : 2 : ittapi_config_apply_per_lib :  ITTAPI function instrumented: __itt_event_start
73771 : 0xcf3756980f0a : 2 : ittapi_config_apply_per_lib :  ITTAPI function instrumented: __itt_event_end
73771 : 0xcf37569812fb : 2 : ittapi_config_apply_per_lib :  ITTAPI function NOT instrumented (not matched by --itt-config option): __itt_sync_set_name

73771 : 0xcf3756981741 : 2 : ittapi_config_apply_per_lib :  ITTAPI function NOT instrumented (not matched by --itt-config option): __itt_notify_sync_name

73771 : 0xcf3756982b8c : 2 : ittapi_config_apply_per_lib :  ITTAPI function NOT instrumented (not matched by --itt-config option): __itt_notify_sync_prepare

73771 : 0xcf3756982fc2 : 2 : ittapi_config_apply_per_lib :  ITTAPI function NOT instrumented (not matched by --itt-config option): __itt_notify_sync_cancel

73771 : 0xcf37569833c5 : 2 : ittapi_config_apply_per_lib :  ITTAPI function NOT instrumented (not matched by --itt-config option): __itt_notify_sync_acquired

73771 : 0xcf3756983785 : 2 : ittapi_config_apply_per_lib :  ITTAPI function NOT instrumented (not matched by --itt-config option): __itt_notify_sync_releasing

73771 : 0xcf3756983d8c : 2 : ittapi_config_apply_per_lib :  ITTAPI function not implemented: __itt_memory_read
73771 : 0xcf37569843d2 : 2 : ittapi_config_apply_per_lib :  ITTAPI function not implemented: __itt_memory_write
73771 : 0xcf3756984a6b : 2 : ittapi_config_apply_per_lib :  ITTAPI function not implemented: __itt_memory_update
73771 : 0xcf375698507c : 2 : ittapi_config_apply_per_lib :  ITTAPI function not implemented: __itt_state_get
73771 : 0xcf3756985622 : 2 : ittapi_config_apply_per_lib :  ITTAPI function not implemented: __itt_state_set
73771 : 0xcf3756985c04 : 2 : ittapi_config_apply_per_lib :  ITTAPI function not implemented: __itt_obj_mode_set
73771 : 0xcf3756987cf9 : 2 : ittapi_config_apply_per_lib :  ITTAPI function not implemented: __itt_thr_mode_set
73771 : 0xcf375698824c : 2 : ittapi_config_apply_per_lib :  ITTAPI function instrumented: __itt_frame_create
73771 : 0xcf3756988797 : 2 : ittapi_config_apply_per_lib :  ITTAPI function instrumented: __itt_pt_region_create
73771 : 0xcf3756988d9c : 2 : ittapi_config_apply_per_lib :  ITTAPI function instrumented: __itt_frame_begin
73771 : 0xcf37569892ef : 2 : ittapi_config_apply_per_lib :  ITTAPI function instrumented: __itt_frame_end
73771 : 0xcf3756989928 : 2 : ittapi_config_apply_per_lib :  ITTAPI function not implemented: __itt_counter_destroy
73771 : 0xcf3756989f01 : 2 : ittapi_config_apply_per_lib :  ITTAPI function instrumented: __itt_counter_inc
73771 : 0xcf375698a427 : 2 : ittapi_config_apply_per_lib :  ITTAPI function instrumented: __itt_counter_inc_delta
73771 : 0xcf375698a8f1 : 2 : ittapi_config_apply_per_lib :  ITTAPI function instrumented: __itt_counter_dec
73771 : 0xcf375698ae01 : 2 : ittapi_config_apply_per_lib :  ITTAPI function instrumented: __itt_counter_dec_delta
73771 : 0xcf375698c351 : 2 : ittapi_config_apply_per_lib :  ITTAPI function instrumented: __itt_counter_set_value
73771 : 0xcf375698c9df : 2 : ittapi_config_apply_per_lib :  ITTAPI function not implemented: __itt_counter_set_value_ex
73771 : 0xcf375698d009 : 2 : ittapi_config_apply_per_lib :  ITTAPI function not implemented: __itt_mark_create
73771 : 0xcf375698d640 : 2 : ittapi_config_apply_per_lib :  ITTAPI function not implemented: __itt_mark
73771 : 0xcf375698dc6d : 2 : ittapi_config_apply_per_lib :  ITTAPI function not implemented: __itt_mark_off
73771 : 0xcf375698e2ab : 2 : ittapi_config_apply_per_lib :  ITTAPI function not implemented: __itt_mark_global
73771 : 0xcf375698e8a4 : 2 : ittapi_config_apply_per_lib :  ITTAPI function not implemented: __itt_mark_global_off
73771 : 0xcf375698ef6f : 2 : ittapi_config_apply_per_lib :  ITTAPI function instrumented: __itt_stack_caller_create
73771 : 0xcf375698f515 : 2 : ittapi_config_apply_per_lib :  ITTAPI function instrumented: __itt_stack_caller_destroy
73771 : 0xcf375698fa7c : 2 : ittapi_config_apply_per_lib :  ITTAPI function instrumented: __itt_stack_callee_enter
73771 : 0xcf3756994c4c : 2 : ittapi_config_apply_per_lib :  ITTAPI function instrumented: __itt_stack_callee_leave
73771 : 0xcf375699523d : 2 : ittapi_config_apply_per_lib :  ITTAPI function not implemented: __itt_clock_domain_create
73771 : 0xcf37569958f2 : 2 : ittapi_config_apply_per_lib :  ITTAPI function not implemented: __itt_clock_domain_reset
73771 : 0xcf3756995f50 : 2 : ittapi_config_apply_per_lib :  ITTAPI function not implemented: __itt_id_create_ex
73771 : 0xcf3756996550 : 2 : ittapi_config_apply_per_lib :  ITTAPI function not implemented: __itt_id_destroy_ex
73771 : 0xcf3756996b03 : 2 : ittapi_config_apply_per_lib :  ITTAPI function not implemented: __itt_task_begin_ex
73771 : 0xcf3756997023 : 2 : ittapi_config_apply_per_lib :  ITTAPI function not implemented: __itt_task_begin_fn_ex
73771 : 0xcf37569975fd : 2 : ittapi_config_apply_per_lib :  ITTAPI function not implemented: __itt_task_end_ex
73771 : 0xcf3756997b93 : 2 : ittapi_config_apply_per_lib :  ITTAPI function instrumented: __itt_task_begin_overlapped
73771 : 0xcf3756998119 : 2 : ittapi_config_apply_per_lib :  ITTAPI function not implemented: __itt_task_begin_overlapped_ex
73771 : 0xcf3756999735 : 2 : ittapi_config_apply_per_lib :  ITTAPI function instrumented: __itt_task_end_overlapped
73771 : 0xcf3756999ce5 : 2 : ittapi_config_apply_per_lib :  ITTAPI function not implemented: __itt_task_end_overlapped_ex
73771 : 0xcf375699a2cb : 2 : ittapi_config_apply_per_lib :  ITTAPI function not implemented: __itt_marker_ex
73771 : 0xcf375699a950 : 2 : ittapi_config_apply_per_lib :  ITTAPI function not implemented: __itt_metadata_add_with_scope
73771 : 0xcf375699af61 : 2 : ittapi_config_apply_per_lib :  ITTAPI function not implemented: __itt_metadata_str_add_with_scope
73771 : 0xcf375699b531 : 2 : ittapi_config_apply_per_lib :  ITTAPI function not implemented: __itt_relation_add_to_current_ex
73771 : 0xcf375699baed : 2 : ittapi_config_apply_per_lib :  ITTAPI function not implemented: __itt_relation_add_ex
73771 : 0xcf375699c0d0 : 2 : ittapi_config_apply_per_lib :  ITTAPI function not implemented: __itt_track_group_create
73771 : 0xcf375699c607 : 2 : ittapi_config_apply_per_lib :  ITTAPI function not implemented: __itt_track_create
73771 : 0xcf375699cb82 : 2 : ittapi_config_apply_per_lib :  ITTAPI function not implemented: __itt_set_track
73771 : 0xcf375699ebf5 : 2 : ittapi_config_apply_per_lib :  ITTAPI function instrumented: __itt_api_version
73771 : 0xcf375699f241 : 2 : ittapi_config_apply_per_lib :  ITTAPI function not implemented: __itt_av_save
73771 : 0xcf375699f7c2 : 2 : ittapi_config_apply_per_lib :  ITTAPI function instrumented: __itt_module_load
73771 : 0xcf375699fdad : 2 : ittapi_config_apply_per_lib :  ITTAPI function not implemented: __itt_module_unload
73771 : 0xcf37569a0149 : 2 : ittapi_config_apply_per_lib :  ITTAPI function NOT instrumented (not matched by --itt-config option): __itt_histogram_submit

73771 : 0xcf37569a0621 : 2 : ittapi_config_apply_per_lib :  ITTAPI function instrumented: __itt_counter_set_value_v3