
91149 : 0xd7ba5c5946b8 : 1 : spill_jit_data :  Jit agent is not initialized
91135 : 0xd7ba5c59cb34 : 2 : ittapi_config_mask_get :  --itt-config mask to be applied: 55
91135 : 0xd7ba5c5a0535 : 2 : ittapi_config_apply_per_lib :  ITTAPI function instrumented: __itt_domain_create
91135 : 0xd7ba5c5a12e6 : 2 : ittapi_config_apply_per_lib :  ITTAPI function instrumented: __itt_module_load_with_sections
91135 : 0xd7ba5c5a2784 : 2 : ittapi_config_apply_per_lib :  ITTAPI function not implemented: __itt_module_unload_with_sections
91135 : 0xd7ba5c5a3373 : 2 : ittapi_config_apply_per_lib :  ITTAPI function instrumented: __itt_string_handle_create
91135 : 0xd7ba5c5a3ab6 : 2 : ittapi_config_apply_per_lib :  ITTAPI function instrumented: __itt_counter_create
91135 : 0xd7ba5c5a417f : 2 : ittapi_config_apply_per_lib :  ITTAPI function instrumented: __itt_counter_create_typed
91135 : 0xd7ba5c5a4910 : 2 : ittapi_config_apply_per_lib :  ITTAPI function instrumented: __itt_pause
91135 : 0xd7ba5c5a50ec : 2 : ittapi_config_apply_per_lib :  ITTAPI function instrumented: __itt_resume
91135 : 0xd7ba5c5afc0f : 2 : ittapi_config_apply_per_lib :  ITTAPI function instrumented: __itt_thread_set_name
91135 : 0xd7ba5c5b0410 : 2 : ittapi_config_apply_per_lib :  ITTAPI function instrumented: __itt_thread_ignore
91135 : 0xd7ba5c5b0b2c : 2 : ittapi_config_apply_per_lib :  ITTAPI function instrumented: __itt_thr_name_set
91135 : 0xd7ba5c5b132d : 2 : ittapi_config_apply_per_lib :  ITTAPI function instrumented: __itt_thr_ignore
91135 : 0xd7ba5c5b1ab2 : 2 : ittapi_config_apply_per_lib :  ITTAPI function instrumented: __itt_histogram_create
91135 : 0xd7ba5c5b2519 : 2 : ittapi_config_apply_per_lib :  ITTAPI function not implemented: __itt_enable_attach
91135 : 0xd7ba5c5b2d50 : 2 : ittapi_config_apply_per_lib :  ITTAPI function instrumented: __itt_detach
91135 : 0xd7ba5c5b32d4 : 2 : ittapi_config_apply_per_lib :  ITTAPI function NOT instrumented (not matched by --itt-config option): __itt_sync_create

91135 : 0xd7ba5c5b38df : 2 : ittapi_config_apply_per_lib :  ITTAPI function NOT instrumented (not matched by --itt-config option): __itt_sync_rename

91135 : 0xd7ba5c5b3d53 : 2 : ittapi_config_apply_per_lib :  ITTAPI function NOT instrumented (not matched by --itt-config option): __itt_sync_destroy

91135 : 0xd7ba5c5b5c3a : 2 : ittapi_config_apply_per_lib :  ITTAPI function NOT instrumented (not matched by --itt-config option): __itt_sync_prepare

91135 : 0xd7ba5c5b618f : 2 : ittapi_config_apply_per_lib :  ITTAPI function NOT instrumented (not matched by --itt-config option): __itt_sync_cancel

91135 : 0xd7ba5c5b65eb : 2 : ittapi_config_apply_per_lib :  ITTAPI function NOT instrumented (not matched by --itt-config option): __itt_sync_acquired

91135 : 0xd7ba5c5b6a86 : 2 : ittapi_config_apply_per_lib :  ITTAPI function NOT instrumented (not matched by --itt-config option): __itt_sync_releasing

91135 : 0xd7ba5c5b7490 : 2 : ittapi_config_apply_per_lib :  ITTAPI function not implemented: __itt_suppress_push
91135 : 0xd7ba5c5b7eb7 : 2 : ittapi_config_apply_per_lib :  ITTAPI function not implemented: __itt_suppress_pop
91135 : 0xd7ba5c5b8866 : 2 : ittapi_config_apply_per_lib :  ITTAPI function not implemented: __itt_suppress_mark_range
91135 : 0xd7ba5c5b9123 : 2 : ittapi_config_apply_per_lib :  ITTAPI function not implemented: __itt_suppress_clear_range
91135 : 0xd7ba5c5b95a6 : 2 : ittapi_config_apply_per_lib :  ITTAPI function NOT instrumented (not matched by --itt-config option): __itt_sync_prepare

91135 : 0xd7ba5c5b99c7 : 2 : ittapi_config_apply_per_lib :  ITTAPI function NOT instrumented (not matched by --itt-config option): __itt_sync_cancel

91135 : 0xd7ba5c5bb275 : 2 : ittapi_config_apply_per_lib :  ITTAPI function NOT instrumented (not matched by --itt-config option): __itt_sync_acquired

91135 : 0xd7ba5c5bb722 : 2 : ittapi_config_apply_per_lib :  ITTAPI function NOT instrumented (not matched by --itt-config option): __itt_sync_releasing

91135 : 0xd7ba5c5bbc36 : 2 : ittapi_config_apply_per_lib :  ITTAPI function NOT instrumented (not matched by --itt-config option): __itt_model_site_begin

91135 : 0xd7ba5c5bc1a7 : 2 : ittapi_config_apply_per_lib :  ITTAPI function NOT instrumented (not matched by --itt-config option): __itt_model_site_end

91135 : 0xd7ba5c5bc6dc : 2 : ittapi_config_apply_per_lib :  ITTAPI function NOT instrumented (not matched by --itt-config option): __itt_model_task_begin

91135 : 0xd7ba5c5bcbdc : 2 : ittapi_config_apply_per_lib :  ITTAPI function NOT instrumented (not matched by --itt-config option): __itt_model_task_end

91135 : 0xd7ba5c5bd115 : 2 : ittapi_config_apply_per_lib :  ITTAPI function NOT instrumented (not matched by --itt-config option): __itt_model_lock_acquire

91135 : 0xd7ba5c5bd64d : 2 : ittapi_config_apply_per_lib :  ITTAPI function NOT instrumented (not matched by --itt-config option): __itt_model_lock_release

91135 : 0xd7ba5c5bdb4b : 2 : ittapi_config_apply_per_lib :  ITTAPI function NOT instrumented (not matched by --itt-config option): __itt_model_record_allocation

91135 : 0xd7ba5c5bdf3f : 2 : ittapi_config_apply_per_lib :  ITTAPI function NOT instrumented (not matched by --itt-config option): __itt_model_record_deallocation

91135 : 0xd7ba5c5c1506 : 2 : ittapi_config_apply_per_lib :  ITTAPI function NOT instrumented (not matched by --itt-config option): __itt_model_induction_uses

91135 : 0xd7ba5c5c19c7 : 2 : ittapi_config_apply_per_lib :  ITTAPI function NOT instrumented (not matched by --itt-config option): __itt_model_reduction_uses

91135 : 0xd7ba5c5c1db2 : 2 : ittapi_config_apply_per_lib :  ITTAPI function NOT instrumented (not matched by --itt-config option): __itt_model_observe_uses

91135 : 0xd7ba5c5c2191 : 2 : ittapi_config_apply_per_lib :  ITTAPI function NOT instrumented (not matched by --itt-config option): __itt_model_clear_uses

91135 : 0xd7ba5c5c2556 : 2 : ittapi_config_apply_per_lib :  ITTAPI function NOT instrumented (not matched by --itt-config option): __itt_model_site_beginA

91135 : 0xd7ba5c5c290a : 2 : ittapi_config_apply_per_lib :  ITTAPI function NOT instrumented (not matched by --itt-config option): __itt_model_site_beginAL

91135 : 0xd7ba5c5c2cbb : 2 : ittapi_config_apply_per_lib :  ITTAPI function NOT instrumented (not matched by --itt-config option): __itt_model_task_beginA

91135 : 0xd7ba5c5c3065 : 2 : ittapi_config_apply_per_lib :  ITTAPI function NOT instrumented (not matched by --itt-config option): __itt_model_task_beginAL

91135 : 0xd7ba5c5c343a : 2 : ittapi_config_apply_per_lib :  ITTAPI function NOT instrumented (not matched by --itt-config option): __itt_model_iteration_taskA

91135 : 0xd7ba5c5c37e0 : 2 : ittapi_config_apply_per_lib :  ITTAPI function NOT instrumented (not matched by --itt-config option): __itt_model_iteration_taskAL

91135 : 0xd7ba5c5c5057 : 2 : ittapi_config_apply_per_lib :  ITTAPI function NOT instrumented (not matched by --itt-config option): __itt_model_site_end_2

91135 : 0xd7ba5c5c54a7 : 2 : ittapi_config_apply_per_lib :  ITTAPI function NOT instrumented (not matched by --itt-config option): __itt_model_task_end_2

91135 : 0xd7ba5c5c589e : 2 : ittapi_config_apply_per_lib :  ITTAPI function NOT instrumented (not matched by --itt-config option): __itt_model_lock_acquire_2

91135 : 0xd7ba5c5c5c63 : 2 : ittapi_config_apply_per_lib :  ITTAPI function NOT instrumented (not matched by --itt-config option): __itt_model_lock_release_2

91135 : 0xd7ba5c5c601d : 2 : ittapi_config_apply_per_lib :  ITTAPI function NOT instrumented (not matched by --itt-config option): __itt_model_aggregate_task

91135 : 0xd7ba5c5c63d2 : 2 : ittapi_config_apply_per_lib :  ITTAPI function NOT instrumented (not matched by --itt-config option): __itt_model_disable_push

91135 : 0xd7ba5c5c6776 : 2 : ittapi_config_apply_per_lib :  ITTAPI function NOT instrumented (not matched by --itt-config option): __itt_model_disable_pop

91135 : 0xd7ba5c5c6f5e : 2 : ittapi_config_apply_per_lib :  ITTAPI function instrumented: __itt_heap_function_create
91135 : 0xd7ba5c5c76cb : 2 : ittapi_config_apply_per_lib :  ITTAPI function instrumented: __itt_heap_allocate_begin
91135 : 0xd7ba5c5c7d04 : 2 : ittapi_config_apply_per_lib :  ITTAPI function instrumented: __itt_heap_allocate_end
91135 : 0xd7ba5c5ca50d : 2 : ittapi_config_apply_per_lib :  ITTAPI function instrumented: __itt_heap_free_begin
91135 : 0xd7ba5c5cac0f : 2 : ittapi_config_apply_per_lib :  ITTAPI function instrumented: __itt_heap_free_end
91135 : 0xd7ba5c5cb2d8 : 2 : ittapi_config_apply_per_lib :  ITTAPI function instrumented: __itt_heap_reallocate_begin
91135 : 0xd7ba5c5cb8df : 2 : ittapi_config_apply_per_lib :  ITTAPI function instrumented: __itt_heap_reallocate_end
91135 : 0xd7ba5c5cc13c : 2 : ittapi_config_apply_per_lib :  ITTAPI function not implemented: __itt_heap_internal_access_begin
91135 : 0xd7ba5c5cc92f : 2 : ittapi_config_apply_per_lib :  ITTAPI function not implemented: __itt_heap_internal_access_end
91135 : 0xd7ba5c5cd119 : 2 : ittapi_config_apply_per_lib :  ITTAPI function not implemented: __itt_heap_record_memory_growth_begin
91135 : 0xd7ba5c5cd8f3 : 2 : ittapi_config_apply_per_lib :  ITTAPI function not implemented: __itt_heap_record_memory_growth_end
91135 : 0xd7ba5c5ce132 : 2 : ittapi_config_apply_per_lib :  ITTAPI function not implemented: __itt_heap_reset_detection
91135 : 0xd7ba5c5ceac1 : 2 : ittapi_config_apply_per_lib :  ITTAPI function not implemented: __itt_heap_record
91135 : 0xd7ba5c5d0836 : 2 : ittapi_config_apply_per_lib :  ITTAPI function not implemented: __itt_id_create
91135 : 0xd7ba5c5d1092 : 2 : ittapi_config_apply_per_lib :  ITTAPI function not implemented: __itt_id_destroy
91135 : 0xd7ba5c5d1837 : 2 : ittapi_config_apply_per_lib :  ITTAPI function instrumented: __itt_get_timestamp
91135 : 0xd7ba5c5d1fc4 : 2 : ittapi_config_apply_per_lib :  ITTAPI function not implemented: __itt_region_begin
91135 : 0xd7ba5c5d2721 : 2 : ittapi_config_apply_per_lib :  ITTAPI function not implemented: __itt_region_end
91135 : 0xd7ba5c5d2f2e : 2 : ittapi_config_apply_per_lib :  ITTAPI function instrumented: __itt_frame_begin_v3
91135 : 0xd7ba5c5d3642 : 2 : ittapi_config_apply_per_lib :  ITTAPI function instrumented: __itt_frame_end_v3
91135 : 0xd7ba5c5d3d57 : 2 : ittapi_config_apply_per_lib :  ITTAPI function instrumented: __itt_frame_submit_v3
91135 : 0xd7ba5c5d4570 : 2 : ittapi_config_apply_per_lib :  ITTAPI function not implemented: __itt_task_group
91135 : 0xd7ba5c5d4c3f : 2 : ittapi_config_apply_per_lib :  ITTAPI function instrumented: __itt_task_begin
91135 : 0xd7ba5c5d6820 : 2 : ittapi_config_apply_per_lib :  ITTAPI function instrumented: __itt_task_begin_fn
91135 : 0xd7ba5c5d6ffe : 2 : ittapi_config_apply_per_lib :  ITTAPI function instrumented: __itt_task_end
91135 : 0xd7ba5c5d7835 : 2 : ittapi_config_apply_per_lib :  ITTAPI function not implemented: __itt_counter_inc_v3
91135 : 0xd7ba5c5d8052 : 2 : ittapi_config_apply_per_lib :  ITTAPI function not implemented: __itt_counter_inc_delta_v3
91135 : 0xd7ba5c5d87f1 : 2 : ittapi_config_apply_per_lib :  ITTAPI function not implemented: __itt_counter_dec_v3
91135 : 0xd7ba5c5d8f3a : 2 : ittapi_config_apply_per_lib :  ITTAPI function not implemented: __itt_counter_dec_delta_v3
91135 : 0xd7ba5c5d97ca : 2 : ittapi_config_apply_per_lib :  ITTAPI function not implemented: __itt_marker
91135 : 0xd7ba5c5d9f9e : 2 : ittapi_config_apply_per_lib :  ITTAPI function instrumented: __itt_metadata_add
91135 : 0xd7ba5c5da836 : 2 : ittapi_config_apply_per_lib :  ITTAPI function not implemented: __itt_metadata_str_add
91135 : 0xd7ba5c5db02b : 2 : ittapi_config_apply_per_lib :  ITTAPI function not implemented: __itt_relation_add_to_current
91135 : 0xd7ba5c5dcc7e : 2 : ittapi_config_apply_per_lib :  ITTAPI function not implemented: __itt_relation_add
91135 : 0xd7ba5c5dd3a0 : 2 : ittapi_config_apply_per_lib :  ITTAPI function instrumented: __itt_event_create
91135 : 0xd7ba5c5ddadb : 2 : ittapi_config_apply_per_lib :  ITTAPI function instrumented: __itt_event_start
91135 : 0xd7ba5c5de1e6 : 2 : ittapi_config_apply_per_lib :  ITTAPI function instrumented: __itt_event_end
91135 : 0xd7ba5c5de6a4 : 2 : ittapi_config_apply_per_lib :  ITTAPI function NOT instrumented (not matched by --itt-config option): __itt_sync_set_name

91135 : 0xd7ba5c5debfb : 2 : ittapi_config_apply_per_lib :  ITTAPI function NOT instrumented (not matched by --itt-config option): __itt_notify_sync_name

91135 : 0xd7ba5c5df0ae : 2 : ittapi_config_apply_per_lib :  ITTAPI function NOT instrumented (not matched by --itt-config option): __itt_notify_sync_prepare

91135 : 0xd7ba5c5df4de : 2 : ittapi_config_apply_per_lib :  ITTAPI function NOT instrumented (not matched by --itt-config option): __itt_notify_sync_cancel

91135 : 0xd7ba5c5df952 : 2 : ittapi_config_apply_per_lib :  ITTAPI function NOT instrumented (not matched by --itt-config option): __itt_notify_sync_acquired

91135 : 0xd7ba5c5dfd3f : 2 : ittapi_config_apply_per_lib :  ITTAPI function NOT instrumented (not matched by --itt-config option): __itt_notify_sync_releasing

91135 : 0xd7ba5c5e2540 : 2 : ittapi_config_apply_per_lib :  ITTAPI function not implemented: __itt_memory_read
91135 : 0xd7ba5c5e2e2b : 2 : ittapi_config_apply_per_lib :  ITTAPI function not implemented: __itt_memory_write
91135 : 0xd7ba5c5e36b5 : 2 : ittapi_config_apply_per_lib :  ITTAPI function not implemented: __itt_memory_update
91135 : 0xd7ba5c5e3f55 : 2 : ittapi_config_apply_per_lib :  ITTAPI function not implemented: __itt_state_get
91135 : 0xd7ba5c5e470d : 2 : ittapi_config_apply_per_lib :  ITTAPI function not implemented: __itt_state_set
91135 : 0xd7ba5c5e4e8e : 2 : ittapi_config_apply_per_lib :  ITTAPI function not implemented: __itt_obj_mode_set
91135 : 0xd7ba5c5e5660 : 2 : ittapi_config_apply_per_lib :  ITTAPI function not implemented: __itt_thr_mode_set
91135 : 0xd7ba5c5e5dc9 : 2 : ittapi_config_apply_per_lib :  ITTAPI function instrumented: __itt_frame_create
91135 : 0xd7ba5c5e64e5 : 2 : ittapi_config_apply_per_lib :  ITTAPI function instrumented: __itt_pt_region_create
91135 : 0xd7ba5c5e6c50 : 2 : ittapi_config_apply_per_lib :  ITTAPI function instrumented: __itt_frame_begin
91135 : 0xd7ba5c5e87bb : 2 : ittapi_config_apply_per_lib :  ITTAPI function instrumented: __itt_frame_end
91135 : 0xd7ba5c5e9039 : 2 : ittapi_config_apply_per_lib :  ITTAPI function not implemented: __itt_counter_destroy
91135 : 0xd7ba5c5e9817 : 2 : ittapi_config_apply_per_lib :  ITTAPI function instrumented: __itt_counter_inc
91135 : 0xd7ba5c5e9f6a : 2 : ittapi_config_apply_per_lib :  ITTAPI function instrumented: __itt_counter_inc_delta
91135 : 0xd7ba5c5ea61a : 2 : ittapi_config_apply_per_lib :  ITTAPI function instrumented: __itt_counter_dec
91135 : 0xd7ba5c5ead10 : 2 : ittapi_config_apply_per_lib :  ITTAPI function instrumented: __itt_counter_dec_delta
91135 : 0xd7ba5c5eb36c : 2 : ittapi_config_apply_per_lib :  ITTAPI function instrumented: __itt_counter_set_value
91135 : 0xd7ba5c5ebb19 : 2 : ittapi_config_apply_per_lib :  ITTAPI function not implemented: __itt_counter_set_value_ex
91135 : 0xd7ba5c5ec2c3 : 2 : ittapi_config_apply_per_lib :  ITTAPI function not implemented: __itt_mark_create
91135 : 0xd7ba5c5ecae0 : 2 : ittapi_config_apply_per_lib :  ITTAPI function not implemented: __itt_mark
91135 : 0xd7ba5c5ee6d2 : 2 : ittapi_config_apply_per_lib :  ITTAPI function not implemented: __itt_mark_off
91135 : 0xd7ba5c5eef0e : 2 : ittapi_config_apply_per_lib :  ITTAPI function not implemented: __itt_mark_global
91135 : 0xd7ba5c5ef708 : 2 : ittapi_config_apply_per_lib :  ITTAPI function not implemented: __itt_mark_global_off
91135 : 0xd7ba5c5efff7 : 2 : ittapi_config_apply_per_lib :  ITTAPI function instrumented: __itt_stack_caller_create
91135 : 0xd7ba5c5f07cb : 2 : ittapi_config_apply_per_lib :  ITTAPI function instrumented: __itt_stack_caller_destroy
91135 : 0xd7ba5c5f0edd : 2 : ittapi_config_apply_per_lib :  ITTAPI function instrumented: __itt_stack_callee_enter
91135 : 0xd7ba5c5f1523 : 2 : ittapi_config_apply_per_lib :  ITTAPI function instrumented: __itt_stack_callee_leave
91135 : 0xd7ba5c5f1c83 : 2 : ittapi_config_apply_per_lib :  ITTAPI function not implemented: __itt_clock_domain_create
91135 : 0xd7ba5c5f24ac : 2 : ittapi_config_apply_per_lib :  ITTAPI function not implemented: __itt_clock_domain_reset
91135 : 0xd7ba5c5f2cdd : 2 : ittapi_config_apply_per_lib :  ITTAPI function not implemented: __itt_id_create_ex
91135 : 0xd7ba5c5f532b : 2 : ittapi_config_apply_per_lib :  ITTAPI function not implemented: __itt_id_destroy_ex
91135 : 0xd7ba5c5f5b22 : 2 : ittapi_config_apply_per_lib :  ITTAPI function not implemented: __itt_task_begin_ex
91135 : 0xd7ba5c5f627e : 2 : ittapi_config_apply_per_lib :  ITTAPI function not implemented: __itt_task_begin_fn_ex
91135 : 0xd7ba5c5f69ed : 2 : ittapi_config_apply_per_lib :  ITTAPI function not implemented: __itt_task_end_ex
91135 : 0xd7ba5c5f7132 : 2 : ittapi_config_apply_per_lib :  ITTAPI function instrumented: __itt_task_begin_overlapped
91135 : 0xd7ba5c5f7874 : 2 : ittapi_config_apply_per_lib :  ITTAPI function not implemented: __itt_task_begin_overlapped_ex
91135 : 0xd7ba5c5f7f92 : 2 : ittapi_config_apply_per_lib :  ITTAPI function instrumented: __itt_task_end_overlapped
91135 : 0xd7ba5c5f8698 : 2 : ittapi_config_apply_per_lib :  ITTAPI function not implemented: __itt_task_end_overlapped_ex
91135 : 0xd7ba5c5f8df7 : 2 : ittapi_config_apply_per_lib :  ITTAPI function not implemented: __itt_marker_ex
91135 : 0xd7ba5c5f97fd : 2 : ittapi_config_apply_per_lib :  ITTAPI function not implemented: __itt_metadata_add_with_scope
91135 : 0xd7ba5c5fb402 : 2 : ittapi_config_apply_per_lib :  ITTAPI function not implemented: __itt_metadata_str_add_with_scope
91135 : 0xd7ba5c5fbc43 : 2 : ittapi_config_apply_per_lib :  ITTAPI function not implemented: __itt_relation_add_to_current_ex
91135 : 0xd7ba5c5fc3dc : 2 : ittapi_config_apply_per_lib :  ITTAPI function not implemented: __itt_relation_add_ex
91135 : 0xd7ba5c5fcbf1 : 2 : ittapi_config_apply_per_lib :  ITTAPI function not implemented: __itt_track_group_create
91135 : 0xd7ba5c5fd325 : 2 : ittapi_config_apply_per_lib :  ITTAPI function not implemented: __itt_track_create
91135 : 0xd7ba5c5fdad1 : 2 : ittapi_config_apply_per_lib :  ITTAPI function not implemented: __itt_set_track
91135 : 0xd7ba5c5fe21f : 2 : ittapi_config_apply_per_lib :  ITTAPI function instrumented: __itt_api_version
91135 : 0xd7ba5c5fea32 : 2 : ittapi_config_apply_per_lib :  ITTAPI function not implemented: __itt_av_save
91135 : 0xd7ba5c5ff122 : 2 : ittapi_config_apply_per_lib :  ITTAPI function instrumented: __itt_module_load
91135 : 0xd7ba5c5ff895 : 2 : ittapi_config_apply_per_lib :  ITTAPI function not implemented: __itt_module_unload
91135 : 0xd7ba5c6010dd : 2 : ittapi_config_apply_per_lib :  ITTAPI function NOT instrumented (not matched by --itt-config option): __itt_histogram_submit

91135 : 0xd7ba5c670f07 : 2 : ittapi_config_mask_get :  --itt-config mask to be applied: 55
91135 : 0xd7ba5c67198b : 2 : ittapi_config_apply_per_lib :  ITTAPI function instrumented: __itt_domain_create
91135 : 0xd7ba5c67229e : 2 : ittapi_config_apply_per_lib :  ITTAPI function instrumented: __itt_module_load_with_sections
91135 : 0xd7ba5c672c17 : 2 : ittapi_config_apply_per_lib :  ITTAPI function not implemented: __itt_module_unload_with_sections
91135 : 0xd7ba5c67337e : 2 : ittapi_config_apply_per_lib :  ITTAPI function instrumented: __itt_string_handle_create
91135 : 0xd7ba5c673a45 : 2 : ittapi_config_apply_per_lib :  ITTAPI function instrumented: __itt_counter_create
91135 : 0xd7ba5c6740d1 : 2 : ittapi_config_apply_per_lib :  ITTAPI function instrumented: __itt_counter_create_typed
91135 : 0xd7ba5c674805 : 2 : ittapi_config_apply_per_lib :  ITTAPI function instrumented: __itt_pause
91135 : 0xd7ba5c674ee1 : 2 : ittapi_config_apply_per_lib :  ITTAPI function instrumented: __itt_resume
91135 : 0xd7ba5c677201 : 2 : ittapi_config_apply_per_lib :  ITTAPI function not implemented: __itt_pause_scoped
91135 : 0xd7ba5c677bfb : 2 : ittapi_config_apply_per_lib :  ITTAPI function not implemented: __itt_resume_scoped
91135 : 0xd7ba5c6783ab : 2 : ittapi_config_apply_per_lib :  ITTAPI function instrumented: __itt_thread_set_name
91135 : 0xd7ba5c678aeb : 2 : ittapi_config_apply_per_lib :  ITTAPI function instrumented: __itt_thread_ignore
91135 : 0xd7ba5c679210 : 2 : ittapi_config_apply_per_lib :  ITTAPI function instrumented: __itt_thr_name_set
91135 : 0xd7ba5c67996e : 2 : ittapi_config_apply_per_lib :  ITTAPI function instrumented: __itt_thr_ignore
91135 : 0xd7ba5c679fae : 2 : ittapi_config_apply_per_lib :  ITTAPI function instrumented: __itt_histogram_create
91135 : 0xd7ba5c67a655 : 2 : ittapi_config_apply_per_lib :  ITTAPI function instrumented: __itt_counter_create_v3
91135 : 0xd7ba5c67adee : 2 : ittapi_config_apply_per_lib :  ITTAPI function instrumented: __itt_bind_context_metadata_to_counter
91135 : 0xd7ba5c67b652 : 2 : ittapi_config_apply_per_lib :  ITTAPI function not implemented: __itt_enable_attach
91135 : 0xd7ba5c67e10c : 2 : ittapi_config_apply_per_lib :  ITTAPI function instrumented: __itt_detach
91135 : 0xd7ba5c67e6e0 : 2 : ittapi_config_apply_per_lib :  ITTAPI function NOT instrumented (not matched by --itt-config option): __itt_sync_create

91135 : 0xd7ba5c67ec84 : 2 : ittapi_config_apply_per_lib :  ITTAPI function NOT instrumented (not matched by --itt-config option): __itt_sync_rename

91135 : 0xd7ba5c67f0f7 : 2 : ittapi_config_apply_per_lib :  ITTAPI function NOT instrumented (not matched by --itt-config option): __itt_sync_destroy

91135 : 0xd7ba5c67f596 : 2 : ittapi_config_apply_per_lib :  ITTAPI function NOT instrumented (not matched by --itt-config option): __itt_sync_prepare

91135 : 0xd7ba5c67f9f8 : 2 : ittapi_config_apply_per_lib :  ITTAPI function NOT instrumented (not matched by --itt-config option): __itt_sync_cancel

91135 : 0xd7ba5c67fe13 : 2 : ittapi_config_apply_per_lib :  ITTAPI function NOT instrumented (not matched by --itt-config option): __itt_sync_acquired

91135 : 0xd7ba5c680215 : 2 : ittapi_config_apply_per_lib :  ITTAPI function NOT instrumented (not matched by --itt-config option): __itt_sync_releasing

91135 : 0xd7ba5c68098a : 2 : ittapi_config_apply_per_lib :  ITTAPI function not implemented: __itt_suppress_push
91135 : 0xd7ba5c6811a9 : 2 : ittapi_config_apply_per_lib :  ITTAPI function not implemented: __itt_suppress_pop
91135 : 0xd7ba5c682e51 : 2 : ittapi_config_apply_per_lib :  ITTAPI function not implemented: __itt_suppress_mark_range
91135 : 0xd7ba5c68372e : 2 : ittapi_config_apply_per_lib :  ITTAPI function not implemented: __itt_suppress_clear_range
91135 : 0xd7ba5c683bd7 : 2 : ittapi_config_apply_per_lib :  ITTAPI function NOT instrumented (not matched by --itt-config option): __itt_sync_prepare

91135 : 0xd7ba5c683fda : 2 : ittapi_config_apply_per_lib :  ITTAPI function NOT instrumented (not matched by --itt-config option): __itt_sync_cancel

91135 : 0xd7ba5c6843bf : 2 : ittapi_config_apply_per_lib :  ITTAPI function NOT instrumented (not matched by --itt-config option): __itt_sync_acquired

91135 : 0xd7ba5c68478e : 2 : ittapi_config_apply_per_lib :  ITTAPI function NOT instrumented (not matched by --itt-config option): __itt_sync_releasing

91135 : 0xd7ba5c684bf9 : 2 : ittapi_config_apply_per_lib :  ITTAPI function NOT instrumented (not matched by --itt-config option): __itt_model_site_begin

91135 : 0xd7ba5c685018 : 2 : ittapi_config_apply_per_lib :  ITTAPI function NOT instrumented (not matched by --itt-config option): __itt_model_site_end

91135 : 0xd7ba5c68548d : 2 : ittapi_config_apply_per_lib :  ITTAPI function NOT instrumented (not matched by --itt-config option): __itt_model_task_begin

91135 : 0xd7ba5c685981 : 2 : ittapi_config_apply_per_lib :  ITTAPI function NOT instrumented (not matched by --itt-config option): __itt_model_task_end

91135 : 0xd7ba5c687295 : 2 : ittapi_config_apply_per_lib :  ITTAPI function NOT instrumented (not matched by --itt-config option): __itt_model_lock_acquire

91135 : 0xd7ba5c6877fa : 2 : ittapi_config_apply_per_lib :  ITTAPI function NOT instrumented (not matched by --itt-config option): __itt_model_lock_release

91135 : 0xd7ba5c687caa : 2 : ittapi_config_apply_per_lib :  ITTAPI function NOT instrumented (not matched by --itt-config option): __itt_model_record_allocation

91135 : 0xd7ba5c68809d : 2 : ittapi_config_apply_per_lib :  ITTAPI function NOT instrumented (not matched by --itt-config option): __itt_model_record_deallocation

91135 : 0xd7ba5c688475 : 2 : ittapi_config_apply_per_lib :  ITTAPI function NOT instrumented (not matched by --itt-config option): __itt_model_induction_uses

91135 : 0xd7ba5c68883e : 2 : ittapi_config_apply_per_lib :  ITTAPI function NOT instrumented (not matched by --itt-config option): __itt_model_reduction_uses

91135 : 0xd7ba5c688bff : 2 : ittapi_config_apply_per_lib :  ITTAPI function NOT instrumented (not matched by --itt-config option): __itt_model_observe_uses

91135 : 0xd7ba5c688fda : 2 : ittapi_config_apply_per_lib :  ITTAPI function NOT instrumented (not matched by --itt-config option): __itt_model_clear_uses

91135 : 0xd7ba5c68936a : 2 : ittapi_config_apply_per_lib :  ITTAPI function NOT instrumented (not matched by --itt-config option): __itt_model_site_beginA

91135 : 0xd7ba5c6896fa : 2 : ittapi_config_apply_per_lib :  ITTAPI function NOT instrumented (not matched by --itt-config option): __itt_model_site_beginAL

91135 : 0xd7ba5c68b942 : 2 : ittapi_config_apply_per_lib :  ITTAPI function NOT instrumented (not matched by --itt-config option): __itt_model_task_beginA

91135 : 0xd7ba5c68bdc9 : 2 : ittapi_config_apply_per_lib :  ITTAPI function NOT instrumented (not matched by --itt-config option): __itt_model_task_beginAL

91135 : 0xd7ba5c68c1c6 : 2 : ittapi_config_apply_per_lib :  ITTAPI function NOT instrumented (not matched by --itt-config option): __itt_model_iteration_taskA

91135 : 0xd7ba5c68c5cf : 2 : ittapi_config_apply_per_lib :  ITTAPI function NOT instrumented (not matched by --itt-config option): __itt_model_iteration_taskAL

91135 : 0xd7ba5c68c986 : 2 : ittapi_config_apply_per_lib :  ITTAPI function NOT instrumented (not matched by --itt-config option): __itt_model_site_end_2

91135 : 0xd7ba5c68cd3a : 2 : ittapi_config_apply_per_lib :  ITTAPI function NOT instrumented (not matched by --itt-config option): __itt_model_task_end_2

91135 : 0xd7ba5c68d0ed : 2 : ittapi_config_apply_per_lib :  ITTAPI function NOT instrumented (not matched by --itt-config option): __itt_model_lock_acquire_2

91135 : 0xd7ba5c68d48d : 2 : ittapi_config_apply_per_lib :  ITTAPI function NOT instrumented (not matched by --itt-config option): __itt_model_lock_release_2

91135 : 0xd7ba5c68d82b : 2 : ittapi_config_apply_per_lib :  ITTAPI function NOT instrumented (not matched by --itt-config option): __itt_model_aggregate_task

91135 : 0xd7ba5c68dbcd : 2 : ittapi_config_apply_per_lib :  ITTAPI function NOT instrumented (not matched by --itt-config option): __itt_model_disable_push

91135 : 0xd7ba5c68f39a : 2 : ittapi_config_apply_per_lib :  ITTAPI function NOT instrumented (not matched by --itt-config option): __itt_model_disable_pop

91135 : 0xd7ba5c68fa9e : 2 : ittapi_config_apply_per_lib :  ITTAPI function instrumented: __itt_heap_function_create
91135 : 0xd7ba5c6901ba : 2 : ittapi_config_apply_per_lib :  ITTAPI function instrumented: __itt_heap_allocate_begin
91135 : 0xd7ba5c6907b9 : 2 : ittapi_config_apply_per_lib :  ITTAPI function instrumented: __itt_heap_allocate_end
91135 : 0xd7ba5c690e13 : 2 : ittapi_config_apply_per_lib :  ITTAPI function instrumented: __itt_heap_free_begin
91135 : 0xd7ba5c691436 : 2 : ittapi_config_apply_per_lib :  ITTAPI function instrumented: __itt_heap_free_end
91135 : 0xd7ba5c691af3 : 2 : ittapi_config_apply_per_lib :  ITTAPI function instrumented: __itt_heap_reallocate_begin
91135 : 0xd7ba5c692138 : 2 : ittapi_config_apply_per_lib :  ITTAPI function instrumented: __itt_heap_reallocate_end
91135 : 0xd7ba5c6928ee : 2 : ittapi_config_apply_per_lib :  ITTAPI function not implemented: __itt_heap_internal_access_begin
91135 : 0xd7ba5c6930b4 : 2 : ittapi_config_apply_per_lib :  ITTAPI function not implemented: __itt_heap_internal_access_end
91135 : 0xd7ba5c694ce5 : 2 : ittapi_config_apply_per_lib :  ITTAPI function not implemented: __itt_heap_record_memory_growth_begin
91135 : 0xd7ba5c69554b : 2 : ittapi_config_apply_per_lib :  ITTAPI function not implemented: __itt_heap_record_memory_growth_end
91135 : 0xd7ba5c695d94 : 2 : ittapi_config_apply_per_lib :  ITTAPI function not implemented: __itt_heap_reset_detection
91135 : 0xd7ba5c69652a : 2 : ittapi_config_apply_per_lib :  ITTAPI function not implemented: __itt_heap_record
91135 : 0xd7ba5c696ccf : 2 : ittapi_config_apply_per_lib :  ITTAPI function not implemented: __itt_id_create
91135 : 0xd7ba5c6974d4 : 2 : ittapi_config_apply_per_lib :  ITTAPI function not implemented: __itt_id_destroy
91135 : 0xd7ba5c697bcb : 2 : ittapi_config_apply_per_lib :  ITTAPI function instrumented: __itt_get_timestamp
91135 : 0xd7ba5c69839d : 2 : ittapi_config_apply_per_lib :  ITTAPI function not implemented: __itt_region_begin
91135 : 0xd7ba5c698b0a : 2 : ittapi_config_apply_per_lib :  ITTAPI function not implemented: __itt_region_end
91135 : 0xd7ba5c699261 : 2 : ittapi_config_apply_per_lib :  ITTAPI function instrumented: __itt_frame_begin_v3
91135 : 0xd7ba5c69bd8a : 2 : ittapi_config_apply_per_lib :  ITTAPI function instrumented: __itt_frame_end_v3
91135 : 0xd7ba5c69c51c : 2 : ittapi_config_apply_per_lib :  ITTAPI function instrumented: __itt_frame_submit_v3
91135 : 0xd7ba5c69cd0e : 2 : ittapi_config_apply_per_lib :  ITTAPI function not implemented: __itt_task_group
91135 : 0xd7ba5c69d41a : 2 : ittapi_config_apply_per_lib :  ITTAPI function instrumented: __itt_task_begin
91135 : 0xd7ba5c69db58 : 2 : ittapi_config_apply_per_lib :  ITTAPI function instrumented: __itt_task_begin_fn
91135 : 0xd7ba5c69e1fd : 2 : ittapi_config_apply_per_lib :  ITTAPI function instrumented: __itt_task_end
91135 : 0xd7ba5c69e9cd : 2 : ittapi_config_apply_per_lib :  ITTAPI function not implemented: __itt_counter_inc_v3
91135 : 0xd7ba5c69f1ab : 2 : ittapi_config_apply_per_lib :  ITTAPI function not implemented: __itt_counter_inc_delta_v3
91135 : 0xd7ba5c69f99f : 2 : ittapi_config_apply_per_lib :  ITTAPI function not implemented: __itt_counter_dec_v3
91135 : 0xd7ba5c6a0108 : 2 : ittapi_config_apply_per_lib :  ITTAPI function not implemented: __itt_counter_dec_delta_v3
91135 : 0xd7ba5c6a1def : 2 : ittapi_config_apply_per_lib :  ITTAPI function not implemented: __itt_marker
91135 : 0xd7ba5c6a258b : 2 : ittapi_config_apply_per_lib :  ITTAPI function instrumented: __itt_metadata_add
91135 : 0xd7ba5c6a2df7 : 2 : ittapi_config_apply_per_lib :  ITTAPI function not implemented: __itt_metadata_str_add
91135 : 0xd7ba5c6a35b0 : 2 : ittapi_config_apply_per_lib :  ITTAPI function not implemented: __itt_relation_add_to_current
91135 : 0xd7ba5c6a3df1 : 2 : ittapi_config_apply_per_lib :  ITTAPI function not implemented: __itt_relation_add
91135 : 0xd7ba5c6a4490 : 2 : ittapi_config_apply_per_lib :  ITTAPI function instrumented: __itt_event_create
91135 : 0xd7ba5c6a4b57 : 2 : ittapi_config_apply_per_lib :  ITTAPI function instrumented: __itt_event_start
91135 : 0xd7ba5c6a5245 : 2 : ittapi_config_apply_per_lib :  ITTAPI function instrumented: __itt_event_end
91135 : 0xd7ba5c6a56cd : 2 : ittapi_config_apply_per_lib :  ITTAPI function NOT instrumented (not matched by --itt-config option): __itt_sync_set_name

91135 : 0xd7ba5c6a5b72 : 2 : ittapi_config_apply_per_lib :  ITTAPI function NOT instrumented (not matched by --itt-config option): __itt_notify_sync_name

91135 : 0xd7ba5c6a73f1 : 2 : ittapi_config_apply_per_lib :  ITTAPI function NOT instrumented (not matched by --itt-config option): __itt_notify_sync_prepare

91135 : 0xd7ba5c6a7a8e : 2 : ittapi_config_apply_per_lib :  ITTAPI function NOT instrumented (not matched by --itt-config option): __itt_notify_sync_cancel

91135 : 0xd7ba5c6a7f45 : 2 : ittapi_config_apply_per_lib :  ITTAPI function NOT instrumented (not matched by --itt-config option): __itt_notify_sync_acquired

91135 : 0xd7ba5c6a8397 : 2 : ittapi_config_apply_per_lib :  ITTAPI function NOT instrumented (not matched by --itt-config option): __itt_notify_sync_releasing

91135 : 0xd7ba5c6a8bb0 : 2 : ittapi_config_apply_per_lib :  ITTAPI function not implemented: __itt_memory_read
91135 : 0xd7ba5c6a9424 : 2 : ittapi_config_apply_per_lib :  ITTAPI function not implemented: __itt_memory_write
91135 : 0xd7ba5c6a9bfc : 2 : ittapi_config_apply_per_lib :  ITTAPI function not implemented: __itt_memory_update
91135 : 0xd7ba5c6aa3ce : 2 : ittapi_config_apply_per_lib :  ITTAPI function not implemented: __itt_state_get
91135 : 0xd7ba5c6aabb8 : 2 : ittapi_config_apply_per_lib :  ITTAPI function not implemented: __itt_state_set
91135 : 0xd7ba5c6ab31d : 2 : ittapi_config_apply_per_lib :  ITTAPI function not implemented: __itt_obj_mode_set
91135 : 0xd7ba5c6ad96d : 2 : ittapi_config_apply_per_lib :  ITTAPI function not implemented: __itt_thr_mode_set
91135 : 0xd7ba5c6ae058 : 2 : ittapi_config_apply_per_lib :  ITTAPI function instrumented: __itt_frame_create
91135 : 0xd7ba5c6ae6ed : 2 : ittapi_config_apply_per_lib :  ITTAPI function instrumented: __itt_pt_region_create
91135 : 0xd7ba5c6aee7e : 2 : ittapi_config_apply_per_lib :  ITTAPI function instrumented: __itt_frame_begin
91135 : 0xd7ba5c6af584 : 2 : ittapi_config_apply_per_lib :  ITTAPI function instrumented: __itt_frame_end
91135 : 0xd7ba5c6afdad : 2 : ittapi_config_apply_per_lib :  ITTAPI function not implemented: __itt_counter_destroy
91135 : 0xd7ba5c6b051c : 2 : ittapi_config_apply_per_lib :  ITTAPI function instrumented: __itt_counter_inc
91135 : 0xd7ba5c6b0b5f : 2 : ittapi_config_apply_per_lib :  ITTAPI function instrumented: __itt_counter_inc_delta
91135 : 0xd7ba5c6b1208 : 2 : ittapi_config_apply_per_lib :  ITTAPI function instrumented: __itt_counter_dec
91135 : 0xd7ba5c6b191e : 2 : ittapi_config_apply_per_lib :  ITTAPI function instrumented: __itt_counter_dec_delta
91135 : 0xd7ba5c6b3390 : 2 : ittapi_config_apply_per_lib :  ITTAPI function instrumented: __itt_counter_set_value
91135 : 0xd7ba5c6b3be2 : 2 : ittapi_config_apply_per_lib :  ITTAPI function not implemented: __itt_counter_set_value_ex
91135 : 0xd7ba5c6b4363 : 2 : ittapi_config_apply_per_lib :  ITTAPI function not implemented: __itt_mark_create
91135 : 0xd7ba5c6b4b29 : 2 : ittapi_config_apply_per_lib :  ITTAPI function not implemented: __itt_mark
91135 : 0xd7ba5c6b5301 : 2 : ittapi_config_apply_per_lib :  ITTAPI function not implemented: __itt_mark_off
91135 : 0xd7ba5c6b5ab3 : 2 : ittapi_config_apply_per_lib :  ITTAPI function not implemented: __itt_mark_global
91135 : 0xd7ba5c6b628f : 2 : ittapi_config_apply_per_lib :  ITTAPI function not implemented: __itt_mark_global_off
91135 : 0xd7ba5c6b6ab0 : 2 : ittapi_config_apply_per_lib :  ITTAPI function instrumented: __itt_stack_caller_create
91135 : 0xd7ba5c6b7200 : 2 : ittapi_config_apply_per_lib :  ITTAPI function instrumented: __itt_stack_caller_destroy
91135 : 0xd7ba5c6b78c7 : 2 : ittapi_config_apply_per_lib :  ITTAPI function instrumented: __itt_stack_callee_enter
91135 : 0xd7ba5c6b9321 : 2 : ittapi_config_apply_per_lib :  ITTAPI function instrumented: __itt_stack_callee_leave
91135 : 0xd7ba5c6b9ae9 : 2 : ittapi_config_apply_per_lib :  ITTAPI function not implemented: __itt_clock_domain_create
91135 : 0xd7ba5c6ba320 : 2 : ittapi_config_apply_per_lib :  ITTAPI function not implemented: __itt_clock_domain_reset
91135 : 0xd7ba5c6bab39 : 2 : ittapi_config_apply_per_lib :  ITTAPI function not implemented: __itt_id_create_ex
91135 : 0xd7ba5c6bb2b8 : 2 : ittapi_config_apply_per_lib :  ITTAPI function not implemented: __itt_id_destroy_ex
91135 : 0xd7ba5c6bba4d : 2 : ittapi_config_apply_per_lib :  ITTAPI function not implemented: __itt_task_begin_ex
91135 : 0xd7ba5c6bc1ac : 2 : ittapi_config_apply_per_lib :  ITTAPI function not implemented: __itt_task_begin_fn_ex
91135 : 0xd7ba5c6bc91f : 2 : ittapi_config_apply_per_lib :  ITTAPI function not implemented: __itt_task_end_ex
91135 : 0xd7ba5c6bcfec : 2 : ittapi_config_apply_per_lib :  ITTAPI function instrumented: __itt_task_begin_overlapped
91135 : 0xd7ba5c6bd77a : 2 : ittapi_config_apply_per_lib :  ITTAPI function not implemented: __itt_task_begin_overlapped_ex
91135 : 0xd7ba5c6bf2ba : 2 : ittapi_config_apply_per_lib :  ITTAPI function instrumented: __itt_task_end_overlapped
91135 : 0xd7ba5c6bfa7a : 2 : ittapi_config_apply_per_lib :  ITTAPI function not implemented: __itt_task_end_overlapped_ex
91135 : 0xd7ba5c6c0238 : 2 : ittapi_config_apply_per_lib :  ITTAPI function not implemented: __itt_marker_ex
91135 : 0xd7ba5c6c0a44 : 2 : ittapi_config_apply_per_lib :  ITTAPI function not implemented: __itt_metadata_add_with_scope
91135 : 0xd7ba5c6c11e0 : 2 : ittapi_config_apply_per_lib :  ITTAPI function not implemented: __itt_metadata_str_add_with_scope
91135 : 0xd7ba5c6c19bc : 2 : ittapi_config_apply_per_lib :  ITTAPI function not implemented: __itt_relation_add_to_current_ex
91135 : 0xd7ba5c6c2151 : 2 : ittapi_config_apply_per_lib :  ITTAPI function not implemented: __itt_relation_add_ex
91135 : 0xd7ba5c6c28e5 : 2 : ittapi_config_apply_per_lib :  ITTAPI function not implemented: __itt_track_group_create
91135 : 0xd7ba5c6c2fff : 2 : ittapi_config_apply_per_lib :  ITTAPI function not implemented: __itt_track_create
91135 : 0xd7ba5c6c374f : 2 : ittapi_config_apply_per_lib :  ITTAPI function not implemented: __itt_set_track
91135 : 0xd7ba5c6c5f56 : 2 : ittapi_config_apply_per_lib :  ITTAPI function instrumented: __itt_api_version
91135 : 0xd7ba5c6c67de : 2 : ittapi_config_apply_per_lib :  ITTAPI function not implemented: __itt_av_save
91135 : 0xd7ba5c6c6f02 : 2 : ittapi_config_apply_per_lib :  ITTAPI function instrumented: __itt_module_load
91135 : 0xd7ba5c6c76a5 : 2 : ittapi_config_apply_per_lib :  ITTAPI function not implemented: __itt_module_unload
91135 : 0xd7ba5c6c7b1a : 2 : ittapi_config_apply_per_lib :  ITTAPI function NOT instrumented (not matched by --itt-config option): __itt_histogram_submit

91135 : 0xd7ba5c6c81d9 : 2 : ittapi_config_apply_per_lib :  ITTAPI function instrumented: __itt_counter_set_value_v3