
80489 : 0xd04da3eb9146 : 1 : spill_jit_data :  Jit agent is not initialized
80475 : 0xd04da3ec507e : 2 : ittapi_config_mask_get :  --itt-config mask to be applied: 55
80475 : 0xd04da3ec8133 : 2 : ittapi_config_apply_per_lib :  ITTAPI function instrumented: __itt_domain_create
80475 : 0xd04da3ec906a : 2 : ittapi_config_apply_per_lib :  ITTAPI function instrumented: __itt_module_load_with_sections
80475 : 0xd04da3eca0eb : 2 : ittapi_config_apply_per_lib :  ITTAPI function not implemented: __itt_module_unload_with_sections
80475 : 0xd04da3ecab0d : 2 : ittapi_config_apply_per_lib :  ITTAPI function instrumented: __itt_string_handle_create
80475 : 0xd04da3ecb28c : 2 : ittapi_config_apply_per_lib :  ITTAPI function instrumented: __itt_counter_create
80475 : 0xd04da3ecb94b : 2 : ittapi_config_apply_per_lib :  ITTAPI function instrumented: __itt_counter_create_typed
80475 : 0xd04da3ecc0f3 : 2 : ittapi_config_apply_per_lib :  ITTAPI function instrumented: __itt_pause
80475 : 0xd04da3ecc888 : 2 : ittapi_config_apply_per_lib :  ITTAPI function instrumented: __itt_resume
80475 : 0xd04da3ed8b20 : 2 : ittapi_config_apply_per_lib :  ITTAPI function instrumented: __itt_thread_set_name
80475 : 0xd04da3ed935f : 2 : ittapi_config_apply_per_lib :  ITTAPI function instrumented: __itt_thread_ignore
80475 : 0xd04da3ed9a6b : 2 : ittapi_config_apply_per_lib :  ITTAPI function instrumented: __itt_thr_name_set
80475 : 0xd04da3eda206 : 2 : ittapi_config_apply_per_lib :  ITTAPI function instrumented: __itt_thr_ignore
80475 : 0xd04da3eda946 : 2 : ittapi_config_apply_per_lib :  ITTAPI function instrumented: __itt_histogram_create
80475 : 0xd04da3edb3a6 : 2 : ittapi_config_apply_per_lib :  ITTAPI function not implemented: __itt_enable_attach
80475 : 0xd04da3edbb82 : 2 : ittapi_config_apply_per_lib :  ITTAPI function instrumented: __itt_detach
80475 : 0xd04da3edc0d7 : 2 : ittapi_config_apply_per_lib :  ITTAPI function NOT instrumented (not matched by --itt-config option): __itt_sync_create

80475 : 0xd04da3edc718 : 2 : ittapi_config_apply_per_lib :  ITTAPI function NOT instrumented (not matched by --itt-config option): __itt_sync_rename

80475 : 0xd04da3edcb87 : 2 : ittapi_config_apply_per_lib :  ITTAPI function NOT instrumented (not matched by --itt-config option): __itt_sync_destroy

80475 : 0xd04da3edeb4e : 2 : ittapi_config_apply_per_lib :  ITTAPI function NOT instrumented (not matched by --itt-config option): __itt_sync_prepare

80475 : 0xd04da3edf0b1 : 2 : ittapi_config_apply_per_lib :  ITTAPI function NOT instrumented (not matched by --itt-config option): __itt_sync_cancel

80475 : 0xd04da3edf52a : 2 : ittapi_config_apply_per_lib :  ITTAPI function NOT instrumented (not matched by --itt-config option): __itt_sync_acquired

80475 : 0xd04da3edf9b7 : 2 : ittapi_config_apply_per_lib :  ITTAPI function NOT instrumented (not matched by --itt-config option): __itt_sync_releasing

80475 : 0xd04da3ee040c : 2 : ittapi_config_apply_per_lib :  ITTAPI function not implemented: __itt_suppress_push
80475 : 0xd04da3ee0ece : 2 : ittapi_config_apply_per_lib :  ITTAPI function not implemented: __itt_suppress_pop
80475 : 0xd04da3ee184b : 2 : ittapi_config_apply_per_lib :  ITTAPI function not implemented: __itt_suppress_mark_range
80475 : 0xd04da3ee2160 : 2 : ittapi_config_apply_per_lib :  ITTAPI function not implemented: __itt_suppress_clear_range
80475 : 0xd04da3ee25e1 : 2 : ittapi_config_apply_per_lib :  ITTAPI function NOT instrumented (not matched by --itt-config option): __itt_sync_prepare

80475 : 0xd04da3ee2a70 : 2 : ittapi_config_apply_per_lib :  ITTAPI function NOT instrumented (not matched by --itt-config option): __itt_sync_cancel

80475 : 0xd04da3ee4313 : 2 : ittapi_config_apply_per_lib :  ITTAPI function NOT instrumented (not matched by --itt-config option): __itt_sync_acquired

80475 : 0xd04da3ee4811 : 2 : ittapi_config_apply_per_lib :  ITTAPI function NOT instrumented (not matched by --itt-config option): __itt_sync_releasing

80475 : 0xd04da3ee4d5c : 2 : ittapi_config_apply_per_lib :  ITTAPI function NOT instrumented (not matched by --itt-config option): __itt_model_site_begin

80475 : 0xd04da3ee5254 : 2 : ittapi_config_apply_per_lib :  ITTAPI function NOT instrumented (not matched by --itt-config option): __itt_model_site_end

80475 : 0xd04da3ee5719 : 2 : ittapi_config_apply_per_lib :  ITTAPI function NOT instrumented (not matched by --itt-config option): __itt_model_task_begin

80475 : 0xd04da3ee5c48 : 2 : ittapi_config_apply_per_lib :  ITTAPI function NOT instrumented (not matched by --itt-config option): __itt_model_task_end

80475 : 0xd04da3ee6166 : 2 : ittapi_config_apply_per_lib :  ITTAPI function NOT instrumented (not matched by --itt-config option): __itt_model_lock_acquire

80475 : 0xd04da3ee6784 : 2 : ittapi_config_apply_per_lib :  ITTAPI function NOT instrumented (not matched by --itt-config option): __itt_model_lock_release

80475 : 0xd04da3ee6ce3 : 2 : ittapi_config_apply_per_lib :  ITTAPI function NOT instrumented (not matched by --itt-config option): __itt_model_record_allocation

80475 : 0xd04da3ee70c4 : 2 : ittapi_config_apply_per_lib :  ITTAPI function NOT instrumented (not matched by --itt-config option): __itt_model_record_deallocation

80475 : 0xd04da3eea601 : 2 : ittapi_config_apply_per_lib :  ITTAPI function NOT instrumented (not matched by --itt-config option): __itt_model_induction_uses

80475 : 0xd04da3eeaaa0 : 2 : ittapi_config_apply_per_lib :  ITTAPI function NOT instrumented (not matched by --itt-config option): __itt_model_reduction_uses

80475 : 0xd04da3eeae9a : 2 : ittapi_config_apply_per_lib :  ITTAPI function NOT instrumented (not matched by --itt-config option): __itt_model_observe_uses

80475 : 0xd04da3eeb258 : 2 : ittapi_config_apply_per_lib :  ITTAPI function NOT instrumented (not matched by --itt-config option): __itt_model_clear_uses

80475 : 0xd04da3eeb60e : 2 : ittapi_config_apply_per_lib :  ITTAPI function NOT instrumented (not matched by --itt-config option): __itt_model_site_beginA

80475 : 0xd04da3eeb9b1 : 2 : ittapi_config_apply_per_lib :  ITTAPI function NOT instrumented (not matched by --itt-config option): __itt_model_site_beginAL

80475 : 0xd04da3eebd55 : 2 : ittapi_config_apply_per_lib :  ITTAPI function NOT instrumented (not matched by --itt-config option): __itt_model_task_beginA

80475 : 0xd04da3eec0f1 : 2 : ittapi_config_apply_per_lib :  ITTAPI function NOT instrumented (not matched by --itt-config option): __itt_model_task_beginAL

80475 : 0xd04da3eec489 : 2 : ittapi_config_apply_per_lib :  ITTAPI function NOT instrumented (not matched by --itt-config option): __itt_model_iteration_taskA

80475 : 0xd04da3eec827 : 2 : ittapi_config_apply_per_lib :  ITTAPI function NOT instrumented (not matched by --itt-config option): __itt_model_iteration_taskAL

80475 : 0xd04da3eee031 : 2 : ittapi_config_apply_per_lib :  ITTAPI function NOT instrumented (not matched by --itt-config option): __itt_model_site_end_2

80475 : 0xd04da3eee453 : 2 : ittapi_config_apply_per_lib :  ITTAPI function NOT instrumented (not matched by --itt-config option): __itt_model_task_end_2

80475 : 0xd04da3eee864 : 2 : ittapi_config_apply_per_lib :  ITTAPI function NOT instrumented (not matched by --itt-config option): __itt_model_lock_acquire_2

80475 : 0xd04da3eeec45 : 2 : ittapi_config_apply_per_lib :  ITTAPI function NOT instrumented (not matched by --itt-config option): __itt_model_lock_release_2

80475 : 0xd04da3eeeffb : 2 : ittapi_config_apply_per_lib :  ITTAPI function NOT instrumented (not matched by --itt-config option): __itt_model_aggregate_task

80475 : 0xd04da3eef3ac : 2 : ittapi_config_apply_per_lib :  ITTAPI function NOT instrumented (not matched by --itt-config option): __itt_model_disable_push

80475 : 0xd04da3eef785 : 2 : ittapi_config_apply_per_lib :  ITTAPI function NOT instrumented (not matched by --itt-config option): __itt_model_disable_pop

80475 : 0xd04da3eeff04 : 2 : ittapi_config_apply_per_lib :  ITTAPI function instrumented: __itt_heap_function_create
80475 : 0xd04da3ef073b : 2 : ittapi_config_apply_per_lib :  ITTAPI function instrumented: __itt_heap_allocate_begin
80475 : 0xd04da3ef0d80 : 2 : ittapi_config_apply_per_lib :  ITTAPI function instrumented: __itt_heap_allocate_end
80475 : 0xd04da3ef3421 : 2 : ittapi_config_apply_per_lib :  ITTAPI function instrumented: __itt_heap_free_begin
80475 : 0xd04da3ef3b4f : 2 : ittapi_config_apply_per_lib :  ITTAPI function instrumented: __itt_heap_free_end
80475 : 0xd04da3ef4286 : 2 : ittapi_config_apply_per_lib :  ITTAPI function instrumented: __itt_heap_reallocate_begin
80475 : 0xd04da3ef486a : 2 : ittapi_config_apply_per_lib :  ITTAPI function instrumented: __itt_heap_reallocate_end
80475 : 0xd04da3ef50c0 : 2 : ittapi_config_apply_per_lib :  ITTAPI function not implemented: __itt_heap_internal_access_begin
80475 : 0xd04da3ef5921 : 2 : ittapi_config_apply_per_lib :  ITTAPI function not implemented: __itt_heap_internal_access_end
80475 : 0xd04da3ef6124 : 2 : ittapi_config_apply_per_lib :  ITTAPI function not implemented: __itt_heap_record_memory_growth_begin
80475 : 0xd04da3ef68d7 : 2 : ittapi_config_apply_per_lib :  ITTAPI function not implemented: __itt_heap_record_memory_growth_end
80475 : 0xd04da3ef7102 : 2 : ittapi_config_apply_per_lib :  ITTAPI function not implemented: __itt_heap_reset_detection
80475 : 0xd04da3ef7f95 : 2 : ittapi_config_apply_per_lib :  ITTAPI function not implemented: __itt_heap_record
80475 : 0xd04da3ef9bc3 : 2 : ittapi_config_apply_per_lib :  ITTAPI function not implemented: __itt_id_create
80475 : 0xd04da3efa44d : 2 : ittapi_config_apply_per_lib :  ITTAPI function not implemented: __itt_id_destroy
80475 : 0xd04da3efac00 : 2 : ittapi_config_apply_per_lib :  ITTAPI function instrumented: __itt_get_timestamp
80475 : 0xd04da3efb3c6 : 2 : ittapi_config_apply_per_lib :  ITTAPI function not implemented: __itt_region_begin
80475 : 0xd04da3efbb1f : 2 : ittapi_config_apply_per_lib :  ITTAPI function not implemented: __itt_region_end
80475 : 0xd04da3efc2e9 : 2 : ittapi_config_apply_per_lib :  ITTAPI function instrumented: __itt_frame_begin_v3
80475 : 0xd04da3efca03 : 2 : ittapi_config_apply_per_lib :  ITTAPI function instrumented: __itt_frame_end_v3
80475 : 0xd04da3efd13f : 2 : ittapi_config_apply_per_lib :  ITTAPI function instrumented: __itt_frame_submit_v3
80475 : 0xd04da3efd999 : 2 : ittapi_config_apply_per_lib :  ITTAPI function not implemented: __itt_task_group
80475 : 0xd04da3efe0ad : 2 : ittapi_config_apply_per_lib :  ITTAPI function instrumented: __itt_task_begin
80475 : 0xd04da3effbd1 : 2 : ittapi_config_apply_per_lib :  ITTAPI function instrumented: __itt_task_begin_fn
80475 : 0xd04da3f002e3 : 2 : ittapi_config_apply_per_lib :  ITTAPI function instrumented: __itt_task_end
80475 : 0xd04da3f00b38 : 2 : ittapi_config_apply_per_lib :  ITTAPI function not implemented: __itt_counter_inc_v3
80475 : 0xd04da3f0135b : 2 : ittapi_config_apply_per_lib :  ITTAPI function not implemented: __itt_counter_inc_delta_v3
80475 : 0xd04da3f01b45 : 2 : ittapi_config_apply_per_lib :  ITTAPI function not implemented: __itt_counter_dec_v3
80475 : 0xd04da3f0226c : 2 : ittapi_config_apply_per_lib :  ITTAPI function not implemented: __itt_counter_dec_delta_v3
80475 : 0xd04da3f02aed : 2 : ittapi_config_apply_per_lib :  ITTAPI function not implemented: __itt_marker
80475 : 0xd04da3f032d6 : 2 : ittapi_config_apply_per_lib :  ITTAPI function instrumented: __itt_metadata_add
80475 : 0xd04da3f03b2d : 2 : ittapi_config_apply_per_lib :  ITTAPI function not implemented: __itt_metadata_str_add
80475 : 0xd04da3f0433c : 2 : ittapi_config_apply_per_lib :  ITTAPI function not implemented: __itt_relation_add_to_current
80475 : 0xd04da3f05ec1 : 2 : ittapi_config_apply_per_lib :  ITTAPI function not implemented: __itt_relation_add
80475 : 0xd04da3f06646 : 2 : ittapi_config_apply_per_lib :  ITTAPI function instrumented: __itt_event_create
80475 : 0xd04da3f06d24 : 2 : ittapi_config_apply_per_lib :  ITTAPI function instrumented: __itt_event_start
80475 : 0xd04da3f07464 : 2 : ittapi_config_apply_per_lib :  ITTAPI function instrumented: __itt_event_end
80475 : 0xd04da3f07956 : 2 : ittapi_config_apply_per_lib :  ITTAPI function NOT instrumented (not matched by --itt-config option): __itt_sync_set_name

80475 : 0xd04da3f07ec5 : 2 : ittapi_config_apply_per_lib :  ITTAPI function NOT instrumented (not matched by --itt-config option): __itt_notify_sync_name

80475 : 0xd04da3f083fa : 2 : ittapi_config_apply_per_lib :  ITTAPI function NOT instrumented (not matched by --itt-config option): __itt_notify_sync_prepare

80475 : 0xd04da3f0888f : 2 : ittapi_config_apply_per_lib :  ITTAPI function NOT instrumented (not matched by --itt-config option): __itt_notify_sync_cancel

80475 : 0xd04da3f08d40 : 2 : ittapi_config_apply_per_lib :  ITTAPI function NOT instrumented (not matched by --itt-config option): __itt_notify_sync_acquired

80475 : 0xd04da3f091bd : 2 : ittapi_config_apply_per_lib :  ITTAPI function NOT instrumented (not matched by --itt-config option): __itt_notify_sync_releasing

80475 : 0xd04da3f0b8d3 : 2 : ittapi_config_apply_per_lib :  ITTAPI function not implemented: __itt_memory_read
80475 : 0xd04da3f0c1b4 : 2 : ittapi_config_apply_per_lib :  ITTAPI function not implemented: __itt_memory_write
80475 : 0xd04da3f0ca44 : 2 : ittapi_config_apply_per_lib :  ITTAPI function not implemented: __itt_memory_update
80475 : 0xd04da3f0d273 : 2 : ittapi_config_apply_per_lib :  ITTAPI function not implemented: __itt_state_get
80475 : 0xd04da3f0da30 : 2 : ittapi_config_apply_per_lib :  ITTAPI function not implemented: __itt_state_set
80475 : 0xd04da3f0e1be : 2 : ittapi_config_apply_per_lib :  ITTAPI function not implemented: __itt_obj_mode_set
80475 : 0xd04da3f0e980 : 2 : ittapi_config_apply_per_lib :  ITTAPI function not implemented: __itt_thr_mode_set
80475 : 0xd04da3f0f073 : 2 : ittapi_config_apply_per_lib :  ITTAPI function instrumented: __itt_frame_create
80475 : 0xd04da3f0f78f : 2 : ittapi_config_apply_per_lib :  ITTAPI function instrumented: __itt_pt_region_create
80475 : 0xd04da3f0ffa0 : 2 : ittapi_config_apply_per_lib :  ITTAPI function instrumented: __itt_frame_begin
80475 : 0xd04da3f11a7f : 2 : ittapi_config_apply_per_lib :  ITTAPI function instrumented: __itt_frame_end
80475 : 0xd04da3f12318 : 2 : ittapi_config_apply_per_lib :  ITTAPI function not implemented: __itt_counter_destroy
80475 : 0xd04da3f12a89 : 2 : ittapi_config_apply_per_lib :  ITTAPI function instrumented: __itt_counter_inc
80475 : 0xd04da3f13200 : 2 : ittapi_config_apply_per_lib :  ITTAPI function instrumented: __itt_counter_inc_delta
80475 : 0xd04da3f138a6 : 2 : ittapi_config_apply_per_lib :  ITTAPI function instrumented: __itt_counter_dec
80475 : 0xd04da3f13f94 : 2 : ittapi_config_apply_per_lib :  ITTAPI function instrumented: __itt_counter_dec_delta
80475 : 0xd04da3f145e1 : 2 : ittapi_config_apply_per_lib :  ITTAPI function instrumented: __itt_counter_set_value
80475 : 0xd04da3f14da1 : 2 : ittapi_config_apply_per_lib :  ITTAPI function not implemented: __itt_counter_set_value_ex
80475 : 0xd04da3f15543 : 2 : ittapi_config_apply_per_lib :  ITTAPI function not implemented: __itt_mark_create
80475 : 0xd04da3f15d29 : 2 : ittapi_config_apply_per_lib :  ITTAPI function not implemented: __itt_mark
80475 : 0xd04da3f1792a : 2 : ittapi_config_apply_per_lib :  ITTAPI function not implemented: __itt_mark_off
80475 : 0xd04da3f180ea : 2 : ittapi_config_apply_per_lib :  ITTAPI function not implemented: __itt_mark_global
80475 : 0xd04da3f188e8 : 2 : ittapi_config_apply_per_lib :  ITTAPI function not implemented: __itt_mark_global_off
80475 : 0xd04da3f19131 : 2 : ittapi_config_apply_per_lib :  ITTAPI function instrumented: __itt_stack_caller_create
80475 : 0xd04da3f19872 : 2 : ittapi_config_apply_per_lib :  ITTAPI function instrumented: __itt_stack_caller_destroy
80475 : 0xd04da3f19f7c : 2 : ittapi_config_apply_per_lib :  ITTAPI function instrumented: __itt_stack_callee_enter
80475 : 0xd04da3f1a608 : 2 : ittapi_config_apply_per_lib :  ITTAPI function instrumented: __itt_stack_callee_leave
80475 : 0xd04da3f1ad67 : 2 : ittapi_config_apply_per_lib :  ITTAPI function not implemented: __itt_clock_domain_create
80475 : 0xd04da3f1b5d0 : 2 : ittapi_config_apply_per_lib :  ITTAPI function not implemented: __itt_clock_domain_reset
80475 : 0xd04da3f1bdd7 : 2 : ittapi_config_apply_per_lib :  ITTAPI function not implemented: __itt_id_create_ex
80475 : 0xd04da3f1e636 : 2 : ittapi_config_apply_per_lib :  ITTAPI function not implemented: __itt_id_destroy_ex
80475 : 0xd04da3f1eeac : 2 : ittapi_config_apply_per_lib :  ITTAPI function not implemented: __itt_task_begin_ex
80475 : 0xd04da3f1f60f : 2 : ittapi_config_apply_per_lib :  ITTAPI function not implemented: __itt_task_begin_fn_ex
80475 : 0xd04da3f1fd9e : 2 : ittapi_config_apply_per_lib :  ITTAPI function not implemented: __itt_task_end_ex
80475 : 0xd04da3f204c6 : 2 : ittapi_config_apply_per_lib :  ITTAPI function instrumented: __itt_task_begin_overlapped
80475 : 0xd04da3f20c8a : 2 : ittapi_config_apply_per_lib :  ITTAPI function not implemented: __itt_task_begin_overlapped_ex
80475 : 0xd04da3f213cf : 2 : ittapi_config_apply_per_lib :  ITTAPI function instrumented: __itt_task_end_overlapped
80475 : 0xd04da3f21b30 : 2 : ittapi_config_apply_per_lib :  ITTAPI function not implemented: __itt_task_end_overlapped_ex
80475 : 0xd04da3f222bb : 2 : ittapi_config_apply_per_lib :  ITTAPI function not implemented: __itt_marker_ex
80475 : 0xd04da3f22afc : 2 : ittapi_config_apply_per_lib :  ITTAPI function not implemented: __itt_metadata_add_with_scope
80475 : 0xd04da3f246d8 : 2 : ittapi_config_apply_per_lib :  ITTAPI function not implemented: __itt_metadata_str_add_with_scope
80475 : 0xd04da3f24f58 : 2 : ittapi_config_apply_per_lib :  ITTAPI function not implemented: __itt_relation_add_to_current_ex
80475 : 0xd04da3f2572c : 2 : ittapi_config_apply_per_lib :  ITTAPI function not implemented: __itt_relation_add_ex
80475 : 0xd04da3f25f17 : 2 : ittapi_config_apply_per_lib :  ITTAPI function not implemented: __itt_track_group_create
80475 : 0xd04da3f2663d : 2 : ittapi_config_apply_per_lib :  ITTAPI function not implemented: __itt_track_create
80475 : 0xd04da3f26da1 : 2 : ittapi_config_apply_per_lib :  ITTAPI function not implemented: __itt_set_track
80475 : 0xd04da3f274ad : 2 : ittapi_config_apply_per_lib :  ITTAPI function instrumented: __itt_api_version
80475 : 0xd04da3f27c45 : 2 : ittapi_config_apply_per_lib :  ITTAPI function not implemented: __itt_av_save
80475 : 0xd04da3f28352 : 2 : ittapi_config_apply_per_lib :  ITTAPI function instrumented: __itt_module_load
80475 : 0xd04da3f28ae0 : 2 : ittapi_config_apply_per_lib :  ITTAPI function not implemented: __itt_module_unload
80475 : 0xd04da3f2a32a : 2 : ittapi_config_apply_per_lib :  ITTAPI function NOT instrumented (not matched by --itt-config option): __itt_histogram_submit

80475 : 0xd04da3f98fd5 : 2 : ittapi_config_mask_get :  --itt-config mask to be applied: 55
80475 : 0xd04da3f99d2a : 2 : ittapi_config_apply_per_lib :  ITTAPI function instrumented: __itt_domain_create
80475 : 0xd04da3f9a69d : 2 : ittapi_config_apply_per_lib :  ITTAPI function instrumented: __itt_module_load_with_sections
80475 : 0xd04da3f9b15f : 2 : ittapi_config_apply_per_lib :  ITTAPI function not implemented: __itt_module_unload_with_sections
80475 : 0xd04da3f9b911 : 2 : ittapi_config_apply_per_lib :  ITTAPI function instrumented: __itt_string_handle_create
80475 : 0xd04da3f9bf81 : 2 : ittapi_config_apply_per_lib :  ITTAPI function instrumented: __itt_counter_create
80475 : 0xd04da3f9c5e5 : 2 : ittapi_config_apply_per_lib :  ITTAPI function instrumented: __itt_counter_create_typed
80475 : 0xd04da3f9cce1 : 2 : ittapi_config_apply_per_lib :  ITTAPI function instrumented: __itt_pause
80475 : 0xd04da3f9d413 : 2 : ittapi_config_apply_per_lib :  ITTAPI function instrumented: __itt_resume
80475 : 0xd04da3f9f9fc : 2 : ittapi_config_apply_per_lib :  ITTAPI function not implemented: __itt_pause_scoped
80475 : 0xd04da3fa03df : 2 : ittapi_config_apply_per_lib :  ITTAPI function not implemented: __itt_resume_scoped
80475 : 0xd04da3fa0c51 : 2 : ittapi_config_apply_per_lib :  ITTAPI function instrumented: __itt_thread_set_name
80475 : 0xd04da3fa134d : 2 : ittapi_config_apply_per_lib :  ITTAPI function instrumented: __itt_thread_ignore
80475 : 0xd04da3fa19fa : 2 : ittapi_config_apply_per_lib :  ITTAPI function instrumented: __itt_thr_name_set
80475 : 0xd04da3fa220e : 2 : ittapi_config_apply_per_lib :  ITTAPI function instrumented: __itt_thr_ignore
80475 : 0xd04da3fa2945 : 2 : ittapi_config_apply_per_lib :  ITTAPI function instrumented: __itt_histogram_create
80475 : 0xd04da3fa301e : 2 : ittapi_config_apply_per_lib :  ITTAPI function instrumented: __itt_counter_create_v3
80475 : 0xd04da3fa377b : 2 : ittapi_config_apply_per_lib :  ITTAPI function instrumented: __itt_bind_context_metadata_to_counter
80475 : 0xd04da3fa3fac : 2 : ittapi_config_apply_per_lib :  ITTAPI function not implemented: __itt_enable_attach
80475 : 0xd04da3fa6c9a : 2 : ittapi_config_apply_per_lib :  ITTAPI function instrumented: __itt_detach
80475 : 0xd04da3fa72b7 : 2 : ittapi_config_apply_per_lib :  ITTAPI function NOT instrumented (not matched by --itt-config option): __itt_sync_create

80475 : 0xd04da3fa78c2 : 2 : ittapi_config_apply_per_lib :  ITTAPI function NOT instrumented (not matched by --itt-config option): __itt_sync_rename

80475 : 0xd04da3fa7d86 : 2 : ittapi_config_apply_per_lib :  ITTAPI function NOT instrumented (not matched by --itt-config option): __itt_sync_destroy

80475 : 0xd04da3fa823f : 2 : ittapi_config_apply_per_lib :  ITTAPI function NOT instrumented (not matched by --itt-config option): __itt_sync_prepare

80475 : 0xd04da3fa86f8 : 2 : ittapi_config_apply_per_lib :  ITTAPI function NOT instrumented (not matched by --itt-config option): __itt_sync_cancel

80475 : 0xd04da3fa8b42 : 2 : ittapi_config_apply_per_lib :  ITTAPI function NOT instrumented (not matched by --itt-config option): __itt_sync_acquired

80475 : 0xd04da3fa8f8a : 2 : ittapi_config_apply_per_lib :  ITTAPI function NOT instrumented (not matched by --itt-config option): __itt_sync_releasing

80475 : 0xd04da3fa97af : 2 : ittapi_config_apply_per_lib :  ITTAPI function not implemented: __itt_suppress_push
80475 : 0xd04da3faa088 : 2 : ittapi_config_apply_per_lib :  ITTAPI function not implemented: __itt_suppress_pop
80475 : 0xd04da3fabdb2 : 2 : ittapi_config_apply_per_lib :  ITTAPI function not implemented: __itt_suppress_mark_range
80475 : 0xd04da3fac702 : 2 : ittapi_config_apply_per_lib :  ITTAPI function not implemented: __itt_suppress_clear_range
80475 : 0xd04da3facb8b : 2 : ittapi_config_apply_per_lib :  ITTAPI function NOT instrumented (not matched by --itt-config option): __itt_sync_prepare

80475 : 0xd04da3facfaf : 2 : ittapi_config_apply_per_lib :  ITTAPI function NOT instrumented (not matched by --itt-config option): __itt_sync_cancel

80475 : 0xd04da3fad3c8 : 2 : ittapi_config_apply_per_lib :  ITTAPI function NOT instrumented (not matched by --itt-config option): __itt_sync_acquired

80475 : 0xd04da3fad7c1 : 2 : ittapi_config_apply_per_lib :  ITTAPI function NOT instrumented (not matched by --itt-config option): __itt_sync_releasing

80475 : 0xd04da3fadc38 : 2 : ittapi_config_apply_per_lib :  ITTAPI function NOT instrumented (not matched by --itt-config option): __itt_model_site_begin

80475 : 0xd04da3fae0c1 : 2 : ittapi_config_apply_per_lib :  ITTAPI function NOT instrumented (not matched by --itt-config option): __itt_model_site_end

80475 : 0xd04da3fae51d : 2 : ittapi_config_apply_per_lib :  ITTAPI function NOT instrumented (not matched by --itt-config option): __itt_model_task_begin

80475 : 0xd04da3faea2d : 2 : ittapi_config_apply_per_lib :  ITTAPI function NOT instrumented (not matched by --itt-config option): __itt_model_task_end

80475 : 0xd04da3fb024b : 2 : ittapi_config_apply_per_lib :  ITTAPI function NOT instrumented (not matched by --itt-config option): __itt_model_lock_acquire

80475 : 0xd04da3fb0788 : 2 : ittapi_config_apply_per_lib :  ITTAPI function NOT instrumented (not matched by --itt-config option): __itt_model_lock_release

80475 : 0xd04da3fb0c23 : 2 : ittapi_config_apply_per_lib :  ITTAPI function NOT instrumented (not matched by --itt-config option): __itt_model_record_allocation

80475 : 0xd04da3fb103c : 2 : ittapi_config_apply_per_lib :  ITTAPI function NOT instrumented (not matched by --itt-config option): __itt_model_record_deallocation

80475 : 0xd04da3fb140b : 2 : ittapi_config_apply_per_lib :  ITTAPI function NOT instrumented (not matched by --itt-config option): __itt_model_induction_uses

80475 : 0xd04da3fb17e4 : 2 : ittapi_config_apply_per_lib :  ITTAPI function NOT instrumented (not matched by --itt-config option): __itt_model_reduction_uses

80475 : 0xd04da3fb1b7e : 2 : ittapi_config_apply_per_lib :  ITTAPI function NOT instrumented (not matched by --itt-config option): __itt_model_observe_uses

80475 : 0xd04da3fb1f06 : 2 : ittapi_config_apply_per_lib :  ITTAPI function NOT instrumented (not matched by --itt-config option): __itt_model_clear_uses

80475 : 0xd04da3fb229c : 2 : ittapi_config_apply_per_lib :  ITTAPI function NOT instrumented (not matched by --itt-config option): __itt_model_site_beginA

80475 : 0xd04da3fb2630 : 2 : ittapi_config_apply_per_lib :  ITTAPI function NOT instrumented (not matched by --itt-config option): __itt_model_site_beginAL

80475 : 0xd04da3fb499a : 2 : ittapi_config_apply_per_lib :  ITTAPI function NOT instrumented (not matched by --itt-config option): __itt_model_task_beginA

80475 : 0xd04da3fb4e06 : 2 : ittapi_config_apply_per_lib :  ITTAPI function NOT instrumented (not matched by --itt-config option): __itt_model_task_beginAL

80475 : 0xd04da3fb520f : 2 : ittapi_config_apply_per_lib :  ITTAPI function NOT instrumented (not matched by --itt-config option): __itt_model_iteration_taskA

80475 : 0xd04da3fb55d6 : 2 : ittapi_config_apply_per_lib :  ITTAPI function NOT instrumented (not matched by --itt-config option): __itt_model_iteration_taskAL

80475 : 0xd04da3fb5982 : 2 : ittapi_config_apply_per_lib :  ITTAPI function NOT instrumented (not matched by --itt-config option): __itt_model_site_end_2

80475 : 0xd04da3fb5d21 : 2 : ittapi_config_apply_per_lib :  ITTAPI function NOT instrumented (not matched by --itt-config option): __itt_model_task_end_2

80475 : 0xd04da3fb60bb : 2 : ittapi_config_apply_per_lib :  ITTAPI function NOT instrumented (not matched by --itt-config option): __itt_model_lock_acquire_2

80475 : 0xd04da3fb6485 : 2 : ittapi_config_apply_per_lib :  ITTAPI function NOT instrumented (not matched by --itt-config option): __itt_model_lock_release_2

80475 : 0xd04da3fb681b : 2 : ittapi_config_apply_per_lib :  ITTAPI function NOT instrumented (not matched by --itt-config option): __itt_model_aggregate_task

80475 : 0xd04da3fb6bac : 2 : ittapi_config_apply_per_lib :  ITTAPI function NOT instrumented (not matched by --itt-config option): __itt_model_disable_push

80475 : 0xd04da3fb82b2 : 2 : ittapi_config_apply_per_lib :  ITTAPI function NOT instrumented (not matched by --itt-config option): __itt_model_disable_pop

80475 : 0xd04da3fb8a4a : 2 : ittapi_config_apply_per_lib :  ITTAPI function instrumented: __itt_heap_function_create
80475 : 0xd04da3fb9192 : 2 : ittapi_config_apply_per_lib :  ITTAPI function instrumented: __itt_heap_allocate_begin
80475 : 0xd04da3fb9814 : 2 : ittapi_config_apply_per_lib :  ITTAPI function instrumented: __itt_heap_allocate_end
80475 : 0xd04da3fb9eb1 : 2 : ittapi_config_apply_per_lib :  ITTAPI function instrumented: __itt_heap_free_begin
80475 : 0xd04da3fba4eb : 2 : ittapi_config_apply_per_lib :  ITTAPI function instrumented: __itt_heap_free_end
80475 : 0xd04da3fbab8b : 2 : ittapi_config_apply_per_lib :  ITTAPI function instrumented: __itt_heap_reallocate_begin
80475 : 0xd04da3fbb176 : 2 : ittapi_config_apply_per_lib :  ITTAPI function instrumented: __itt_heap_reallocate_end
80475 : 0xd04da3fbb940 : 2 : ittapi_config_apply_per_lib :  ITTAPI function not implemented: __itt_heap_internal_access_begin
80475 : 0xd04da3fbc179 : 2 : ittapi_config_apply_per_lib :  ITTAPI function not implemented: __itt_heap_internal_access_end
80475 : 0xd04da3fbddbc : 2 : ittapi_config_apply_per_lib :  ITTAPI function not implemented: __itt_heap_record_memory_growth_begin
80475 : 0xd04da3fbe5b7 : 2 : ittapi_config_apply_per_lib :  ITTAPI function not implemented: __itt_heap_record_memory_growth_end
80475 : 0xd04da3fbeda7 : 2 : ittapi_config_apply_per_lib :  ITTAPI function not implemented: __itt_heap_reset_detection
80475 : 0xd04da3fbf5bc : 2 : ittapi_config_apply_per_lib :  ITTAPI function not implemented: __itt_heap_record
80475 : 0xd04da3fbfde7 : 2 : ittapi_config_apply_per_lib :  ITTAPI function not implemented: __itt_id_create
80475 : 0xd04da3fc05c3 : 2 : ittapi_config_apply_per_lib :  ITTAPI function not implemented: __itt_id_destroy
80475 : 0xd04da3fc0d5e : 2 : ittapi_config_apply_per_lib :  ITTAPI function instrumented: __itt_get_timestamp
80475 : 0xd04da3fc153f : 2 : ittapi_config_apply_per_lib :  ITTAPI function not implemented: __itt_region_begin
80475 : 0xd04da3fc1c9d : 2 : ittapi_config_apply_per_lib :  ITTAPI function not implemented: __itt_region_end
80475 : 0xd04da3fc23e4 : 2 : ittapi_config_apply_per_lib :  ITTAPI function instrumented: __itt_frame_begin_v3
80475 : 0xd04da3fc4aa1 : 2 : ittapi_config_apply_per_lib :  ITTAPI function instrumented: __itt_frame_end_v3
80475 : 0xd04da3fc51d3 : 2 : ittapi_config_apply_per_lib :  ITTAPI function instrumented: __itt_frame_submit_v3
80475 : 0xd04da3fc5a33 : 2 : ittapi_config_apply_per_lib :  ITTAPI function not implemented: __itt_task_group
80475 : 0xd04da3fc619d : 2 : ittapi_config_apply_per_lib :  ITTAPI function instrumented: __itt_task_begin
80475 : 0xd04da3fc68ad : 2 : ittapi_config_apply_per_lib :  ITTAPI function instrumented: __itt_task_begin_fn
80475 : 0xd04da3fc6f8d : 2 : ittapi_config_apply_per_lib :  ITTAPI function instrumented: __itt_task_end
80475 : 0xd04da3fc778b : 2 : ittapi_config_apply_per_lib :  ITTAPI function not implemented: __itt_counter_inc_v3
80475 : 0xd04da3fc7fb4 : 2 : ittapi_config_apply_per_lib :  ITTAPI function not implemented: __itt_counter_inc_delta_v3
80475 : 0xd04da3fc8768 : 2 : ittapi_config_apply_per_lib :  ITTAPI function not implemented: __itt_counter_dec_v3
80475 : 0xd04da3fc8ea4 : 2 : ittapi_config_apply_per_lib :  ITTAPI function not implemented: __itt_counter_dec_delta_v3
80475 : 0xd04da3fcaa97 : 2 : ittapi_config_apply_per_lib :  ITTAPI function not implemented: __itt_marker
80475 : 0xd04da3fcb24a : 2 : ittapi_config_apply_per_lib :  ITTAPI function instrumented: __itt_metadata_add
80475 : 0xd04da3fcbaa4 : 2 : ittapi_config_apply_per_lib :  ITTAPI function not implemented: __itt_metadata_str_add
80475 : 0xd04da3fcc260 : 2 : ittapi_config_apply_per_lib :  ITTAPI function not implemented: __itt_relation_add_to_current
80475 : 0xd04da3fccab1 : 2 : ittapi_config_apply_per_lib :  ITTAPI function not implemented: __itt_relation_add
80475 : 0xd04da3fcd146 : 2 : ittapi_config_apply_per_lib :  ITTAPI function instrumented: __itt_event_create
80475 : 0xd04da3fcd827 : 2 : ittapi_config_apply_per_lib :  ITTAPI function instrumented: __itt_event_start
80475 : 0xd04da3fcdf5b : 2 : ittapi_config_apply_per_lib :  ITTAPI function instrumented: __itt_event_end
80475 : 0xd04da3fce3dc : 2 : ittapi_config_apply_per_lib :  ITTAPI function NOT instrumented (not matched by --itt-config option): __itt_sync_set_name

80475 : 0xd04da3fce895 : 2 : ittapi_config_apply_per_lib :  ITTAPI function NOT instrumented (not matched by --itt-config option): __itt_notify_sync_name

80475 : 0xd04da3fd00f4 : 2 : ittapi_config_apply_per_lib :  ITTAPI function NOT instrumented (not matched by --itt-config option): __itt_notify_sync_prepare

80475 : 0xd04da3fd05dd : 2 : ittapi_config_apply_per_lib :  ITTAPI function NOT instrumented (not matched by --itt-config option): __itt_notify_sync_cancel

80475 : 0xd04da3fd0aab : 2 : ittapi_config_apply_per_lib :  ITTAPI function NOT instrumented (not matched by --itt-config option): __itt_notify_sync_acquired

80475 : 0xd04da3fd0ec5 : 2 : ittapi_config_apply_per_lib :  ITTAPI function NOT instrumented (not matched by --itt-config option): __itt_notify_sync_releasing

80475 : 0xd04da3fd16fa : 2 : ittapi_config_apply_per_lib :  ITTAPI function not implemented: __itt_memory_read
80475 : 0xd04da3fd1f37 : 2 : ittapi_config_apply_per_lib :  ITTAPI function not implemented: __itt_memory_write
80475 : 0xd04da3fd2790 : 2 : ittapi_config_apply_per_lib :  ITTAPI function not implemented: __itt_memory_update
80475 : 0xd04da3fd2f85 : 2 : ittapi_config_apply_per_lib :  ITTAPI function not implemented: __itt_state_get
80475 : 0xd04da3fd3700 : 2 : ittapi_config_apply_per_lib :  ITTAPI function not implemented: __itt_state_set
80475 : 0xd04da3fd3ee6 : 2 : ittapi_config_apply_per_lib :  ITTAPI function not implemented: __itt_obj_mode_set
80475 : 0xd04da3fd6628 : 2 : ittapi_config_apply_per_lib :  ITTAPI function not implemented: __itt_thr_mode_set
80475 : 0xd04da3fd6d44 : 2 : ittapi_config_apply_per_lib :  ITTAPI function instrumented: __itt_frame_create
80475 : 0xd04da3fd7426 : 2 : ittapi_config_apply_per_lib :  ITTAPI function instrumented: __itt_pt_region_create
80475 : 0xd04da3fd7bad : 2 : ittapi_config_apply_per_lib :  ITTAPI function instrumented: __itt_frame_begin
80475 : 0xd04da3fd826e : 2 : ittapi_config_apply_per_lib :  ITTAPI function instrumented: __itt_frame_end
80475 : 0xd04da3fd8a91 : 2 : ittapi_config_apply_per_lib :  ITTAPI function not implemented: __itt_counter_destroy
80475 : 0xd04da3fd918a : 2 : ittapi_config_apply_per_lib :  ITTAPI function instrumented: __itt_counter_inc
80475 : 0xd04da3fd983d : 2 : ittapi_config_apply_per_lib :  ITTAPI function instrumented: __itt_counter_inc_delta
80475 : 0xd04da3fd9efa : 2 : ittapi_config_apply_per_lib :  ITTAPI function instrumented: __itt_counter_dec
80475 : 0xd04da3fda5e8 : 2 : ittapi_config_apply_per_lib :  ITTAPI function instrumented: __itt_counter_dec_delta
80475 : 0xd04da3fdc028 : 2 : ittapi_config_apply_per_lib :  ITTAPI function instrumented: __itt_counter_set_value
80475 : 0xd04da3fdc8ba : 2 : ittapi_config_apply_per_lib :  ITTAPI function not implemented: __itt_counter_set_value_ex
80475 : 0xd04da3fdd084 : 2 : ittapi_config_apply_per_lib :  ITTAPI function not implemented: __itt_mark_create
80475 : 0xd04da3fdd8c3 : 2 : ittapi_config_apply_per_lib :  ITTAPI function not implemented: __itt_mark
80475 : 0xd04da3fde0c3 : 2 : ittapi_config_apply_per_lib :  ITTAPI function not implemented: __itt_mark_off
80475 : 0xd04da3fde885 : 2 : ittapi_config_apply_per_lib :  ITTAPI function not implemented: __itt_mark_global
80475 : 0xd04da3fdf053 : 2 : ittapi_config_apply_per_lib :  ITTAPI function not implemented: __itt_mark_global_off
80475 : 0xd04da3fdf7d2 : 2 : ittapi_config_apply_per_lib :  ITTAPI function instrumented: __itt_stack_caller_create
80475 : 0xd04da3fdff08 : 2 : ittapi_config_apply_per_lib :  ITTAPI function instrumented: __itt_stack_caller_destroy
80475 : 0xd04da3fe05c5 : 2 : ittapi_config_apply_per_lib :  ITTAPI function instrumented: __itt_stack_callee_enter
80475 : 0xd04da3fe1f96 : 2 : ittapi_config_apply_per_lib :  ITTAPI function instrumented: __itt_stack_callee_leave
80475 : 0xd04da3fe270f : 2 : ittapi_config_apply_per_lib :  ITTAPI function not implemented: __itt_clock_domain_create
80475 : 0xd04da3fe2f50 : 2 : ittapi_config_apply_per_lib :  ITTAPI function not implemented: __itt_clock_domain_reset
80475 : 0xd04da3fe373f : 2 : ittapi_config_apply_per_lib :  ITTAPI function not implemented: __itt_id_create_ex
80475 : 0xd04da3fe3f37 : 2 : ittapi_config_apply_per_lib :  ITTAPI function not implemented: __itt_id_destroy_ex
80475 : 0xd04da3fe4758 : 2 : ittapi_config_apply_per_lib :  ITTAPI function not implemented: __itt_task_begin_ex
80475 : 0xd04da3fe4e7e : 2 : ittapi_config_apply_per_lib :  ITTAPI function not implemented: __itt_task_begin_fn_ex
80475 : 0xd04da3fe55f7 : 2 : ittapi_config_apply_per_lib :  ITTAPI function not implemented: __itt_task_end_ex
80475 : 0xd04da3fe5d60 : 2 : ittapi_config_apply_per_lib :  ITTAPI function instrumented: __itt_task_begin_overlapped
80475 : 0xd04da3fe64e7 : 2 : ittapi_config_apply_per_lib :  ITTAPI function not implemented: __itt_task_begin_overlapped_ex
80475 : 0xd04da3fe7fc3 : 2 : ittapi_config_apply_per_lib :  ITTAPI function instrumented: __itt_task_end_overlapped
80475 : 0xd04da3fe874e : 2 : ittapi_config_apply_per_lib :  ITTAPI function not implemented: __itt_task_end_overlapped_ex
80475 : 0xd04da3fe8ef7 : 2 : ittapi_config_apply_per_lib :  ITTAPI function not implemented: __itt_marker_ex
80475 : 0xd04da3fe96e6 : 2 : ittapi_config_apply_per_lib :  ITTAPI function not implemented: __itt_metadata_add_with_scope
80475 : 0xd04da3fe9ea5 : 2 : ittapi_config_apply_per_lib :  ITTAPI function not implemented: __itt_metadata_str_add_with_scope
80475 : 0xd04da3fea68a : 2 : ittapi_config_apply_per_lib :  ITTAPI function not implemented: __itt_relation_add_to_current_ex
80475 : 0xd04da3feae19 : 2 : ittapi_config_apply_per_lib :  ITTAPI function not implemented: __itt_relation_add_ex
80475 : 0xd04da3feb5a6 : 2 : ittapi_config_apply_per_lib :  ITTAPI function not implemented: __itt_track_group_create
80475 : 0xd04da3febccc : 2 : ittapi_config_apply_per_lib :  ITTAPI function not implemented: __itt_track_create
80475 : 0xd04da3fec411 : 2 : ittapi_config_apply_per_lib :  ITTAPI function not implemented: __itt_set_track
80475 : 0xd04da3fee984 : 2 : ittapi_config_apply_per_lib :  ITTAPI function instrumented: __itt_api_version
80475 : 0xd04da3fef1bf : 2 : ittapi_config_apply_per_lib :  ITTAPI function not implemented: __itt_av_save
80475 : 0xd04da3fef890 : 2 : ittapi_config_apply_per_lib :  ITTAPI function instrumented: __itt_module_load
80475 : 0xd04da3ff0060 : 2 : ittapi_config_apply_per_lib :  ITTAPI function not implemented: __itt_module_unload
80475 : 0xd04da3ff04d3 : 2 : ittapi_config_apply_per_lib :  ITTAPI function NOT instrumented (not matched by --itt-config option): __itt_histogram_submit

80475 : 0xd04da3ff0bac : 2 : ittapi_config_apply_per_lib :  ITTAPI function instrumented: __itt_counter_set_value_v3