
83161 : 0xd099d7eb3499 : 1 : spill_jit_data :  Jit agent is not initialized
83147 : 0xd099d7ebb90b : 2 : ittapi_config_mask_get :  --itt-config mask to be applied: 55
83147 : 0xd099d7ebf13b : 2 : ittapi_config_apply_per_lib :  ITTAPI function instrumented: __itt_domain_create
83147 : 0xd099d7ec011b : 2 : ittapi_config_apply_per_lib :  ITTAPI function instrumented: __itt_module_load_with_sections
83147 : 0xd099d7ec16be : 2 : ittapi_config_apply_per_lib :  ITTAPI function not implemented: __itt_module_unload_with_sections
83147 : 0xd099d7ec22c2 : 2 : ittapi_config_apply_per_lib :  ITTAPI function instrumented: __itt_string_handle_create
83147 : 0xd099d7ec2a07 : 2 : ittapi_config_apply_per_lib :  ITTAPI function instrumented: __itt_counter_create
83147 : 0xd099d7ec310e : 2 : ittapi_config_apply_per_lib :  ITTAPI function instrumented: __itt_counter_create_typed
83147 : 0xd099d7ec38ce : 2 : ittapi_config_apply_per_lib :  ITTAPI function instrumented: __itt_pause
83147 : 0xd099d7ec4008 : 2 : ittapi_config_apply_per_lib :  ITTAPI function instrumented: __itt_resume
83147 : 0xd099d7ecf143 : 2 : ittapi_config_apply_per_lib :  ITTAPI function instrumented: __itt_thread_set_name
83147 : 0xd099d7ecf8ba : 2 : ittapi_config_apply_per_lib :  ITTAPI function instrumented: __itt_thread_ignore
83147 : 0xd099d7ecff67 : 2 : ittapi_config_apply_per_lib :  ITTAPI function instrumented: __itt_thr_name_set
83147 : 0xd099d7ed0798 : 2 : ittapi_config_apply_per_lib :  ITTAPI function instrumented: __itt_thr_ignore
83147 : 0xd099d7ed0f27 : 2 : ittapi_config_apply_per_lib :  ITTAPI function instrumented: __itt_histogram_create
83147 : 0xd099d7ed199f : 2 : ittapi_config_apply_per_lib :  ITTAPI function not implemented: __itt_enable_attach
83147 : 0xd099d7ed218d : 2 : ittapi_config_apply_per_lib :  ITTAPI function instrumented: __itt_detach
83147 : 0xd099d7ed26d2 : 2 : ittapi_config_apply_per_lib :  ITTAPI function NOT instrumented (not matched by --itt-config option): __itt_sync_create

83147 : 0xd099d7ed2d46 : 2 : ittapi_config_apply_per_lib :  ITTAPI function NOT instrumented (not matched by --itt-config option): __itt_sync_rename

83147 : 0xd099d7ed317c : 2 : ittapi_config_apply_per_lib :  ITTAPI function NOT instrumented (not matched by --itt-config option): __itt_sync_destroy

83147 : 0xd099d7ed4f7a : 2 : ittapi_config_apply_per_lib :  ITTAPI function NOT instrumented (not matched by --itt-config option): __itt_sync_prepare

83147 : 0xd099d7ed5506 : 2 : ittapi_config_apply_per_lib :  ITTAPI function NOT instrumented (not matched by --itt-config option): __itt_sync_cancel

83147 : 0xd099d7ed594e : 2 : ittapi_config_apply_per_lib :  ITTAPI function NOT instrumented (not matched by --itt-config option): __itt_sync_acquired

83147 : 0xd099d7ed5e25 : 2 : ittapi_config_apply_per_lib :  ITTAPI function NOT instrumented (not matched by --itt-config option): __itt_sync_releasing

83147 : 0xd099d7ed680f : 2 : ittapi_config_apply_per_lib :  ITTAPI function not implemented: __itt_suppress_push
83147 : 0xd099d7ed7256 : 2 : ittapi_config_apply_per_lib :  ITTAPI function not implemented: __itt_suppress_pop
83147 : 0xd099d7ed7a8d : 2 : ittapi_config_apply_per_lib :  ITTAPI function not implemented: __itt_suppress_mark_range
83147 : 0xd099d7ed8334 : 2 : ittapi_config_apply_per_lib :  ITTAPI function not implemented: __itt_suppress_clear_range
83147 : 0xd099d7ed87a0 : 2 : ittapi_config_apply_per_lib :  ITTAPI function NOT instrumented (not matched by --itt-config option): __itt_sync_prepare

83147 : 0xd099d7ed8ba7 : 2 : ittapi_config_apply_per_lib :  ITTAPI function NOT instrumented (not matched by --itt-config option): __itt_sync_cancel

83147 : 0xd099d7eda469 : 2 : ittapi_config_apply_per_lib :  ITTAPI function NOT instrumented (not matched by --itt-config option): __itt_sync_acquired

83147 : 0xd099d7eda8a9 : 2 : ittapi_config_apply_per_lib :  ITTAPI function NOT instrumented (not matched by --itt-config option): __itt_sync_releasing

83147 : 0xd099d7edadfe : 2 : ittapi_config_apply_per_lib :  ITTAPI function NOT instrumented (not matched by --itt-config option): __itt_model_site_begin

83147 : 0xd099d7edb2f0 : 2 : ittapi_config_apply_per_lib :  ITTAPI function NOT instrumented (not matched by --itt-config option): __itt_model_site_end

83147 : 0xd099d7edb7a7 : 2 : ittapi_config_apply_per_lib :  ITTAPI function NOT instrumented (not matched by --itt-config option): __itt_model_task_begin

83147 : 0xd099d7edbd02 : 2 : ittapi_config_apply_per_lib :  ITTAPI function NOT instrumented (not matched by --itt-config option): __itt_model_task_end

83147 : 0xd099d7edc237 : 2 : ittapi_config_apply_per_lib :  ITTAPI function NOT instrumented (not matched by --itt-config option): __itt_model_lock_acquire

83147 : 0xd099d7edca8a : 2 : ittapi_config_apply_per_lib :  ITTAPI function NOT instrumented (not matched by --itt-config option): __itt_model_lock_release

83147 : 0xd099d7edcf54 : 2 : ittapi_config_apply_per_lib :  ITTAPI function NOT instrumented (not matched by --itt-config option): __itt_model_record_allocation

83147 : 0xd099d7edd331 : 2 : ittapi_config_apply_per_lib :  ITTAPI function NOT instrumented (not matched by --itt-config option): __itt_model_record_deallocation

83147 : 0xd099d7ee0590 : 2 : ittapi_config_apply_per_lib :  ITTAPI function NOT instrumented (not matched by --itt-config option): __itt_model_induction_uses

83147 : 0xd099d7ee0a09 : 2 : ittapi_config_apply_per_lib :  ITTAPI function NOT instrumented (not matched by --itt-config option): __itt_model_reduction_uses

83147 : 0xd099d7ee0df0 : 2 : ittapi_config_apply_per_lib :  ITTAPI function NOT instrumented (not matched by --itt-config option): __itt_model_observe_uses

83147 : 0xd099d7ee11b5 : 2 : ittapi_config_apply_per_lib :  ITTAPI function NOT instrumented (not matched by --itt-config option): __itt_model_clear_uses

83147 : 0xd099d7ee1573 : 2 : ittapi_config_apply_per_lib :  ITTAPI function NOT instrumented (not matched by --itt-config option): __itt_model_site_beginA

83147 : 0xd099d7ee191b : 2 : ittapi_config_apply_per_lib :  ITTAPI function NOT instrumented (not matched by --itt-config option): __itt_model_site_beginAL

83147 : 0xd099d7ee1cc2 : 2 : ittapi_config_apply_per_lib :  ITTAPI function NOT instrumented (not matched by --itt-config option): __itt_model_task_beginA

83147 : 0xd099d7ee205c : 2 : ittapi_config_apply_per_lib :  ITTAPI function NOT instrumented (not matched by --itt-config option): __itt_model_task_beginAL

83147 : 0xd099d7ee23fa : 2 : ittapi_config_apply_per_lib :  ITTAPI function NOT instrumented (not matched by --itt-config option): __itt_model_iteration_taskA

83147 : 0xd099d7ee279c : 2 : ittapi_config_apply_per_lib :  ITTAPI function NOT instrumented (not matched by --itt-config option): __itt_model_iteration_taskAL

83147 : 0xd099d7ee3ee2 : 2 : ittapi_config_apply_per_lib :  ITTAPI function NOT instrumented (not matched by --itt-config option): __itt_model_site_end_2

83147 : 0xd099d7ee42ff : 2 : ittapi_config_apply_per_lib :  ITTAPI function NOT instrumented (not matched by --itt-config option): __itt_model_task_end_2

83147 : 0xd099d7ee4704 : 2 : ittapi_config_apply_per_lib :  ITTAPI function NOT instrumented (not matched by --itt-config option): __itt_model_lock_acquire_2

83147 : 0xd099d7ee4ae1 : 2 : ittapi_config_apply_per_lib :  ITTAPI function NOT instrumented (not matched by --itt-config option): __itt_model_lock_release_2

83147 : 0xd099d7ee4e90 : 2 : ittapi_config_apply_per_lib :  ITTAPI function NOT instrumented (not matched by --itt-config option): __itt_model_aggregate_task

83147 : 0xd099d7ee5226 : 2 : ittapi_config_apply_per_lib :  ITTAPI function NOT instrumented (not matched by --itt-config option): __itt_model_disable_push

83147 : 0xd099d7ee55c2 : 2 : ittapi_config_apply_per_lib :  ITTAPI function NOT instrumented (not matched by --itt-config option): __itt_model_disable_pop

83147 : 0xd099d7ee5d45 : 2 : ittapi_config_apply_per_lib :  ITTAPI function instrumented: __itt_heap_function_create
83147 : 0xd099d7ee6554 : 2 : ittapi_config_apply_per_lib :  ITTAPI function instrumented: __itt_heap_allocate_begin
83147 : 0xd099d7ee6bb4 : 2 : ittapi_config_apply_per_lib :  ITTAPI function instrumented: __itt_heap_allocate_end
83147 : 0xd099d7ee9226 : 2 : ittapi_config_apply_per_lib :  ITTAPI function instrumented: __itt_heap_free_begin
83147 : 0xd099d7ee98df : 2 : ittapi_config_apply_per_lib :  ITTAPI function instrumented: __itt_heap_free_end
83147 : 0xd099d7ee9fae : 2 : ittapi_config_apply_per_lib :  ITTAPI function instrumented: __itt_heap_reallocate_begin
83147 : 0xd099d7eea5f2 : 2 : ittapi_config_apply_per_lib :  ITTAPI function instrumented: __itt_heap_reallocate_end
83147 : 0xd099d7eeae71 : 2 : ittapi_config_apply_per_lib :  ITTAPI function not implemented: __itt_heap_internal_access_begin
83147 : 0xd099d7eeb670 : 2 : ittapi_config_apply_per_lib :  ITTAPI function not implemented: __itt_heap_internal_access_end
83147 : 0xd099d7eebe85 : 2 : ittapi_config_apply_per_lib :  ITTAPI function not implemented: __itt_heap_record_memory_growth_begin
83147 : 0xd099d7eec66d : 2 : ittapi_config_apply_per_lib :  ITTAPI function not implemented: __itt_heap_record_memory_growth_end
83147 : 0xd099d7eecf5e : 2 : ittapi_config_apply_per_lib :  ITTAPI function not implemented: __itt_heap_reset_detection
83147 : 0xd099d7eed934 : 2 : ittapi_config_apply_per_lib :  ITTAPI function not implemented: __itt_heap_record
83147 : 0xd099d7eef617 : 2 : ittapi_config_apply_per_lib :  ITTAPI function not implemented: __itt_id_create
83147 : 0xd099d7eefe83 : 2 : ittapi_config_apply_per_lib :  ITTAPI function not implemented: __itt_id_destroy
83147 : 0xd099d7ef06da : 2 : ittapi_config_apply_per_lib :  ITTAPI function instrumented: __itt_get_timestamp
83147 : 0xd099d7ef0ebe : 2 : ittapi_config_apply_per_lib :  ITTAPI function not implemented: __itt_region_begin
83147 : 0xd099d7ef1682 : 2 : ittapi_config_apply_per_lib :  ITTAPI function not implemented: __itt_region_end
83147 : 0xd099d7ef1ee8 : 2 : ittapi_config_apply_per_lib :  ITTAPI function instrumented: __itt_frame_begin_v3
83147 : 0xd099d7ef25dd : 2 : ittapi_config_apply_per_lib :  ITTAPI function instrumented: __itt_frame_end_v3
83147 : 0xd099d7ef2d14 : 2 : ittapi_config_apply_per_lib :  ITTAPI function instrumented: __itt_frame_submit_v3
83147 : 0xd099d7ef3592 : 2 : ittapi_config_apply_per_lib :  ITTAPI function not implemented: __itt_task_group
83147 : 0xd099d7ef3d19 : 2 : ittapi_config_apply_per_lib :  ITTAPI function instrumented: __itt_task_begin
83147 : 0xd099d7ef5886 : 2 : ittapi_config_apply_per_lib :  ITTAPI function instrumented: __itt_task_begin_fn
83147 : 0xd099d7ef5fdd : 2 : ittapi_config_apply_per_lib :  ITTAPI function instrumented: __itt_task_end
83147 : 0xd099d7ef6846 : 2 : ittapi_config_apply_per_lib :  ITTAPI function not implemented: __itt_counter_inc_v3
83147 : 0xd099d7ef70fb : 2 : ittapi_config_apply_per_lib :  ITTAPI function not implemented: __itt_counter_inc_delta_v3
83147 : 0xd099d7ef78fd : 2 : ittapi_config_apply_per_lib :  ITTAPI function not implemented: __itt_counter_dec_v3
83147 : 0xd099d7ef8070 : 2 : ittapi_config_apply_per_lib :  ITTAPI function not implemented: __itt_counter_dec_delta_v3
83147 : 0xd099d7ef88e0 : 2 : ittapi_config_apply_per_lib :  ITTAPI function not implemented: __itt_marker
83147 : 0xd099d7ef90b2 : 2 : ittapi_config_apply_per_lib :  ITTAPI function instrumented: __itt_metadata_add
83147 : 0xd099d7ef9928 : 2 : ittapi_config_apply_per_lib :  ITTAPI function not implemented: __itt_metadata_str_add
83147 : 0xd099d7efa0fa : 2 : ittapi_config_apply_per_lib :  ITTAPI function not implemented: __itt_relation_add_to_current
83147 : 0xd099d7efbc5f : 2 : ittapi_config_apply_per_lib :  ITTAPI function not implemented: __itt_relation_add
83147 : 0xd099d7efc38f : 2 : ittapi_config_apply_per_lib :  ITTAPI function instrumented: __itt_event_create
83147 : 0xd099d7efcabb : 2 : ittapi_config_apply_per_lib :  ITTAPI function instrumented: __itt_event_start
83147 : 0xd099d7efd22a : 2 : ittapi_config_apply_per_lib :  ITTAPI function instrumented: __itt_event_end
83147 : 0xd099d7efd732 : 2 : ittapi_config_apply_per_lib :  ITTAPI function NOT instrumented (not matched by --itt-config option): __itt_sync_set_name

83147 : 0xd099d7efdc85 : 2 : ittapi_config_apply_per_lib :  ITTAPI function NOT instrumented (not matched by --itt-config option): __itt_notify_sync_name

83147 : 0xd099d7efe136 : 2 : ittapi_config_apply_per_lib :  ITTAPI function NOT instrumented (not matched by --itt-config option): __itt_notify_sync_prepare

83147 : 0xd099d7efe5a9 : 2 : ittapi_config_apply_per_lib :  ITTAPI function NOT instrumented (not matched by --itt-config option): __itt_notify_sync_cancel

83147 : 0xd099d7efe9ff : 2 : ittapi_config_apply_per_lib :  ITTAPI function NOT instrumented (not matched by --itt-config option): __itt_notify_sync_acquired

83147 : 0xd099d7efee35 : 2 : ittapi_config_apply_per_lib :  ITTAPI function NOT instrumented (not matched by --itt-config option): __itt_notify_sync_releasing

83147 : 0xd099d7f0cf6b : 2 : ittapi_config_apply_per_lib :  ITTAPI function not implemented: __itt_memory_read
83147 : 0xd099d7f0d819 : 2 : ittapi_config_apply_per_lib :  ITTAPI function not implemented: __itt_memory_write
83147 : 0xd099d7f0e147 : 2 : ittapi_config_apply_per_lib :  ITTAPI function not implemented: __itt_memory_update
83147 : 0xd099d7f0e9bd : 2 : ittapi_config_apply_per_lib :  ITTAPI function not implemented: __itt_state_get
83147 : 0xd099d7f0f19b : 2 : ittapi_config_apply_per_lib :  ITTAPI function not implemented: __itt_state_set
83147 : 0xd099d7f0f94a : 2 : ittapi_config_apply_per_lib :  ITTAPI function not implemented: __itt_obj_mode_set
83147 : 0xd099d7f10171 : 2 : ittapi_config_apply_per_lib :  ITTAPI function not implemented: __itt_thr_mode_set
83147 : 0xd099d7f108a2 : 2 : ittapi_config_apply_per_lib :  ITTAPI function instrumented: __itt_frame_create
83147 : 0xd099d7f10f67 : 2 : ittapi_config_apply_per_lib :  ITTAPI function instrumented: __itt_pt_region_create
83147 : 0xd099d7f11775 : 2 : ittapi_config_apply_per_lib :  ITTAPI function instrumented: __itt_frame_begin
83147 : 0xd099d7f132a2 : 2 : ittapi_config_apply_per_lib :  ITTAPI function instrumented: __itt_frame_end
83147 : 0xd099d7f13b8d : 2 : ittapi_config_apply_per_lib :  ITTAPI function not implemented: __itt_counter_destroy
83147 : 0xd099d7f14326 : 2 : ittapi_config_apply_per_lib :  ITTAPI function instrumented: __itt_counter_inc
83147 : 0xd099d7f14a48 : 2 : ittapi_config_apply_per_lib :  ITTAPI function instrumented: __itt_counter_inc_delta
83147 : 0xd099d7f150f3 : 2 : ittapi_config_apply_per_lib :  ITTAPI function instrumented: __itt_counter_dec
83147 : 0xd099d7f157ef : 2 : ittapi_config_apply_per_lib :  ITTAPI function instrumented: __itt_counter_dec_delta
83147 : 0xd099d7f15e65 : 2 : ittapi_config_apply_per_lib :  ITTAPI function instrumented: __itt_counter_set_value
83147 : 0xd099d7f16614 : 2 : ittapi_config_apply_per_lib :  ITTAPI function not implemented: __itt_counter_set_value_ex
83147 : 0xd099d7f16d96 : 2 : ittapi_config_apply_per_lib :  ITTAPI function not implemented: __itt_mark_create
83147 : 0xd099d7f175eb : 2 : ittapi_config_apply_per_lib :  ITTAPI function not implemented: __itt_mark
83147 : 0xd099d7f191d5 : 2 : ittapi_config_apply_per_lib :  ITTAPI function not implemented: __itt_mark_off
83147 : 0xd099d7f199d6 : 2 : ittapi_config_apply_per_lib :  ITTAPI function not implemented: __itt_mark_global
83147 : 0xd099d7f1a1ca : 2 : ittapi_config_apply_per_lib :  ITTAPI function not implemented: __itt_mark_global_off
83147 : 0xd099d7f1aa87 : 2 : ittapi_config_apply_per_lib :  ITTAPI function instrumented: __itt_stack_caller_create
83147 : 0xd099d7f1b1d1 : 2 : ittapi_config_apply_per_lib :  ITTAPI function instrumented: __itt_stack_caller_destroy
83147 : 0xd099d7f1b8b3 : 2 : ittapi_config_apply_per_lib :  ITTAPI function instrumented: __itt_stack_callee_enter
83147 : 0xd099d7f1bf21 : 2 : ittapi_config_apply_per_lib :  ITTAPI function instrumented: __itt_stack_callee_leave
83147 : 0xd099d7f1c6cc : 2 : ittapi_config_apply_per_lib :  ITTAPI function not implemented: __itt_clock_domain_create
83147 : 0xd099d7f1cf12 : 2 : ittapi_config_apply_per_lib :  ITTAPI function not implemented: __itt_clock_domain_reset
83147 : 0xd099d7f1d784 : 2 : ittapi_config_apply_per_lib :  ITTAPI function not implemented: __itt_id_create_ex
83147 : 0xd099d7f20083 : 2 : ittapi_config_apply_per_lib :  ITTAPI function not implemented: __itt_id_destroy_ex
83147 : 0xd099d7f20869 : 2 : ittapi_config_apply_per_lib :  ITTAPI function not implemented: __itt_task_begin_ex
83147 : 0xd099d7f20fce : 2 : ittapi_config_apply_per_lib :  ITTAPI function not implemented: __itt_task_begin_fn_ex
83147 : 0xd099d7f21722 : 2 : ittapi_config_apply_per_lib :  ITTAPI function not implemented: __itt_task_end_ex
83147 : 0xd099d7f21e7b : 2 : ittapi_config_apply_per_lib :  ITTAPI function instrumented: __itt_task_begin_overlapped
83147 : 0xd099d7f22635 : 2 : ittapi_config_apply_per_lib :  ITTAPI function not implemented: __itt_task_begin_overlapped_ex
83147 : 0xd099d7f22dba : 2 : ittapi_config_apply_per_lib :  ITTAPI function instrumented: __itt_task_end_overlapped
83147 : 0xd099d7f234c4 : 2 : ittapi_config_apply_per_lib :  ITTAPI function not implemented: __itt_task_end_overlapped_ex
83147 : 0xd099d7f23c3b : 2 : ittapi_config_apply_per_lib :  ITTAPI function not implemented: __itt_marker_ex
83147 : 0xd099d7f24500 : 2 : ittapi_config_apply_per_lib :  ITTAPI function not implemented: __itt_metadata_add_with_scope
83147 : 0xd099d7f260d4 : 2 : ittapi_config_apply_per_lib :  ITTAPI function not implemented: __itt_metadata_str_add_with_scope
83147 : 0xd099d7f26925 : 2 : ittapi_config_apply_per_lib :  ITTAPI function not implemented: __itt_relation_add_to_current_ex
83147 : 0xd099d7f270d3 : 2 : ittapi_config_apply_per_lib :  ITTAPI function not implemented: __itt_relation_add_ex
83147 : 0xd099d7f27880 : 2 : ittapi_config_apply_per_lib :  ITTAPI function not implemented: __itt_track_group_create
83147 : 0xd099d7f27f9e : 2 : ittapi_config_apply_per_lib :  ITTAPI function not implemented: __itt_track_create
83147 : 0xd099d7f28738 : 2 : ittapi_config_apply_per_lib :  ITTAPI function not implemented: __itt_set_track
83147 : 0xd099d7f28e5c : 2 : ittapi_config_apply_per_lib :  ITTAPI function instrumented: __itt_api_version
83147 : 0xd099d7f295fb : 2 : ittapi_config_apply_per_lib :  ITTAPI function not implemented: __itt_av_save
83147 : 0xd099d7f29cd9 : 2 : ittapi_config_apply_per_lib :  ITTAPI function instrumented: __itt_module_load
83147 : 0xd099d7f2a44c : 2 : ittapi_config_apply_per_lib :  ITTAPI function not implemented: __itt_module_unload
83147 : 0xd099d7f2bc47 : 2 : ittapi_config_apply_per_lib :  ITTAPI function NOT instrumented (not matched by --itt-config option): __itt_histogram_submit

83147 : 0xd099d7f9bde1 : 2 : ittapi_config_mask_get :  --itt-config mask to be applied: 55
83147 : 0xd099d7f9c929 : 2 : ittapi_config_apply_per_lib :  ITTAPI function instrumented: __itt_domain_create
83147 : 0xd099d7f9d244 : 2 : ittapi_config_apply_per_lib :  ITTAPI function instrumented: __itt_module_load_with_sections
83147 : 0xd099d7f9dd37 : 2 : ittapi_config_apply_per_lib :  ITTAPI function not implemented: __itt_module_unload_with_sections
83147 : 0xd099d7f9e511 : 2 : ittapi_config_apply_per_lib :  ITTAPI function instrumented: __itt_string_handle_create
83147 : 0xd099d7f9eb99 : 2 : ittapi_config_apply_per_lib :  ITTAPI function instrumented: __itt_counter_create
83147 : 0xd099d7f9f2c2 : 2 : ittapi_config_apply_per_lib :  ITTAPI function instrumented: __itt_counter_create_typed
83147 : 0xd099d7f9f962 : 2 : ittapi_config_apply_per_lib :  ITTAPI function instrumented: __itt_pause
83147 : 0xd099d7fa0082 : 2 : ittapi_config_apply_per_lib :  ITTAPI function instrumented: __itt_resume
83147 : 0xd099d7fa26e4 : 2 : ittapi_config_apply_per_lib :  ITTAPI function not implemented: __itt_pause_scoped
83147 : 0xd099d7fa303a : 2 : ittapi_config_apply_per_lib :  ITTAPI function not implemented: __itt_resume_scoped
83147 : 0xd099d7fa38ae : 2 : ittapi_config_apply_per_lib :  ITTAPI function instrumented: __itt_thread_set_name
83147 : 0xd099d7fa400d : 2 : ittapi_config_apply_per_lib :  ITTAPI function instrumented: __itt_thread_ignore
83147 : 0xd099d7fa46ae : 2 : ittapi_config_apply_per_lib :  ITTAPI function instrumented: __itt_thr_name_set
83147 : 0xd099d7fa4df8 : 2 : ittapi_config_apply_per_lib :  ITTAPI function instrumented: __itt_thr_ignore
83147 : 0xd099d7fa552a : 2 : ittapi_config_apply_per_lib :  ITTAPI function instrumented: __itt_histogram_create
83147 : 0xd099d7fa5bfe : 2 : ittapi_config_apply_per_lib :  ITTAPI function instrumented: __itt_counter_create_v3
83147 : 0xd099d7fa638f : 2 : ittapi_config_apply_per_lib :  ITTAPI function instrumented: __itt_bind_context_metadata_to_counter
83147 : 0xd099d7fa6ba6 : 2 : ittapi_config_apply_per_lib :  ITTAPI function not implemented: __itt_enable_attach
83147 : 0xd099d7fa97ec : 2 : ittapi_config_apply_per_lib :  ITTAPI function instrumented: __itt_detach
83147 : 0xd099d7fa9e01 : 2 : ittapi_config_apply_per_lib :  ITTAPI function NOT instrumented (not matched by --itt-config option): __itt_sync_create

83147 : 0xd099d7faa40a : 2 : ittapi_config_apply_per_lib :  ITTAPI function NOT instrumented (not matched by --itt-config option): __itt_sync_rename

83147 : 0xd099d7faa89d : 2 : ittapi_config_apply_per_lib :  ITTAPI function NOT instrumented (not matched by --itt-config option): __itt_sync_destroy

83147 : 0xd099d7faada3 : 2 : ittapi_config_apply_per_lib :  ITTAPI function NOT instrumented (not matched by --itt-config option): __itt_sync_prepare

83147 : 0xd099d7fab25b : 2 : ittapi_config_apply_per_lib :  ITTAPI function NOT instrumented (not matched by --itt-config option): __itt_sync_cancel

83147 : 0xd099d7fab635 : 2 : ittapi_config_apply_per_lib :  ITTAPI function NOT instrumented (not matched by --itt-config option): __itt_sync_acquired

83147 : 0xd099d7faba90 : 2 : ittapi_config_apply_per_lib :  ITTAPI function NOT instrumented (not matched by --itt-config option): __itt_sync_releasing

83147 : 0xd099d7fac231 : 2 : ittapi_config_apply_per_lib :  ITTAPI function not implemented: __itt_suppress_push
83147 : 0xd099d7facab3 : 2 : ittapi_config_apply_per_lib :  ITTAPI function not implemented: __itt_suppress_pop
83147 : 0xd099d7fae745 : 2 : ittapi_config_apply_per_lib :  ITTAPI function not implemented: __itt_suppress_mark_range
83147 : 0xd099d7faf016 : 2 : ittapi_config_apply_per_lib :  ITTAPI function not implemented: __itt_suppress_clear_range
83147 : 0xd099d7faf4f6 : 2 : ittapi_config_apply_per_lib :  ITTAPI function NOT instrumented (not matched by --itt-config option): __itt_sync_prepare

83147 : 0xd099d7faf909 : 2 : ittapi_config_apply_per_lib :  ITTAPI function NOT instrumented (not matched by --itt-config option): __itt_sync_cancel

83147 : 0xd099d7fafd05 : 2 : ittapi_config_apply_per_lib :  ITTAPI function NOT instrumented (not matched by --itt-config option): __itt_sync_acquired

83147 : 0xd099d7fb010e : 2 : ittapi_config_apply_per_lib :  ITTAPI function NOT instrumented (not matched by --itt-config option): __itt_sync_releasing

83147 : 0xd099d7fb059d : 2 : ittapi_config_apply_per_lib :  ITTAPI function NOT instrumented (not matched by --itt-config option): __itt_model_site_begin

83147 : 0xd099d7fb464b : 2 : ittapi_config_apply_per_lib :  ITTAPI function NOT instrumented (not matched by --itt-config option): __itt_model_site_end

83147 : 0xd099d7fb4aa3 : 2 : ittapi_config_apply_per_lib :  ITTAPI function NOT instrumented (not matched by --itt-config option): __itt_model_task_begin

83147 : 0xd099d7fb4f60 : 2 : ittapi_config_apply_per_lib :  ITTAPI function NOT instrumented (not matched by --itt-config option): __itt_model_task_end

83147 : 0xd099d7fb67f3 : 2 : ittapi_config_apply_per_lib :  ITTAPI function NOT instrumented (not matched by --itt-config option): __itt_model_lock_acquire

83147 : 0xd099d7fb6dd4 : 2 : ittapi_config_apply_per_lib :  ITTAPI function NOT instrumented (not matched by --itt-config option): __itt_model_lock_release

83147 : 0xd099d7fb727b : 2 : ittapi_config_apply_per_lib :  ITTAPI function NOT instrumented (not matched by --itt-config option): __itt_model_record_allocation

83147 : 0xd099d7fb766e : 2 : ittapi_config_apply_per_lib :  ITTAPI function NOT instrumented (not matched by --itt-config option): __itt_model_record_deallocation

83147 : 0xd099d7fb7a2f : 2 : ittapi_config_apply_per_lib :  ITTAPI function NOT instrumented (not matched by --itt-config option): __itt_model_induction_uses

83147 : 0xd099d7fb7dc1 : 2 : ittapi_config_apply_per_lib :  ITTAPI function NOT instrumented (not matched by --itt-config option): __itt_model_reduction_uses

83147 : 0xd099d7fb8181 : 2 : ittapi_config_apply_per_lib :  ITTAPI function NOT instrumented (not matched by --itt-config option): __itt_model_observe_uses

83147 : 0xd099d7fb850b : 2 : ittapi_config_apply_per_lib :  ITTAPI function NOT instrumented (not matched by --itt-config option): __itt_model_clear_uses

83147 : 0xd099d7fb889f : 2 : ittapi_config_apply_per_lib :  ITTAPI function NOT instrumented (not matched by --itt-config option): __itt_model_site_beginA

83147 : 0xd099d7fb8c2b : 2 : ittapi_config_apply_per_lib :  ITTAPI function NOT instrumented (not matched by --itt-config option): __itt_model_site_beginAL

83147 : 0xd099d7fbad95 : 2 : ittapi_config_apply_per_lib :  ITTAPI function NOT instrumented (not matched by --itt-config option): __itt_model_task_beginA

83147 : 0xd099d7fbb1c9 : 2 : ittapi_config_apply_per_lib :  ITTAPI function NOT instrumented (not matched by --itt-config option): __itt_model_task_beginAL

83147 : 0xd099d7fbb5ba : 2 : ittapi_config_apply_per_lib :  ITTAPI function NOT instrumented (not matched by --itt-config option): __itt_model_iteration_taskA

83147 : 0xd099d7fbb98f : 2 : ittapi_config_apply_per_lib :  ITTAPI function NOT instrumented (not matched by --itt-config option): __itt_model_iteration_taskAL

83147 : 0xd099d7fbbd94 : 2 : ittapi_config_apply_per_lib :  ITTAPI function NOT instrumented (not matched by --itt-config option): __itt_model_site_end_2

83147 : 0xd099d7fbc147 : 2 : ittapi_config_apply_per_lib :  ITTAPI function NOT instrumented (not matched by --itt-config option): __itt_model_task_end_2

83147 : 0xd099d7fbc4e3 : 2 : ittapi_config_apply_per_lib :  ITTAPI function NOT instrumented (not matched by --itt-config option): __itt_model_lock_acquire_2

83147 : 0xd099d7fbc879 : 2 : ittapi_config_apply_per_lib :  ITTAPI function NOT instrumented (not matched by --itt-config option): __itt_model_lock_release_2

83147 : 0xd099d7fbcc46 : 2 : ittapi_config_apply_per_lib :  ITTAPI function NOT instrumented (not matched by --itt-config option): __itt_model_aggregate_task

83147 : 0xd099d7fbcfce : 2 : ittapi_config_apply_per_lib :  ITTAPI function NOT instrumented (not matched by --itt-config option): __itt_model_disable_push

83147 : 0xd099d7fbe690 : 2 : ittapi_config_apply_per_lib :  ITTAPI function NOT instrumented (not matched by --itt-config option): __itt_model_disable_pop

83147 : 0xd099d7fbedf8 : 2 : ittapi_config_apply_per_lib :  ITTAPI function instrumented: __itt_heap_function_create
83147 : 0xd099d7fbf51f : 2 : ittapi_config_apply_per_lib :  ITTAPI function instrumented: __itt_heap_allocate_begin
83147 : 0xd099d7fbfb21 : 2 : ittapi_config_apply_per_lib :  ITTAPI function instrumented: __itt_heap_allocate_end
83147 : 0xd099d7fc015d : 2 : ittapi_config_apply_per_lib :  ITTAPI function instrumented: __itt_heap_free_begin
83147 : 0xd099d7fc0800 : 2 : ittapi_config_apply_per_lib :  ITTAPI function instrumented: __itt_heap_free_end
83147 : 0xd099d7fc0ebf : 2 : ittapi_config_apply_per_lib :  ITTAPI function instrumented: __itt_heap_reallocate_begin
83147 : 0xd099d7fc14b9 : 2 : ittapi_config_apply_per_lib :  ITTAPI function instrumented: __itt_heap_reallocate_end
83147 : 0xd099d7fc1cae : 2 : ittapi_config_apply_per_lib :  ITTAPI function not implemented: __itt_heap_internal_access_begin
83147 : 0xd099d7fc24e5 : 2 : ittapi_config_apply_per_lib :  ITTAPI function not implemented: __itt_heap_internal_access_end
83147 : 0xd099d7fc4118 : 2 : ittapi_config_apply_per_lib :  ITTAPI function not implemented: __itt_heap_record_memory_growth_begin
83147 : 0xd099d7fc4978 : 2 : ittapi_config_apply_per_lib :  ITTAPI function not implemented: __itt_heap_record_memory_growth_end
83147 : 0xd099d7fc517a : 2 : ittapi_config_apply_per_lib :  ITTAPI function not implemented: __itt_heap_reset_detection
83147 : 0xd099d7fc59ad : 2 : ittapi_config_apply_per_lib :  ITTAPI function not implemented: __itt_heap_record
83147 : 0xd099d7fc623c : 2 : ittapi_config_apply_per_lib :  ITTAPI function not implemented: __itt_id_create
83147 : 0xd099d7fc6a30 : 2 : ittapi_config_apply_per_lib :  ITTAPI function not implemented: __itt_id_destroy
83147 : 0xd099d7fc7174 : 2 : ittapi_config_apply_per_lib :  ITTAPI function instrumented: __itt_get_timestamp
83147 : 0xd099d7fc7914 : 2 : ittapi_config_apply_per_lib :  ITTAPI function not implemented: __itt_region_begin
83147 : 0xd099d7fc8131 : 2 : ittapi_config_apply_per_lib :  ITTAPI function not implemented: __itt_region_end
83147 : 0xd099d7fc8834 : 2 : ittapi_config_apply_per_lib :  ITTAPI function instrumented: __itt_frame_begin_v3
83147 : 0xd099d7fcad0c : 2 : ittapi_config_apply_per_lib :  ITTAPI function instrumented: __itt_frame_end_v3
83147 : 0xd099d7fcb475 : 2 : ittapi_config_apply_per_lib :  ITTAPI function instrumented: __itt_frame_submit_v3
83147 : 0xd099d7fcbc88 : 2 : ittapi_config_apply_per_lib :  ITTAPI function not implemented: __itt_task_group
83147 : 0xd099d7fcc3d8 : 2 : ittapi_config_apply_per_lib :  ITTAPI function instrumented: __itt_task_begin
83147 : 0xd099d7fccb5b : 2 : ittapi_config_apply_per_lib :  ITTAPI function instrumented: __itt_task_begin_fn
83147 : 0xd099d7fcd21c : 2 : ittapi_config_apply_per_lib :  ITTAPI function instrumented: __itt_task_end
83147 : 0xd099d7fcd9b0 : 2 : ittapi_config_apply_per_lib :  ITTAPI function not implemented: __itt_counter_inc_v3
83147 : 0xd099d7fce1a6 : 2 : ittapi_config_apply_per_lib :  ITTAPI function not implemented: __itt_counter_inc_delta_v3
83147 : 0xd099d7fce96e : 2 : ittapi_config_apply_per_lib :  ITTAPI function not implemented: __itt_counter_dec_v3
83147 : 0xd099d7fcf0f3 : 2 : ittapi_config_apply_per_lib :  ITTAPI function not implemented: __itt_counter_dec_delta_v3
83147 : 0xd099d7fd0ca9 : 2 : ittapi_config_apply_per_lib :  ITTAPI function not implemented: __itt_marker
83147 : 0xd099d7fd145b : 2 : ittapi_config_apply_per_lib :  ITTAPI function instrumented: __itt_metadata_add
83147 : 0xd099d7fd1cbe : 2 : ittapi_config_apply_per_lib :  ITTAPI function not implemented: __itt_metadata_str_add
83147 : 0xd099d7fd2478 : 2 : ittapi_config_apply_per_lib :  ITTAPI function not implemented: __itt_relation_add_to_current
83147 : 0xd099d7fd2ccf : 2 : ittapi_config_apply_per_lib :  ITTAPI function not implemented: __itt_relation_add
83147 : 0xd099d7fd33b5 : 2 : ittapi_config_apply_per_lib :  ITTAPI function instrumented: __itt_event_create
83147 : 0xd099d7fd3b1e : 2 : ittapi_config_apply_per_lib :  ITTAPI function instrumented: __itt_event_start
83147 : 0xd099d7fd41f5 : 2 : ittapi_config_apply_per_lib :  ITTAPI function instrumented: __itt_event_end
83147 : 0xd099d7fd468c : 2 : ittapi_config_apply_per_lib :  ITTAPI function NOT instrumented (not matched by --itt-config option): __itt_sync_set_name

83147 : 0xd099d7fd4b94 : 2 : ittapi_config_apply_per_lib :  ITTAPI function NOT instrumented (not matched by --itt-config option): __itt_notify_sync_name

83147 : 0xd099d7fd63ae : 2 : ittapi_config_apply_per_lib :  ITTAPI function NOT instrumented (not matched by --itt-config option): __itt_notify_sync_prepare

83147 : 0xd099d7fd6b9c : 2 : ittapi_config_apply_per_lib :  ITTAPI function NOT instrumented (not matched by --itt-config option): __itt_notify_sync_cancel

83147 : 0xd099d7fd7068 : 2 : ittapi_config_apply_per_lib :  ITTAPI function NOT instrumented (not matched by --itt-config option): __itt_notify_sync_acquired

83147 : 0xd099d7fd7495 : 2 : ittapi_config_apply_per_lib :  ITTAPI function NOT instrumented (not matched by --itt-config option): __itt_notify_sync_releasing

83147 : 0xd099d7fd7cae : 2 : ittapi_config_apply_per_lib :  ITTAPI function not implemented: __itt_memory_read
83147 : 0xd099d7fd84a0 : 2 : ittapi_config_apply_per_lib :  ITTAPI function not implemented: __itt_memory_write
83147 : 0xd099d7fd8ce6 : 2 : ittapi_config_apply_per_lib :  ITTAPI function not implemented: __itt_memory_update
83147 : 0xd099d7fd94f8 : 2 : ittapi_config_apply_per_lib :  ITTAPI function not implemented: __itt_state_get
83147 : 0xd099d7fd9cc6 : 2 : ittapi_config_apply_per_lib :  ITTAPI function not implemented: __itt_state_set
83147 : 0xd099d7fda49e : 2 : ittapi_config_apply_per_lib :  ITTAPI function not implemented: __itt_obj_mode_set
83147 : 0xd099d7fdcb21 : 2 : ittapi_config_apply_per_lib :  ITTAPI function not implemented: __itt_thr_mode_set
83147 : 0xd099d7fdd22b : 2 : ittapi_config_apply_per_lib :  ITTAPI function instrumented: __itt_frame_create
83147 : 0xd099d7fdd941 : 2 : ittapi_config_apply_per_lib :  ITTAPI function instrumented: __itt_pt_region_create
83147 : 0xd099d7fde11d : 2 : ittapi_config_apply_per_lib :  ITTAPI function instrumented: __itt_frame_begin
83147 : 0xd099d7fde7c3 : 2 : ittapi_config_apply_per_lib :  ITTAPI function instrumented: __itt_frame_end
83147 : 0xd099d7fdefec : 2 : ittapi_config_apply_per_lib :  ITTAPI function not implemented: __itt_counter_destroy
83147 : 0xd099d7fdf76d : 2 : ittapi_config_apply_per_lib :  ITTAPI function instrumented: __itt_counter_inc
83147 : 0xd099d7fdfe32 : 2 : ittapi_config_apply_per_lib :  ITTAPI function instrumented: __itt_counter_inc_delta
83147 : 0xd099d7fe04db : 2 : ittapi_config_apply_per_lib :  ITTAPI function instrumented: __itt_counter_dec
83147 : 0xd099d7fe0bac : 2 : ittapi_config_apply_per_lib :  ITTAPI function instrumented: __itt_counter_dec_delta
83147 : 0xd099d7fe25bc : 2 : ittapi_config_apply_per_lib :  ITTAPI function instrumented: __itt_counter_set_value
83147 : 0xd099d7fe2e13 : 2 : ittapi_config_apply_per_lib :  ITTAPI function not implemented: __itt_counter_set_value_ex
83147 : 0xd099d7fe35c7 : 2 : ittapi_config_apply_per_lib :  ITTAPI function not implemented: __itt_mark_create
83147 : 0xd099d7fe3db3 : 2 : ittapi_config_apply_per_lib :  ITTAPI function not implemented: __itt_mark
83147 : 0xd099d7fe4583 : 2 : ittapi_config_apply_per_lib :  ITTAPI function not implemented: __itt_mark_off
83147 : 0xd099d7fe4d98 : 2 : ittapi_config_apply_per_lib :  ITTAPI function not implemented: __itt_mark_global
83147 : 0xd099d7fe5549 : 2 : ittapi_config_apply_per_lib :  ITTAPI function not implemented: __itt_mark_global_off
83147 : 0xd099d7fe5d7a : 2 : ittapi_config_apply_per_lib :  ITTAPI function instrumented: __itt_stack_caller_create
83147 : 0xd099d7fe64cd : 2 : ittapi_config_apply_per_lib :  ITTAPI function instrumented: __itt_stack_caller_destroy
83147 : 0xd099d7fe6b98 : 2 : ittapi_config_apply_per_lib :  ITTAPI function instrumented: __itt_stack_callee_enter
83147 : 0xd099d7fe8573 : 2 : ittapi_config_apply_per_lib :  ITTAPI function instrumented: __itt_stack_callee_leave
83147 : 0xd099d7fe8d29 : 2 : ittapi_config_apply_per_lib :  ITTAPI function not implemented: __itt_clock_domain_create
83147 : 0xd099d7fe9574 : 2 : ittapi_config_apply_per_lib :  ITTAPI function not implemented: __itt_clock_domain_reset
83147 : 0xd099d7fe9d70 : 2 : ittapi_config_apply_per_lib :  ITTAPI function not implemented: __itt_id_create_ex
83147 : 0xd099d7fea57b : 2 : ittapi_config_apply_per_lib :  ITTAPI function not implemented: __itt_id_destroy_ex
83147 : 0xd099d7fead5f : 2 : ittapi_config_apply_per_lib :  ITTAPI function not implemented: __itt_task_begin_ex
83147 : 0xd099d7feb4be : 2 : ittapi_config_apply_per_lib :  ITTAPI function not implemented: __itt_task_begin_fn_ex
83147 : 0xd099d7febc49 : 2 : ittapi_config_apply_per_lib :  ITTAPI function not implemented: __itt_task_end_ex
83147 : 0xd099d7fec37b : 2 : ittapi_config_apply_per_lib :  ITTAPI function instrumented: __itt_task_begin_overlapped
83147 : 0xd099d7fecaf0 : 2 : ittapi_config_apply_per_lib :  ITTAPI function not implemented: __itt_task_begin_overlapped_ex
83147 : 0xd099d7fee56f : 2 : ittapi_config_apply_per_lib :  ITTAPI function instrumented: __itt_task_end_overlapped
83147 : 0xd099d7feed00 : 2 : ittapi_config_apply_per_lib :  ITTAPI function not implemented: __itt_task_end_overlapped_ex
83147 : 0xd099d7fef490 : 2 : ittapi_config_apply_per_lib :  ITTAPI function not implemented: __itt_marker_ex
83147 : 0xd099d7fefc6e : 2 : ittapi_config_apply_per_lib :  ITTAPI function not implemented: __itt_metadata_add_with_scope
83147 : 0xd099d7ff0440 : 2 : ittapi_config_apply_per_lib :  ITTAPI function not implemented: __itt_metadata_str_add_with_scope
83147 : 0xd099d7ff0bc1 : 2 : ittapi_config_apply_per_lib :  ITTAPI function not implemented: __itt_relation_add_to_current_ex
83147 : 0xd099d7ff1334 : 2 : ittapi_config_apply_per_lib :  ITTAPI function not implemented: __itt_relation_add_ex
83147 : 0xd099d7ff1b06 : 2 : ittapi_config_apply_per_lib :  ITTAPI function not implemented: __itt_track_group_create
83147 : 0xd099d7ff21eb : 2 : ittapi_config_apply_per_lib :  ITTAPI function not implemented: __itt_track_create
83147 : 0xd099d7ff2980 : 2 : ittapi_config_apply_per_lib :  ITTAPI function not implemented: __itt_set_track
83147 : 0xd099d7ff4ed1 : 2 : ittapi_config_apply_per_lib :  ITTAPI function instrumented: __itt_api_version
83147 : 0xd099d7ff56f8 : 2 : ittapi_config_apply_per_lib :  ITTAPI function not implemented: __itt_av_save
83147 : 0xd099d7ff5e27 : 2 : ittapi_config_apply_per_lib :  ITTAPI function instrumented: __itt_module_load
83147 : 0xd099d7ff65c6 : 2 : ittapi_config_apply_per_lib :  ITTAPI function not implemented: __itt_module_unload
83147 : 0xd099d7ff6a2e : 2 : ittapi_config_apply_per_lib :  ITTAPI function NOT instrumented (not matched by --itt-config option): __itt_histogram_submit

83147 : 0xd099d7ff710e : 2 : ittapi_config_apply_per_lib :  ITTAPI function instrumented: __itt_counter_set_value_v3