
74632 : 0xcf49d6406832 : 1 : spill_jit_data :  Jit agent is not initialized
74618 : 0xcf49d640e71a : 2 : ittapi_config_mask_get :  --itt-config mask to be applied: 55
74618 : 0xcf49d64117bf : 2 : ittapi_config_apply_per_lib :  ITTAPI function instrumented: __itt_domain_create
74618 : 0xcf49d64127e0 : 2 : ittapi_config_apply_per_lib :  ITTAPI function instrumented: __itt_module_load_with_sections
74618 : 0xcf49d64139fd : 2 : ittapi_config_apply_per_lib :  ITTAPI function not implemented: __itt_module_unload_with_sections
74618 : 0xcf49d6414605 : 2 : ittapi_config_apply_per_lib :  ITTAPI function instrumented: __itt_string_handle_create
74618 : 0xcf49d6414d3b : 2 : ittapi_config_apply_per_lib :  ITTAPI function instrumented: __itt_counter_create
74618 : 0xcf49d6415425 : 2 : ittapi_config_apply_per_lib :  ITTAPI function instrumented: __itt_counter_create_typed
74618 : 0xcf49d6415b3d : 2 : ittapi_config_apply_per_lib :  ITTAPI function instrumented: __itt_pause
74618 : 0xcf49d64162a2 : 2 : ittapi_config_apply_per_lib :  ITTAPI function instrumented: __itt_resume
74618 : 0xcf49d641fa3c : 2 : ittapi_config_apply_per_lib :  ITTAPI function instrumented: __itt_thread_set_name
74618 : 0xcf49d642024f : 2 : ittapi_config_apply_per_lib :  ITTAPI function instrumented: __itt_thread_ignore
74618 : 0xcf49d6420a0f : 2 : ittapi_config_apply_per_lib :  ITTAPI function instrumented: __itt_thr_name_set
74618 : 0xcf49d64211fd : 2 : ittapi_config_apply_per_lib :  ITTAPI function instrumented: __itt_thr_ignore
74618 : 0xcf49d64218fd : 2 : ittapi_config_apply_per_lib :  ITTAPI function instrumented: __itt_histogram_create
74618 : 0xcf49d64222d4 : 2 : ittapi_config_apply_per_lib :  ITTAPI function not implemented: __itt_enable_attach
74618 : 0xcf49d6422ac5 : 2 : ittapi_config_apply_per_lib :  ITTAPI function instrumented: __itt_detach
74618 : 0xcf49d64230a9 : 2 : ittapi_config_apply_per_lib :  ITTAPI function NOT instrumented (not matched by --itt-config option): __itt_sync_create

74618 : 0xcf49d6423694 : 2 : ittapi_config_apply_per_lib :  ITTAPI function NOT instrumented (not matched by --itt-config option): __itt_sync_rename

74618 : 0xcf49d6423aee : 2 : ittapi_config_apply_per_lib :  ITTAPI function NOT instrumented (not matched by --itt-config option): __itt_sync_destroy

74618 : 0xcf49d64257c1 : 2 : ittapi_config_apply_per_lib :  ITTAPI function NOT instrumented (not matched by --itt-config option): __itt_sync_prepare

74618 : 0xcf49d6425cfe : 2 : ittapi_config_apply_per_lib :  ITTAPI function NOT instrumented (not matched by --itt-config option): __itt_sync_cancel

74618 : 0xcf49d6426152 : 2 : ittapi_config_apply_per_lib :  ITTAPI function NOT instrumented (not matched by --itt-config option): __itt_sync_acquired

74618 : 0xcf49d64265ae : 2 : ittapi_config_apply_per_lib :  ITTAPI function NOT instrumented (not matched by --itt-config option): __itt_sync_releasing

74618 : 0xcf49d6426fb2 : 2 : ittapi_config_apply_per_lib :  ITTAPI function not implemented: __itt_suppress_push
74618 : 0xcf49d6427978 : 2 : ittapi_config_apply_per_lib :  ITTAPI function not implemented: __itt_suppress_pop
74618 : 0xcf49d64281b1 : 2 : ittapi_config_apply_per_lib :  ITTAPI function not implemented: __itt_suppress_mark_range
74618 : 0xcf49d6428b3e : 2 : ittapi_config_apply_per_lib :  ITTAPI function not implemented: __itt_suppress_clear_range
74618 : 0xcf49d6428fac : 2 : ittapi_config_apply_per_lib :  ITTAPI function NOT instrumented (not matched by --itt-config option): __itt_sync_prepare

74618 : 0xcf49d6429401 : 2 : ittapi_config_apply_per_lib :  ITTAPI function NOT instrumented (not matched by --itt-config option): __itt_sync_cancel

74618 : 0xcf49d642ab58 : 2 : ittapi_config_apply_per_lib :  ITTAPI function NOT instrumented (not matched by --itt-config option): __itt_sync_acquired

74618 : 0xcf49d642afa4 : 2 : ittapi_config_apply_per_lib :  ITTAPI function NOT instrumented (not matched by --itt-config option): __itt_sync_releasing

74618 : 0xcf49d642b4f5 : 2 : ittapi_config_apply_per_lib :  ITTAPI function NOT instrumented (not matched by --itt-config option): __itt_model_site_begin

74618 : 0xcf49d642b9bb : 2 : ittapi_config_apply_per_lib :  ITTAPI function NOT instrumented (not matched by --itt-config option): __itt_model_site_end

74618 : 0xcf49d642be98 : 2 : ittapi_config_apply_per_lib :  ITTAPI function NOT instrumented (not matched by --itt-config option): __itt_model_task_begin

74618 : 0xcf49d642c38c : 2 : ittapi_config_apply_per_lib :  ITTAPI function NOT instrumented (not matched by --itt-config option): __itt_model_task_end

74618 : 0xcf49d642c878 : 2 : ittapi_config_apply_per_lib :  ITTAPI function NOT instrumented (not matched by --itt-config option): __itt_model_lock_acquire

74618 : 0xcf49d642cff3 : 2 : ittapi_config_apply_per_lib :  ITTAPI function NOT instrumented (not matched by --itt-config option): __itt_model_lock_release

74618 : 0xcf49d642d4b5 : 2 : ittapi_config_apply_per_lib :  ITTAPI function NOT instrumented (not matched by --itt-config option): __itt_model_record_allocation

74618 : 0xcf49d642d8b8 : 2 : ittapi_config_apply_per_lib :  ITTAPI function NOT instrumented (not matched by --itt-config option): __itt_model_record_deallocation

74618 : 0xcf49d6430f72 : 2 : ittapi_config_apply_per_lib :  ITTAPI function NOT instrumented (not matched by --itt-config option): __itt_model_induction_uses

74618 : 0xcf49d6431456 : 2 : ittapi_config_apply_per_lib :  ITTAPI function NOT instrumented (not matched by --itt-config option): __itt_model_reduction_uses

74618 : 0xcf49d6431863 : 2 : ittapi_config_apply_per_lib :  ITTAPI function NOT instrumented (not matched by --itt-config option): __itt_model_observe_uses

74618 : 0xcf49d6431c2c : 2 : ittapi_config_apply_per_lib :  ITTAPI function NOT instrumented (not matched by --itt-config option): __itt_model_clear_uses

74618 : 0xcf49d6431fee : 2 : ittapi_config_apply_per_lib :  ITTAPI function NOT instrumented (not matched by --itt-config option): __itt_model_site_beginA

74618 : 0xcf49d643239b : 2 : ittapi_config_apply_per_lib :  ITTAPI function NOT instrumented (not matched by --itt-config option): __itt_model_site_beginAL

74618 : 0xcf49d6432741 : 2 : ittapi_config_apply_per_lib :  ITTAPI function NOT instrumented (not matched by --itt-config option): __itt_model_task_beginA

74618 : 0xcf49d6432ae9 : 2 : ittapi_config_apply_per_lib :  ITTAPI function NOT instrumented (not matched by --itt-config option): __itt_model_task_beginAL

74618 : 0xcf49d6432e91 : 2 : ittapi_config_apply_per_lib :  ITTAPI function NOT instrumented (not matched by --itt-config option): __itt_model_iteration_taskA

74618 : 0xcf49d6433240 : 2 : ittapi_config_apply_per_lib :  ITTAPI function NOT instrumented (not matched by --itt-config option): __itt_model_iteration_taskAL

74618 : 0xcf49d64348b5 : 2 : ittapi_config_apply_per_lib :  ITTAPI function NOT instrumented (not matched by --itt-config option): __itt_model_site_end_2

74618 : 0xcf49d6434cce : 2 : ittapi_config_apply_per_lib :  ITTAPI function NOT instrumented (not matched by --itt-config option): __itt_model_task_end_2

74618 : 0xcf49d64350b9 : 2 : ittapi_config_apply_per_lib :  ITTAPI function NOT instrumented (not matched by --itt-config option): __itt_model_lock_acquire_2

74618 : 0xcf49d6435484 : 2 : ittapi_config_apply_per_lib :  ITTAPI function NOT instrumented (not matched by --itt-config option): __itt_model_lock_release_2

74618 : 0xcf49d6435845 : 2 : ittapi_config_apply_per_lib :  ITTAPI function NOT instrumented (not matched by --itt-config option): __itt_model_aggregate_task

74618 : 0xcf49d6435bed : 2 : ittapi_config_apply_per_lib :  ITTAPI function NOT instrumented (not matched by --itt-config option): __itt_model_disable_push

74618 : 0xcf49d6435fac : 2 : ittapi_config_apply_per_lib :  ITTAPI function NOT instrumented (not matched by --itt-config option): __itt_model_disable_pop

74618 : 0xcf49d6436743 : 2 : ittapi_config_apply_per_lib :  ITTAPI function instrumented: __itt_heap_function_create
74618 : 0xcf49d6436f56 : 2 : ittapi_config_apply_per_lib :  ITTAPI function instrumented: __itt_heap_allocate_begin
74618 : 0xcf49d6437593 : 2 : ittapi_config_apply_per_lib :  ITTAPI function instrumented: __itt_heap_allocate_end
74618 : 0xcf49d6439d02 : 2 : ittapi_config_apply_per_lib :  ITTAPI function instrumented: __itt_heap_free_begin
74618 : 0xcf49d643a3c9 : 2 : ittapi_config_apply_per_lib :  ITTAPI function instrumented: __itt_heap_free_end
74618 : 0xcf49d643aac3 : 2 : ittapi_config_apply_per_lib :  ITTAPI function instrumented: __itt_heap_reallocate_begin
74618 : 0xcf49d643b0af : 2 : ittapi_config_apply_per_lib :  ITTAPI function instrumented: __itt_heap_reallocate_end
74618 : 0xcf49d643b8a4 : 2 : ittapi_config_apply_per_lib :  ITTAPI function not implemented: __itt_heap_internal_access_begin
74618 : 0xcf49d643c0db : 2 : ittapi_config_apply_per_lib :  ITTAPI function not implemented: __itt_heap_internal_access_end
74618 : 0xcf49d643c86a : 2 : ittapi_config_apply_per_lib :  ITTAPI function not implemented: __itt_heap_record_memory_growth_begin
74618 : 0xcf49d643cff1 : 2 : ittapi_config_apply_per_lib :  ITTAPI function not implemented: __itt_heap_record_memory_growth_end
74618 : 0xcf49d643d7cd : 2 : ittapi_config_apply_per_lib :  ITTAPI function not implemented: __itt_heap_reset_detection
74618 : 0xcf49d643e098 : 2 : ittapi_config_apply_per_lib :  ITTAPI function not implemented: __itt_heap_record
74618 : 0xcf49d643fc66 : 2 : ittapi_config_apply_per_lib :  ITTAPI function not implemented: __itt_id_create
74618 : 0xcf49d644051d : 2 : ittapi_config_apply_per_lib :  ITTAPI function not implemented: __itt_id_destroy
74618 : 0xcf49d6440c70 : 2 : ittapi_config_apply_per_lib :  ITTAPI function instrumented: __itt_get_timestamp
74618 : 0xcf49d64413c0 : 2 : ittapi_config_apply_per_lib :  ITTAPI function not implemented: __itt_region_begin
74618 : 0xcf49d6441b39 : 2 : ittapi_config_apply_per_lib :  ITTAPI function not implemented: __itt_region_end
74618 : 0xcf49d6442348 : 2 : ittapi_config_apply_per_lib :  ITTAPI function instrumented: __itt_frame_begin_v3
74618 : 0xcf49d6442ab7 : 2 : ittapi_config_apply_per_lib :  ITTAPI function instrumented: __itt_frame_end_v3
74618 : 0xcf49d64431d5 : 2 : ittapi_config_apply_per_lib :  ITTAPI function instrumented: __itt_frame_submit_v3
74618 : 0xcf49d64439fe : 2 : ittapi_config_apply_per_lib :  ITTAPI function not implemented: __itt_task_group
74618 : 0xcf49d64440e5 : 2 : ittapi_config_apply_per_lib :  ITTAPI function instrumented: __itt_task_begin
74618 : 0xcf49d6445b3b : 2 : ittapi_config_apply_per_lib :  ITTAPI function instrumented: __itt_task_begin_fn
74618 : 0xcf49d64462b8 : 2 : ittapi_config_apply_per_lib :  ITTAPI function instrumented: __itt_task_end
74618 : 0xcf49d6446b20 : 2 : ittapi_config_apply_per_lib :  ITTAPI function not implemented: __itt_counter_inc_v3
74618 : 0xcf49d644736f : 2 : ittapi_config_apply_per_lib :  ITTAPI function not implemented: __itt_counter_inc_delta_v3
74618 : 0xcf49d6447b3b : 2 : ittapi_config_apply_per_lib :  ITTAPI function not implemented: __itt_counter_dec_v3
74618 : 0xcf49d6448288 : 2 : ittapi_config_apply_per_lib :  ITTAPI function not implemented: __itt_counter_dec_delta_v3
74618 : 0xcf49d6448b12 : 2 : ittapi_config_apply_per_lib :  ITTAPI function not implemented: __itt_marker
74618 : 0xcf49d6449306 : 2 : ittapi_config_apply_per_lib :  ITTAPI function instrumented: __itt_metadata_add
74618 : 0xcf49d6449bb9 : 2 : ittapi_config_apply_per_lib :  ITTAPI function not implemented: __itt_metadata_str_add
74618 : 0xcf49d644a3ad : 2 : ittapi_config_apply_per_lib :  ITTAPI function not implemented: __itt_relation_add_to_current
74618 : 0xcf49d644bf06 : 2 : ittapi_config_apply_per_lib :  ITTAPI function not implemented: __itt_relation_add
74618 : 0xcf49d644c636 : 2 : ittapi_config_apply_per_lib :  ITTAPI function instrumented: __itt_event_create
74618 : 0xcf49d644cd79 : 2 : ittapi_config_apply_per_lib :  ITTAPI function instrumented: __itt_event_start
74618 : 0xcf49d644d502 : 2 : ittapi_config_apply_per_lib :  ITTAPI function instrumented: __itt_event_end
74618 : 0xcf49d644d9b5 : 2 : ittapi_config_apply_per_lib :  ITTAPI function NOT instrumented (not matched by --itt-config option): __itt_sync_set_name

74618 : 0xcf49d644df2a : 2 : ittapi_config_apply_per_lib :  ITTAPI function NOT instrumented (not matched by --itt-config option): __itt_notify_sync_name

74618 : 0xcf49d644e3ec : 2 : ittapi_config_apply_per_lib :  ITTAPI function NOT instrumented (not matched by --itt-config option): __itt_notify_sync_prepare

74618 : 0xcf49d644e88b : 2 : ittapi_config_apply_per_lib :  ITTAPI function NOT instrumented (not matched by --itt-config option): __itt_notify_sync_cancel

74618 : 0xcf49d644ecdd : 2 : ittapi_config_apply_per_lib :  ITTAPI function NOT instrumented (not matched by --itt-config option): __itt_notify_sync_acquired

74618 : 0xcf49d644f0e8 : 2 : ittapi_config_apply_per_lib :  ITTAPI function NOT instrumented (not matched by --itt-config option): __itt_notify_sync_releasing

74618 : 0xcf49d645160d : 2 : ittapi_config_apply_per_lib :  ITTAPI function not implemented: __itt_memory_read
74618 : 0xcf49d6451e7a : 2 : ittapi_config_apply_per_lib :  ITTAPI function not implemented: __itt_memory_write
74618 : 0xcf49d6452697 : 2 : ittapi_config_apply_per_lib :  ITTAPI function not implemented: __itt_memory_update
74618 : 0xcf49d6452f11 : 2 : ittapi_config_apply_per_lib :  ITTAPI function not implemented: __itt_state_get
74618 : 0xcf49d645368e : 2 : ittapi_config_apply_per_lib :  ITTAPI function not implemented: __itt_state_set
74618 : 0xcf49d6453e40 : 2 : ittapi_config_apply_per_lib :  ITTAPI function not implemented: __itt_obj_mode_set
74618 : 0xcf49d6454651 : 2 : ittapi_config_apply_per_lib :  ITTAPI function not implemented: __itt_thr_mode_set
74618 : 0xcf49d6454d62 : 2 : ittapi_config_apply_per_lib :  ITTAPI function instrumented: __itt_frame_create
74618 : 0xcf49d645544c : 2 : ittapi_config_apply_per_lib :  ITTAPI function instrumented: __itt_pt_region_create
74618 : 0xcf49d6455c28 : 2 : ittapi_config_apply_per_lib :  ITTAPI function instrumented: __itt_frame_begin
74618 : 0xcf49d64576bf : 2 : ittapi_config_apply_per_lib :  ITTAPI function instrumented: __itt_frame_end
74618 : 0xcf49d6457f28 : 2 : ittapi_config_apply_per_lib :  ITTAPI function not implemented: __itt_counter_destroy
74618 : 0xcf49d64586a1 : 2 : ittapi_config_apply_per_lib :  ITTAPI function instrumented: __itt_counter_inc
74618 : 0xcf49d6458dfa : 2 : ittapi_config_apply_per_lib :  ITTAPI function instrumented: __itt_counter_inc_delta
74618 : 0xcf49d6459440 : 2 : ittapi_config_apply_per_lib :  ITTAPI function instrumented: __itt_counter_dec
74618 : 0xcf49d6459b54 : 2 : ittapi_config_apply_per_lib :  ITTAPI function instrumented: __itt_counter_dec_delta
74618 : 0xcf49d645a21d : 2 : ittapi_config_apply_per_lib :  ITTAPI function instrumented: __itt_counter_set_value
74618 : 0xcf49d645a9e7 : 2 : ittapi_config_apply_per_lib :  ITTAPI function not implemented: __itt_counter_set_value_ex
74618 : 0xcf49d645b1a4 : 2 : ittapi_config_apply_per_lib :  ITTAPI function not implemented: __itt_mark_create
74618 : 0xcf49d645b9bb : 2 : ittapi_config_apply_per_lib :  ITTAPI function not implemented: __itt_mark
74618 : 0xcf49d645d493 : 2 : ittapi_config_apply_per_lib :  ITTAPI function not implemented: __itt_mark_off
74618 : 0xcf49d645dc85 : 2 : ittapi_config_apply_per_lib :  ITTAPI function not implemented: __itt_mark_global
74618 : 0xcf49d645e4a8 : 2 : ittapi_config_apply_per_lib :  ITTAPI function not implemented: __itt_mark_global_off
74618 : 0xcf49d645ed38 : 2 : ittapi_config_apply_per_lib :  ITTAPI function instrumented: __itt_stack_caller_create
74618 : 0xcf49d645f483 : 2 : ittapi_config_apply_per_lib :  ITTAPI function instrumented: __itt_stack_caller_destroy
74618 : 0xcf49d645fb60 : 2 : ittapi_config_apply_per_lib :  ITTAPI function instrumented: __itt_stack_callee_enter
74618 : 0xcf49d64601d2 : 2 : ittapi_config_apply_per_lib :  ITTAPI function instrumented: __itt_stack_callee_leave
74618 : 0xcf49d6460967 : 2 : ittapi_config_apply_per_lib :  ITTAPI function not implemented: __itt_clock_domain_create
74618 : 0xcf49d6461168 : 2 : ittapi_config_apply_per_lib :  ITTAPI function not implemented: __itt_clock_domain_reset
74618 : 0xcf49d646197b : 2 : ittapi_config_apply_per_lib :  ITTAPI function not implemented: __itt_id_create_ex
74618 : 0xcf49d6463d3d : 2 : ittapi_config_apply_per_lib :  ITTAPI function not implemented: __itt_id_destroy_ex
74618 : 0xcf49d6464507 : 2 : ittapi_config_apply_per_lib :  ITTAPI function not implemented: __itt_task_begin_ex
74618 : 0xcf49d6464c58 : 2 : ittapi_config_apply_per_lib :  ITTAPI function not implemented: __itt_task_begin_fn_ex
74618 : 0xcf49d64653dd : 2 : ittapi_config_apply_per_lib :  ITTAPI function not implemented: __itt_task_end_ex
74618 : 0xcf49d6465b64 : 2 : ittapi_config_apply_per_lib :  ITTAPI function instrumented: __itt_task_begin_overlapped
74618 : 0xcf49d6466308 : 2 : ittapi_config_apply_per_lib :  ITTAPI function not implemented: __itt_task_begin_overlapped_ex
74618 : 0xcf49d6466a2c : 2 : ittapi_config_apply_per_lib :  ITTAPI function instrumented: __itt_task_end_overlapped
74618 : 0xcf49d646716a : 2 : ittapi_config_apply_per_lib :  ITTAPI function not implemented: __itt_task_end_overlapped_ex
74618 : 0xcf49d64678d5 : 2 : ittapi_config_apply_per_lib :  ITTAPI function not implemented: __itt_marker_ex
74618 : 0xcf49d646822f : 2 : ittapi_config_apply_per_lib :  ITTAPI function not implemented: __itt_metadata_add_with_scope
74618 : 0xcf49d6469db1 : 2 : ittapi_config_apply_per_lib :  ITTAPI function not implemented: __itt_metadata_str_add_with_scope
74618 : 0xcf49d646a5b1 : 2 : ittapi_config_apply_per_lib :  ITTAPI function not implemented: __itt_relation_add_to_current_ex
74618 : 0xcf49d646ad5f : 2 : ittapi_config_apply_per_lib :  ITTAPI function not implemented: __itt_relation_add_ex
74618 : 0xcf49d646b522 : 2 : ittapi_config_apply_per_lib :  ITTAPI function not implemented: __itt_track_group_create
74618 : 0xcf49d646bc16 : 2 : ittapi_config_apply_per_lib :  ITTAPI function not implemented: __itt_track_create
74618 : 0xcf49d646c3d0 : 2 : ittapi_config_apply_per_lib :  ITTAPI function not implemented: __itt_set_track
74618 : 0xcf49d646caa1 : 2 : ittapi_config_apply_per_lib :  ITTAPI function instrumented: __itt_api_version
74618 : 0xcf49d646d224 : 2 : ittapi_config_apply_per_lib :  ITTAPI function not implemented: __itt_av_save
74618 : 0xcf49d646d964 : 2 : ittapi_config_apply_per_lib :  ITTAPI function instrumented: __itt_module_load
74618 : 0xcf49d646e0fc : 2 : ittapi_config_apply_per_lib :  ITTAPI function not implemented: __itt_module_unload
74618 : 0xcf49d646f80b : 2 : ittapi_config_apply_per_lib :  ITTAPI function NOT instrumented (not matched by --itt-config option): __itt_histogram_submit

74618 : 0xcf49d64e0a31 : 2 : ittapi_config_mask_get :  --itt-config mask to be applied: 55
74618 : 0xcf49d64e14a4 : 2 : ittapi_config_apply_per_lib :  ITTAPI function instrumented: __itt_domain_create
74618 : 0xcf49d64e1d43 : 2 : ittapi_config_apply_per_lib :  ITTAPI function instrumented: __itt_module_load_with_sections
74618 : 0xcf49d64e26f2 : 2 : ittapi_config_apply_per_lib :  ITTAPI function not implemented: __itt_module_unload_with_sections
74618 : 0xcf49d64e2ee4 : 2 : ittapi_config_apply_per_lib :  ITTAPI function instrumented: __itt_string_handle_create
74618 : 0xcf49d64e3599 : 2 : ittapi_config_apply_per_lib :  ITTAPI function instrumented: __itt_counter_create
74618 : 0xcf49d64e3c5c : 2 : ittapi_config_apply_per_lib :  ITTAPI function instrumented: __itt_counter_create_typed
74618 : 0xcf49d64e42ff : 2 : ittapi_config_apply_per_lib :  ITTAPI function instrumented: __itt_pause
74618 : 0xcf49d64e4a33 : 2 : ittapi_config_apply_per_lib :  ITTAPI function instrumented: __itt_resume
74618 : 0xcf49d64e6c18 : 2 : ittapi_config_apply_per_lib :  ITTAPI function not implemented: __itt_pause_scoped
74618 : 0xcf49d64e7554 : 2 : ittapi_config_apply_per_lib :  ITTAPI function not implemented: __itt_resume_scoped
74618 : 0xcf49d64e7d41 : 2 : ittapi_config_apply_per_lib :  ITTAPI function instrumented: __itt_thread_set_name
74618 : 0xcf49d64e846d : 2 : ittapi_config_apply_per_lib :  ITTAPI function instrumented: __itt_thread_ignore
74618 : 0xcf49d64e8ae1 : 2 : ittapi_config_apply_per_lib :  ITTAPI function instrumented: __itt_thr_name_set
74618 : 0xcf49d64e9207 : 2 : ittapi_config_apply_per_lib :  ITTAPI function instrumented: __itt_thr_ignore
74618 : 0xcf49d64e989e : 2 : ittapi_config_apply_per_lib :  ITTAPI function instrumented: __itt_histogram_create
74618 : 0xcf49d64e9f53 : 2 : ittapi_config_apply_per_lib :  ITTAPI function instrumented: __itt_counter_create_v3
74618 : 0xcf49d64ea6ec : 2 : ittapi_config_apply_per_lib :  ITTAPI function instrumented: __itt_bind_context_metadata_to_counter
74618 : 0xcf49d64eaf0f : 2 : ittapi_config_apply_per_lib :  ITTAPI function not implemented: __itt_enable_attach
74618 : 0xcf49d64ed6df : 2 : ittapi_config_apply_per_lib :  ITTAPI function instrumented: __itt_detach
74618 : 0xcf49d64edcbd : 2 : ittapi_config_apply_per_lib :  ITTAPI function NOT instrumented (not matched by --itt-config option): __itt_sync_create

74618 : 0xcf49d64ee227 : 2 : ittapi_config_apply_per_lib :  ITTAPI function NOT instrumented (not matched by --itt-config option): __itt_sync_rename

74618 : 0xcf49d64ee70c : 2 : ittapi_config_apply_per_lib :  ITTAPI function NOT instrumented (not matched by --itt-config option): __itt_sync_destroy

74618 : 0xcf49d64eebee : 2 : ittapi_config_apply_per_lib :  ITTAPI function NOT instrumented (not matched by --itt-config option): __itt_sync_prepare

74618 : 0xcf49d64ef05f : 2 : ittapi_config_apply_per_lib :  ITTAPI function NOT instrumented (not matched by --itt-config option): __itt_sync_cancel

74618 : 0xcf49d64ef43d : 2 : ittapi_config_apply_per_lib :  ITTAPI function NOT instrumented (not matched by --itt-config option): __itt_sync_acquired

74618 : 0xcf49d64ef871 : 2 : ittapi_config_apply_per_lib :  ITTAPI function NOT instrumented (not matched by --itt-config option): __itt_sync_releasing

74618 : 0xcf49d64f003f : 2 : ittapi_config_apply_per_lib :  ITTAPI function not implemented: __itt_suppress_push
74618 : 0xcf49d64f08d3 : 2 : ittapi_config_apply_per_lib :  ITTAPI function not implemented: __itt_suppress_pop
74618 : 0xcf49d64f2489 : 2 : ittapi_config_apply_per_lib :  ITTAPI function not implemented: __itt_suppress_mark_range
74618 : 0xcf49d64f2da9 : 2 : ittapi_config_apply_per_lib :  ITTAPI function not implemented: __itt_suppress_clear_range
74618 : 0xcf49d64f3230 : 2 : ittapi_config_apply_per_lib :  ITTAPI function NOT instrumented (not matched by --itt-config option): __itt_sync_prepare

74618 : 0xcf49d64f3690 : 2 : ittapi_config_apply_per_lib :  ITTAPI function NOT instrumented (not matched by --itt-config option): __itt_sync_cancel

74618 : 0xcf49d64f3a87 : 2 : ittapi_config_apply_per_lib :  ITTAPI function NOT instrumented (not matched by --itt-config option): __itt_sync_acquired

74618 : 0xcf49d64f3e58 : 2 : ittapi_config_apply_per_lib :  ITTAPI function NOT instrumented (not matched by --itt-config option): __itt_sync_releasing

74618 : 0xcf49d64f42c4 : 2 : ittapi_config_apply_per_lib :  ITTAPI function NOT instrumented (not matched by --itt-config option): __itt_model_site_begin

74618 : 0xcf49d64f473b : 2 : ittapi_config_apply_per_lib :  ITTAPI function NOT instrumented (not matched by --itt-config option): __itt_model_site_end

74618 : 0xcf49d64f4b8d : 2 : ittapi_config_apply_per_lib :  ITTAPI function NOT instrumented (not matched by --itt-config option): __itt_model_task_begin

74618 : 0xcf49d64f505f : 2 : ittapi_config_apply_per_lib :  ITTAPI function NOT instrumented (not matched by --itt-config option): __itt_model_task_end

74618 : 0xcf49d64f684e : 2 : ittapi_config_apply_per_lib :  ITTAPI function NOT instrumented (not matched by --itt-config option): __itt_model_lock_acquire

74618 : 0xcf49d64f6dcb : 2 : ittapi_config_apply_per_lib :  ITTAPI function NOT instrumented (not matched by --itt-config option): __itt_model_lock_release

74618 : 0xcf49d64f72b9 : 2 : ittapi_config_apply_per_lib :  ITTAPI function NOT instrumented (not matched by --itt-config option): __itt_model_record_allocation

74618 : 0xcf49d64f76ef : 2 : ittapi_config_apply_per_lib :  ITTAPI function NOT instrumented (not matched by --itt-config option): __itt_model_record_deallocation

74618 : 0xcf49d64f7ad0 : 2 : ittapi_config_apply_per_lib :  ITTAPI function NOT instrumented (not matched by --itt-config option): __itt_model_induction_uses

74618 : 0xcf49d64f7e80 : 2 : ittapi_config_apply_per_lib :  ITTAPI function NOT instrumented (not matched by --itt-config option): __itt_model_reduction_uses

74618 : 0xcf49d64f821b : 2 : ittapi_config_apply_per_lib :  ITTAPI function NOT instrumented (not matched by --itt-config option): __itt_model_observe_uses

74618 : 0xcf49d64f85b5 : 2 : ittapi_config_apply_per_lib :  ITTAPI function NOT instrumented (not matched by --itt-config option): __itt_model_clear_uses

74618 : 0xcf49d64f8951 : 2 : ittapi_config_apply_per_lib :  ITTAPI function NOT instrumented (not matched by --itt-config option): __itt_model_site_beginA

74618 : 0xcf49d64f8cf1 : 2 : ittapi_config_apply_per_lib :  ITTAPI function NOT instrumented (not matched by --itt-config option): __itt_model_site_beginAL

74618 : 0xcf49d64faf07 : 2 : ittapi_config_apply_per_lib :  ITTAPI function NOT instrumented (not matched by --itt-config option): __itt_model_task_beginA

74618 : 0xcf49d64fb335 : 2 : ittapi_config_apply_per_lib :  ITTAPI function NOT instrumented (not matched by --itt-config option): __itt_model_task_beginAL

74618 : 0xcf49d64fb752 : 2 : ittapi_config_apply_per_lib :  ITTAPI function NOT instrumented (not matched by --itt-config option): __itt_model_iteration_taskA

74618 : 0xcf49d64fbb2d : 2 : ittapi_config_apply_per_lib :  ITTAPI function NOT instrumented (not matched by --itt-config option): __itt_model_iteration_taskAL

74618 : 0xcf49d64fbee8 : 2 : ittapi_config_apply_per_lib :  ITTAPI function NOT instrumented (not matched by --itt-config option): __itt_model_site_end_2

74618 : 0xcf49d64fc28a : 2 : ittapi_config_apply_per_lib :  ITTAPI function NOT instrumented (not matched by --itt-config option): __itt_model_task_end_2

74618 : 0xcf49d64fc62a : 2 : ittapi_config_apply_per_lib :  ITTAPI function NOT instrumented (not matched by --itt-config option): __itt_model_lock_acquire_2

74618 : 0xcf49d64fc9c8 : 2 : ittapi_config_apply_per_lib :  ITTAPI function NOT instrumented (not matched by --itt-config option): __itt_model_lock_release_2

74618 : 0xcf49d64fcd68 : 2 : ittapi_config_apply_per_lib :  ITTAPI function NOT instrumented (not matched by --itt-config option): __itt_model_aggregate_task

74618 : 0xcf49d64fd0fe : 2 : ittapi_config_apply_per_lib :  ITTAPI function NOT instrumented (not matched by --itt-config option): __itt_model_disable_push

74618 : 0xcf49d64fe7c0 : 2 : ittapi_config_apply_per_lib :  ITTAPI function NOT instrumented (not matched by --itt-config option): __itt_model_disable_pop

74618 : 0xcf49d64fef6a : 2 : ittapi_config_apply_per_lib :  ITTAPI function instrumented: __itt_heap_function_create
74618 : 0xcf49d64ff65c : 2 : ittapi_config_apply_per_lib :  ITTAPI function instrumented: __itt_heap_allocate_begin
74618 : 0xcf49d64ffc9b : 2 : ittapi_config_apply_per_lib :  ITTAPI function instrumented: __itt_heap_allocate_end
74618 : 0xcf49d6500324 : 2 : ittapi_config_apply_per_lib :  ITTAPI function instrumented: __itt_heap_free_begin
74618 : 0xcf49d65009a2 : 2 : ittapi_config_apply_per_lib :  ITTAPI function instrumented: __itt_heap_free_end
74618 : 0xcf49d6501032 : 2 : ittapi_config_apply_per_lib :  ITTAPI function instrumented: __itt_heap_reallocate_begin
74618 : 0xcf49d650164d : 2 : ittapi_config_apply_per_lib :  ITTAPI function instrumented: __itt_heap_reallocate_end
74618 : 0xcf49d6501dca : 2 : ittapi_config_apply_per_lib :  ITTAPI function not implemented: __itt_heap_internal_access_begin
74618 : 0xcf49d650259c : 2 : ittapi_config_apply_per_lib :  ITTAPI function not implemented: __itt_heap_internal_access_end
74618 : 0xcf49d65040fe : 2 : ittapi_config_apply_per_lib :  ITTAPI function not implemented: __itt_heap_record_memory_growth_begin
74618 : 0xcf49d6504924 : 2 : ittapi_config_apply_per_lib :  ITTAPI function not implemented: __itt_heap_record_memory_growth_end
74618 : 0xcf49d65050fa : 2 : ittapi_config_apply_per_lib :  ITTAPI function not implemented: __itt_heap_reset_detection
74618 : 0xcf49d6505867 : 2 : ittapi_config_apply_per_lib :  ITTAPI function not implemented: __itt_heap_record
74618 : 0xcf49d6505fd2 : 2 : ittapi_config_apply_per_lib :  ITTAPI function not implemented: __itt_id_create
74618 : 0xcf49d6506751 : 2 : ittapi_config_apply_per_lib :  ITTAPI function not implemented: __itt_id_destroy
74618 : 0xcf49d6506e88 : 2 : ittapi_config_apply_per_lib :  ITTAPI function instrumented: __itt_get_timestamp
74618 : 0xcf49d650764b : 2 : ittapi_config_apply_per_lib :  ITTAPI function not implemented: __itt_region_begin
74618 : 0xcf49d6507d9c : 2 : ittapi_config_apply_per_lib :  ITTAPI function not implemented: __itt_region_end
74618 : 0xcf49d6508490 : 2 : ittapi_config_apply_per_lib :  ITTAPI function instrumented: __itt_frame_begin_v3
74618 : 0xcf49d650a9b4 : 2 : ittapi_config_apply_per_lib :  ITTAPI function instrumented: __itt_frame_end_v3
74618 : 0xcf49d650b119 : 2 : ittapi_config_apply_per_lib :  ITTAPI function instrumented: __itt_frame_submit_v3
74618 : 0xcf49d650b93e : 2 : ittapi_config_apply_per_lib :  ITTAPI function not implemented: __itt_task_group
74618 : 0xcf49d650c086 : 2 : ittapi_config_apply_per_lib :  ITTAPI function instrumented: __itt_task_begin
74618 : 0xcf49d650c7bd : 2 : ittapi_config_apply_per_lib :  ITTAPI function instrumented: __itt_task_begin_fn
74618 : 0xcf49d650cea8 : 2 : ittapi_config_apply_per_lib :  ITTAPI function instrumented: __itt_task_end
74618 : 0xcf49d650d6b7 : 2 : ittapi_config_apply_per_lib :  ITTAPI function not implemented: __itt_counter_inc_v3
74618 : 0xcf49d650de6a : 2 : ittapi_config_apply_per_lib :  ITTAPI function not implemented: __itt_counter_inc_delta_v3
74618 : 0xcf49d650e67b : 2 : ittapi_config_apply_per_lib :  ITTAPI function not implemented: __itt_counter_dec_v3
74618 : 0xcf49d650edc4 : 2 : ittapi_config_apply_per_lib :  ITTAPI function not implemented: __itt_counter_dec_delta_v3
74618 : 0xcf49d6510912 : 2 : ittapi_config_apply_per_lib :  ITTAPI function not implemented: __itt_marker
74618 : 0xcf49d651100e : 2 : ittapi_config_apply_per_lib :  ITTAPI function instrumented: __itt_metadata_add
74618 : 0xcf49d6511837 : 2 : ittapi_config_apply_per_lib :  ITTAPI function not implemented: __itt_metadata_str_add
74618 : 0xcf49d651201d : 2 : ittapi_config_apply_per_lib :  ITTAPI function not implemented: __itt_relation_add_to_current
74618 : 0xcf49d6512992 : 2 : ittapi_config_apply_per_lib :  ITTAPI function not implemented: __itt_relation_add
74618 : 0xcf49d651304d : 2 : ittapi_config_apply_per_lib :  ITTAPI function instrumented: __itt_event_create
74618 : 0xcf49d65136e7 : 2 : ittapi_config_apply_per_lib :  ITTAPI function instrumented: __itt_event_start
74618 : 0xcf49d6513d86 : 2 : ittapi_config_apply_per_lib :  ITTAPI function instrumented: __itt_event_end
74618 : 0xcf49d6514257 : 2 : ittapi_config_apply_per_lib :  ITTAPI function NOT instrumented (not matched by --itt-config option): __itt_sync_set_name

74618 : 0xcf49d6514717 : 2 : ittapi_config_apply_per_lib :  ITTAPI function NOT instrumented (not matched by --itt-config option): __itt_notify_sync_name

74618 : 0xcf49d6515e60 : 2 : ittapi_config_apply_per_lib :  ITTAPI function NOT instrumented (not matched by --itt-config option): __itt_notify_sync_prepare

74618 : 0xcf49d651636d : 2 : ittapi_config_apply_per_lib :  ITTAPI function NOT instrumented (not matched by --itt-config option): __itt_notify_sync_cancel

74618 : 0xcf49d6516836 : 2 : ittapi_config_apply_per_lib :  ITTAPI function NOT instrumented (not matched by --itt-config option): __itt_notify_sync_acquired

74618 : 0xcf49d6516c70 : 2 : ittapi_config_apply_per_lib :  ITTAPI function NOT instrumented (not matched by --itt-config option): __itt_notify_sync_releasing

74618 : 0xcf49d65174c3 : 2 : ittapi_config_apply_per_lib :  ITTAPI function not implemented: __itt_memory_read
74618 : 0xcf49d6517cda : 2 : ittapi_config_apply_per_lib :  ITTAPI function not implemented: __itt_memory_write
74618 : 0xcf49d6518505 : 2 : ittapi_config_apply_per_lib :  ITTAPI function not implemented: __itt_memory_update
74618 : 0xcf49d6518d20 : 2 : ittapi_config_apply_per_lib :  ITTAPI function not implemented: __itt_state_get
74618 : 0xcf49d65194b5 : 2 : ittapi_config_apply_per_lib :  ITTAPI function not implemented: __itt_state_set
74618 : 0xcf49d6519c53 : 2 : ittapi_config_apply_per_lib :  ITTAPI function not implemented: __itt_obj_mode_set
74618 : 0xcf49d651c1ff : 2 : ittapi_config_apply_per_lib :  ITTAPI function not implemented: __itt_thr_mode_set
74618 : 0xcf49d651c990 : 2 : ittapi_config_apply_per_lib :  ITTAPI function instrumented: __itt_frame_create
74618 : 0xcf49d651d02f : 2 : ittapi_config_apply_per_lib :  ITTAPI function instrumented: __itt_pt_region_create
74618 : 0xcf49d651d7be : 2 : ittapi_config_apply_per_lib :  ITTAPI function instrumented: __itt_frame_begin
74618 : 0xcf49d651de38 : 2 : ittapi_config_apply_per_lib :  ITTAPI function instrumented: __itt_frame_end
74618 : 0xcf49d651e632 : 2 : ittapi_config_apply_per_lib :  ITTAPI function not implemented: __itt_counter_destroy
74618 : 0xcf49d651ed73 : 2 : ittapi_config_apply_per_lib :  ITTAPI function instrumented: __itt_counter_inc
74618 : 0xcf49d651f3e3 : 2 : ittapi_config_apply_per_lib :  ITTAPI function instrumented: __itt_counter_inc_delta
74618 : 0xcf49d651fa29 : 2 : ittapi_config_apply_per_lib :  ITTAPI function instrumented: __itt_counter_dec
74618 : 0xcf49d65200d7 : 2 : ittapi_config_apply_per_lib :  ITTAPI function instrumented: __itt_counter_dec_delta
74618 : 0xcf49d6521a33 : 2 : ittapi_config_apply_per_lib :  ITTAPI function instrumented: __itt_counter_set_value
74618 : 0xcf49d6522282 : 2 : ittapi_config_apply_per_lib :  ITTAPI function not implemented: __itt_counter_set_value_ex
74618 : 0xcf49d65229ff : 2 : ittapi_config_apply_per_lib :  ITTAPI function not implemented: __itt_mark_create
74618 : 0xcf49d65231d3 : 2 : ittapi_config_apply_per_lib :  ITTAPI function not implemented: __itt_mark
74618 : 0xcf49d6523989 : 2 : ittapi_config_apply_per_lib :  ITTAPI function not implemented: __itt_mark_off
74618 : 0xcf49d652413d : 2 : ittapi_config_apply_per_lib :  ITTAPI function not implemented: __itt_mark_global
74618 : 0xcf49d652491b : 2 : ittapi_config_apply_per_lib :  ITTAPI function not implemented: __itt_mark_global_off
74618 : 0xcf49d652511d : 2 : ittapi_config_apply_per_lib :  ITTAPI function instrumented: __itt_stack_caller_create
74618 : 0xcf49d652588c : 2 : ittapi_config_apply_per_lib :  ITTAPI function instrumented: __itt_stack_caller_destroy
74618 : 0xcf49d6525f90 : 2 : ittapi_config_apply_per_lib :  ITTAPI function instrumented: __itt_stack_callee_enter
74618 : 0xcf49d65279a9 : 2 : ittapi_config_apply_per_lib :  ITTAPI function instrumented: __itt_stack_callee_leave
74618 : 0xcf49d652816f : 2 : ittapi_config_apply_per_lib :  ITTAPI function not implemented: __itt_clock_domain_create
74618 : 0xcf49d6528939 : 2 : ittapi_config_apply_per_lib :  ITTAPI function not implemented: __itt_clock_domain_reset
74618 : 0xcf49d65291d7 : 2 : ittapi_config_apply_per_lib :  ITTAPI function not implemented: __itt_id_create_ex
74618 : 0xcf49d65299b5 : 2 : ittapi_config_apply_per_lib :  ITTAPI function not implemented: __itt_id_destroy_ex
74618 : 0xcf49d652a133 : 2 : ittapi_config_apply_per_lib :  ITTAPI function not implemented: __itt_task_begin_ex
74618 : 0xcf49d652a85f : 2 : ittapi_config_apply_per_lib :  ITTAPI function not implemented: __itt_task_begin_fn_ex
74618 : 0xcf49d652afab : 2 : ittapi_config_apply_per_lib :  ITTAPI function not implemented: __itt_task_end_ex
74618 : 0xcf49d652b6a1 : 2 : ittapi_config_apply_per_lib :  ITTAPI function instrumented: __itt_task_begin_overlapped
74618 : 0xcf49d652bdd5 : 2 : ittapi_config_apply_per_lib :  ITTAPI function not implemented: __itt_task_begin_overlapped_ex
74618 : 0xcf49d652d791 : 2 : ittapi_config_apply_per_lib :  ITTAPI function instrumented: __itt_task_end_overlapped
74618 : 0xcf49d652deee : 2 : ittapi_config_apply_per_lib :  ITTAPI function not implemented: __itt_task_end_overlapped_ex
74618 : 0xcf49d652e673 : 2 : ittapi_config_apply_per_lib :  ITTAPI function not implemented: __itt_marker_ex
74618 : 0xcf49d652ee70 : 2 : ittapi_config_apply_per_lib :  ITTAPI function not implemented: __itt_metadata_add_with_scope
74618 : 0xcf49d652f61f : 2 : ittapi_config_apply_per_lib :  ITTAPI function not implemented: __itt_metadata_str_add_with_scope
74618 : 0xcf49d652fe04 : 2 : ittapi_config_apply_per_lib :  ITTAPI function not implemented: __itt_relation_add_to_current_ex
74618 : 0xcf49d6530524 : 2 : ittapi_config_apply_per_lib :  ITTAPI function not implemented: __itt_relation_add_ex
74618 : 0xcf49d6530cdb : 2 : ittapi_config_apply_per_lib :  ITTAPI function not implemented: __itt_track_group_create
74618 : 0xcf49d65313c5 : 2 : ittapi_config_apply_per_lib :  ITTAPI function not implemented: __itt_track_create
74618 : 0xcf49d6531b1d : 2 : ittapi_config_apply_per_lib :  ITTAPI function not implemented: __itt_set_track
74618 : 0xcf49d6533fdb : 2 : ittapi_config_apply_per_lib :  ITTAPI function instrumented: __itt_api_version
74618 : 0xcf49d6534814 : 2 : ittapi_config_apply_per_lib :  ITTAPI function not implemented: __itt_av_save
74618 : 0xcf49d6534f16 : 2 : ittapi_config_apply_per_lib :  ITTAPI function instrumented: __itt_module_load
74618 : 0xcf49d653570c : 2 : ittapi_config_apply_per_lib :  ITTAPI function not implemented: __itt_module_unload
74618 : 0xcf49d6535b5c : 2 : ittapi_config_apply_per_lib :  ITTAPI function NOT instrumented (not matched by --itt-config option): __itt_histogram_submit

74618 : 0xcf49d6536240 : 2 : ittapi_config_apply_per_lib :  ITTAPI function instrumented: __itt_counter_set_value_v3