0 [138729323092864] INFO perfrun.launcher <> - Launcher main begin
1 [138729323092864] INFO perfrun.launcher <> - MessageCatalogInit finished
1 [138729323092864] INFO perfrun.launcher <> - Launcher instance created
1 [138729323092864] INFO perfrun.launcher <> - argc = 7; cmdline = /opt/intel/oneapi/vtune/2024.1/bin64/amplxe-runss --ui-output-format xml --ui-output-fd 5 --option-file /home/jagtym/Programming/ProgRowProj1/vtune/th_k4/config/runss.options 
21 [138729323092864] INFO perfrun.launcher <> - create msngr2::ICliToolContext
21 [138729323092864] INFO perfrun.launcher <> - create file finder object
21 [138729323092864] INFO perfrun.launcher <> - create a result directory: pattern = /home/jagtym/Programming/ProgRowProj1/vtune/th_k4 pid = 4294967295
22 [138729323092864] INFO perfrun.sdk <> - checked that the directory /home/jagtym/Programming/ProgRowProj1/vtune/th_k4 is a local directory
22 [138729323092864] INFO perfrun.sdk <> - the directory /home/jagtym/Programming/ProgRowProj1/vtune/th_k4 is a local directory with FS type ID 61267
22 [138729323092864] INFO perfrun.launcher <> - create data directory = /home/jagtym/Programming/ProgRowProj1/vtune/th_k4/data.0
22 [138729323092864] INFO perfrun.launcher <> - Creating the master collection flag
25 [138729323092864] INFO perfrun.launcher <> - Done creating the master collection flag
26 [138729098315328] INFO perfrun.launcher <> - plugin [remoteplug] was disabled because it doesn't support the given collection type.
26 [138729098315328] INFO perfrun.sdk <> - Allocating TMU :/home/jagtym/Programming/ProgRowProj1/vtune/th_k4/data.0/systemcollector-47431-pop-os.sc
26 [138729098315328] INFO perfrun.system <> - Tpss based collection
27 [138729098315328] INFO perfrun.launcher <> - plugin [ptracecollector] was disabled because it doesn't support the given collection type.
27 [138729098315328] INFO perfrun.launcher <> - plugin [gpu] was disabled because it doesn't support the given collection type.
27 [138729098315328] INFO perfrun.launcher <> - plugin [] was disabled because it doesn't support the given collection type.
27 [138729098315328] INFO perfrun.launcher <> - plugin [] was disabled because it doesn't support the given collection type.
27 [138729098315328] INFO perfrun.launcher <> - plugin [] was disabled because it doesn't support the given collection type.
27 [138729098315328] INFO perfrun.mrte <> - system-wide mode is 0
27 [138729098315328] INFO perfrun.mrte <> - Getting  mrte profiling environment ...
32 [138729098315328] INFO perfrun.mrte <> - INTEL_MRTE_DATA_DIR=/home/jagtym/Programming/ProgRowProj1/vtune/th_k4/data.0
32 [138729098315328] INFO perfrun.mrte <> - INTEL_MRTE_HOST_NAME=pop-os
32 [138729098315328] INFO perfrun.mrte <> - JAVA_TOOL_OPTIONS=-agentlib:amplxe_tpssmrte_javaprof_1.0 -Dsun.boot.library.path=/opt/intel/oneapi/vtune/2024.1/lib32/runtime:/opt/intel/oneapi/vtune/2024.1/lib64/runtime
32 [138729098315328] INFO perfrun.mrte <> - LD_LIBRARY_PATH=/opt/intel/oneapi/vtune/2024.1/lib32/runtime:/opt/intel/oneapi/vtune/2024.1/lib64/runtime
32 [138729098315328] INFO perfrun.mrte <> - CORECLR_ENABLE_PROFILING=1
32 [138729098315328] INFO perfrun.mrte <> - CORECLR_PROFILER={AA5E4821-E3B1-479c-B7FF-5AD047D22CED}
32 [138729098315328] INFO perfrun.mrte <> - CORECLR_PROFILER_PATH=/opt/intel/oneapi/vtune/2024.1/lib64/libamplxe_samplingmrte_clrprof_1.0.so
32 [138729098315328] INFO perfrun.mrte <> - INTEL_MRTE_PROFILER_MODE=mixed
32 [138729098315328] INFO perfrun.mrte <> - Data directory: /home/jagtym/Programming/ProgRowProj1/vtune/th_k4/data.0
32 [138729098315328] INFO perfrun.mrte <> - Mrte plugin is initialized
32 [138729098315328] INFO perfrun.launcher <> - plugin [emon] was disabled because it doesn't support the given collection type.
32 [138729098315328] INFO perfrun.launcher <> - plugin [cuscol] was disabled because it doesn't support the given collection type.
32 [138729098315328] INFO perfrun.launcher <> - plugin [stdsrc] was disabled because it doesn't support the given collection type.
32 [138729098315328] INFO perfrun.launcher <> - plugin [sep] was disabled because it doesn't support the given collection type.
32 [138729098315328] INFO perfrun.launcher <> - plugin [vtsspp] was disabled because it doesn't support the given collection type.
32 [138729098315328] INFO perfrun.launcher <> - plugin [perf] was disabled because it doesn't support the given collection type.
32 [138729098315328] INFO perfrun.launcher <> - plugin [aoclprofile] was disabled because it doesn't support the given collection type.
32 [138729098315328] INFO perfrun.tpss <> - initialize tpss controller
32 [138729098315328] INFO perfrun.tpss <> - configure collection mode: value = cpu:counters:nostack
32 [138729098315328] INFO perfrun.tpss <> - configure collection mode: value = cpu:stack
32 [138729098315328] INFO perfrun.tpss <> - configure collection mode: value = threading:stack
32 [138729098315328] INFO perfrun.tpss <> - configure collection mode: value = waiting:stack
32 [138729098315328] INFO perfrun.tpss <> - configure collection mode: value = io:stack
32 [138729098315328] INFO perfrun.tpss <> - default obj-size-min=1024
32 [138729098315328] INFO perfrun.tpss <> - default hash-table-size=0
32 [138729098315328] INFO perfrun.launcher <> - plugin [media] was disabled because it doesn't support the given collection type.
32 [138729098315328] INFO perfrun.launcher <> - plugin [] was disabled because it doesn't support the given collection type.
32 [138729098315328] INFO perfrun.launcher <> - plugin [] was disabled because it doesn't support the given collection type.
32 [138729098315328] INFO perfrun.launcher <> - plugin [parallelfs] was disabled because it doesn't support the given collection type.
32 [138729098315328] INFO perfrun.launcher <> - plugin [power] was disabled because it doesn't support the given collection type.
32 [138729098315328] INFO perfrun.launcher <> - plugin [] was disabled because it doesn't support the given collection type.
32 [138729098315328] INFO perfrun.launcher <> - plugin [ipmwatch] was disabled because it doesn't support the given collection type.
32 [138729098315328] INFO perfrun.launcher <> - plugin [os_counters] was disabled because it doesn't support the given collection type.
32 [138729098315328] INFO perfrun.launcher <> - plugin [l0_metrics] was disabled because it doesn't support the given collection type.
33 [138729323092864] INFO perfrun.launcher <> - set environment variable: LD_LIBRARY_PATH = /opt/intel/oneapi/vtune/2024.1/lib32/runtime:/opt/intel/oneapi/vtune/2024.1/lib64/runtime
33 [138729323092864] INFO perfrun.launcher <> - set environment variable: INTEL_LIBITTNOTIFY32 = /opt/intel/oneapi/vtune/2024.1/lib32/runtime/libittnotify_collector.so
33 [138729323092864] INFO perfrun.launcher <> - set environment variable: INTEL_LIBITTNOTIFY64 = /opt/intel/oneapi/vtune/2024.1/lib64/runtime/libittnotify_collector.so
33 [138729323092864] INFO perfrun.launcher <> - set environment variable: INTEL_ITTNOTIFY_GROUPS = 
33 [138729323092864] INFO perfrun.launcher <> - set environment variable: INTEL_JIT_PROFILER32 = /opt/intel/oneapi/vtune/2024.1/lib32/runtime/libittnotify_collector.so
33 [138729323092864] INFO perfrun.launcher <> - set environment variable: INTEL_JIT_PROFILER64 = /opt/intel/oneapi/vtune/2024.1/lib64/runtime/libittnotify_collector.so
33 [138729323092864] INFO perfrun.launcher <> - set environment variable: OMP_TOOL_LIBRARIES = /opt/intel/oneapi/vtune/2024.1/lib32/runtime/libittnotify_collector.so:/opt/intel/oneapi/vtune/2024.1/lib64/runtime/libittnotify_collector.so
33 [138729323092864] INFO perfrun.launcher <> - set environment variable: ENABLE_JITPROFILING = 1
33 [138729323092864] INFO perfrun.launcher <> - set environment variable: CL_CONFIG_USE_VTUNE = True
33 [138729323092864] INFO perfrun.launcher <> - set environment variable: INTEL_MRTE_DATA_DIR = /home/jagtym/Programming/ProgRowProj1/vtune/th_k4/data.0
33 [138729323092864] INFO perfrun.launcher <> - set environment variable: INTEL_MRTE_HOST_NAME = pop-os
33 [138729323092864] INFO perfrun.launcher <> - set environment variable: JAVA_TOOL_OPTIONS = -agentlib:amplxe_tpssmrte_javaprof_1.0 -Dsun.boot.library.path=/opt/intel/oneapi/vtune/2024.1/lib32/runtime:/opt/intel/oneapi/vtune/2024.1/lib64/runtime
33 [138729323092864] INFO perfrun.launcher <> - set environment variable: LD_LIBRARY_PATH = /opt/intel/oneapi/vtune/2024.1/lib32/runtime:/opt/intel/oneapi/vtune/2024.1/lib64/runtime
33 [138729323092864] INFO perfrun.launcher <> - set environment variable: CORECLR_ENABLE_PROFILING = 1
33 [138729323092864] INFO perfrun.launcher <> - set environment variable: CORECLR_PROFILER = {AA5E4821-E3B1-479c-B7FF-5AD047D22CED}
33 [138729323092864] INFO perfrun.launcher <> - set environment variable: CORECLR_PROFILER_PATH = /opt/intel/oneapi/vtune/2024.1/lib64/libamplxe_samplingmrte_clrprof_1.0.so
33 [138729323092864] INFO perfrun.launcher <> - set environment variable: INTEL_MRTE_PROFILER_MODE = mixed
33 [138729323092864] INFO perfrun.launcher <> - RpcServer: run RPC server to handle requests
33 [138729323092864] INFO perfrun.launcher <> - Launcher: command line to start before modification = build/k4
33 [138729323092864] INFO perfrun.launcher <> - Launcher: command line to start after modification = /opt/intel/oneapi/vtune/2024.1/bin64/pin -error_file /home/jagtym/Programming/ProgRowProj1/vtune/th_k4/data.0/pinerr.tpsslog -detach_reattach -follow_execv -tool_load_option deepbind -t64 /opt/intel/oneapi/vtune/2024.1/lib64/libtpsstool.so -t /opt/intel/oneapi/vtune/2024.1/lib32/libtpsstool.so -server_name tpss_ipc.47431 -prd_dir /opt/intel/oneapi/vtune/2024.1 -- build/k4
33 [138729323092864] INFO perfrun.launcher <> - ProcessCreator object was created
33 [138729323092864] INFO perfrun.launcher <> - Launcher: the process was started in suspend mode
34 [138729098315328] WARN perfrun.system <> - Could not do anything with /sys/kernel/debug/kvm: boost::filesystem::status: Permission denied [system:13]: "/sys/kernel/debug/kvm", at file: vcs/perfrun1/plugins/system/src/trace_writer.cpp:787
34 [138729098315328] WARN perfrun.system <> - File "/var/run/libvirt/qemu/driver.xml" doesn't exist, at file: vcs/perfrun1/plugins/system/src/trace_writer.cpp:892
34 [138729098315328] WARN perfrun.sdk <> - Failed to find xl binary on any of the system paths: /bin, /sbin, /usr/bin, /usr/sbin., at file: vcs/perfrun1/sdk/src/utils.cpp:204
34 [138729098315328] WARN perfrun.system <> - Could not start ContainerMapping collector, at file: vcs/perfrun1/plugins/system/src/controller.cpp:448
56 [138729098315328] INFO perfrun.vdso <> - Helper runtool '/opt/intel/oneapi/vtune/2024.1/bin32/amplxe-runss -dump-vdso -r /home/jagtym/Programming/ProgRowProj1/vtune/th_k4 --tmp-dir /tmp/amplxe-tmp-jagtym' returned 0
81 [138729098315328] INFO perfrun.vdso <> - Helper runtool '/opt/intel/oneapi/vtune/2024.1/bin64/amplxe-runss -dump-vdso -r /home/jagtym/Programming/ProgRowProj1/vtune/th_k4 --tmp-dir /tmp/amplxe-tmp-jagtym' returned 0
81 [138729098315328] INFO perfrun.itt <> - start itt controller for pid #47436
82 [138729098315328] INFO perfrun.tpss <> - start tpss controller for pid #47436
132 [138729323092864] INFO perfrun.launcher <> - Launcher: all plugins were started
132 [138729323092864] INFO perfrun.launcher <> - DirectoryMonitor object was created
132 [138729323092864] INFO perfrun.launcher <> - DirectoryMonitor: a callback was added
132 [138729323092864] INFO perfrun.launcher <> - DirectoryMonitor was started with pingTime = 1000
132 [138729323092864] INFO perfrun.launcher <> - DeadlineTimer is going to be constructed
132 [138729323092864] INFO perfrun.launcher <> - DeadlineTimer: a callback was added
137 [138729323092864] INFO perfrun.launcher <> - Launcher: resume the profiled application and  wait its termination or stop command
244 [138729323092864] INFO perfrun.launcher <> - Launcher: the profiled application was terminated  with exit code = 0
246 [138729098315328] INFO perfrun.itt <> - detach itt controller
246 [138729098315328] INFO perfrun.itt <> - detach itt controller done
246 [138729098315328] INFO perfrun.tpss <> - stop tpss controller
246 [138729098315328] INFO perfrun.sdk <> - De-allocating TMU: /home/jagtym/Programming/ProgRowProj1/vtune/th_k4/data.0/systemcollector-47431-pop-os.sc
246 [138729098315328] INFO perfrun.system <> - closed the system trace file: /home/jagtym/Programming/ProgRowProj1/vtune/th_k4/data.0/systemcollector-47431-pop-os.sc
246 [138729323092864] INFO perfrun.launcher <> - Launcher: all plugins were stopped.
246 [138729323092864] INFO perfrun.launcher <> - DeadlineTimer is going to be destroyed
246 [138729323092864] INFO perfrun.launcher <> - DeadlineTimer was destroyed
246 [138729323092864] INFO perfrun.launcher <> - DirectoryMonitor object was destroyed
246 [138729323092864] WARN perfrun.launcher <> - Stop command is ignored because it is received when collection is already stopped, at file: vcs/perfrun1/launcher/src/command_handler.cpp:226
246 [138729323092864] INFO perfrun.launcher <> - Application exit code: 0
246 [138729323092864] INFO perfrun.launcher <> - Exit code: 0
