0 [136066568543104] INFO perfrun.launcher <> - Launcher main begin
0 [136066568543104] INFO perfrun.launcher <> - MessageCatalogInit finished
0 [136066568543104] INFO perfrun.launcher <> - Launcher instance created
0 [136066568543104] INFO perfrun.launcher <> - argc = 7; cmdline = /opt/intel/oneapi/vtune/2024.1/bin64/amplxe-runss --ui-output-format xml --ui-output-fd 5 --option-file /home/jagtym/Programming/ProgRowProj1/vtune/th_k4/config/runss.options 
17 [136066568543104] INFO perfrun.launcher <> - create msngr2::ICliToolContext
17 [136066568543104] INFO perfrun.launcher <> - create file finder object
17 [136066568543104] INFO perfrun.launcher <> - create a result directory: pattern = /home/jagtym/Programming/ProgRowProj1/vtune/th_k4 pid = 4294967295
18 [136066568543104] INFO perfrun.sdk <> - checked that the directory /home/jagtym/Programming/ProgRowProj1/vtune/th_k4 is a local directory
18 [136066568543104] INFO perfrun.sdk <> - the directory /home/jagtym/Programming/ProgRowProj1/vtune/th_k4 is a local directory with FS type ID 61267
18 [136066568543104] INFO perfrun.launcher <> - create data directory = /home/jagtym/Programming/ProgRowProj1/vtune/th_k4/data.0
18 [136066568543104] INFO perfrun.launcher <> - Creating the master collection flag
19 [136066568543104] INFO perfrun.launcher <> - Done creating the master collection flag
21 [136066344420928] INFO perfrun.launcher <> - plugin [remoteplug] was disabled because it doesn't support the given collection type.
21 [136066344420928] INFO perfrun.sdk <> - Allocating TMU :/home/jagtym/Programming/ProgRowProj1/vtune/th_k4/data.0/systemcollector-25078-pop-os.sc
21 [136066344420928] INFO perfrun.system <> - Tpss based collection
22 [136066344420928] INFO perfrun.launcher <> - plugin [ptracecollector] was disabled because it doesn't support the given collection type.
22 [136066344420928] INFO perfrun.launcher <> - plugin [gpu] was disabled because it doesn't support the given collection type.
22 [136066344420928] INFO perfrun.launcher <> - plugin [] was disabled because it doesn't support the given collection type.
22 [136066344420928] INFO perfrun.launcher <> - plugin [] was disabled because it doesn't support the given collection type.
22 [136066344420928] INFO perfrun.launcher <> - plugin [] was disabled because it doesn't support the given collection type.
22 [136066344420928] INFO perfrun.mrte <> - system-wide mode is 0
22 [136066344420928] INFO perfrun.mrte <> - Getting  mrte profiling environment ...
33 [136066344420928] INFO perfrun.mrte <> - INTEL_MRTE_DATA_DIR=/home/jagtym/Programming/ProgRowProj1/vtune/th_k4/data.0
33 [136066344420928] INFO perfrun.mrte <> - INTEL_MRTE_HOST_NAME=pop-os
33 [136066344420928] INFO perfrun.mrte <> - JAVA_TOOL_OPTIONS=-agentlib:amplxe_tpssmrte_javaprof_1.0 -Dsun.boot.library.path=/opt/intel/oneapi/vtune/2024.1/lib32/runtime:/opt/intel/oneapi/vtune/2024.1/lib64/runtime
33 [136066344420928] INFO perfrun.mrte <> - LD_LIBRARY_PATH=/opt/intel/oneapi/vtune/2024.1/lib32/runtime:/opt/intel/oneapi/vtune/2024.1/lib64/runtime
33 [136066344420928] INFO perfrun.mrte <> - CORECLR_ENABLE_PROFILING=1
33 [136066344420928] INFO perfrun.mrte <> - CORECLR_PROFILER={AA5E4821-E3B1-479c-B7FF-5AD047D22CED}
33 [136066344420928] INFO perfrun.mrte <> - CORECLR_PROFILER_PATH=/opt/intel/oneapi/vtune/2024.1/lib64/libamplxe_samplingmrte_clrprof_1.0.so
33 [136066344420928] INFO perfrun.mrte <> - INTEL_MRTE_PROFILER_MODE=mixed
33 [136066344420928] INFO perfrun.mrte <> - Data directory: /home/jagtym/Programming/ProgRowProj1/vtune/th_k4/data.0
33 [136066344420928] INFO perfrun.mrte <> - Mrte plugin is initialized
33 [136066344420928] INFO perfrun.launcher <> - plugin [emon] was disabled because it doesn't support the given collection type.
33 [136066344420928] INFO perfrun.launcher <> - plugin [cuscol] was disabled because it doesn't support the given collection type.
33 [136066344420928] INFO perfrun.launcher <> - plugin [stdsrc] was disabled because it doesn't support the given collection type.
33 [136066344420928] INFO perfrun.launcher <> - plugin [sep] was disabled because it doesn't support the given collection type.
33 [136066344420928] INFO perfrun.launcher <> - plugin [vtsspp] was disabled because it doesn't support the given collection type.
33 [136066344420928] INFO perfrun.launcher <> - plugin [perf] was disabled because it doesn't support the given collection type.
33 [136066344420928] INFO perfrun.launcher <> - plugin [aoclprofile] was disabled because it doesn't support the given collection type.
33 [136066344420928] INFO perfrun.tpss <> - initialize tpss controller
33 [136066344420928] INFO perfrun.tpss <> - configure collection mode: value = cpu:counters:nostack
33 [136066344420928] INFO perfrun.tpss <> - configure collection mode: value = cpu:stack
33 [136066344420928] INFO perfrun.tpss <> - configure collection mode: value = threading:stack
33 [136066344420928] INFO perfrun.tpss <> - configure collection mode: value = waiting:stack
33 [136066344420928] INFO perfrun.tpss <> - configure collection mode: value = io:stack
33 [136066344420928] INFO perfrun.tpss <> - default obj-size-min=1024
33 [136066344420928] INFO perfrun.tpss <> - default hash-table-size=0
34 [136066344420928] INFO perfrun.launcher <> - plugin [media] was disabled because it doesn't support the given collection type.
34 [136066344420928] INFO perfrun.launcher <> - plugin [] was disabled because it doesn't support the given collection type.
34 [136066344420928] INFO perfrun.launcher <> - plugin [] was disabled because it doesn't support the given collection type.
34 [136066344420928] INFO perfrun.launcher <> - plugin [parallelfs] was disabled because it doesn't support the given collection type.
34 [136066344420928] INFO perfrun.launcher <> - plugin [power] was disabled because it doesn't support the given collection type.
34 [136066344420928] INFO perfrun.launcher <> - plugin [] was disabled because it doesn't support the given collection type.
34 [136066344420928] INFO perfrun.launcher <> - plugin [ipmwatch] was disabled because it doesn't support the given collection type.
34 [136066344420928] INFO perfrun.launcher <> - plugin [os_counters] was disabled because it doesn't support the given collection type.
34 [136066344420928] INFO perfrun.launcher <> - plugin [l0_metrics] was disabled because it doesn't support the given collection type.
34 [136066568543104] INFO perfrun.launcher <> - set environment variable: LD_LIBRARY_PATH = /opt/intel/oneapi/vtune/2024.1/lib32/runtime:/opt/intel/oneapi/vtune/2024.1/lib64/runtime
34 [136066568543104] INFO perfrun.launcher <> - set environment variable: INTEL_LIBITTNOTIFY32 = /opt/intel/oneapi/vtune/2024.1/lib32/runtime/libittnotify_collector.so
34 [136066568543104] INFO perfrun.launcher <> - set environment variable: INTEL_LIBITTNOTIFY64 = /opt/intel/oneapi/vtune/2024.1/lib64/runtime/libittnotify_collector.so
34 [136066568543104] INFO perfrun.launcher <> - set environment variable: INTEL_ITTNOTIFY_GROUPS = 
34 [136066568543104] INFO perfrun.launcher <> - set environment variable: INTEL_JIT_PROFILER32 = /opt/intel/oneapi/vtune/2024.1/lib32/runtime/libittnotify_collector.so
34 [136066568543104] INFO perfrun.launcher <> - set environment variable: INTEL_JIT_PROFILER64 = /opt/intel/oneapi/vtune/2024.1/lib64/runtime/libittnotify_collector.so
34 [136066568543104] INFO perfrun.launcher <> - set environment variable: OMP_TOOL_LIBRARIES = /opt/intel/oneapi/vtune/2024.1/lib32/runtime/libittnotify_collector.so:/opt/intel/oneapi/vtune/2024.1/lib64/runtime/libittnotify_collector.so
34 [136066568543104] INFO perfrun.launcher <> - set environment variable: ENABLE_JITPROFILING = 1
34 [136066568543104] INFO perfrun.launcher <> - set environment variable: CL_CONFIG_USE_VTUNE = True
34 [136066568543104] INFO perfrun.launcher <> - set environment variable: INTEL_MRTE_DATA_DIR = /home/jagtym/Programming/ProgRowProj1/vtune/th_k4/data.0
34 [136066568543104] INFO perfrun.launcher <> - set environment variable: INTEL_MRTE_HOST_NAME = pop-os
34 [136066568543104] INFO perfrun.launcher <> - set environment variable: JAVA_TOOL_OPTIONS = -agentlib:amplxe_tpssmrte_javaprof_1.0 -Dsun.boot.library.path=/opt/intel/oneapi/vtune/2024.1/lib32/runtime:/opt/intel/oneapi/vtune/2024.1/lib64/runtime
34 [136066568543104] INFO perfrun.launcher <> - set environment variable: LD_LIBRARY_PATH = /opt/intel/oneapi/vtune/2024.1/lib32/runtime:/opt/intel/oneapi/vtune/2024.1/lib64/runtime
34 [136066568543104] INFO perfrun.launcher <> - set environment variable: CORECLR_ENABLE_PROFILING = 1
34 [136066568543104] INFO perfrun.launcher <> - set environment variable: CORECLR_PROFILER = {AA5E4821-E3B1-479c-B7FF-5AD047D22CED}
34 [136066568543104] INFO perfrun.launcher <> - set environment variable: CORECLR_PROFILER_PATH = /opt/intel/oneapi/vtune/2024.1/lib64/libamplxe_samplingmrte_clrprof_1.0.so
34 [136066568543104] INFO perfrun.launcher <> - set environment variable: INTEL_MRTE_PROFILER_MODE = mixed
34 [136066568543104] INFO perfrun.launcher <> - RpcServer: run RPC server to handle requests
34 [136066568543104] INFO perfrun.launcher <> - Launcher: command line to start before modification = build/k4
34 [136066568543104] INFO perfrun.launcher <> - Launcher: command line to start after modification = /opt/intel/oneapi/vtune/2024.1/bin64/pin -error_file /home/jagtym/Programming/ProgRowProj1/vtune/th_k4/data.0/pinerr.tpsslog -detach_reattach -follow_execv -tool_load_option deepbind -t64 /opt/intel/oneapi/vtune/2024.1/lib64/libtpsstool.so -t /opt/intel/oneapi/vtune/2024.1/lib32/libtpsstool.so -server_name tpss_ipc.25078 -prd_dir /opt/intel/oneapi/vtune/2024.1 -- build/k4
34 [136066568543104] INFO perfrun.launcher <> - ProcessCreator object was created
35 [136066568543104] INFO perfrun.launcher <> - Launcher: the process was started in suspend mode
36 [136066344420928] WARN perfrun.system <> - Could not do anything with /sys/kernel/debug/kvm: boost::filesystem::status: Permission denied [system:13]: "/sys/kernel/debug/kvm", at file: vcs/perfrun1/plugins/system/src/trace_writer.cpp:787
36 [136066344420928] WARN perfrun.system <> - File "/var/run/libvirt/qemu/driver.xml" doesn't exist, at file: vcs/perfrun1/plugins/system/src/trace_writer.cpp:892
37 [136066344420928] WARN perfrun.sdk <> - Failed to find xl binary on any of the system paths: /bin, /sbin, /usr/bin, /usr/sbin., at file: vcs/perfrun1/sdk/src/utils.cpp:204
37 [136066344420928] WARN perfrun.system <> - Could not start ContainerMapping collector, at file: vcs/perfrun1/plugins/system/src/controller.cpp:448
64 [136066344420928] INFO perfrun.vdso <> - Helper runtool '/opt/intel/oneapi/vtune/2024.1/bin32/amplxe-runss -dump-vdso -r /home/jagtym/Programming/ProgRowProj1/vtune/th_k4 --tmp-dir /tmp/amplxe-tmp-jagtym' returned 0
91 [136066344420928] INFO perfrun.vdso <> - Helper runtool '/opt/intel/oneapi/vtune/2024.1/bin64/amplxe-runss -dump-vdso -r /home/jagtym/Programming/ProgRowProj1/vtune/th_k4 --tmp-dir /tmp/amplxe-tmp-jagtym' returned 0
91 [136066344420928] INFO perfrun.itt <> - start itt controller for pid #25083
91 [136066344420928] INFO perfrun.tpss <> - start tpss controller for pid #25083
142 [136066568543104] INFO perfrun.launcher <> - Launcher: all plugins were started
142 [136066568543104] INFO perfrun.launcher <> - DirectoryMonitor object was created
142 [136066568543104] INFO perfrun.launcher <> - DirectoryMonitor: a callback was added
142 [136066568543104] INFO perfrun.launcher <> - DirectoryMonitor was started with pingTime = 1000
142 [136066568543104] INFO perfrun.launcher <> - DeadlineTimer is going to be constructed
142 [136066568543104] INFO perfrun.launcher <> - DeadlineTimer: a callback was added
147 [136066568543104] INFO perfrun.launcher <> - Launcher: resume the profiled application and  wait its termination or stop command
248 [136066568543104] INFO perfrun.launcher <> - Launcher: the profiled application was terminated  with exit code = 0
249 [136066344420928] INFO perfrun.itt <> - detach itt controller
249 [136066344420928] INFO perfrun.itt <> - detach itt controller done
249 [136066344420928] INFO perfrun.tpss <> - stop tpss controller
250 [136066344420928] INFO perfrun.sdk <> - De-allocating TMU: /home/jagtym/Programming/ProgRowProj1/vtune/th_k4/data.0/systemcollector-25078-pop-os.sc
250 [136066344420928] INFO perfrun.system <> - closed the system trace file: /home/jagtym/Programming/ProgRowProj1/vtune/th_k4/data.0/systemcollector-25078-pop-os.sc
250 [136066568543104] INFO perfrun.launcher <> - Launcher: all plugins were stopped.
250 [136066568543104] INFO perfrun.launcher <> - DeadlineTimer is going to be destroyed
250 [136066568543104] INFO perfrun.launcher <> - DeadlineTimer was destroyed
250 [136066568543104] INFO perfrun.launcher <> - DirectoryMonitor object was destroyed
250 [136066568543104] WARN perfrun.launcher <> - Stop command is ignored because it is received when collection is already stopped, at file: vcs/perfrun1/launcher/src/command_handler.cpp:226
250 [136066568543104] INFO perfrun.launcher <> - Application exit code: 0
250 [136066568543104] INFO perfrun.launcher <> - Exit code: 0
