0 [134373784409920] INFO perfrun.launcher <> - Launcher main begin
0 [134373784409920] INFO perfrun.launcher <> - MessageCatalogInit finished
0 [134373784409920] INFO perfrun.launcher <> - Launcher instance created
0 [134373784409920] INFO perfrun.launcher <> - argc = 6; cmdline = /opt/intel/oneapi/vtune/2024.1/bin64/amplxe-runss -dump-vdso -r /home/jagtym/Programming/ProgRowProj1/vtune/hs_k3a --tmp-dir /tmp/amplxe-tmp-root 
15 [134373784409920] INFO perfrun.launcher <> - create msngr2::ICliToolContext
16 [134373784409920] INFO perfrun.launcher <> - create file finder object
17 [134373561075264] INFO perfrun.launcher <> - plugin [remoteplug] was disabled because it doesn't support the given collection type.
17 [134373561075264] INFO perfrun.launcher <> - plugin [system] was disabled because it doesn't support the given collection type.
17 [134373561075264] INFO perfrun.vdso <> - dumping [vdso] pseudomodule
17 [134373561075264] INFO perfrun.launcher <> - plugin [itt] was disabled because it doesn't support the given collection type.
17 [134373561075264] INFO perfrun.launcher <> - plugin [ptracecollector] was disabled because it doesn't support the given collection type.
17 [134373561075264] INFO perfrun.launcher <> - plugin [gpu] was disabled because it doesn't support the given collection type.
17 [134373561075264] INFO perfrun.launcher <> - plugin [] was disabled because it doesn't support the given collection type.
17 [134373561075264] INFO perfrun.launcher <> - plugin [] was disabled because it doesn't support the given collection type.
17 [134373561075264] INFO perfrun.launcher <> - plugin [] was disabled because it doesn't support the given collection type.
17 [134373561075264] INFO perfrun.launcher <> - plugin [mrte] was disabled because it doesn't support the given collection type.
17 [134373561075264] INFO perfrun.launcher <> - plugin [emon] was disabled because it doesn't support the given collection type.
17 [134373561075264] INFO perfrun.launcher <> - plugin [cuscol] was disabled because it doesn't support the given collection type.
17 [134373561075264] INFO perfrun.launcher <> - plugin [stdsrc] was disabled because it doesn't support the given collection type.
17 [134373561075264] INFO perfrun.launcher <> - plugin [sep] was disabled because it doesn't support the given collection type.
17 [134373561075264] INFO perfrun.launcher <> - plugin [vtsspp] was disabled because it doesn't support the given collection type.
17 [134373561075264] INFO perfrun.launcher <> - plugin [perf] was disabled because it doesn't support the given collection type.
17 [134373561075264] INFO perfrun.launcher <> - plugin [aoclprofile] was disabled because it doesn't support the given collection type.
17 [134373561075264] INFO perfrun.launcher <> - plugin [tpss] was disabled because it doesn't support the given collection type.
17 [134373561075264] INFO perfrun.launcher <> - plugin [media] was disabled because it doesn't support the given collection type.
17 [134373561075264] INFO perfrun.launcher <> - plugin [] was disabled because it doesn't support the given collection type.
17 [134373561075264] INFO perfrun.launcher <> - plugin [] was disabled because it doesn't support the given collection type.
17 [134373561075264] INFO perfrun.launcher <> - plugin [parallelfs] was disabled because it doesn't support the given collection type.
17 [134373561075264] INFO perfrun.launcher <> - plugin [power] was disabled because it doesn't support the given collection type.
17 [134373561075264] INFO perfrun.launcher <> - plugin [] was disabled because it doesn't support the given collection type.
17 [134373561075264] INFO perfrun.launcher <> - plugin [ipmwatch] was disabled because it doesn't support the given collection type.
17 [134373561075264] INFO perfrun.launcher <> - plugin [os_counters] was disabled because it doesn't support the given collection type.
17 [134373561075264] INFO perfrun.launcher <> - plugin [l0_metrics] was disabled because it doesn't support the given collection type.
17 [134373784409920] INFO perfrun.launcher <> - Application exit code: 0
17 [134373784409920] INFO perfrun.launcher <> - Exit code: 0
