threads_spec: cpu
Using CPUID GenuineIntel-6-B7-1
DEBUGINFOD_URLS=
Compression enabled, disabling build id collection at the end of the session.
nr_threads: 20
thread_masks[0]: 0x647b47a4ea40: maps mask[20]: 0
thread_masks[0]: 0x647b47a4ea50: affinity mask[20]: 0
thread_masks[1]: 0x647b47a4ea60: maps mask[20]: 1
thread_masks[1]: 0x647b47a4ea70: affinity mask[20]: 1
thread_masks[2]: 0x647b47a4ea80: maps mask[20]: 2
thread_masks[2]: 0x647b47a4ea90: affinity mask[20]: 2
thread_masks[3]: 0x647b47a4eaa0: maps mask[20]: 3
thread_masks[3]: 0x647b47a4eab0: affinity mask[20]: 3
thread_masks[4]: 0x647b47a4eac0: maps mask[20]: 4
thread_masks[4]: 0x647b47a4ead0: affinity mask[20]: 4
thread_masks[5]: 0x647b47a4eae0: maps mask[20]: 5
thread_masks[5]: 0x647b47a4eaf0: affinity mask[20]: 5
thread_masks[6]: 0x647b47a4eb00: maps mask[20]: 6
thread_masks[6]: 0x647b47a4eb10: affinity mask[20]: 6
thread_masks[7]: 0x647b47a4eb20: maps mask[20]: 7
thread_masks[7]: 0x647b47a4eb30: affinity mask[20]: 7
thread_masks[8]: 0x647b47a4eb40: maps mask[20]: 8
thread_masks[8]: 0x647b47a4eb50: affinity mask[20]: 8
thread_masks[9]: 0x647b47a4eb60: maps mask[20]: 9
thread_masks[9]: 0x647b47a4eb70: affinity mask[20]: 9
thread_masks[10]: 0x647b47a4eb80: maps mask[20]: 10
thread_masks[10]: 0x647b47a4eb90: affinity mask[20]: 10
thread_masks[11]: 0x647b47a4eba0: maps mask[20]: 11
thread_masks[11]: 0x647b47a4ebb0: affinity mask[20]: 11
thread_masks[12]: 0x647b47a4ebc0: maps mask[20]: 12
thread_masks[12]: 0x647b47a4ebd0: affinity mask[20]: 12
thread_masks[13]: 0x647b47a4ebe0: maps mask[20]: 13
thread_masks[13]: 0x647b47a4ebf0: affinity mask[20]: 13
thread_masks[14]: 0x647b47a4ec00: maps mask[20]: 14
thread_masks[14]: 0x647b47a4ec10: affinity mask[20]: 14
thread_masks[15]: 0x647b47a4ec20: maps mask[20]: 15
thread_masks[15]: 0x647b47a4ec30: affinity mask[20]: 15
thread_masks[16]: 0x647b47a4ec40: maps mask[20]: 16
thread_masks[16]: 0x647b47a4ec50: affinity mask[20]: 16
thread_masks[17]: 0x647b47a4ec60: maps mask[20]: 17
thread_masks[17]: 0x647b47a4ec70: affinity mask[20]: 17
thread_masks[18]: 0x647b47a4ec80: maps mask[20]: 18
thread_masks[18]: 0x647b47a4ec90: affinity mask[20]: 18
thread_masks[19]: 0x647b47a4eca0: maps mask[20]: 19
thread_masks[19]: 0x647b47a4ecb0: affinity mask[20]: 19
nr_cblocks: 0
affinity: SYS
mmap flush: 1
comp level: 1
Problems creating module maps, continuing anyway...
WARNING: Kernel address maps (/proc/{kallsyms,modules}) are restricted,
check /proc/sys/kernel/kptr_restrict and /proc/sys/kernel/perf_event_paranoid.

Samples in kernel functions may not be resolved if a suitable vmlinux
file is not found in the buildid cache or in the vmlinux path.

Samples in kernel modules won't be resolved at all.

If some relocation was applied (e.g. kexec) symbols may be misresolved
even with a suitable vmlinux or kallsyms file.

mmap size 528384B
Couldn't record kernel reference relocation symbol
Symbol resolution may be skewed if relocation was used (e.g. kexec).
Check /proc/kallsyms permission or run as root.
couldn't open /proc/1/task/1/maps
couldn't open /proc/452/task/452/maps
couldn't open /proc/486/task/486/maps
couldn't open /proc/760/task/760/maps
couldn't open /proc/820/task/820/maps
couldn't open /proc/821/task/821/maps
couldn't open /proc/822/task/822/maps
couldn't open /proc/823/task/823/maps
couldn't open /proc/824/task/824/maps
couldn't open /proc/826/task/826/maps
couldn't open /proc/827/task/827/maps
couldn't open /proc/828/task/828/maps
couldn't open /proc/830/task/830/maps
couldn't open /proc/833/task/833/maps
couldn't open /proc/837/task/837/maps
couldn't open /proc/839/task/839/maps
couldn't open /proc/841/task/841/maps
couldn't open /proc/846/task/846/maps
couldn't open /proc/852/task/852/maps
couldn't open /proc/854/task/854/maps
couldn't open /proc/860/task/860/maps
couldn't open /proc/862/task/862/maps
couldn't open /proc/867/task/867/maps
couldn't open /proc/876/task/876/maps
couldn't open /proc/901/task/901/maps
couldn't open /proc/941/task/941/maps
couldn't open /proc/975/task/975/maps
couldn't open /proc/1000/task/1000/maps
couldn't open /proc/1016/task/1016/maps
couldn't open /proc/1018/task/1018/maps
couldn't open /proc/1094/task/1094/maps
couldn't open /proc/1395/task/1395/maps
couldn't open /proc/1435/task/1435/maps
couldn't open /proc/1737/task/1737/maps
couldn't open /proc/1738/task/1738/maps
couldn't open /proc/1813/task/1813/maps
couldn't open /proc/1947/task/1947/maps
couldn't open /proc/2054/task/2054/maps
couldn't open /proc/2147/task/2147/maps
couldn't open /proc/2261/task/2261/maps
couldn't open /proc/2293/task/2293/maps
couldn't open /proc/2637/task/2637/maps
couldn't open /proc/2719/task/2719/maps
couldn't open /proc/3040/task/3040/maps
couldn't open /proc/3296/task/3296/maps
couldn't open /proc/8135/task/8135/maps
couldn't open /proc/8136/task/8136/maps
couldn't open /proc/8137/task/8137/maps
couldn't open /proc/8145/task/8145/maps
couldn't open /proc/8146/task/8146/maps
couldn't open /proc/8154/task/8154/maps
couldn't open /proc/8155/task/8155/maps
couldn't open /proc/8158/task/8158/maps
couldn't open /proc/8159/task/8159/maps
couldn't open /proc/15901/task/15901/maps
couldn't open /proc/28585/task/28585/maps
couldn't open /proc/49441/task/49441/maps
couldn't open /proc/49444/task/49444/maps
couldn't open /proc/67915/task/67915/maps
couldn't open /proc/67927/task/67927/maps
threads[82163]: started on cpu1
threads[82164]: started on cpu2
threads[82165]: started on cpu3
threads[82166]: started on cpu4
threads[82167]: started on cpu5
threads[82168]: started on cpu6
threads[82169]: started on cpu7
threads[82170]: started on cpu8
threads[82171]: started on cpu9
threads[82172]: started on cpu10
threads[82173]: started on cpu11
threads[82174]: started on cpu12
threads[82175]: started on cpu13
threads[82176]: started on cpu14
threads[82177]: started on cpu15
threads[82178]: started on cpu16
threads[82179]: started on cpu17
threads[82180]: started on cpu18
threads[82181]: started on cpu19
threads[82161]: started on cpu0

82162:perf-sync:ready:TSC=229244557834233
[ perf record: Woken up 1 times to write data ]
threads[82161]: samples=1, wakes=1, transferred=240, compressed=135
threads[82163]: samples=1, wakes=2, transferred=44728, compressed=6380
threads[82164]: samples=1, wakes=2, transferred=928, compressed=304
threads[82165]: samples=1, wakes=2, transferred=13152, compressed=2077
threads[82166]: samples=1, wakes=2, transferred=1760, compressed=434
threads[82167]: samples=1, wakes=2, transferred=944, compressed=313
threads[82168]: samples=1, wakes=2, transferred=128, compressed=112
threads[82169]: samples=1, wakes=2, transferred=640, compressed=213
threads[82170]: samples=3, wakes=2, transferred=976, compressed=342
threads[82171]: samples=0, wakes=2, written=0
threads[82172]: samples=1, wakes=2, transferred=128, compressed=110
threads[82173]: samples=0, wakes=2, written=0
threads[82174]: samples=1, wakes=2, transferred=528, compressed=216
threads[82175]: samples=1, wakes=2, transferred=3240, compressed=825
threads[82176]: samples=1, wakes=2, transferred=464, compressed=185
threads[82177]: samples=3, wakes=2, transferred=3392, compressed=715
threads[82178]: samples=1, wakes=2, transferred=2416, compressed=612
threads[82179]: samples=3, wakes=2, transferred=1776, compressed=632
threads[82180]: samples=3, wakes=2, transferred=1344, compressed=469
threads[82181]: samples=1, wakes=2, transferred=12984, compressed=2531
failed to write feature CPU_PMU_CAPS
[ perf record: Captured and wrote 8.504 MB /home/jagtym/Programming/ProgRowProj1/vtune/ue_k4/data.0/system-wide.perf, compressed (original 0.086 MB, ratio is 5.406) ]
