threads_spec: cpu
Using CPUID GenuineIntel-6-B7-1
DEBUGINFOD_URLS=
Compression enabled, disabling build id collection at the end of the session.
nr_threads: 20
thread_masks[0]: 0x5d43353eaa40: maps mask[20]: 0
thread_masks[0]: 0x5d43353eaa50: affinity mask[20]: 0
thread_masks[1]: 0x5d43353eaa60: maps mask[20]: 1
thread_masks[1]: 0x5d43353eaa70: affinity mask[20]: 1
thread_masks[2]: 0x5d43353eaa80: maps mask[20]: 2
thread_masks[2]: 0x5d43353eaa90: affinity mask[20]: 2
thread_masks[3]: 0x5d43353eaaa0: maps mask[20]: 3
thread_masks[3]: 0x5d43353eaab0: affinity mask[20]: 3
thread_masks[4]: 0x5d43353eaac0: maps mask[20]: 4
thread_masks[4]: 0x5d43353eaad0: affinity mask[20]: 4
thread_masks[5]: 0x5d43353eaae0: maps mask[20]: 5
thread_masks[5]: 0x5d43353eaaf0: affinity mask[20]: 5
thread_masks[6]: 0x5d43353eab00: maps mask[20]: 6
thread_masks[6]: 0x5d43353eab10: affinity mask[20]: 6
thread_masks[7]: 0x5d43353eab20: maps mask[20]: 7
thread_masks[7]: 0x5d43353eab30: affinity mask[20]: 7
thread_masks[8]: 0x5d43353eab40: maps mask[20]: 8
thread_masks[8]: 0x5d43353eab50: affinity mask[20]: 8
thread_masks[9]: 0x5d43353eab60: maps mask[20]: 9
thread_masks[9]: 0x5d43353eab70: affinity mask[20]: 9
thread_masks[10]: 0x5d43353eab80: maps mask[20]: 10
thread_masks[10]: 0x5d43353eab90: affinity mask[20]: 10
thread_masks[11]: 0x5d43353eaba0: maps mask[20]: 11
thread_masks[11]: 0x5d43353eabb0: affinity mask[20]: 11
thread_masks[12]: 0x5d43353eabc0: maps mask[20]: 12
thread_masks[12]: 0x5d43353eabd0: affinity mask[20]: 12
thread_masks[13]: 0x5d43353eabe0: maps mask[20]: 13
thread_masks[13]: 0x5d43353eabf0: affinity mask[20]: 13
thread_masks[14]: 0x5d43353eac00: maps mask[20]: 14
thread_masks[14]: 0x5d43353eac10: affinity mask[20]: 14
thread_masks[15]: 0x5d43353eac20: maps mask[20]: 15
thread_masks[15]: 0x5d43353eac30: affinity mask[20]: 15
thread_masks[16]: 0x5d43353eac40: maps mask[20]: 16
thread_masks[16]: 0x5d43353eac50: affinity mask[20]: 16
thread_masks[17]: 0x5d43353eac60: maps mask[20]: 17
thread_masks[17]: 0x5d43353eac70: affinity mask[20]: 17
thread_masks[18]: 0x5d43353eac80: maps mask[20]: 18
thread_masks[18]: 0x5d43353eac90: affinity mask[20]: 18
thread_masks[19]: 0x5d43353eaca0: maps mask[20]: 19
thread_masks[19]: 0x5d43353eacb0: affinity mask[20]: 19
nr_cblocks: 0
affinity: SYS
mmap flush: 1
comp level: 1
Problems creating module maps, continuing anyway...
WARNING: Kernel address maps (/proc/{kallsyms,modules}) are restricted,
check /proc/sys/kernel/kptr_restrict and /proc/sys/kernel/perf_event_paranoid.

Samples in kernel functions may not be resolved if a suitable vmlinux
file is not found in the buildid cache or in the vmlinux path.

Samples in kernel modules won't be resolved at all.

If some relocation was applied (e.g. kexec) symbols may be misresolved
even with a suitable vmlinux or kallsyms file.

mmap size 528384B
Couldn't record kernel reference relocation symbol
Symbol resolution may be skewed if relocation was used (e.g. kexec).
Check /proc/kallsyms permission or run as root.
couldn't open /proc/1/task/1/maps
couldn't open /proc/452/task/452/maps
couldn't open /proc/486/task/486/maps
couldn't open /proc/760/task/760/maps
couldn't open /proc/820/task/820/maps
couldn't open /proc/821/task/821/maps
couldn't open /proc/822/task/822/maps
couldn't open /proc/823/task/823/maps
couldn't open /proc/824/task/824/maps
couldn't open /proc/826/task/826/maps
couldn't open /proc/827/task/827/maps
couldn't open /proc/828/task/828/maps
couldn't open /proc/830/task/830/maps
couldn't open /proc/833/task/833/maps
couldn't open /proc/837/task/837/maps
couldn't open /proc/839/task/839/maps
couldn't open /proc/841/task/841/maps
couldn't open /proc/846/task/846/maps
couldn't open /proc/852/task/852/maps
couldn't open /proc/854/task/854/maps
couldn't open /proc/860/task/860/maps
couldn't open /proc/862/task/862/maps
couldn't open /proc/867/task/867/maps
couldn't open /proc/876/task/876/maps
couldn't open /proc/901/task/901/maps
couldn't open /proc/941/task/941/maps
couldn't open /proc/975/task/975/maps
couldn't open /proc/1000/task/1000/maps
couldn't open /proc/1016/task/1016/maps
couldn't open /proc/1018/task/1018/maps
couldn't open /proc/1094/task/1094/maps
couldn't open /proc/1395/task/1395/maps
couldn't open /proc/1435/task/1435/maps
couldn't open /proc/1737/task/1737/maps
couldn't open /proc/1738/task/1738/maps
couldn't open /proc/1813/task/1813/maps
couldn't open /proc/1947/task/1947/maps
couldn't open /proc/2054/task/2054/maps
couldn't open /proc/2147/task/2147/maps
couldn't open /proc/2261/task/2261/maps
couldn't open /proc/2293/task/2293/maps
couldn't open /proc/2637/task/2637/maps
couldn't open /proc/2719/task/2719/maps
couldn't open /proc/3040/task/3040/maps
couldn't open /proc/3296/task/3296/maps
couldn't open /proc/8135/task/8135/maps
couldn't open /proc/8136/task/8136/maps
couldn't open /proc/8137/task/8137/maps
couldn't open /proc/8145/task/8145/maps
couldn't open /proc/8146/task/8146/maps
couldn't open /proc/8154/task/8154/maps
couldn't open /proc/8155/task/8155/maps
couldn't open /proc/8158/task/8158/maps
couldn't open /proc/8159/task/8159/maps
couldn't open /proc/15901/task/15901/maps
couldn't open /proc/28585/task/28585/maps
couldn't open /proc/49441/task/49441/maps
couldn't open /proc/49444/task/49444/maps
couldn't open /proc/67915/task/67915/maps
couldn't open /proc/67927/task/67927/maps
threads[73634]: started on cpu1
threads[73635]: started on cpu2
threads[73636]: started on cpu3
threads[73637]: started on cpu4
threads[73638]: started on cpu5
threads[73639]: started on cpu6
threads[73640]: started on cpu7
threads[73641]: started on cpu8
threads[73642]: started on cpu9
threads[73643]: started on cpu10
threads[73644]: started on cpu11
threads[73645]: started on cpu12
threads[73646]: started on cpu13
threads[73647]: started on cpu14
threads[73648]: started on cpu15
threads[73649]: started on cpu16
threads[73650]: started on cpu17
threads[73651]: started on cpu18
threads[73652]: started on cpu19
threads[73632]: started on cpu0

73633:perf-sync:ready:TSC=227826210411445
[ perf record: Woken up 1 times to write data ]
threads[73632]: samples=3, wakes=1, transferred=14752, compressed=2381
threads[73634]: samples=1, wakes=2, transferred=240, compressed=145
threads[73635]: samples=1, wakes=2, transferred=192, compressed=133
threads[73636]: samples=1, wakes=2, transferred=21752, compressed=3212
threads[73637]: samples=1, wakes=2, transferred=288, compressed=125
threads[73638]: samples=1, wakes=2, transferred=400, compressed=146
threads[73639]: samples=1, wakes=2, transferred=288, compressed=127
threads[73640]: samples=1, wakes=2, transferred=688, compressed=210
threads[73641]: samples=1, wakes=2, transferred=544, compressed=236
threads[73642]: samples=0, wakes=2, written=0
threads[73643]: samples=3, wakes=2, transferred=6816, compressed=1423
threads[73644]: samples=0, wakes=2, written=0
threads[73645]: samples=1, wakes=2, transferred=528, compressed=232
threads[73646]: samples=0, wakes=2, written=0
threads[73647]: samples=0, wakes=2, written=0
threads[73648]: samples=1, wakes=2, transferred=6800, compressed=1516
threads[73649]: samples=1, wakes=2, transferred=464, compressed=181
threads[73650]: samples=1, wakes=2, transferred=528, compressed=222
threads[73651]: samples=1, wakes=2, transferred=4744, compressed=1165
threads[73652]: samples=3, wakes=2, transferred=3432, compressed=805
failed to write feature CPU_PMU_CAPS
[ perf record: Captured and wrote 8.536 MB /home/jagtym/Programming/ProgRowProj1/vtune/ue_k4/data.0/system-wide.perf, compressed (original 0.060 MB, ratio is 5.095) ]
