
73654 : 0xcf34ed29662a : 1 : spill_jit_data :  Jit agent is not initialized
73624 : 0xcf34ed29bc0b : 2 : ittapi_config_mask_get :  --itt-config mask to be applied: 39
73624 : 0xcf34ed29e317 : 2 : ittapi_config_apply_per_lib :  ITTAPI function instrumented: __itt_domain_create
73624 : 0xcf34ed29edc5 : 2 : ittapi_config_apply_per_lib :  ITTAPI function instrumented: __itt_module_load_with_sections
73624 : 0xcf34ed29fbfb : 2 : ittapi_config_apply_per_lib :  ITTAPI function not implemented: __itt_module_unload_with_sections
73624 : 0xcf34ed2a037a : 2 : ittapi_config_apply_per_lib :  ITTAPI function instrumented: __itt_string_handle_create
73624 : 0xcf34ed2a08b3 : 2 : ittapi_config_apply_per_lib :  ITTAPI function instrumented: __itt_counter_create
73624 : 0xcf34ed2a0e83 : 2 : ittapi_config_apply_per_lib :  ITTAPI function instrumented: __itt_counter_create_typed
73624 : 0xcf34ed2a142d : 2 : ittapi_config_apply_per_lib :  ITTAPI function instrumented: __itt_pause
73624 : 0xcf34ed2a19b0 : 2 : ittapi_config_apply_per_lib :  ITTAPI function instrumented: __itt_resume
73624 : 0xcf34ed2a7e84 : 2 : ittapi_config_apply_per_lib :  ITTAPI function instrumented: __itt_thread_set_name
73624 : 0xcf34ed2a8533 : 2 : ittapi_config_apply_per_lib :  ITTAPI function instrumented: __itt_thread_ignore
73624 : 0xcf34ed2a8a3f : 2 : ittapi_config_apply_per_lib :  ITTAPI function instrumented: __itt_thr_name_set
73624 : 0xcf34ed2a90ce : 2 : ittapi_config_apply_per_lib :  ITTAPI function instrumented: __itt_thr_ignore
73624 : 0xcf34ed2a9633 : 2 : ittapi_config_apply_per_lib :  ITTAPI function instrumented: __itt_histogram_create
73624 : 0xcf34ed2a9e23 : 2 : ittapi_config_apply_per_lib :  ITTAPI function not implemented: __itt_enable_attach
73624 : 0xcf34ed2aa3ed : 2 : ittapi_config_apply_per_lib :  ITTAPI function instrumented: __itt_detach
73624 : 0xcf34ed2aa8c9 : 2 : ittapi_config_apply_per_lib :  ITTAPI function NOT instrumented (not matched by --itt-config option): __itt_sync_create

73624 : 0xcf34ed2aae0a : 2 : ittapi_config_apply_per_lib :  ITTAPI function NOT instrumented (not matched by --itt-config option): __itt_sync_rename

73624 : 0xcf34ed2ab16f : 2 : ittapi_config_apply_per_lib :  ITTAPI function NOT instrumented (not matched by --itt-config option): __itt_sync_destroy

73624 : 0xcf34ed2ac8fe : 2 : ittapi_config_apply_per_lib :  ITTAPI function NOT instrumented (not matched by --itt-config option): __itt_sync_prepare

73624 : 0xcf34ed2acd33 : 2 : ittapi_config_apply_per_lib :  ITTAPI function NOT instrumented (not matched by --itt-config option): __itt_sync_cancel

73624 : 0xcf34ed2ad139 : 2 : ittapi_config_apply_per_lib :  ITTAPI function NOT instrumented (not matched by --itt-config option): __itt_sync_acquired

73624 : 0xcf34ed2ad552 : 2 : ittapi_config_apply_per_lib :  ITTAPI function NOT instrumented (not matched by --itt-config option): __itt_sync_releasing

73624 : 0xcf34ed2add1e : 2 : ittapi_config_apply_per_lib :  ITTAPI function not implemented: __itt_suppress_push
73624 : 0xcf34ed2ae596 : 2 : ittapi_config_apply_per_lib :  ITTAPI function not implemented: __itt_suppress_pop
73624 : 0xcf34ed2aecca : 2 : ittapi_config_apply_per_lib :  ITTAPI function not implemented: __itt_suppress_mark_range
73624 : 0xcf34ed2af377 : 2 : ittapi_config_apply_per_lib :  ITTAPI function not implemented: __itt_suppress_clear_range
73624 : 0xcf34ed2af72c : 2 : ittapi_config_apply_per_lib :  ITTAPI function NOT instrumented (not matched by --itt-config option): __itt_sync_prepare

73624 : 0xcf34ed2afac6 : 2 : ittapi_config_apply_per_lib :  ITTAPI function NOT instrumented (not matched by --itt-config option): __itt_sync_cancel

73624 : 0xcf34ed2b0e65 : 2 : ittapi_config_apply_per_lib :  ITTAPI function NOT instrumented (not matched by --itt-config option): __itt_sync_acquired

73624 : 0xcf34ed2b1227 : 2 : ittapi_config_apply_per_lib :  ITTAPI function NOT instrumented (not matched by --itt-config option): __itt_sync_releasing

73624 : 0xcf34ed2b169c : 2 : ittapi_config_apply_per_lib :  ITTAPI function NOT instrumented (not matched by --itt-config option): __itt_model_site_begin

73624 : 0xcf34ed2b1b41 : 2 : ittapi_config_apply_per_lib :  ITTAPI function NOT instrumented (not matched by --itt-config option): __itt_model_site_end

73624 : 0xcf34ed2b1f30 : 2 : ittapi_config_apply_per_lib :  ITTAPI function NOT instrumented (not matched by --itt-config option): __itt_model_task_begin

73624 : 0xcf34ed2b2386 : 2 : ittapi_config_apply_per_lib :  ITTAPI function NOT instrumented (not matched by --itt-config option): __itt_model_task_end

73624 : 0xcf34ed2b2801 : 2 : ittapi_config_apply_per_lib :  ITTAPI function NOT instrumented (not matched by --itt-config option): __itt_model_lock_acquire

73624 : 0xcf34ed2b2dad : 2 : ittapi_config_apply_per_lib :  ITTAPI function NOT instrumented (not matched by --itt-config option): __itt_model_lock_release

73624 : 0xcf34ed2b320f : 2 : ittapi_config_apply_per_lib :  ITTAPI function NOT instrumented (not matched by --itt-config option): __itt_model_record_allocation

73624 : 0xcf34ed2b3554 : 2 : ittapi_config_apply_per_lib :  ITTAPI function NOT instrumented (not matched by --itt-config option): __itt_model_record_deallocation

73624 : 0xcf34ed2b61c5 : 2 : ittapi_config_apply_per_lib :  ITTAPI function NOT instrumented (not matched by --itt-config option): __itt_model_induction_uses

73624 : 0xcf34ed2b65b6 : 2 : ittapi_config_apply_per_lib :  ITTAPI function NOT instrumented (not matched by --itt-config option): __itt_model_reduction_uses

73624 : 0xcf34ed2b6910 : 2 : ittapi_config_apply_per_lib :  ITTAPI function NOT instrumented (not matched by --itt-config option): __itt_model_observe_uses

73624 : 0xcf34ed2b6c27 : 2 : ittapi_config_apply_per_lib :  ITTAPI function NOT instrumented (not matched by --itt-config option): __itt_model_clear_uses

73624 : 0xcf34ed2b6f35 : 2 : ittapi_config_apply_per_lib :  ITTAPI function NOT instrumented (not matched by --itt-config option): __itt_model_site_beginA

73624 : 0xcf34ed2b7236 : 2 : ittapi_config_apply_per_lib :  ITTAPI function NOT instrumented (not matched by --itt-config option): __itt_model_site_beginAL

73624 : 0xcf34ed2b7538 : 2 : ittapi_config_apply_per_lib :  ITTAPI function NOT instrumented (not matched by --itt-config option): __itt_model_task_beginA

73624 : 0xcf34ed2b7894 : 2 : ittapi_config_apply_per_lib :  ITTAPI function NOT instrumented (not matched by --itt-config option): __itt_model_task_beginAL

73624 : 0xcf34ed2b7b90 : 2 : ittapi_config_apply_per_lib :  ITTAPI function NOT instrumented (not matched by --itt-config option): __itt_model_iteration_taskA

73624 : 0xcf34ed2b7e7e : 2 : ittapi_config_apply_per_lib :  ITTAPI function NOT instrumented (not matched by --itt-config option): __itt_model_iteration_taskAL

73624 : 0xcf34ed2b90da : 2 : ittapi_config_apply_per_lib :  ITTAPI function NOT instrumented (not matched by --itt-config option): __itt_model_site_end_2

73624 : 0xcf34ed2b945c : 2 : ittapi_config_apply_per_lib :  ITTAPI function NOT instrumented (not matched by --itt-config option): __itt_model_task_end_2

73624 : 0xcf34ed2b979b : 2 : ittapi_config_apply_per_lib :  ITTAPI function NOT instrumented (not matched by --itt-config option): __itt_model_lock_acquire_2

73624 : 0xcf34ed2b9aa9 : 2 : ittapi_config_apply_per_lib :  ITTAPI function NOT instrumented (not matched by --itt-config option): __itt_model_lock_release_2

73624 : 0xcf34ed2b9daa : 2 : ittapi_config_apply_per_lib :  ITTAPI function NOT instrumented (not matched by --itt-config option): __itt_model_aggregate_task

73624 : 0xcf34ed2ba0a4 : 2 : ittapi_config_apply_per_lib :  ITTAPI function NOT instrumented (not matched by --itt-config option): __itt_model_disable_push

73624 : 0xcf34ed2ba39d : 2 : ittapi_config_apply_per_lib :  ITTAPI function NOT instrumented (not matched by --itt-config option): __itt_model_disable_pop

73624 : 0xcf34ed2ba955 : 2 : ittapi_config_apply_per_lib :  ITTAPI function instrumented: __itt_heap_function_create
73624 : 0xcf34ed2baf31 : 2 : ittapi_config_apply_per_lib :  ITTAPI function instrumented: __itt_heap_allocate_begin
73624 : 0xcf34ed2bb353 : 2 : ittapi_config_apply_per_lib :  ITTAPI function instrumented: __itt_heap_allocate_end
73624 : 0xcf34ed2bd2e4 : 2 : ittapi_config_apply_per_lib :  ITTAPI function instrumented: __itt_heap_free_begin
73624 : 0xcf34ed2bd816 : 2 : ittapi_config_apply_per_lib :  ITTAPI function instrumented: __itt_heap_free_end
73624 : 0xcf34ed2bdd6b : 2 : ittapi_config_apply_per_lib :  ITTAPI function instrumented: __itt_heap_reallocate_begin
73624 : 0xcf34ed2be1ee : 2 : ittapi_config_apply_per_lib :  ITTAPI function instrumented: __itt_heap_reallocate_end
73624 : 0xcf34ed2be870 : 2 : ittapi_config_apply_per_lib :  ITTAPI function not implemented: __itt_heap_internal_access_begin
73624 : 0xcf34ed2beedc : 2 : ittapi_config_apply_per_lib :  ITTAPI function not implemented: __itt_heap_internal_access_end
73624 : 0xcf34ed2bf48c : 2 : ittapi_config_apply_per_lib :  ITTAPI function not implemented: __itt_heap_record_memory_growth_begin
73624 : 0xcf34ed2bfa61 : 2 : ittapi_config_apply_per_lib :  ITTAPI function not implemented: __itt_heap_record_memory_growth_end
73624 : 0xcf34ed2c0021 : 2 : ittapi_config_apply_per_lib :  ITTAPI function not implemented: __itt_heap_reset_detection
73624 : 0xcf34ed2c06ee : 2 : ittapi_config_apply_per_lib :  ITTAPI function not implemented: __itt_heap_record
73624 : 0xcf34ed2c1dff : 2 : ittapi_config_apply_per_lib :  ITTAPI function not implemented: __itt_id_create
73624 : 0xcf34ed2c2517 : 2 : ittapi_config_apply_per_lib :  ITTAPI function not implemented: __itt_id_destroy
73624 : 0xcf34ed2c2ae7 : 2 : ittapi_config_apply_per_lib :  ITTAPI function instrumented: __itt_get_timestamp
73624 : 0xcf34ed2c30cc : 2 : ittapi_config_apply_per_lib :  ITTAPI function not implemented: __itt_region_begin
73624 : 0xcf34ed2c36c3 : 2 : ittapi_config_apply_per_lib :  ITTAPI function not implemented: __itt_region_end
73624 : 0xcf34ed2c3c3a : 2 : ittapi_config_apply_per_lib :  ITTAPI function instrumented: __itt_frame_begin_v3
73624 : 0xcf34ed2c41c8 : 2 : ittapi_config_apply_per_lib :  ITTAPI function instrumented: __itt_frame_end_v3
73624 : 0xcf34ed2c46d2 : 2 : ittapi_config_apply_per_lib :  ITTAPI function instrumented: __itt_frame_submit_v3
73624 : 0xcf34ed2c4cf9 : 2 : ittapi_config_apply_per_lib :  ITTAPI function not implemented: __itt_task_group
73624 : 0xcf34ed2c5268 : 2 : ittapi_config_apply_per_lib :  ITTAPI function instrumented: __itt_task_begin
73624 : 0xcf34ed2c670a : 2 : ittapi_config_apply_per_lib :  ITTAPI function instrumented: __itt_task_begin_fn
73624 : 0xcf34ed2c6c7e : 2 : ittapi_config_apply_per_lib :  ITTAPI function instrumented: __itt_task_end
73624 : 0xcf34ed2c73e3 : 2 : ittapi_config_apply_per_lib :  ITTAPI function not implemented: __itt_counter_inc_v3
73624 : 0xcf34ed2c7a5b : 2 : ittapi_config_apply_per_lib :  ITTAPI function not implemented: __itt_counter_inc_delta_v3
73624 : 0xcf34ed2c807e : 2 : ittapi_config_apply_per_lib :  ITTAPI function not implemented: __itt_counter_dec_v3
73624 : 0xcf34ed2c85e9 : 2 : ittapi_config_apply_per_lib :  ITTAPI function not implemented: __itt_counter_dec_delta_v3
73624 : 0xcf34ed2c8cd3 : 2 : ittapi_config_apply_per_lib :  ITTAPI function not implemented: __itt_marker
73624 : 0xcf34ed2c92bd : 2 : ittapi_config_apply_per_lib :  ITTAPI function instrumented: __itt_metadata_add
73624 : 0xcf34ed2c994e : 2 : ittapi_config_apply_per_lib :  ITTAPI function not implemented: __itt_metadata_str_add
73624 : 0xcf34ed2c9fb8 : 2 : ittapi_config_apply_per_lib :  ITTAPI function not implemented: __itt_relation_add_to_current
73624 : 0xcf34ed2cb4d1 : 2 : ittapi_config_apply_per_lib :  ITTAPI function not implemented: __itt_relation_add
73624 : 0xcf34ed2cba32 : 2 : ittapi_config_apply_per_lib :  ITTAPI function instrumented: __itt_event_create
73624 : 0xcf34ed2cbfd6 : 2 : ittapi_config_apply_per_lib :  ITTAPI function instrumented: __itt_event_start
73624 : 0xcf34ed2cc4da : 2 : ittapi_config_apply_per_lib :  ITTAPI function instrumented: __itt_event_end
73624 : 0xcf34ed2cc8f4 : 2 : ittapi_config_apply_per_lib :  ITTAPI function NOT instrumented (not matched by --itt-config option): __itt_sync_set_name

73624 : 0xcf34ed2ccd60 : 2 : ittapi_config_apply_per_lib :  ITTAPI function NOT instrumented (not matched by --itt-config option): __itt_notify_sync_name

73624 : 0xcf34ed2cd166 : 2 : ittapi_config_apply_per_lib :  ITTAPI function NOT instrumented (not matched by --itt-config option): __itt_notify_sync_prepare

73624 : 0xcf34ed2cd4f8 : 2 : ittapi_config_apply_per_lib :  ITTAPI function NOT instrumented (not matched by --itt-config option): __itt_notify_sync_cancel

73624 : 0xcf34ed2cd8ba : 2 : ittapi_config_apply_per_lib :  ITTAPI function NOT instrumented (not matched by --itt-config option): __itt_notify_sync_acquired

73624 : 0xcf34ed2cdc3c : 2 : ittapi_config_apply_per_lib :  ITTAPI function NOT instrumented (not matched by --itt-config option): __itt_notify_sync_releasing

73624 : 0xcf34ed2cfcde : 2 : ittapi_config_apply_per_lib :  ITTAPI function not implemented: __itt_memory_read
73624 : 0xcf34ed2d03af : 2 : ittapi_config_apply_per_lib :  ITTAPI function not implemented: __itt_memory_write
73624 : 0xcf34ed2d0a70 : 2 : ittapi_config_apply_per_lib :  ITTAPI function not implemented: __itt_memory_update
73624 : 0xcf34ed2d1111 : 2 : ittapi_config_apply_per_lib :  ITTAPI function not implemented: __itt_state_get
73624 : 0xcf34ed2d16c1 : 2 : ittapi_config_apply_per_lib :  ITTAPI function not implemented: __itt_state_set
73624 : 0xcf34ed2d1c40 : 2 : ittapi_config_apply_per_lib :  ITTAPI function not implemented: __itt_obj_mode_set
73624 : 0xcf34ed2d2208 : 2 : ittapi_config_apply_per_lib :  ITTAPI function not implemented: __itt_thr_mode_set
73624 : 0xcf34ed2d2723 : 2 : ittapi_config_apply_per_lib :  ITTAPI function instrumented: __itt_frame_create
73624 : 0xcf34ed2d2c21 : 2 : ittapi_config_apply_per_lib :  ITTAPI function instrumented: __itt_pt_region_create
73624 : 0xcf34ed2d3203 : 2 : ittapi_config_apply_per_lib :  ITTAPI function instrumented: __itt_frame_begin
73624 : 0xcf34ed2d467b : 2 : ittapi_config_apply_per_lib :  ITTAPI function instrumented: __itt_frame_end
73624 : 0xcf34ed2d4d3e : 2 : ittapi_config_apply_per_lib :  ITTAPI function not implemented: __itt_counter_destroy
73624 : 0xcf34ed2d5312 : 2 : ittapi_config_apply_per_lib :  ITTAPI function instrumented: __itt_counter_inc
73624 : 0xcf34ed2d5863 : 2 : ittapi_config_apply_per_lib :  ITTAPI function instrumented: __itt_counter_inc_delta
73624 : 0xcf34ed2d5cfa : 2 : ittapi_config_apply_per_lib :  ITTAPI function instrumented: __itt_counter_dec
73624 : 0xcf34ed2d6223 : 2 : ittapi_config_apply_per_lib :  ITTAPI function instrumented: __itt_counter_dec_delta
73624 : 0xcf34ed2d66ca : 2 : ittapi_config_apply_per_lib :  ITTAPI function instrumented: __itt_counter_set_value
73624 : 0xcf34ed2d6c6c : 2 : ittapi_config_apply_per_lib :  ITTAPI function not implemented: __itt_counter_set_value_ex
73624 : 0xcf34ed2d7267 : 2 : ittapi_config_apply_per_lib :  ITTAPI function not implemented: __itt_mark_create
73624 : 0xcf34ed2d78a6 : 2 : ittapi_config_apply_per_lib :  ITTAPI function not implemented: __itt_mark
73624 : 0xcf34ed2d8e33 : 2 : ittapi_config_apply_per_lib :  ITTAPI function not implemented: __itt_mark_off
73624 : 0xcf34ed2d94c3 : 2 : ittapi_config_apply_per_lib :  ITTAPI function not implemented: __itt_mark_global
73624 : 0xcf34ed2d9afd : 2 : ittapi_config_apply_per_lib :  ITTAPI function not implemented: __itt_mark_global_off
73624 : 0xcf34ed2d9fe9 : 2 : ittapi_config_apply_per_lib :  ITTAPI function NOT instrumented (not matched by --itt-config option): __itt_stack_caller_create

73624 : 0xcf34ed2da3a9 : 2 : ittapi_config_apply_per_lib :  ITTAPI function NOT instrumented (not matched by --itt-config option): __itt_stack_caller_destroy

73624 : 0xcf34ed2da745 : 2 : ittapi_config_apply_per_lib :  ITTAPI function NOT instrumented (not matched by --itt-config option): __itt_stack_callee_enter

73624 : 0xcf34ed2daaf8 : 2 : ittapi_config_apply_per_lib :  ITTAPI function NOT instrumented (not matched by --itt-config option): __itt_stack_callee_leave

73624 : 0xcf34ed2db0a4 : 2 : ittapi_config_apply_per_lib :  ITTAPI function not implemented: __itt_clock_domain_create
73624 : 0xcf34ed2db6ef : 2 : ittapi_config_apply_per_lib :  ITTAPI function not implemented: __itt_clock_domain_reset
73624 : 0xcf34ed2dbcf2 : 2 : ittapi_config_apply_per_lib :  ITTAPI function not implemented: __itt_id_create_ex
73624 : 0xcf34ed2ddba9 : 2 : ittapi_config_apply_per_lib :  ITTAPI function not implemented: __itt_id_destroy_ex
73624 : 0xcf34ed2de235 : 2 : ittapi_config_apply_per_lib :  ITTAPI function not implemented: __itt_task_begin_ex
73624 : 0xcf34ed2de7f1 : 2 : ittapi_config_apply_per_lib :  ITTAPI function not implemented: __itt_task_begin_fn_ex
73624 : 0xcf34ed2dedc0 : 2 : ittapi_config_apply_per_lib :  ITTAPI function not implemented: __itt_task_end_ex
73624 : 0xcf34ed2df3a8 : 2 : ittapi_config_apply_per_lib :  ITTAPI function instrumented: __itt_task_begin_overlapped
73624 : 0xcf34ed2df940 : 2 : ittapi_config_apply_per_lib :  ITTAPI function not implemented: __itt_task_begin_overlapped_ex
73624 : 0xcf34ed2dfed2 : 2 : ittapi_config_apply_per_lib :  ITTAPI function instrumented: __itt_task_end_overlapped
73624 : 0xcf34ed2e03f2 : 2 : ittapi_config_apply_per_lib :  ITTAPI function not implemented: __itt_task_end_overlapped_ex
73624 : 0xcf34ed2e09b8 : 2 : ittapi_config_apply_per_lib :  ITTAPI function not implemented: __itt_marker_ex
73624 : 0xcf34ed2e10ec : 2 : ittapi_config_apply_per_lib :  ITTAPI function not implemented: __itt_metadata_add_with_scope
73624 : 0xcf34ed2e2647 : 2 : ittapi_config_apply_per_lib :  ITTAPI function not implemented: __itt_metadata_str_add_with_scope
73624 : 0xcf34ed2e2caf : 2 : ittapi_config_apply_per_lib :  ITTAPI function not implemented: __itt_relation_add_to_current_ex
73624 : 0xcf34ed2e3285 : 2 : ittapi_config_apply_per_lib :  ITTAPI function not implemented: __itt_relation_add_ex
73624 : 0xcf34ed2e39f4 : 2 : ittapi_config_apply_per_lib :  ITTAPI function not implemented: __itt_track_group_create
73624 : 0xcf34ed2e3f71 : 2 : ittapi_config_apply_per_lib :  ITTAPI function not implemented: __itt_track_create
73624 : 0xcf34ed2e4546 : 2 : ittapi_config_apply_per_lib :  ITTAPI function not implemented: __itt_set_track
73624 : 0xcf34ed2e4a97 : 2 : ittapi_config_apply_per_lib :  ITTAPI function instrumented: __itt_api_version
73624 : 0xcf34ed2e5065 : 2 : ittapi_config_apply_per_lib :  ITTAPI function not implemented: __itt_av_save
73624 : 0xcf34ed2e556d : 2 : ittapi_config_apply_per_lib :  ITTAPI function instrumented: __itt_module_load
73624 : 0xcf34ed2e5ad4 : 2 : ittapi_config_apply_per_lib :  ITTAPI function not implemented: __itt_module_unload
73624 : 0xcf34ed2e6db3 : 2 : ittapi_config_apply_per_lib :  ITTAPI function NOT instrumented (not matched by --itt-config option): __itt_histogram_submit

73624 : 0xcf34ed7f7e5f : 2 : ittapi_config_mask_get :  --itt-config mask to be applied: 39
73624 : 0xcf34ed7f8e0d : 2 : ittapi_config_apply_per_lib :  ITTAPI function instrumented: __itt_domain_create
73624 : 0xcf34ed7f959c : 2 : ittapi_config_apply_per_lib :  ITTAPI function instrumented: __itt_module_load_with_sections
73624 : 0xcf34ed7f9d96 : 2 : ittapi_config_apply_per_lib :  ITTAPI function not implemented: __itt_module_unload_with_sections
73624 : 0xcf34ed7fa5b3 : 2 : ittapi_config_apply_per_lib :  ITTAPI function instrumented: __itt_string_handle_create
73624 : 0xcf34ed7fab41 : 2 : ittapi_config_apply_per_lib :  ITTAPI function instrumented: __itt_counter_create
73624 : 0xcf34ed7fb02d : 2 : ittapi_config_apply_per_lib :  ITTAPI function instrumented: __itt_counter_create_typed
73624 : 0xcf34ed7fb5b6 : 2 : ittapi_config_apply_per_lib :  ITTAPI function instrumented: __itt_pause
73624 : 0xcf34ed7fbb9d : 2 : ittapi_config_apply_per_lib :  ITTAPI function instrumented: __itt_resume
73624 : 0xcf34ed7fe4c9 : 2 : ittapi_config_apply_per_lib :  ITTAPI function not implemented: __itt_pause_scoped
73624 : 0xcf34ed7fec1b : 2 : ittapi_config_apply_per_lib :  ITTAPI function not implemented: __itt_resume_scoped
73624 : 0xcf34ed7ff275 : 2 : ittapi_config_apply_per_lib :  ITTAPI function instrumented: __itt_thread_set_name
73624 : 0xcf34ed7ff7e4 : 2 : ittapi_config_apply_per_lib :  ITTAPI function instrumented: __itt_thread_ignore
73624 : 0xcf34ed7ffcde : 2 : ittapi_config_apply_per_lib :  ITTAPI function instrumented: __itt_thr_name_set
73624 : 0xcf34ed8003ae : 2 : ittapi_config_apply_per_lib :  ITTAPI function instrumented: __itt_thr_ignore
73624 : 0xcf34ed8008ca : 2 : ittapi_config_apply_per_lib :  ITTAPI function instrumented: __itt_histogram_create
73624 : 0xcf34ed800ebb : 2 : ittapi_config_apply_per_lib :  ITTAPI function instrumented: __itt_counter_create_v3
73624 : 0xcf34ed80147d : 2 : ittapi_config_apply_per_lib :  ITTAPI function instrumented: __itt_bind_context_metadata_to_counter
73624 : 0xcf34ed801a98 : 2 : ittapi_config_apply_per_lib :  ITTAPI function not implemented: __itt_enable_attach
73624 : 0xcf34ed804623 : 2 : ittapi_config_apply_per_lib :  ITTAPI function instrumented: __itt_detach
73624 : 0xcf34ed804b65 : 2 : ittapi_config_apply_per_lib :  ITTAPI function NOT instrumented (not matched by --itt-config option): __itt_sync_create

73624 : 0xcf34ed805061 : 2 : ittapi_config_apply_per_lib :  ITTAPI function NOT instrumented (not matched by --itt-config option): __itt_sync_rename

73624 : 0xcf34ed805400 : 2 : ittapi_config_apply_per_lib :  ITTAPI function NOT instrumented (not matched by --itt-config option): __itt_sync_destroy

73624 : 0xcf34ed8057fb : 2 : ittapi_config_apply_per_lib :  ITTAPI function NOT instrumented (not matched by --itt-config option): __itt_sync_prepare

73624 : 0xcf34ed805b9f : 2 : ittapi_config_apply_per_lib :  ITTAPI function NOT instrumented (not matched by --itt-config option): __itt_sync_cancel

73624 : 0xcf34ed805ef2 : 2 : ittapi_config_apply_per_lib :  ITTAPI function NOT instrumented (not matched by --itt-config option): __itt_sync_acquired

73624 : 0xcf34ed806266 : 2 : ittapi_config_apply_per_lib :  ITTAPI function NOT instrumented (not matched by --itt-config option): __itt_sync_releasing

73624 : 0xcf34ed8068fb : 2 : ittapi_config_apply_per_lib :  ITTAPI function not implemented: __itt_suppress_push
73624 : 0xcf34ed807057 : 2 : ittapi_config_apply_per_lib :  ITTAPI function not implemented: __itt_suppress_pop
73624 : 0xcf34ed808655 : 2 : ittapi_config_apply_per_lib :  ITTAPI function not implemented: __itt_suppress_mark_range
73624 : 0xcf34ed808d69 : 2 : ittapi_config_apply_per_lib :  ITTAPI function not implemented: __itt_suppress_clear_range
73624 : 0xcf34ed80917b : 2 : ittapi_config_apply_per_lib :  ITTAPI function NOT instrumented (not matched by --itt-config option): __itt_sync_prepare

73624 : 0xcf34ed8094f4 : 2 : ittapi_config_apply_per_lib :  ITTAPI function NOT instrumented (not matched by --itt-config option): __itt_sync_cancel

73624 : 0xcf34ed809831 : 2 : ittapi_config_apply_per_lib :  ITTAPI function NOT instrumented (not matched by --itt-config option): __itt_sync_acquired

73624 : 0xcf34ed809b77 : 2 : ittapi_config_apply_per_lib :  ITTAPI function NOT instrumented (not matched by --itt-config option): __itt_sync_releasing

73624 : 0xcf34ed809f51 : 2 : ittapi_config_apply_per_lib :  ITTAPI function NOT instrumented (not matched by --itt-config option): __itt_model_site_begin

73624 : 0xcf34ed80a31c : 2 : ittapi_config_apply_per_lib :  ITTAPI function NOT instrumented (not matched by --itt-config option): __itt_model_site_end

73624 : 0xcf34ed80a6ba : 2 : ittapi_config_apply_per_lib :  ITTAPI function NOT instrumented (not matched by --itt-config option): __itt_model_task_begin

73624 : 0xcf34ed80ab17 : 2 : ittapi_config_apply_per_lib :  ITTAPI function NOT instrumented (not matched by --itt-config option): __itt_model_task_end

73624 : 0xcf34ed80bef4 : 2 : ittapi_config_apply_per_lib :  ITTAPI function NOT instrumented (not matched by --itt-config option): __itt_model_lock_acquire

73624 : 0xcf34ed80c407 : 2 : ittapi_config_apply_per_lib :  ITTAPI function NOT instrumented (not matched by --itt-config option): __itt_model_lock_release

73624 : 0xcf34ed80c820 : 2 : ittapi_config_apply_per_lib :  ITTAPI function NOT instrumented (not matched by --itt-config option): __itt_model_record_allocation

73624 : 0xcf34ed80cba6 : 2 : ittapi_config_apply_per_lib :  ITTAPI function NOT instrumented (not matched by --itt-config option): __itt_model_record_deallocation

73624 : 0xcf34ed80cf06 : 2 : ittapi_config_apply_per_lib :  ITTAPI function NOT instrumented (not matched by --itt-config option): __itt_model_induction_uses

73624 : 0xcf34ed80d1fe : 2 : ittapi_config_apply_per_lib :  ITTAPI function NOT instrumented (not matched by --itt-config option): __itt_model_reduction_uses

73624 : 0xcf34ed80d4e8 : 2 : ittapi_config_apply_per_lib :  ITTAPI function NOT instrumented (not matched by --itt-config option): __itt_model_observe_uses

73624 : 0xcf34ed80d7f1 : 2 : ittapi_config_apply_per_lib :  ITTAPI function NOT instrumented (not matched by --itt-config option): __itt_model_clear_uses

73624 : 0xcf34ed80dad9 : 2 : ittapi_config_apply_per_lib :  ITTAPI function NOT instrumented (not matched by --itt-config option): __itt_model_site_beginA

73624 : 0xcf34ed80ddc3 : 2 : ittapi_config_apply_per_lib :  ITTAPI function NOT instrumented (not matched by --itt-config option): __itt_model_site_beginAL

73624 : 0xcf34ed80fae3 : 2 : ittapi_config_apply_per_lib :  ITTAPI function NOT instrumented (not matched by --itt-config option): __itt_model_task_beginA

73624 : 0xcf34ed80fec0 : 2 : ittapi_config_apply_per_lib :  ITTAPI function NOT instrumented (not matched by --itt-config option): __itt_model_task_beginAL

73624 : 0xcf34ed810226 : 2 : ittapi_config_apply_per_lib :  ITTAPI function NOT instrumented (not matched by --itt-config option): __itt_model_iteration_taskA

73624 : 0xcf34ed810548 : 2 : ittapi_config_apply_per_lib :  ITTAPI function NOT instrumented (not matched by --itt-config option): __itt_model_iteration_taskAL

73624 : 0xcf34ed81084b : 2 : ittapi_config_apply_per_lib :  ITTAPI function NOT instrumented (not matched by --itt-config option): __itt_model_site_end_2

73624 : 0xcf34ed810b41 : 2 : ittapi_config_apply_per_lib :  ITTAPI function NOT instrumented (not matched by --itt-config option): __itt_model_task_end_2

73624 : 0xcf34ed810e2d : 2 : ittapi_config_apply_per_lib :  ITTAPI function NOT instrumented (not matched by --itt-config option): __itt_model_lock_acquire_2

73624 : 0xcf34ed811116 : 2 : ittapi_config_apply_per_lib :  ITTAPI function NOT instrumented (not matched by --itt-config option): __itt_model_lock_release_2

73624 : 0xcf34ed8113f2 : 2 : ittapi_config_apply_per_lib :  ITTAPI function NOT instrumented (not matched by --itt-config option): __itt_model_aggregate_task

73624 : 0xcf34ed8116c4 : 2 : ittapi_config_apply_per_lib :  ITTAPI function NOT instrumented (not matched by --itt-config option): __itt_model_disable_push

73624 : 0xcf34ed8128f9 : 2 : ittapi_config_apply_per_lib :  ITTAPI function NOT instrumented (not matched by --itt-config option): __itt_model_disable_pop

73624 : 0xcf34ed812e6e : 2 : ittapi_config_apply_per_lib :  ITTAPI function instrumented: __itt_heap_function_create
73624 : 0xcf34ed8133ee : 2 : ittapi_config_apply_per_lib :  ITTAPI function instrumented: __itt_heap_allocate_begin
73624 : 0xcf34ed813899 : 2 : ittapi_config_apply_per_lib :  ITTAPI function instrumented: __itt_heap_allocate_end
73624 : 0xcf34ed813d28 : 2 : ittapi_config_apply_per_lib :  ITTAPI function instrumented: __itt_heap_free_begin
73624 : 0xcf34ed814190 : 2 : ittapi_config_apply_per_lib :  ITTAPI function instrumented: __itt_heap_free_end
73624 : 0xcf34ed814645 : 2 : ittapi_config_apply_per_lib :  ITTAPI function instrumented: __itt_heap_reallocate_begin
73624 : 0xcf34ed814a99 : 2 : ittapi_config_apply_per_lib :  ITTAPI function instrumented: __itt_heap_reallocate_end
73624 : 0xcf34ed815072 : 2 : ittapi_config_apply_per_lib :  ITTAPI function not implemented: __itt_heap_internal_access_begin
73624 : 0xcf34ed81569b : 2 : ittapi_config_apply_per_lib :  ITTAPI function not implemented: __itt_heap_internal_access_end
73624 : 0xcf34ed81a905 : 2 : ittapi_config_apply_per_lib :  ITTAPI function not implemented: __itt_heap_record_memory_growth_begin
73624 : 0xcf34ed81b6f4 : 2 : ittapi_config_apply_per_lib :  ITTAPI function not implemented: __itt_heap_record_memory_growth_end
73624 : 0xcf34ed81bd70 : 2 : ittapi_config_apply_per_lib :  ITTAPI function not implemented: __itt_heap_reset_detection
73624 : 0xcf34ed81c3ce : 2 : ittapi_config_apply_per_lib :  ITTAPI function not implemented: __itt_heap_record
73624 : 0xcf34ed81ca00 : 2 : ittapi_config_apply_per_lib :  ITTAPI function not implemented: __itt_id_create
73624 : 0xcf34ed81cff0 : 2 : ittapi_config_apply_per_lib :  ITTAPI function not implemented: __itt_id_destroy
73624 : 0xcf34ed81d56c : 2 : ittapi_config_apply_per_lib :  ITTAPI function instrumented: __itt_get_timestamp
73624 : 0xcf34ed81db06 : 2 : ittapi_config_apply_per_lib :  ITTAPI function not implemented: __itt_region_begin
73624 : 0xcf34ed81e123 : 2 : ittapi_config_apply_per_lib :  ITTAPI function not implemented: __itt_region_end
73624 : 0xcf34ed81e6b7 : 2 : ittapi_config_apply_per_lib :  ITTAPI function instrumented: __itt_frame_begin_v3
73624 : 0xcf34ed8204af : 2 : ittapi_config_apply_per_lib :  ITTAPI function instrumented: __itt_frame_end_v3
73624 : 0xcf34ed820a91 : 2 : ittapi_config_apply_per_lib :  ITTAPI function instrumented: __itt_frame_submit_v3
73624 : 0xcf34ed8210cf : 2 : ittapi_config_apply_per_lib :  ITTAPI function not implemented: __itt_task_group
73624 : 0xcf34ed82162e : 2 : ittapi_config_apply_per_lib :  ITTAPI function instrumented: __itt_task_begin
73624 : 0xcf34ed821bc4 : 2 : ittapi_config_apply_per_lib :  ITTAPI function instrumented: __itt_task_begin_fn
73624 : 0xcf34ed822103 : 2 : ittapi_config_apply_per_lib :  ITTAPI function instrumented: __itt_task_end
73624 : 0xcf34ed82272c : 2 : ittapi_config_apply_per_lib :  ITTAPI function not implemented: __itt_counter_inc_v3
73624 : 0xcf34ed822ce2 : 2 : ittapi_config_apply_per_lib :  ITTAPI function not implemented: __itt_counter_inc_delta_v3
73624 : 0xcf34ed8232d1 : 2 : ittapi_config_apply_per_lib :  ITTAPI function not implemented: __itt_counter_dec_v3
73624 : 0xcf34ed823858 : 2 : ittapi_config_apply_per_lib :  ITTAPI function not implemented: __itt_counter_dec_delta_v3
73624 : 0xcf34ed824e44 : 2 : ittapi_config_apply_per_lib :  ITTAPI function not implemented: __itt_marker
73624 : 0xcf34ed825437 : 2 : ittapi_config_apply_per_lib :  ITTAPI function instrumented: __itt_metadata_add
73624 : 0xcf34ed825ac9 : 2 : ittapi_config_apply_per_lib :  ITTAPI function not implemented: __itt_metadata_str_add
73624 : 0xcf34ed8260b0 : 2 : ittapi_config_apply_per_lib :  ITTAPI function not implemented: __itt_relation_add_to_current
73624 : 0xcf34ed826720 : 2 : ittapi_config_apply_per_lib :  ITTAPI function not implemented: __itt_relation_add
73624 : 0xcf34ed826c5a : 2 : ittapi_config_apply_per_lib :  ITTAPI function instrumented: __itt_event_create
73624 : 0xcf34ed8271de : 2 : ittapi_config_apply_per_lib :  ITTAPI function instrumented: __itt_event_start
73624 : 0xcf34ed8276f2 : 2 : ittapi_config_apply_per_lib :  ITTAPI function instrumented: __itt_event_end
73624 : 0xcf34ed827aeb : 2 : ittapi_config_apply_per_lib :  ITTAPI function NOT instrumented (not matched by --itt-config option): __itt_sync_set_name

73624 : 0xcf34ed827edf : 2 : ittapi_config_apply_per_lib :  ITTAPI function NOT instrumented (not matched by --itt-config option): __itt_notify_sync_name

73624 : 0xcf34ed82920a : 2 : ittapi_config_apply_per_lib :  ITTAPI function NOT instrumented (not matched by --itt-config option): __itt_notify_sync_prepare

73624 : 0xcf34ed82960e : 2 : ittapi_config_apply_per_lib :  ITTAPI function NOT instrumented (not matched by --itt-config option): __itt_notify_sync_cancel

73624 : 0xcf34ed829a19 : 2 : ittapi_config_apply_per_lib :  ITTAPI function NOT instrumented (not matched by --itt-config option): __itt_notify_sync_acquired

73624 : 0xcf34ed829d75 : 2 : ittapi_config_apply_per_lib :  ITTAPI function NOT instrumented (not matched by --itt-config option): __itt_notify_sync_releasing

73624 : 0xcf34ed82a3a4 : 2 : ittapi_config_apply_per_lib :  ITTAPI function not implemented: __itt_memory_read
73624 : 0xcf34ed82aa18 : 2 : ittapi_config_apply_per_lib :  ITTAPI function not implemented: __itt_memory_write
73624 : 0xcf34ed82b076 : 2 : ittapi_config_apply_per_lib :  ITTAPI function not implemented: __itt_memory_update
73624 : 0xcf34ed82b6b6 : 2 : ittapi_config_apply_per_lib :  ITTAPI function not implemented: __itt_state_get
73624 : 0xcf34ed82bc33 : 2 : ittapi_config_apply_per_lib :  ITTAPI function not implemented: __itt_state_set
73624 : 0xcf34ed82c212 : 2 : ittapi_config_apply_per_lib :  ITTAPI function not implemented: __itt_obj_mode_set
73624 : 0xcf34ed82e17a : 2 : ittapi_config_apply_per_lib :  ITTAPI function not implemented: __itt_thr_mode_set
73624 : 0xcf34ed82e6f7 : 2 : ittapi_config_apply_per_lib :  ITTAPI function instrumented: __itt_frame_create
73624 : 0xcf34ed82ec00 : 2 : ittapi_config_apply_per_lib :  ITTAPI function instrumented: __itt_pt_region_create
73624 : 0xcf34ed82f1a3 : 2 : ittapi_config_apply_per_lib :  ITTAPI function instrumented: __itt_frame_begin
73624 : 0xcf34ed82f6c2 : 2 : ittapi_config_apply_per_lib :  ITTAPI function instrumented: __itt_frame_end
73624 : 0xcf34ed82fcc3 : 2 : ittapi_config_apply_per_lib :  ITTAPI function not implemented: __itt_counter_destroy
73624 : 0xcf34ed8302af : 2 : ittapi_config_apply_per_lib :  ITTAPI function instrumented: __itt_counter_inc
73624 : 0xcf34ed830797 : 2 : ittapi_config_apply_per_lib :  ITTAPI function instrumented: __itt_counter_inc_delta
73624 : 0xcf34ed830c65 : 2 : ittapi_config_apply_per_lib :  ITTAPI function instrumented: __itt_counter_dec
73624 : 0xcf34ed831155 : 2 : ittapi_config_apply_per_lib :  ITTAPI function instrumented: __itt_counter_dec_delta
73624 : 0xcf34ed832555 : 2 : ittapi_config_apply_per_lib :  ITTAPI function instrumented: __itt_counter_set_value
73624 : 0xcf34ed832bb7 : 2 : ittapi_config_apply_per_lib :  ITTAPI function not implemented: __itt_counter_set_value_ex
73624 : 0xcf34ed83319d : 2 : ittapi_config_apply_per_lib :  ITTAPI function not implemented: __itt_mark_create
73624 : 0xcf34ed83386d : 2 : ittapi_config_apply_per_lib :  ITTAPI function not implemented: __itt_mark
73624 : 0xcf34ed833e8e : 2 : ittapi_config_apply_per_lib :  ITTAPI function not implemented: __itt_mark_off
73624 : 0xcf34ed834497 : 2 : ittapi_config_apply_per_lib :  ITTAPI function not implemented: __itt_mark_global
73624 : 0xcf34ed834aca : 2 : ittapi_config_apply_per_lib :  ITTAPI function not implemented: __itt_mark_global_off
73624 : 0xcf34ed834f53 : 2 : ittapi_config_apply_per_lib :  ITTAPI function NOT instrumented (not matched by --itt-config option): __itt_stack_caller_create

73624 : 0xcf34ed8352ff : 2 : ittapi_config_apply_per_lib :  ITTAPI function NOT instrumented (not matched by --itt-config option): __itt_stack_caller_destroy

73624 : 0xcf34ed83567f : 2 : ittapi_config_apply_per_lib :  ITTAPI function NOT instrumented (not matched by --itt-config option): __itt_stack_callee_enter

73624 : 0xcf34ed836987 : 2 : ittapi_config_apply_per_lib :  ITTAPI function NOT instrumented (not matched by --itt-config option): __itt_stack_callee_leave

73624 : 0xcf34ed836fc8 : 2 : ittapi_config_apply_per_lib :  ITTAPI function not implemented: __itt_clock_domain_create
73624 : 0xcf34ed83762e : 2 : ittapi_config_apply_per_lib :  ITTAPI function not implemented: __itt_clock_domain_reset
73624 : 0xcf34ed837c56 : 2 : ittapi_config_apply_per_lib :  ITTAPI function not implemented: __itt_id_create_ex
73624 : 0xcf34ed838267 : 2 : ittapi_config_apply_per_lib :  ITTAPI function not implemented: __itt_id_destroy_ex
73624 : 0xcf34ed83880d : 2 : ittapi_config_apply_per_lib :  ITTAPI function not implemented: __itt_task_begin_ex
73624 : 0xcf34ed838dd9 : 2 : ittapi_config_apply_per_lib :  ITTAPI function not implemented: __itt_task_begin_fn_ex
73624 : 0xcf34ed839383 : 2 : ittapi_config_apply_per_lib :  ITTAPI function not implemented: __itt_task_end_ex
73624 : 0xcf34ed8398d8 : 2 : ittapi_config_apply_per_lib :  ITTAPI function instrumented: __itt_task_begin_overlapped
73624 : 0xcf34ed839e82 : 2 : ittapi_config_apply_per_lib :  ITTAPI function not implemented: __itt_task_begin_overlapped_ex
73624 : 0xcf34ed83b34a : 2 : ittapi_config_apply_per_lib :  ITTAPI function instrumented: __itt_task_end_overlapped
73624 : 0xcf34ed83b8f6 : 2 : ittapi_config_apply_per_lib :  ITTAPI function not implemented: __itt_task_end_overlapped_ex
73624 : 0xcf34ed83bee3 : 2 : ittapi_config_apply_per_lib :  ITTAPI function not implemented: __itt_marker_ex
73624 : 0xcf34ed83c4fe : 2 : ittapi_config_apply_per_lib :  ITTAPI function not implemented: __itt_metadata_add_with_scope
73624 : 0xcf34ed83caca : 2 : ittapi_config_apply_per_lib :  ITTAPI function not implemented: __itt_metadata_str_add_with_scope
73624 : 0xcf34ed83d06c : 2 : ittapi_config_apply_per_lib :  ITTAPI function not implemented: __itt_relation_add_to_current_ex
73624 : 0xcf34ed83d5df : 2 : ittapi_config_apply_per_lib :  ITTAPI function not implemented: __itt_relation_add_ex
73624 : 0xcf34ed83dbda : 2 : ittapi_config_apply_per_lib :  ITTAPI function not implemented: __itt_track_group_create
73624 : 0xcf34ed83e14a : 2 : ittapi_config_apply_per_lib :  ITTAPI function not implemented: __itt_track_create
73624 : 0xcf34ed83e6ed : 2 : ittapi_config_apply_per_lib :  ITTAPI function not implemented: __itt_set_track
73624 : 0xcf34ed8404a1 : 2 : ittapi_config_apply_per_lib :  ITTAPI function instrumented: __itt_api_version
73624 : 0xcf34ed840b19 : 2 : ittapi_config_apply_per_lib :  ITTAPI function not implemented: __itt_av_save
73624 : 0xcf34ed841086 : 2 : ittapi_config_apply_per_lib :  ITTAPI function instrumented: __itt_module_load
73624 : 0xcf34ed841632 : 2 : ittapi_config_apply_per_lib :  ITTAPI function not implemented: __itt_module_unload
73624 : 0xcf34ed8419e7 : 2 : ittapi_config_apply_per_lib :  ITTAPI function NOT instrumented (not matched by --itt-config option): __itt_histogram_submit

73624 : 0xcf34ed841e9c : 2 : ittapi_config_apply_per_lib :  ITTAPI function instrumented: __itt_counter_set_value_v3