
82183 : 0xd07f29a67eac : 1 : spill_jit_data :  Jit agent is not initialized
82153 : 0xd07f29a6dd52 : 2 : ittapi_config_mask_get :  --itt-config mask to be applied: 39
82153 : 0xd07f29a74274 : 2 : ittapi_config_apply_per_lib :  ITTAPI function instrumented: __itt_domain_create
82153 : 0xd07f29a750a6 : 2 : ittapi_config_apply_per_lib :  ITTAPI function instrumented: __itt_module_load_with_sections
82153 : 0xd07f29a76108 : 2 : ittapi_config_apply_per_lib :  ITTAPI function not implemented: __itt_module_unload_with_sections
82153 : 0xd07f29a76a34 : 2 : ittapi_config_apply_per_lib :  ITTAPI function instrumented: __itt_string_handle_create
82153 : 0xd07f29a77071 : 2 : ittapi_config_apply_per_lib :  ITTAPI function instrumented: __itt_counter_create
82153 : 0xd07f29a775f3 : 2 : ittapi_config_apply_per_lib :  ITTAPI function instrumented: __itt_counter_create_typed
82153 : 0xd07f29a77d09 : 2 : ittapi_config_apply_per_lib :  ITTAPI function instrumented: __itt_pause
82153 : 0xd07f29a78385 : 2 : ittapi_config_apply_per_lib :  ITTAPI function instrumented: __itt_resume
82153 : 0xd07f29a8039b : 2 : ittapi_config_apply_per_lib :  ITTAPI function instrumented: __itt_thread_set_name
82153 : 0xd07f29a80b2f : 2 : ittapi_config_apply_per_lib :  ITTAPI function instrumented: __itt_thread_ignore
82153 : 0xd07f29a810c7 : 2 : ittapi_config_apply_per_lib :  ITTAPI function instrumented: __itt_thr_name_set
82153 : 0xd07f29a817d2 : 2 : ittapi_config_apply_per_lib :  ITTAPI function instrumented: __itt_thr_ignore
82153 : 0xd07f29a81e42 : 2 : ittapi_config_apply_per_lib :  ITTAPI function instrumented: __itt_histogram_create
82153 : 0xd07f29a828bc : 2 : ittapi_config_apply_per_lib :  ITTAPI function not implemented: __itt_enable_attach
82153 : 0xd07f29a82f97 : 2 : ittapi_config_apply_per_lib :  ITTAPI function instrumented: __itt_detach
82153 : 0xd07f29a835b6 : 2 : ittapi_config_apply_per_lib :  ITTAPI function NOT instrumented (not matched by --itt-config option): __itt_sync_create

82153 : 0xd07f29a83c3b : 2 : ittapi_config_apply_per_lib :  ITTAPI function NOT instrumented (not matched by --itt-config option): __itt_sync_rename

82153 : 0xd07f29a840f8 : 2 : ittapi_config_apply_per_lib :  ITTAPI function NOT instrumented (not matched by --itt-config option): __itt_sync_destroy

82153 : 0xd07f29a85d52 : 2 : ittapi_config_apply_per_lib :  ITTAPI function NOT instrumented (not matched by --itt-config option): __itt_sync_prepare

82153 : 0xd07f29a862e2 : 2 : ittapi_config_apply_per_lib :  ITTAPI function NOT instrumented (not matched by --itt-config option): __itt_sync_cancel

82153 : 0xd07f29a86795 : 2 : ittapi_config_apply_per_lib :  ITTAPI function NOT instrumented (not matched by --itt-config option): __itt_sync_acquired

82153 : 0xd07f29a86cd8 : 2 : ittapi_config_apply_per_lib :  ITTAPI function NOT instrumented (not matched by --itt-config option): __itt_sync_releasing

82153 : 0xd07f29a87735 : 2 : ittapi_config_apply_per_lib :  ITTAPI function not implemented: __itt_suppress_push
82153 : 0xd07f29a88131 : 2 : ittapi_config_apply_per_lib :  ITTAPI function not implemented: __itt_suppress_pop
82153 : 0xd07f29a88980 : 2 : ittapi_config_apply_per_lib :  ITTAPI function not implemented: __itt_suppress_mark_range
82153 : 0xd07f29a891d6 : 2 : ittapi_config_apply_per_lib :  ITTAPI function not implemented: __itt_suppress_clear_range
82153 : 0xd07f29a89644 : 2 : ittapi_config_apply_per_lib :  ITTAPI function NOT instrumented (not matched by --itt-config option): __itt_sync_prepare

82153 : 0xd07f29a89a62 : 2 : ittapi_config_apply_per_lib :  ITTAPI function NOT instrumented (not matched by --itt-config option): __itt_sync_cancel

82153 : 0xd07f29a8b11c : 2 : ittapi_config_apply_per_lib :  ITTAPI function NOT instrumented (not matched by --itt-config option): __itt_sync_acquired

82153 : 0xd07f29a8b5b0 : 2 : ittapi_config_apply_per_lib :  ITTAPI function NOT instrumented (not matched by --itt-config option): __itt_sync_releasing

82153 : 0xd07f29a8bacd : 2 : ittapi_config_apply_per_lib :  ITTAPI function NOT instrumented (not matched by --itt-config option): __itt_model_site_begin

82153 : 0xd07f29a8bfbf : 2 : ittapi_config_apply_per_lib :  ITTAPI function NOT instrumented (not matched by --itt-config option): __itt_model_site_end

82153 : 0xd07f29a8c4c9 : 2 : ittapi_config_apply_per_lib :  ITTAPI function NOT instrumented (not matched by --itt-config option): __itt_model_task_begin

82153 : 0xd07f29a8ca40 : 2 : ittapi_config_apply_per_lib :  ITTAPI function NOT instrumented (not matched by --itt-config option): __itt_model_task_end

82153 : 0xd07f29a8cf6d : 2 : ittapi_config_apply_per_lib :  ITTAPI function NOT instrumented (not matched by --itt-config option): __itt_model_lock_acquire

82153 : 0xd07f29a8d4fd : 2 : ittapi_config_apply_per_lib :  ITTAPI function NOT instrumented (not matched by --itt-config option): __itt_model_lock_release

82153 : 0xd07f29a8da15 : 2 : ittapi_config_apply_per_lib :  ITTAPI function NOT instrumented (not matched by --itt-config option): __itt_model_record_allocation

82153 : 0xd07f29a8dde2 : 2 : ittapi_config_apply_per_lib :  ITTAPI function NOT instrumented (not matched by --itt-config option): __itt_model_record_deallocation

82153 : 0xd07f29a91231 : 2 : ittapi_config_apply_per_lib :  ITTAPI function NOT instrumented (not matched by --itt-config option): __itt_model_induction_uses

82153 : 0xd07f29a916c6 : 2 : ittapi_config_apply_per_lib :  ITTAPI function NOT instrumented (not matched by --itt-config option): __itt_model_reduction_uses

82153 : 0xd07f29a91ad9 : 2 : ittapi_config_apply_per_lib :  ITTAPI function NOT instrumented (not matched by --itt-config option): __itt_model_observe_uses

82153 : 0xd07f29a91eac : 2 : ittapi_config_apply_per_lib :  ITTAPI function NOT instrumented (not matched by --itt-config option): __itt_model_clear_uses

82153 : 0xd07f29a9223e : 2 : ittapi_config_apply_per_lib :  ITTAPI function NOT instrumented (not matched by --itt-config option): __itt_model_site_beginA

82153 : 0xd07f29a925be : 2 : ittapi_config_apply_per_lib :  ITTAPI function NOT instrumented (not matched by --itt-config option): __itt_model_site_beginAL

82153 : 0xd07f29a92948 : 2 : ittapi_config_apply_per_lib :  ITTAPI function NOT instrumented (not matched by --itt-config option): __itt_model_task_beginA

82153 : 0xd07f29a92cb7 : 2 : ittapi_config_apply_per_lib :  ITTAPI function NOT instrumented (not matched by --itt-config option): __itt_model_task_beginAL

82153 : 0xd07f29a93019 : 2 : ittapi_config_apply_per_lib :  ITTAPI function NOT instrumented (not matched by --itt-config option): __itt_model_iteration_taskA

82153 : 0xd07f29a93380 : 2 : ittapi_config_apply_per_lib :  ITTAPI function NOT instrumented (not matched by --itt-config option): __itt_model_iteration_taskAL

82153 : 0xd07f29a94b15 : 2 : ittapi_config_apply_per_lib :  ITTAPI function NOT instrumented (not matched by --itt-config option): __itt_model_site_end_2

82153 : 0xd07f29a94f3e : 2 : ittapi_config_apply_per_lib :  ITTAPI function NOT instrumented (not matched by --itt-config option): __itt_model_task_end_2

82153 : 0xd07f29a95346 : 2 : ittapi_config_apply_per_lib :  ITTAPI function NOT instrumented (not matched by --itt-config option): __itt_model_lock_acquire_2

82153 : 0xd07f29a95700 : 2 : ittapi_config_apply_per_lib :  ITTAPI function NOT instrumented (not matched by --itt-config option): __itt_model_lock_release_2

82153 : 0xd07f29a95aa0 : 2 : ittapi_config_apply_per_lib :  ITTAPI function NOT instrumented (not matched by --itt-config option): __itt_model_aggregate_task

82153 : 0xd07f29a95e30 : 2 : ittapi_config_apply_per_lib :  ITTAPI function NOT instrumented (not matched by --itt-config option): __itt_model_disable_push

82153 : 0xd07f29a961ba : 2 : ittapi_config_apply_per_lib :  ITTAPI function NOT instrumented (not matched by --itt-config option): __itt_model_disable_pop

82153 : 0xd07f29a96820 : 2 : ittapi_config_apply_per_lib :  ITTAPI function instrumented: __itt_heap_function_create
82153 : 0xd07f29a96f4d : 2 : ittapi_config_apply_per_lib :  ITTAPI function instrumented: __itt_heap_allocate_begin
82153 : 0xd07f29a97491 : 2 : ittapi_config_apply_per_lib :  ITTAPI function instrumented: __itt_heap_allocate_end
82153 : 0xd07f29a99c53 : 2 : ittapi_config_apply_per_lib :  ITTAPI function instrumented: __itt_heap_free_begin
82153 : 0xd07f29a9a2e6 : 2 : ittapi_config_apply_per_lib :  ITTAPI function instrumented: __itt_heap_free_end
82153 : 0xd07f29a9a94a : 2 : ittapi_config_apply_per_lib :  ITTAPI function instrumented: __itt_heap_reallocate_begin
82153 : 0xd07f29a9ae6e : 2 : ittapi_config_apply_per_lib :  ITTAPI function instrumented: __itt_heap_reallocate_end
82153 : 0xd07f29a9b610 : 2 : ittapi_config_apply_per_lib :  ITTAPI function not implemented: __itt_heap_internal_access_begin
82153 : 0xd07f29a9be18 : 2 : ittapi_config_apply_per_lib :  ITTAPI function not implemented: __itt_heap_internal_access_end
82153 : 0xd07f29a9c583 : 2 : ittapi_config_apply_per_lib :  ITTAPI function not implemented: __itt_heap_record_memory_growth_begin
82153 : 0xd07f29a9ccbb : 2 : ittapi_config_apply_per_lib :  ITTAPI function not implemented: __itt_heap_record_memory_growth_end
82153 : 0xd07f29a9d418 : 2 : ittapi_config_apply_per_lib :  ITTAPI function not implemented: __itt_heap_reset_detection
82153 : 0xd07f29a9dcdd : 2 : ittapi_config_apply_per_lib :  ITTAPI function not implemented: __itt_heap_record
82153 : 0xd07f29a9f8bb : 2 : ittapi_config_apply_per_lib :  ITTAPI function not implemented: __itt_id_create
82153 : 0xd07f29aa0067 : 2 : ittapi_config_apply_per_lib :  ITTAPI function not implemented: __itt_id_destroy
82153 : 0xd07f29aa0746 : 2 : ittapi_config_apply_per_lib :  ITTAPI function instrumented: __itt_get_timestamp
82153 : 0xd07f29aa0e42 : 2 : ittapi_config_apply_per_lib :  ITTAPI function not implemented: __itt_region_begin
82153 : 0xd07f29aa154c : 2 : ittapi_config_apply_per_lib :  ITTAPI function not implemented: __itt_region_end
82153 : 0xd07f29aa1bcc : 2 : ittapi_config_apply_per_lib :  ITTAPI function instrumented: __itt_frame_begin_v3
82153 : 0xd07f29aa2207 : 2 : ittapi_config_apply_per_lib :  ITTAPI function instrumented: __itt_frame_end_v3
82153 : 0xd07f29aa2821 : 2 : ittapi_config_apply_per_lib :  ITTAPI function instrumented: __itt_frame_submit_v3
82153 : 0xd07f29aa304a : 2 : ittapi_config_apply_per_lib :  ITTAPI function not implemented: __itt_task_group
82153 : 0xd07f29aa3697 : 2 : ittapi_config_apply_per_lib :  ITTAPI function instrumented: __itt_task_begin
82153 : 0xd07f29aa5082 : 2 : ittapi_config_apply_per_lib :  ITTAPI function instrumented: __itt_task_begin_fn
82153 : 0xd07f29aa5764 : 2 : ittapi_config_apply_per_lib :  ITTAPI function instrumented: __itt_task_end
82153 : 0xd07f29aa5f5e : 2 : ittapi_config_apply_per_lib :  ITTAPI function not implemented: __itt_counter_inc_v3
82153 : 0xd07f29aa67f0 : 2 : ittapi_config_apply_per_lib :  ITTAPI function not implemented: __itt_counter_inc_delta_v3
82153 : 0xd07f29aa6f00 : 2 : ittapi_config_apply_per_lib :  ITTAPI function not implemented: __itt_counter_dec_v3
82153 : 0xd07f29aa75c5 : 2 : ittapi_config_apply_per_lib :  ITTAPI function not implemented: __itt_counter_dec_delta_v3
82153 : 0xd07f29aa7e0c : 2 : ittapi_config_apply_per_lib :  ITTAPI function not implemented: __itt_marker
82153 : 0xd07f29aa853f : 2 : ittapi_config_apply_per_lib :  ITTAPI function instrumented: __itt_metadata_add
82153 : 0xd07f29aa8d94 : 2 : ittapi_config_apply_per_lib :  ITTAPI function not implemented: __itt_metadata_str_add
82153 : 0xd07f29aa94bc : 2 : ittapi_config_apply_per_lib :  ITTAPI function not implemented: __itt_relation_add_to_current
82153 : 0xd07f29aabea2 : 2 : ittapi_config_apply_per_lib :  ITTAPI function not implemented: __itt_relation_add
82153 : 0xd07f29aac50c : 2 : ittapi_config_apply_per_lib :  ITTAPI function instrumented: __itt_event_create
82153 : 0xd07f29aacbaf : 2 : ittapi_config_apply_per_lib :  ITTAPI function instrumented: __itt_event_start
82153 : 0xd07f29aad213 : 2 : ittapi_config_apply_per_lib :  ITTAPI function instrumented: __itt_event_end
82153 : 0xd07f29aad711 : 2 : ittapi_config_apply_per_lib :  ITTAPI function NOT instrumented (not matched by --itt-config option): __itt_sync_set_name

82153 : 0xd07f29aadc37 : 2 : ittapi_config_apply_per_lib :  ITTAPI function NOT instrumented (not matched by --itt-config option): __itt_notify_sync_name

82153 : 0xd07f29aae12b : 2 : ittapi_config_apply_per_lib :  ITTAPI function NOT instrumented (not matched by --itt-config option): __itt_notify_sync_prepare

82153 : 0xd07f29aae57f : 2 : ittapi_config_apply_per_lib :  ITTAPI function NOT instrumented (not matched by --itt-config option): __itt_notify_sync_cancel

82153 : 0xd07f29aae9dc : 2 : ittapi_config_apply_per_lib :  ITTAPI function NOT instrumented (not matched by --itt-config option): __itt_notify_sync_acquired

82153 : 0xd07f29aaedf9 : 2 : ittapi_config_apply_per_lib :  ITTAPI function NOT instrumented (not matched by --itt-config option): __itt_notify_sync_releasing

82153 : 0xd07f29ab158f : 2 : ittapi_config_apply_per_lib :  ITTAPI function not implemented: __itt_memory_read
82153 : 0xd07f29ab1e08 : 2 : ittapi_config_apply_per_lib :  ITTAPI function not implemented: __itt_memory_write
82153 : 0xd07f29ab2617 : 2 : ittapi_config_apply_per_lib :  ITTAPI function not implemented: __itt_memory_update
82153 : 0xd07f29ab2e6e : 2 : ittapi_config_apply_per_lib :  ITTAPI function not implemented: __itt_state_get
82153 : 0xd07f29ab354a : 2 : ittapi_config_apply_per_lib :  ITTAPI function not implemented: __itt_state_set
82153 : 0xd07f29ab3bce : 2 : ittapi_config_apply_per_lib :  ITTAPI function not implemented: __itt_obj_mode_set
82153 : 0xd07f29ab4269 : 2 : ittapi_config_apply_per_lib :  ITTAPI function not implemented: __itt_thr_mode_set
82153 : 0xd07f29ab48cf : 2 : ittapi_config_apply_per_lib :  ITTAPI function instrumented: __itt_frame_create
82153 : 0xd07f29ab4ea7 : 2 : ittapi_config_apply_per_lib :  ITTAPI function instrumented: __itt_pt_region_create
82153 : 0xd07f29ab5548 : 2 : ittapi_config_apply_per_lib :  ITTAPI function instrumented: __itt_frame_begin
82153 : 0xd07f29ab6e64 : 2 : ittapi_config_apply_per_lib :  ITTAPI function instrumented: __itt_frame_end
82153 : 0xd07f29ab7618 : 2 : ittapi_config_apply_per_lib :  ITTAPI function not implemented: __itt_counter_destroy
82153 : 0xd07f29ab7cd7 : 2 : ittapi_config_apply_per_lib :  ITTAPI function instrumented: __itt_counter_inc
82153 : 0xd07f29ab82d8 : 2 : ittapi_config_apply_per_lib :  ITTAPI function instrumented: __itt_counter_inc_delta
82153 : 0xd07f29ab885d : 2 : ittapi_config_apply_per_lib :  ITTAPI function instrumented: __itt_counter_dec
82153 : 0xd07f29ab8e9f : 2 : ittapi_config_apply_per_lib :  ITTAPI function instrumented: __itt_counter_dec_delta
82153 : 0xd07f29ab940e : 2 : ittapi_config_apply_per_lib :  ITTAPI function instrumented: __itt_counter_set_value
82153 : 0xd07f29ab9af4 : 2 : ittapi_config_apply_per_lib :  ITTAPI function not implemented: __itt_counter_set_value_ex
82153 : 0xd07f29aba1e9 : 2 : ittapi_config_apply_per_lib :  ITTAPI function not implemented: __itt_mark_create
82153 : 0xd07f29aba979 : 2 : ittapi_config_apply_per_lib :  ITTAPI function not implemented: __itt_mark
82153 : 0xd07f29abc376 : 2 : ittapi_config_apply_per_lib :  ITTAPI function not implemented: __itt_mark_off
82153 : 0xd07f29abcb25 : 2 : ittapi_config_apply_per_lib :  ITTAPI function not implemented: __itt_mark_global
82153 : 0xd07f29abd2dd : 2 : ittapi_config_apply_per_lib :  ITTAPI function not implemented: __itt_mark_global_off
82153 : 0xd07f29abd8c0 : 2 : ittapi_config_apply_per_lib :  ITTAPI function NOT instrumented (not matched by --itt-config option): __itt_stack_caller_create

82153 : 0xd07f29abdd99 : 2 : ittapi_config_apply_per_lib :  ITTAPI function NOT instrumented (not matched by --itt-config option): __itt_stack_caller_destroy

82153 : 0xd07f29abe1c7 : 2 : ittapi_config_apply_per_lib :  ITTAPI function NOT instrumented (not matched by --itt-config option): __itt_stack_callee_enter

82153 : 0xd07f29abe613 : 2 : ittapi_config_apply_per_lib :  ITTAPI function NOT instrumented (not matched by --itt-config option): __itt_stack_callee_leave

82153 : 0xd07f29abecdc : 2 : ittapi_config_apply_per_lib :  ITTAPI function not implemented: __itt_clock_domain_create
82153 : 0xd07f29abf439 : 2 : ittapi_config_apply_per_lib :  ITTAPI function not implemented: __itt_clock_domain_reset
82153 : 0xd07f29abfb3d : 2 : ittapi_config_apply_per_lib :  ITTAPI function not implemented: __itt_id_create_ex
82153 : 0xd07f29ac24b9 : 2 : ittapi_config_apply_per_lib :  ITTAPI function not implemented: __itt_id_destroy_ex
82153 : 0xd07f29ac2c30 : 2 : ittapi_config_apply_per_lib :  ITTAPI function not implemented: __itt_task_begin_ex
82153 : 0xd07f29ac3298 : 2 : ittapi_config_apply_per_lib :  ITTAPI function not implemented: __itt_task_begin_fn_ex
82153 : 0xd07f29ac3966 : 2 : ittapi_config_apply_per_lib :  ITTAPI function not implemented: __itt_task_end_ex
82153 : 0xd07f29ac4018 : 2 : ittapi_config_apply_per_lib :  ITTAPI function instrumented: __itt_task_begin_overlapped
82153 : 0xd07f29ac46c1 : 2 : ittapi_config_apply_per_lib :  ITTAPI function not implemented: __itt_task_begin_overlapped_ex
82153 : 0xd07f29ac4d4e : 2 : ittapi_config_apply_per_lib :  ITTAPI function instrumented: __itt_task_end_overlapped
82153 : 0xd07f29ac5359 : 2 : ittapi_config_apply_per_lib :  ITTAPI function not implemented: __itt_task_end_overlapped_ex
82153 : 0xd07f29ac5a01 : 2 : ittapi_config_apply_per_lib :  ITTAPI function not implemented: __itt_marker_ex
82153 : 0xd07f29ac628d : 2 : ittapi_config_apply_per_lib :  ITTAPI function not implemented: __itt_metadata_add_with_scope
82153 : 0xd07f29ac7bca : 2 : ittapi_config_apply_per_lib :  ITTAPI function not implemented: __itt_metadata_str_add_with_scope
82153 : 0xd07f29ac834b : 2 : ittapi_config_apply_per_lib :  ITTAPI function not implemented: __itt_relation_add_to_current_ex
82153 : 0xd07f29ac8abc : 2 : ittapi_config_apply_per_lib :  ITTAPI function not implemented: __itt_relation_add_ex
82153 : 0xd07f29ac91f9 : 2 : ittapi_config_apply_per_lib :  ITTAPI function not implemented: __itt_track_group_create
82153 : 0xd07f29ac9859 : 2 : ittapi_config_apply_per_lib :  ITTAPI function not implemented: __itt_track_create
82153 : 0xd07f29ac9f14 : 2 : ittapi_config_apply_per_lib :  ITTAPI function not implemented: __itt_set_track
82153 : 0xd07f29aca555 : 2 : ittapi_config_apply_per_lib :  ITTAPI function instrumented: __itt_api_version
82153 : 0xd07f29acac04 : 2 : ittapi_config_apply_per_lib :  ITTAPI function not implemented: __itt_av_save
82153 : 0xd07f29acb23f : 2 : ittapi_config_apply_per_lib :  ITTAPI function instrumented: __itt_module_load
82153 : 0xd07f29acb8ae : 2 : ittapi_config_apply_per_lib :  ITTAPI function not implemented: __itt_module_unload
82153 : 0xd07f29accef2 : 2 : ittapi_config_apply_per_lib :  ITTAPI function NOT instrumented (not matched by --itt-config option): __itt_histogram_submit

82153 : 0xd07f2a156f19 : 2 : ittapi_config_mask_get :  --itt-config mask to be applied: 39
82153 : 0xd07f2a15877c : 2 : ittapi_config_apply_per_lib :  ITTAPI function instrumented: __itt_domain_create
82153 : 0xd07f2a159308 : 2 : ittapi_config_apply_per_lib :  ITTAPI function instrumented: __itt_module_load_with_sections
82153 : 0xd07f2a159e1d : 2 : ittapi_config_apply_per_lib :  ITTAPI function not implemented: __itt_module_unload_with_sections
82153 : 0xd07f2a15a9f7 : 2 : ittapi_config_apply_per_lib :  ITTAPI function instrumented: __itt_string_handle_create
82153 : 0xd07f2a15b1f1 : 2 : ittapi_config_apply_per_lib :  ITTAPI function instrumented: __itt_counter_create
82153 : 0xd07f2a15ba5b : 2 : ittapi_config_apply_per_lib :  ITTAPI function instrumented: __itt_counter_create_typed
82153 : 0xd07f2a15c1f6 : 2 : ittapi_config_apply_per_lib :  ITTAPI function instrumented: __itt_pause
82153 : 0xd07f2a15ca8e : 2 : ittapi_config_apply_per_lib :  ITTAPI function instrumented: __itt_resume
82153 : 0xd07f2a15fdd1 : 2 : ittapi_config_apply_per_lib :  ITTAPI function not implemented: __itt_pause_scoped
82153 : 0xd07f2a160798 : 2 : ittapi_config_apply_per_lib :  ITTAPI function not implemented: __itt_resume_scoped
82153 : 0xd07f2a161012 : 2 : ittapi_config_apply_per_lib :  ITTAPI function instrumented: __itt_thread_set_name
82153 : 0xd07f2a1617b9 : 2 : ittapi_config_apply_per_lib :  ITTAPI function instrumented: __itt_thread_ignore
82153 : 0xd07f2a161e21 : 2 : ittapi_config_apply_per_lib :  ITTAPI function instrumented: __itt_thr_name_set
82153 : 0xd07f2a162552 : 2 : ittapi_config_apply_per_lib :  ITTAPI function instrumented: __itt_thr_ignore
82153 : 0xd07f2a162c49 : 2 : ittapi_config_apply_per_lib :  ITTAPI function instrumented: __itt_histogram_create
82153 : 0xd07f2a163341 : 2 : ittapi_config_apply_per_lib :  ITTAPI function instrumented: __itt_counter_create_v3
82153 : 0xd07f2a163a69 : 2 : ittapi_config_apply_per_lib :  ITTAPI function instrumented: __itt_bind_context_metadata_to_counter
82153 : 0xd07f2a164309 : 2 : ittapi_config_apply_per_lib :  ITTAPI function not implemented: __itt_enable_attach
82153 : 0xd07f2a167f5b : 2 : ittapi_config_apply_per_lib :  ITTAPI function instrumented: __itt_detach
82153 : 0xd07f2a16865d : 2 : ittapi_config_apply_per_lib :  ITTAPI function NOT instrumented (not matched by --itt-config option): __itt_sync_create

82153 : 0xd07f2a168e53 : 2 : ittapi_config_apply_per_lib :  ITTAPI function NOT instrumented (not matched by --itt-config option): __itt_sync_rename

82153 : 0xd07f2a16939e : 2 : ittapi_config_apply_per_lib :  ITTAPI function NOT instrumented (not matched by --itt-config option): __itt_sync_destroy

82153 : 0xd07f2a169934 : 2 : ittapi_config_apply_per_lib :  ITTAPI function NOT instrumented (not matched by --itt-config option): __itt_sync_prepare

82153 : 0xd07f2a169e74 : 2 : ittapi_config_apply_per_lib :  ITTAPI function NOT instrumented (not matched by --itt-config option): __itt_sync_cancel

82153 : 0xd07f2a16a2ed : 2 : ittapi_config_apply_per_lib :  ITTAPI function NOT instrumented (not matched by --itt-config option): __itt_sync_acquired

82153 : 0xd07f2a16a7e7 : 2 : ittapi_config_apply_per_lib :  ITTAPI function NOT instrumented (not matched by --itt-config option): __itt_sync_releasing

82153 : 0xd07f2a16b0dc : 2 : ittapi_config_apply_per_lib :  ITTAPI function not implemented: __itt_suppress_push
82153 : 0xd07f2a16bac4 : 2 : ittapi_config_apply_per_lib :  ITTAPI function not implemented: __itt_suppress_pop
82153 : 0xd07f2a16d999 : 2 : ittapi_config_apply_per_lib :  ITTAPI function not implemented: __itt_suppress_mark_range
82153 : 0xd07f2a16e35e : 2 : ittapi_config_apply_per_lib :  ITTAPI function not implemented: __itt_suppress_clear_range
82153 : 0xd07f2a16e87b : 2 : ittapi_config_apply_per_lib :  ITTAPI function NOT instrumented (not matched by --itt-config option): __itt_sync_prepare

82153 : 0xd07f2a16ed0a : 2 : ittapi_config_apply_per_lib :  ITTAPI function NOT instrumented (not matched by --itt-config option): __itt_sync_cancel

82153 : 0xd07f2a16f15c : 2 : ittapi_config_apply_per_lib :  ITTAPI function NOT instrumented (not matched by --itt-config option): __itt_sync_acquired

82153 : 0xd07f2a16f5ea : 2 : ittapi_config_apply_per_lib :  ITTAPI function NOT instrumented (not matched by --itt-config option): __itt_sync_releasing

82153 : 0xd07f2a16fb9d : 2 : ittapi_config_apply_per_lib :  ITTAPI function NOT instrumented (not matched by --itt-config option): __itt_model_site_begin

82153 : 0xd07f2a1700fa : 2 : ittapi_config_apply_per_lib :  ITTAPI function NOT instrumented (not matched by --itt-config option): __itt_model_site_end

82153 : 0xd07f2a17063a : 2 : ittapi_config_apply_per_lib :  ITTAPI function NOT instrumented (not matched by --itt-config option): __itt_model_task_begin

82153 : 0xd07f2a170c88 : 2 : ittapi_config_apply_per_lib :  ITTAPI function NOT instrumented (not matched by --itt-config option): __itt_model_task_end

82153 : 0xd07f2a1727ed : 2 : ittapi_config_apply_per_lib :  ITTAPI function NOT instrumented (not matched by --itt-config option): __itt_model_lock_acquire

82153 : 0xd07f2a172f3a : 2 : ittapi_config_apply_per_lib :  ITTAPI function NOT instrumented (not matched by --itt-config option): __itt_model_lock_release

82153 : 0xd07f2a1734e8 : 2 : ittapi_config_apply_per_lib :  ITTAPI function NOT instrumented (not matched by --itt-config option): __itt_model_record_allocation

82153 : 0xd07f2a1739b3 : 2 : ittapi_config_apply_per_lib :  ITTAPI function NOT instrumented (not matched by --itt-config option): __itt_model_record_deallocation

82153 : 0xd07f2a173e30 : 2 : ittapi_config_apply_per_lib :  ITTAPI function NOT instrumented (not matched by --itt-config option): __itt_model_induction_uses

82153 : 0xd07f2a174276 : 2 : ittapi_config_apply_per_lib :  ITTAPI function NOT instrumented (not matched by --itt-config option): __itt_model_reduction_uses

82153 : 0xd07f2a17469e : 2 : ittapi_config_apply_per_lib :  ITTAPI function NOT instrumented (not matched by --itt-config option): __itt_model_observe_uses

82153 : 0xd07f2a174aa3 : 2 : ittapi_config_apply_per_lib :  ITTAPI function NOT instrumented (not matched by --itt-config option): __itt_model_clear_uses

82153 : 0xd07f2a174e94 : 2 : ittapi_config_apply_per_lib :  ITTAPI function NOT instrumented (not matched by --itt-config option): __itt_model_site_beginA

82153 : 0xd07f2a17528b : 2 : ittapi_config_apply_per_lib :  ITTAPI function NOT instrumented (not matched by --itt-config option): __itt_model_site_beginAL

82153 : 0xd07f2a177d11 : 2 : ittapi_config_apply_per_lib :  ITTAPI function NOT instrumented (not matched by --itt-config option): __itt_model_task_beginA

82153 : 0xd07f2a1781f8 : 2 : ittapi_config_apply_per_lib :  ITTAPI function NOT instrumented (not matched by --itt-config option): __itt_model_task_beginAL

82153 : 0xd07f2a178689 : 2 : ittapi_config_apply_per_lib :  ITTAPI function NOT instrumented (not matched by --itt-config option): __itt_model_iteration_taskA

82153 : 0xd07f2a178ac9 : 2 : ittapi_config_apply_per_lib :  ITTAPI function NOT instrumented (not matched by --itt-config option): __itt_model_iteration_taskAL

82153 : 0xd07f2a178ee9 : 2 : ittapi_config_apply_per_lib :  ITTAPI function NOT instrumented (not matched by --itt-config option): __itt_model_site_end_2

82153 : 0xd07f2a1792fa : 2 : ittapi_config_apply_per_lib :  ITTAPI function NOT instrumented (not matched by --itt-config option): __itt_model_task_end_2

82153 : 0xd07f2a179722 : 2 : ittapi_config_apply_per_lib :  ITTAPI function NOT instrumented (not matched by --itt-config option): __itt_model_lock_acquire_2

82153 : 0xd07f2a179b25 : 2 : ittapi_config_apply_per_lib :  ITTAPI function NOT instrumented (not matched by --itt-config option): __itt_model_lock_release_2

82153 : 0xd07f2a179f23 : 2 : ittapi_config_apply_per_lib :  ITTAPI function NOT instrumented (not matched by --itt-config option): __itt_model_aggregate_task

82153 : 0xd07f2a17a30e : 2 : ittapi_config_apply_per_lib :  ITTAPI function NOT instrumented (not matched by --itt-config option): __itt_model_disable_push

82153 : 0xd07f2a17bbdd : 2 : ittapi_config_apply_per_lib :  ITTAPI function NOT instrumented (not matched by --itt-config option): __itt_model_disable_pop

82153 : 0xd07f2a17c488 : 2 : ittapi_config_apply_per_lib :  ITTAPI function instrumented: __itt_heap_function_create
82153 : 0xd07f2a17cbdc : 2 : ittapi_config_apply_per_lib :  ITTAPI function instrumented: __itt_heap_allocate_begin
82153 : 0xd07f2a17d1c1 : 2 : ittapi_config_apply_per_lib :  ITTAPI function instrumented: __itt_heap_allocate_end
82153 : 0xd07f2a17d849 : 2 : ittapi_config_apply_per_lib :  ITTAPI function instrumented: __itt_heap_free_begin
82153 : 0xd07f2a17dea3 : 2 : ittapi_config_apply_per_lib :  ITTAPI function instrumented: __itt_heap_free_end
82153 : 0xd07f2a17e558 : 2 : ittapi_config_apply_per_lib :  ITTAPI function instrumented: __itt_heap_reallocate_begin
82153 : 0xd07f2a17eb7b : 2 : ittapi_config_apply_per_lib :  ITTAPI function instrumented: __itt_heap_reallocate_end
82153 : 0xd07f2a17f345 : 2 : ittapi_config_apply_per_lib :  ITTAPI function not implemented: __itt_heap_internal_access_begin
82153 : 0xd07f2a17fbc1 : 2 : ittapi_config_apply_per_lib :  ITTAPI function not implemented: __itt_heap_internal_access_end
82153 : 0xd07f2a181a0c : 2 : ittapi_config_apply_per_lib :  ITTAPI function not implemented: __itt_heap_record_memory_growth_begin
82153 : 0xd07f2a1822e1 : 2 : ittapi_config_apply_per_lib :  ITTAPI function not implemented: __itt_heap_record_memory_growth_end
82153 : 0xd07f2a182b41 : 2 : ittapi_config_apply_per_lib :  ITTAPI function not implemented: __itt_heap_reset_detection
82153 : 0xd07f2a183392 : 2 : ittapi_config_apply_per_lib :  ITTAPI function not implemented: __itt_heap_record
82153 : 0xd07f2a183b93 : 2 : ittapi_config_apply_per_lib :  ITTAPI function not implemented: __itt_id_create
82153 : 0xd07f2a184369 : 2 : ittapi_config_apply_per_lib :  ITTAPI function not implemented: __itt_id_destroy
82153 : 0xd07f2a184b49 : 2 : ittapi_config_apply_per_lib :  ITTAPI function instrumented: __itt_get_timestamp
82153 : 0xd07f2a1852b4 : 2 : ittapi_config_apply_per_lib :  ITTAPI function not implemented: __itt_region_begin
82153 : 0xd07f2a185ae1 : 2 : ittapi_config_apply_per_lib :  ITTAPI function not implemented: __itt_region_end
82153 : 0xd07f2a18626a : 2 : ittapi_config_apply_per_lib :  ITTAPI function instrumented: __itt_frame_begin_v3
82153 : 0xd07f2a188c56 : 2 : ittapi_config_apply_per_lib :  ITTAPI function instrumented: __itt_frame_end_v3
82153 : 0xd07f2a18943c : 2 : ittapi_config_apply_per_lib :  ITTAPI function instrumented: __itt_frame_submit_v3
82153 : 0xd07f2a189c5d : 2 : ittapi_config_apply_per_lib :  ITTAPI function not implemented: __itt_task_group
82153 : 0xd07f2a18a3a3 : 2 : ittapi_config_apply_per_lib :  ITTAPI function instrumented: __itt_task_begin
82153 : 0xd07f2a18ab6f : 2 : ittapi_config_apply_per_lib :  ITTAPI function instrumented: __itt_task_begin_fn
82153 : 0xd07f2a18b2f6 : 2 : ittapi_config_apply_per_lib :  ITTAPI function instrumented: __itt_task_end
82153 : 0xd07f2a18bb6a : 2 : ittapi_config_apply_per_lib :  ITTAPI function not implemented: __itt_counter_inc_v3
82153 : 0xd07f2a18c375 : 2 : ittapi_config_apply_per_lib :  ITTAPI function not implemented: __itt_counter_inc_delta_v3
82153 : 0xd07f2a18cb8e : 2 : ittapi_config_apply_per_lib :  ITTAPI function not implemented: __itt_counter_dec_v3
82153 : 0xd07f2a18d2d4 : 2 : ittapi_config_apply_per_lib :  ITTAPI function not implemented: __itt_counter_dec_delta_v3
82153 : 0xd07f2a18efb3 : 2 : ittapi_config_apply_per_lib :  ITTAPI function not implemented: __itt_marker
82153 : 0xd07f2a18f815 : 2 : ittapi_config_apply_per_lib :  ITTAPI function instrumented: __itt_metadata_add
82153 : 0xd07f2a190169 : 2 : ittapi_config_apply_per_lib :  ITTAPI function not implemented: __itt_metadata_str_add
82153 : 0xd07f2a190a22 : 2 : ittapi_config_apply_per_lib :  ITTAPI function not implemented: __itt_relation_add_to_current
82153 : 0xd07f2a1912e4 : 2 : ittapi_config_apply_per_lib :  ITTAPI function not implemented: __itt_relation_add
82153 : 0xd07f2a191a67 : 2 : ittapi_config_apply_per_lib :  ITTAPI function instrumented: __itt_event_create
82153 : 0xd07f2a1921d0 : 2 : ittapi_config_apply_per_lib :  ITTAPI function instrumented: __itt_event_start
82153 : 0xd07f2a1929e7 : 2 : ittapi_config_apply_per_lib :  ITTAPI function instrumented: __itt_event_end
82153 : 0xd07f2a192f54 : 2 : ittapi_config_apply_per_lib :  ITTAPI function NOT instrumented (not matched by --itt-config option): __itt_sync_set_name

82153 : 0xd07f2a19353b : 2 : ittapi_config_apply_per_lib :  ITTAPI function NOT instrumented (not matched by --itt-config option): __itt_notify_sync_name

82153 : 0xd07f2a194f2c : 2 : ittapi_config_apply_per_lib :  ITTAPI function NOT instrumented (not matched by --itt-config option): __itt_notify_sync_prepare

82153 : 0xd07f2a195500 : 2 : ittapi_config_apply_per_lib :  ITTAPI function NOT instrumented (not matched by --itt-config option): __itt_notify_sync_cancel

82153 : 0xd07f2a195a9c : 2 : ittapi_config_apply_per_lib :  ITTAPI function NOT instrumented (not matched by --itt-config option): __itt_notify_sync_acquired

82153 : 0xd07f2a195fdb : 2 : ittapi_config_apply_per_lib :  ITTAPI function NOT instrumented (not matched by --itt-config option): __itt_notify_sync_releasing

82153 : 0xd07f2a19684b : 2 : ittapi_config_apply_per_lib :  ITTAPI function not implemented: __itt_memory_read
82153 : 0xd07f2a1970cb : 2 : ittapi_config_apply_per_lib :  ITTAPI function not implemented: __itt_memory_write
82153 : 0xd07f2a197be0 : 2 : ittapi_config_apply_per_lib :  ITTAPI function not implemented: __itt_memory_update
82153 : 0xd07f2a198653 : 2 : ittapi_config_apply_per_lib :  ITTAPI function not implemented: __itt_state_get
82153 : 0xd07f2a19bdc9 : 2 : ittapi_config_apply_per_lib :  ITTAPI function not implemented: __itt_state_set
82153 : 0xd07f2a19c828 : 2 : ittapi_config_apply_per_lib :  ITTAPI function not implemented: __itt_obj_mode_set
82153 : 0xd07f2a1a01f5 : 2 : ittapi_config_apply_per_lib :  ITTAPI function not implemented: __itt_thr_mode_set
82153 : 0xd07f2a1a09d9 : 2 : ittapi_config_apply_per_lib :  ITTAPI function instrumented: __itt_frame_create
82153 : 0xd07f2a1a10cb : 2 : ittapi_config_apply_per_lib :  ITTAPI function instrumented: __itt_pt_region_create
82153 : 0xd07f2a1a1848 : 2 : ittapi_config_apply_per_lib :  ITTAPI function instrumented: __itt_frame_begin
82153 : 0xd07f2a1a1f39 : 2 : ittapi_config_apply_per_lib :  ITTAPI function instrumented: __itt_frame_end
82153 : 0xd07f2a1a278d : 2 : ittapi_config_apply_per_lib :  ITTAPI function not implemented: __itt_counter_destroy
82153 : 0xd07f2a1a2f5d : 2 : ittapi_config_apply_per_lib :  ITTAPI function instrumented: __itt_counter_inc
82153 : 0xd07f2a1a360f : 2 : ittapi_config_apply_per_lib :  ITTAPI function instrumented: __itt_counter_inc_delta
82153 : 0xd07f2a1a3cbe : 2 : ittapi_config_apply_per_lib :  ITTAPI function instrumented: __itt_counter_dec
82153 : 0xd07f2a1a4363 : 2 : ittapi_config_apply_per_lib :  ITTAPI function instrumented: __itt_counter_dec_delta
82153 : 0xd07f2a1a5fa4 : 2 : ittapi_config_apply_per_lib :  ITTAPI function instrumented: __itt_counter_set_value
82153 : 0xd07f2a1a68b0 : 2 : ittapi_config_apply_per_lib :  ITTAPI function not implemented: __itt_counter_set_value_ex
82153 : 0xd07f2a1a70cb : 2 : ittapi_config_apply_per_lib :  ITTAPI function not implemented: __itt_mark_create
82153 : 0xd07f2a1a7993 : 2 : ittapi_config_apply_per_lib :  ITTAPI function not implemented: __itt_mark
82153 : 0xd07f2a1a8219 : 2 : ittapi_config_apply_per_lib :  ITTAPI function not implemented: __itt_mark_off
82153 : 0xd07f2a1a8a46 : 2 : ittapi_config_apply_per_lib :  ITTAPI function not implemented: __itt_mark_global
82153 : 0xd07f2a1a924d : 2 : ittapi_config_apply_per_lib :  ITTAPI function not implemented: __itt_mark_global_off
82153 : 0xd07f2a1a9878 : 2 : ittapi_config_apply_per_lib :  ITTAPI function NOT instrumented (not matched by --itt-config option): __itt_stack_caller_create

82153 : 0xd07f2a1a9d85 : 2 : ittapi_config_apply_per_lib :  ITTAPI function NOT instrumented (not matched by --itt-config option): __itt_stack_caller_destroy

82153 : 0xd07f2a1aa283 : 2 : ittapi_config_apply_per_lib :  ITTAPI function NOT instrumented (not matched by --itt-config option): __itt_stack_callee_enter

82153 : 0xd07f2a1abc7a : 2 : ittapi_config_apply_per_lib :  ITTAPI function NOT instrumented (not matched by --itt-config option): __itt_stack_callee_leave

82153 : 0xd07f2a1ac508 : 2 : ittapi_config_apply_per_lib :  ITTAPI function not implemented: __itt_clock_domain_create
82153 : 0xd07f2a1acd33 : 2 : ittapi_config_apply_per_lib :  ITTAPI function not implemented: __itt_clock_domain_reset
82153 : 0xd07f2a1ad533 : 2 : ittapi_config_apply_per_lib :  ITTAPI function not implemented: __itt_id_create_ex
82153 : 0xd07f2a1addb5 : 2 : ittapi_config_apply_per_lib :  ITTAPI function not implemented: __itt_id_destroy_ex
82153 : 0xd07f2a1ae585 : 2 : ittapi_config_apply_per_lib :  ITTAPI function not implemented: __itt_task_begin_ex
82153 : 0xd07f2a1aed43 : 2 : ittapi_config_apply_per_lib :  ITTAPI function not implemented: __itt_task_begin_fn_ex
82153 : 0xd07f2a1af4c0 : 2 : ittapi_config_apply_per_lib :  ITTAPI function not implemented: __itt_task_end_ex
82153 : 0xd07f2a1afc53 : 2 : ittapi_config_apply_per_lib :  ITTAPI function instrumented: __itt_task_begin_overlapped
82153 : 0xd07f2a1b03d6 : 2 : ittapi_config_apply_per_lib :  ITTAPI function not implemented: __itt_task_begin_overlapped_ex
82153 : 0xd07f2a1b213b : 2 : ittapi_config_apply_per_lib :  ITTAPI function instrumented: __itt_task_end_overlapped
82153 : 0xd07f2a1b2933 : 2 : ittapi_config_apply_per_lib :  ITTAPI function not implemented: __itt_task_end_overlapped_ex
82153 : 0xd07f2a1b3122 : 2 : ittapi_config_apply_per_lib :  ITTAPI function not implemented: __itt_marker_ex
82153 : 0xd07f2a1b39bc : 2 : ittapi_config_apply_per_lib :  ITTAPI function not implemented: __itt_metadata_add_with_scope
82153 : 0xd07f2a1b41a4 : 2 : ittapi_config_apply_per_lib :  ITTAPI function not implemented: __itt_metadata_str_add_with_scope
82153 : 0xd07f2a1b499b : 2 : ittapi_config_apply_per_lib :  ITTAPI function not implemented: __itt_relation_add_to_current_ex
82153 : 0xd07f2a1b50d3 : 2 : ittapi_config_apply_per_lib :  ITTAPI function not implemented: __itt_relation_add_ex
82153 : 0xd07f2a1b586c : 2 : ittapi_config_apply_per_lib :  ITTAPI function not implemented: __itt_track_group_create
82153 : 0xd07f2a1b5f8c : 2 : ittapi_config_apply_per_lib :  ITTAPI function not implemented: __itt_track_create
82153 : 0xd07f2a1b6771 : 2 : ittapi_config_apply_per_lib :  ITTAPI function not implemented: __itt_set_track
82153 : 0xd07f2a1b8f7d : 2 : ittapi_config_apply_per_lib :  ITTAPI function instrumented: __itt_api_version
82153 : 0xd07f2a1b9817 : 2 : ittapi_config_apply_per_lib :  ITTAPI function not implemented: __itt_av_save
82153 : 0xd07f2a1b9f7a : 2 : ittapi_config_apply_per_lib :  ITTAPI function instrumented: __itt_module_load
82153 : 0xd07f2a1ba7a5 : 2 : ittapi_config_apply_per_lib :  ITTAPI function not implemented: __itt_module_unload
82153 : 0xd07f2a1bacde : 2 : ittapi_config_apply_per_lib :  ITTAPI function NOT instrumented (not matched by --itt-config option): __itt_histogram_submit

82153 : 0xd07f2a1bb33a : 2 : ittapi_config_apply_per_lib :  ITTAPI function instrumented: __itt_counter_set_value_v3