threads_spec: cpu
Using CPUID GenuineIntel-6-B7-1
DEBUGINFOD_URLS=
Compression enabled, disabling build id collection at the end of the session.
nr_threads: 20
thread_masks[0]: 0x6336d32dea40: maps mask[20]: 0
thread_masks[0]: 0x6336d32dea50: affinity mask[20]: 0
thread_masks[1]: 0x6336d32dea60: maps mask[20]: 1
thread_masks[1]: 0x6336d32dea70: affinity mask[20]: 1
thread_masks[2]: 0x6336d32dea80: maps mask[20]: 2
thread_masks[2]: 0x6336d32dea90: affinity mask[20]: 2
thread_masks[3]: 0x6336d32deaa0: maps mask[20]: 3
thread_masks[3]: 0x6336d32deab0: affinity mask[20]: 3
thread_masks[4]: 0x6336d32deac0: maps mask[20]: 4
thread_masks[4]: 0x6336d32dead0: affinity mask[20]: 4
thread_masks[5]: 0x6336d32deae0: maps mask[20]: 5
thread_masks[5]: 0x6336d32deaf0: affinity mask[20]: 5
thread_masks[6]: 0x6336d32deb00: maps mask[20]: 6
thread_masks[6]: 0x6336d32deb10: affinity mask[20]: 6
thread_masks[7]: 0x6336d32deb20: maps mask[20]: 7
thread_masks[7]: 0x6336d32deb30: affinity mask[20]: 7
thread_masks[8]: 0x6336d32deb40: maps mask[20]: 8
thread_masks[8]: 0x6336d32deb50: affinity mask[20]: 8
thread_masks[9]: 0x6336d32deb60: maps mask[20]: 9
thread_masks[9]: 0x6336d32deb70: affinity mask[20]: 9
thread_masks[10]: 0x6336d32deb80: maps mask[20]: 10
thread_masks[10]: 0x6336d32deb90: affinity mask[20]: 10
thread_masks[11]: 0x6336d32deba0: maps mask[20]: 11
thread_masks[11]: 0x6336d32debb0: affinity mask[20]: 11
thread_masks[12]: 0x6336d32debc0: maps mask[20]: 12
thread_masks[12]: 0x6336d32debd0: affinity mask[20]: 12
thread_masks[13]: 0x6336d32debe0: maps mask[20]: 13
thread_masks[13]: 0x6336d32debf0: affinity mask[20]: 13
thread_masks[14]: 0x6336d32dec00: maps mask[20]: 14
thread_masks[14]: 0x6336d32dec10: affinity mask[20]: 14
thread_masks[15]: 0x6336d32dec20: maps mask[20]: 15
thread_masks[15]: 0x6336d32dec30: affinity mask[20]: 15
thread_masks[16]: 0x6336d32dec40: maps mask[20]: 16
thread_masks[16]: 0x6336d32dec50: affinity mask[20]: 16
thread_masks[17]: 0x6336d32dec60: maps mask[20]: 17
thread_masks[17]: 0x6336d32dec70: affinity mask[20]: 17
thread_masks[18]: 0x6336d32dec80: maps mask[20]: 18
thread_masks[18]: 0x6336d32dec90: affinity mask[20]: 18
thread_masks[19]: 0x6336d32deca0: maps mask[20]: 19
thread_masks[19]: 0x6336d32decb0: affinity mask[20]: 19
nr_cblocks: 0
affinity: SYS
mmap flush: 1
comp level: 1
Problems creating module maps, continuing anyway...
WARNING: Kernel address maps (/proc/{kallsyms,modules}) are restricted,
check /proc/sys/kernel/kptr_restrict and /proc/sys/kernel/perf_event_paranoid.

Samples in kernel functions may not be resolved if a suitable vmlinux
file is not found in the buildid cache or in the vmlinux path.

Samples in kernel modules won't be resolved at all.

If some relocation was applied (e.g. kexec) symbols may be misresolved
even with a suitable vmlinux or kallsyms file.

mmap size 528384B
Couldn't record kernel reference relocation symbol
Symbol resolution may be skewed if relocation was used (e.g. kexec).
Check /proc/kallsyms permission or run as root.
couldn't open /proc/1/task/1/maps
couldn't open /proc/452/task/452/maps
couldn't open /proc/486/task/486/maps
couldn't open /proc/760/task/760/maps
couldn't open /proc/820/task/820/maps
couldn't open /proc/821/task/821/maps
couldn't open /proc/822/task/822/maps
couldn't open /proc/823/task/823/maps
couldn't open /proc/824/task/824/maps
couldn't open /proc/826/task/826/maps
couldn't open /proc/827/task/827/maps
couldn't open /proc/828/task/828/maps
couldn't open /proc/830/task/830/maps
couldn't open /proc/833/task/833/maps
couldn't open /proc/837/task/837/maps
couldn't open /proc/839/task/839/maps
couldn't open /proc/841/task/841/maps
couldn't open /proc/846/task/846/maps
couldn't open /proc/852/task/852/maps
couldn't open /proc/854/task/854/maps
couldn't open /proc/860/task/860/maps
couldn't open /proc/862/task/862/maps
couldn't open /proc/867/task/867/maps
couldn't open /proc/876/task/876/maps
couldn't open /proc/901/task/901/maps
couldn't open /proc/941/task/941/maps
couldn't open /proc/975/task/975/maps
couldn't open /proc/1000/task/1000/maps
couldn't open /proc/1016/task/1016/maps
couldn't open /proc/1018/task/1018/maps
couldn't open /proc/1094/task/1094/maps
couldn't open /proc/1395/task/1395/maps
couldn't open /proc/1435/task/1435/maps
couldn't open /proc/1737/task/1737/maps
couldn't open /proc/1738/task/1738/maps
couldn't open /proc/1813/task/1813/maps
couldn't open /proc/1947/task/1947/maps
couldn't open /proc/2054/task/2054/maps
couldn't open /proc/2147/task/2147/maps
couldn't open /proc/2261/task/2261/maps
couldn't open /proc/2293/task/2293/maps
couldn't open /proc/2637/task/2637/maps
couldn't open /proc/2719/task/2719/maps
couldn't open /proc/3040/task/3040/maps
couldn't open /proc/3296/task/3296/maps
couldn't open /proc/8135/task/8135/maps
couldn't open /proc/8136/task/8136/maps
couldn't open /proc/8137/task/8137/maps
couldn't open /proc/8145/task/8145/maps
couldn't open /proc/8146/task/8146/maps
couldn't open /proc/8154/task/8154/maps
couldn't open /proc/8155/task/8155/maps
couldn't open /proc/8158/task/8158/maps
couldn't open /proc/8159/task/8159/maps
couldn't open /proc/15901/task/15901/maps
couldn't open /proc/28585/task/28585/maps
couldn't open /proc/49441/task/49441/maps
couldn't open /proc/49444/task/49444/maps
couldn't open /proc/67915/task/67915/maps
couldn't open /proc/67927/task/67927/maps
threads[72085]: started on cpu1
threads[72086]: started on cpu2
threads[72087]: started on cpu3
threads[72088]: started on cpu4
threads[72089]: started on cpu5
threads[72090]: started on cpu6
threads[72091]: started on cpu7
threads[72092]: started on cpu8
threads[72093]: started on cpu9
threads[72094]: started on cpu10
threads[72095]: started on cpu11
threads[72096]: started on cpu12
threads[72097]: started on cpu13
threads[72098]: started on cpu14
threads[72099]: started on cpu15
threads[72100]: started on cpu16
threads[72101]: started on cpu17
threads[72102]: started on cpu18
threads[72103]: started on cpu19
threads[72083]: started on cpu0

72084:perf-sync:ready:TSC=227694263498739
[ perf record: Woken up 1 times to write data ]
threads[72083]: samples=1, wakes=1, transferred=4848, compressed=1113
threads[72085]: samples=1, wakes=2, transferred=3744, compressed=457
threads[72086]: samples=1, wakes=2, transferred=5024, compressed=876
threads[72087]: samples=1, wakes=2, transferred=10480, compressed=1302
threads[72088]: samples=3, wakes=2, transferred=4056, compressed=1026
threads[72089]: samples=0, wakes=2, written=0
threads[72090]: samples=1, wakes=2, transferred=4256, compressed=646
threads[72091]: samples=0, wakes=2, written=0
threads[72092]: samples=3, wakes=2, transferred=21616, compressed=2892
threads[72093]: samples=0, wakes=2, written=0
threads[72094]: samples=1, wakes=2, transferred=112, compressed=93
threads[72095]: samples=1, wakes=2, transferred=9192, compressed=1241
threads[72096]: samples=1, wakes=2, transferred=5136, compressed=784
threads[72097]: samples=1, wakes=2, transferred=2160, compressed=633
threads[72098]: samples=1, wakes=2, transferred=6096, compressed=867
threads[72099]: samples=3, wakes=2, transferred=5824, compressed=987
threads[72100]: samples=1, wakes=2, transferred=1040, compressed=282
threads[72101]: samples=1, wakes=2, transferred=20984, compressed=3565
threads[72102]: samples=1, wakes=2, transferred=2640, compressed=470
threads[72103]: samples=1, wakes=2, transferred=11744, compressed=2127
failed to write feature CPU_PMU_CAPS
[ perf record: Captured and wrote 8.543 MB /home/jagtym/Programming/ProgRowProj1/vtune/ue_k2/data.0/system-wide.perf, compressed (original 0.113 MB, ratio is 6.144) ]
