threads_spec: cpu
Using CPUID GenuineIntel-6-B7-1
DEBUGINFOD_URLS=
Compression enabled, disabling build id collection at the end of the session.
nr_threads: 20
thread_masks[0]: 0x576ef300ba40: maps mask[20]: 0
thread_masks[0]: 0x576ef300ba50: affinity mask[20]: 0
thread_masks[1]: 0x576ef300ba60: maps mask[20]: 1
thread_masks[1]: 0x576ef300ba70: affinity mask[20]: 1
thread_masks[2]: 0x576ef300ba80: maps mask[20]: 2
thread_masks[2]: 0x576ef300ba90: affinity mask[20]: 2
thread_masks[3]: 0x576ef300baa0: maps mask[20]: 3
thread_masks[3]: 0x576ef300bab0: affinity mask[20]: 3
thread_masks[4]: 0x576ef300bac0: maps mask[20]: 4
thread_masks[4]: 0x576ef300bad0: affinity mask[20]: 4
thread_masks[5]: 0x576ef300bae0: maps mask[20]: 5
thread_masks[5]: 0x576ef300baf0: affinity mask[20]: 5
thread_masks[6]: 0x576ef300bb00: maps mask[20]: 6
thread_masks[6]: 0x576ef300bb10: affinity mask[20]: 6
thread_masks[7]: 0x576ef300bb20: maps mask[20]: 7
thread_masks[7]: 0x576ef300bb30: affinity mask[20]: 7
thread_masks[8]: 0x576ef300bb40: maps mask[20]: 8
thread_masks[8]: 0x576ef300bb50: affinity mask[20]: 8
thread_masks[9]: 0x576ef300bb60: maps mask[20]: 9
thread_masks[9]: 0x576ef300bb70: affinity mask[20]: 9
thread_masks[10]: 0x576ef300bb80: maps mask[20]: 10
thread_masks[10]: 0x576ef300bb90: affinity mask[20]: 10
thread_masks[11]: 0x576ef300bba0: maps mask[20]: 11
thread_masks[11]: 0x576ef300bbb0: affinity mask[20]: 11
thread_masks[12]: 0x576ef300bbc0: maps mask[20]: 12
thread_masks[12]: 0x576ef300bbd0: affinity mask[20]: 12
thread_masks[13]: 0x576ef300bbe0: maps mask[20]: 13
thread_masks[13]: 0x576ef300bbf0: affinity mask[20]: 13
thread_masks[14]: 0x576ef300bc00: maps mask[20]: 14
thread_masks[14]: 0x576ef300bc10: affinity mask[20]: 14
thread_masks[15]: 0x576ef300bc20: maps mask[20]: 15
thread_masks[15]: 0x576ef300bc30: affinity mask[20]: 15
thread_masks[16]: 0x576ef300bc40: maps mask[20]: 16
thread_masks[16]: 0x576ef300bc50: affinity mask[20]: 16
thread_masks[17]: 0x576ef300bc60: maps mask[20]: 17
thread_masks[17]: 0x576ef300bc70: affinity mask[20]: 17
thread_masks[18]: 0x576ef300bc80: maps mask[20]: 18
thread_masks[18]: 0x576ef300bc90: affinity mask[20]: 18
thread_masks[19]: 0x576ef300bca0: maps mask[20]: 19
thread_masks[19]: 0x576ef300bcb0: affinity mask[20]: 19
nr_cblocks: 0
affinity: SYS
mmap flush: 1
comp level: 1
Problems creating module maps, continuing anyway...
WARNING: Kernel address maps (/proc/{kallsyms,modules}) are restricted,
check /proc/sys/kernel/kptr_restrict and /proc/sys/kernel/perf_event_paranoid.

Samples in kernel functions may not be resolved if a suitable vmlinux
file is not found in the buildid cache or in the vmlinux path.

Samples in kernel modules won't be resolved at all.

If some relocation was applied (e.g. kexec) symbols may be misresolved
even with a suitable vmlinux or kallsyms file.

mmap size 528384B
Couldn't record kernel reference relocation symbol
Symbol resolution may be skewed if relocation was used (e.g. kexec).
Check /proc/kallsyms permission or run as root.
couldn't open /proc/1/task/1/maps
couldn't open /proc/452/task/452/maps
couldn't open /proc/486/task/486/maps
couldn't open /proc/760/task/760/maps
couldn't open /proc/820/task/820/maps
couldn't open /proc/821/task/821/maps
couldn't open /proc/822/task/822/maps
couldn't open /proc/823/task/823/maps
couldn't open /proc/824/task/824/maps
couldn't open /proc/826/task/826/maps
couldn't open /proc/827/task/827/maps
couldn't open /proc/828/task/828/maps
couldn't open /proc/830/task/830/maps
couldn't open /proc/833/task/833/maps
couldn't open /proc/837/task/837/maps
couldn't open /proc/839/task/839/maps
couldn't open /proc/841/task/841/maps
couldn't open /proc/846/task/846/maps
couldn't open /proc/852/task/852/maps
couldn't open /proc/854/task/854/maps
couldn't open /proc/860/task/860/maps
couldn't open /proc/862/task/862/maps
couldn't open /proc/867/task/867/maps
couldn't open /proc/876/task/876/maps
couldn't open /proc/901/task/901/maps
couldn't open /proc/941/task/941/maps
couldn't open /proc/975/task/975/maps
couldn't open /proc/1000/task/1000/maps
couldn't open /proc/1016/task/1016/maps
couldn't open /proc/1018/task/1018/maps
couldn't open /proc/1094/task/1094/maps
couldn't open /proc/1395/task/1395/maps
couldn't open /proc/1435/task/1435/maps
couldn't open /proc/1737/task/1737/maps
couldn't open /proc/1738/task/1738/maps
couldn't open /proc/1813/task/1813/maps
couldn't open /proc/1947/task/1947/maps
couldn't open /proc/2054/task/2054/maps
couldn't open /proc/2147/task/2147/maps
couldn't open /proc/2261/task/2261/maps
couldn't open /proc/2293/task/2293/maps
couldn't open /proc/2637/task/2637/maps
couldn't open /proc/2719/task/2719/maps
couldn't open /proc/3040/task/3040/maps
couldn't open /proc/3296/task/3296/maps
couldn't open /proc/8135/task/8135/maps
couldn't open /proc/8136/task/8136/maps
couldn't open /proc/8137/task/8137/maps
couldn't open /proc/8145/task/8145/maps
couldn't open /proc/8146/task/8146/maps
couldn't open /proc/8154/task/8154/maps
couldn't open /proc/8155/task/8155/maps
couldn't open /proc/8158/task/8158/maps
couldn't open /proc/8159/task/8159/maps
couldn't open /proc/15901/task/15901/maps
couldn't open /proc/28585/task/28585/maps
couldn't open /proc/49441/task/49441/maps
couldn't open /proc/49444/task/49444/maps
couldn't open /proc/67915/task/67915/maps
couldn't open /proc/67927/task/67927/maps
threads[80613]: started on cpu1
threads[80614]: started on cpu2
threads[80615]: started on cpu3
threads[80616]: started on cpu4
threads[80617]: started on cpu5
threads[80618]: started on cpu6
threads[80619]: started on cpu7
threads[80620]: started on cpu8
threads[80621]: started on cpu9
threads[80622]: started on cpu10
threads[80623]: started on cpu11
threads[80624]: started on cpu12
threads[80625]: started on cpu13
threads[80626]: started on cpu14
threads[80627]: started on cpu15
threads[80628]: started on cpu16
threads[80629]: started on cpu17
threads[80630]: started on cpu18
threads[80631]: started on cpu19
threads[80611]: started on cpu0

80612:perf-sync:ready:TSC=229071852999003
[ perf record: Woken up 116 times to write data ]
threads[80611]: samples=25, wakes=10, transferred=2459136, compressed=244090
threads[80613]: samples=13, wakes=7, transferred=1320432, compressed=133070
threads[80614]: samples=28, wakes=12, transferred=2628648, compressed=267674
threads[80615]: samples=26, wakes=12, transferred=2837616, compressed=278561
threads[80616]: samples=23, wakes=11, transferred=2527296, compressed=256340
threads[80617]: samples=27, wakes=12, transferred=2623424, compressed=256688
threads[80618]: samples=23, wakes=11, transferred=2542800, compressed=252405
threads[80619]: samples=19, wakes=9, transferred=1839664, compressed=188558
threads[80620]: samples=28, wakes=13, transferred=2885328, compressed=289276
threads[80621]: samples=27, wakes=12, transferred=2623984, compressed=260181
threads[80622]: samples=18, wakes=9, transferred=1838992, compressed=181093
threads[80623]: samples=18, wakes=9, transferred=1837296, compressed=184244
threads[80624]: samples=13, wakes=6, transferred=1209048, compressed=145335
threads[80625]: samples=11, wakes=6, transferred=1053680, compressed=125308
threads[80626]: samples=1, wakes=2, transferred=205216, compressed=31006
threads[80627]: samples=1, wakes=2, transferred=165472, compressed=26088
threads[80628]: samples=9, wakes=5, transferred=806248, compressed=94543
threads[80629]: samples=1, wakes=2, transferred=180608, compressed=24473
threads[80630]: samples=3, wakes=2, transferred=200624, compressed=26256
threads[80631]: samples=1, wakes=2, transferred=109136, compressed=17754
failed to write feature CPU_PMU_CAPS
[ perf record: Captured and wrote 11.622 MB /home/jagtym/Programming/ProgRowProj1/vtune/ue_k2/data.0/system-wide.perf, compressed (original 30.417 MB, ratio is 9.715) ]
