
72105 : 0xcf1634be4819 : 1 : spill_jit_data :  Jit agent is not initialized
72075 : 0xcf1634beaace : 2 : ittapi_config_mask_get :  --itt-config mask to be applied: 39
72075 : 0xcf1634bee1c5 : 2 : ittapi_config_apply_per_lib :  ITTAPI function instrumented: __itt_domain_create
72075 : 0xcf1634bef5bd : 2 : ittapi_config_apply_per_lib :  ITTAPI function instrumented: __itt_module_load_with_sections
72075 : 0xcf1634bf0a29 : 2 : ittapi_config_apply_per_lib :  ITTAPI function not implemented: __itt_module_unload_with_sections
72075 : 0xcf1634bf163f : 2 : ittapi_config_apply_per_lib :  ITTAPI function instrumented: __itt_string_handle_create
72075 : 0xcf1634bf1df8 : 2 : ittapi_config_apply_per_lib :  ITTAPI function instrumented: __itt_counter_create
72075 : 0xcf1634bf25b6 : 2 : ittapi_config_apply_per_lib :  ITTAPI function instrumented: __itt_counter_create_typed
72075 : 0xcf1634bf2d3f : 2 : ittapi_config_apply_per_lib :  ITTAPI function instrumented: __itt_pause
72075 : 0xcf1634bf35d3 : 2 : ittapi_config_apply_per_lib :  ITTAPI function instrumented: __itt_resume
72075 : 0xcf1634bfebfe : 2 : ittapi_config_apply_per_lib :  ITTAPI function instrumented: __itt_thread_set_name
72075 : 0xcf1634bff959 : 2 : ittapi_config_apply_per_lib :  ITTAPI function instrumented: __itt_thread_ignore
72075 : 0xcf1634c001a1 : 2 : ittapi_config_apply_per_lib :  ITTAPI function instrumented: __itt_thr_name_set
72075 : 0xcf1634c00a90 : 2 : ittapi_config_apply_per_lib :  ITTAPI function instrumented: __itt_thr_ignore
72075 : 0xcf1634c012fa : 2 : ittapi_config_apply_per_lib :  ITTAPI function instrumented: __itt_histogram_create
72075 : 0xcf1634c02115 : 2 : ittapi_config_apply_per_lib :  ITTAPI function not implemented: __itt_enable_attach
72075 : 0xcf1634c02a67 : 2 : ittapi_config_apply_per_lib :  ITTAPI function instrumented: __itt_detach
72075 : 0xcf1634c030f6 : 2 : ittapi_config_apply_per_lib :  ITTAPI function NOT instrumented (not matched by --itt-config option): __itt_sync_create

72075 : 0xcf1634c03897 : 2 : ittapi_config_apply_per_lib :  ITTAPI function NOT instrumented (not matched by --itt-config option): __itt_sync_rename

72075 : 0xcf1634c03ef7 : 2 : ittapi_config_apply_per_lib :  ITTAPI function NOT instrumented (not matched by --itt-config option): __itt_sync_destroy

72075 : 0xcf1634c075d0 : 2 : ittapi_config_apply_per_lib :  ITTAPI function NOT instrumented (not matched by --itt-config option): __itt_sync_prepare

72075 : 0xcf1634c07ecf : 2 : ittapi_config_apply_per_lib :  ITTAPI function NOT instrumented (not matched by --itt-config option): __itt_sync_cancel

72075 : 0xcf1634c084bc : 2 : ittapi_config_apply_per_lib :  ITTAPI function NOT instrumented (not matched by --itt-config option): __itt_sync_acquired

72075 : 0xcf1634c08ad1 : 2 : ittapi_config_apply_per_lib :  ITTAPI function NOT instrumented (not matched by --itt-config option): __itt_sync_releasing

72075 : 0xcf1634c09a09 : 2 : ittapi_config_apply_per_lib :  ITTAPI function not implemented: __itt_suppress_push
72075 : 0xcf1634c0a718 : 2 : ittapi_config_apply_per_lib :  ITTAPI function not implemented: __itt_suppress_pop
72075 : 0xcf1634c0b0f6 : 2 : ittapi_config_apply_per_lib :  ITTAPI function not implemented: __itt_suppress_mark_range
72075 : 0xcf1634c0bb73 : 2 : ittapi_config_apply_per_lib :  ITTAPI function not implemented: __itt_suppress_clear_range
72075 : 0xcf1634c0c123 : 2 : ittapi_config_apply_per_lib :  ITTAPI function NOT instrumented (not matched by --itt-config option): __itt_sync_prepare

72075 : 0xcf1634c0c74d : 2 : ittapi_config_apply_per_lib :  ITTAPI function NOT instrumented (not matched by --itt-config option): __itt_sync_cancel

72075 : 0xcf1634c0f01e : 2 : ittapi_config_apply_per_lib :  ITTAPI function NOT instrumented (not matched by --itt-config option): __itt_sync_acquired

72075 : 0xcf1634c0f7fa : 2 : ittapi_config_apply_per_lib :  ITTAPI function NOT instrumented (not matched by --itt-config option): __itt_sync_releasing

72075 : 0xcf1634c0feb7 : 2 : ittapi_config_apply_per_lib :  ITTAPI function NOT instrumented (not matched by --itt-config option): __itt_model_site_begin

72075 : 0xcf1634c10541 : 2 : ittapi_config_apply_per_lib :  ITTAPI function NOT instrumented (not matched by --itt-config option): __itt_model_site_end

72075 : 0xcf1634c10bf6 : 2 : ittapi_config_apply_per_lib :  ITTAPI function NOT instrumented (not matched by --itt-config option): __itt_model_task_begin

72075 : 0xcf1634c112dd : 2 : ittapi_config_apply_per_lib :  ITTAPI function NOT instrumented (not matched by --itt-config option): __itt_model_task_end

72075 : 0xcf1634c119a2 : 2 : ittapi_config_apply_per_lib :  ITTAPI function NOT instrumented (not matched by --itt-config option): __itt_model_lock_acquire

72075 : 0xcf1634c12098 : 2 : ittapi_config_apply_per_lib :  ITTAPI function NOT instrumented (not matched by --itt-config option): __itt_model_lock_release

72075 : 0xcf1634c12733 : 2 : ittapi_config_apply_per_lib :  ITTAPI function NOT instrumented (not matched by --itt-config option): __itt_model_record_allocation

72075 : 0xcf1634c12cd2 : 2 : ittapi_config_apply_per_lib :  ITTAPI function NOT instrumented (not matched by --itt-config option): __itt_model_record_deallocation

72075 : 0xcf1634c17832 : 2 : ittapi_config_apply_per_lib :  ITTAPI function NOT instrumented (not matched by --itt-config option): __itt_model_induction_uses

72075 : 0xcf1634c18072 : 2 : ittapi_config_apply_per_lib :  ITTAPI function NOT instrumented (not matched by --itt-config option): __itt_model_reduction_uses

72075 : 0xcf1634c1860d : 2 : ittapi_config_apply_per_lib :  ITTAPI function NOT instrumented (not matched by --itt-config option): __itt_model_observe_uses

72075 : 0xcf1634c18ba5 : 2 : ittapi_config_apply_per_lib :  ITTAPI function NOT instrumented (not matched by --itt-config option): __itt_model_clear_uses

72075 : 0xcf1634c19110 : 2 : ittapi_config_apply_per_lib :  ITTAPI function NOT instrumented (not matched by --itt-config option): __itt_model_site_beginA

72075 : 0xcf1634c1967a : 2 : ittapi_config_apply_per_lib :  ITTAPI function NOT instrumented (not matched by --itt-config option): __itt_model_site_beginAL

72075 : 0xcf1634c19bef : 2 : ittapi_config_apply_per_lib :  ITTAPI function NOT instrumented (not matched by --itt-config option): __itt_model_task_beginA

72075 : 0xcf1634c1a158 : 2 : ittapi_config_apply_per_lib :  ITTAPI function NOT instrumented (not matched by --itt-config option): __itt_model_task_beginAL

72075 : 0xcf1634c1a6bf : 2 : ittapi_config_apply_per_lib :  ITTAPI function NOT instrumented (not matched by --itt-config option): __itt_model_iteration_taskA

72075 : 0xcf1634c1ac2b : 2 : ittapi_config_apply_per_lib :  ITTAPI function NOT instrumented (not matched by --itt-config option): __itt_model_iteration_taskAL

72075 : 0xcf1634c1d2ab : 2 : ittapi_config_apply_per_lib :  ITTAPI function NOT instrumented (not matched by --itt-config option): __itt_model_site_end_2

72075 : 0xcf1634c1d980 : 2 : ittapi_config_apply_per_lib :  ITTAPI function NOT instrumented (not matched by --itt-config option): __itt_model_task_end_2

72075 : 0xcf1634c1defc : 2 : ittapi_config_apply_per_lib :  ITTAPI function NOT instrumented (not matched by --itt-config option): __itt_model_lock_acquire_2

72075 : 0xcf1634c1e465 : 2 : ittapi_config_apply_per_lib :  ITTAPI function NOT instrumented (not matched by --itt-config option): __itt_model_lock_release_2

72075 : 0xcf1634c1e9c2 : 2 : ittapi_config_apply_per_lib :  ITTAPI function NOT instrumented (not matched by --itt-config option): __itt_model_aggregate_task

72075 : 0xcf1634c1ef25 : 2 : ittapi_config_apply_per_lib :  ITTAPI function NOT instrumented (not matched by --itt-config option): __itt_model_disable_push

72075 : 0xcf1634c1f482 : 2 : ittapi_config_apply_per_lib :  ITTAPI function NOT instrumented (not matched by --itt-config option): __itt_model_disable_pop

72075 : 0xcf1634c1ff9f : 2 : ittapi_config_apply_per_lib :  ITTAPI function instrumented: __itt_heap_function_create
72075 : 0xcf1634c20904 : 2 : ittapi_config_apply_per_lib :  ITTAPI function instrumented: __itt_heap_allocate_begin
72075 : 0xcf1634c2108b : 2 : ittapi_config_apply_per_lib :  ITTAPI function instrumented: __itt_heap_allocate_end
72075 : 0xcf1634c252a5 : 2 : ittapi_config_apply_per_lib :  ITTAPI function instrumented: __itt_heap_free_begin
72075 : 0xcf1634c25f2e : 2 : ittapi_config_apply_per_lib :  ITTAPI function instrumented: __itt_heap_free_end
72075 : 0xcf1634c26790 : 2 : ittapi_config_apply_per_lib :  ITTAPI function instrumented: __itt_heap_reallocate_begin
72075 : 0xcf1634c26e94 : 2 : ittapi_config_apply_per_lib :  ITTAPI function instrumented: __itt_heap_reallocate_end
72075 : 0xcf1634c27923 : 2 : ittapi_config_apply_per_lib :  ITTAPI function not implemented: __itt_heap_internal_access_begin
72075 : 0xcf1634c283b7 : 2 : ittapi_config_apply_per_lib :  ITTAPI function not implemented: __itt_heap_internal_access_end
72075 : 0xcf1634c28d36 : 2 : ittapi_config_apply_per_lib :  ITTAPI function not implemented: __itt_heap_record_memory_growth_begin
72075 : 0xcf1634c2966a : 2 : ittapi_config_apply_per_lib :  ITTAPI function not implemented: __itt_heap_record_memory_growth_end
72075 : 0xcf1634c29f7d : 2 : ittapi_config_apply_per_lib :  ITTAPI function not implemented: __itt_heap_reset_detection
72075 : 0xcf1634c2a9ef : 2 : ittapi_config_apply_per_lib :  ITTAPI function not implemented: __itt_heap_record
72075 : 0xcf1634c2f3a0 : 2 : ittapi_config_apply_per_lib :  ITTAPI function not implemented: __itt_id_create
72075 : 0xcf1634c3034e : 2 : ittapi_config_apply_per_lib :  ITTAPI function not implemented: __itt_id_destroy
72075 : 0xcf1634c30cd9 : 2 : ittapi_config_apply_per_lib :  ITTAPI function instrumented: __itt_get_timestamp
72075 : 0xcf1634c3157f : 2 : ittapi_config_apply_per_lib :  ITTAPI function not implemented: __itt_region_begin
72075 : 0xcf1634c31ed5 : 2 : ittapi_config_apply_per_lib :  ITTAPI function not implemented: __itt_region_end
72075 : 0xcf1634c32719 : 2 : ittapi_config_apply_per_lib :  ITTAPI function instrumented: __itt_frame_begin_v3
72075 : 0xcf1634c32f8c : 2 : ittapi_config_apply_per_lib :  ITTAPI function instrumented: __itt_frame_end_v3
72075 : 0xcf1634c337da : 2 : ittapi_config_apply_per_lib :  ITTAPI function instrumented: __itt_frame_submit_v3
72075 : 0xcf1634c340f1 : 2 : ittapi_config_apply_per_lib :  ITTAPI function not implemented: __itt_task_group
72075 : 0xcf1634c3492f : 2 : ittapi_config_apply_per_lib :  ITTAPI function instrumented: __itt_task_begin
72075 : 0xcf1634c374f4 : 2 : ittapi_config_apply_per_lib :  ITTAPI function instrumented: __itt_task_begin_fn
72075 : 0xcf1634c3800f : 2 : ittapi_config_apply_per_lib :  ITTAPI function instrumented: __itt_task_end
72075 : 0xcf1634c38a9d : 2 : ittapi_config_apply_per_lib :  ITTAPI function not implemented: __itt_counter_inc_v3
72075 : 0xcf1634c3946c : 2 : ittapi_config_apply_per_lib :  ITTAPI function not implemented: __itt_counter_inc_delta_v3
72075 : 0xcf1634c39db6 : 2 : ittapi_config_apply_per_lib :  ITTAPI function not implemented: __itt_counter_dec_v3
72075 : 0xcf1634c3a61e : 2 : ittapi_config_apply_per_lib :  ITTAPI function not implemented: __itt_counter_dec_delta_v3
72075 : 0xcf1634c3b065 : 2 : ittapi_config_apply_per_lib :  ITTAPI function not implemented: __itt_marker
72075 : 0xcf1634c3cd8d : 2 : ittapi_config_apply_per_lib :  ITTAPI function instrumented: __itt_metadata_add
72075 : 0xcf1634c3d7be : 2 : ittapi_config_apply_per_lib :  ITTAPI function not implemented: __itt_metadata_str_add
72075 : 0xcf1634c3e0bb : 2 : ittapi_config_apply_per_lib :  ITTAPI function not implemented: __itt_relation_add_to_current
72075 : 0xcf1634c40fe4 : 2 : ittapi_config_apply_per_lib :  ITTAPI function not implemented: __itt_relation_add
72075 : 0xcf1634c41bbf : 2 : ittapi_config_apply_per_lib :  ITTAPI function instrumented: __itt_event_create
72075 : 0xcf1634c4240c : 2 : ittapi_config_apply_per_lib :  ITTAPI function instrumented: __itt_event_start
72075 : 0xcf1634c42bf6 : 2 : ittapi_config_apply_per_lib :  ITTAPI function instrumented: __itt_event_end
72075 : 0xcf1634c4327d : 2 : ittapi_config_apply_per_lib :  ITTAPI function NOT instrumented (not matched by --itt-config option): __itt_sync_set_name

72075 : 0xcf1634c43932 : 2 : ittapi_config_apply_per_lib :  ITTAPI function NOT instrumented (not matched by --itt-config option): __itt_notify_sync_name

72075 : 0xcf1634c43fb8 : 2 : ittapi_config_apply_per_lib :  ITTAPI function NOT instrumented (not matched by --itt-config option): __itt_notify_sync_prepare

72075 : 0xcf1634c445c1 : 2 : ittapi_config_apply_per_lib :  ITTAPI function NOT instrumented (not matched by --itt-config option): __itt_notify_sync_cancel

72075 : 0xcf1634c44bce : 2 : ittapi_config_apply_per_lib :  ITTAPI function NOT instrumented (not matched by --itt-config option): __itt_notify_sync_acquired

72075 : 0xcf1634c45200 : 2 : ittapi_config_apply_per_lib :  ITTAPI function NOT instrumented (not matched by --itt-config option): __itt_notify_sync_releasing

72075 : 0xcf1634c49609 : 2 : ittapi_config_apply_per_lib :  ITTAPI function not implemented: __itt_memory_read
72075 : 0xcf1634c4a408 : 2 : ittapi_config_apply_per_lib :  ITTAPI function not implemented: __itt_memory_write
72075 : 0xcf1634c4ae8e : 2 : ittapi_config_apply_per_lib :  ITTAPI function not implemented: __itt_memory_update
72075 : 0xcf1634c4b855 : 2 : ittapi_config_apply_per_lib :  ITTAPI function not implemented: __itt_state_get
72075 : 0xcf1634c4c1da : 2 : ittapi_config_apply_per_lib :  ITTAPI function not implemented: __itt_state_set
72075 : 0xcf1634c4cac1 : 2 : ittapi_config_apply_per_lib :  ITTAPI function not implemented: __itt_obj_mode_set
72075 : 0xcf1634c4d3c1 : 2 : ittapi_config_apply_per_lib :  ITTAPI function not implemented: __itt_thr_mode_set
72075 : 0xcf1634c4dbc1 : 2 : ittapi_config_apply_per_lib :  ITTAPI function instrumented: __itt_frame_create
72075 : 0xcf1634c4e379 : 2 : ittapi_config_apply_per_lib :  ITTAPI function instrumented: __itt_pt_region_create
72075 : 0xcf1634c4ebd0 : 2 : ittapi_config_apply_per_lib :  ITTAPI function instrumented: __itt_frame_begin
72075 : 0xcf1634c51704 : 2 : ittapi_config_apply_per_lib :  ITTAPI function instrumented: __itt_frame_end
72075 : 0xcf1634c5242f : 2 : ittapi_config_apply_per_lib :  ITTAPI function not implemented: __itt_counter_destroy
72075 : 0xcf1634c52cb1 : 2 : ittapi_config_apply_per_lib :  ITTAPI function instrumented: __itt_counter_inc
72075 : 0xcf1634c534e2 : 2 : ittapi_config_apply_per_lib :  ITTAPI function instrumented: __itt_counter_inc_delta
72075 : 0xcf1634c53c8b : 2 : ittapi_config_apply_per_lib :  ITTAPI function instrumented: __itt_counter_dec
72075 : 0xcf1634c544c0 : 2 : ittapi_config_apply_per_lib :  ITTAPI function instrumented: __itt_counter_dec_delta
72075 : 0xcf1634c54c1d : 2 : ittapi_config_apply_per_lib :  ITTAPI function instrumented: __itt_counter_set_value
72075 : 0xcf1634c5551e : 2 : ittapi_config_apply_per_lib :  ITTAPI function not implemented: __itt_counter_set_value_ex
72075 : 0xcf1634c55de5 : 2 : ittapi_config_apply_per_lib :  ITTAPI function not implemented: __itt_mark_create
72075 : 0xcf1634c566ff : 2 : ittapi_config_apply_per_lib :  ITTAPI function not implemented: __itt_mark
72075 : 0xcf1634c59178 : 2 : ittapi_config_apply_per_lib :  ITTAPI function not implemented: __itt_mark_off
72075 : 0xcf1634c59dbf : 2 : ittapi_config_apply_per_lib :  ITTAPI function not implemented: __itt_mark_global
72075 : 0xcf1634c5a701 : 2 : ittapi_config_apply_per_lib :  ITTAPI function not implemented: __itt_mark_global_off
72075 : 0xcf1634c5add2 : 2 : ittapi_config_apply_per_lib :  ITTAPI function NOT instrumented (not matched by --itt-config option): __itt_stack_caller_create

72075 : 0xcf1634c5b491 : 2 : ittapi_config_apply_per_lib :  ITTAPI function NOT instrumented (not matched by --itt-config option): __itt_stack_caller_destroy

72075 : 0xcf1634c5d092 : 2 : ittapi_config_apply_per_lib :  ITTAPI function NOT instrumented (not matched by --itt-config option): __itt_stack_callee_enter

72075 : 0xcf1634c5d6bd : 2 : ittapi_config_apply_per_lib :  ITTAPI function NOT instrumented (not matched by --itt-config option): __itt_stack_callee_leave

72075 : 0xcf1634c5e10a : 2 : ittapi_config_apply_per_lib :  ITTAPI function not implemented: __itt_clock_domain_create
72075 : 0xcf1634c5ea44 : 2 : ittapi_config_apply_per_lib :  ITTAPI function not implemented: __itt_clock_domain_reset
72075 : 0xcf1634c5f2f9 : 2 : ittapi_config_apply_per_lib :  ITTAPI function not implemented: __itt_id_create_ex
72075 : 0xcf1634c634a9 : 2 : ittapi_config_apply_per_lib :  ITTAPI function not implemented: __itt_id_destroy_ex
72075 : 0xcf1634c642df : 2 : ittapi_config_apply_per_lib :  ITTAPI function not implemented: __itt_task_begin_ex
72075 : 0xcf1634c64bd0 : 2 : ittapi_config_apply_per_lib :  ITTAPI function not implemented: __itt_task_begin_fn_ex
72075 : 0xcf1634c65436 : 2 : ittapi_config_apply_per_lib :  ITTAPI function not implemented: __itt_task_end_ex
72075 : 0xcf1634c65cd0 : 2 : ittapi_config_apply_per_lib :  ITTAPI function instrumented: __itt_task_begin_overlapped
72075 : 0xcf1634c665ad : 2 : ittapi_config_apply_per_lib :  ITTAPI function not implemented: __itt_task_begin_overlapped_ex
72075 : 0xcf1634c66dfb : 2 : ittapi_config_apply_per_lib :  ITTAPI function instrumented: __itt_task_end_overlapped
72075 : 0xcf1634c6767f : 2 : ittapi_config_apply_per_lib :  ITTAPI function not implemented: __itt_task_end_overlapped_ex
72075 : 0xcf1634c67f09 : 2 : ittapi_config_apply_per_lib :  ITTAPI function not implemented: __itt_marker_ex
72075 : 0xcf1634c688d6 : 2 : ittapi_config_apply_per_lib :  ITTAPI function not implemented: __itt_metadata_add_with_scope
72075 : 0xcf1634c6cd1a : 2 : ittapi_config_apply_per_lib :  ITTAPI function not implemented: __itt_metadata_str_add_with_scope
72075 : 0xcf1634c6db26 : 2 : ittapi_config_apply_per_lib :  ITTAPI function not implemented: __itt_relation_add_to_current_ex
72075 : 0xcf1634c6e421 : 2 : ittapi_config_apply_per_lib :  ITTAPI function not implemented: __itt_relation_add_ex
72075 : 0xcf1634c6ed22 : 2 : ittapi_config_apply_per_lib :  ITTAPI function not implemented: __itt_track_group_create
72075 : 0xcf1634c6f559 : 2 : ittapi_config_apply_per_lib :  ITTAPI function not implemented: __itt_track_create
72075 : 0xcf1634c6fdb7 : 2 : ittapi_config_apply_per_lib :  ITTAPI function not implemented: __itt_set_track
72075 : 0xcf1634c70651 : 2 : ittapi_config_apply_per_lib :  ITTAPI function instrumented: __itt_api_version
72075 : 0xcf1634c70ef5 : 2 : ittapi_config_apply_per_lib :  ITTAPI function not implemented: __itt_av_save
72075 : 0xcf1634c71749 : 2 : ittapi_config_apply_per_lib :  ITTAPI function instrumented: __itt_module_load
72075 : 0xcf1634c72048 : 2 : ittapi_config_apply_per_lib :  ITTAPI function not implemented: __itt_module_unload
72075 : 0xcf1634c747a5 : 2 : ittapi_config_apply_per_lib :  ITTAPI function NOT instrumented (not matched by --itt-config option): __itt_histogram_submit

72075 : 0xcf163556150b : 2 : ittapi_config_mask_get :  --itt-config mask to be applied: 39
72075 : 0xcf1635563665 : 2 : ittapi_config_apply_per_lib :  ITTAPI function instrumented: __itt_domain_create
72075 : 0xcf1635564530 : 2 : ittapi_config_apply_per_lib :  ITTAPI function instrumented: __itt_module_load_with_sections
72075 : 0xcf163556524d : 2 : ittapi_config_apply_per_lib :  ITTAPI function not implemented: __itt_module_unload_with_sections
72075 : 0xcf1635565c06 : 2 : ittapi_config_apply_per_lib :  ITTAPI function instrumented: __itt_string_handle_create
72075 : 0xcf16355662af : 2 : ittapi_config_apply_per_lib :  ITTAPI function instrumented: __itt_counter_create
72075 : 0xcf163556691f : 2 : ittapi_config_apply_per_lib :  ITTAPI function instrumented: __itt_counter_create_typed
72075 : 0xcf1635567114 : 2 : ittapi_config_apply_per_lib :  ITTAPI function instrumented: __itt_pause
72075 : 0xcf16355678af : 2 : ittapi_config_apply_per_lib :  ITTAPI function instrumented: __itt_resume
72075 : 0xcf163556e3f9 : 2 : ittapi_config_apply_per_lib :  ITTAPI function not implemented: __itt_pause_scoped
72075 : 0xcf163556ee84 : 2 : ittapi_config_apply_per_lib :  ITTAPI function not implemented: __itt_resume_scoped
72075 : 0xcf163556f733 : 2 : ittapi_config_apply_per_lib :  ITTAPI function instrumented: __itt_thread_set_name
72075 : 0xcf163556fec6 : 2 : ittapi_config_apply_per_lib :  ITTAPI function instrumented: __itt_thread_ignore
72075 : 0xcf16355706b9 : 2 : ittapi_config_apply_per_lib :  ITTAPI function instrumented: __itt_thr_name_set
72075 : 0xcf1635570e3a : 2 : ittapi_config_apply_per_lib :  ITTAPI function instrumented: __itt_thr_ignore
72075 : 0xcf1635571584 : 2 : ittapi_config_apply_per_lib :  ITTAPI function instrumented: __itt_histogram_create
72075 : 0xcf1635571ca2 : 2 : ittapi_config_apply_per_lib :  ITTAPI function instrumented: __itt_counter_create_v3
72075 : 0xcf1635572427 : 2 : ittapi_config_apply_per_lib :  ITTAPI function instrumented: __itt_bind_context_metadata_to_counter
72075 : 0xcf1635572cad : 2 : ittapi_config_apply_per_lib :  ITTAPI function not implemented: __itt_enable_attach
72075 : 0xcf1635576f08 : 2 : ittapi_config_apply_per_lib :  ITTAPI function instrumented: __itt_detach
72075 : 0xcf16355775ad : 2 : ittapi_config_apply_per_lib :  ITTAPI function NOT instrumented (not matched by --itt-config option): __itt_sync_create

72075 : 0xcf1635577c47 : 2 : ittapi_config_apply_per_lib :  ITTAPI function NOT instrumented (not matched by --itt-config option): __itt_sync_rename

72075 : 0xcf163557818e : 2 : ittapi_config_apply_per_lib :  ITTAPI function NOT instrumented (not matched by --itt-config option): __itt_sync_destroy

72075 : 0xcf1635578710 : 2 : ittapi_config_apply_per_lib :  ITTAPI function NOT instrumented (not matched by --itt-config option): __itt_sync_prepare

72075 : 0xcf1635578c26 : 2 : ittapi_config_apply_per_lib :  ITTAPI function NOT instrumented (not matched by --itt-config option): __itt_sync_cancel

72075 : 0xcf16355790b7 : 2 : ittapi_config_apply_per_lib :  ITTAPI function NOT instrumented (not matched by --itt-config option): __itt_sync_acquired

72075 : 0xcf163557957c : 2 : ittapi_config_apply_per_lib :  ITTAPI function NOT instrumented (not matched by --itt-config option): __itt_sync_releasing

72075 : 0xcf1635579e82 : 2 : ittapi_config_apply_per_lib :  ITTAPI function not implemented: __itt_suppress_push
72075 : 0xcf163557a888 : 2 : ittapi_config_apply_per_lib :  ITTAPI function not implemented: __itt_suppress_pop
72075 : 0xcf163557c5a4 : 2 : ittapi_config_apply_per_lib :  ITTAPI function not implemented: __itt_suppress_mark_range
72075 : 0xcf163557cf59 : 2 : ittapi_config_apply_per_lib :  ITTAPI function not implemented: __itt_suppress_clear_range
72075 : 0xcf163557d46d : 2 : ittapi_config_apply_per_lib :  ITTAPI function NOT instrumented (not matched by --itt-config option): __itt_sync_prepare

72075 : 0xcf163557d975 : 2 : ittapi_config_apply_per_lib :  ITTAPI function NOT instrumented (not matched by --itt-config option): __itt_sync_cancel

72075 : 0xcf163557ddf0 : 2 : ittapi_config_apply_per_lib :  ITTAPI function NOT instrumented (not matched by --itt-config option): __itt_sync_acquired

72075 : 0xcf163557e265 : 2 : ittapi_config_apply_per_lib :  ITTAPI function NOT instrumented (not matched by --itt-config option): __itt_sync_releasing

72075 : 0xcf163557e80c : 2 : ittapi_config_apply_per_lib :  ITTAPI function NOT instrumented (not matched by --itt-config option): __itt_model_site_begin

72075 : 0xcf163557ed33 : 2 : ittapi_config_apply_per_lib :  ITTAPI function NOT instrumented (not matched by --itt-config option): __itt_model_site_end

72075 : 0xcf163557f26c : 2 : ittapi_config_apply_per_lib :  ITTAPI function NOT instrumented (not matched by --itt-config option): __itt_model_task_begin

72075 : 0xcf163557f854 : 2 : ittapi_config_apply_per_lib :  ITTAPI function NOT instrumented (not matched by --itt-config option): __itt_model_task_end

72075 : 0xcf1635581243 : 2 : ittapi_config_apply_per_lib :  ITTAPI function NOT instrumented (not matched by --itt-config option): __itt_model_lock_acquire

72075 : 0xcf16355818de : 2 : ittapi_config_apply_per_lib :  ITTAPI function NOT instrumented (not matched by --itt-config option): __itt_model_lock_release

72075 : 0xcf1635581ea6 : 2 : ittapi_config_apply_per_lib :  ITTAPI function NOT instrumented (not matched by --itt-config option): __itt_model_record_allocation

72075 : 0xcf1635582321 : 2 : ittapi_config_apply_per_lib :  ITTAPI function NOT instrumented (not matched by --itt-config option): __itt_model_record_deallocation

72075 : 0xcf1635582761 : 2 : ittapi_config_apply_per_lib :  ITTAPI function NOT instrumented (not matched by --itt-config option): __itt_model_induction_uses

72075 : 0xcf1635582b5a : 2 : ittapi_config_apply_per_lib :  ITTAPI function NOT instrumented (not matched by --itt-config option): __itt_model_reduction_uses

72075 : 0xcf1635582f45 : 2 : ittapi_config_apply_per_lib :  ITTAPI function NOT instrumented (not matched by --itt-config option): __itt_model_observe_uses

72075 : 0xcf163558333c : 2 : ittapi_config_apply_per_lib :  ITTAPI function NOT instrumented (not matched by --itt-config option): __itt_model_clear_uses

72075 : 0xcf163558371f : 2 : ittapi_config_apply_per_lib :  ITTAPI function NOT instrumented (not matched by --itt-config option): __itt_model_site_beginA

72075 : 0xcf1635583afe : 2 : ittapi_config_apply_per_lib :  ITTAPI function NOT instrumented (not matched by --itt-config option): __itt_model_site_beginAL

72075 : 0xcf163558609c : 2 : ittapi_config_apply_per_lib :  ITTAPI function NOT instrumented (not matched by --itt-config option): __itt_model_task_beginA

72075 : 0xcf16355865cc : 2 : ittapi_config_apply_per_lib :  ITTAPI function NOT instrumented (not matched by --itt-config option): __itt_model_task_beginAL

72075 : 0xcf1635586a55 : 2 : ittapi_config_apply_per_lib :  ITTAPI function NOT instrumented (not matched by --itt-config option): __itt_model_iteration_taskA

72075 : 0xcf1635586e7b : 2 : ittapi_config_apply_per_lib :  ITTAPI function NOT instrumented (not matched by --itt-config option): __itt_model_iteration_taskAL

72075 : 0xcf1635587272 : 2 : ittapi_config_apply_per_lib :  ITTAPI function NOT instrumented (not matched by --itt-config option): __itt_model_site_end_2

72075 : 0xcf163558767f : 2 : ittapi_config_apply_per_lib :  ITTAPI function NOT instrumented (not matched by --itt-config option): __itt_model_task_end_2

72075 : 0xcf1635587a6e : 2 : ittapi_config_apply_per_lib :  ITTAPI function NOT instrumented (not matched by --itt-config option): __itt_model_lock_acquire_2

72075 : 0xcf1635587e4d : 2 : ittapi_config_apply_per_lib :  ITTAPI function NOT instrumented (not matched by --itt-config option): __itt_model_lock_release_2

72075 : 0xcf163558823e : 2 : ittapi_config_apply_per_lib :  ITTAPI function NOT instrumented (not matched by --itt-config option): __itt_model_aggregate_task

72075 : 0xcf1635588619 : 2 : ittapi_config_apply_per_lib :  ITTAPI function NOT instrumented (not matched by --itt-config option): __itt_model_disable_push

72075 : 0xcf1635589e0e : 2 : ittapi_config_apply_per_lib :  ITTAPI function NOT instrumented (not matched by --itt-config option): __itt_model_disable_pop

72075 : 0xcf163558a629 : 2 : ittapi_config_apply_per_lib :  ITTAPI function instrumented: __itt_heap_function_create
72075 : 0xcf163558addb : 2 : ittapi_config_apply_per_lib :  ITTAPI function instrumented: __itt_heap_allocate_begin
72075 : 0xcf163558b3e0 : 2 : ittapi_config_apply_per_lib :  ITTAPI function instrumented: __itt_heap_allocate_end
72075 : 0xcf163558ba28 : 2 : ittapi_config_apply_per_lib :  ITTAPI function instrumented: __itt_heap_free_begin
72075 : 0xcf163558c01a : 2 : ittapi_config_apply_per_lib :  ITTAPI function instrumented: __itt_heap_free_end
72075 : 0xcf163558c670 : 2 : ittapi_config_apply_per_lib :  ITTAPI function instrumented: __itt_heap_reallocate_begin
72075 : 0xcf163558cc10 : 2 : ittapi_config_apply_per_lib :  ITTAPI function instrumented: __itt_heap_reallocate_end
72075 : 0xcf163558d3c0 : 2 : ittapi_config_apply_per_lib :  ITTAPI function not implemented: __itt_heap_internal_access_begin
72075 : 0xcf163558dc1f : 2 : ittapi_config_apply_per_lib :  ITTAPI function not implemented: __itt_heap_internal_access_end
72075 : 0xcf163558f93b : 2 : ittapi_config_apply_per_lib :  ITTAPI function not implemented: __itt_heap_record_memory_growth_begin
72075 : 0xcf16355901b7 : 2 : ittapi_config_apply_per_lib :  ITTAPI function not implemented: __itt_heap_record_memory_growth_end
72075 : 0xcf16355909fa : 2 : ittapi_config_apply_per_lib :  ITTAPI function not implemented: __itt_heap_reset_detection
72075 : 0xcf163559122b : 2 : ittapi_config_apply_per_lib :  ITTAPI function not implemented: __itt_heap_record
72075 : 0xcf1635591a44 : 2 : ittapi_config_apply_per_lib :  ITTAPI function not implemented: __itt_id_create
72075 : 0xcf16355921f4 : 2 : ittapi_config_apply_per_lib :  ITTAPI function not implemented: __itt_id_destroy
72075 : 0xcf16355929c8 : 2 : ittapi_config_apply_per_lib :  ITTAPI function instrumented: __itt_get_timestamp
72075 : 0xcf163559315d : 2 : ittapi_config_apply_per_lib :  ITTAPI function not implemented: __itt_region_begin
72075 : 0xcf1635593902 : 2 : ittapi_config_apply_per_lib :  ITTAPI function not implemented: __itt_region_end
72075 : 0xcf1635594051 : 2 : ittapi_config_apply_per_lib :  ITTAPI function instrumented: __itt_frame_begin_v3
72075 : 0xcf16355969ad : 2 : ittapi_config_apply_per_lib :  ITTAPI function instrumented: __itt_frame_end_v3
72075 : 0xcf163559713f : 2 : ittapi_config_apply_per_lib :  ITTAPI function instrumented: __itt_frame_submit_v3
72075 : 0xcf16355979e1 : 2 : ittapi_config_apply_per_lib :  ITTAPI function not implemented: __itt_task_group
72075 : 0xcf1635598101 : 2 : ittapi_config_apply_per_lib :  ITTAPI function instrumented: __itt_task_begin
72075 : 0xcf1635598849 : 2 : ittapi_config_apply_per_lib :  ITTAPI function instrumented: __itt_task_begin_fn
72075 : 0xcf1635598f1f : 2 : ittapi_config_apply_per_lib :  ITTAPI function instrumented: __itt_task_end
72075 : 0xcf1635599744 : 2 : ittapi_config_apply_per_lib :  ITTAPI function not implemented: __itt_counter_inc_v3
72075 : 0xcf163559a000 : 2 : ittapi_config_apply_per_lib :  ITTAPI function not implemented: __itt_counter_inc_delta_v3
72075 : 0xcf163559a7ee : 2 : ittapi_config_apply_per_lib :  ITTAPI function not implemented: __itt_counter_dec_v3
72075 : 0xcf163559af23 : 2 : ittapi_config_apply_per_lib :  ITTAPI function not implemented: __itt_counter_dec_delta_v3
72075 : 0xcf163559cacf : 2 : ittapi_config_apply_per_lib :  ITTAPI function not implemented: __itt_marker
72075 : 0xcf163559d342 : 2 : ittapi_config_apply_per_lib :  ITTAPI function instrumented: __itt_metadata_add
72075 : 0xcf163559dc8c : 2 : ittapi_config_apply_per_lib :  ITTAPI function not implemented: __itt_metadata_str_add
72075 : 0xcf163559e4c0 : 2 : ittapi_config_apply_per_lib :  ITTAPI function not implemented: __itt_relation_add_to_current
72075 : 0xcf163559ecce : 2 : ittapi_config_apply_per_lib :  ITTAPI function not implemented: __itt_relation_add
72075 : 0xcf163559f3fc : 2 : ittapi_config_apply_per_lib :  ITTAPI function instrumented: __itt_event_create
72075 : 0xcf163559fb5b : 2 : ittapi_config_apply_per_lib :  ITTAPI function instrumented: __itt_event_start
72075 : 0xcf16355a02f0 : 2 : ittapi_config_apply_per_lib :  ITTAPI function instrumented: __itt_event_end
72075 : 0xcf16355a0858 : 2 : ittapi_config_apply_per_lib :  ITTAPI function NOT instrumented (not matched by --itt-config option): __itt_sync_set_name

72075 : 0xcf16355a0e14 : 2 : ittapi_config_apply_per_lib :  ITTAPI function NOT instrumented (not matched by --itt-config option): __itt_notify_sync_name

72075 : 0xcf16355a263c : 2 : ittapi_config_apply_per_lib :  ITTAPI function NOT instrumented (not matched by --itt-config option): __itt_notify_sync_prepare

72075 : 0xcf16355a2be6 : 2 : ittapi_config_apply_per_lib :  ITTAPI function NOT instrumented (not matched by --itt-config option): __itt_notify_sync_cancel

72075 : 0xcf16355a3108 : 2 : ittapi_config_apply_per_lib :  ITTAPI function NOT instrumented (not matched by --itt-config option): __itt_notify_sync_acquired

72075 : 0xcf16355a359d : 2 : ittapi_config_apply_per_lib :  ITTAPI function NOT instrumented (not matched by --itt-config option): __itt_notify_sync_releasing

72075 : 0xcf16355a3e19 : 2 : ittapi_config_apply_per_lib :  ITTAPI function not implemented: __itt_memory_read
72075 : 0xcf16355a4630 : 2 : ittapi_config_apply_per_lib :  ITTAPI function not implemented: __itt_memory_write
72075 : 0xcf16355a4f07 : 2 : ittapi_config_apply_per_lib :  ITTAPI function not implemented: __itt_memory_update
72075 : 0xcf16355a572d : 2 : ittapi_config_apply_per_lib :  ITTAPI function not implemented: __itt_state_get
72075 : 0xcf16355a5ee1 : 2 : ittapi_config_apply_per_lib :  ITTAPI function not implemented: __itt_state_set
72075 : 0xcf16355a6678 : 2 : ittapi_config_apply_per_lib :  ITTAPI function not implemented: __itt_obj_mode_set
72075 : 0xcf16355a8e2c : 2 : ittapi_config_apply_per_lib :  ITTAPI function not implemented: __itt_thr_mode_set
72075 : 0xcf16355a95a9 : 2 : ittapi_config_apply_per_lib :  ITTAPI function instrumented: __itt_frame_create
72075 : 0xcf16355a9ca7 : 2 : ittapi_config_apply_per_lib :  ITTAPI function instrumented: __itt_pt_region_create
72075 : 0xcf16355aa446 : 2 : ittapi_config_apply_per_lib :  ITTAPI function instrumented: __itt_frame_begin
72075 : 0xcf16355aab36 : 2 : ittapi_config_apply_per_lib :  ITTAPI function instrumented: __itt_frame_end
72075 : 0xcf16355ab36d : 2 : ittapi_config_apply_per_lib :  ITTAPI function not implemented: __itt_counter_destroy
72075 : 0xcf16355abae6 : 2 : ittapi_config_apply_per_lib :  ITTAPI function instrumented: __itt_counter_inc
72075 : 0xcf16355ac1cb : 2 : ittapi_config_apply_per_lib :  ITTAPI function instrumented: __itt_counter_inc_delta
72075 : 0xcf16355ac86c : 2 : ittapi_config_apply_per_lib :  ITTAPI function instrumented: __itt_counter_dec
72075 : 0xcf16355acf47 : 2 : ittapi_config_apply_per_lib :  ITTAPI function instrumented: __itt_counter_dec_delta
72075 : 0xcf16355ae8ef : 2 : ittapi_config_apply_per_lib :  ITTAPI function instrumented: __itt_counter_set_value
72075 : 0xcf16355af19a : 2 : ittapi_config_apply_per_lib :  ITTAPI function not implemented: __itt_counter_set_value_ex
72075 : 0xcf16355af97c : 2 : ittapi_config_apply_per_lib :  ITTAPI function not implemented: __itt_mark_create
72075 : 0xcf16355b0243 : 2 : ittapi_config_apply_per_lib :  ITTAPI function not implemented: __itt_mark
72075 : 0xcf16355b0a5e : 2 : ittapi_config_apply_per_lib :  ITTAPI function not implemented: __itt_mark_off
72075 : 0xcf16355b1282 : 2 : ittapi_config_apply_per_lib :  ITTAPI function not implemented: __itt_mark_global
72075 : 0xcf16355b1b3b : 2 : ittapi_config_apply_per_lib :  ITTAPI function not implemented: __itt_mark_global_off
72075 : 0xcf16355b21a7 : 2 : ittapi_config_apply_per_lib :  ITTAPI function NOT instrumented (not matched by --itt-config option): __itt_stack_caller_create

72075 : 0xcf16355b2714 : 2 : ittapi_config_apply_per_lib :  ITTAPI function NOT instrumented (not matched by --itt-config option): __itt_stack_caller_destroy

72075 : 0xcf16355b2c47 : 2 : ittapi_config_apply_per_lib :  ITTAPI function NOT instrumented (not matched by --itt-config option): __itt_stack_callee_enter

72075 : 0xcf16355b4576 : 2 : ittapi_config_apply_per_lib :  ITTAPI function NOT instrumented (not matched by --itt-config option): __itt_stack_callee_leave

72075 : 0xcf16355b4e2e : 2 : ittapi_config_apply_per_lib :  ITTAPI function not implemented: __itt_clock_domain_create
72075 : 0xcf16355b56c9 : 2 : ittapi_config_apply_per_lib :  ITTAPI function not implemented: __itt_clock_domain_reset
72075 : 0xcf16355b5e46 : 2 : ittapi_config_apply_per_lib :  ITTAPI function not implemented: __itt_id_create_ex
72075 : 0xcf16355b667d : 2 : ittapi_config_apply_per_lib :  ITTAPI function not implemented: __itt_id_destroy_ex
72075 : 0xcf16355b6e7d : 2 : ittapi_config_apply_per_lib :  ITTAPI function not implemented: __itt_task_begin_ex
72075 : 0xcf16355b761f : 2 : ittapi_config_apply_per_lib :  ITTAPI function not implemented: __itt_task_begin_fn_ex
72075 : 0xcf16355b7df3 : 2 : ittapi_config_apply_per_lib :  ITTAPI function not implemented: __itt_task_end_ex
72075 : 0xcf16355b855a : 2 : ittapi_config_apply_per_lib :  ITTAPI function instrumented: __itt_task_begin_overlapped
72075 : 0xcf16355b8c9c : 2 : ittapi_config_apply_per_lib :  ITTAPI function not implemented: __itt_task_begin_overlapped_ex
72075 : 0xcf16355ba7e5 : 2 : ittapi_config_apply_per_lib :  ITTAPI function instrumented: __itt_task_end_overlapped
72075 : 0xcf16355baf66 : 2 : ittapi_config_apply_per_lib :  ITTAPI function not implemented: __itt_task_end_overlapped_ex
72075 : 0xcf16355bb79f : 2 : ittapi_config_apply_per_lib :  ITTAPI function not implemented: __itt_marker_ex
72075 : 0xcf16355bc051 : 2 : ittapi_config_apply_per_lib :  ITTAPI function not implemented: __itt_metadata_add_with_scope
72075 : 0xcf16355bc876 : 2 : ittapi_config_apply_per_lib :  ITTAPI function not implemented: __itt_metadata_str_add_with_scope
72075 : 0xcf16355bd07d : 2 : ittapi_config_apply_per_lib :  ITTAPI function not implemented: __itt_relation_add_to_current_ex
72075 : 0xcf16355bd835 : 2 : ittapi_config_apply_per_lib :  ITTAPI function not implemented: __itt_relation_add_ex
72075 : 0xcf16355be021 : 2 : ittapi_config_apply_per_lib :  ITTAPI function not implemented: __itt_track_group_create
72075 : 0xcf16355be73d : 2 : ittapi_config_apply_per_lib :  ITTAPI function not implemented: __itt_track_create
72075 : 0xcf16355bee98 : 2 : ittapi_config_apply_per_lib :  ITTAPI function not implemented: __itt_set_track
72075 : 0xcf16355c172a : 2 : ittapi_config_apply_per_lib :  ITTAPI function instrumented: __itt_api_version
72075 : 0xcf16355c1fcc : 2 : ittapi_config_apply_per_lib :  ITTAPI function not implemented: __itt_av_save
72075 : 0xcf16355c275d : 2 : ittapi_config_apply_per_lib :  ITTAPI function instrumented: __itt_module_load
72075 : 0xcf16355c2f78 : 2 : ittapi_config_apply_per_lib :  ITTAPI function not implemented: __itt_module_unload
72075 : 0xcf16355c3494 : 2 : ittapi_config_apply_per_lib :  ITTAPI function NOT instrumented (not matched by --itt-config option): __itt_histogram_submit

72075 : 0xcf16355c3b35 : 2 : ittapi_config_apply_per_lib :  ITTAPI function instrumented: __itt_counter_set_value_v3