threads_spec: cpu
Using CPUID GenuineIntel-6-B7-1
DEBUGINFOD_URLS=
Compression enabled, disabling build id collection at the end of the session.
nr_threads: 20
thread_masks[0]: 0x6502e3670800: maps mask[20]: 0
thread_masks[0]: 0x6502e3670810: affinity mask[20]: 0
thread_masks[1]: 0x6502e3670820: maps mask[20]: 1
thread_masks[1]: 0x6502e3670830: affinity mask[20]: 1
thread_masks[2]: 0x6502e3670840: maps mask[20]: 2
thread_masks[2]: 0x6502e3670850: affinity mask[20]: 2
thread_masks[3]: 0x6502e3670860: maps mask[20]: 3
thread_masks[3]: 0x6502e3670870: affinity mask[20]: 3
thread_masks[4]: 0x6502e3670880: maps mask[20]: 4
thread_masks[4]: 0x6502e3670890: affinity mask[20]: 4
thread_masks[5]: 0x6502e36708a0: maps mask[20]: 5
thread_masks[5]: 0x6502e36708b0: affinity mask[20]: 5
thread_masks[6]: 0x6502e36708c0: maps mask[20]: 6
thread_masks[6]: 0x6502e36708d0: affinity mask[20]: 6
thread_masks[7]: 0x6502e36708e0: maps mask[20]: 7
thread_masks[7]: 0x6502e36708f0: affinity mask[20]: 7
thread_masks[8]: 0x6502e3670900: maps mask[20]: 8
thread_masks[8]: 0x6502e3670910: affinity mask[20]: 8
thread_masks[9]: 0x6502e3670920: maps mask[20]: 9
thread_masks[9]: 0x6502e3670930: affinity mask[20]: 9
thread_masks[10]: 0x6502e3670940: maps mask[20]: 10
thread_masks[10]: 0x6502e3670950: affinity mask[20]: 10
thread_masks[11]: 0x6502e3670960: maps mask[20]: 11
thread_masks[11]: 0x6502e3670970: affinity mask[20]: 11
thread_masks[12]: 0x6502e3670980: maps mask[20]: 12
thread_masks[12]: 0x6502e3670990: affinity mask[20]: 12
thread_masks[13]: 0x6502e36709a0: maps mask[20]: 13
thread_masks[13]: 0x6502e36709b0: affinity mask[20]: 13
thread_masks[14]: 0x6502e36709c0: maps mask[20]: 14
thread_masks[14]: 0x6502e36709d0: affinity mask[20]: 14
thread_masks[15]: 0x6502e36709e0: maps mask[20]: 15
thread_masks[15]: 0x6502e36709f0: affinity mask[20]: 15
thread_masks[16]: 0x6502e3670a00: maps mask[20]: 16
thread_masks[16]: 0x6502e3670a10: affinity mask[20]: 16
thread_masks[17]: 0x6502e3670a20: maps mask[20]: 17
thread_masks[17]: 0x6502e3670a30: affinity mask[20]: 17
thread_masks[18]: 0x6502e3670a40: maps mask[20]: 18
thread_masks[18]: 0x6502e3670a50: affinity mask[20]: 18
thread_masks[19]: 0x6502e3670a60: maps mask[20]: 19
thread_masks[19]: 0x6502e3670a70: affinity mask[20]: 19
nr_cblocks: 0
affinity: SYS
mmap flush: 1
comp level: 1
Problems creating module maps, continuing anyway...
WARNING: Kernel address maps (/proc/{kallsyms,modules}) are restricted,
check /proc/sys/kernel/kptr_restrict and /proc/sys/kernel/perf_event_paranoid.

Samples in kernel functions may not be resolved if a suitable vmlinux
file is not found in the buildid cache or in the vmlinux path.

Samples in kernel modules won't be resolved at all.

If some relocation was applied (e.g. kexec) symbols may be misresolved
even with a suitable vmlinux or kallsyms file.

mmap size 528384B
Couldn't record kernel reference relocation symbol
Symbol resolution may be skewed if relocation was used (e.g. kexec).
Check /proc/kallsyms permission or run as root.
couldn't open /proc/1/task/1/maps
couldn't open /proc/452/task/452/maps
couldn't open /proc/486/task/486/maps
couldn't open /proc/760/task/760/maps
couldn't open /proc/820/task/820/maps
couldn't open /proc/821/task/821/maps
couldn't open /proc/822/task/822/maps
couldn't open /proc/823/task/823/maps
couldn't open /proc/824/task/824/maps
couldn't open /proc/826/task/826/maps
couldn't open /proc/827/task/827/maps
couldn't open /proc/828/task/828/maps
couldn't open /proc/830/task/830/maps
couldn't open /proc/833/task/833/maps
couldn't open /proc/837/task/837/maps
couldn't open /proc/839/task/839/maps
couldn't open /proc/841/task/841/maps
couldn't open /proc/846/task/846/maps
couldn't open /proc/852/task/852/maps
couldn't open /proc/854/task/854/maps
couldn't open /proc/860/task/860/maps
couldn't open /proc/862/task/862/maps
couldn't open /proc/867/task/867/maps
couldn't open /proc/876/task/876/maps
couldn't open /proc/901/task/901/maps
couldn't open /proc/941/task/941/maps
couldn't open /proc/966/task/966/maps
couldn't open /proc/975/task/975/maps
couldn't open /proc/1000/task/1000/maps
couldn't open /proc/1016/task/1016/maps
couldn't open /proc/1018/task/1018/maps
couldn't open /proc/1094/task/1094/maps
couldn't open /proc/1395/task/1395/maps
couldn't open /proc/1435/task/1435/maps
couldn't open /proc/1737/task/1737/maps
couldn't open /proc/1738/task/1738/maps
couldn't open /proc/1813/task/1813/maps
couldn't open /proc/1947/task/1947/maps
couldn't open /proc/2054/task/2054/maps
couldn't open /proc/2147/task/2147/maps
couldn't open /proc/2261/task/2261/maps
couldn't open /proc/2262/task/2262/maps
couldn't open /proc/2293/task/2293/maps
couldn't open /proc/2637/task/2637/maps
couldn't open /proc/2719/task/2719/maps
couldn't open /proc/3040/task/3040/maps
couldn't open /proc/3296/task/3296/maps
couldn't open /proc/8135/task/8135/maps
couldn't open /proc/8136/task/8136/maps
couldn't open /proc/8137/task/8137/maps
couldn't open /proc/8145/task/8145/maps
couldn't open /proc/8146/task/8146/maps
couldn't open /proc/8154/task/8154/maps
couldn't open /proc/8155/task/8155/maps
couldn't open /proc/8158/task/8158/maps
couldn't open /proc/8159/task/8159/maps
couldn't open /proc/15901/task/15901/maps
couldn't open /proc/28585/task/28585/maps
threads[45530]: started on cpu1
threads[45531]: started on cpu2
threads[45532]: started on cpu3
threads[45533]: started on cpu4
threads[45534]: started on cpu5
threads[45535]: started on cpu6
threads[45536]: started on cpu7
threads[45537]: started on cpu8
threads[45538]: started on cpu9
threads[45539]: started on cpu10
threads[45540]: started on cpu11
threads[45541]: started on cpu12
threads[45542]: started on cpu13
threads[45543]: started on cpu14
threads[45544]: started on cpu15
threads[45545]: started on cpu16
threads[45546]: started on cpu17
threads[45547]: started on cpu18
threads[45548]: started on cpu19
threads[45528]: started on cpu0

45529:perf-sync:ready:TSC=23354989233893
[ perf record: Woken up 1 times to write data ]
threads[45528]: samples=1, wakes=1, transferred=68912, compressed=7338
threads[45530]: samples=1, wakes=2, transferred=368, compressed=197
threads[45531]: samples=1, wakes=2, transferred=288, compressed=126
threads[45532]: samples=1, wakes=2, transferred=288, compressed=126
threads[45533]: samples=1, wakes=2, transferred=64, compressed=75
threads[45534]: samples=1, wakes=2, transferred=10848, compressed=1751
threads[45535]: samples=2, wakes=2, transferred=4352, compressed=653
threads[45536]: samples=1, wakes=2, transferred=288, compressed=127
threads[45537]: samples=1, wakes=2, transferred=288, compressed=126
threads[45538]: samples=0, wakes=2, written=0
threads[45539]: samples=1, wakes=2, transferred=128, compressed=106
threads[45540]: samples=2, wakes=2, transferred=624, compressed=215
threads[45541]: samples=0, wakes=2, written=0
threads[45542]: samples=0, wakes=2, written=0
threads[45543]: samples=0, wakes=2, written=0
threads[45544]: samples=1, wakes=2, transferred=8416, compressed=1533
threads[45545]: samples=3, wakes=2, transferred=1136, compressed=423
threads[45546]: samples=1, wakes=2, transferred=1216, compressed=391
threads[45547]: samples=3, wakes=2, transferred=4816, compressed=977
threads[45548]: samples=1, wakes=2, transferred=9792, compressed=1888
failed to write feature CPU_PMU_CAPS
[ perf record: Captured and wrote 8.642 MB /home/jagtym/Programming/ProgRowProj1/vtune/ue_k1/data.0/system-wide.perf, compressed (original 0.107 MB, ratio is 6.966) ]
