0 [4129924864] INFO perfrun.launcher <> - Launcher main begin
0 [4129924864] INFO perfrun.launcher <> - MessageCatalogInit finished
0 [4129924864] INFO perfrun.launcher <> - Launcher instance created
0 [4129924864] INFO perfrun.launcher <> - argc = 6; cmdline = /opt/intel/oneapi/vtune/2024.1/bin32/amplxe-runss -dump-vdso -r /home/jagtym/Programming/ProgRowProj1/vtune/ue_k5 --tmp-dir /tmp/amplxe-tmp-jagtym 
7 [4129924864] INFO perfrun.launcher <> - create msngr2::ICliToolContext
8 [4129924864] INFO perfrun.launcher <> - create file finder object
10 [4129393344] INFO perfrun.launcher <> - plugin [remoteplug] was disabled because it doesn't support the given collection type.
10 [4129393344] INFO perfrun.launcher <> - plugin [] was disabled because it doesn't support the given collection type.
10 [4129393344] INFO perfrun.vdso <> - dumping [vdso] pseudomodule
10 [4129393344] INFO perfrun.launcher <> - plugin [] was disabled because it doesn't support the given collection type.
10 [4129393344] INFO perfrun.launcher <> - plugin [] was disabled because it doesn't support the given collection type.
10 [4129393344] INFO perfrun.launcher <> - plugin [] was disabled because it doesn't support the given collection type.
10 [4129393344] INFO perfrun.launcher <> - plugin [] was disabled because it doesn't support the given collection type.
10 [4129393344] INFO perfrun.launcher <> - plugin [] was disabled because it doesn't support the given collection type.
10 [4129393344] INFO perfrun.launcher <> - plugin [] was disabled because it doesn't support the given collection type.
10 [4129393344] INFO perfrun.launcher <> - plugin [] was disabled because it doesn't support the given collection type.
10 [4129393344] INFO perfrun.launcher <> - plugin [] was disabled because it doesn't support the given collection type.
10 [4129393344] INFO perfrun.launcher <> - plugin [] was disabled because it doesn't support the given collection type.
10 [4129393344] INFO perfrun.launcher <> - plugin [] was disabled because it doesn't support the given collection type.
10 [4129393344] INFO perfrun.launcher <> - plugin [] was disabled because it doesn't support the given collection type.
10 [4129393344] INFO perfrun.launcher <> - plugin [] was disabled because it doesn't support the given collection type.
10 [4129393344] INFO perfrun.launcher <> - plugin [] was disabled because it doesn't support the given collection type.
10 [4129393344] INFO perfrun.launcher <> - plugin [] was disabled because it doesn't support the given collection type.
10 [4129393344] INFO perfrun.launcher <> - plugin [] was disabled because it doesn't support the given collection type.
10 [4129393344] INFO perfrun.launcher <> - plugin [] was disabled because it doesn't support the given collection type.
10 [4129393344] INFO perfrun.launcher <> - plugin [] was disabled because it doesn't support the given collection type.
10 [4129393344] INFO perfrun.launcher <> - plugin [] was disabled because it doesn't support the given collection type.
10 [4129393344] INFO perfrun.launcher <> - plugin [] was disabled because it doesn't support the given collection type.
10 [4129393344] INFO perfrun.launcher <> - plugin [] was disabled because it doesn't support the given collection type.
10 [4129393344] INFO perfrun.launcher <> - plugin [] was disabled because it doesn't support the given collection type.
10 [4129393344] INFO perfrun.launcher <> - plugin [] was disabled because it doesn't support the given collection type.
10 [4129393344] INFO perfrun.launcher <> - plugin [] was disabled because it doesn't support the given collection type.
10 [4129393344] INFO perfrun.launcher <> - plugin [] was disabled because it doesn't support the given collection type.
10 [4129924864] INFO perfrun.launcher <> - Application exit code: 0
10 [4129924864] INFO perfrun.launcher <> - Exit code: 0
