0 [4028397312] INFO perfrun.launcher <> - Launcher main begin
1 [4028397312] INFO perfrun.launcher <> - MessageCatalogInit finished
1 [4028397312] INFO perfrun.launcher <> - Launcher instance created
1 [4028397312] INFO perfrun.launcher <> - argc = 6; cmdline = /opt/intel/oneapi/vtune/2024.1/bin32/amplxe-runss -dump-vdso -r /home/jagtym/Programming/ProgRowProj1/vtune/th_k1 --tmp-dir /tmp/amplxe-tmp-jagtym 
8 [4028397312] INFO perfrun.launcher <> - create msngr2::ICliToolContext
8 [4028397312] INFO perfrun.launcher <> - create file finder object
12 [4027865792] INFO perfrun.launcher <> - plugin [remoteplug] was disabled because it doesn't support the given collection type.
12 [4027865792] INFO perfrun.launcher <> - plugin [] was disabled because it doesn't support the given collection type.
12 [4027865792] INFO perfrun.vdso <> - dumping [vdso] pseudomodule
12 [4027865792] INFO perfrun.launcher <> - plugin [] was disabled because it doesn't support the given collection type.
12 [4027865792] INFO perfrun.launcher <> - plugin [] was disabled because it doesn't support the given collection type.
12 [4027865792] INFO perfrun.launcher <> - plugin [] was disabled because it doesn't support the given collection type.
12 [4027865792] INFO perfrun.launcher <> - plugin [] was disabled because it doesn't support the given collection type.
12 [4027865792] INFO perfrun.launcher <> - plugin [] was disabled because it doesn't support the given collection type.
12 [4027865792] INFO perfrun.launcher <> - plugin [] was disabled because it doesn't support the given collection type.
12 [4027865792] INFO perfrun.launcher <> - plugin [] was disabled because it doesn't support the given collection type.
12 [4027865792] INFO perfrun.launcher <> - plugin [] was disabled because it doesn't support the given collection type.
12 [4027865792] INFO perfrun.launcher <> - plugin [] was disabled because it doesn't support the given collection type.
12 [4027865792] INFO perfrun.launcher <> - plugin [] was disabled because it doesn't support the given collection type.
12 [4027865792] INFO perfrun.launcher <> - plugin [] was disabled because it doesn't support the given collection type.
12 [4027865792] INFO perfrun.launcher <> - plugin [] was disabled because it doesn't support the given collection type.
12 [4027865792] INFO perfrun.launcher <> - plugin [] was disabled because it doesn't support the given collection type.
12 [4027865792] INFO perfrun.launcher <> - plugin [] was disabled because it doesn't support the given collection type.
12 [4027865792] INFO perfrun.launcher <> - plugin [] was disabled because it doesn't support the given collection type.
12 [4027865792] INFO perfrun.launcher <> - plugin [] was disabled because it doesn't support the given collection type.
12 [4027865792] INFO perfrun.launcher <> - plugin [] was disabled because it doesn't support the given collection type.
12 [4027865792] INFO perfrun.launcher <> - plugin [] was disabled because it doesn't support the given collection type.
12 [4027865792] INFO perfrun.launcher <> - plugin [] was disabled because it doesn't support the given collection type.
12 [4027865792] INFO perfrun.launcher <> - plugin [] was disabled because it doesn't support the given collection type.
12 [4027865792] INFO perfrun.launcher <> - plugin [] was disabled because it doesn't support the given collection type.
13 [4027865792] INFO perfrun.launcher <> - plugin [] was disabled because it doesn't support the given collection type.
13 [4027865792] INFO perfrun.launcher <> - plugin [] was disabled because it doesn't support the given collection type.
13 [4027865792] INFO perfrun.launcher <> - plugin [] was disabled because it doesn't support the given collection type.
13 [4028397312] INFO perfrun.launcher <> - Application exit code: 0
13 [4028397312] INFO perfrun.launcher <> - Exit code: 0
