0 [132382964169600] INFO perfrun.launcher <> - Launcher main begin
0 [132382964169600] INFO perfrun.launcher <> - MessageCatalogInit finished
0 [132382964169600] INFO perfrun.launcher <> - Launcher instance created
0 [132382964169600] INFO perfrun.launcher <> - argc = 7; cmdline = /opt/intel/oneapi/vtune/2024.1/bin64/amplxe-runss --ui-output-format xml --ui-output-fd 5 --option-file /home/jagtym/Programming/ProgRowProj1/vtune/th_k1/config/runss.options 
17 [132382964169600] INFO perfrun.launcher <> - create msngr2::ICliToolContext
17 [132382964169600] INFO perfrun.launcher <> - create file finder object
17 [132382964169600] INFO perfrun.launcher <> - create a result directory: pattern = /home/jagtym/Programming/ProgRowProj1/vtune/th_k1 pid = 4294967295
18 [132382964169600] INFO perfrun.sdk <> - checked that the directory /home/jagtym/Programming/ProgRowProj1/vtune/th_k1 is a local directory
18 [132382964169600] INFO perfrun.sdk <> - the directory /home/jagtym/Programming/ProgRowProj1/vtune/th_k1 is a local directory with FS type ID 61267
18 [132382964169600] INFO perfrun.launcher <> - create data directory = /home/jagtym/Programming/ProgRowProj1/vtune/th_k1/data.0
18 [132382964169600] INFO perfrun.launcher <> - Creating the master collection flag
19 [132382964169600] INFO perfrun.launcher <> - Done creating the master collection flag
20 [132382740973120] INFO perfrun.launcher <> - plugin [remoteplug] was disabled because it doesn't support the given collection type.
21 [132382740973120] INFO perfrun.sdk <> - Allocating TMU :/home/jagtym/Programming/ProgRowProj1/vtune/th_k1/data.0/systemcollector-45402-pop-os.sc
21 [132382740973120] INFO perfrun.system <> - Tpss based collection
21 [132382740973120] INFO perfrun.launcher <> - plugin [ptracecollector] was disabled because it doesn't support the given collection type.
21 [132382740973120] INFO perfrun.launcher <> - plugin [gpu] was disabled because it doesn't support the given collection type.
21 [132382740973120] INFO perfrun.launcher <> - plugin [] was disabled because it doesn't support the given collection type.
21 [132382740973120] INFO perfrun.launcher <> - plugin [] was disabled because it doesn't support the given collection type.
21 [132382740973120] INFO perfrun.launcher <> - plugin [] was disabled because it doesn't support the given collection type.
21 [132382740973120] INFO perfrun.mrte <> - system-wide mode is 0
21 [132382740973120] INFO perfrun.mrte <> - Getting  mrte profiling environment ...
24 [132382740973120] INFO perfrun.mrte <> - INTEL_MRTE_DATA_DIR=/home/jagtym/Programming/ProgRowProj1/vtune/th_k1/data.0
24 [132382740973120] INFO perfrun.mrte <> - INTEL_MRTE_HOST_NAME=pop-os
24 [132382740973120] INFO perfrun.mrte <> - JAVA_TOOL_OPTIONS=-agentlib:amplxe_tpssmrte_javaprof_1.0 -Dsun.boot.library.path=/opt/intel/oneapi/vtune/2024.1/lib32/runtime:/opt/intel/oneapi/vtune/2024.1/lib64/runtime
24 [132382740973120] INFO perfrun.mrte <> - LD_LIBRARY_PATH=/opt/intel/oneapi/vtune/2024.1/lib32/runtime:/opt/intel/oneapi/vtune/2024.1/lib64/runtime
24 [132382740973120] INFO perfrun.mrte <> - CORECLR_ENABLE_PROFILING=1
24 [132382740973120] INFO perfrun.mrte <> - CORECLR_PROFILER={AA5E4821-E3B1-479c-B7FF-5AD047D22CED}
24 [132382740973120] INFO perfrun.mrte <> - CORECLR_PROFILER_PATH=/opt/intel/oneapi/vtune/2024.1/lib64/libamplxe_samplingmrte_clrprof_1.0.so
24 [132382740973120] INFO perfrun.mrte <> - INTEL_MRTE_PROFILER_MODE=mixed
24 [132382740973120] INFO perfrun.mrte <> - Data directory: /home/jagtym/Programming/ProgRowProj1/vtune/th_k1/data.0
24 [132382740973120] INFO perfrun.mrte <> - Mrte plugin is initialized
24 [132382740973120] INFO perfrun.launcher <> - plugin [emon] was disabled because it doesn't support the given collection type.
24 [132382740973120] INFO perfrun.launcher <> - plugin [cuscol] was disabled because it doesn't support the given collection type.
24 [132382740973120] INFO perfrun.launcher <> - plugin [stdsrc] was disabled because it doesn't support the given collection type.
24 [132382740973120] INFO perfrun.launcher <> - plugin [sep] was disabled because it doesn't support the given collection type.
24 [132382740973120] INFO perfrun.launcher <> - plugin [vtsspp] was disabled because it doesn't support the given collection type.
24 [132382740973120] INFO perfrun.launcher <> - plugin [perf] was disabled because it doesn't support the given collection type.
24 [132382740973120] INFO perfrun.launcher <> - plugin [aoclprofile] was disabled because it doesn't support the given collection type.
24 [132382740973120] INFO perfrun.tpss <> - initialize tpss controller
24 [132382740973120] INFO perfrun.tpss <> - configure collection mode: value = cpu:counters:nostack
24 [132382740973120] INFO perfrun.tpss <> - configure collection mode: value = cpu:stack
24 [132382740973120] INFO perfrun.tpss <> - configure collection mode: value = threading:stack
24 [132382740973120] INFO perfrun.tpss <> - configure collection mode: value = waiting:stack
24 [132382740973120] INFO perfrun.tpss <> - configure collection mode: value = io:stack
24 [132382740973120] INFO perfrun.tpss <> - default obj-size-min=1024
24 [132382740973120] INFO perfrun.tpss <> - default hash-table-size=0
24 [132382740973120] INFO perfrun.launcher <> - plugin [media] was disabled because it doesn't support the given collection type.
24 [132382740973120] INFO perfrun.launcher <> - plugin [] was disabled because it doesn't support the given collection type.
24 [132382740973120] INFO perfrun.launcher <> - plugin [] was disabled because it doesn't support the given collection type.
24 [132382740973120] INFO perfrun.launcher <> - plugin [parallelfs] was disabled because it doesn't support the given collection type.
24 [132382740973120] INFO perfrun.launcher <> - plugin [power] was disabled because it doesn't support the given collection type.
24 [132382740973120] INFO perfrun.launcher <> - plugin [] was disabled because it doesn't support the given collection type.
24 [132382740973120] INFO perfrun.launcher <> - plugin [ipmwatch] was disabled because it doesn't support the given collection type.
24 [132382740973120] INFO perfrun.launcher <> - plugin [os_counters] was disabled because it doesn't support the given collection type.
24 [132382740973120] INFO perfrun.launcher <> - plugin [l0_metrics] was disabled because it doesn't support the given collection type.
24 [132382964169600] INFO perfrun.launcher <> - set environment variable: LD_LIBRARY_PATH = /opt/intel/oneapi/vtune/2024.1/lib32/runtime:/opt/intel/oneapi/vtune/2024.1/lib64/runtime
24 [132382964169600] INFO perfrun.launcher <> - set environment variable: INTEL_LIBITTNOTIFY32 = /opt/intel/oneapi/vtune/2024.1/lib32/runtime/libittnotify_collector.so
25 [132382964169600] INFO perfrun.launcher <> - set environment variable: INTEL_LIBITTNOTIFY64 = /opt/intel/oneapi/vtune/2024.1/lib64/runtime/libittnotify_collector.so
25 [132382964169600] INFO perfrun.launcher <> - set environment variable: INTEL_ITTNOTIFY_GROUPS = 
25 [132382964169600] INFO perfrun.launcher <> - set environment variable: INTEL_JIT_PROFILER32 = /opt/intel/oneapi/vtune/2024.1/lib32/runtime/libittnotify_collector.so
25 [132382964169600] INFO perfrun.launcher <> - set environment variable: INTEL_JIT_PROFILER64 = /opt/intel/oneapi/vtune/2024.1/lib64/runtime/libittnotify_collector.so
25 [132382964169600] INFO perfrun.launcher <> - set environment variable: OMP_TOOL_LIBRARIES = /opt/intel/oneapi/vtune/2024.1/lib32/runtime/libittnotify_collector.so:/opt/intel/oneapi/vtune/2024.1/lib64/runtime/libittnotify_collector.so
25 [132382964169600] INFO perfrun.launcher <> - set environment variable: ENABLE_JITPROFILING = 1
25 [132382964169600] INFO perfrun.launcher <> - set environment variable: CL_CONFIG_USE_VTUNE = True
25 [132382964169600] INFO perfrun.launcher <> - set environment variable: INTEL_MRTE_DATA_DIR = /home/jagtym/Programming/ProgRowProj1/vtune/th_k1/data.0
25 [132382964169600] INFO perfrun.launcher <> - set environment variable: INTEL_MRTE_HOST_NAME = pop-os
25 [132382964169600] INFO perfrun.launcher <> - set environment variable: JAVA_TOOL_OPTIONS = -agentlib:amplxe_tpssmrte_javaprof_1.0 -Dsun.boot.library.path=/opt/intel/oneapi/vtune/2024.1/lib32/runtime:/opt/intel/oneapi/vtune/2024.1/lib64/runtime
25 [132382964169600] INFO perfrun.launcher <> - set environment variable: LD_LIBRARY_PATH = /opt/intel/oneapi/vtune/2024.1/lib32/runtime:/opt/intel/oneapi/vtune/2024.1/lib64/runtime
25 [132382964169600] INFO perfrun.launcher <> - set environment variable: CORECLR_ENABLE_PROFILING = 1
25 [132382964169600] INFO perfrun.launcher <> - set environment variable: CORECLR_PROFILER = {AA5E4821-E3B1-479c-B7FF-5AD047D22CED}
25 [132382964169600] INFO perfrun.launcher <> - set environment variable: CORECLR_PROFILER_PATH = /opt/intel/oneapi/vtune/2024.1/lib64/libamplxe_samplingmrte_clrprof_1.0.so
25 [132382964169600] INFO perfrun.launcher <> - set environment variable: INTEL_MRTE_PROFILER_MODE = mixed
25 [132382964169600] INFO perfrun.launcher <> - RpcServer: run RPC server to handle requests
25 [132382964169600] INFO perfrun.launcher <> - Launcher: command line to start before modification = build/k1
25 [132382964169600] INFO perfrun.launcher <> - Launcher: command line to start after modification = /opt/intel/oneapi/vtune/2024.1/bin64/pin -error_file /home/jagtym/Programming/ProgRowProj1/vtune/th_k1/data.0/pinerr.tpsslog -detach_reattach -follow_execv -tool_load_option deepbind -t64 /opt/intel/oneapi/vtune/2024.1/lib64/libtpsstool.so -t /opt/intel/oneapi/vtune/2024.1/lib32/libtpsstool.so -server_name tpss_ipc.45402 -prd_dir /opt/intel/oneapi/vtune/2024.1 -- build/k1
25 [132382964169600] INFO perfrun.launcher <> - ProcessCreator object was created
25 [132382964169600] INFO perfrun.launcher <> - Launcher: the process was started in suspend mode
26 [132382740973120] WARN perfrun.system <> - Could not do anything with /sys/kernel/debug/kvm: boost::filesystem::status: Permission denied [system:13]: "/sys/kernel/debug/kvm", at file: vcs/perfrun1/plugins/system/src/trace_writer.cpp:787
26 [132382740973120] WARN perfrun.system <> - File "/var/run/libvirt/qemu/driver.xml" doesn't exist, at file: vcs/perfrun1/plugins/system/src/trace_writer.cpp:892
27 [132382740973120] WARN perfrun.sdk <> - Failed to find xl binary on any of the system paths: /bin, /sbin, /usr/bin, /usr/sbin., at file: vcs/perfrun1/sdk/src/utils.cpp:204
27 [132382740973120] WARN perfrun.system <> - Could not start ContainerMapping collector, at file: vcs/perfrun1/plugins/system/src/controller.cpp:448
47 [132382740973120] INFO perfrun.vdso <> - Helper runtool '/opt/intel/oneapi/vtune/2024.1/bin32/amplxe-runss -dump-vdso -r /home/jagtym/Programming/ProgRowProj1/vtune/th_k1 --tmp-dir /tmp/amplxe-tmp-jagtym' returned 0
80 [132382740973120] INFO perfrun.vdso <> - Helper runtool '/opt/intel/oneapi/vtune/2024.1/bin64/amplxe-runss -dump-vdso -r /home/jagtym/Programming/ProgRowProj1/vtune/th_k1 --tmp-dir /tmp/amplxe-tmp-jagtym' returned 0
80 [132382740973120] INFO perfrun.itt <> - start itt controller for pid #45407
80 [132382740973120] INFO perfrun.tpss <> - start tpss controller for pid #45407
131 [132382964169600] INFO perfrun.launcher <> - Launcher: all plugins were started
131 [132382964169600] INFO perfrun.launcher <> - DirectoryMonitor object was created
131 [132382964169600] INFO perfrun.launcher <> - DirectoryMonitor: a callback was added
131 [132382964169600] INFO perfrun.launcher <> - DirectoryMonitor was started with pingTime = 1000
131 [132382964169600] INFO perfrun.launcher <> - DeadlineTimer is going to be constructed
131 [132382964169600] INFO perfrun.launcher <> - DeadlineTimer: a callback was added
136 [132382964169600] INFO perfrun.launcher <> - Launcher: resume the profiled application and  wait its termination or stop command
286 [132382964169600] INFO perfrun.launcher <> - Launcher: the profiled application was terminated  with exit code = 0
287 [132382740973120] INFO perfrun.itt <> - detach itt controller
288 [132382740973120] INFO perfrun.itt <> - detach itt controller done
288 [132382740973120] INFO perfrun.tpss <> - stop tpss controller
288 [132382740973120] INFO perfrun.sdk <> - De-allocating TMU: /home/jagtym/Programming/ProgRowProj1/vtune/th_k1/data.0/systemcollector-45402-pop-os.sc
288 [132382740973120] INFO perfrun.system <> - closed the system trace file: /home/jagtym/Programming/ProgRowProj1/vtune/th_k1/data.0/systemcollector-45402-pop-os.sc
288 [132382964169600] INFO perfrun.launcher <> - Launcher: all plugins were stopped.
288 [132382964169600] INFO perfrun.launcher <> - DeadlineTimer is going to be destroyed
288 [132382964169600] INFO perfrun.launcher <> - DeadlineTimer was destroyed
288 [132382964169600] INFO perfrun.launcher <> - DirectoryMonitor object was destroyed
288 [132382964169600] WARN perfrun.launcher <> - Stop command is ignored because it is received when collection is already stopped, at file: vcs/perfrun1/launcher/src/command_handler.cpp:226
288 [132382964169600] INFO perfrun.launcher <> - Application exit code: 0
288 [132382964169600] INFO perfrun.launcher <> - Exit code: 0
