0 [138191724189504] INFO perfrun.launcher <> - Launcher main begin
0 [138191724189504] INFO perfrun.launcher <> - MessageCatalogInit finished
0 [138191724189504] INFO perfrun.launcher <> - Launcher instance created
0 [138191724189504] INFO perfrun.launcher <> - argc = 7; cmdline = /opt/intel/oneapi/vtune/2024.1/bin64/amplxe-runss --ui-output-format xml --ui-output-fd 5 --option-file /home/jagtym/Programming/ProgRowProj1/vtune/th_k1/config/runss.options 
16 [138191724189504] INFO perfrun.launcher <> - create msngr2::ICliToolContext
16 [138191724189504] INFO perfrun.launcher <> - create file finder object
17 [138191724189504] INFO perfrun.launcher <> - create a result directory: pattern = /home/jagtym/Programming/ProgRowProj1/vtune/th_k1 pid = 4294967295
17 [138191724189504] INFO perfrun.sdk <> - checked that the directory /home/jagtym/Programming/ProgRowProj1/vtune/th_k1 is a local directory
17 [138191724189504] INFO perfrun.sdk <> - the directory /home/jagtym/Programming/ProgRowProj1/vtune/th_k1 is a local directory with FS type ID 61267
17 [138191724189504] INFO perfrun.launcher <> - create data directory = /home/jagtym/Programming/ProgRowProj1/vtune/th_k1/data.0
17 [138191724189504] INFO perfrun.launcher <> - Creating the master collection flag
20 [138191724189504] INFO perfrun.launcher <> - Done creating the master collection flag
21 [138191499691584] INFO perfrun.launcher <> - plugin [remoteplug] was disabled because it doesn't support the given collection type.
21 [138191499691584] INFO perfrun.sdk <> - Allocating TMU :/home/jagtym/Programming/ProgRowProj1/vtune/th_k1/data.0/systemcollector-90598-pop-os.sc
21 [138191499691584] INFO perfrun.system <> - Tpss based collection
21 [138191499691584] INFO perfrun.launcher <> - plugin [ptracecollector] was disabled because it doesn't support the given collection type.
21 [138191499691584] INFO perfrun.launcher <> - plugin [gpu] was disabled because it doesn't support the given collection type.
21 [138191499691584] INFO perfrun.launcher <> - plugin [] was disabled because it doesn't support the given collection type.
21 [138191499691584] INFO perfrun.launcher <> - plugin [] was disabled because it doesn't support the given collection type.
21 [138191499691584] INFO perfrun.launcher <> - plugin [] was disabled because it doesn't support the given collection type.
21 [138191499691584] INFO perfrun.mrte <> - system-wide mode is 0
21 [138191499691584] INFO perfrun.mrte <> - Getting  mrte profiling environment ...
24 [138191499691584] INFO perfrun.mrte <> - INTEL_MRTE_DATA_DIR=/home/jagtym/Programming/ProgRowProj1/vtune/th_k1/data.0
24 [138191499691584] INFO perfrun.mrte <> - INTEL_MRTE_HOST_NAME=pop-os
24 [138191499691584] INFO perfrun.mrte <> - JAVA_TOOL_OPTIONS=-agentlib:amplxe_tpssmrte_javaprof_1.0 -Dsun.boot.library.path=/opt/intel/oneapi/vtune/2024.1/lib32/runtime:/opt/intel/oneapi/vtune/2024.1/lib64/runtime
24 [138191499691584] INFO perfrun.mrte <> - LD_LIBRARY_PATH=/opt/intel/oneapi/vtune/2024.1/lib32/runtime:/opt/intel/oneapi/vtune/2024.1/lib64/runtime:/opt/intel/oneapi/tbb/2021.12/env/../lib/intel64/gcc4.8:/opt/intel/oneapi/mpi/2021.12/opt/mpi/libfabric/lib:/opt/intel/oneapi/mpi/2021.12/lib:/opt/intel/oneapi/dpl/2022.5/lib:/opt/intel/oneapi/debugger/2024.1/opt/debugger/lib:/opt/intel/oneapi/compiler/2024.1/opt/oclfpga/host/linux64/lib:/opt/intel/oneapi/compiler/2024.1/opt/compiler/lib:/opt/intel/oneapi/compiler/2024.1/lib
24 [138191499691584] INFO perfrun.mrte <> - CORECLR_ENABLE_PROFILING=1
24 [138191499691584] INFO perfrun.mrte <> - CORECLR_PROFILER={AA5E4821-E3B1-479c-B7FF-5AD047D22CED}
24 [138191499691584] INFO perfrun.mrte <> - CORECLR_PROFILER_PATH=/opt/intel/oneapi/vtune/2024.1/lib64/libamplxe_samplingmrte_clrprof_1.0.so
24 [138191499691584] INFO perfrun.mrte <> - INTEL_MRTE_PROFILER_MODE=mixed
24 [138191499691584] INFO perfrun.mrte <> - Data directory: /home/jagtym/Programming/ProgRowProj1/vtune/th_k1/data.0
24 [138191499691584] INFO perfrun.mrte <> - Mrte plugin is initialized
24 [138191499691584] INFO perfrun.launcher <> - plugin [emon] was disabled because it doesn't support the given collection type.
24 [138191499691584] INFO perfrun.launcher <> - plugin [cuscol] was disabled because it doesn't support the given collection type.
24 [138191499691584] INFO perfrun.launcher <> - plugin [stdsrc] was disabled because it doesn't support the given collection type.
24 [138191499691584] INFO perfrun.launcher <> - plugin [sep] was disabled because it doesn't support the given collection type.
24 [138191499691584] INFO perfrun.launcher <> - plugin [vtsspp] was disabled because it doesn't support the given collection type.
24 [138191499691584] INFO perfrun.launcher <> - plugin [perf] was disabled because it doesn't support the given collection type.
24 [138191499691584] INFO perfrun.launcher <> - plugin [aoclprofile] was disabled because it doesn't support the given collection type.
24 [138191499691584] INFO perfrun.tpss <> - initialize tpss controller
24 [138191499691584] INFO perfrun.tpss <> - configure collection mode: value = cpu:counters:nostack
24 [138191499691584] INFO perfrun.tpss <> - configure collection mode: value = cpu:stack
24 [138191499691584] INFO perfrun.tpss <> - configure collection mode: value = threading:stack
24 [138191499691584] INFO perfrun.tpss <> - configure collection mode: value = waiting:stack
24 [138191499691584] INFO perfrun.tpss <> - configure collection mode: value = io:stack
24 [138191499691584] INFO perfrun.tpss <> - default obj-size-min=1024
24 [138191499691584] INFO perfrun.tpss <> - default hash-table-size=0
25 [138191499691584] INFO perfrun.launcher <> - plugin [media] was disabled because it doesn't support the given collection type.
25 [138191499691584] INFO perfrun.launcher <> - plugin [] was disabled because it doesn't support the given collection type.
25 [138191499691584] INFO perfrun.launcher <> - plugin [] was disabled because it doesn't support the given collection type.
25 [138191499691584] INFO perfrun.launcher <> - plugin [parallelfs] was disabled because it doesn't support the given collection type.
25 [138191499691584] INFO perfrun.launcher <> - plugin [power] was disabled because it doesn't support the given collection type.
25 [138191499691584] INFO perfrun.launcher <> - plugin [] was disabled because it doesn't support the given collection type.
25 [138191499691584] INFO perfrun.launcher <> - plugin [ipmwatch] was disabled because it doesn't support the given collection type.
25 [138191499691584] INFO perfrun.launcher <> - plugin [os_counters] was disabled because it doesn't support the given collection type.
25 [138191499691584] INFO perfrun.launcher <> - plugin [l0_metrics] was disabled because it doesn't support the given collection type.
25 [138191724189504] INFO perfrun.launcher <> - set environment variable: LD_LIBRARY_PATH = /opt/intel/oneapi/vtune/2024.1/lib32/runtime:/opt/intel/oneapi/vtune/2024.1/lib64/runtime:/opt/intel/oneapi/tbb/2021.12/env/../lib/intel64/gcc4.8:/opt/intel/oneapi/mpi/2021.12/opt/mpi/libfabric/lib:/opt/intel/oneapi/mpi/2021.12/lib:/opt/intel/oneapi/dpl/2022.5/lib:/opt/intel/oneapi/debugger/2024.1/opt/debugger/lib:/opt/intel/oneapi/compiler/2024.1/opt/oclfpga/host/linux64/lib:/opt/intel/oneapi/compiler/2024.1/opt/compiler/lib:/opt/intel/oneapi/compiler/2024.1/lib
25 [138191724189504] INFO perfrun.launcher <> - set environment variable: INTEL_LIBITTNOTIFY32 = /opt/intel/oneapi/vtune/2024.1/lib32/runtime/libittnotify_collector.so
25 [138191724189504] INFO perfrun.launcher <> - set environment variable: INTEL_LIBITTNOTIFY64 = /opt/intel/oneapi/vtune/2024.1/lib64/runtime/libittnotify_collector.so
25 [138191724189504] INFO perfrun.launcher <> - set environment variable: INTEL_ITTNOTIFY_GROUPS = 
25 [138191724189504] INFO perfrun.launcher <> - set environment variable: INTEL_JIT_PROFILER32 = /opt/intel/oneapi/vtune/2024.1/lib32/runtime/libittnotify_collector.so
25 [138191724189504] INFO perfrun.launcher <> - set environment variable: INTEL_JIT_PROFILER64 = /opt/intel/oneapi/vtune/2024.1/lib64/runtime/libittnotify_collector.so
25 [138191724189504] INFO perfrun.launcher <> - set environment variable: OMP_TOOL_LIBRARIES = /opt/intel/oneapi/vtune/2024.1/lib32/runtime/libittnotify_collector.so:/opt/intel/oneapi/vtune/2024.1/lib64/runtime/libittnotify_collector.so
25 [138191724189504] INFO perfrun.launcher <> - set environment variable: ENABLE_JITPROFILING = 1
25 [138191724189504] INFO perfrun.launcher <> - set environment variable: CL_CONFIG_USE_VTUNE = True
25 [138191724189504] INFO perfrun.launcher <> - set environment variable: INTEL_MRTE_DATA_DIR = /home/jagtym/Programming/ProgRowProj1/vtune/th_k1/data.0
25 [138191724189504] INFO perfrun.launcher <> - set environment variable: INTEL_MRTE_HOST_NAME = pop-os
25 [138191724189504] INFO perfrun.launcher <> - set environment variable: JAVA_TOOL_OPTIONS = -agentlib:amplxe_tpssmrte_javaprof_1.0 -Dsun.boot.library.path=/opt/intel/oneapi/vtune/2024.1/lib32/runtime:/opt/intel/oneapi/vtune/2024.1/lib64/runtime
25 [138191724189504] INFO perfrun.launcher <> - set environment variable: LD_LIBRARY_PATH = /opt/intel/oneapi/vtune/2024.1/lib32/runtime:/opt/intel/oneapi/vtune/2024.1/lib64/runtime:/opt/intel/oneapi/tbb/2021.12/env/../lib/intel64/gcc4.8:/opt/intel/oneapi/mpi/2021.12/opt/mpi/libfabric/lib:/opt/intel/oneapi/mpi/2021.12/lib:/opt/intel/oneapi/dpl/2022.5/lib:/opt/intel/oneapi/debugger/2024.1/opt/debugger/lib:/opt/intel/oneapi/compiler/2024.1/opt/oclfpga/host/linux64/lib:/opt/intel/oneapi/compiler/2024.1/opt/compiler/lib:/opt/intel/oneapi/compiler/2024.1/lib
25 [138191724189504] INFO perfrun.launcher <> - set environment variable: CORECLR_ENABLE_PROFILING = 1
25 [138191724189504] INFO perfrun.launcher <> - set environment variable: CORECLR_PROFILER = {AA5E4821-E3B1-479c-B7FF-5AD047D22CED}
25 [138191724189504] INFO perfrun.launcher <> - set environment variable: CORECLR_PROFILER_PATH = /opt/intel/oneapi/vtune/2024.1/lib64/libamplxe_samplingmrte_clrprof_1.0.so
25 [138191724189504] INFO perfrun.launcher <> - set environment variable: INTEL_MRTE_PROFILER_MODE = mixed
25 [138191724189504] INFO perfrun.launcher <> - RpcServer: run RPC server to handle requests
25 [138191724189504] INFO perfrun.launcher <> - Launcher: command line to start before modification = build/k1
25 [138191724189504] INFO perfrun.launcher <> - Launcher: command line to start after modification = /opt/intel/oneapi/vtune/2024.1/bin64/pin -error_file /home/jagtym/Programming/ProgRowProj1/vtune/th_k1/data.0/pinerr.tpsslog -detach_reattach -follow_execv -tool_load_option deepbind -t64 /opt/intel/oneapi/vtune/2024.1/lib64/libtpsstool.so -t /opt/intel/oneapi/vtune/2024.1/lib32/libtpsstool.so -server_name tpss_ipc.90598 -prd_dir /opt/intel/oneapi/vtune/2024.1 -- build/k1
25 [138191724189504] INFO perfrun.launcher <> - ProcessCreator object was created
25 [138191724189504] INFO perfrun.launcher <> - Launcher: the process was started in suspend mode
26 [138191499691584] WARN perfrun.system <> - File "/var/run/libvirt/qemu/driver.xml" doesn't exist, at file: vcs/perfrun1/plugins/system/src/trace_writer.cpp:892
27 [138191499691584] WARN perfrun.sdk <> - Failed to find xl binary on any of the system paths: /bin, /sbin, /usr/bin, /usr/sbin., at file: vcs/perfrun1/sdk/src/utils.cpp:204
27 [138191499691584] WARN perfrun.system <> - Could not start ContainerMapping collector, at file: vcs/perfrun1/plugins/system/src/controller.cpp:448
49 [138191499691584] INFO perfrun.vdso <> - Helper runtool '/opt/intel/oneapi/vtune/2024.1/bin32/amplxe-runss -dump-vdso -r /home/jagtym/Programming/ProgRowProj1/vtune/th_k1 --tmp-dir /tmp/amplxe-tmp-root' returned 0
81 [138191499691584] INFO perfrun.vdso <> - Helper runtool '/opt/intel/oneapi/vtune/2024.1/bin64/amplxe-runss -dump-vdso -r /home/jagtym/Programming/ProgRowProj1/vtune/th_k1 --tmp-dir /tmp/amplxe-tmp-root' returned 0
81 [138191499691584] INFO perfrun.itt <> - start itt controller for pid #90603
81 [138191499691584] INFO perfrun.tpss <> - start tpss controller for pid #90603
131 [138191724189504] INFO perfrun.launcher <> - Launcher: all plugins were started
132 [138191724189504] INFO perfrun.launcher <> - DirectoryMonitor object was created
132 [138191724189504] INFO perfrun.launcher <> - DirectoryMonitor: a callback was added
132 [138191724189504] INFO perfrun.launcher <> - DirectoryMonitor was started with pingTime = 1000
132 [138191724189504] INFO perfrun.launcher <> - DeadlineTimer is going to be constructed
132 [138191724189504] INFO perfrun.launcher <> - DeadlineTimer: a callback was added
138 [138191724189504] INFO perfrun.launcher <> - Launcher: resume the profiled application and  wait its termination or stop command
318 [138191724189504] INFO perfrun.launcher <> - Launcher: the profiled application was terminated  with exit code = 0
320 [138191499691584] INFO perfrun.itt <> - detach itt controller
320 [138191499691584] INFO perfrun.itt <> - detach itt controller done
320 [138191499691584] INFO perfrun.tpss <> - stop tpss controller
320 [138191499691584] INFO perfrun.sdk <> - De-allocating TMU: /home/jagtym/Programming/ProgRowProj1/vtune/th_k1/data.0/systemcollector-90598-pop-os.sc
320 [138191499691584] INFO perfrun.system <> - closed the system trace file: /home/jagtym/Programming/ProgRowProj1/vtune/th_k1/data.0/systemcollector-90598-pop-os.sc
320 [138191724189504] INFO perfrun.launcher <> - Launcher: all plugins were stopped.
320 [138191724189504] INFO perfrun.launcher <> - DeadlineTimer is going to be destroyed
320 [138191724189504] INFO perfrun.launcher <> - DeadlineTimer was destroyed
321 [138191724189504] INFO perfrun.launcher <> - DirectoryMonitor object was destroyed
321 [138191724189504] WARN perfrun.launcher <> - Stop command is ignored because it is received when collection is already stopped, at file: vcs/perfrun1/launcher/src/command_handler.cpp:226
321 [138191724189504] INFO perfrun.launcher <> - Application exit code: 0
321 [138191724189504] INFO perfrun.launcher <> - Exit code: 0
