0 [131993749706560] INFO perfrun.launcher <> - Launcher main begin
0 [131993749706560] INFO perfrun.launcher <> - MessageCatalogInit finished
0 [131993749706560] INFO perfrun.launcher <> - Launcher instance created
0 [131993749706560] INFO perfrun.launcher <> - argc = 7; cmdline = /opt/intel/oneapi/vtune/2024.1/bin64/amplxe-runss --ui-output-format xml --ui-output-fd 5 --option-file /home/jagtym/Programming/ProgRowProj1/vtune/hs_k3/config/runss.options 
16 [131993749706560] INFO perfrun.launcher <> - create msngr2::ICliToolContext
16 [131993749706560] INFO perfrun.launcher <> - create file finder object
16 [131993749706560] INFO perfrun.launcher <> - create a result directory: pattern = /home/jagtym/Programming/ProgRowProj1/vtune/hs_k3 pid = 4294967295
17 [131993749706560] INFO perfrun.sdk <> - checked that the directory /home/jagtym/Programming/ProgRowProj1/vtune/hs_k3 is a local directory
17 [131993749706560] INFO perfrun.sdk <> - the directory /home/jagtym/Programming/ProgRowProj1/vtune/hs_k3 is a local directory with FS type ID 61267
17 [131993749706560] INFO perfrun.launcher <> - create data directory = /home/jagtym/Programming/ProgRowProj1/vtune/hs_k3/data.0
17 [131993749706560] INFO perfrun.launcher <> - Creating the master collection flag
19 [131993749706560] INFO perfrun.launcher <> - Done creating the master collection flag
20 [131993526339136] INFO perfrun.launcher <> - plugin [remoteplug] was disabled because it doesn't support the given collection type.
20 [131993526339136] INFO perfrun.sdk <> - Allocating TMU :/home/jagtym/Programming/ProgRowProj1/vtune/hs_k3/data.0/systemcollector-91923-pop-os.sc
20 [131993526339136] INFO perfrun.system <> - Tpss based collection
20 [131993526339136] INFO perfrun.launcher <> - plugin [ptracecollector] was disabled because it doesn't support the given collection type.
20 [131993526339136] INFO perfrun.launcher <> - plugin [gpu] was disabled because it doesn't support the given collection type.
20 [131993526339136] INFO perfrun.launcher <> - plugin [] was disabled because it doesn't support the given collection type.
20 [131993526339136] INFO perfrun.launcher <> - plugin [] was disabled because it doesn't support the given collection type.
20 [131993526339136] INFO perfrun.launcher <> - plugin [] was disabled because it doesn't support the given collection type.
20 [131993526339136] INFO perfrun.mrte <> - system-wide mode is 0
20 [131993526339136] INFO perfrun.mrte <> - Getting  mrte profiling environment ...
23 [131993526339136] INFO perfrun.mrte <> - INTEL_MRTE_DATA_DIR=/home/jagtym/Programming/ProgRowProj1/vtune/hs_k3/data.0
23 [131993526339136] INFO perfrun.mrte <> - INTEL_MRTE_HOST_NAME=pop-os
23 [131993526339136] INFO perfrun.mrte <> - JAVA_TOOL_OPTIONS=-agentlib:amplxe_tpssmrte_javaprof_1.0 -Dsun.boot.library.path=/opt/intel/oneapi/vtune/2024.1/lib32/runtime:/opt/intel/oneapi/vtune/2024.1/lib64/runtime
23 [131993526339136] INFO perfrun.mrte <> - LD_LIBRARY_PATH=/opt/intel/oneapi/vtune/2024.1/lib32/runtime:/opt/intel/oneapi/vtune/2024.1/lib64/runtime:/opt/intel/oneapi/tbb/2021.12/env/../lib/intel64/gcc4.8:/opt/intel/oneapi/mpi/2021.12/opt/mpi/libfabric/lib:/opt/intel/oneapi/mpi/2021.12/lib:/opt/intel/oneapi/dpl/2022.5/lib:/opt/intel/oneapi/debugger/2024.1/opt/debugger/lib:/opt/intel/oneapi/compiler/2024.1/opt/oclfpga/host/linux64/lib:/opt/intel/oneapi/compiler/2024.1/opt/compiler/lib:/opt/intel/oneapi/compiler/2024.1/lib
23 [131993526339136] INFO perfrun.mrte <> - CORECLR_ENABLE_PROFILING=1
23 [131993526339136] INFO perfrun.mrte <> - CORECLR_PROFILER={AA5E4821-E3B1-479c-B7FF-5AD047D22CED}
23 [131993526339136] INFO perfrun.mrte <> - CORECLR_PROFILER_PATH=/opt/intel/oneapi/vtune/2024.1/lib64/libamplxe_samplingmrte_clrprof_1.0.so
23 [131993526339136] INFO perfrun.mrte <> - INTEL_MRTE_PROFILER_MODE=mixed
23 [131993526339136] INFO perfrun.mrte <> - Data directory: /home/jagtym/Programming/ProgRowProj1/vtune/hs_k3/data.0
23 [131993526339136] INFO perfrun.mrte <> - Mrte plugin is initialized
23 [131993526339136] INFO perfrun.sdk <> - runCmd: /opt/intel/oneapi/vtune/2024.1/bin64/emon -v
24 [131993526339136] INFO perfrun.sdk <> - runCmd started PID 91927
135 [131993526339136] INFO perfrun.emon <> - Extracted TSC Frequency = 3.4944e+09 from emon -v
135 [131993526339136] INFO perfrun.metrics <> - PMU type is alderlake
135 [131993526339136] INFO perfrun.launcher <> - plugin [cuscol] was disabled because it doesn't support the given collection type.
136 [131993526339136] INFO perfrun.launcher <> - plugin [stdsrc] was disabled because it doesn't support the given collection type.
136 [131993526339136] INFO perfrun.launcher <> - plugin [sep] was disabled because it doesn't support the given collection type.
136 [131993526339136] INFO perfrun.launcher <> - plugin [vtsspp] was disabled because it doesn't support the given collection type.
136 [131993526339136] INFO perfrun.launcher <> - plugin [perf] was disabled because it doesn't support the given collection type.
136 [131993526339136] INFO perfrun.launcher <> - plugin [aoclprofile] was disabled because it doesn't support the given collection type.
136 [131993526339136] INFO perfrun.tpss <> - initialize tpss controller
136 [131993526339136] INFO perfrun.tpss <> - configure collection mode: value = cpu:counters:nostack
136 [131993526339136] INFO perfrun.tpss <> - configure collection mode: value = cpu:stack
136 [131993526339136] INFO perfrun.tpss <> - default obj-size-min=1024
136 [131993526339136] INFO perfrun.tpss <> - default hash-table-size=0
136 [131993526339136] INFO perfrun.launcher <> - plugin [media] was disabled because it doesn't support the given collection type.
136 [131993526339136] INFO perfrun.launcher <> - plugin [] was disabled because it doesn't support the given collection type.
136 [131993526339136] INFO perfrun.launcher <> - plugin [] was disabled because it doesn't support the given collection type.
136 [131993526339136] INFO perfrun.launcher <> - plugin [parallelfs] was disabled because it doesn't support the given collection type.
136 [131993526339136] INFO perfrun.launcher <> - plugin [power] was disabled because it doesn't support the given collection type.
136 [131993526339136] INFO perfrun.launcher <> - plugin [] was disabled because it doesn't support the given collection type.
136 [131993526339136] INFO perfrun.launcher <> - plugin [ipmwatch] was disabled because it doesn't support the given collection type.
136 [131993526339136] INFO perfrun.launcher <> - plugin [os_counters] was disabled because it doesn't support the given collection type.
136 [131993526339136] INFO perfrun.launcher <> - plugin [l0_metrics] was disabled because it doesn't support the given collection type.
136 [131993749706560] INFO perfrun.launcher <> - set environment variable: LD_LIBRARY_PATH = /opt/intel/oneapi/vtune/2024.1/lib32/runtime:/opt/intel/oneapi/vtune/2024.1/lib64/runtime:/opt/intel/oneapi/tbb/2021.12/env/../lib/intel64/gcc4.8:/opt/intel/oneapi/mpi/2021.12/opt/mpi/libfabric/lib:/opt/intel/oneapi/mpi/2021.12/lib:/opt/intel/oneapi/dpl/2022.5/lib:/opt/intel/oneapi/debugger/2024.1/opt/debugger/lib:/opt/intel/oneapi/compiler/2024.1/opt/oclfpga/host/linux64/lib:/opt/intel/oneapi/compiler/2024.1/opt/compiler/lib:/opt/intel/oneapi/compiler/2024.1/lib
136 [131993749706560] INFO perfrun.launcher <> - set environment variable: INTEL_LIBITTNOTIFY32 = /opt/intel/oneapi/vtune/2024.1/lib32/runtime/libittnotify_collector.so
136 [131993749706560] INFO perfrun.launcher <> - set environment variable: INTEL_LIBITTNOTIFY64 = /opt/intel/oneapi/vtune/2024.1/lib64/runtime/libittnotify_collector.so
136 [131993749706560] INFO perfrun.launcher <> - set environment variable: INTEL_ITTNOTIFY_GROUPS = 
136 [131993749706560] INFO perfrun.launcher <> - set environment variable: INTEL_JIT_PROFILER32 = /opt/intel/oneapi/vtune/2024.1/lib32/runtime/libittnotify_collector.so
136 [131993749706560] INFO perfrun.launcher <> - set environment variable: INTEL_JIT_PROFILER64 = /opt/intel/oneapi/vtune/2024.1/lib64/runtime/libittnotify_collector.so
136 [131993749706560] INFO perfrun.launcher <> - set environment variable: ENABLE_JITPROFILING = 1
136 [131993749706560] INFO perfrun.launcher <> - set environment variable: CL_CONFIG_USE_VTUNE = True
136 [131993749706560] INFO perfrun.launcher <> - set environment variable: KMP_FORKJOIN_FRAMES = 0
136 [131993749706560] INFO perfrun.launcher <> - set environment variable: KMP_FORKJOIN_FRAMES_MODE = 0
136 [131993749706560] INFO perfrun.launcher <> - set environment variable: INTEL_MRTE_DATA_DIR = /home/jagtym/Programming/ProgRowProj1/vtune/hs_k3/data.0
136 [131993749706560] INFO perfrun.launcher <> - set environment variable: INTEL_MRTE_HOST_NAME = pop-os
136 [131993749706560] INFO perfrun.launcher <> - set environment variable: JAVA_TOOL_OPTIONS = -agentlib:amplxe_tpssmrte_javaprof_1.0 -Dsun.boot.library.path=/opt/intel/oneapi/vtune/2024.1/lib32/runtime:/opt/intel/oneapi/vtune/2024.1/lib64/runtime
136 [131993749706560] INFO perfrun.launcher <> - set environment variable: LD_LIBRARY_PATH = /opt/intel/oneapi/vtune/2024.1/lib32/runtime:/opt/intel/oneapi/vtune/2024.1/lib64/runtime:/opt/intel/oneapi/tbb/2021.12/env/../lib/intel64/gcc4.8:/opt/intel/oneapi/mpi/2021.12/opt/mpi/libfabric/lib:/opt/intel/oneapi/mpi/2021.12/lib:/opt/intel/oneapi/dpl/2022.5/lib:/opt/intel/oneapi/debugger/2024.1/opt/debugger/lib:/opt/intel/oneapi/compiler/2024.1/opt/oclfpga/host/linux64/lib:/opt/intel/oneapi/compiler/2024.1/opt/compiler/lib:/opt/intel/oneapi/compiler/2024.1/lib
136 [131993749706560] INFO perfrun.launcher <> - set environment variable: CORECLR_ENABLE_PROFILING = 1
136 [131993749706560] INFO perfrun.launcher <> - set environment variable: CORECLR_PROFILER = {AA5E4821-E3B1-479c-B7FF-5AD047D22CED}
136 [131993749706560] INFO perfrun.launcher <> - set environment variable: CORECLR_PROFILER_PATH = /opt/intel/oneapi/vtune/2024.1/lib64/libamplxe_samplingmrte_clrprof_1.0.so
136 [131993749706560] INFO perfrun.launcher <> - set environment variable: INTEL_MRTE_PROFILER_MODE = mixed
136 [131993749706560] INFO perfrun.launcher <> - RpcServer: run RPC server to handle requests
136 [131993749706560] INFO perfrun.launcher <> - Launcher: command line to start before modification = build/k3
136 [131993749706560] INFO perfrun.launcher <> - Launcher: command line to start after modification = /opt/intel/oneapi/vtune/2024.1/bin64/pin -error_file /home/jagtym/Programming/ProgRowProj1/vtune/hs_k3/data.0/pinerr.tpsslog -detach_reattach -follow_execv -tool_load_option deepbind -t64 /opt/intel/oneapi/vtune/2024.1/lib64/libtpsstool.so -t /opt/intel/oneapi/vtune/2024.1/lib32/libtpsstool.so -server_name tpss_ipc.91923 -prd_dir /opt/intel/oneapi/vtune/2024.1 -- build/k3
136 [131993749706560] INFO perfrun.launcher <> - ProcessCreator object was created
137 [131993749706560] INFO perfrun.launcher <> - Launcher: the process was started in suspend mode
138 [131993526339136] WARN perfrun.system <> - File "/var/run/libvirt/qemu/driver.xml" doesn't exist, at file: vcs/perfrun1/plugins/system/src/trace_writer.cpp:892
139 [131993526339136] WARN perfrun.sdk <> - Failed to find xl binary on any of the system paths: /bin, /sbin, /usr/bin, /usr/sbin., at file: vcs/perfrun1/sdk/src/utils.cpp:204
139 [131993526339136] WARN perfrun.system <> - Could not start ContainerMapping collector, at file: vcs/perfrun1/plugins/system/src/controller.cpp:448
157 [131993526339136] INFO perfrun.vdso <> - Helper runtool '/opt/intel/oneapi/vtune/2024.1/bin32/amplxe-runss -dump-vdso -r /home/jagtym/Programming/ProgRowProj1/vtune/hs_k3 --tmp-dir /tmp/amplxe-tmp-root' returned 0
185 [131993526339136] INFO perfrun.vdso <> - Helper runtool '/opt/intel/oneapi/vtune/2024.1/bin64/amplxe-runss -dump-vdso -r /home/jagtym/Programming/ProgRowProj1/vtune/hs_k3 --tmp-dir /tmp/amplxe-tmp-root' returned 0
185 [131993526339136] INFO perfrun.itt <> - start itt controller for pid #91930
185 [131993526339136] INFO perfrun.sdk <> - runCmd: /opt/intel/oneapi/vtune/2024.1/bin64/emon -M
186 [131993526339136] INFO perfrun.sdk <> - runCmd started PID 91937
295 [131993526339136] INFO perfrun.sdk <> - runCmd: /opt/intel/oneapi/vtune/2024.1/bin64/emon -v
295 [131993526339136] INFO perfrun.sdk <> - runCmd started PID 91938
407 [131993526339136] INFO perfrun.sdk <> - runCmd: /opt/intel/oneapi/vtune/2024.1/bin64/sep -dry-run -ec CPU_CLK_UNHALTED.THREAD:sa=3500000,CPU_CLK_UNHALTED.REF_TSC:sample:sa=3500000,INST_RETIRED.ANY:sample:sa=3500000,CPU_CLK_UNHALTED.DISTRIBUTED:sa=3500000,FP_ARITH_INST_RETIRED.SCALAR_SINGLE:sa=2000003,FP_ARITH_INST_RETIRED.128B_PACKED_SINGLE:sa=2000003,FP_ARITH_INST_RETIRED.256B_PACKED_SINGLE:sa=2000003,FP_ARITH_INST_RETIRED.SCALAR_DOUBLE:sa=2000003,FP_ARITH_INST_RETIRED.128B_PACKED_DOUBLE:sa=2000003,FP_ARITH_INST_RETIRED.256B_PACKED_DOUBLE:sa=2000003,UOPS_EXECUTED.X87:sa=2000003,UOPS_RETIRED.SLOTS:sa=2000003,UOPS_EXECUTED.THREAD:sa=2000003,TOPDOWN.SLOTS:perf_metrics:sample:sa=2000003,TOPDOWN_RETIRING.ALL:sample:sa=2000003 -experimental
407 [131993526339136] INFO perfrun.sdk <> - runCmd started PID 91940
514 [131993526339136] INFO perfrun.emon <> - Spawned collector thread
514 [131993494881856] INFO perfrun.sdk <> - runCmd: /opt/intel/oneapi/vtune/2024.1/bin64/emon -u -t 0.050 -l0 -C CPU_CLK_UNHALTED.DISTRIBUTED,CPU_CLK_UNHALTED.REF_TSC,CPU_CLK_UNHALTED.THREAD,FP_ARITH_INST_RETIRED.128B_PACKED_DOUBLE,FP_ARITH_INST_RETIRED.128B_PACKED_SINGLE,FP_ARITH_INST_RETIRED.256B_PACKED_DOUBLE,FP_ARITH_INST_RETIRED.256B_PACKED_SINGLE,FP_ARITH_INST_RETIRED.SCALAR_DOUBLE,FP_ARITH_INST_RETIRED.SCALAR_SINGLE,INST_RETIRED.ANY,TOPDOWN.SLOTS:perf_metrics,TOPDOWN_RETIRING.ALL,UOPS_EXECUTED.THREAD,UOPS_EXECUTED.X87,UOPS_RETIRED.SLOTS -experimental
514 [131993494881856] INFO perfrun.sdk <> - runCmd started PID 91942
777 [131993526339136] INFO perfrun.tpss <> - start tpss controller for pid #91930
827 [131993749706560] INFO perfrun.launcher <> - Launcher: all plugins were started
828 [131993749706560] INFO perfrun.launcher <> - DirectoryMonitor object was created
828 [131993749706560] INFO perfrun.launcher <> - DirectoryMonitor: a callback was added
828 [131993749706560] INFO perfrun.launcher <> - DirectoryMonitor was started with pingTime = 1000
828 [131993749706560] INFO perfrun.launcher <> - DeadlineTimer is going to be constructed
828 [131993749706560] INFO perfrun.launcher <> - DeadlineTimer: a callback was added
839 [131993749706560] INFO perfrun.launcher <> - Launcher: resume the profiled application and  wait its termination or stop command
992 [131993749706560] INFO perfrun.launcher <> - Launcher: the profiled application was terminated  with exit code = 0
994 [131993526339136] INFO perfrun.itt <> - detach itt controller
994 [131993526339136] INFO perfrun.itt <> - detach itt controller done
994 [131993526339136] INFO perfrun.sdk <> - runCmd: /opt/intel/oneapi/vtune/2024.1/bin64/emon -stop
994 [131993526339136] INFO perfrun.sdk <> - runCmd started PID 91956
1133 [131993494881856] WARN perfrun.emon_output <> - TimeKeeper: the time is being asked while the time keeper object is armed. This may mean that the time for the last group is getting reused as the time for this group
1133 [131993494881856] INFO perfrun.emon_output <> - Collector process exited successfully
1150 [131993526339136] INFO perfrun.emon <> - EMON collector successfully stopped.

1150 [131993526339136] INFO perfrun.tpss <> - stop tpss controller
1151 [131993526339136] INFO perfrun.sdk <> - De-allocating TMU: /home/jagtym/Programming/ProgRowProj1/vtune/hs_k3/data.0/systemcollector-91923-pop-os.sc
1151 [131993526339136] INFO perfrun.system <> - closed the system trace file: /home/jagtym/Programming/ProgRowProj1/vtune/hs_k3/data.0/systemcollector-91923-pop-os.sc
1151 [131993749706560] INFO perfrun.launcher <> - Launcher: all plugins were stopped.
1151 [131993749706560] INFO perfrun.launcher <> - DeadlineTimer is going to be destroyed
1151 [131993749706560] INFO perfrun.launcher <> - DeadlineTimer was destroyed
1151 [131993749706560] INFO perfrun.launcher <> - DirectoryMonitor object was destroyed
1151 [131993749706560] WARN perfrun.launcher <> - Stop command is ignored because it is received when collection is already stopped, at file: vcs/perfrun1/launcher/src/command_handler.cpp:226
1152 [131993749706560] INFO perfrun.launcher <> - Application exit code: 0
1152 [131993749706560] INFO perfrun.launcher <> - Exit code: 0
