0 [125403389142848] INFO perfrun.launcher <> - Launcher main begin
1 [125403389142848] INFO perfrun.launcher <> - MessageCatalogInit finished
1 [125403389142848] INFO perfrun.launcher <> - Launcher instance created
1 [125403389142848] INFO perfrun.launcher <> - argc = 7; cmdline = /opt/intel/oneapi/vtune/2024.1/bin64/amplxe-runss --ui-output-format xml --ui-output-fd 5 --option-file /home/jagtym/Programming/ProgRowProj1/vtune/hs_k3/config/runss.options 
21 [125403389142848] INFO perfrun.launcher <> - create msngr2::ICliToolContext
21 [125403389142848] INFO perfrun.launcher <> - create file finder object
21 [125403389142848] INFO perfrun.launcher <> - create a result directory: pattern = /home/jagtym/Programming/ProgRowProj1/vtune/hs_k3 pid = 4294967295
21 [125403389142848] INFO perfrun.sdk <> - checked that the directory /home/jagtym/Programming/ProgRowProj1/vtune/hs_k3 is a local directory
21 [125403389142848] INFO perfrun.sdk <> - the directory /home/jagtym/Programming/ProgRowProj1/vtune/hs_k3 is a local directory with FS type ID 61267
21 [125403389142848] INFO perfrun.launcher <> - create data directory = /home/jagtym/Programming/ProgRowProj1/vtune/hs_k3/data.0
21 [125403389142848] INFO perfrun.launcher <> - Creating the master collection flag
24 [125403389142848] INFO perfrun.launcher <> - Done creating the master collection flag
26 [125403165361728] INFO perfrun.launcher <> - plugin [remoteplug] was disabled because it doesn't support the given collection type.
26 [125403165361728] INFO perfrun.sdk <> - Allocating TMU :/home/jagtym/Programming/ProgRowProj1/vtune/hs_k3/data.0/systemcollector-80740-pop-os.sc
26 [125403165361728] INFO perfrun.system <> - Tpss based collection
26 [125403165361728] INFO perfrun.launcher <> - plugin [ptracecollector] was disabled because it doesn't support the given collection type.
26 [125403165361728] INFO perfrun.launcher <> - plugin [gpu] was disabled because it doesn't support the given collection type.
26 [125403165361728] INFO perfrun.launcher <> - plugin [] was disabled because it doesn't support the given collection type.
26 [125403165361728] INFO perfrun.launcher <> - plugin [] was disabled because it doesn't support the given collection type.
26 [125403165361728] INFO perfrun.launcher <> - plugin [] was disabled because it doesn't support the given collection type.
26 [125403165361728] INFO perfrun.mrte <> - system-wide mode is 0
26 [125403165361728] INFO perfrun.mrte <> - Getting  mrte profiling environment ...
31 [125403165361728] INFO perfrun.mrte <> - INTEL_MRTE_DATA_DIR=/home/jagtym/Programming/ProgRowProj1/vtune/hs_k3/data.0
31 [125403165361728] INFO perfrun.mrte <> - INTEL_MRTE_HOST_NAME=pop-os
31 [125403165361728] INFO perfrun.mrte <> - JAVA_TOOL_OPTIONS=-agentlib:amplxe_tpssmrte_javaprof_1.0 -Dsun.boot.library.path=/opt/intel/oneapi/vtune/2024.1/lib32/runtime:/opt/intel/oneapi/vtune/2024.1/lib64/runtime
31 [125403165361728] INFO perfrun.mrte <> - LD_LIBRARY_PATH=/opt/intel/oneapi/vtune/2024.1/lib32/runtime:/opt/intel/oneapi/vtune/2024.1/lib64/runtime:/opt/intel/oneapi/tbb/2021.12/env/../lib/intel64/gcc4.8:/opt/intel/oneapi/mpi/2021.12/opt/mpi/libfabric/lib:/opt/intel/oneapi/mpi/2021.12/lib:/opt/intel/oneapi/dpl/2022.5/lib:/opt/intel/oneapi/debugger/2024.1/opt/debugger/lib:/opt/intel/oneapi/compiler/2024.1/opt/oclfpga/host/linux64/lib:/opt/intel/oneapi/compiler/2024.1/opt/compiler/lib:/opt/intel/oneapi/compiler/2024.1/lib
31 [125403165361728] INFO perfrun.mrte <> - CORECLR_ENABLE_PROFILING=1
31 [125403165361728] INFO perfrun.mrte <> - CORECLR_PROFILER={AA5E4821-E3B1-479c-B7FF-5AD047D22CED}
31 [125403165361728] INFO perfrun.mrte <> - CORECLR_PROFILER_PATH=/opt/intel/oneapi/vtune/2024.1/lib64/libamplxe_samplingmrte_clrprof_1.0.so
31 [125403165361728] INFO perfrun.mrte <> - INTEL_MRTE_PROFILER_MODE=mixed
31 [125403165361728] INFO perfrun.mrte <> - Data directory: /home/jagtym/Programming/ProgRowProj1/vtune/hs_k3/data.0
31 [125403165361728] INFO perfrun.mrte <> - Mrte plugin is initialized
31 [125403165361728] INFO perfrun.launcher <> - plugin [emon] was disabled because it doesn't support the given collection type.
31 [125403165361728] INFO perfrun.launcher <> - plugin [cuscol] was disabled because it doesn't support the given collection type.
31 [125403165361728] INFO perfrun.launcher <> - plugin [stdsrc] was disabled because it doesn't support the given collection type.
31 [125403165361728] INFO perfrun.launcher <> - plugin [sep] was disabled because it doesn't support the given collection type.
31 [125403165361728] INFO perfrun.launcher <> - plugin [vtsspp] was disabled because it doesn't support the given collection type.
31 [125403165361728] INFO perfrun.perfcollector <> - Platform type = 151
31 [125403165361728] INFO perfrun.sdk <> - Reading value (0) from file: /proc/sys/kernel/perf_event_paranoid
31 [125403165361728] INFO perfrun.perfcollector <> - checking access to: /opt/intel/oneapi/vtune/2024.1/bin64/amplxe-perf-priv
31 [125403165361728] INFO perfrun.perfcollector <> - dir found: /sys/bus/event_source/devices/software
31 [125403165361728] INFO perfrun.perfcollector <> - format: pmu format subdir doesn't exist
31 [125403165361728] INFO perfrun.perfcollector <> - hwInfo: not set, pmuFam: software
31 [125403165361728] INFO perfrun.perfcollector <> - pmu added: family: software, id: 0
31 [125403165361728] INFO perfrun.perfcollector <> - dir found: /sys/bus/event_source/devices/uncore_imc_free_running_1
31 [125403165361728] INFO perfrun.perfcollector <> - format: event config:0-7 mask:0-7
31 [125403165361728] INFO perfrun.perfcollector <> - format: umask config:8-15 mask:8-15
31 [125403165361728] INFO perfrun.perfcollector <> - hwInfo: not set, pmuFam: uncore_imc_free_running
31 [125403165361728] INFO perfrun.perfcollector <> - pmu added: family: uncore_imc_free_running, id: 1
31 [125403165361728] INFO perfrun.perfcollector <> - dir found: /sys/bus/event_source/devices/uncore_arb_0
31 [125403165361728] INFO perfrun.perfcollector <> - format: event config:0-7 mask:0-7
31 [125403165361728] INFO perfrun.perfcollector <> - format: edge config:18 mask:18
31 [125403165361728] INFO perfrun.perfcollector <> - format: inv config:23 mask:23
31 [125403165361728] INFO perfrun.perfcollector <> - format: umask config:8-15 mask:8-15
32 [125403165361728] INFO perfrun.perfcollector <> - format: cmask config:24-28 mask:24-28
32 [125403165361728] INFO perfrun.perfcollector <> - hwInfo: not set, pmuFam: uncore_arb
32 [125403165361728] INFO perfrun.perfcollector <> - pmu added: family: uncore_arb, id: 0
32 [125403165361728] INFO perfrun.perfcollector <> - dir found: /sys/bus/event_source/devices/cpu_core
32 [125403165361728] INFO perfrun.perfcollector <> - format: event config:0-7 mask:0-7
32 [125403165361728] INFO perfrun.perfcollector <> - format: pc config:19 mask:19
32 [125403165361728] INFO perfrun.perfcollector <> - format: edge config:18 mask:18
32 [125403165361728] INFO perfrun.perfcollector <> - format: offcore_rsp config1:0-63 mask:0-63
32 [125403165361728] INFO perfrun.perfcollector <> - format: ldlat config1:0-15 mask:0-15
32 [125403165361728] INFO perfrun.perfcollector <> - format: inv config:23 mask:23
32 [125403165361728] INFO perfrun.perfcollector <> - format: umask config:8-15 mask:8-15
32 [125403165361728] INFO perfrun.perfcollector <> - format: frontend config1:0-23 mask:0-23
32 [125403165361728] INFO perfrun.perfcollector <> - format: cmask config:24-31 mask:24-31
32 [125403165361728] INFO perfrun.perfcollector <> - hwInfo: PERF_CPU_CORE_PMU_DETAILS
32 [125403165361728] INFO perfrun.perfcollector <> - pmu added: family: cpu_core, id: 0
32 [125403165361728] INFO perfrun.perfcollector <> - dir found: /sys/bus/event_source/devices/uncore_clock
32 [125403165361728] INFO perfrun.perfcollector <> - format: event config:0-7 mask:0-7
32 [125403165361728] INFO perfrun.perfcollector <> - hwInfo: not set, pmuFam: uncore_clock
32 [125403165361728] INFO perfrun.perfcollector <> - pmu added: family: uncore_clock, id: 0
32 [125403165361728] INFO perfrun.perfcollector <> - dir found: /sys/bus/event_source/devices/uncore_cbox_6
32 [125403165361728] INFO perfrun.perfcollector <> - format: event config:0-7 mask:0-7
32 [125403165361728] INFO perfrun.perfcollector <> - format: edge config:18 mask:18
32 [125403165361728] INFO perfrun.perfcollector <> - format: threshold config:24-29 mask:24-29
32 [125403165361728] INFO perfrun.perfcollector <> - format: inv config:23 mask:23
32 [125403165361728] INFO perfrun.perfcollector <> - format: umask config:8-15 mask:8-15
32 [125403165361728] INFO perfrun.perfcollector <> - hwInfo: PERF_CBOX_PMU_DETAILS
32 [125403165361728] INFO perfrun.perfcollector <> - pmu added: family: uncore_cbox, id: 6
32 [125403165361728] INFO perfrun.perfcollector <> - dir found: /sys/bus/event_source/devices/uncore_imc_1
32 [125403165361728] INFO perfrun.perfcollector <> - format: event config:0-7 mask:0-7
32 [125403165361728] INFO perfrun.perfcollector <> - format: edge config:18 mask:18
32 [125403165361728] INFO perfrun.perfcollector <> - format: chmask config:8-11 mask:8-11
32 [125403165361728] INFO perfrun.perfcollector <> - hwInfo: PERF_IMC_PMU_DETAILS
32 [125403165361728] INFO perfrun.perfcollector <> - pmu added: family: uncore_imc, id: 1
32 [125403165361728] INFO perfrun.perfcollector <> - dir found: /sys/bus/event_source/devices/power
32 [125403165361728] INFO perfrun.perfcollector <> - format: event config:0-7 mask:0-7
32 [125403165361728] INFO perfrun.perfcollector <> - hwInfo: not set, pmuFam: power
32 [125403165361728] INFO perfrun.perfcollector <> - pmu added: family: power, id: 0
32 [125403165361728] INFO perfrun.perfcollector <> - dir found: /sys/bus/event_source/devices/uncore_cbox_4
32 [125403165361728] INFO perfrun.perfcollector <> - format: event config:0-7 mask:0-7
32 [125403165361728] INFO perfrun.perfcollector <> - format: edge config:18 mask:18
32 [125403165361728] INFO perfrun.perfcollector <> - format: threshold config:24-29 mask:24-29
32 [125403165361728] INFO perfrun.perfcollector <> - format: inv config:23 mask:23
32 [125403165361728] INFO perfrun.perfcollector <> - format: umask config:8-15 mask:8-15
32 [125403165361728] INFO perfrun.perfcollector <> - hwInfo: PERF_CBOX_PMU_DETAILS
32 [125403165361728] INFO perfrun.perfcollector <> - pmu added: family: uncore_cbox, id: 4
32 [125403165361728] INFO perfrun.perfcollector <> - dir found: /sys/bus/event_source/devices/uprobe
32 [125403165361728] INFO perfrun.perfcollector <> - format: ref_ctr_offset config:32-63 mask:32-63
32 [125403165361728] INFO perfrun.perfcollector <> - format: retprobe config:0 mask:0
32 [125403165361728] INFO perfrun.perfcollector <> - hwInfo: not set, pmuFam: uprobe
32 [125403165361728] INFO perfrun.perfcollector <> - pmu added: family: uprobe, id: 0
32 [125403165361728] INFO perfrun.perfcollector <> - dir found: /sys/bus/event_source/devices/intel_bts
32 [125403165361728] INFO perfrun.perfcollector <> - format: pmu format subdir doesn't exist
32 [125403165361728] INFO perfrun.perfcollector <> - hwInfo: not set, pmuFam: intel_bts
32 [125403165361728] INFO perfrun.perfcollector <> - pmu added: family: intel_bts, id: 0
32 [125403165361728] INFO perfrun.perfcollector <> - dir found: /sys/bus/event_source/devices/cpu_atom
32 [125403165361728] INFO perfrun.perfcollector <> - format: event config:0-7 mask:0-7
32 [125403165361728] INFO perfrun.perfcollector <> - format: pc config:19 mask:19
32 [125403165361728] INFO perfrun.perfcollector <> - format: edge config:18 mask:18
32 [125403165361728] INFO perfrun.perfcollector <> - format: offcore_rsp config1:0-63 mask:0-63
32 [125403165361728] INFO perfrun.perfcollector <> - format: ldlat config1:0-15 mask:0-15
32 [125403165361728] INFO perfrun.perfcollector <> - format: inv config:23 mask:23
32 [125403165361728] INFO perfrun.perfcollector <> - format: umask config:8-15 mask:8-15
32 [125403165361728] INFO perfrun.perfcollector <> - format: cmask config:24-31 mask:24-31
32 [125403165361728] INFO perfrun.perfcollector <> - hwInfo: PERF_CPU_ATOM_PMU_DETAILS
32 [125403165361728] INFO perfrun.perfcollector <> - pmu added: family: cpu_atom, id: 0
32 [125403165361728] INFO perfrun.perfcollector <> - dir found: /sys/bus/event_source/devices/cstate_core
32 [125403165361728] INFO perfrun.perfcollector <> - format: event config:0-63 mask:0-63
32 [125403165361728] INFO perfrun.perfcollector <> - hwInfo: not set, pmuFam: cstate_core
32 [125403165361728] INFO perfrun.perfcollector <> - pmu added: family: cstate_core, id: 0
32 [125403165361728] INFO perfrun.perfcollector <> - dir found: /sys/bus/event_source/devices/uncore_cbox_2
32 [125403165361728] INFO perfrun.perfcollector <> - format: event config:0-7 mask:0-7
32 [125403165361728] INFO perfrun.perfcollector <> - format: edge config:18 mask:18
32 [125403165361728] INFO perfrun.perfcollector <> - format: threshold config:24-29 mask:24-29
32 [125403165361728] INFO perfrun.perfcollector <> - format: inv config:23 mask:23
32 [125403165361728] INFO perfrun.perfcollector <> - format: umask config:8-15 mask:8-15
32 [125403165361728] INFO perfrun.perfcollector <> - hwInfo: PERF_CBOX_PMU_DETAILS
32 [125403165361728] INFO perfrun.perfcollector <> - pmu added: family: uncore_cbox, id: 2
32 [125403165361728] INFO perfrun.perfcollector <> - dir found: /sys/bus/event_source/devices/breakpoint
32 [125403165361728] INFO perfrun.perfcollector <> - format: pmu format subdir doesn't exist
32 [125403165361728] INFO perfrun.perfcollector <> - hwInfo: not set, pmuFam: breakpoint
32 [125403165361728] INFO perfrun.perfcollector <> - pmu added: family: breakpoint, id: 0
32 [125403165361728] INFO perfrun.perfcollector <> - dir found: /sys/bus/event_source/devices/uncore_arb_1
32 [125403165361728] INFO perfrun.perfcollector <> - format: event config:0-7 mask:0-7
32 [125403165361728] INFO perfrun.perfcollector <> - format: edge config:18 mask:18
32 [125403165361728] INFO perfrun.perfcollector <> - format: inv config:23 mask:23
32 [125403165361728] INFO perfrun.perfcollector <> - format: umask config:8-15 mask:8-15
33 [125403165361728] INFO perfrun.perfcollector <> - format: cmask config:24-28 mask:24-28
33 [125403165361728] INFO perfrun.perfcollector <> - hwInfo: not set, pmuFam: uncore_arb
33 [125403165361728] INFO perfrun.perfcollector <> - pmu added: family: uncore_arb, id: 1
33 [125403165361728] INFO perfrun.perfcollector <> - dir found: /sys/bus/event_source/devices/uncore_cbox_0
33 [125403165361728] INFO perfrun.perfcollector <> - format: event config:0-7 mask:0-7
33 [125403165361728] INFO perfrun.perfcollector <> - format: edge config:18 mask:18
33 [125403165361728] INFO perfrun.perfcollector <> - format: threshold config:24-29 mask:24-29
33 [125403165361728] INFO perfrun.perfcollector <> - format: inv config:23 mask:23
33 [125403165361728] INFO perfrun.perfcollector <> - format: umask config:8-15 mask:8-15
33 [125403165361728] INFO perfrun.perfcollector <> - hwInfo: PERF_CBOX_PMU_DETAILS
33 [125403165361728] INFO perfrun.perfcollector <> - pmu added: family: uncore_cbox, id: 0
33 [125403165361728] INFO perfrun.perfcollector <> - dir found: /sys/bus/event_source/devices/tracepoint
33 [125403165361728] INFO perfrun.perfcollector <> - format: pmu format subdir doesn't exist
33 [125403165361728] INFO perfrun.perfcollector <> - hwInfo: not set, pmuFam: tracepoint
33 [125403165361728] INFO perfrun.perfcollector <> - pmu added: family: tracepoint, id: 0
33 [125403165361728] INFO perfrun.perfcollector <> - dir found: /sys/bus/event_source/devices/cstate_pkg
33 [125403165361728] INFO perfrun.perfcollector <> - format: event config:0-63 mask:0-63
33 [125403165361728] INFO perfrun.perfcollector <> - hwInfo: not set, pmuFam: cstate_pkg
33 [125403165361728] INFO perfrun.perfcollector <> - pmu added: family: cstate_pkg, id: 0
33 [125403165361728] INFO perfrun.perfcollector <> - dir found: /sys/bus/event_source/devices/uncore_imc_free_running_0
33 [125403165361728] INFO perfrun.perfcollector <> - format: event config:0-7 mask:0-7
33 [125403165361728] INFO perfrun.perfcollector <> - format: umask config:8-15 mask:8-15
33 [125403165361728] INFO perfrun.perfcollector <> - hwInfo: not set, pmuFam: uncore_imc_free_running
33 [125403165361728] INFO perfrun.perfcollector <> - pmu added: family: uncore_imc_free_running, id: 0
33 [125403165361728] INFO perfrun.perfcollector <> - dir found: /sys/bus/event_source/devices/uncore_cbox_7
33 [125403165361728] INFO perfrun.perfcollector <> - format: event config:0-7 mask:0-7
33 [125403165361728] INFO perfrun.perfcollector <> - format: edge config:18 mask:18
33 [125403165361728] INFO perfrun.perfcollector <> - format: threshold config:24-29 mask:24-29
33 [125403165361728] INFO perfrun.perfcollector <> - format: inv config:23 mask:23
33 [125403165361728] INFO perfrun.perfcollector <> - format: umask config:8-15 mask:8-15
33 [125403165361728] INFO perfrun.perfcollector <> - hwInfo: PERF_CBOX_PMU_DETAILS
33 [125403165361728] INFO perfrun.perfcollector <> - pmu added: family: uncore_cbox, id: 7
33 [125403165361728] INFO perfrun.perfcollector <> - dir found: /sys/bus/event_source/devices/kprobe
33 [125403165361728] INFO perfrun.perfcollector <> - format: retprobe config:0 mask:0
33 [125403165361728] INFO perfrun.perfcollector <> - hwInfo: not set, pmuFam: kprobe
33 [125403165361728] INFO perfrun.perfcollector <> - pmu added: family: kprobe, id: 0
33 [125403165361728] INFO perfrun.perfcollector <> - dir found: /sys/bus/event_source/devices/uncore_cbox_5
33 [125403165361728] INFO perfrun.perfcollector <> - format: event config:0-7 mask:0-7
33 [125403165361728] INFO perfrun.perfcollector <> - format: edge config:18 mask:18
33 [125403165361728] INFO perfrun.perfcollector <> - format: threshold config:24-29 mask:24-29
33 [125403165361728] INFO perfrun.perfcollector <> - format: inv config:23 mask:23
33 [125403165361728] INFO perfrun.perfcollector <> - format: umask config:8-15 mask:8-15
33 [125403165361728] INFO perfrun.perfcollector <> - hwInfo: PERF_CBOX_PMU_DETAILS
33 [125403165361728] INFO perfrun.perfcollector <> - pmu added: family: uncore_cbox, id: 5
33 [125403165361728] INFO perfrun.perfcollector <> - dir found: /sys/bus/event_source/devices/uncore_imc_0
33 [125403165361728] INFO perfrun.perfcollector <> - format: event config:0-7 mask:0-7
33 [125403165361728] INFO perfrun.perfcollector <> - format: edge config:18 mask:18
33 [125403165361728] INFO perfrun.perfcollector <> - format: chmask config:8-11 mask:8-11
33 [125403165361728] INFO perfrun.perfcollector <> - hwInfo: PERF_IMC_PMU_DETAILS
33 [125403165361728] INFO perfrun.perfcollector <> - pmu added: family: uncore_imc, id: 0
33 [125403165361728] INFO perfrun.perfcollector <> - dir found: /sys/bus/event_source/devices/msr
33 [125403165361728] INFO perfrun.perfcollector <> - format: event config:0-63 mask:0-63
33 [125403165361728] INFO perfrun.perfcollector <> - hwInfo: not set, pmuFam: msr
33 [125403165361728] INFO perfrun.perfcollector <> - pmu added: family: msr, id: 0
33 [125403165361728] INFO perfrun.perfcollector <> - dir found: /sys/bus/event_source/devices/uncore_cbox_3
33 [125403165361728] INFO perfrun.perfcollector <> - format: event config:0-7 mask:0-7
33 [125403165361728] INFO perfrun.perfcollector <> - format: edge config:18 mask:18
33 [125403165361728] INFO perfrun.perfcollector <> - format: threshold config:24-29 mask:24-29
33 [125403165361728] INFO perfrun.perfcollector <> - format: inv config:23 mask:23
33 [125403165361728] INFO perfrun.perfcollector <> - format: umask config:8-15 mask:8-15
33 [125403165361728] INFO perfrun.perfcollector <> - hwInfo: PERF_CBOX_PMU_DETAILS
33 [125403165361728] INFO perfrun.perfcollector <> - pmu added: family: uncore_cbox, id: 3
33 [125403165361728] INFO perfrun.perfcollector <> - dir found: /sys/bus/event_source/devices/intel_pt
33 [125403165361728] INFO perfrun.perfcollector <> - format: ptw config:12 mask:12
33 [125403165361728] INFO perfrun.perfcollector <> - format: event config:31 mask:31
33 [125403165361728] INFO perfrun.perfcollector <> - format: cyc_thresh config:19-22 mask:19-22
33 [125403165361728] INFO perfrun.perfcollector <> - format: pt config:0 mask:0
33 [125403165361728] INFO perfrun.perfcollector <> - format: notnt config:55 mask:55
33 [125403165361728] INFO perfrun.perfcollector <> - format: branch config:13 mask:13
33 [125403165361728] INFO perfrun.perfcollector <> - format: tsc config:10 mask:10
33 [125403165361728] INFO perfrun.perfcollector <> - format: pwr_evt config:4 mask:4
33 [125403165361728] INFO perfrun.perfcollector <> - format: fup_on_ptw config:5 mask:5
33 [125403165361728] INFO perfrun.perfcollector <> - format: cyc config:1 mask:1
33 [125403165361728] INFO perfrun.perfcollector <> - format: noretcomp config:11 mask:11
33 [125403165361728] INFO perfrun.perfcollector <> - format: mtc config:9 mask:9
33 [125403165361728] INFO perfrun.perfcollector <> - format: psb_period config:24-27 mask:24-27
33 [125403165361728] INFO perfrun.perfcollector <> - format: mtc_period config:14-17 mask:14-17
33 [125403165361728] INFO perfrun.perfcollector <> - hwInfo: not set, pmuFam: intel_pt
33 [125403165361728] INFO perfrun.perfcollector <> - pmu added: family: intel_pt, id: 0
33 [125403165361728] INFO perfrun.perfcollector <> - dir found: /sys/bus/event_source/devices/uncore_cbox_1
33 [125403165361728] INFO perfrun.perfcollector <> - format: event config:0-7 mask:0-7
33 [125403165361728] INFO perfrun.perfcollector <> - format: edge config:18 mask:18
33 [125403165361728] INFO perfrun.perfcollector <> - format: threshold config:24-29 mask:24-29
33 [125403165361728] INFO perfrun.perfcollector <> - format: inv config:23 mask:23
33 [125403165361728] INFO perfrun.perfcollector <> - format: umask config:8-15 mask:8-15
33 [125403165361728] INFO perfrun.perfcollector <> - hwInfo: PERF_CBOX_PMU_DETAILS
33 [125403165361728] INFO perfrun.perfcollector <> - pmu added: family: uncore_cbox, id: 1
33 [125403165361728] INFO perfrun.sdk <> - runCmd: /opt/intel/oneapi/vtune/2024.1/bin64/sep -dry-run -sam 1 -ec CPU_CLK_UNHALTED.THREAD:sa=3500000,CPU_CLK_UNHALTED.REF_TSC:sample:sa=3500000,INST_RETIRED.ANY:sample:sa=3500000,CPU_CLK_UNHALTED.DISTRIBUTED:sa=3500000,FP_ARITH_INST_RETIRED.SCALAR_SINGLE:sa=2000003,FP_ARITH_INST_RETIRED.128B_PACKED_SINGLE:sa=2000003,FP_ARITH_INST_RETIRED.256B_PACKED_SINGLE:sa=2000003,FP_ARITH_INST_RETIRED.SCALAR_DOUBLE:sa=2000003,FP_ARITH_INST_RETIRED.128B_PACKED_DOUBLE:sa=2000003,FP_ARITH_INST_RETIRED.256B_PACKED_DOUBLE:sa=2000003,UOPS_EXECUTED.X87:sa=2000003,UOPS_RETIRED.SLOTS:sa=2000003,UOPS_EXECUTED.THREAD:sa=2000003,TOPDOWN.SLOTS:sample:sa=2000003 -experimental
34 [125403165361728] INFO perfrun.sdk <> - runCmd started PID 80744
40 [125403165361728] INFO perfrun.perfcollector <> - SepDryRun RC = true
40 [125403165361728] INFO perfrun.perfcollector <> - DRY_RUN: "PMU type: Core (p-core)"
40 [125403165361728] INFO perfrun.perfcollector <> - pmu type: cpu_core
40 [125403165361728] INFO perfrun.perfcollector <> - DRY_RUN: "Group 0:"
41 [125403165361728] INFO perfrun.perfcollector <> - id: 0
41 [125403165361728] INFO perfrun.perfcollector <> - DRY_RUN: "INST_RETIRED.ANY: event id 2"
41 [125403165361728] INFO perfrun.perfcollector <> - eventName: INST_RETIRED.ANY, eventId: 2
41 [125403165361728] INFO perfrun.perfcollector <> - DRY_RUN: "CPU_CLK_UNHALTED.THREAD: event id 0"
41 [125403165361728] INFO perfrun.perfcollector <> - eventName: CPU_CLK_UNHALTED.THREAD, eventId: 0
41 [125403165361728] INFO perfrun.perfcollector <> - DRY_RUN: "CPU_CLK_UNHALTED.REF_TSC: event id 1"
41 [125403165361728] INFO perfrun.perfcollector <> - eventName: CPU_CLK_UNHALTED.REF_TSC, eventId: 1
41 [125403165361728] INFO perfrun.perfcollector <> - DRY_RUN: "TOPDOWN.SLOTS: event id 13"
41 [125403165361728] INFO perfrun.perfcollector <> - eventName: TOPDOWN.SLOTS, eventId: 13
41 [125403165361728] INFO perfrun.perfcollector <> - DRY_RUN: "CPU_CLK_UNHALTED.DISTRIBUTED: event id 3"
41 [125403165361728] INFO perfrun.perfcollector <> - eventName: CPU_CLK_UNHALTED.DISTRIBUTED, eventId: 3
41 [125403165361728] INFO perfrun.perfcollector <> - DRY_RUN: "FP_ARITH_INST_RETIRED.SCALAR_SINGLE: event id 4"
41 [125403165361728] INFO perfrun.perfcollector <> - eventName: FP_ARITH_INST_RETIRED.SCALAR_SINGLE, eventId: 4
41 [125403165361728] INFO perfrun.perfcollector <> - DRY_RUN: "FP_ARITH_INST_RETIRED.128B_PACKED_SINGLE: event id 5"
41 [125403165361728] INFO perfrun.perfcollector <> - eventName: FP_ARITH_INST_RETIRED.128B_PACKED_SINGLE, eventId: 5
41 [125403165361728] INFO perfrun.perfcollector <> - DRY_RUN: "FP_ARITH_INST_RETIRED.256B_PACKED_SINGLE: event id 6"
41 [125403165361728] INFO perfrun.perfcollector <> - eventName: FP_ARITH_INST_RETIRED.256B_PACKED_SINGLE, eventId: 6
41 [125403165361728] INFO perfrun.perfcollector <> - DRY_RUN: "FP_ARITH_INST_RETIRED.SCALAR_DOUBLE: event id 7"
41 [125403165361728] INFO perfrun.perfcollector <> - eventName: FP_ARITH_INST_RETIRED.SCALAR_DOUBLE, eventId: 7
41 [125403165361728] INFO perfrun.perfcollector <> - DRY_RUN: "FP_ARITH_INST_RETIRED.128B_PACKED_DOUBLE: event id 8"
41 [125403165361728] INFO perfrun.perfcollector <> - eventName: FP_ARITH_INST_RETIRED.128B_PACKED_DOUBLE, eventId: 8
41 [125403165361728] INFO perfrun.perfcollector <> - DRY_RUN: "FP_ARITH_INST_RETIRED.256B_PACKED_DOUBLE: event id 9"
41 [125403165361728] INFO perfrun.perfcollector <> - eventName: FP_ARITH_INST_RETIRED.256B_PACKED_DOUBLE, eventId: 9
41 [125403165361728] INFO perfrun.perfcollector <> - DRY_RUN: "UOPS_EXECUTED.X87: event id 10"
41 [125403165361728] INFO perfrun.perfcollector <> - eventName: UOPS_EXECUTED.X87, eventId: 10
41 [125403165361728] INFO perfrun.perfcollector <> - DRY_RUN: "CCCR"
41 [125403165361728] INFO perfrun.perfcollector <> - DRY_RUN: "reg_type       = 1	event_id       = g	reg_id         = 38f	reg_value      = f000000ff"
41 [125403165361728] INFO perfrun.perfcollector <> - eventId: g, skip parsing event_id
41 [125403165361728] INFO perfrun.perfcollector <> - Register was ignored: group_id: 0, reg_type: 1, event_id: 4294967295, reg_id: 38f, reg_value: f000000ff, pmu_name: cpu_core
41 [125403165361728] INFO perfrun.perfcollector <> - DRY_RUN: "reg_type       = 1	event_id       = g	reg_id         = 390	reg_value      = f000000ff"
41 [125403165361728] INFO perfrun.perfcollector <> - eventId: g, skip parsing event_id
41 [125403165361728] INFO perfrun.perfcollector <> - Register was ignored: group_id: 0, reg_type: 1, event_id: 4294967295, reg_id: 390, reg_value: f000000ff, pmu_name: cpu_core
41 [125403165361728] INFO perfrun.perfcollector <> - DRY_RUN: "reg_type       = 1	event_id       = g	reg_id         = 3f1	reg_value      = f000000ff"
41 [125403165361728] INFO perfrun.perfcollector <> - eventId: g, skip parsing event_id
41 [125403165361728] INFO perfrun.perfcollector <> - Extended PEBS: group_id: 0, reg_type: 1, event_id: 4294967295, reg_id: 3f1, reg_value: f000000ff, pmu_name: cpu_core
41 [125403165361728] INFO perfrun.perfcollector <> - DRY_RUN: "reg_type       = 1	event_id       = g	reg_id         = 1d9	reg_value      = 1800"
41 [125403165361728] INFO perfrun.perfcollector <> - eventId: g, skip parsing event_id
41 [125403165361728] INFO perfrun.perfcollector <> - Register was ignored: group_id: 0, reg_type: 1, event_id: 4294967295, reg_id: 1d9, reg_value: 1800, pmu_name: cpu_core
41 [125403165361728] INFO perfrun.perfcollector <> - DRY_RUN: "reg_type       = 1	event_id       = g	reg_id         = 38d	reg_value      = 3333"
41 [125403165361728] INFO perfrun.perfcollector <> - eventId: g, skip parsing event_id
41 [125403165361728] INFO perfrun.perfcollector <> - Register was ignored: group_id: 0, reg_type: 1, event_id: 4294967295, reg_id: 38d, reg_value: 3333, pmu_name: cpu_core
41 [125403165361728] INFO perfrun.perfcollector <> - DRY_RUN: "reg_type       = 1	event_id       = g	reg_id         = 3f2	reg_value      = 0"
41 [125403165361728] INFO perfrun.perfcollector <> - eventId: g, skip parsing event_id
41 [125403165361728] INFO perfrun.perfcollector <> - Adaptive PEBS: group_id: 0, reg_type: 1, event_id: 4294967295, reg_id: 3f2, reg_value: 0, pmu_name: cpu_core
41 [125403165361728] INFO perfrun.perfcollector <> - DRY_RUN: "reg_type       = 1	event_id       = g	reg_id         = 14ce	reg_value      = 0"
41 [125403165361728] INFO perfrun.perfcollector <> - eventId: g, skip parsing event_id
41 [125403165361728] INFO perfrun.perfcollector <> - Register was ignored: group_id: 0, reg_type: 1, event_id: 4294967295, reg_id: 14ce, reg_value: 0, pmu_name: cpu_core
41 [125403165361728] INFO perfrun.perfcollector <> - DRY_RUN: "reg_type       = 1	event_id       = 3	reg_id         = 186	reg_value      = 4302ec"
41 [125403165361728] INFO perfrun.perfcollector <> - Event selector: group_id: 0, reg_type: 1, event_id: 3, reg_id: 186, reg_value: 4302ec, pmu_name: cpu_core
41 [125403165361728] INFO perfrun.perfcollector <> - DRY_RUN: "reg_type       = 1	event_id       = 4	reg_id         = 187	reg_value      = 4302c7"
41 [125403165361728] INFO perfrun.perfcollector <> - Event selector: group_id: 0, reg_type: 1, event_id: 4, reg_id: 187, reg_value: 4302c7, pmu_name: cpu_core
41 [125403165361728] INFO perfrun.perfcollector <> - DRY_RUN: "reg_type       = 1	event_id       = 5	reg_id         = 188	reg_value      = 4308c7"
41 [125403165361728] INFO perfrun.perfcollector <> - Event selector: group_id: 0, reg_type: 1, event_id: 5, reg_id: 188, reg_value: 4308c7, pmu_name: cpu_core
41 [125403165361728] INFO perfrun.perfcollector <> - DRY_RUN: "reg_type       = 1	event_id       = 6	reg_id         = 189	reg_value      = 4320c7"
41 [125403165361728] INFO perfrun.perfcollector <> - Event selector: group_id: 0, reg_type: 1, event_id: 6, reg_id: 189, reg_value: 4320c7, pmu_name: cpu_core
41 [125403165361728] INFO perfrun.perfcollector <> - DRY_RUN: "reg_type       = 1	event_id       = 7	reg_id         = 18a	reg_value      = 4301c7"
41 [125403165361728] INFO perfrun.perfcollector <> - Event selector: group_id: 0, reg_type: 1, event_id: 7, reg_id: 18a, reg_value: 4301c7, pmu_name: cpu_core
41 [125403165361728] INFO perfrun.perfcollector <> - DRY_RUN: "reg_type       = 1	event_id       = 8	reg_id         = 18b	reg_value      = 4304c7"
41 [125403165361728] INFO perfrun.perfcollector <> - Event selector: group_id: 0, reg_type: 1, event_id: 8, reg_id: 18b, reg_value: 4304c7, pmu_name: cpu_core
41 [125403165361728] INFO perfrun.perfcollector <> - DRY_RUN: "reg_type       = 1	event_id       = 9	reg_id         = 18c	reg_value      = 4310c7"
41 [125403165361728] INFO perfrun.perfcollector <> - Event selector: group_id: 0, reg_type: 1, event_id: 9, reg_id: 18c, reg_value: 4310c7, pmu_name: cpu_core
41 [125403165361728] INFO perfrun.perfcollector <> - DRY_RUN: "reg_type       = 1	event_id       = 10	reg_id         = 18d	reg_value      = 4310b1"
41 [125403165361728] INFO perfrun.perfcollector <> - Event selector: group_id: 0, reg_type: 1, event_id: 10, reg_id: 18d, reg_value: 4310b1, pmu_name: cpu_core
41 [125403165361728] INFO perfrun.perfcollector <> - DRY_RUN: "ESCR"
41 [125403165361728] INFO perfrun.perfcollector <> - DRY_RUN: "DATA"
41 [125403165361728] INFO perfrun.perfcollector <> - DRY_RUN: "reg_type       = 4	event_id       = 2	reg_id         = 309	reg_value      = ffffffca9820"
41 [125403165361728] INFO perfrun.perfcollector <> - eventId: 2, dataAddr: 309, dataVal: ffffffca9820
41 [125403165361728] INFO perfrun.perfcollector <> - DRY_RUN: "reg_type       = 4	event_id       = 0	reg_id         = 30a	reg_value      = ffffffca9820"
41 [125403165361728] INFO perfrun.perfcollector <> - eventId: 0, dataAddr: 30a, dataVal: ffffffca9820
41 [125403165361728] INFO perfrun.perfcollector <> - DRY_RUN: "reg_type       = 4	event_id       = 1	reg_id         = 30b	reg_value      = ffffffca9820"
41 [125403165361728] INFO perfrun.perfcollector <> - eventId: 1, dataAddr: 30b, dataVal: ffffffca9820
41 [125403165361728] INFO perfrun.perfcollector <> - DRY_RUN: "reg_type       = 4	event_id       = 13	reg_id         = 30c	reg_value      = ffffffe17b7d"
41 [125403165361728] INFO perfrun.perfcollector <> - eventId: 13, dataAddr: 30c, dataVal: ffffffe17b7d
41 [125403165361728] INFO perfrun.perfcollector <> - DRY_RUN: "reg_type       = 4	event_id       = 3	reg_id         = c1	reg_value      = ffffffca9820"
41 [125403165361728] INFO perfrun.perfcollector <> - eventId: 3, dataAddr: c1, dataVal: ffffffca9820
41 [125403165361728] INFO perfrun.perfcollector <> - DRY_RUN: "reg_type       = 4	event_id       = 4	reg_id         = c2	reg_value      = ffffffe17b7d"
41 [125403165361728] INFO perfrun.perfcollector <> - eventId: 4, dataAddr: c2, dataVal: ffffffe17b7d
41 [125403165361728] INFO perfrun.perfcollector <> - DRY_RUN: "reg_type       = 4	event_id       = 5	reg_id         = c3	reg_value      = ffffffe17b7d"
41 [125403165361728] INFO perfrun.perfcollector <> - eventId: 5, dataAddr: c3, dataVal: ffffffe17b7d
41 [125403165361728] INFO perfrun.perfcollector <> - DRY_RUN: "reg_type       = 4	event_id       = 6	reg_id         = c4	reg_value      = ffffffe17b7d"
41 [125403165361728] INFO perfrun.perfcollector <> - eventId: 6, dataAddr: c4, dataVal: ffffffe17b7d
41 [125403165361728] INFO perfrun.perfcollector <> - DRY_RUN: "reg_type       = 4	event_id       = 7	reg_id         = c5	reg_value      = ffffffe17b7d"
41 [125403165361728] INFO perfrun.perfcollector <> - eventId: 7, dataAddr: c5, dataVal: ffffffe17b7d
41 [125403165361728] INFO perfrun.perfcollector <> - DRY_RUN: "reg_type       = 4	event_id       = 8	reg_id         = c6	reg_value      = ffffffe17b7d"
41 [125403165361728] INFO perfrun.perfcollector <> - eventId: 8, dataAddr: c6, dataVal: ffffffe17b7d
41 [125403165361728] INFO perfrun.perfcollector <> - DRY_RUN: "reg_type       = 4	event_id       = 9	reg_id         = c7	reg_value      = ffffffe17b7d"
41 [125403165361728] INFO perfrun.perfcollector <> - eventId: 9, dataAddr: c7, dataVal: ffffffe17b7d
41 [125403165361728] INFO perfrun.perfcollector <> - DRY_RUN: "reg_type       = 4	event_id       = 10	reg_id         = c8	reg_value      = ffffffe17b7d"
41 [125403165361728] INFO perfrun.perfcollector <> - eventId: 10, dataAddr: c8, dataVal: ffffffe17b7d
41 [125403165361728] INFO perfrun.perfcollector <> - DRY_RUN: "Group 1:"
41 [125403165361728] INFO perfrun.perfcollector <> - id: 1
41 [125403165361728] INFO perfrun.perfcollector <> - DRY_RUN: "INST_RETIRED.ANY: event id 2"
41 [125403165361728] INFO perfrun.perfcollector <> - eventName: INST_RETIRED.ANY, eventId: 2
41 [125403165361728] INFO perfrun.perfcollector <> - DRY_RUN: "CPU_CLK_UNHALTED.THREAD: event id 0"
41 [125403165361728] INFO perfrun.perfcollector <> - eventName: CPU_CLK_UNHALTED.THREAD, eventId: 0
41 [125403165361728] INFO perfrun.perfcollector <> - DRY_RUN: "CPU_CLK_UNHALTED.REF_TSC: event id 1"
41 [125403165361728] INFO perfrun.perfcollector <> - eventName: CPU_CLK_UNHALTED.REF_TSC, eventId: 1
41 [125403165361728] INFO perfrun.perfcollector <> - DRY_RUN: "TOPDOWN.SLOTS: event id 13"
41 [125403165361728] INFO perfrun.perfcollector <> - eventName: TOPDOWN.SLOTS, eventId: 13
41 [125403165361728] INFO perfrun.perfcollector <> - DRY_RUN: "UOPS_RETIRED.SLOTS: event id 11"
41 [125403165361728] INFO perfrun.perfcollector <> - eventName: UOPS_RETIRED.SLOTS, eventId: 11
41 [125403165361728] INFO perfrun.perfcollector <> - DRY_RUN: "UOPS_EXECUTED.THREAD: event id 12"
41 [125403165361728] INFO perfrun.perfcollector <> - eventName: UOPS_EXECUTED.THREAD, eventId: 12
41 [125403165361728] INFO perfrun.perfcollector <> - DRY_RUN: "CCCR"
41 [125403165361728] INFO perfrun.perfcollector <> - DRY_RUN: "reg_type       = 1	event_id       = g	reg_id         = 38f	reg_value      = f00000003"
41 [125403165361728] INFO perfrun.perfcollector <> - eventId: g, skip parsing event_id
41 [125403165361728] INFO perfrun.perfcollector <> - Register was ignored: group_id: 1, reg_type: 1, event_id: 4294967295, reg_id: 38f, reg_value: f00000003, pmu_name: cpu_core
41 [125403165361728] INFO perfrun.perfcollector <> - DRY_RUN: "reg_type       = 1	event_id       = g	reg_id         = 390	reg_value      = f00000003"
41 [125403165361728] INFO perfrun.perfcollector <> - eventId: g, skip parsing event_id
41 [125403165361728] INFO perfrun.perfcollector <> - Register was ignored: group_id: 1, reg_type: 1, event_id: 4294967295, reg_id: 390, reg_value: f00000003, pmu_name: cpu_core
41 [125403165361728] INFO perfrun.perfcollector <> - DRY_RUN: "reg_type       = 1	event_id       = g	reg_id         = 3f1	reg_value      = f00000003"
41 [125403165361728] INFO perfrun.perfcollector <> - eventId: g, skip parsing event_id
41 [125403165361728] INFO perfrun.perfcollector <> - Extended PEBS: group_id: 1, reg_type: 1, event_id: 4294967295, reg_id: 3f1, reg_value: f00000003, pmu_name: cpu_core
41 [125403165361728] INFO perfrun.perfcollector <> - DRY_RUN: "reg_type       = 1	event_id       = g	reg_id         = 1d9	reg_value      = 1800"
41 [125403165361728] INFO perfrun.perfcollector <> - eventId: g, skip parsing event_id
41 [125403165361728] INFO perfrun.perfcollector <> - Register was ignored: group_id: 1, reg_type: 1, event_id: 4294967295, reg_id: 1d9, reg_value: 1800, pmu_name: cpu_core
41 [125403165361728] INFO perfrun.perfcollector <> - DRY_RUN: "reg_type       = 1	event_id       = g	reg_id         = 38d	reg_value      = 3333"
41 [125403165361728] INFO perfrun.perfcollector <> - eventId: g, skip parsing event_id
41 [125403165361728] INFO perfrun.perfcollector <> - Register was ignored: group_id: 1, reg_type: 1, event_id: 4294967295, reg_id: 38d, reg_value: 3333, pmu_name: cpu_core
41 [125403165361728] INFO perfrun.perfcollector <> - DRY_RUN: "reg_type       = 1	event_id       = g	reg_id         = 3f2	reg_value      = 0"
41 [125403165361728] INFO perfrun.perfcollector <> - eventId: g, skip parsing event_id
41 [125403165361728] INFO perfrun.perfcollector <> - Adaptive PEBS: group_id: 1, reg_type: 1, event_id: 4294967295, reg_id: 3f2, reg_value: 0, pmu_name: cpu_core
41 [125403165361728] INFO perfrun.perfcollector <> - DRY_RUN: "reg_type       = 1	event_id       = g	reg_id         = 14ce	reg_value      = 0"
41 [125403165361728] INFO perfrun.perfcollector <> - eventId: g, skip parsing event_id
41 [125403165361728] INFO perfrun.perfcollector <> - Register was ignored: group_id: 1, reg_type: 1, event_id: 4294967295, reg_id: 14ce, reg_value: 0, pmu_name: cpu_core
41 [125403165361728] INFO perfrun.perfcollector <> - DRY_RUN: "reg_type       = 1	event_id       = 11	reg_id         = 186	reg_value      = 4302c2"
41 [125403165361728] INFO perfrun.perfcollector <> - Event selector: group_id: 1, reg_type: 1, event_id: 11, reg_id: 186, reg_value: 4302c2, pmu_name: cpu_core
41 [125403165361728] INFO perfrun.perfcollector <> - DRY_RUN: "reg_type       = 1	event_id       = 12	reg_id         = 187	reg_value      = 4301b1"
41 [125403165361728] INFO perfrun.perfcollector <> - Event selector: group_id: 1, reg_type: 1, event_id: 12, reg_id: 187, reg_value: 4301b1, pmu_name: cpu_core
41 [125403165361728] INFO perfrun.perfcollector <> - DRY_RUN: "ESCR"
41 [125403165361728] INFO perfrun.perfcollector <> - DRY_RUN: "DATA"
41 [125403165361728] INFO perfrun.perfcollector <> - DRY_RUN: "reg_type       = 4	event_id       = 2	reg_id         = 309	reg_value      = ffffffca9820"
41 [125403165361728] INFO perfrun.perfcollector <> - eventId: 2, dataAddr: 309, dataVal: ffffffca9820
41 [125403165361728] INFO perfrun.perfcollector <> - DRY_RUN: "reg_type       = 4	event_id       = 0	reg_id         = 30a	reg_value      = ffffffca9820"
41 [125403165361728] INFO perfrun.perfcollector <> - eventId: 0, dataAddr: 30a, dataVal: ffffffca9820
41 [125403165361728] INFO perfrun.perfcollector <> - DRY_RUN: "reg_type       = 4	event_id       = 1	reg_id         = 30b	reg_value      = ffffffca9820"
41 [125403165361728] INFO perfrun.perfcollector <> - eventId: 1, dataAddr: 30b, dataVal: ffffffca9820
41 [125403165361728] INFO perfrun.perfcollector <> - DRY_RUN: "reg_type       = 4	event_id       = 13	reg_id         = 30c	reg_value      = ffffffe17b7d"
41 [125403165361728] INFO perfrun.perfcollector <> - eventId: 13, dataAddr: 30c, dataVal: ffffffe17b7d
41 [125403165361728] INFO perfrun.perfcollector <> - DRY_RUN: "reg_type       = 4	event_id       = 11	reg_id         = c1	reg_value      = ffffffe17b7d"
41 [125403165361728] INFO perfrun.perfcollector <> - eventId: 11, dataAddr: c1, dataVal: ffffffe17b7d
41 [125403165361728] INFO perfrun.perfcollector <> - DRY_RUN: "reg_type       = 4	event_id       = 12	reg_id         = c2	reg_value      = ffffffe17b7d"
41 [125403165361728] INFO perfrun.perfcollector <> - eventId: 12, dataAddr: c2, dataVal: ffffffe17b7d
41 [125403165361728] INFO perfrun.perfcollector <> - DRY_RUN: "PMU type: Core (e-core)"
41 [125403165361728] INFO perfrun.perfcollector <> - pmu type: cpu_atom
41 [125403165361728] INFO perfrun.perfcollector <> - DRY_RUN: "Group 0:"
41 [125403165361728] INFO perfrun.perfcollector <> - id: 0
41 [125403165361728] INFO perfrun.perfcollector <> - DRY_RUN: "INST_RETIRED.ANY: event id 2"
41 [125403165361728] INFO perfrun.perfcollector <> - eventName: INST_RETIRED.ANY, eventId: 2
41 [125403165361728] INFO perfrun.perfcollector <> - DRY_RUN: "CPU_CLK_UNHALTED.THREAD: event id 0"
41 [125403165361728] INFO perfrun.perfcollector <> - eventName: CPU_CLK_UNHALTED.THREAD, eventId: 0
41 [125403165361728] INFO perfrun.perfcollector <> - DRY_RUN: "CPU_CLK_UNHALTED.REF_TSC: event id 1"
41 [125403165361728] INFO perfrun.perfcollector <> - eventName: CPU_CLK_UNHALTED.REF_TSC, eventId: 1
41 [125403165361728] INFO perfrun.perfcollector <> - DRY_RUN: "CCCR"
41 [125403165361728] INFO perfrun.perfcollector <> - DRY_RUN: "reg_type       = 1	event_id       = g	reg_id         = 38f	reg_value      = 700000000"
41 [125403165361728] INFO perfrun.perfcollector <> - eventId: g, skip parsing event_id
41 [125403165361728] INFO perfrun.perfcollector <> - Register was ignored: group_id: 0, reg_type: 1, event_id: 4294967295, reg_id: 38f, reg_value: 700000000, pmu_name: cpu_atom
41 [125403165361728] INFO perfrun.perfcollector <> - DRY_RUN: "reg_type       = 1	event_id       = g	reg_id         = 390	reg_value      = 700000000"
41 [125403165361728] INFO perfrun.perfcollector <> - eventId: g, skip parsing event_id
41 [125403165361728] INFO perfrun.perfcollector <> - Register was ignored: group_id: 0, reg_type: 1, event_id: 4294967295, reg_id: 390, reg_value: 700000000, pmu_name: cpu_atom
41 [125403165361728] INFO perfrun.perfcollector <> - DRY_RUN: "reg_type       = 1	event_id       = g	reg_id         = 3f1	reg_value      = 700000000"
41 [125403165361728] INFO perfrun.perfcollector <> - eventId: g, skip parsing event_id
41 [125403165361728] INFO perfrun.perfcollector <> - Extended PEBS: group_id: 0, reg_type: 1, event_id: 4294967295, reg_id: 3f1, reg_value: 700000000, pmu_name: cpu_atom
41 [125403165361728] INFO perfrun.perfcollector <> - DRY_RUN: "reg_type       = 1	event_id       = g	reg_id         = 1d9	reg_value      = 1800"
41 [125403165361728] INFO perfrun.perfcollector <> - eventId: g, skip parsing event_id
41 [125403165361728] INFO perfrun.perfcollector <> - Register was ignored: group_id: 0, reg_type: 1, event_id: 4294967295, reg_id: 1d9, reg_value: 1800, pmu_name: cpu_atom
41 [125403165361728] INFO perfrun.perfcollector <> - DRY_RUN: "reg_type       = 1	event_id       = g	reg_id         = 38d	reg_value      = 333"
41 [125403165361728] INFO perfrun.perfcollector <> - eventId: g, skip parsing event_id
41 [125403165361728] INFO perfrun.perfcollector <> - Register was ignored: group_id: 0, reg_type: 1, event_id: 4294967295, reg_id: 38d, reg_value: 333, pmu_name: cpu_atom
41 [125403165361728] INFO perfrun.perfcollector <> - DRY_RUN: "reg_type       = 1	event_id       = g	reg_id         = 3f2	reg_value      = 0"
41 [125403165361728] INFO perfrun.perfcollector <> - eventId: g, skip parsing event_id
41 [125403165361728] INFO perfrun.perfcollector <> - Adaptive PEBS: group_id: 0, reg_type: 1, event_id: 4294967295, reg_id: 3f2, reg_value: 0, pmu_name: cpu_atom
41 [125403165361728] INFO perfrun.perfcollector <> - DRY_RUN: "reg_type       = 1	event_id       = g	reg_id         = 14ce	reg_value      = 0"
41 [125403165361728] INFO perfrun.perfcollector <> - eventId: g, skip parsing event_id
41 [125403165361728] INFO perfrun.perfcollector <> - Register was ignored: group_id: 0, reg_type: 1, event_id: 4294967295, reg_id: 14ce, reg_value: 0, pmu_name: cpu_atom
41 [125403165361728] INFO perfrun.perfcollector <> - DRY_RUN: "ESCR"
41 [125403165361728] INFO perfrun.perfcollector <> - DRY_RUN: "DATA"
41 [125403165361728] INFO perfrun.perfcollector <> - DRY_RUN: "reg_type       = 4	event_id       = 2	reg_id         = 309	reg_value      = ffffffca9820"
41 [125403165361728] INFO perfrun.perfcollector <> - eventId: 2, dataAddr: 309, dataVal: ffffffca9820
41 [125403165361728] INFO perfrun.perfcollector <> - DRY_RUN: "reg_type       = 4	event_id       = 0	reg_id         = 30a	reg_value      = ffffffca9820"
41 [125403165361728] INFO perfrun.perfcollector <> - eventId: 0, dataAddr: 30a, dataVal: ffffffca9820
41 [125403165361728] INFO perfrun.perfcollector <> - DRY_RUN: "reg_type       = 4	event_id       = 1	reg_id         = 30b	reg_value      = ffffffca9820"
41 [125403165361728] INFO perfrun.perfcollector <> - eventId: 1, dataAddr: 30b, dataVal: ffffffca9820
41 [125403165361728] INFO perfrun.perfcollector <> - event name: CPU_CLK_UNHALTED.THREAD
41 [125403165361728] INFO perfrun.perfcollector <> - pmu config: cpu_atom
41 [125403165361728] INFO perfrun.perfcollector <> - cccrAddr: ffffffff, cccrValue: 0
41 [125403165361728] INFO perfrun.perfcollector <> - dataAddr: 30a, dataValue: ffffffffffca9820
41 [125403165361728] INFO perfrun.perfcollector <> - escrAddr: ffffffff, escrValue: 0
41 [125403165361728] INFO perfrun.perfcollector <> - extendedPebsValue: 700000000
41 [125403165361728] INFO perfrun.perfcollector <> - adaptivePebsAvailable: 1
41 [125403165361728] INFO perfrun.perfcollector <> - config: event: 3c
41 [125403165361728] INFO perfrun.perfcollector <> - config: pc: 0
41 [125403165361728] INFO perfrun.perfcollector <> - config: edge: 0
41 [125403165361728] INFO perfrun.perfcollector <> - config1: offcore_rsp: 0
41 [125403165361728] INFO perfrun.perfcollector <> - config1: ldlat: 0
41 [125403165361728] INFO perfrun.perfcollector <> - config: inv: 0
41 [125403165361728] INFO perfrun.perfcollector <> - config: umask: 0
41 [125403165361728] INFO perfrun.perfcollector <> - config: cmask: 0
41 [125403165361728] INFO perfrun.perfcollector <> - precise event: Extended PEBS is enabled for 1th fixed counter
41 [125403165361728] INFO perfrun.perfcollector <> - format: cpu_atom/event=0x3c,name='CPU_CLK_UNHALTED.THREAD[ATOM]'/D
41 [125403165361728] INFO perfrun.perfcollector <> - event name: CPU_CLK_UNHALTED.REF_TSC
41 [125403165361728] INFO perfrun.perfcollector <> - pmu config: cpu_atom
41 [125403165361728] INFO perfrun.perfcollector <> - cccrAddr: ffffffff, cccrValue: 0
41 [125403165361728] INFO perfrun.perfcollector <> - dataAddr: 30b, dataValue: ffffffffffca9820
41 [125403165361728] INFO perfrun.perfcollector <> - escrAddr: ffffffff, escrValue: 0
41 [125403165361728] INFO perfrun.perfcollector <> - extendedPebsValue: 700000000
41 [125403165361728] INFO perfrun.perfcollector <> - adaptivePebsAvailable: 1
41 [125403165361728] INFO perfrun.perfcollector <> - config: event: 0
41 [125403165361728] INFO perfrun.perfcollector <> - config: pc: 0
41 [125403165361728] INFO perfrun.perfcollector <> - config: edge: 0
41 [125403165361728] INFO perfrun.perfcollector <> - config1: offcore_rsp: 0
41 [125403165361728] INFO perfrun.perfcollector <> - config1: ldlat: 0
41 [125403165361728] INFO perfrun.perfcollector <> - config: inv: 0
41 [125403165361728] INFO perfrun.perfcollector <> - config: umask: 3
41 [125403165361728] INFO perfrun.perfcollector <> - config: cmask: 0
41 [125403165361728] INFO perfrun.perfcollector <> - precise event: Extended PEBS is enabled for 2th fixed counter
41 [125403165361728] INFO perfrun.perfcollector <> - format: cpu_atom/umask=0x3,name='CPU_CLK_UNHALTED.REF_TSC[ATOM]'/D
41 [125403165361728] INFO perfrun.perfcollector <> - event name: INST_RETIRED.ANY
41 [125403165361728] INFO perfrun.perfcollector <> - pmu config: cpu_atom
41 [125403165361728] INFO perfrun.perfcollector <> - cccrAddr: ffffffff, cccrValue: 0
41 [125403165361728] INFO perfrun.perfcollector <> - dataAddr: 309, dataValue: ffffffffffca9820
41 [125403165361728] INFO perfrun.perfcollector <> - escrAddr: ffffffff, escrValue: 0
41 [125403165361728] INFO perfrun.perfcollector <> - extendedPebsValue: 700000000
41 [125403165361728] INFO perfrun.perfcollector <> - adaptivePebsAvailable: 1
41 [125403165361728] INFO perfrun.perfcollector <> - config: event: c0
41 [125403165361728] INFO perfrun.perfcollector <> - config: pc: 0
41 [125403165361728] INFO perfrun.perfcollector <> - config: edge: 0
41 [125403165361728] INFO perfrun.perfcollector <> - config1: offcore_rsp: 0
41 [125403165361728] INFO perfrun.perfcollector <> - config1: ldlat: 0
41 [125403165361728] INFO perfrun.perfcollector <> - config: inv: 0
41 [125403165361728] INFO perfrun.perfcollector <> - config: umask: 0
41 [125403165361728] INFO perfrun.perfcollector <> - config: cmask: 0
41 [125403165361728] INFO perfrun.perfcollector <> - precise event: Extended PEBS is enabled for 0th fixed counter
41 [125403165361728] INFO perfrun.perfcollector <> - format: cpu_atom/event=0xc0,name='INST_RETIRED.ANY[ATOM]'/D
41 [125403165361728] INFO perfrun.perfcollector <> - event name: CPU_CLK_UNHALTED.THREAD
41 [125403165361728] INFO perfrun.perfcollector <> - pmu config: cpu_core
41 [125403165361728] INFO perfrun.perfcollector <> - cccrAddr: ffffffff, cccrValue: 0
41 [125403165361728] INFO perfrun.perfcollector <> - dataAddr: 30a, dataValue: ffffffffffca9820
41 [125403165361728] INFO perfrun.perfcollector <> - escrAddr: ffffffff, escrValue: 0
41 [125403165361728] INFO perfrun.perfcollector <> - extendedPebsValue: f00000003
41 [125403165361728] INFO perfrun.perfcollector <> - adaptivePebsAvailable: 1
41 [125403165361728] INFO perfrun.perfcollector <> - config: event: 3c
41 [125403165361728] INFO perfrun.perfcollector <> - config: pc: 0
41 [125403165361728] INFO perfrun.perfcollector <> - config: edge: 0
41 [125403165361728] INFO perfrun.perfcollector <> - config1: offcore_rsp: 0
41 [125403165361728] INFO perfrun.perfcollector <> - config1: ldlat: 0
41 [125403165361728] INFO perfrun.perfcollector <> - config: inv: 0
41 [125403165361728] INFO perfrun.perfcollector <> - config: umask: 0
41 [125403165361728] INFO perfrun.perfcollector <> - config1: frontend: 0
41 [125403165361728] INFO perfrun.perfcollector <> - config: cmask: 0
41 [125403165361728] INFO perfrun.perfcollector <> - precise event: Extended PEBS is enabled for 1th fixed counter
41 [125403165361728] INFO perfrun.perfcollector <> - format: cpu_core/event=0x3c,name='CPU_CLK_UNHALTED.THREAD[CORE]'/D
41 [125403165361728] INFO perfrun.perfcollector <> - event name: CPU_CLK_UNHALTED.REF_TSC
41 [125403165361728] INFO perfrun.perfcollector <> - pmu config: cpu_core
41 [125403165361728] INFO perfrun.perfcollector <> - cccrAddr: ffffffff, cccrValue: 0
41 [125403165361728] INFO perfrun.perfcollector <> - dataAddr: 30b, dataValue: ffffffffffca9820
41 [125403165361728] INFO perfrun.perfcollector <> - escrAddr: ffffffff, escrValue: 0
41 [125403165361728] INFO perfrun.perfcollector <> - extendedPebsValue: f00000003
41 [125403165361728] INFO perfrun.perfcollector <> - adaptivePebsAvailable: 1
41 [125403165361728] INFO perfrun.perfcollector <> - config: event: 0
41 [125403165361728] INFO perfrun.perfcollector <> - config: pc: 0
41 [125403165361728] INFO perfrun.perfcollector <> - config: edge: 0
41 [125403165361728] INFO perfrun.perfcollector <> - config1: offcore_rsp: 0
41 [125403165361728] INFO perfrun.perfcollector <> - config1: ldlat: 0
41 [125403165361728] INFO perfrun.perfcollector <> - config: inv: 0
41 [125403165361728] INFO perfrun.perfcollector <> - config: umask: 3
41 [125403165361728] INFO perfrun.perfcollector <> - config1: frontend: 0
41 [125403165361728] INFO perfrun.perfcollector <> - config: cmask: 0
41 [125403165361728] INFO perfrun.perfcollector <> - precise event: Extended PEBS is enabled for 2th fixed counter
41 [125403165361728] INFO perfrun.perfcollector <> - format: cpu_core/umask=0x3,name='CPU_CLK_UNHALTED.REF_TSC[CORE]'/D
41 [125403165361728] INFO perfrun.perfcollector <> - event name: INST_RETIRED.ANY
41 [125403165361728] INFO perfrun.perfcollector <> - pmu config: cpu_core
41 [125403165361728] INFO perfrun.perfcollector <> - cccrAddr: ffffffff, cccrValue: 0
41 [125403165361728] INFO perfrun.perfcollector <> - dataAddr: 309, dataValue: ffffffffffca9820
41 [125403165361728] INFO perfrun.perfcollector <> - escrAddr: ffffffff, escrValue: 0
41 [125403165361728] INFO perfrun.perfcollector <> - extendedPebsValue: f00000003
41 [125403165361728] INFO perfrun.perfcollector <> - adaptivePebsAvailable: 1
41 [125403165361728] INFO perfrun.perfcollector <> - config: event: c0
41 [125403165361728] INFO perfrun.perfcollector <> - config: pc: 0
41 [125403165361728] INFO perfrun.perfcollector <> - config: edge: 0
41 [125403165361728] INFO perfrun.perfcollector <> - config1: offcore_rsp: 0
41 [125403165361728] INFO perfrun.perfcollector <> - config1: ldlat: 0
41 [125403165361728] INFO perfrun.perfcollector <> - config: inv: 0
41 [125403165361728] INFO perfrun.perfcollector <> - config: umask: 0
41 [125403165361728] INFO perfrun.perfcollector <> - config1: frontend: 0
41 [125403165361728] INFO perfrun.perfcollector <> - config: cmask: 0
41 [125403165361728] INFO perfrun.perfcollector <> - precise event: Precise Distribution is enabled for 0th fixed counter
41 [125403165361728] INFO perfrun.perfcollector <> - format: cpu_core/event=0xc0,name='INST_RETIRED.ANY[CORE]'/D
41 [125403165361728] INFO perfrun.perfcollector <> - event name: TOPDOWN.SLOTS
41 [125403165361728] INFO perfrun.perfcollector <> - pmu config: cpu_core
41 [125403165361728] INFO perfrun.perfcollector <> - cccrAddr: ffffffff, cccrValue: 0
41 [125403165361728] INFO perfrun.perfcollector <> - dataAddr: 30c, dataValue: ffffffffffe17b7d
41 [125403165361728] INFO perfrun.perfcollector <> - escrAddr: ffffffff, escrValue: 0
41 [125403165361728] INFO perfrun.perfcollector <> - extendedPebsValue: f00000003
41 [125403165361728] INFO perfrun.perfcollector <> - adaptivePebsAvailable: 1
41 [125403165361728] INFO perfrun.perfcollector <> - config: event: 0
41 [125403165361728] INFO perfrun.perfcollector <> - config: pc: 0
41 [125403165361728] INFO perfrun.perfcollector <> - config: edge: 0
41 [125403165361728] INFO perfrun.perfcollector <> - config1: offcore_rsp: 0
41 [125403165361728] INFO perfrun.perfcollector <> - config1: ldlat: 0
41 [125403165361728] INFO perfrun.perfcollector <> - config: inv: 0
41 [125403165361728] INFO perfrun.perfcollector <> - config: umask: 4
41 [125403165361728] INFO perfrun.perfcollector <> - config1: frontend: 0
41 [125403165361728] INFO perfrun.perfcollector <> - config: cmask: 0
41 [125403165361728] INFO perfrun.perfcollector <> - precise event: Extended PEBS is enabled for 3th fixed counter
41 [125403165361728] INFO perfrun.perfcollector <> - format: cpu_core/umask=0x4,name='TOPDOWN.SLOTS[CORE]'/D
41 [125403165361728] INFO perfrun.perfcollector <> - event name: CPU_CLK_UNHALTED.DISTRIBUTED
41 [125403165361728] INFO perfrun.perfcollector <> - pmu config: cpu_core
41 [125403165361728] INFO perfrun.perfcollector <> - cccrAddr: 186, cccrValue: 4302ec
41 [125403165361728] INFO perfrun.perfcollector <> - dataAddr: c1, dataValue: ffffffffffca9820
41 [125403165361728] INFO perfrun.perfcollector <> - escrAddr: ffffffff, escrValue: 0
41 [125403165361728] INFO perfrun.perfcollector <> - extendedPebsValue: f000000ff
41 [125403165361728] INFO perfrun.perfcollector <> - adaptivePebsAvailable: 1
41 [125403165361728] INFO perfrun.perfcollector <> - config: event: ec
41 [125403165361728] INFO perfrun.perfcollector <> - config: pc: 0
41 [125403165361728] INFO perfrun.perfcollector <> - config: edge: 0
41 [125403165361728] INFO perfrun.perfcollector <> - config1: offcore_rsp: 0
41 [125403165361728] INFO perfrun.perfcollector <> - config1: ldlat: 0
41 [125403165361728] INFO perfrun.perfcollector <> - config: inv: 0
41 [125403165361728] INFO perfrun.perfcollector <> - config: umask: 2
41 [125403165361728] INFO perfrun.perfcollector <> - config1: frontend: 0
41 [125403165361728] INFO perfrun.perfcollector <> - config: cmask: 0
41 [125403165361728] INFO perfrun.perfcollector <> - precise event: config: 2ec, [cccrVal & impreciseMask(0x100000)]: 0
41 [125403165361728] INFO perfrun.perfcollector <> - format: cpu_core/event=0xec,umask=0x2,name='CPU_CLK_UNHALTED.DISTRIBUTED[CORE]'/
41 [125403165361728] INFO perfrun.perfcollector <> - event name: FP_ARITH_INST_RETIRED.SCALAR_SINGLE
41 [125403165361728] INFO perfrun.perfcollector <> - pmu config: cpu_core
41 [125403165361728] INFO perfrun.perfcollector <> - cccrAddr: 187, cccrValue: 4302c7
41 [125403165361728] INFO perfrun.perfcollector <> - dataAddr: c2, dataValue: ffffffffffe17b7d
41 [125403165361728] INFO perfrun.perfcollector <> - escrAddr: ffffffff, escrValue: 0
41 [125403165361728] INFO perfrun.perfcollector <> - extendedPebsValue: f000000ff
41 [125403165361728] INFO perfrun.perfcollector <> - adaptivePebsAvailable: 1
41 [125403165361728] INFO perfrun.perfcollector <> - config: event: c7
41 [125403165361728] INFO perfrun.perfcollector <> - config: pc: 0
41 [125403165361728] INFO perfrun.perfcollector <> - config: edge: 0
41 [125403165361728] INFO perfrun.perfcollector <> - config1: offcore_rsp: 0
41 [125403165361728] INFO perfrun.perfcollector <> - config1: ldlat: 0
41 [125403165361728] INFO perfrun.perfcollector <> - config: inv: 0
41 [125403165361728] INFO perfrun.perfcollector <> - config: umask: 2
41 [125403165361728] INFO perfrun.perfcollector <> - config1: frontend: 0
41 [125403165361728] INFO perfrun.perfcollector <> - config: cmask: 0
41 [125403165361728] INFO perfrun.perfcollector <> - precise event: config: 2c7, [cccrVal & impreciseMask(0x100000)]: 0
41 [125403165361728] INFO perfrun.perfcollector <> - format: cpu_core/event=0xc7,umask=0x2,name='FP_ARITH_INST_RETIRED.SCALAR_SINGLE[CORE]'/
41 [125403165361728] INFO perfrun.perfcollector <> - event name: FP_ARITH_INST_RETIRED.128B_PACKED_SINGLE
41 [125403165361728] INFO perfrun.perfcollector <> - pmu config: cpu_core
41 [125403165361728] INFO perfrun.perfcollector <> - cccrAddr: 188, cccrValue: 4308c7
41 [125403165361728] INFO perfrun.perfcollector <> - dataAddr: c3, dataValue: ffffffffffe17b7d
41 [125403165361728] INFO perfrun.perfcollector <> - escrAddr: ffffffff, escrValue: 0
41 [125403165361728] INFO perfrun.perfcollector <> - extendedPebsValue: f000000ff
41 [125403165361728] INFO perfrun.perfcollector <> - adaptivePebsAvailable: 1
41 [125403165361728] INFO perfrun.perfcollector <> - config: event: c7
41 [125403165361728] INFO perfrun.perfcollector <> - config: pc: 0
41 [125403165361728] INFO perfrun.perfcollector <> - config: edge: 0
41 [125403165361728] INFO perfrun.perfcollector <> - config1: offcore_rsp: 0
41 [125403165361728] INFO perfrun.perfcollector <> - config1: ldlat: 0
41 [125403165361728] INFO perfrun.perfcollector <> - config: inv: 0
41 [125403165361728] INFO perfrun.perfcollector <> - config: umask: 8
41 [125403165361728] INFO perfrun.perfcollector <> - config1: frontend: 0
41 [125403165361728] INFO perfrun.perfcollector <> - config: cmask: 0
41 [125403165361728] INFO perfrun.perfcollector <> - precise event: config: 8c7, [cccrVal & impreciseMask(0x100000)]: 0
41 [125403165361728] INFO perfrun.perfcollector <> - format: cpu_core/event=0xc7,umask=0x8,name='FP_ARITH_INST_RETIRED.128B_PACKED_SINGLE[CORE]'/
41 [125403165361728] INFO perfrun.perfcollector <> - event name: FP_ARITH_INST_RETIRED.256B_PACKED_SINGLE
41 [125403165361728] INFO perfrun.perfcollector <> - pmu config: cpu_core
41 [125403165361728] INFO perfrun.perfcollector <> - cccrAddr: 189, cccrValue: 4320c7
41 [125403165361728] INFO perfrun.perfcollector <> - dataAddr: c4, dataValue: ffffffffffe17b7d
41 [125403165361728] INFO perfrun.perfcollector <> - escrAddr: ffffffff, escrValue: 0
41 [125403165361728] INFO perfrun.perfcollector <> - extendedPebsValue: f000000ff
41 [125403165361728] INFO perfrun.perfcollector <> - adaptivePebsAvailable: 1
41 [125403165361728] INFO perfrun.perfcollector <> - config: event: c7
41 [125403165361728] INFO perfrun.perfcollector <> - config: pc: 0
41 [125403165361728] INFO perfrun.perfcollector <> - config: edge: 0
41 [125403165361728] INFO perfrun.perfcollector <> - config1: offcore_rsp: 0
41 [125403165361728] INFO perfrun.perfcollector <> - config1: ldlat: 0
41 [125403165361728] INFO perfrun.perfcollector <> - config: inv: 0
41 [125403165361728] INFO perfrun.perfcollector <> - config: umask: 20
41 [125403165361728] INFO perfrun.perfcollector <> - config1: frontend: 0
41 [125403165361728] INFO perfrun.perfcollector <> - config: cmask: 0
41 [125403165361728] INFO perfrun.perfcollector <> - precise event: config: 20c7, [cccrVal & impreciseMask(0x100000)]: 0
41 [125403165361728] INFO perfrun.perfcollector <> - format: cpu_core/event=0xc7,umask=0x20,name='FP_ARITH_INST_RETIRED.256B_PACKED_SINGLE[CORE]'/
41 [125403165361728] INFO perfrun.perfcollector <> - event name: FP_ARITH_INST_RETIRED.SCALAR_DOUBLE
41 [125403165361728] INFO perfrun.perfcollector <> - pmu config: cpu_core
41 [125403165361728] INFO perfrun.perfcollector <> - cccrAddr: 18a, cccrValue: 4301c7
41 [125403165361728] INFO perfrun.perfcollector <> - dataAddr: c5, dataValue: ffffffffffe17b7d
41 [125403165361728] INFO perfrun.perfcollector <> - escrAddr: ffffffff, escrValue: 0
41 [125403165361728] INFO perfrun.perfcollector <> - extendedPebsValue: f000000ff
41 [125403165361728] INFO perfrun.perfcollector <> - adaptivePebsAvailable: 1
41 [125403165361728] INFO perfrun.perfcollector <> - config: event: c7
41 [125403165361728] INFO perfrun.perfcollector <> - config: pc: 0
41 [125403165361728] INFO perfrun.perfcollector <> - config: edge: 0
41 [125403165361728] INFO perfrun.perfcollector <> - config1: offcore_rsp: 0
41 [125403165361728] INFO perfrun.perfcollector <> - config1: ldlat: 0
41 [125403165361728] INFO perfrun.perfcollector <> - config: inv: 0
41 [125403165361728] INFO perfrun.perfcollector <> - config: umask: 1
41 [125403165361728] INFO perfrun.perfcollector <> - config1: frontend: 0
41 [125403165361728] INFO perfrun.perfcollector <> - config: cmask: 0
41 [125403165361728] INFO perfrun.perfcollector <> - precise event: config: 1c7, [cccrVal & impreciseMask(0x100000)]: 0
41 [125403165361728] INFO perfrun.perfcollector <> - format: cpu_core/event=0xc7,umask=0x1,name='FP_ARITH_INST_RETIRED.SCALAR_DOUBLE[CORE]'/
41 [125403165361728] INFO perfrun.perfcollector <> - event name: FP_ARITH_INST_RETIRED.128B_PACKED_DOUBLE
41 [125403165361728] INFO perfrun.perfcollector <> - pmu config: cpu_core
41 [125403165361728] INFO perfrun.perfcollector <> - cccrAddr: 18b, cccrValue: 4304c7
41 [125403165361728] INFO perfrun.perfcollector <> - dataAddr: c6, dataValue: ffffffffffe17b7d
41 [125403165361728] INFO perfrun.perfcollector <> - escrAddr: ffffffff, escrValue: 0
41 [125403165361728] INFO perfrun.perfcollector <> - extendedPebsValue: f000000ff
41 [125403165361728] INFO perfrun.perfcollector <> - adaptivePebsAvailable: 1
41 [125403165361728] INFO perfrun.perfcollector <> - config: event: c7
41 [125403165361728] INFO perfrun.perfcollector <> - config: pc: 0
41 [125403165361728] INFO perfrun.perfcollector <> - config: edge: 0
41 [125403165361728] INFO perfrun.perfcollector <> - config1: offcore_rsp: 0
41 [125403165361728] INFO perfrun.perfcollector <> - config1: ldlat: 0
41 [125403165361728] INFO perfrun.perfcollector <> - config: inv: 0
41 [125403165361728] INFO perfrun.perfcollector <> - config: umask: 4
41 [125403165361728] INFO perfrun.perfcollector <> - config1: frontend: 0
41 [125403165361728] INFO perfrun.perfcollector <> - config: cmask: 0
42 [125403165361728] INFO perfrun.perfcollector <> - precise event: config: 4c7, [cccrVal & impreciseMask(0x100000)]: 0
42 [125403165361728] INFO perfrun.perfcollector <> - format: cpu_core/event=0xc7,umask=0x4,name='FP_ARITH_INST_RETIRED.128B_PACKED_DOUBLE[CORE]'/
42 [125403165361728] INFO perfrun.perfcollector <> - event name: FP_ARITH_INST_RETIRED.256B_PACKED_DOUBLE
42 [125403165361728] INFO perfrun.perfcollector <> - pmu config: cpu_core
42 [125403165361728] INFO perfrun.perfcollector <> - cccrAddr: 18c, cccrValue: 4310c7
42 [125403165361728] INFO perfrun.perfcollector <> - dataAddr: c7, dataValue: ffffffffffe17b7d
42 [125403165361728] INFO perfrun.perfcollector <> - escrAddr: ffffffff, escrValue: 0
42 [125403165361728] INFO perfrun.perfcollector <> - extendedPebsValue: f000000ff
42 [125403165361728] INFO perfrun.perfcollector <> - adaptivePebsAvailable: 1
42 [125403165361728] INFO perfrun.perfcollector <> - config: event: c7
42 [125403165361728] INFO perfrun.perfcollector <> - config: pc: 0
42 [125403165361728] INFO perfrun.perfcollector <> - config: edge: 0
42 [125403165361728] INFO perfrun.perfcollector <> - config1: offcore_rsp: 0
42 [125403165361728] INFO perfrun.perfcollector <> - config1: ldlat: 0
42 [125403165361728] INFO perfrun.perfcollector <> - config: inv: 0
42 [125403165361728] INFO perfrun.perfcollector <> - config: umask: 10
42 [125403165361728] INFO perfrun.perfcollector <> - config1: frontend: 0
42 [125403165361728] INFO perfrun.perfcollector <> - config: cmask: 0
42 [125403165361728] INFO perfrun.perfcollector <> - precise event: config: 10c7, [cccrVal & impreciseMask(0x100000)]: 0
42 [125403165361728] INFO perfrun.perfcollector <> - format: cpu_core/event=0xc7,umask=0x10,name='FP_ARITH_INST_RETIRED.256B_PACKED_DOUBLE[CORE]'/
42 [125403165361728] INFO perfrun.perfcollector <> - event name: UOPS_EXECUTED.X87
42 [125403165361728] INFO perfrun.perfcollector <> - pmu config: cpu_core
42 [125403165361728] INFO perfrun.perfcollector <> - cccrAddr: 18d, cccrValue: 4310b1
42 [125403165361728] INFO perfrun.perfcollector <> - dataAddr: c8, dataValue: ffffffffffe17b7d
42 [125403165361728] INFO perfrun.perfcollector <> - escrAddr: ffffffff, escrValue: 0
42 [125403165361728] INFO perfrun.perfcollector <> - extendedPebsValue: f000000ff
42 [125403165361728] INFO perfrun.perfcollector <> - adaptivePebsAvailable: 1
42 [125403165361728] INFO perfrun.perfcollector <> - config: event: b1
42 [125403165361728] INFO perfrun.perfcollector <> - config: pc: 0
42 [125403165361728] INFO perfrun.perfcollector <> - config: edge: 0
42 [125403165361728] INFO perfrun.perfcollector <> - config1: offcore_rsp: 0
42 [125403165361728] INFO perfrun.perfcollector <> - config1: ldlat: 0
42 [125403165361728] INFO perfrun.perfcollector <> - config: inv: 0
42 [125403165361728] INFO perfrun.perfcollector <> - config: umask: 10
42 [125403165361728] INFO perfrun.perfcollector <> - config1: frontend: 0
42 [125403165361728] INFO perfrun.perfcollector <> - config: cmask: 0
42 [125403165361728] INFO perfrun.perfcollector <> - precise event: config: 10b1, [cccrVal & impreciseMask(0x100000)]: 0
42 [125403165361728] INFO perfrun.perfcollector <> - format: cpu_core/event=0xb1,umask=0x10,name='UOPS_EXECUTED.X87[CORE]'/
42 [125403165361728] INFO perfrun.perfcollector <> - event name: UOPS_RETIRED.SLOTS
42 [125403165361728] INFO perfrun.perfcollector <> - pmu config: cpu_core
42 [125403165361728] INFO perfrun.perfcollector <> - cccrAddr: 186, cccrValue: 4302c2
42 [125403165361728] INFO perfrun.perfcollector <> - dataAddr: c1, dataValue: ffffffffffe17b7d
42 [125403165361728] INFO perfrun.perfcollector <> - escrAddr: ffffffff, escrValue: 0
42 [125403165361728] INFO perfrun.perfcollector <> - extendedPebsValue: f00000003
42 [125403165361728] INFO perfrun.perfcollector <> - adaptivePebsAvailable: 1
42 [125403165361728] INFO perfrun.perfcollector <> - config: event: c2
42 [125403165361728] INFO perfrun.perfcollector <> - config: pc: 0
42 [125403165361728] INFO perfrun.perfcollector <> - config: edge: 0
42 [125403165361728] INFO perfrun.perfcollector <> - config1: offcore_rsp: 0
42 [125403165361728] INFO perfrun.perfcollector <> - config1: ldlat: 0
42 [125403165361728] INFO perfrun.perfcollector <> - config: inv: 0
42 [125403165361728] INFO perfrun.perfcollector <> - config: umask: 2
42 [125403165361728] INFO perfrun.perfcollector <> - config1: frontend: 0
42 [125403165361728] INFO perfrun.perfcollector <> - config: cmask: 0
42 [125403165361728] INFO perfrun.perfcollector <> - precise event: config: 2c2, [cccrVal & impreciseMask(0x100000)]: 0
42 [125403165361728] INFO perfrun.perfcollector <> - format: cpu_core/event=0xc2,umask=0x2,name='UOPS_RETIRED.SLOTS[CORE]'/
42 [125403165361728] INFO perfrun.perfcollector <> - event name: UOPS_EXECUTED.THREAD
42 [125403165361728] INFO perfrun.perfcollector <> - pmu config: cpu_core
42 [125403165361728] INFO perfrun.perfcollector <> - cccrAddr: 187, cccrValue: 4301b1
42 [125403165361728] INFO perfrun.perfcollector <> - dataAddr: c2, dataValue: ffffffffffe17b7d
42 [125403165361728] INFO perfrun.perfcollector <> - escrAddr: ffffffff, escrValue: 0
42 [125403165361728] INFO perfrun.perfcollector <> - extendedPebsValue: f00000003
42 [125403165361728] INFO perfrun.perfcollector <> - adaptivePebsAvailable: 1
42 [125403165361728] INFO perfrun.perfcollector <> - config: event: b1
42 [125403165361728] INFO perfrun.perfcollector <> - config: pc: 0
42 [125403165361728] INFO perfrun.perfcollector <> - config: edge: 0
42 [125403165361728] INFO perfrun.perfcollector <> - config1: offcore_rsp: 0
42 [125403165361728] INFO perfrun.perfcollector <> - config1: ldlat: 0
42 [125403165361728] INFO perfrun.perfcollector <> - config: inv: 0
42 [125403165361728] INFO perfrun.perfcollector <> - config: umask: 1
42 [125403165361728] INFO perfrun.perfcollector <> - config1: frontend: 0
42 [125403165361728] INFO perfrun.perfcollector <> - config: cmask: 0
42 [125403165361728] INFO perfrun.perfcollector <> - precise event: config: 1b1, [cccrVal & impreciseMask(0x100000)]: 0
42 [125403165361728] INFO perfrun.perfcollector <> - format: cpu_core/event=0xb1,umask=0x1,name='UOPS_EXECUTED.THREAD[CORE]'/
42 [125403165361728] INFO perfrun.perfcollector <> - event: cpu_atom/event=0x3c,name='CPU_CLK_UNHALTED.THREAD[ATOM]'/Duk, added for counting
42 [125403165361728] INFO perfrun.perfcollector <> - event: cpu_atom/umask=0x3,name='CPU_CLK_UNHALTED.REF_TSC[ATOM]'/Duk, added for counting
42 [125403165361728] INFO perfrun.perfcollector <> - event: cpu_atom/event=0xc0,name='INST_RETIRED.ANY[ATOM]'/Duk, added for counting
42 [125403165361728] INFO perfrun.perfcollector <> - event: cpu_core/event=0x3c,name='CPU_CLK_UNHALTED.THREAD[CORE]'/Duk, added for counting
42 [125403165361728] INFO perfrun.perfcollector <> - event: cpu_core/umask=0x3,name='CPU_CLK_UNHALTED.REF_TSC[CORE]'/Duk, added for counting
42 [125403165361728] INFO perfrun.perfcollector <> - event: cpu_core/event=0xc0,name='INST_RETIRED.ANY[CORE]'/Duk, added for counting
42 [125403165361728] INFO perfrun.perfcollector <> - event: cpu_core/umask=0x4,name='TOPDOWN.SLOTS[CORE]'/Duk, added for counting
42 [125403165361728] INFO perfrun.perfcollector <> - event: cpu_core/event=0xec,umask=0x2,name='CPU_CLK_UNHALTED.DISTRIBUTED[CORE]'/uk, added for counting
42 [125403165361728] INFO perfrun.perfcollector <> - event: cpu_core/event=0xc7,umask=0x2,name='FP_ARITH_INST_RETIRED.SCALAR_SINGLE[CORE]'/uk, added for counting
42 [125403165361728] INFO perfrun.perfcollector <> - event: cpu_core/event=0xc7,umask=0x8,name='FP_ARITH_INST_RETIRED.128B_PACKED_SINGLE[CORE]'/uk, added for counting
42 [125403165361728] INFO perfrun.perfcollector <> - event: cpu_core/event=0xc7,umask=0x20,name='FP_ARITH_INST_RETIRED.256B_PACKED_SINGLE[CORE]'/uk, added for counting
42 [125403165361728] INFO perfrun.perfcollector <> - event: cpu_core/event=0xc7,umask=0x1,name='FP_ARITH_INST_RETIRED.SCALAR_DOUBLE[CORE]'/uk, added for counting
42 [125403165361728] INFO perfrun.perfcollector <> - event: cpu_core/event=0xc7,umask=0x4,name='FP_ARITH_INST_RETIRED.128B_PACKED_DOUBLE[CORE]'/uk, added for counting
42 [125403165361728] INFO perfrun.perfcollector <> - event: cpu_core/event=0xc7,umask=0x10,name='FP_ARITH_INST_RETIRED.256B_PACKED_DOUBLE[CORE]'/uk, added for counting
42 [125403165361728] INFO perfrun.perfcollector <> - event: cpu_core/event=0xb1,umask=0x10,name='UOPS_EXECUTED.X87[CORE]'/uk, added for counting
42 [125403165361728] INFO perfrun.perfcollector <> - event: cpu_core/event=0xc2,umask=0x2,name='UOPS_RETIRED.SLOTS[CORE]'/uk, added for counting
42 [125403165361728] INFO perfrun.perfcollector <> - event: cpu_core/event=0xb1,umask=0x1,name='UOPS_EXECUTED.THREAD[CORE]'/uk, added for counting
42 [125403165361728] INFO perfrun.perfcollector <> - attaching to pid: 4294967295, collect mode: 1, rc modes: 3
42 [125403154875968] WARN perfrun.perfcollector <> - Perf stat trace pipe capacity: read = 1048576, write = 1048576, at file: vcs/perfrun1/plugins/perfcollector/src/profiler.cpp:786
42 [125403154875968] INFO perfrun.sdk <> - runCmd: /opt/intel/oneapi/vtune/2024.1/bin64/amplxe-perf stat -v --log-fd 11 --scale -x ; -e cpu_atom/event=0x3c,name='CPU_CLK_UNHALTED.THREAD[ATOM]'/Duk,cpu_atom/umask=0x3,name='CPU_CLK_UNHALTED.REF_TSC[ATOM]'/Duk,cpu_atom/event=0xc0,name='INST_RETIRED.ANY[ATOM]'/Duk,cpu_core/event=0x3c,name='CPU_CLK_UNHALTED.THREAD[CORE]'/Duk,cpu_core/umask=0x3,name='CPU_CLK_UNHALTED.REF_TSC[CORE]'/Duk,cpu_core/event=0xc0,name='INST_RETIRED.ANY[CORE]'/Duk,cpu_core/umask=0x4,name='TOPDOWN.SLOTS[CORE]'/Duk,cpu_core/event=0xec,umask=0x2,name='CPU_CLK_UNHALTED.DISTRIBUTED[CORE]'/uk,cpu_core/event=0xc7,umask=0x2,name='FP_ARITH_INST_RETIRED.SCALAR_SINGLE[CORE]'/uk,cpu_core/event=0xc7,umask=0x8,name='FP_ARITH_INST_RETIRED.128B_PACKED_SINGLE[CORE]'/uk,cpu_core/event=0xc7,umask=0x20,name='FP_ARITH_INST_RETIRED.256B_PACKED_SINGLE[CORE]'/uk,cpu_core/event=0xc7,umask=0x1,name='FP_ARITH_INST_RETIRED.SCALAR_DOUBLE[CORE]'/uk,cpu_core/event=0xc7,umask=0x4,name='FP_ARITH_INST_RETIRED.128B_PACKED_DOUBLE[CORE]'/uk,cpu_core/event=0xc7,umask=0x10,name='FP_ARITH_INST_RETIRED.256B_PACKED_DOUBLE[CORE]'/uk,cpu_core/event=0xb1,umask=0x10,name='UOPS_EXECUTED.X87[CORE]'/uk,cpu_core/event=0xc2,umask=0x2,name='UOPS_RETIRED.SLOTS[CORE]'/uk,cpu_core/event=0xb1,umask=0x1,name='UOPS_EXECUTED.THREAD[CORE]'/uk /opt/intel/oneapi/vtune/2024.1/bin64/amplxe-perf-sync dryrun tsc
43 [125403154875968] INFO perfrun.sdk <> - runCmd started PID 80747
77 [125403154875968] INFO perfrun.perfcollector <> - Monitor: runCmd RC = true
77 [125403165361728] INFO perfrun.launcher <> - plugin [aoclprofile] was disabled because it doesn't support the given collection type.
77 [125403165361728] INFO perfrun.tpss <> - initialize tpss controller
77 [125403165361728] INFO perfrun.tpss <> - configure collection mode: value = cpu:counters:nostack
77 [125403165361728] INFO perfrun.tpss <> - configure collection mode: value = cpu:stack
77 [125403165361728] INFO perfrun.tpss <> - default obj-size-min=1024
77 [125403165361728] INFO perfrun.tpss <> - default hash-table-size=0
77 [125403165361728] INFO perfrun.launcher <> - plugin [media] was disabled because it doesn't support the given collection type.
77 [125403165361728] INFO perfrun.launcher <> - plugin [] was disabled because it doesn't support the given collection type.
77 [125403165361728] INFO perfrun.launcher <> - plugin [] was disabled because it doesn't support the given collection type.
77 [125403165361728] INFO perfrun.launcher <> - plugin [parallelfs] was disabled because it doesn't support the given collection type.
77 [125403165361728] INFO perfrun.launcher <> - plugin [power] was disabled because it doesn't support the given collection type.
77 [125403165361728] INFO perfrun.launcher <> - plugin [] was disabled because it doesn't support the given collection type.
77 [125403165361728] INFO perfrun.launcher <> - plugin [ipmwatch] was disabled because it doesn't support the given collection type.
77 [125403165361728] INFO perfrun.launcher <> - plugin [os_counters] was disabled because it doesn't support the given collection type.
77 [125403165361728] INFO perfrun.launcher <> - plugin [l0_metrics] was disabled because it doesn't support the given collection type.
77 [125403389142848] INFO perfrun.launcher <> - set environment variable: LD_LIBRARY_PATH = /opt/intel/oneapi/vtune/2024.1/lib32/runtime:/opt/intel/oneapi/vtune/2024.1/lib64/runtime:/opt/intel/oneapi/tbb/2021.12/env/../lib/intel64/gcc4.8:/opt/intel/oneapi/mpi/2021.12/opt/mpi/libfabric/lib:/opt/intel/oneapi/mpi/2021.12/lib:/opt/intel/oneapi/dpl/2022.5/lib:/opt/intel/oneapi/debugger/2024.1/opt/debugger/lib:/opt/intel/oneapi/compiler/2024.1/opt/oclfpga/host/linux64/lib:/opt/intel/oneapi/compiler/2024.1/opt/compiler/lib:/opt/intel/oneapi/compiler/2024.1/lib
77 [125403389142848] INFO perfrun.launcher <> - set environment variable: INTEL_LIBITTNOTIFY32 = /opt/intel/oneapi/vtune/2024.1/lib32/runtime/libittnotify_collector.so
77 [125403389142848] INFO perfrun.launcher <> - set environment variable: INTEL_LIBITTNOTIFY64 = /opt/intel/oneapi/vtune/2024.1/lib64/runtime/libittnotify_collector.so
77 [125403389142848] INFO perfrun.launcher <> - set environment variable: INTEL_ITTNOTIFY_GROUPS = 
77 [125403389142848] INFO perfrun.launcher <> - set environment variable: INTEL_JIT_PROFILER32 = /opt/intel/oneapi/vtune/2024.1/lib32/runtime/libittnotify_collector.so
77 [125403389142848] INFO perfrun.launcher <> - set environment variable: INTEL_JIT_PROFILER64 = /opt/intel/oneapi/vtune/2024.1/lib64/runtime/libittnotify_collector.so
77 [125403389142848] INFO perfrun.launcher <> - set environment variable: ENABLE_JITPROFILING = 1
77 [125403389142848] INFO perfrun.launcher <> - set environment variable: CL_CONFIG_USE_VTUNE = True
77 [125403389142848] INFO perfrun.launcher <> - set environment variable: KMP_FORKJOIN_FRAMES = 0
77 [125403389142848] INFO perfrun.launcher <> - set environment variable: KMP_FORKJOIN_FRAMES_MODE = 0
77 [125403389142848] INFO perfrun.launcher <> - set environment variable: INTEL_MRTE_DATA_DIR = /home/jagtym/Programming/ProgRowProj1/vtune/hs_k3/data.0
78 [125403389142848] INFO perfrun.launcher <> - set environment variable: INTEL_MRTE_HOST_NAME = pop-os
78 [125403389142848] INFO perfrun.launcher <> - set environment variable: JAVA_TOOL_OPTIONS = -agentlib:amplxe_tpssmrte_javaprof_1.0 -Dsun.boot.library.path=/opt/intel/oneapi/vtune/2024.1/lib32/runtime:/opt/intel/oneapi/vtune/2024.1/lib64/runtime
78 [125403389142848] INFO perfrun.launcher <> - set environment variable: LD_LIBRARY_PATH = /opt/intel/oneapi/vtune/2024.1/lib32/runtime:/opt/intel/oneapi/vtune/2024.1/lib64/runtime:/opt/intel/oneapi/tbb/2021.12/env/../lib/intel64/gcc4.8:/opt/intel/oneapi/mpi/2021.12/opt/mpi/libfabric/lib:/opt/intel/oneapi/mpi/2021.12/lib:/opt/intel/oneapi/dpl/2022.5/lib:/opt/intel/oneapi/debugger/2024.1/opt/debugger/lib:/opt/intel/oneapi/compiler/2024.1/opt/oclfpga/host/linux64/lib:/opt/intel/oneapi/compiler/2024.1/opt/compiler/lib:/opt/intel/oneapi/compiler/2024.1/lib
78 [125403389142848] INFO perfrun.launcher <> - set environment variable: CORECLR_ENABLE_PROFILING = 1
78 [125403389142848] INFO perfrun.launcher <> - set environment variable: CORECLR_PROFILER = {AA5E4821-E3B1-479c-B7FF-5AD047D22CED}
78 [125403389142848] INFO perfrun.launcher <> - set environment variable: CORECLR_PROFILER_PATH = /opt/intel/oneapi/vtune/2024.1/lib64/libamplxe_samplingmrte_clrprof_1.0.so
78 [125403389142848] INFO perfrun.launcher <> - set environment variable: INTEL_MRTE_PROFILER_MODE = mixed
78 [125403389142848] INFO perfrun.launcher <> - RpcServer: run RPC server to handle requests
78 [125403389142848] INFO perfrun.launcher <> - Launcher: command line to start before modification = build/k3
78 [125403389142848] INFO perfrun.launcher <> - Launcher: command line to start after modification = /opt/intel/oneapi/vtune/2024.1/bin64/pin -error_file /home/jagtym/Programming/ProgRowProj1/vtune/hs_k3/data.0/pinerr.tpsslog -detach_reattach -follow_execv -tool_load_option deepbind -t64 /opt/intel/oneapi/vtune/2024.1/lib64/libtpsstool.so -t /opt/intel/oneapi/vtune/2024.1/lib32/libtpsstool.so -server_name tpss_ipc.80740 -prd_dir /opt/intel/oneapi/vtune/2024.1 -- build/k3
78 [125403389142848] INFO perfrun.launcher <> - ProcessCreator object was created
78 [125403389142848] INFO perfrun.launcher <> - Launcher: the process was started in suspend mode
79 [125403165361728] WARN perfrun.system <> - Could not do anything with /sys/kernel/debug/kvm: boost::filesystem::status: Permission denied [system:13]: "/sys/kernel/debug/kvm", at file: vcs/perfrun1/plugins/system/src/trace_writer.cpp:787
79 [125403165361728] WARN perfrun.system <> - File "/var/run/libvirt/qemu/driver.xml" doesn't exist, at file: vcs/perfrun1/plugins/system/src/trace_writer.cpp:892
79 [125403165361728] WARN perfrun.sdk <> - Failed to find xl binary on any of the system paths: /bin, /sbin, /usr/bin, /usr/sbin., at file: vcs/perfrun1/sdk/src/utils.cpp:204
79 [125403165361728] WARN perfrun.system <> - Could not start ContainerMapping collector, at file: vcs/perfrun1/plugins/system/src/controller.cpp:448
106 [125403165361728] INFO perfrun.vdso <> - Helper runtool '/opt/intel/oneapi/vtune/2024.1/bin32/amplxe-runss -dump-vdso -r /home/jagtym/Programming/ProgRowProj1/vtune/hs_k3 --tmp-dir /tmp/amplxe-tmp-jagtym' returned 0
146 [125403165361728] INFO perfrun.vdso <> - Helper runtool '/opt/intel/oneapi/vtune/2024.1/bin64/amplxe-runss -dump-vdso -r /home/jagtym/Programming/ProgRowProj1/vtune/hs_k3 --tmp-dir /tmp/amplxe-tmp-jagtym' returned 0
146 [125403165361728] INFO perfrun.itt <> - start itt controller for pid #80750
146 [125403165361728] INFO perfrun.perfcollector <> - attaching to pid: 80750, collect mode: 1, rc modes: 1
146 [125403123418688] WARN perfrun.perfcollector <> - Perf stat trace pipe capacity: read = 1048576, write = 1048576, at file: vcs/perfrun1/plugins/perfcollector/src/profiler.cpp:786
146 [125403123418688] INFO perfrun.sdk <> - runCmd: /opt/intel/oneapi/vtune/2024.1/bin64/amplxe-perf stat -v --log-fd 22 --control=fd:23,26 --scale -x ; -p 80750 -e cpu_atom/event=0x3c,name='CPU_CLK_UNHALTED.THREAD[ATOM]'/Duk,cpu_atom/umask=0x3,name='CPU_CLK_UNHALTED.REF_TSC[ATOM]'/Duk,cpu_atom/event=0xc0,name='INST_RETIRED.ANY[ATOM]'/Duk,cpu_core/event=0x3c,name='CPU_CLK_UNHALTED.THREAD[CORE]'/Duk,cpu_core/umask=0x3,name='CPU_CLK_UNHALTED.REF_TSC[CORE]'/Duk,cpu_core/event=0xc0,name='INST_RETIRED.ANY[CORE]'/Duk,cpu_core/umask=0x4,name='TOPDOWN.SLOTS[CORE]'/Duk,cpu_core/event=0xec,umask=0x2,name='CPU_CLK_UNHALTED.DISTRIBUTED[CORE]'/uk,cpu_core/event=0xc7,umask=0x2,name='FP_ARITH_INST_RETIRED.SCALAR_SINGLE[CORE]'/uk,cpu_core/event=0xc7,umask=0x8,name='FP_ARITH_INST_RETIRED.128B_PACKED_SINGLE[CORE]'/uk,cpu_core/event=0xc7,umask=0x20,name='FP_ARITH_INST_RETIRED.256B_PACKED_SINGLE[CORE]'/uk,cpu_core/event=0xc7,umask=0x1,name='FP_ARITH_INST_RETIRED.SCALAR_DOUBLE[CORE]'/uk,cpu_core/event=0xc7,umask=0x4,name='FP_ARITH_INST_RETIRED.128B_PACKED_DOUBLE[CORE]'/uk,cpu_core/event=0xc7,umask=0x10,name='FP_ARITH_INST_RETIRED.256B_PACKED_DOUBLE[CORE]'/uk,cpu_core/event=0xb1,umask=0x10,name='UOPS_EXECUTED.X87[CORE]'/uk,cpu_core/event=0xc2,umask=0x2,name='UOPS_RETIRED.SLOTS[CORE]'/uk,cpu_core/event=0xb1,umask=0x1,name='UOPS_EXECUTED.THREAD[CORE]'/uk /opt/intel/oneapi/vtune/2024.1/bin64/amplxe-perf-sync sync tsc
147 [125403123418688] INFO perfrun.sdk <> - runCmd started PID 80759
155 [125403165361728] INFO perfrun.tpss <> - start tpss controller for pid #80750
206 [125403389142848] INFO perfrun.launcher <> - Launcher: all plugins were started
206 [125403389142848] INFO perfrun.launcher <> - DirectoryMonitor object was created
206 [125403389142848] INFO perfrun.launcher <> - DirectoryMonitor: a callback was added
206 [125403389142848] INFO perfrun.launcher <> - DirectoryMonitor was started with pingTime = 1000
206 [125403389142848] INFO perfrun.launcher <> - DeadlineTimer is going to be constructed
206 [125403389142848] INFO perfrun.launcher <> - DeadlineTimer: a callback was added
213 [125403389142848] INFO perfrun.launcher <> - Launcher: resume the profiled application and  wait its termination or stop command
407 [125403389142848] INFO perfrun.launcher <> - Launcher: the profiled application was terminated  with exit code = 0
409 [125403165361728] INFO perfrun.itt <> - detach itt controller
409 [125403165361728] INFO perfrun.itt <> - detach itt controller done
411 [125403123418688] INFO perfrun.perfcollector <> - Monitor: runCmd RC = true
411 [125403165361728] INFO perfrun.perfcollector <> - Monitor: state = 3, error = 1
411 [125403165361728] INFO perfrun.tpss <> - stop tpss controller
411 [125403165361728] INFO perfrun.sdk <> - De-allocating TMU: /home/jagtym/Programming/ProgRowProj1/vtune/hs_k3/data.0/systemcollector-80740-pop-os.sc
411 [125403165361728] INFO perfrun.system <> - closed the system trace file: /home/jagtym/Programming/ProgRowProj1/vtune/hs_k3/data.0/systemcollector-80740-pop-os.sc
411 [125403389142848] INFO perfrun.launcher <> - Launcher: all plugins were stopped.
411 [125403389142848] INFO perfrun.launcher <> - DeadlineTimer is going to be destroyed
411 [125403389142848] INFO perfrun.launcher <> - DeadlineTimer was destroyed
411 [125403389142848] INFO perfrun.launcher <> - DirectoryMonitor object was destroyed
411 [125403389142848] WARN perfrun.launcher <> - Stop command is ignored because it is received when collection is already stopped, at file: vcs/perfrun1/launcher/src/command_handler.cpp:226
411 [125403389142848] INFO perfrun.launcher <> - Application exit code: 0
411 [125403389142848] INFO perfrun.launcher <> - Exit code: 0
