threads_spec: cpu
Using CPUID GenuineIntel-6-B7-1
DEBUGINFOD_URLS=
Compression enabled, disabling build id collection at the end of the session.
nr_threads: 20
thread_masks[0]: 0x62c99eed0800: maps mask[20]: 0
thread_masks[0]: 0x62c99eed0810: affinity mask[20]: 0
thread_masks[1]: 0x62c99eed0820: maps mask[20]: 1
thread_masks[1]: 0x62c99eed0830: affinity mask[20]: 1
thread_masks[2]: 0x62c99eed0840: maps mask[20]: 2
thread_masks[2]: 0x62c99eed0850: affinity mask[20]: 2
thread_masks[3]: 0x62c99eed0860: maps mask[20]: 3
thread_masks[3]: 0x62c99eed0870: affinity mask[20]: 3
thread_masks[4]: 0x62c99eed0880: maps mask[20]: 4
thread_masks[4]: 0x62c99eed0890: affinity mask[20]: 4
thread_masks[5]: 0x62c99eed08a0: maps mask[20]: 5
thread_masks[5]: 0x62c99eed08b0: affinity mask[20]: 5
thread_masks[6]: 0x62c99eed08c0: maps mask[20]: 6
thread_masks[6]: 0x62c99eed08d0: affinity mask[20]: 6
thread_masks[7]: 0x62c99eed08e0: maps mask[20]: 7
thread_masks[7]: 0x62c99eed08f0: affinity mask[20]: 7
thread_masks[8]: 0x62c99eed0900: maps mask[20]: 8
thread_masks[8]: 0x62c99eed0910: affinity mask[20]: 8
thread_masks[9]: 0x62c99eed0920: maps mask[20]: 9
thread_masks[9]: 0x62c99eed0930: affinity mask[20]: 9
thread_masks[10]: 0x62c99eed0940: maps mask[20]: 10
thread_masks[10]: 0x62c99eed0950: affinity mask[20]: 10
thread_masks[11]: 0x62c99eed0960: maps mask[20]: 11
thread_masks[11]: 0x62c99eed0970: affinity mask[20]: 11
thread_masks[12]: 0x62c99eed0980: maps mask[20]: 12
thread_masks[12]: 0x62c99eed0990: affinity mask[20]: 12
thread_masks[13]: 0x62c99eed09a0: maps mask[20]: 13
thread_masks[13]: 0x62c99eed09b0: affinity mask[20]: 13
thread_masks[14]: 0x62c99eed09c0: maps mask[20]: 14
thread_masks[14]: 0x62c99eed09d0: affinity mask[20]: 14
thread_masks[15]: 0x62c99eed09e0: maps mask[20]: 15
thread_masks[15]: 0x62c99eed09f0: affinity mask[20]: 15
thread_masks[16]: 0x62c99eed0a00: maps mask[20]: 16
thread_masks[16]: 0x62c99eed0a10: affinity mask[20]: 16
thread_masks[17]: 0x62c99eed0a20: maps mask[20]: 17
thread_masks[17]: 0x62c99eed0a30: affinity mask[20]: 17
thread_masks[18]: 0x62c99eed0a40: maps mask[20]: 18
thread_masks[18]: 0x62c99eed0a50: affinity mask[20]: 18
thread_masks[19]: 0x62c99eed0a60: maps mask[20]: 19
thread_masks[19]: 0x62c99eed0a70: affinity mask[20]: 19
nr_cblocks: 0
affinity: SYS
mmap flush: 1
comp level: 1
Problems creating module maps, continuing anyway...
WARNING: Kernel address maps (/proc/{kallsyms,modules}) are restricted,
check /proc/sys/kernel/kptr_restrict and /proc/sys/kernel/perf_event_paranoid.

Samples in kernel functions may not be resolved if a suitable vmlinux
file is not found in the buildid cache or in the vmlinux path.

Samples in kernel modules won't be resolved at all.

If some relocation was applied (e.g. kexec) symbols may be misresolved
even with a suitable vmlinux or kallsyms file.

mmap size 528384B
Couldn't record kernel reference relocation symbol
Symbol resolution may be skewed if relocation was used (e.g. kexec).
Check /proc/kallsyms permission or run as root.
couldn't open /proc/1/task/1/maps
couldn't open /proc/452/task/452/maps
couldn't open /proc/486/task/486/maps
couldn't open /proc/760/task/760/maps
couldn't open /proc/820/task/820/maps
couldn't open /proc/821/task/821/maps
couldn't open /proc/822/task/822/maps
couldn't open /proc/823/task/823/maps
couldn't open /proc/824/task/824/maps
couldn't open /proc/826/task/826/maps
couldn't open /proc/827/task/827/maps
couldn't open /proc/828/task/828/maps
couldn't open /proc/830/task/830/maps
couldn't open /proc/833/task/833/maps
couldn't open /proc/837/task/837/maps
couldn't open /proc/839/task/839/maps
couldn't open /proc/841/task/841/maps
couldn't open /proc/846/task/846/maps
couldn't open /proc/852/task/852/maps
couldn't open /proc/854/task/854/maps
couldn't open /proc/860/task/860/maps
couldn't open /proc/862/task/862/maps
couldn't open /proc/867/task/867/maps
couldn't open /proc/876/task/876/maps
couldn't open /proc/901/task/901/maps
couldn't open /proc/941/task/941/maps
couldn't open /proc/966/task/966/maps
couldn't open /proc/975/task/975/maps
couldn't open /proc/1000/task/1000/maps
couldn't open /proc/1016/task/1016/maps
couldn't open /proc/1018/task/1018/maps
couldn't open /proc/1094/task/1094/maps
couldn't open /proc/1395/task/1395/maps
couldn't open /proc/1435/task/1435/maps
couldn't open /proc/1737/task/1737/maps
couldn't open /proc/1738/task/1738/maps
couldn't open /proc/1813/task/1813/maps
couldn't open /proc/1947/task/1947/maps
couldn't open /proc/2054/task/2054/maps
couldn't open /proc/2147/task/2147/maps
couldn't open /proc/2261/task/2261/maps
couldn't open /proc/2262/task/2262/maps
couldn't open /proc/2293/task/2293/maps
couldn't open /proc/2637/task/2637/maps
couldn't open /proc/2719/task/2719/maps
couldn't open /proc/3040/task/3040/maps
couldn't open /proc/3296/task/3296/maps
couldn't open /proc/8135/task/8135/maps
couldn't open /proc/8136/task/8136/maps
couldn't open /proc/8137/task/8137/maps
couldn't open /proc/8145/task/8145/maps
couldn't open /proc/8146/task/8146/maps
couldn't open /proc/8154/task/8154/maps
couldn't open /proc/8155/task/8155/maps
couldn't open /proc/8158/task/8158/maps
couldn't open /proc/8159/task/8159/maps
couldn't open /proc/15901/task/15901/maps
couldn't open /proc/28585/task/28585/maps
threads[46515]: started on cpu1
threads[46516]: started on cpu2
threads[46517]: started on cpu3
threads[46518]: started on cpu4
threads[46519]: started on cpu5
threads[46520]: started on cpu6
threads[46521]: started on cpu7
threads[46522]: started on cpu8
threads[46523]: started on cpu9
threads[46524]: started on cpu10
threads[46525]: started on cpu11
threads[46526]: started on cpu12
threads[46527]: started on cpu13
threads[46528]: started on cpu14
threads[46529]: started on cpu15
threads[46530]: started on cpu16
threads[46531]: started on cpu17
threads[46532]: started on cpu18
threads[46533]: started on cpu19
threads[46513]: started on cpu0

46514:perf-sync:ready:TSC=23439529099363
[ perf record: Woken up 1 times to write data ]
threads[46513]: samples=1, wakes=1, transferred=8496, compressed=1497
threads[46515]: samples=1, wakes=2, transferred=288, compressed=127
threads[46516]: samples=1, wakes=2, transferred=11104, compressed=1773
threads[46517]: samples=2, wakes=2, transferred=5584, compressed=739
threads[46518]: samples=1, wakes=2, transferred=288, compressed=128
threads[46519]: samples=1, wakes=2, transferred=352, compressed=164
threads[46520]: samples=1, wakes=2, transferred=288, compressed=124
threads[46521]: samples=1, wakes=2, transferred=64, compressed=75
threads[46522]: samples=1, wakes=2, transferred=64, compressed=75
threads[46523]: samples=1, wakes=2, transferred=64, compressed=75
threads[46524]: samples=1, wakes=2, transferred=64, compressed=70
threads[46525]: samples=1, wakes=2, transferred=64, compressed=75
threads[46526]: samples=2, wakes=2, transferred=560, compressed=186
threads[46527]: samples=0, wakes=2, written=0
threads[46528]: samples=3, wakes=2, transferred=9776, compressed=1998
threads[46529]: samples=0, wakes=2, written=0
threads[46530]: samples=0, wakes=2, written=0
threads[46531]: samples=3, wakes=2, transferred=3024, compressed=573
threads[46532]: samples=0, wakes=2, written=0
threads[46533]: samples=0, wakes=2, written=0
failed to write feature CPU_PMU_CAPS
[ perf record: Captured and wrote 8.634 MB /home/jagtym/Programming/ProgRowProj1/vtune/ue_k3/data.0/system-wide.perf, compressed (original 0.038 MB, ratio is 5.219) ]
