0 [4039653120] INFO perfrun.launcher <> - Launcher main begin
0 [4039653120] INFO perfrun.launcher <> - MessageCatalogInit finished
0 [4039653120] INFO perfrun.launcher <> - Launcher instance created
0 [4039653120] INFO perfrun.launcher <> - argc = 6; cmdline = /opt/intel/oneapi/vtune/2024.1/bin32/amplxe-runss -dump-vdso -r /home/jagtym/Programming/ProgRowProj1/vtune/th_k2 --tmp-dir /tmp/amplxe-tmp-root 
9 [4039653120] INFO perfrun.launcher <> - create msngr2::ICliToolContext
9 [4039653120] INFO perfrun.launcher <> - create file finder object
12 [4039121600] INFO perfrun.launcher <> - plugin [remoteplug] was disabled because it doesn't support the given collection type.
12 [4039121600] INFO perfrun.launcher <> - plugin [] was disabled because it doesn't support the given collection type.
12 [4039121600] INFO perfrun.vdso <> - dumping [vdso] pseudomodule
12 [4039121600] INFO perfrun.launcher <> - plugin [] was disabled because it doesn't support the given collection type.
12 [4039121600] INFO perfrun.launcher <> - plugin [] was disabled because it doesn't support the given collection type.
12 [4039121600] INFO perfrun.launcher <> - plugin [] was disabled because it doesn't support the given collection type.
12 [4039121600] INFO perfrun.launcher <> - plugin [] was disabled because it doesn't support the given collection type.
12 [4039121600] INFO perfrun.launcher <> - plugin [] was disabled because it doesn't support the given collection type.
12 [4039121600] INFO perfrun.launcher <> - plugin [] was disabled because it doesn't support the given collection type.
12 [4039121600] INFO perfrun.launcher <> - plugin [] was disabled because it doesn't support the given collection type.
12 [4039121600] INFO perfrun.launcher <> - plugin [] was disabled because it doesn't support the given collection type.
12 [4039121600] INFO perfrun.launcher <> - plugin [] was disabled because it doesn't support the given collection type.
12 [4039121600] INFO perfrun.launcher <> - plugin [] was disabled because it doesn't support the given collection type.
12 [4039121600] INFO perfrun.launcher <> - plugin [] was disabled because it doesn't support the given collection type.
12 [4039121600] INFO perfrun.launcher <> - plugin [] was disabled because it doesn't support the given collection type.
12 [4039121600] INFO perfrun.launcher <> - plugin [] was disabled because it doesn't support the given collection type.
12 [4039121600] INFO perfrun.launcher <> - plugin [] was disabled because it doesn't support the given collection type.
12 [4039121600] INFO perfrun.launcher <> - plugin [] was disabled because it doesn't support the given collection type.
12 [4039121600] INFO perfrun.launcher <> - plugin [] was disabled because it doesn't support the given collection type.
12 [4039121600] INFO perfrun.launcher <> - plugin [] was disabled because it doesn't support the given collection type.
12 [4039121600] INFO perfrun.launcher <> - plugin [] was disabled because it doesn't support the given collection type.
12 [4039121600] INFO perfrun.launcher <> - plugin [] was disabled because it doesn't support the given collection type.
12 [4039121600] INFO perfrun.launcher <> - plugin [] was disabled because it doesn't support the given collection type.
12 [4039121600] INFO perfrun.launcher <> - plugin [] was disabled because it doesn't support the given collection type.
12 [4039121600] INFO perfrun.launcher <> - plugin [] was disabled because it doesn't support the given collection type.
12 [4039121600] INFO perfrun.launcher <> - plugin [] was disabled because it doesn't support the given collection type.
12 [4039121600] INFO perfrun.launcher <> - plugin [] was disabled because it doesn't support the given collection type.
13 [4039653120] INFO perfrun.launcher <> - Application exit code: 0
13 [4039653120] INFO perfrun.launcher <> - Exit code: 0
