0 [3907856128] INFO perfrun.launcher <> - Launcher main begin
1 [3907856128] INFO perfrun.launcher <> - MessageCatalogInit finished
1 [3907856128] INFO perfrun.launcher <> - Launcher instance created
1 [3907856128] INFO perfrun.launcher <> - argc = 6; cmdline = /opt/intel/oneapi/vtune/2024.1/bin32/amplxe-runss -dump-vdso -r /home/jagtym/Programming/ProgRowProj1/vtune/th_k2 --tmp-dir /tmp/amplxe-tmp-jagtym 
11 [3907856128] INFO perfrun.launcher <> - create msngr2::ICliToolContext
11 [3907856128] INFO perfrun.launcher <> - create file finder object
16 [3907324608] INFO perfrun.launcher <> - plugin [remoteplug] was disabled because it doesn't support the given collection type.
16 [3907324608] INFO perfrun.launcher <> - plugin [] was disabled because it doesn't support the given collection type.
16 [3907324608] INFO perfrun.vdso <> - dumping [vdso] pseudomodule
16 [3907324608] INFO perfrun.launcher <> - plugin [] was disabled because it doesn't support the given collection type.
16 [3907324608] INFO perfrun.launcher <> - plugin [] was disabled because it doesn't support the given collection type.
17 [3907324608] INFO perfrun.launcher <> - plugin [] was disabled because it doesn't support the given collection type.
17 [3907324608] INFO perfrun.launcher <> - plugin [] was disabled because it doesn't support the given collection type.
17 [3907324608] INFO perfrun.launcher <> - plugin [] was disabled because it doesn't support the given collection type.
17 [3907324608] INFO perfrun.launcher <> - plugin [] was disabled because it doesn't support the given collection type.
17 [3907324608] INFO perfrun.launcher <> - plugin [] was disabled because it doesn't support the given collection type.
17 [3907324608] INFO perfrun.launcher <> - plugin [] was disabled because it doesn't support the given collection type.
17 [3907324608] INFO perfrun.launcher <> - plugin [] was disabled because it doesn't support the given collection type.
17 [3907324608] INFO perfrun.launcher <> - plugin [] was disabled because it doesn't support the given collection type.
17 [3907324608] INFO perfrun.launcher <> - plugin [] was disabled because it doesn't support the given collection type.
17 [3907324608] INFO perfrun.launcher <> - plugin [] was disabled because it doesn't support the given collection type.
17 [3907324608] INFO perfrun.launcher <> - plugin [] was disabled because it doesn't support the given collection type.
17 [3907324608] INFO perfrun.launcher <> - plugin [] was disabled because it doesn't support the given collection type.
17 [3907324608] INFO perfrun.launcher <> - plugin [] was disabled because it doesn't support the given collection type.
17 [3907324608] INFO perfrun.launcher <> - plugin [] was disabled because it doesn't support the given collection type.
17 [3907324608] INFO perfrun.launcher <> - plugin [] was disabled because it doesn't support the given collection type.
17 [3907324608] INFO perfrun.launcher <> - plugin [] was disabled because it doesn't support the given collection type.
17 [3907324608] INFO perfrun.launcher <> - plugin [] was disabled because it doesn't support the given collection type.
17 [3907324608] INFO perfrun.launcher <> - plugin [] was disabled because it doesn't support the given collection type.
17 [3907324608] INFO perfrun.launcher <> - plugin [] was disabled because it doesn't support the given collection type.
17 [3907324608] INFO perfrun.launcher <> - plugin [] was disabled because it doesn't support the given collection type.
17 [3907324608] INFO perfrun.launcher <> - plugin [] was disabled because it doesn't support the given collection type.
17 [3907324608] INFO perfrun.launcher <> - plugin [] was disabled because it doesn't support the given collection type.
17 [3907856128] INFO perfrun.launcher <> - Application exit code: 0
17 [3907856128] INFO perfrun.launcher <> - Exit code: 0
