threads_spec: cpu
Using CPUID GenuineIntel-6-B7-1
DEBUGINFOD_URLS=
Compression enabled, disabling build id collection at the end of the session.
nr_threads: 20
thread_masks[0]: 0x5e0b1912fa40: maps mask[20]: 0
thread_masks[0]: 0x5e0b1912fa50: affinity mask[20]: 0
thread_masks[1]: 0x5e0b1912fa60: maps mask[20]: 1
thread_masks[1]: 0x5e0b1912fa70: affinity mask[20]: 1
thread_masks[2]: 0x5e0b1912fa80: maps mask[20]: 2
thread_masks[2]: 0x5e0b1912fa90: affinity mask[20]: 2
thread_masks[3]: 0x5e0b1912faa0: maps mask[20]: 3
thread_masks[3]: 0x5e0b1912fab0: affinity mask[20]: 3
thread_masks[4]: 0x5e0b1912fac0: maps mask[20]: 4
thread_masks[4]: 0x5e0b1912fad0: affinity mask[20]: 4
thread_masks[5]: 0x5e0b1912fae0: maps mask[20]: 5
thread_masks[5]: 0x5e0b1912faf0: affinity mask[20]: 5
thread_masks[6]: 0x5e0b1912fb00: maps mask[20]: 6
thread_masks[6]: 0x5e0b1912fb10: affinity mask[20]: 6
thread_masks[7]: 0x5e0b1912fb20: maps mask[20]: 7
thread_masks[7]: 0x5e0b1912fb30: affinity mask[20]: 7
thread_masks[8]: 0x5e0b1912fb40: maps mask[20]: 8
thread_masks[8]: 0x5e0b1912fb50: affinity mask[20]: 8
thread_masks[9]: 0x5e0b1912fb60: maps mask[20]: 9
thread_masks[9]: 0x5e0b1912fb70: affinity mask[20]: 9
thread_masks[10]: 0x5e0b1912fb80: maps mask[20]: 10
thread_masks[10]: 0x5e0b1912fb90: affinity mask[20]: 10
thread_masks[11]: 0x5e0b1912fba0: maps mask[20]: 11
thread_masks[11]: 0x5e0b1912fbb0: affinity mask[20]: 11
thread_masks[12]: 0x5e0b1912fbc0: maps mask[20]: 12
thread_masks[12]: 0x5e0b1912fbd0: affinity mask[20]: 12
thread_masks[13]: 0x5e0b1912fbe0: maps mask[20]: 13
thread_masks[13]: 0x5e0b1912fbf0: affinity mask[20]: 13
thread_masks[14]: 0x5e0b1912fc00: maps mask[20]: 14
thread_masks[14]: 0x5e0b1912fc10: affinity mask[20]: 14
thread_masks[15]: 0x5e0b1912fc20: maps mask[20]: 15
thread_masks[15]: 0x5e0b1912fc30: affinity mask[20]: 15
thread_masks[16]: 0x5e0b1912fc40: maps mask[20]: 16
thread_masks[16]: 0x5e0b1912fc50: affinity mask[20]: 16
thread_masks[17]: 0x5e0b1912fc60: maps mask[20]: 17
thread_masks[17]: 0x5e0b1912fc70: affinity mask[20]: 17
thread_masks[18]: 0x5e0b1912fc80: maps mask[20]: 18
thread_masks[18]: 0x5e0b1912fc90: affinity mask[20]: 18
thread_masks[19]: 0x5e0b1912fca0: maps mask[20]: 19
thread_masks[19]: 0x5e0b1912fcb0: affinity mask[20]: 19
nr_cblocks: 0
affinity: SYS
mmap flush: 1
comp level: 1
Problems creating module maps, continuing anyway...
WARNING: Kernel address maps (/proc/{kallsyms,modules}) are restricted,
check /proc/sys/kernel/kptr_restrict and /proc/sys/kernel/perf_event_paranoid.

Samples in kernel functions may not be resolved if a suitable vmlinux
file is not found in the buildid cache or in the vmlinux path.

Samples in kernel modules won't be resolved at all.

If some relocation was applied (e.g. kexec) symbols may be misresolved
even with a suitable vmlinux or kallsyms file.

mmap size 528384B
Couldn't record kernel reference relocation symbol
Symbol resolution may be skewed if relocation was used (e.g. kexec).
Check /proc/kallsyms permission or run as root.
couldn't open /proc/1/task/1/maps
couldn't open /proc/452/task/452/maps
couldn't open /proc/486/task/486/maps
couldn't open /proc/760/task/760/maps
couldn't open /proc/820/task/820/maps
couldn't open /proc/821/task/821/maps
couldn't open /proc/822/task/822/maps
couldn't open /proc/823/task/823/maps
couldn't open /proc/824/task/824/maps
couldn't open /proc/826/task/826/maps
couldn't open /proc/827/task/827/maps
couldn't open /proc/828/task/828/maps
couldn't open /proc/830/task/830/maps
couldn't open /proc/833/task/833/maps
couldn't open /proc/837/task/837/maps
couldn't open /proc/839/task/839/maps
couldn't open /proc/841/task/841/maps
couldn't open /proc/846/task/846/maps
couldn't open /proc/852/task/852/maps
couldn't open /proc/854/task/854/maps
couldn't open /proc/860/task/860/maps
couldn't open /proc/862/task/862/maps
couldn't open /proc/867/task/867/maps
couldn't open /proc/876/task/876/maps
couldn't open /proc/901/task/901/maps
couldn't open /proc/941/task/941/maps
couldn't open /proc/975/task/975/maps
couldn't open /proc/1000/task/1000/maps
couldn't open /proc/1016/task/1016/maps
couldn't open /proc/1018/task/1018/maps
couldn't open /proc/1094/task/1094/maps
couldn't open /proc/1395/task/1395/maps
couldn't open /proc/1435/task/1435/maps
couldn't open /proc/1737/task/1737/maps
couldn't open /proc/1738/task/1738/maps
couldn't open /proc/1813/task/1813/maps
couldn't open /proc/1947/task/1947/maps
couldn't open /proc/2054/task/2054/maps
couldn't open /proc/2147/task/2147/maps
couldn't open /proc/2261/task/2261/maps
couldn't open /proc/2293/task/2293/maps
couldn't open /proc/2637/task/2637/maps
couldn't open /proc/2719/task/2719/maps
couldn't open /proc/3040/task/3040/maps
couldn't open /proc/3296/task/3296/maps
couldn't open /proc/8135/task/8135/maps
couldn't open /proc/8136/task/8136/maps
couldn't open /proc/8137/task/8137/maps
couldn't open /proc/8145/task/8145/maps
couldn't open /proc/8146/task/8146/maps
couldn't open /proc/8154/task/8154/maps
couldn't open /proc/8155/task/8155/maps
couldn't open /proc/8158/task/8158/maps
couldn't open /proc/8159/task/8159/maps
couldn't open /proc/15901/task/15901/maps
couldn't open /proc/28585/task/28585/maps
couldn't open /proc/49441/task/49441/maps
couldn't open /proc/49444/task/49444/maps
couldn't open /proc/67915/task/67915/maps
couldn't open /proc/67927/task/67927/maps
threads[83285]: started on cpu1
threads[83286]: started on cpu2
threads[83287]: started on cpu3
threads[83288]: started on cpu4
threads[83289]: started on cpu5
threads[83290]: started on cpu6
threads[83291]: started on cpu7
threads[83292]: started on cpu8
threads[83293]: started on cpu9
threads[83294]: started on cpu10
threads[83295]: started on cpu11
threads[83296]: started on cpu12
threads[83297]: started on cpu13
threads[83298]: started on cpu14
threads[83299]: started on cpu15
threads[83300]: started on cpu16
threads[83301]: started on cpu17
threads[83302]: started on cpu18
threads[83303]: started on cpu19
threads[83283]: started on cpu0

83284:perf-sync:ready:TSC=229376604833719
[ perf record: Woken up 45 times to write data ]
threads[83283]: samples=8, wakes=4, transferred=797408, compressed=86813
threads[83285]: samples=10, wakes=5, transferred=908944, compressed=97230
threads[83286]: samples=6, wakes=4, transferred=587664, compressed=66327
threads[83287]: samples=11, wakes=6, transferred=1050784, compressed=115183
threads[83288]: samples=8, wakes=5, transferred=821456, compressed=91845
threads[83289]: samples=11, wakes=6, transferred=1053328, compressed=115619
threads[83290]: samples=13, wakes=7, transferred=1315056, compressed=144523
threads[83291]: samples=8, wakes=5, transferred=788720, compressed=85286
threads[83292]: samples=6, wakes=4, transferred=674832, compressed=73909
threads[83293]: samples=11, wakes=6, transferred=1052304, compressed=114117
threads[83294]: samples=11, wakes=6, transferred=1051152, compressed=113988
threads[83295]: samples=11, wakes=6, transferred=1175408, compressed=132900
threads[83296]: samples=8, wakes=4, transferred=536976, compressed=62934
threads[83297]: samples=3, wakes=2, transferred=80352, compressed=13486
threads[83298]: samples=3, wakes=3, transferred=416320, compressed=48562
threads[83299]: samples=1, wakes=2, transferred=170832, compressed=20667
threads[83300]: samples=3, wakes=2, transferred=232200, compressed=27622
threads[83301]: samples=1, wakes=2, transferred=140048, compressed=17100
threads[83302]: samples=1, wakes=2, transferred=171504, compressed=21860
threads[83303]: samples=1, wakes=2, transferred=122384, compressed=16509
failed to write feature CPU_PMU_CAPS
[ perf record: Captured and wrote 9.888 MB /home/jagtym/Programming/ProgRowProj1/vtune/ue_k5/data.0/system-wide.perf, compressed (original 12.539 MB, ratio is 8.965) ]
