threads_spec: cpu
Using CPUID GenuineIntel-6-B7-1
DEBUGINFOD_URLS=
Compression enabled, disabling build id collection at the end of the session.
nr_threads: 20
thread_masks[0]: 0x61af39184800: maps mask[20]: 0
thread_masks[0]: 0x61af39184810: affinity mask[20]: 0
thread_masks[1]: 0x61af39184820: maps mask[20]: 1
thread_masks[1]: 0x61af39184830: affinity mask[20]: 1
thread_masks[2]: 0x61af39184840: maps mask[20]: 2
thread_masks[2]: 0x61af39184850: affinity mask[20]: 2
thread_masks[3]: 0x61af39184860: maps mask[20]: 3
thread_masks[3]: 0x61af39184870: affinity mask[20]: 3
thread_masks[4]: 0x61af39184880: maps mask[20]: 4
thread_masks[4]: 0x61af39184890: affinity mask[20]: 4
thread_masks[5]: 0x61af391848a0: maps mask[20]: 5
thread_masks[5]: 0x61af391848b0: affinity mask[20]: 5
thread_masks[6]: 0x61af391848c0: maps mask[20]: 6
thread_masks[6]: 0x61af391848d0: affinity mask[20]: 6
thread_masks[7]: 0x61af391848e0: maps mask[20]: 7
thread_masks[7]: 0x61af391848f0: affinity mask[20]: 7
thread_masks[8]: 0x61af39184900: maps mask[20]: 8
thread_masks[8]: 0x61af39184910: affinity mask[20]: 8
thread_masks[9]: 0x61af39184920: maps mask[20]: 9
thread_masks[9]: 0x61af39184930: affinity mask[20]: 9
thread_masks[10]: 0x61af39184940: maps mask[20]: 10
thread_masks[10]: 0x61af39184950: affinity mask[20]: 10
thread_masks[11]: 0x61af39184960: maps mask[20]: 11
thread_masks[11]: 0x61af39184970: affinity mask[20]: 11
thread_masks[12]: 0x61af39184980: maps mask[20]: 12
thread_masks[12]: 0x61af39184990: affinity mask[20]: 12
thread_masks[13]: 0x61af391849a0: maps mask[20]: 13
thread_masks[13]: 0x61af391849b0: affinity mask[20]: 13
thread_masks[14]: 0x61af391849c0: maps mask[20]: 14
thread_masks[14]: 0x61af391849d0: affinity mask[20]: 14
thread_masks[15]: 0x61af391849e0: maps mask[20]: 15
thread_masks[15]: 0x61af391849f0: affinity mask[20]: 15
thread_masks[16]: 0x61af39184a00: maps mask[20]: 16
thread_masks[16]: 0x61af39184a10: affinity mask[20]: 16
thread_masks[17]: 0x61af39184a20: maps mask[20]: 17
thread_masks[17]: 0x61af39184a30: affinity mask[20]: 17
thread_masks[18]: 0x61af39184a40: maps mask[20]: 18
thread_masks[18]: 0x61af39184a50: affinity mask[20]: 18
thread_masks[19]: 0x61af39184a60: maps mask[20]: 19
thread_masks[19]: 0x61af39184a70: affinity mask[20]: 19
nr_cblocks: 0
affinity: SYS
mmap flush: 1
comp level: 1
Problems creating module maps, continuing anyway...
WARNING: Kernel address maps (/proc/{kallsyms,modules}) are restricted,
check /proc/sys/kernel/kptr_restrict and /proc/sys/kernel/perf_event_paranoid.

Samples in kernel functions may not be resolved if a suitable vmlinux
file is not found in the buildid cache or in the vmlinux path.

Samples in kernel modules won't be resolved at all.

If some relocation was applied (e.g. kexec) symbols may be misresolved
even with a suitable vmlinux or kallsyms file.

mmap size 528384B
Couldn't record kernel reference relocation symbol
Symbol resolution may be skewed if relocation was used (e.g. kexec).
Check /proc/kallsyms permission or run as root.
couldn't open /proc/1/task/1/maps
couldn't open /proc/452/task/452/maps
couldn't open /proc/486/task/486/maps
couldn't open /proc/760/task/760/maps
couldn't open /proc/820/task/820/maps
couldn't open /proc/821/task/821/maps
couldn't open /proc/822/task/822/maps
couldn't open /proc/823/task/823/maps
couldn't open /proc/824/task/824/maps
couldn't open /proc/826/task/826/maps
couldn't open /proc/827/task/827/maps
couldn't open /proc/828/task/828/maps
couldn't open /proc/830/task/830/maps
couldn't open /proc/833/task/833/maps
couldn't open /proc/837/task/837/maps
couldn't open /proc/839/task/839/maps
couldn't open /proc/841/task/841/maps
couldn't open /proc/846/task/846/maps
couldn't open /proc/852/task/852/maps
couldn't open /proc/854/task/854/maps
couldn't open /proc/860/task/860/maps
couldn't open /proc/862/task/862/maps
couldn't open /proc/867/task/867/maps
couldn't open /proc/876/task/876/maps
couldn't open /proc/901/task/901/maps
couldn't open /proc/941/task/941/maps
couldn't open /proc/966/task/966/maps
couldn't open /proc/975/task/975/maps
couldn't open /proc/1000/task/1000/maps
couldn't open /proc/1016/task/1016/maps
couldn't open /proc/1018/task/1018/maps
couldn't open /proc/1094/task/1094/maps
couldn't open /proc/1395/task/1395/maps
couldn't open /proc/1435/task/1435/maps
couldn't open /proc/1737/task/1737/maps
couldn't open /proc/1738/task/1738/maps
couldn't open /proc/1813/task/1813/maps
couldn't open /proc/1947/task/1947/maps
couldn't open /proc/2054/task/2054/maps
couldn't open /proc/2147/task/2147/maps
couldn't open /proc/2261/task/2261/maps
couldn't open /proc/2262/task/2262/maps
couldn't open /proc/2293/task/2293/maps
couldn't open /proc/2637/task/2637/maps
couldn't open /proc/2719/task/2719/maps
couldn't open /proc/3040/task/3040/maps
couldn't open /proc/3296/task/3296/maps
couldn't open /proc/8135/task/8135/maps
couldn't open /proc/8136/task/8136/maps
couldn't open /proc/8137/task/8137/maps
couldn't open /proc/8145/task/8145/maps
couldn't open /proc/8146/task/8146/maps
couldn't open /proc/8154/task/8154/maps
couldn't open /proc/8155/task/8155/maps
couldn't open /proc/8158/task/8158/maps
couldn't open /proc/8159/task/8159/maps
couldn't open /proc/15901/task/15901/maps
couldn't open /proc/28585/task/28585/maps
threads[48071]: started on cpu1
threads[48072]: started on cpu2
threads[48073]: started on cpu3
threads[48074]: started on cpu4
threads[48075]: started on cpu5
threads[48076]: started on cpu6
threads[48077]: started on cpu7
threads[48078]: started on cpu8
threads[48079]: started on cpu9
threads[48080]: started on cpu10
threads[48081]: started on cpu11
threads[48082]: started on cpu12
threads[48083]: started on cpu13
threads[48084]: started on cpu14
threads[48085]: started on cpu15
threads[48086]: started on cpu16
threads[48087]: started on cpu17
threads[48088]: started on cpu18
threads[48089]: started on cpu19
threads[48069]: started on cpu0

48070:perf-sync:ready:TSC=23567148902265
[ perf record: Woken up 1 times to write data ]
threads[48069]: samples=1, wakes=1, transferred=9056, compressed=1639
threads[48071]: samples=0, wakes=2, written=0
threads[48072]: samples=1, wakes=2, transferred=4960, compressed=716
threads[48073]: samples=1, wakes=2, transferred=4896, compressed=721
threads[48074]: samples=3, wakes=2, transferred=8288, compressed=1102
threads[48075]: samples=3, wakes=2, transferred=14848, compressed=2314
threads[48076]: samples=1, wakes=2, transferred=1840, compressed=289
threads[48077]: samples=0, wakes=2, written=0
threads[48078]: samples=1, wakes=2, transferred=288, compressed=126
threads[48079]: samples=1, wakes=2, transferred=9568, compressed=1137
threads[48080]: samples=1, wakes=2, transferred=9696, compressed=1113
threads[48081]: samples=1, wakes=2, transferred=288, compressed=127
threads[48082]: samples=1, wakes=2, transferred=8800, compressed=1239
threads[48083]: samples=3, wakes=2, transferred=8752, compressed=1300
threads[48084]: samples=0, wakes=2, written=0
threads[48085]: samples=0, wakes=2, written=0
threads[48086]: samples=3, wakes=2, transferred=3152, compressed=667
threads[48087]: samples=1, wakes=2, transferred=15872, compressed=2456
threads[48088]: samples=1, wakes=2, transferred=10112, compressed=1443
threads[48089]: samples=1, wakes=2, transferred=1280, compressed=362
failed to write feature CPU_PMU_CAPS
[ perf record: Captured and wrote 8.640 MB /home/jagtym/Programming/ProgRowProj1/vtune/ue_k5/data.0/system-wide.perf, compressed (original 0.107 MB, ratio is 6.668) ]
