threads_spec: cpu
Using CPUID GenuineIntel-6-B7-1
DEBUGINFOD_URLS=
Compression enabled, disabling build id collection at the end of the session.
nr_threads: 20
thread_masks[0]: 0x5fcd50df6a40: maps mask[20]: 0
thread_masks[0]: 0x5fcd50df6a50: affinity mask[20]: 0
thread_masks[1]: 0x5fcd50df6a60: maps mask[20]: 1
thread_masks[1]: 0x5fcd50df6a70: affinity mask[20]: 1
thread_masks[2]: 0x5fcd50df6a80: maps mask[20]: 2
thread_masks[2]: 0x5fcd50df6a90: affinity mask[20]: 2
thread_masks[3]: 0x5fcd50df6aa0: maps mask[20]: 3
thread_masks[3]: 0x5fcd50df6ab0: affinity mask[20]: 3
thread_masks[4]: 0x5fcd50df6ac0: maps mask[20]: 4
thread_masks[4]: 0x5fcd50df6ad0: affinity mask[20]: 4
thread_masks[5]: 0x5fcd50df6ae0: maps mask[20]: 5
thread_masks[5]: 0x5fcd50df6af0: affinity mask[20]: 5
thread_masks[6]: 0x5fcd50df6b00: maps mask[20]: 6
thread_masks[6]: 0x5fcd50df6b10: affinity mask[20]: 6
thread_masks[7]: 0x5fcd50df6b20: maps mask[20]: 7
thread_masks[7]: 0x5fcd50df6b30: affinity mask[20]: 7
thread_masks[8]: 0x5fcd50df6b40: maps mask[20]: 8
thread_masks[8]: 0x5fcd50df6b50: affinity mask[20]: 8
thread_masks[9]: 0x5fcd50df6b60: maps mask[20]: 9
thread_masks[9]: 0x5fcd50df6b70: affinity mask[20]: 9
thread_masks[10]: 0x5fcd50df6b80: maps mask[20]: 10
thread_masks[10]: 0x5fcd50df6b90: affinity mask[20]: 10
thread_masks[11]: 0x5fcd50df6ba0: maps mask[20]: 11
thread_masks[11]: 0x5fcd50df6bb0: affinity mask[20]: 11
thread_masks[12]: 0x5fcd50df6bc0: maps mask[20]: 12
thread_masks[12]: 0x5fcd50df6bd0: affinity mask[20]: 12
thread_masks[13]: 0x5fcd50df6be0: maps mask[20]: 13
thread_masks[13]: 0x5fcd50df6bf0: affinity mask[20]: 13
thread_masks[14]: 0x5fcd50df6c00: maps mask[20]: 14
thread_masks[14]: 0x5fcd50df6c10: affinity mask[20]: 14
thread_masks[15]: 0x5fcd50df6c20: maps mask[20]: 15
thread_masks[15]: 0x5fcd50df6c30: affinity mask[20]: 15
thread_masks[16]: 0x5fcd50df6c40: maps mask[20]: 16
thread_masks[16]: 0x5fcd50df6c50: affinity mask[20]: 16
thread_masks[17]: 0x5fcd50df6c60: maps mask[20]: 17
thread_masks[17]: 0x5fcd50df6c70: affinity mask[20]: 17
thread_masks[18]: 0x5fcd50df6c80: maps mask[20]: 18
thread_masks[18]: 0x5fcd50df6c90: affinity mask[20]: 18
thread_masks[19]: 0x5fcd50df6ca0: maps mask[20]: 19
thread_masks[19]: 0x5fcd50df6cb0: affinity mask[20]: 19
nr_cblocks: 0
affinity: SYS
mmap flush: 1
comp level: 1
Problems creating module maps, continuing anyway...
WARNING: Kernel address maps (/proc/{kallsyms,modules}) are restricted,
check /proc/sys/kernel/kptr_restrict and /proc/sys/kernel/perf_event_paranoid.

Samples in kernel functions may not be resolved if a suitable vmlinux
file is not found in the buildid cache or in the vmlinux path.

Samples in kernel modules won't be resolved at all.

If some relocation was applied (e.g. kexec) symbols may be misresolved
even with a suitable vmlinux or kallsyms file.

mmap size 528384B
Couldn't record kernel reference relocation symbol
Symbol resolution may be skewed if relocation was used (e.g. kexec).
Check /proc/kallsyms permission or run as root.
couldn't open /proc/1/task/1/maps
couldn't open /proc/452/task/452/maps
couldn't open /proc/486/task/486/maps
couldn't open /proc/760/task/760/maps
couldn't open /proc/820/task/820/maps
couldn't open /proc/821/task/821/maps
couldn't open /proc/822/task/822/maps
couldn't open /proc/823/task/823/maps
couldn't open /proc/824/task/824/maps
couldn't open /proc/826/task/826/maps
couldn't open /proc/827/task/827/maps
couldn't open /proc/828/task/828/maps
couldn't open /proc/830/task/830/maps
couldn't open /proc/833/task/833/maps
couldn't open /proc/837/task/837/maps
couldn't open /proc/839/task/839/maps
couldn't open /proc/841/task/841/maps
couldn't open /proc/846/task/846/maps
couldn't open /proc/852/task/852/maps
couldn't open /proc/854/task/854/maps
couldn't open /proc/860/task/860/maps
couldn't open /proc/862/task/862/maps
couldn't open /proc/867/task/867/maps
couldn't open /proc/876/task/876/maps
couldn't open /proc/901/task/901/maps
couldn't open /proc/941/task/941/maps
couldn't open /proc/975/task/975/maps
couldn't open /proc/1000/task/1000/maps
couldn't open /proc/1016/task/1016/maps
couldn't open /proc/1018/task/1018/maps
couldn't open /proc/1094/task/1094/maps
couldn't open /proc/1395/task/1395/maps
couldn't open /proc/1435/task/1435/maps
couldn't open /proc/1737/task/1737/maps
couldn't open /proc/1738/task/1738/maps
couldn't open /proc/1813/task/1813/maps
couldn't open /proc/1947/task/1947/maps
couldn't open /proc/2054/task/2054/maps
couldn't open /proc/2147/task/2147/maps
couldn't open /proc/2261/task/2261/maps
couldn't open /proc/2293/task/2293/maps
couldn't open /proc/2637/task/2637/maps
couldn't open /proc/2719/task/2719/maps
couldn't open /proc/3040/task/3040/maps
couldn't open /proc/3296/task/3296/maps
couldn't open /proc/8135/task/8135/maps
couldn't open /proc/8136/task/8136/maps
couldn't open /proc/8137/task/8137/maps
couldn't open /proc/8145/task/8145/maps
couldn't open /proc/8146/task/8146/maps
couldn't open /proc/8154/task/8154/maps
couldn't open /proc/8155/task/8155/maps
couldn't open /proc/8158/task/8158/maps
couldn't open /proc/8159/task/8159/maps
couldn't open /proc/15901/task/15901/maps
couldn't open /proc/28585/task/28585/maps
couldn't open /proc/49441/task/49441/maps
couldn't open /proc/49444/task/49444/maps
couldn't open /proc/67915/task/67915/maps
couldn't open /proc/67927/task/67927/maps
threads[74756]: started on cpu1
threads[74757]: started on cpu2
threads[74758]: started on cpu3
threads[74759]: started on cpu4
threads[74760]: started on cpu5
threads[74761]: started on cpu6
threads[74762]: started on cpu7
threads[74763]: started on cpu8
threads[74764]: started on cpu9
threads[74765]: started on cpu10
threads[74766]: started on cpu11
threads[74767]: started on cpu12
threads[74768]: started on cpu13
threads[74769]: started on cpu14
threads[74770]: started on cpu15
threads[74771]: started on cpu16
threads[74772]: started on cpu17
threads[74773]: started on cpu18
threads[74774]: started on cpu19
threads[74754]: started on cpu0

74755:perf-sync:ready:TSC=227923432431571
[ perf record: Woken up 1 times to write data ]
threads[74754]: samples=3, wakes=1, transferred=3520, compressed=703
threads[74756]: samples=1, wakes=2, transferred=288, compressed=125
threads[74757]: samples=3, wakes=2, transferred=8312, compressed=1386
threads[74758]: samples=1, wakes=2, transferred=288, compressed=128
threads[74759]: samples=1, wakes=2, transferred=3616, compressed=572
threads[74760]: samples=1, wakes=2, transferred=11136, compressed=1769
threads[74761]: samples=1, wakes=2, transferred=576, compressed=178
threads[74762]: samples=1, wakes=2, transferred=64, compressed=75
threads[74763]: samples=1, wakes=2, transferred=1728, compressed=286
threads[74764]: samples=2, wakes=2, transferred=1088, compressed=286
threads[74765]: samples=1, wakes=2, transferred=2088, compressed=542
threads[74766]: samples=1, wakes=2, transferred=288, compressed=128
threads[74767]: samples=1, wakes=2, transferred=31464, compressed=4727
threads[74768]: samples=3, wakes=2, transferred=7808, compressed=1206
threads[74769]: samples=1, wakes=2, transferred=7952, compressed=1111
threads[74770]: samples=1, wakes=2, transferred=4304, compressed=724
threads[74771]: samples=1, wakes=2, transferred=4592, compressed=857
threads[74772]: samples=3, wakes=2, transferred=2336, compressed=601
threads[74773]: samples=1, wakes=2, transferred=1712, compressed=471
threads[74774]: samples=1, wakes=2, transferred=20176, compressed=3369
failed to write feature CPU_PMU_CAPS
[ perf record: Captured and wrote 8.543 MB /home/jagtym/Programming/ProgRowProj1/vtune/ue_k5/data.0/system-wide.perf, compressed (original 0.108 MB, ratio is 5.889) ]
