
74776 : 0xcf4b906f9f75 : 1 : spill_jit_data :  Jit agent is not initialized
74746 : 0xcf4b907003c1 : 2 : ittapi_config_mask_get :  --itt-config mask to be applied: 39
74746 : 0xcf4b90704ad9 : 2 : ittapi_config_apply_per_lib :  ITTAPI function instrumented: __itt_domain_create
74746 : 0xcf4b90705ea4 : 2 : ittapi_config_apply_per_lib :  ITTAPI function instrumented: __itt_module_load_with_sections
74746 : 0xcf4b907075c8 : 2 : ittapi_config_apply_per_lib :  ITTAPI function not implemented: __itt_module_unload_with_sections
74746 : 0xcf4b90708174 : 2 : ittapi_config_apply_per_lib :  ITTAPI function instrumented: __itt_string_handle_create
74746 : 0xcf4b90708926 : 2 : ittapi_config_apply_per_lib :  ITTAPI function instrumented: __itt_counter_create
74746 : 0xcf4b90709070 : 2 : ittapi_config_apply_per_lib :  ITTAPI function instrumented: __itt_counter_create_typed
74746 : 0xcf4b907098a8 : 2 : ittapi_config_apply_per_lib :  ITTAPI function instrumented: __itt_pause
74746 : 0xcf4b9070a111 : 2 : ittapi_config_apply_per_lib :  ITTAPI function instrumented: __itt_resume
74746 : 0xcf4b907155d0 : 2 : ittapi_config_apply_per_lib :  ITTAPI function instrumented: __itt_thread_set_name
74746 : 0xcf4b907162cc : 2 : ittapi_config_apply_per_lib :  ITTAPI function instrumented: __itt_thread_ignore
74746 : 0xcf4b90716ae1 : 2 : ittapi_config_apply_per_lib :  ITTAPI function instrumented: __itt_thr_name_set
74746 : 0xcf4b9071737f : 2 : ittapi_config_apply_per_lib :  ITTAPI function instrumented: __itt_thr_ignore
74746 : 0xcf4b90717b61 : 2 : ittapi_config_apply_per_lib :  ITTAPI function instrumented: __itt_histogram_create
74746 : 0xcf4b9071898b : 2 : ittapi_config_apply_per_lib :  ITTAPI function not implemented: __itt_enable_attach
74746 : 0xcf4b907192d1 : 2 : ittapi_config_apply_per_lib :  ITTAPI function instrumented: __itt_detach
74746 : 0xcf4b9071996e : 2 : ittapi_config_apply_per_lib :  ITTAPI function NOT instrumented (not matched by --itt-config option): __itt_sync_create

74746 : 0xcf4b9071a11e : 2 : ittapi_config_apply_per_lib :  ITTAPI function NOT instrumented (not matched by --itt-config option): __itt_sync_rename

74746 : 0xcf4b9071a71e : 2 : ittapi_config_apply_per_lib :  ITTAPI function NOT instrumented (not matched by --itt-config option): __itt_sync_destroy

74746 : 0xcf4b9071dcec : 2 : ittapi_config_apply_per_lib :  ITTAPI function NOT instrumented (not matched by --itt-config option): __itt_sync_prepare

74746 : 0xcf4b9071e582 : 2 : ittapi_config_apply_per_lib :  ITTAPI function NOT instrumented (not matched by --itt-config option): __itt_sync_cancel

74746 : 0xcf4b9071eb4c : 2 : ittapi_config_apply_per_lib :  ITTAPI function NOT instrumented (not matched by --itt-config option): __itt_sync_acquired

74746 : 0xcf4b9071f178 : 2 : ittapi_config_apply_per_lib :  ITTAPI function NOT instrumented (not matched by --itt-config option): __itt_sync_releasing

74746 : 0xcf4b9072007c : 2 : ittapi_config_apply_per_lib :  ITTAPI function not implemented: __itt_suppress_push
74746 : 0xcf4b90720cb4 : 2 : ittapi_config_apply_per_lib :  ITTAPI function not implemented: __itt_suppress_pop
74746 : 0xcf4b90721661 : 2 : ittapi_config_apply_per_lib :  ITTAPI function not implemented: __itt_suppress_mark_range
74746 : 0xcf4b9072203b : 2 : ittapi_config_apply_per_lib :  ITTAPI function not implemented: __itt_suppress_clear_range
74746 : 0xcf4b9072264c : 2 : ittapi_config_apply_per_lib :  ITTAPI function NOT instrumented (not matched by --itt-config option): __itt_sync_prepare

74746 : 0xcf4b90722c72 : 2 : ittapi_config_apply_per_lib :  ITTAPI function NOT instrumented (not matched by --itt-config option): __itt_sync_cancel

74746 : 0xcf4b907253ed : 2 : ittapi_config_apply_per_lib :  ITTAPI function NOT instrumented (not matched by --itt-config option): __itt_sync_acquired

74746 : 0xcf4b90725ba2 : 2 : ittapi_config_apply_per_lib :  ITTAPI function NOT instrumented (not matched by --itt-config option): __itt_sync_releasing

74746 : 0xcf4b9072627e : 2 : ittapi_config_apply_per_lib :  ITTAPI function NOT instrumented (not matched by --itt-config option): __itt_model_site_begin

74746 : 0xcf4b907268d1 : 2 : ittapi_config_apply_per_lib :  ITTAPI function NOT instrumented (not matched by --itt-config option): __itt_model_site_end

74746 : 0xcf4b90726eeb : 2 : ittapi_config_apply_per_lib :  ITTAPI function NOT instrumented (not matched by --itt-config option): __itt_model_task_begin

74746 : 0xcf4b90727561 : 2 : ittapi_config_apply_per_lib :  ITTAPI function NOT instrumented (not matched by --itt-config option): __itt_model_task_end

74746 : 0xcf4b90727c0b : 2 : ittapi_config_apply_per_lib :  ITTAPI function NOT instrumented (not matched by --itt-config option): __itt_model_lock_acquire

74746 : 0xcf4b907282c6 : 2 : ittapi_config_apply_per_lib :  ITTAPI function NOT instrumented (not matched by --itt-config option): __itt_model_lock_release

74746 : 0xcf4b90728922 : 2 : ittapi_config_apply_per_lib :  ITTAPI function NOT instrumented (not matched by --itt-config option): __itt_model_record_allocation

74746 : 0xcf4b90728ebc : 2 : ittapi_config_apply_per_lib :  ITTAPI function NOT instrumented (not matched by --itt-config option): __itt_model_record_deallocation

74746 : 0xcf4b9072d960 : 2 : ittapi_config_apply_per_lib :  ITTAPI function NOT instrumented (not matched by --itt-config option): __itt_model_induction_uses

74746 : 0xcf4b9072e092 : 2 : ittapi_config_apply_per_lib :  ITTAPI function NOT instrumented (not matched by --itt-config option): __itt_model_reduction_uses

74746 : 0xcf4b9072e636 : 2 : ittapi_config_apply_per_lib :  ITTAPI function NOT instrumented (not matched by --itt-config option): __itt_model_observe_uses

74746 : 0xcf4b9072eb7b : 2 : ittapi_config_apply_per_lib :  ITTAPI function NOT instrumented (not matched by --itt-config option): __itt_model_clear_uses

74746 : 0xcf4b9072f1a6 : 2 : ittapi_config_apply_per_lib :  ITTAPI function NOT instrumented (not matched by --itt-config option): __itt_model_site_beginA

74746 : 0xcf4b9072f6e1 : 2 : ittapi_config_apply_per_lib :  ITTAPI function NOT instrumented (not matched by --itt-config option): __itt_model_site_beginAL

74746 : 0xcf4b9072fc26 : 2 : ittapi_config_apply_per_lib :  ITTAPI function NOT instrumented (not matched by --itt-config option): __itt_model_task_beginA

74746 : 0xcf4b90730173 : 2 : ittapi_config_apply_per_lib :  ITTAPI function NOT instrumented (not matched by --itt-config option): __itt_model_task_beginAL

74746 : 0xcf4b907306b4 : 2 : ittapi_config_apply_per_lib :  ITTAPI function NOT instrumented (not matched by --itt-config option): __itt_model_iteration_taskA

74746 : 0xcf4b90730bee : 2 : ittapi_config_apply_per_lib :  ITTAPI function NOT instrumented (not matched by --itt-config option): __itt_model_iteration_taskAL

74746 : 0xcf4b90733192 : 2 : ittapi_config_apply_per_lib :  ITTAPI function NOT instrumented (not matched by --itt-config option): __itt_model_site_end_2

74746 : 0xcf4b907337b3 : 2 : ittapi_config_apply_per_lib :  ITTAPI function NOT instrumented (not matched by --itt-config option): __itt_model_task_end_2

74746 : 0xcf4b90733d02 : 2 : ittapi_config_apply_per_lib :  ITTAPI function NOT instrumented (not matched by --itt-config option): __itt_model_lock_acquire_2

74746 : 0xcf4b90734241 : 2 : ittapi_config_apply_per_lib :  ITTAPI function NOT instrumented (not matched by --itt-config option): __itt_model_lock_release_2

74746 : 0xcf4b90734786 : 2 : ittapi_config_apply_per_lib :  ITTAPI function NOT instrumented (not matched by --itt-config option): __itt_model_aggregate_task

74746 : 0xcf4b90734cc5 : 2 : ittapi_config_apply_per_lib :  ITTAPI function NOT instrumented (not matched by --itt-config option): __itt_model_disable_push

74746 : 0xcf4b907351ff : 2 : ittapi_config_apply_per_lib :  ITTAPI function NOT instrumented (not matched by --itt-config option): __itt_model_disable_pop

74746 : 0xcf4b90735db2 : 2 : ittapi_config_apply_per_lib :  ITTAPI function instrumented: __itt_heap_function_create
74746 : 0xcf4b907365f6 : 2 : ittapi_config_apply_per_lib :  ITTAPI function instrumented: __itt_heap_allocate_begin
74746 : 0xcf4b90736d62 : 2 : ittapi_config_apply_per_lib :  ITTAPI function instrumented: __itt_heap_allocate_end
74746 : 0xcf4b9073ac72 : 2 : ittapi_config_apply_per_lib :  ITTAPI function instrumented: __itt_heap_free_begin
74746 : 0xcf4b9073b728 : 2 : ittapi_config_apply_per_lib :  ITTAPI function instrumented: __itt_heap_free_end
74746 : 0xcf4b9073be95 : 2 : ittapi_config_apply_per_lib :  ITTAPI function instrumented: __itt_heap_reallocate_begin
74746 : 0xcf4b9073c597 : 2 : ittapi_config_apply_per_lib :  ITTAPI function instrumented: __itt_heap_reallocate_end
74746 : 0xcf4b9073d091 : 2 : ittapi_config_apply_per_lib :  ITTAPI function not implemented: __itt_heap_internal_access_begin
74746 : 0xcf4b9073da8c : 2 : ittapi_config_apply_per_lib :  ITTAPI function not implemented: __itt_heap_internal_access_end
74746 : 0xcf4b9073e3fa : 2 : ittapi_config_apply_per_lib :  ITTAPI function not implemented: __itt_heap_record_memory_growth_begin
74746 : 0xcf4b9073ed6d : 2 : ittapi_config_apply_per_lib :  ITTAPI function not implemented: __itt_heap_record_memory_growth_end
74746 : 0xcf4b9073f658 : 2 : ittapi_config_apply_per_lib :  ITTAPI function not implemented: __itt_heap_reset_detection
74746 : 0xcf4b9074018d : 2 : ittapi_config_apply_per_lib :  ITTAPI function not implemented: __itt_heap_record
74746 : 0xcf4b90742ee5 : 2 : ittapi_config_apply_per_lib :  ITTAPI function not implemented: __itt_id_create
74746 : 0xcf4b9074543c : 2 : ittapi_config_apply_per_lib :  ITTAPI function not implemented: __itt_id_destroy
74746 : 0xcf4b90745de3 : 2 : ittapi_config_apply_per_lib :  ITTAPI function instrumented: __itt_get_timestamp
74746 : 0xcf4b90746733 : 2 : ittapi_config_apply_per_lib :  ITTAPI function not implemented: __itt_region_begin
74746 : 0xcf4b907470a2 : 2 : ittapi_config_apply_per_lib :  ITTAPI function not implemented: __itt_region_end
74746 : 0xcf4b907478e7 : 2 : ittapi_config_apply_per_lib :  ITTAPI function instrumented: __itt_frame_begin_v3
74746 : 0xcf4b90748108 : 2 : ittapi_config_apply_per_lib :  ITTAPI function instrumented: __itt_frame_end_v3
74746 : 0xcf4b907488cc : 2 : ittapi_config_apply_per_lib :  ITTAPI function instrumented: __itt_frame_submit_v3
74746 : 0xcf4b9074919f : 2 : ittapi_config_apply_per_lib :  ITTAPI function not implemented: __itt_task_group
74746 : 0xcf4b907499af : 2 : ittapi_config_apply_per_lib :  ITTAPI function instrumented: __itt_task_begin
74746 : 0xcf4b9074c4a0 : 2 : ittapi_config_apply_per_lib :  ITTAPI function instrumented: __itt_task_begin_fn
74746 : 0xcf4b9074ce53 : 2 : ittapi_config_apply_per_lib :  ITTAPI function instrumented: __itt_task_end
74746 : 0xcf4b9074d815 : 2 : ittapi_config_apply_per_lib :  ITTAPI function not implemented: __itt_counter_inc_v3
74746 : 0xcf4b9074e20b : 2 : ittapi_config_apply_per_lib :  ITTAPI function not implemented: __itt_counter_inc_delta_v3
74746 : 0xcf4b9074eb8e : 2 : ittapi_config_apply_per_lib :  ITTAPI function not implemented: __itt_counter_dec_v3
74746 : 0xcf4b9074f39c : 2 : ittapi_config_apply_per_lib :  ITTAPI function not implemented: __itt_counter_dec_delta_v3
74746 : 0xcf4b9074fe32 : 2 : ittapi_config_apply_per_lib :  ITTAPI function not implemented: __itt_marker
74746 : 0xcf4b907506eb : 2 : ittapi_config_apply_per_lib :  ITTAPI function instrumented: __itt_metadata_add
74746 : 0xcf4b90750fe4 : 2 : ittapi_config_apply_per_lib :  ITTAPI function not implemented: __itt_metadata_str_add
74746 : 0xcf4b907518cb : 2 : ittapi_config_apply_per_lib :  ITTAPI function not implemented: __itt_relation_add_to_current
74746 : 0xcf4b907542a5 : 2 : ittapi_config_apply_per_lib :  ITTAPI function not implemented: __itt_relation_add
74746 : 0xcf4b90754d6d : 2 : ittapi_config_apply_per_lib :  ITTAPI function instrumented: __itt_event_create
74746 : 0xcf4b90755586 : 2 : ittapi_config_apply_per_lib :  ITTAPI function instrumented: __itt_event_start
74746 : 0xcf4b90755d7a : 2 : ittapi_config_apply_per_lib :  ITTAPI function instrumented: __itt_event_end
74746 : 0xcf4b907563af : 2 : ittapi_config_apply_per_lib :  ITTAPI function NOT instrumented (not matched by --itt-config option): __itt_sync_set_name

74746 : 0xcf4b90756a3e : 2 : ittapi_config_apply_per_lib :  ITTAPI function NOT instrumented (not matched by --itt-config option): __itt_notify_sync_name

74746 : 0xcf4b907570c8 : 2 : ittapi_config_apply_per_lib :  ITTAPI function NOT instrumented (not matched by --itt-config option): __itt_notify_sync_prepare

74746 : 0xcf4b907576a5 : 2 : ittapi_config_apply_per_lib :  ITTAPI function NOT instrumented (not matched by --itt-config option): __itt_notify_sync_cancel

74746 : 0xcf4b90759057 : 2 : ittapi_config_apply_per_lib :  ITTAPI function NOT instrumented (not matched by --itt-config option): __itt_notify_sync_acquired

74746 : 0xcf4b90759678 : 2 : ittapi_config_apply_per_lib :  ITTAPI function NOT instrumented (not matched by --itt-config option): __itt_notify_sync_releasing

74746 : 0xcf4b9075e280 : 2 : ittapi_config_apply_per_lib :  ITTAPI function not implemented: __itt_memory_read
74746 : 0xcf4b9075f06f : 2 : ittapi_config_apply_per_lib :  ITTAPI function not implemented: __itt_memory_write
74746 : 0xcf4b9075fa55 : 2 : ittapi_config_apply_per_lib :  ITTAPI function not implemented: __itt_memory_update
74746 : 0xcf4b90760439 : 2 : ittapi_config_apply_per_lib :  ITTAPI function not implemented: __itt_state_get
74746 : 0xcf4b90760d4b : 2 : ittapi_config_apply_per_lib :  ITTAPI function not implemented: __itt_state_set
74746 : 0xcf4b907615e7 : 2 : ittapi_config_apply_per_lib :  ITTAPI function not implemented: __itt_obj_mode_set
74746 : 0xcf4b90761f23 : 2 : ittapi_config_apply_per_lib :  ITTAPI function not implemented: __itt_thr_mode_set
74746 : 0xcf4b907626df : 2 : ittapi_config_apply_per_lib :  ITTAPI function instrumented: __itt_frame_create
74746 : 0xcf4b90762e23 : 2 : ittapi_config_apply_per_lib :  ITTAPI function instrumented: __itt_pt_region_create
74746 : 0xcf4b90763674 : 2 : ittapi_config_apply_per_lib :  ITTAPI function instrumented: __itt_frame_begin
74746 : 0xcf4b907661e1 : 2 : ittapi_config_apply_per_lib :  ITTAPI function instrumented: __itt_frame_end
74746 : 0xcf4b90766e88 : 2 : ittapi_config_apply_per_lib :  ITTAPI function not implemented: __itt_counter_destroy
74746 : 0xcf4b90767702 : 2 : ittapi_config_apply_per_lib :  ITTAPI function instrumented: __itt_counter_inc
74746 : 0xcf4b90767ec8 : 2 : ittapi_config_apply_per_lib :  ITTAPI function instrumented: __itt_counter_inc_delta
74746 : 0xcf4b90768667 : 2 : ittapi_config_apply_per_lib :  ITTAPI function instrumented: __itt_counter_dec
74746 : 0xcf4b90768e0d : 2 : ittapi_config_apply_per_lib :  ITTAPI function instrumented: __itt_counter_dec_delta
74746 : 0xcf4b907695e3 : 2 : ittapi_config_apply_per_lib :  ITTAPI function instrumented: __itt_counter_set_value
74746 : 0xcf4b90769f13 : 2 : ittapi_config_apply_per_lib :  ITTAPI function not implemented: __itt_counter_set_value_ex
74746 : 0xcf4b9076a760 : 2 : ittapi_config_apply_per_lib :  ITTAPI function not implemented: __itt_mark_create
74746 : 0xcf4b9076b096 : 2 : ittapi_config_apply_per_lib :  ITTAPI function not implemented: __itt_mark
74746 : 0xcf4b9076d9ac : 2 : ittapi_config_apply_per_lib :  ITTAPI function not implemented: __itt_mark_off
74746 : 0xcf4b9076e608 : 2 : ittapi_config_apply_per_lib :  ITTAPI function not implemented: __itt_mark_global
74746 : 0xcf4b9076ef36 : 2 : ittapi_config_apply_per_lib :  ITTAPI function not implemented: __itt_mark_global_off
74746 : 0xcf4b9076f60b : 2 : ittapi_config_apply_per_lib :  ITTAPI function NOT instrumented (not matched by --itt-config option): __itt_stack_caller_create

74746 : 0xcf4b9076fc6b : 2 : ittapi_config_apply_per_lib :  ITTAPI function NOT instrumented (not matched by --itt-config option): __itt_stack_caller_destroy

74746 : 0xcf4b9077020b : 2 : ittapi_config_apply_per_lib :  ITTAPI function NOT instrumented (not matched by --itt-config option): __itt_stack_callee_enter

74746 : 0xcf4b907707d5 : 2 : ittapi_config_apply_per_lib :  ITTAPI function NOT instrumented (not matched by --itt-config option): __itt_stack_callee_leave

74746 : 0xcf4b90771006 : 2 : ittapi_config_apply_per_lib :  ITTAPI function not implemented: __itt_clock_domain_create
74746 : 0xcf4b907719c4 : 2 : ittapi_config_apply_per_lib :  ITTAPI function not implemented: __itt_clock_domain_reset
74746 : 0xcf4b90772287 : 2 : ittapi_config_apply_per_lib :  ITTAPI function not implemented: __itt_id_create_ex
74746 : 0xcf4b907762af : 2 : ittapi_config_apply_per_lib :  ITTAPI function not implemented: __itt_id_destroy_ex
74746 : 0xcf4b90776f1a : 2 : ittapi_config_apply_per_lib :  ITTAPI function not implemented: __itt_task_begin_ex
74746 : 0xcf4b907777d4 : 2 : ittapi_config_apply_per_lib :  ITTAPI function not implemented: __itt_task_begin_fn_ex
74746 : 0xcf4b90778036 : 2 : ittapi_config_apply_per_lib :  ITTAPI function not implemented: __itt_task_end_ex
74746 : 0xcf4b90778831 : 2 : ittapi_config_apply_per_lib :  ITTAPI function instrumented: __itt_task_begin_overlapped
74746 : 0xcf4b9077a3bc : 2 : ittapi_config_apply_per_lib :  ITTAPI function not implemented: __itt_task_begin_overlapped_ex
74746 : 0xcf4b9077abdd : 2 : ittapi_config_apply_per_lib :  ITTAPI function instrumented: __itt_task_end_overlapped
74746 : 0xcf4b9077b44b : 2 : ittapi_config_apply_per_lib :  ITTAPI function not implemented: __itt_task_end_overlapped_ex
74746 : 0xcf4b9077bc7c : 2 : ittapi_config_apply_per_lib :  ITTAPI function not implemented: __itt_marker_ex
74746 : 0xcf4b9077c66c : 2 : ittapi_config_apply_per_lib :  ITTAPI function not implemented: __itt_metadata_add_with_scope
74746 : 0xcf4b9077f483 : 2 : ittapi_config_apply_per_lib :  ITTAPI function not implemented: __itt_metadata_str_add_with_scope
74746 : 0xcf4b907800ce : 2 : ittapi_config_apply_per_lib :  ITTAPI function not implemented: __itt_relation_add_to_current_ex
74746 : 0xcf4b9078095e : 2 : ittapi_config_apply_per_lib :  ITTAPI function not implemented: __itt_relation_add_ex
74746 : 0xcf4b90781261 : 2 : ittapi_config_apply_per_lib :  ITTAPI function not implemented: __itt_track_group_create
74746 : 0xcf4b90781a4c : 2 : ittapi_config_apply_per_lib :  ITTAPI function not implemented: __itt_track_create
74746 : 0xcf4b90782234 : 2 : ittapi_config_apply_per_lib :  ITTAPI function not implemented: __itt_set_track
74746 : 0xcf4b90782a8d : 2 : ittapi_config_apply_per_lib :  ITTAPI function instrumented: __itt_api_version
74746 : 0xcf4b90783315 : 2 : ittapi_config_apply_per_lib :  ITTAPI function not implemented: __itt_av_save
74746 : 0xcf4b90783a74 : 2 : ittapi_config_apply_per_lib :  ITTAPI function instrumented: __itt_module_load
74746 : 0xcf4b907842e8 : 2 : ittapi_config_apply_per_lib :  ITTAPI function not implemented: __itt_module_unload
74746 : 0xcf4b9078678f : 2 : ittapi_config_apply_per_lib :  ITTAPI function NOT instrumented (not matched by --itt-config option): __itt_histogram_submit

74746 : 0xcf4b910049cc : 2 : ittapi_config_mask_get :  --itt-config mask to be applied: 39
74746 : 0xcf4b91006918 : 2 : ittapi_config_apply_per_lib :  ITTAPI function instrumented: __itt_domain_create
74746 : 0xcf4b9100737f : 2 : ittapi_config_apply_per_lib :  ITTAPI function instrumented: __itt_module_load_with_sections
74746 : 0xcf4b9100859e : 2 : ittapi_config_apply_per_lib :  ITTAPI function not implemented: __itt_module_unload_with_sections
74746 : 0xcf4b91008d30 : 2 : ittapi_config_apply_per_lib :  ITTAPI function instrumented: __itt_string_handle_create
74746 : 0xcf4b910092bd : 2 : ittapi_config_apply_per_lib :  ITTAPI function instrumented: __itt_counter_create
74746 : 0xcf4b91009793 : 2 : ittapi_config_apply_per_lib :  ITTAPI function instrumented: __itt_counter_create_typed
74746 : 0xcf4b91009d8e : 2 : ittapi_config_apply_per_lib :  ITTAPI function instrumented: __itt_pause
74746 : 0xcf4b9100a31b : 2 : ittapi_config_apply_per_lib :  ITTAPI function instrumented: __itt_resume
74746 : 0xcf4b9100f6db : 2 : ittapi_config_apply_per_lib :  ITTAPI function not implemented: __itt_pause_scoped
74746 : 0xcf4b9100ffe0 : 2 : ittapi_config_apply_per_lib :  ITTAPI function not implemented: __itt_resume_scoped
74746 : 0xcf4b910106b1 : 2 : ittapi_config_apply_per_lib :  ITTAPI function instrumented: __itt_thread_set_name
74746 : 0xcf4b91010c8c : 2 : ittapi_config_apply_per_lib :  ITTAPI function instrumented: __itt_thread_ignore
74746 : 0xcf4b91011234 : 2 : ittapi_config_apply_per_lib :  ITTAPI function instrumented: __itt_thr_name_set
74746 : 0xcf4b9101183b : 2 : ittapi_config_apply_per_lib :  ITTAPI function instrumented: __itt_thr_ignore
74746 : 0xcf4b91011e11 : 2 : ittapi_config_apply_per_lib :  ITTAPI function instrumented: __itt_histogram_create
74746 : 0xcf4b9101235a : 2 : ittapi_config_apply_per_lib :  ITTAPI function instrumented: __itt_counter_create_v3
74746 : 0xcf4b910128f6 : 2 : ittapi_config_apply_per_lib :  ITTAPI function instrumented: __itt_bind_context_metadata_to_counter
74746 : 0xcf4b9101301c : 2 : ittapi_config_apply_per_lib :  ITTAPI function not implemented: __itt_enable_attach
74746 : 0xcf4b91016ac7 : 2 : ittapi_config_apply_per_lib :  ITTAPI function instrumented: __itt_detach
74746 : 0xcf4b9101706b : 2 : ittapi_config_apply_per_lib :  ITTAPI function NOT instrumented (not matched by --itt-config option): __itt_sync_create

74746 : 0xcf4b910175da : 2 : ittapi_config_apply_per_lib :  ITTAPI function NOT instrumented (not matched by --itt-config option): __itt_sync_rename

74746 : 0xcf4b91017a10 : 2 : ittapi_config_apply_per_lib :  ITTAPI function NOT instrumented (not matched by --itt-config option): __itt_sync_destroy

74746 : 0xcf4b91017e32 : 2 : ittapi_config_apply_per_lib :  ITTAPI function NOT instrumented (not matched by --itt-config option): __itt_sync_prepare

74746 : 0xcf4b9101823b : 2 : ittapi_config_apply_per_lib :  ITTAPI function NOT instrumented (not matched by --itt-config option): __itt_sync_cancel

74746 : 0xcf4b910185b1 : 2 : ittapi_config_apply_per_lib :  ITTAPI function NOT instrumented (not matched by --itt-config option): __itt_sync_acquired

74746 : 0xcf4b9101898c : 2 : ittapi_config_apply_per_lib :  ITTAPI function NOT instrumented (not matched by --itt-config option): __itt_sync_releasing

74746 : 0xcf4b910190de : 2 : ittapi_config_apply_per_lib :  ITTAPI function not implemented: __itt_suppress_push
74746 : 0xcf4b91019983 : 2 : ittapi_config_apply_per_lib :  ITTAPI function not implemented: __itt_suppress_pop
74746 : 0xcf4b9101b2ea : 2 : ittapi_config_apply_per_lib :  ITTAPI function not implemented: __itt_suppress_mark_range
74746 : 0xcf4b9101bb0b : 2 : ittapi_config_apply_per_lib :  ITTAPI function not implemented: __itt_suppress_clear_range
74746 : 0xcf4b9101bf2e : 2 : ittapi_config_apply_per_lib :  ITTAPI function NOT instrumented (not matched by --itt-config option): __itt_sync_prepare

74746 : 0xcf4b9101c307 : 2 : ittapi_config_apply_per_lib :  ITTAPI function NOT instrumented (not matched by --itt-config option): __itt_sync_cancel

74746 : 0xcf4b9101c689 : 2 : ittapi_config_apply_per_lib :  ITTAPI function NOT instrumented (not matched by --itt-config option): __itt_sync_acquired

74746 : 0xcf4b9101c9f9 : 2 : ittapi_config_apply_per_lib :  ITTAPI function NOT instrumented (not matched by --itt-config option): __itt_sync_releasing

74746 : 0xcf4b9101ce6f : 2 : ittapi_config_apply_per_lib :  ITTAPI function NOT instrumented (not matched by --itt-config option): __itt_model_site_begin

74746 : 0xcf4b9101d29b : 2 : ittapi_config_apply_per_lib :  ITTAPI function NOT instrumented (not matched by --itt-config option): __itt_model_site_end

74746 : 0xcf4b9101d6d7 : 2 : ittapi_config_apply_per_lib :  ITTAPI function NOT instrumented (not matched by --itt-config option): __itt_model_task_begin

74746 : 0xcf4b9101db5c : 2 : ittapi_config_apply_per_lib :  ITTAPI function NOT instrumented (not matched by --itt-config option): __itt_model_task_end

74746 : 0xcf4b9101f024 : 2 : ittapi_config_apply_per_lib :  ITTAPI function NOT instrumented (not matched by --itt-config option): __itt_model_lock_acquire

74746 : 0xcf4b9101f607 : 2 : ittapi_config_apply_per_lib :  ITTAPI function NOT instrumented (not matched by --itt-config option): __itt_model_lock_release

74746 : 0xcf4b9101faca : 2 : ittapi_config_apply_per_lib :  ITTAPI function NOT instrumented (not matched by --itt-config option): __itt_model_record_allocation

74746 : 0xcf4b9101fe8b : 2 : ittapi_config_apply_per_lib :  ITTAPI function NOT instrumented (not matched by --itt-config option): __itt_model_record_deallocation

74746 : 0xcf4b91020207 : 2 : ittapi_config_apply_per_lib :  ITTAPI function NOT instrumented (not matched by --itt-config option): __itt_model_induction_uses

74746 : 0xcf4b91020529 : 2 : ittapi_config_apply_per_lib :  ITTAPI function NOT instrumented (not matched by --itt-config option): __itt_model_reduction_uses

74746 : 0xcf4b91020840 : 2 : ittapi_config_apply_per_lib :  ITTAPI function NOT instrumented (not matched by --itt-config option): __itt_model_observe_uses

74746 : 0xcf4b91020b4d : 2 : ittapi_config_apply_per_lib :  ITTAPI function NOT instrumented (not matched by --itt-config option): __itt_model_clear_uses

74746 : 0xcf4b91020e51 : 2 : ittapi_config_apply_per_lib :  ITTAPI function NOT instrumented (not matched by --itt-config option): __itt_model_site_beginA

74746 : 0xcf4b91021160 : 2 : ittapi_config_apply_per_lib :  ITTAPI function NOT instrumented (not matched by --itt-config option): __itt_model_site_beginAL

74746 : 0xcf4b9102317c : 2 : ittapi_config_apply_per_lib :  ITTAPI function NOT instrumented (not matched by --itt-config option): __itt_model_task_beginA

74746 : 0xcf4b910235b6 : 2 : ittapi_config_apply_per_lib :  ITTAPI function NOT instrumented (not matched by --itt-config option): __itt_model_task_beginAL

74746 : 0xcf4b91023946 : 2 : ittapi_config_apply_per_lib :  ITTAPI function NOT instrumented (not matched by --itt-config option): __itt_model_iteration_taskA

74746 : 0xcf4b91023c91 : 2 : ittapi_config_apply_per_lib :  ITTAPI function NOT instrumented (not matched by --itt-config option): __itt_model_iteration_taskAL

74746 : 0xcf4b91023fbc : 2 : ittapi_config_apply_per_lib :  ITTAPI function NOT instrumented (not matched by --itt-config option): __itt_model_site_end_2

74746 : 0xcf4b910242e1 : 2 : ittapi_config_apply_per_lib :  ITTAPI function NOT instrumented (not matched by --itt-config option): __itt_model_task_end_2

74746 : 0xcf4b91024600 : 2 : ittapi_config_apply_per_lib :  ITTAPI function NOT instrumented (not matched by --itt-config option): __itt_model_lock_acquire_2

74746 : 0xcf4b91024910 : 2 : ittapi_config_apply_per_lib :  ITTAPI function NOT instrumented (not matched by --itt-config option): __itt_model_lock_release_2

74746 : 0xcf4b91024c19 : 2 : ittapi_config_apply_per_lib :  ITTAPI function NOT instrumented (not matched by --itt-config option): __itt_model_aggregate_task

74746 : 0xcf4b91024f1b : 2 : ittapi_config_apply_per_lib :  ITTAPI function NOT instrumented (not matched by --itt-config option): __itt_model_disable_push

74746 : 0xcf4b9102621f : 2 : ittapi_config_apply_per_lib :  ITTAPI function NOT instrumented (not matched by --itt-config option): __itt_model_disable_pop

74746 : 0xcf4b910268ca : 2 : ittapi_config_apply_per_lib :  ITTAPI function instrumented: __itt_heap_function_create
74746 : 0xcf4b91026ef7 : 2 : ittapi_config_apply_per_lib :  ITTAPI function instrumented: __itt_heap_allocate_begin
74746 : 0xcf4b91027398 : 2 : ittapi_config_apply_per_lib :  ITTAPI function instrumented: __itt_heap_allocate_end
74746 : 0xcf4b91027872 : 2 : ittapi_config_apply_per_lib :  ITTAPI function instrumented: __itt_heap_free_begin
74746 : 0xcf4b91027d4f : 2 : ittapi_config_apply_per_lib :  ITTAPI function instrumented: __itt_heap_free_end
74746 : 0xcf4b9102823f : 2 : ittapi_config_apply_per_lib :  ITTAPI function instrumented: __itt_heap_reallocate_begin
74746 : 0xcf4b910286de : 2 : ittapi_config_apply_per_lib :  ITTAPI function instrumented: __itt_heap_reallocate_end
74746 : 0xcf4b91028d4a : 2 : ittapi_config_apply_per_lib :  ITTAPI function not implemented: __itt_heap_internal_access_begin
74746 : 0xcf4b910293e1 : 2 : ittapi_config_apply_per_lib :  ITTAPI function not implemented: __itt_heap_internal_access_end
74746 : 0xcf4b9102ab10 : 2 : ittapi_config_apply_per_lib :  ITTAPI function not implemented: __itt_heap_record_memory_growth_begin
74746 : 0xcf4b9102b232 : 2 : ittapi_config_apply_per_lib :  ITTAPI function not implemented: __itt_heap_record_memory_growth_end
74746 : 0xcf4b9102b8cf : 2 : ittapi_config_apply_per_lib :  ITTAPI function not implemented: __itt_heap_reset_detection
74746 : 0xcf4b9102c1ea : 2 : ittapi_config_apply_per_lib :  ITTAPI function not implemented: __itt_heap_record
74746 : 0xcf4b9102c949 : 2 : ittapi_config_apply_per_lib :  ITTAPI function not implemented: __itt_id_create
74746 : 0xcf4b9102cf9b : 2 : ittapi_config_apply_per_lib :  ITTAPI function not implemented: __itt_id_destroy
74746 : 0xcf4b9102d5a6 : 2 : ittapi_config_apply_per_lib :  ITTAPI function instrumented: __itt_get_timestamp
74746 : 0xcf4b9102dc87 : 2 : ittapi_config_apply_per_lib :  ITTAPI function not implemented: __itt_region_begin
74746 : 0xcf4b9102e2ff : 2 : ittapi_config_apply_per_lib :  ITTAPI function not implemented: __itt_region_end
74746 : 0xcf4b9102e8af : 2 : ittapi_config_apply_per_lib :  ITTAPI function instrumented: __itt_frame_begin_v3
74746 : 0xcf4b910314de : 2 : ittapi_config_apply_per_lib :  ITTAPI function instrumented: __itt_frame_end_v3
74746 : 0xcf4b91031ab4 : 2 : ittapi_config_apply_per_lib :  ITTAPI function instrumented: __itt_frame_submit_v3
74746 : 0xcf4b910321d6 : 2 : ittapi_config_apply_per_lib :  ITTAPI function not implemented: __itt_task_group
74746 : 0xcf4b9103279c : 2 : ittapi_config_apply_per_lib :  ITTAPI function instrumented: __itt_task_begin
74746 : 0xcf4b91032d79 : 2 : ittapi_config_apply_per_lib :  ITTAPI function instrumented: __itt_task_begin_fn
74746 : 0xcf4b9103330f : 2 : ittapi_config_apply_per_lib :  ITTAPI function instrumented: __itt_task_end
74746 : 0xcf4b9103399b : 2 : ittapi_config_apply_per_lib :  ITTAPI function not implemented: __itt_counter_inc_v3
74746 : 0xcf4b9103400f : 2 : ittapi_config_apply_per_lib :  ITTAPI function not implemented: __itt_counter_inc_delta_v3
74746 : 0xcf4b91034694 : 2 : ittapi_config_apply_per_lib :  ITTAPI function not implemented: __itt_counter_dec_v3
74746 : 0xcf4b91034d32 : 2 : ittapi_config_apply_per_lib :  ITTAPI function not implemented: __itt_counter_dec_delta_v3
74746 : 0xcf4b91036435 : 2 : ittapi_config_apply_per_lib :  ITTAPI function not implemented: __itt_marker
74746 : 0xcf4b91036bae : 2 : ittapi_config_apply_per_lib :  ITTAPI function instrumented: __itt_metadata_add
74746 : 0xcf4b910372da : 2 : ittapi_config_apply_per_lib :  ITTAPI function not implemented: __itt_metadata_str_add
74746 : 0xcf4b91037983 : 2 : ittapi_config_apply_per_lib :  ITTAPI function not implemented: __itt_relation_add_to_current
74746 : 0xcf4b91038050 : 2 : ittapi_config_apply_per_lib :  ITTAPI function not implemented: __itt_relation_add
74746 : 0xcf4b910385f0 : 2 : ittapi_config_apply_per_lib :  ITTAPI function instrumented: __itt_event_create
74746 : 0xcf4b91038b77 : 2 : ittapi_config_apply_per_lib :  ITTAPI function instrumented: __itt_event_start
74746 : 0xcf4b91039123 : 2 : ittapi_config_apply_per_lib :  ITTAPI function instrumented: __itt_event_end
74746 : 0xcf4b91039561 : 2 : ittapi_config_apply_per_lib :  ITTAPI function NOT instrumented (not matched by --itt-config option): __itt_sync_set_name

74746 : 0xcf4b91039a1d : 2 : ittapi_config_apply_per_lib :  ITTAPI function NOT instrumented (not matched by --itt-config option): __itt_notify_sync_name

74746 : 0xcf4b9103ae2f : 2 : ittapi_config_apply_per_lib :  ITTAPI function NOT instrumented (not matched by --itt-config option): __itt_notify_sync_prepare

74746 : 0xcf4b9103b277 : 2 : ittapi_config_apply_per_lib :  ITTAPI function NOT instrumented (not matched by --itt-config option): __itt_notify_sync_cancel

74746 : 0xcf4b9103b682 : 2 : ittapi_config_apply_per_lib :  ITTAPI function NOT instrumented (not matched by --itt-config option): __itt_notify_sync_acquired

74746 : 0xcf4b9103ba27 : 2 : ittapi_config_apply_per_lib :  ITTAPI function NOT instrumented (not matched by --itt-config option): __itt_notify_sync_releasing

74746 : 0xcf4b9103c0c9 : 2 : ittapi_config_apply_per_lib :  ITTAPI function not implemented: __itt_memory_read
74746 : 0xcf4b9103c7b9 : 2 : ittapi_config_apply_per_lib :  ITTAPI function not implemented: __itt_memory_write
74746 : 0xcf4b9103ceed : 2 : ittapi_config_apply_per_lib :  ITTAPI function not implemented: __itt_memory_update
74746 : 0xcf4b9103d551 : 2 : ittapi_config_apply_per_lib :  ITTAPI function not implemented: __itt_state_get
74746 : 0xcf4b9103db62 : 2 : ittapi_config_apply_per_lib :  ITTAPI function not implemented: __itt_state_set
74746 : 0xcf4b9103e190 : 2 : ittapi_config_apply_per_lib :  ITTAPI function not implemented: __itt_obj_mode_set
74746 : 0xcf4b91040675 : 2 : ittapi_config_apply_per_lib :  ITTAPI function not implemented: __itt_thr_mode_set
74746 : 0xcf4b91040c68 : 2 : ittapi_config_apply_per_lib :  ITTAPI function instrumented: __itt_frame_create
74746 : 0xcf4b910411e1 : 2 : ittapi_config_apply_per_lib :  ITTAPI function instrumented: __itt_pt_region_create
74746 : 0xcf4b91041837 : 2 : ittapi_config_apply_per_lib :  ITTAPI function instrumented: __itt_frame_begin
74746 : 0xcf4b91041da9 : 2 : ittapi_config_apply_per_lib :  ITTAPI function instrumented: __itt_frame_end
74746 : 0xcf4b9104243f : 2 : ittapi_config_apply_per_lib :  ITTAPI function not implemented: __itt_counter_destroy
74746 : 0xcf4b91042a12 : 2 : ittapi_config_apply_per_lib :  ITTAPI function instrumented: __itt_counter_inc
74746 : 0xcf4b91042f62 : 2 : ittapi_config_apply_per_lib :  ITTAPI function instrumented: __itt_counter_inc_delta
74746 : 0xcf4b9104341e : 2 : ittapi_config_apply_per_lib :  ITTAPI function instrumented: __itt_counter_dec
74746 : 0xcf4b9104396b : 2 : ittapi_config_apply_per_lib :  ITTAPI function instrumented: __itt_counter_dec_delta
74746 : 0xcf4b91044e56 : 2 : ittapi_config_apply_per_lib :  ITTAPI function instrumented: __itt_counter_set_value
74746 : 0xcf4b91045543 : 2 : ittapi_config_apply_per_lib :  ITTAPI function not implemented: __itt_counter_set_value_ex
74746 : 0xcf4b91045c1c : 2 : ittapi_config_apply_per_lib :  ITTAPI function not implemented: __itt_mark_create
74746 : 0xcf4b910462cd : 2 : ittapi_config_apply_per_lib :  ITTAPI function not implemented: __itt_mark
74746 : 0xcf4b91046929 : 2 : ittapi_config_apply_per_lib :  ITTAPI function not implemented: __itt_mark_off
74746 : 0xcf4b91046fc0 : 2 : ittapi_config_apply_per_lib :  ITTAPI function not implemented: __itt_mark_global
74746 : 0xcf4b91047656 : 2 : ittapi_config_apply_per_lib :  ITTAPI function not implemented: __itt_mark_global_off
74746 : 0xcf4b91047b32 : 2 : ittapi_config_apply_per_lib :  ITTAPI function NOT instrumented (not matched by --itt-config option): __itt_stack_caller_create

74746 : 0xcf4b91047f7a : 2 : ittapi_config_apply_per_lib :  ITTAPI function NOT instrumented (not matched by --itt-config option): __itt_stack_caller_destroy

74746 : 0xcf4b91048353 : 2 : ittapi_config_apply_per_lib :  ITTAPI function NOT instrumented (not matched by --itt-config option): __itt_stack_callee_enter

74746 : 0xcf4b9104974f : 2 : ittapi_config_apply_per_lib :  ITTAPI function NOT instrumented (not matched by --itt-config option): __itt_stack_callee_leave

74746 : 0xcf4b91049e34 : 2 : ittapi_config_apply_per_lib :  ITTAPI function not implemented: __itt_clock_domain_create
74746 : 0xcf4b9104a51e : 2 : ittapi_config_apply_per_lib :  ITTAPI function not implemented: __itt_clock_domain_reset
74746 : 0xcf4b9104ab9c : 2 : ittapi_config_apply_per_lib :  ITTAPI function not implemented: __itt_id_create_ex
74746 : 0xcf4b9104b1dc : 2 : ittapi_config_apply_per_lib :  ITTAPI function not implemented: __itt_id_destroy_ex
74746 : 0xcf4b9104b7dc : 2 : ittapi_config_apply_per_lib :  ITTAPI function not implemented: __itt_task_begin_ex
74746 : 0xcf4b9104bdc3 : 2 : ittapi_config_apply_per_lib :  ITTAPI function not implemented: __itt_task_begin_fn_ex
74746 : 0xcf4b9104c40b : 2 : ittapi_config_apply_per_lib :  ITTAPI function not implemented: __itt_task_end_ex
74746 : 0xcf4b9104ca03 : 2 : ittapi_config_apply_per_lib :  ITTAPI function instrumented: __itt_task_begin_overlapped
74746 : 0xcf4b9104d02d : 2 : ittapi_config_apply_per_lib :  ITTAPI function not implemented: __itt_task_begin_overlapped_ex
74746 : 0xcf4b9104e61d : 2 : ittapi_config_apply_per_lib :  ITTAPI function instrumented: __itt_task_end_overlapped
74746 : 0xcf4b9104ec30 : 2 : ittapi_config_apply_per_lib :  ITTAPI function not implemented: __itt_task_end_overlapped_ex
74746 : 0xcf4b9104f2b0 : 2 : ittapi_config_apply_per_lib :  ITTAPI function not implemented: __itt_marker_ex
74746 : 0xcf4b9104fac3 : 2 : ittapi_config_apply_per_lib :  ITTAPI function not implemented: __itt_metadata_add_with_scope
74746 : 0xcf4b9105012f : 2 : ittapi_config_apply_per_lib :  ITTAPI function not implemented: __itt_metadata_str_add_with_scope
74746 : 0xcf4b91050768 : 2 : ittapi_config_apply_per_lib :  ITTAPI function not implemented: __itt_relation_add_to_current_ex
74746 : 0xcf4b91050d57 : 2 : ittapi_config_apply_per_lib :  ITTAPI function not implemented: __itt_relation_add_ex
74746 : 0xcf4b91051364 : 2 : ittapi_config_apply_per_lib :  ITTAPI function not implemented: __itt_track_group_create
74746 : 0xcf4b910518fe : 2 : ittapi_config_apply_per_lib :  ITTAPI function not implemented: __itt_track_create
74746 : 0xcf4b91051ed2 : 2 : ittapi_config_apply_per_lib :  ITTAPI function not implemented: __itt_set_track
74746 : 0xcf4b91053f74 : 2 : ittapi_config_apply_per_lib :  ITTAPI function instrumented: __itt_api_version
74746 : 0xcf4b91054651 : 2 : ittapi_config_apply_per_lib :  ITTAPI function not implemented: __itt_av_save
74746 : 0xcf4b91054c28 : 2 : ittapi_config_apply_per_lib :  ITTAPI function instrumented: __itt_module_load
74746 : 0xcf4b9105522f : 2 : ittapi_config_apply_per_lib :  ITTAPI function not implemented: __itt_module_unload
74746 : 0xcf4b9105566c : 2 : ittapi_config_apply_per_lib :  ITTAPI function NOT instrumented (not matched by --itt-config option): __itt_histogram_submit

74746 : 0xcf4b91055b95 : 2 : ittapi_config_apply_per_lib :  ITTAPI function instrumented: __itt_counter_set_value_v3