
83305 : 0xd09de86139c4 : 1 : spill_jit_data :  Jit agent is not initialized
83275 : 0xd09de8619d46 : 2 : ittapi_config_mask_get :  --itt-config mask to be applied: 39
83275 : 0xd09de861d5bf : 2 : ittapi_config_apply_per_lib :  ITTAPI function instrumented: __itt_domain_create
83275 : 0xd09de861e6e3 : 2 : ittapi_config_apply_per_lib :  ITTAPI function instrumented: __itt_module_load_with_sections
83275 : 0xd09de861fdf2 : 2 : ittapi_config_apply_per_lib :  ITTAPI function not implemented: __itt_module_unload_with_sections
83275 : 0xd09de8620b84 : 2 : ittapi_config_apply_per_lib :  ITTAPI function instrumented: __itt_string_handle_create
83275 : 0xd09de86213b3 : 2 : ittapi_config_apply_per_lib :  ITTAPI function instrumented: __itt_counter_create
83275 : 0xd09de8621c4f : 2 : ittapi_config_apply_per_lib :  ITTAPI function instrumented: __itt_counter_create_typed
83275 : 0xd09de86224cf : 2 : ittapi_config_apply_per_lib :  ITTAPI function instrumented: __itt_pause
83275 : 0xd09de8622e50 : 2 : ittapi_config_apply_per_lib :  ITTAPI function instrumented: __itt_resume
83275 : 0xd09de862d953 : 2 : ittapi_config_apply_per_lib :  ITTAPI function instrumented: __itt_thread_set_name
83275 : 0xd09de862e837 : 2 : ittapi_config_apply_per_lib :  ITTAPI function instrumented: __itt_thread_ignore
83275 : 0xd09de862f084 : 2 : ittapi_config_apply_per_lib :  ITTAPI function instrumented: __itt_thr_name_set
83275 : 0xd09de862f926 : 2 : ittapi_config_apply_per_lib :  ITTAPI function instrumented: __itt_thr_ignore
83275 : 0xd09de863018c : 2 : ittapi_config_apply_per_lib :  ITTAPI function instrumented: __itt_histogram_create
83275 : 0xd09de8630f94 : 2 : ittapi_config_apply_per_lib :  ITTAPI function not implemented: __itt_enable_attach
83275 : 0xd09de863191e : 2 : ittapi_config_apply_per_lib :  ITTAPI function instrumented: __itt_detach
83275 : 0xd09de8631f5c : 2 : ittapi_config_apply_per_lib :  ITTAPI function NOT instrumented (not matched by --itt-config option): __itt_sync_create

83275 : 0xd09de86326dd : 2 : ittapi_config_apply_per_lib :  ITTAPI function NOT instrumented (not matched by --itt-config option): __itt_sync_rename

83275 : 0xd09de8632d17 : 2 : ittapi_config_apply_per_lib :  ITTAPI function NOT instrumented (not matched by --itt-config option): __itt_sync_destroy

83275 : 0xd09de863620c : 2 : ittapi_config_apply_per_lib :  ITTAPI function NOT instrumented (not matched by --itt-config option): __itt_sync_prepare

83275 : 0xd09de8636a8f : 2 : ittapi_config_apply_per_lib :  ITTAPI function NOT instrumented (not matched by --itt-config option): __itt_sync_cancel

83275 : 0xd09de8637046 : 2 : ittapi_config_apply_per_lib :  ITTAPI function NOT instrumented (not matched by --itt-config option): __itt_sync_acquired

83275 : 0xd09de8637651 : 2 : ittapi_config_apply_per_lib :  ITTAPI function NOT instrumented (not matched by --itt-config option): __itt_sync_releasing

83275 : 0xd09de86385be : 2 : ittapi_config_apply_per_lib :  ITTAPI function not implemented: __itt_suppress_push
83275 : 0xd09de86393e0 : 2 : ittapi_config_apply_per_lib :  ITTAPI function not implemented: __itt_suppress_pop
83275 : 0xd09de8639f6a : 2 : ittapi_config_apply_per_lib :  ITTAPI function not implemented: __itt_suppress_mark_range
83275 : 0xd09de863aab8 : 2 : ittapi_config_apply_per_lib :  ITTAPI function not implemented: __itt_suppress_clear_range
83275 : 0xd09de863b074 : 2 : ittapi_config_apply_per_lib :  ITTAPI function NOT instrumented (not matched by --itt-config option): __itt_sync_prepare

83275 : 0xd09de863b634 : 2 : ittapi_config_apply_per_lib :  ITTAPI function NOT instrumented (not matched by --itt-config option): __itt_sync_cancel

83275 : 0xd09de863dd93 : 2 : ittapi_config_apply_per_lib :  ITTAPI function NOT instrumented (not matched by --itt-config option): __itt_sync_acquired

83275 : 0xd09de863e5ac : 2 : ittapi_config_apply_per_lib :  ITTAPI function NOT instrumented (not matched by --itt-config option): __itt_sync_releasing

83275 : 0xd09de863eca5 : 2 : ittapi_config_apply_per_lib :  ITTAPI function NOT instrumented (not matched by --itt-config option): __itt_model_site_begin

83275 : 0xd09de863f346 : 2 : ittapi_config_apply_per_lib :  ITTAPI function NOT instrumented (not matched by --itt-config option): __itt_model_site_end

83275 : 0xd09de863f9a4 : 2 : ittapi_config_apply_per_lib :  ITTAPI function NOT instrumented (not matched by --itt-config option): __itt_model_task_begin

83275 : 0xd09de86400ce : 2 : ittapi_config_apply_per_lib :  ITTAPI function NOT instrumented (not matched by --itt-config option): __itt_model_task_end

83275 : 0xd09de8640781 : 2 : ittapi_config_apply_per_lib :  ITTAPI function NOT instrumented (not matched by --itt-config option): __itt_model_lock_acquire

83275 : 0xd09de8640eb7 : 2 : ittapi_config_apply_per_lib :  ITTAPI function NOT instrumented (not matched by --itt-config option): __itt_model_lock_release

83275 : 0xd09de8641574 : 2 : ittapi_config_apply_per_lib :  ITTAPI function NOT instrumented (not matched by --itt-config option): __itt_model_record_allocation

83275 : 0xd09de8641b59 : 2 : ittapi_config_apply_per_lib :  ITTAPI function NOT instrumented (not matched by --itt-config option): __itt_model_record_deallocation

83275 : 0xd09de864691e : 2 : ittapi_config_apply_per_lib :  ITTAPI function NOT instrumented (not matched by --itt-config option): __itt_model_induction_uses

83275 : 0xd09de8647159 : 2 : ittapi_config_apply_per_lib :  ITTAPI function NOT instrumented (not matched by --itt-config option): __itt_model_reduction_uses

83275 : 0xd09de86476f3 : 2 : ittapi_config_apply_per_lib :  ITTAPI function NOT instrumented (not matched by --itt-config option): __itt_model_observe_uses

83275 : 0xd09de8647c5e : 2 : ittapi_config_apply_per_lib :  ITTAPI function NOT instrumented (not matched by --itt-config option): __itt_model_clear_uses

83275 : 0xd09de86481b9 : 2 : ittapi_config_apply_per_lib :  ITTAPI function NOT instrumented (not matched by --itt-config option): __itt_model_site_beginA

83275 : 0xd09de8648700 : 2 : ittapi_config_apply_per_lib :  ITTAPI function NOT instrumented (not matched by --itt-config option): __itt_model_site_beginAL

83275 : 0xd09de8648c40 : 2 : ittapi_config_apply_per_lib :  ITTAPI function NOT instrumented (not matched by --itt-config option): __itt_model_task_beginA

83275 : 0xd09de8649181 : 2 : ittapi_config_apply_per_lib :  ITTAPI function NOT instrumented (not matched by --itt-config option): __itt_model_task_beginAL

83275 : 0xd09de86496be : 2 : ittapi_config_apply_per_lib :  ITTAPI function NOT instrumented (not matched by --itt-config option): __itt_model_iteration_taskA

83275 : 0xd09de8649c03 : 2 : ittapi_config_apply_per_lib :  ITTAPI function NOT instrumented (not matched by --itt-config option): __itt_model_iteration_taskAL

83275 : 0xd09de864c4cc : 2 : ittapi_config_apply_per_lib :  ITTAPI function NOT instrumented (not matched by --itt-config option): __itt_model_site_end_2

83275 : 0xd09de864e3d5 : 2 : ittapi_config_apply_per_lib :  ITTAPI function NOT instrumented (not matched by --itt-config option): __itt_model_task_end_2

83275 : 0xd09de864e93c : 2 : ittapi_config_apply_per_lib :  ITTAPI function NOT instrumented (not matched by --itt-config option): __itt_model_lock_acquire_2

83275 : 0xd09de864ee77 : 2 : ittapi_config_apply_per_lib :  ITTAPI function NOT instrumented (not matched by --itt-config option): __itt_model_lock_release_2

83275 : 0xd09de864f3c4 : 2 : ittapi_config_apply_per_lib :  ITTAPI function NOT instrumented (not matched by --itt-config option): __itt_model_aggregate_task

83275 : 0xd09de864f8fe : 2 : ittapi_config_apply_per_lib :  ITTAPI function NOT instrumented (not matched by --itt-config option): __itt_model_disable_push

83275 : 0xd09de864fe37 : 2 : ittapi_config_apply_per_lib :  ITTAPI function NOT instrumented (not matched by --itt-config option): __itt_model_disable_pop

83275 : 0xd09de8650a1a : 2 : ittapi_config_apply_per_lib :  ITTAPI function instrumented: __itt_heap_function_create
83275 : 0xd09de86512fd : 2 : ittapi_config_apply_per_lib :  ITTAPI function instrumented: __itt_heap_allocate_begin
83275 : 0xd09de8651a5a : 2 : ittapi_config_apply_per_lib :  ITTAPI function instrumented: __itt_heap_allocate_end
83275 : 0xd09de8656251 : 2 : ittapi_config_apply_per_lib :  ITTAPI function instrumented: __itt_heap_free_begin
83275 : 0xd09de8656c85 : 2 : ittapi_config_apply_per_lib :  ITTAPI function instrumented: __itt_heap_free_end
83275 : 0xd09de86574dd : 2 : ittapi_config_apply_per_lib :  ITTAPI function instrumented: __itt_heap_reallocate_begin
83275 : 0xd09de8657bba : 2 : ittapi_config_apply_per_lib :  ITTAPI function instrumented: __itt_heap_reallocate_end
83275 : 0xd09de8658678 : 2 : ittapi_config_apply_per_lib :  ITTAPI function not implemented: __itt_heap_internal_access_begin
83275 : 0xd09de86590e6 : 2 : ittapi_config_apply_per_lib :  ITTAPI function not implemented: __itt_heap_internal_access_end
83275 : 0xd09de8659a6a : 2 : ittapi_config_apply_per_lib :  ITTAPI function not implemented: __itt_heap_record_memory_growth_begin
83275 : 0xd09de865a386 : 2 : ittapi_config_apply_per_lib :  ITTAPI function not implemented: __itt_heap_record_memory_growth_end
83275 : 0xd09de865ac7f : 2 : ittapi_config_apply_per_lib :  ITTAPI function not implemented: __itt_heap_reset_detection
83275 : 0xd09de865b836 : 2 : ittapi_config_apply_per_lib :  ITTAPI function not implemented: __itt_heap_record
83275 : 0xd09de865e4da : 2 : ittapi_config_apply_per_lib :  ITTAPI function not implemented: __itt_id_create
83275 : 0xd09de865f21f : 2 : ittapi_config_apply_per_lib :  ITTAPI function not implemented: __itt_id_destroy
83275 : 0xd09de865fb45 : 2 : ittapi_config_apply_per_lib :  ITTAPI function instrumented: __itt_get_timestamp
83275 : 0xd09de86603e3 : 2 : ittapi_config_apply_per_lib :  ITTAPI function not implemented: __itt_region_begin
83275 : 0xd09de8660d21 : 2 : ittapi_config_apply_per_lib :  ITTAPI function not implemented: __itt_region_end
83275 : 0xd09de8661589 : 2 : ittapi_config_apply_per_lib :  ITTAPI function instrumented: __itt_frame_begin_v3
83275 : 0xd09de8661d8b : 2 : ittapi_config_apply_per_lib :  ITTAPI function instrumented: __itt_frame_end_v3
83275 : 0xd09de866251f : 2 : ittapi_config_apply_per_lib :  ITTAPI function instrumented: __itt_frame_submit_v3
83275 : 0xd09de8662e04 : 2 : ittapi_config_apply_per_lib :  ITTAPI function not implemented: __itt_task_group
83275 : 0xd09de8663692 : 2 : ittapi_config_apply_per_lib :  ITTAPI function instrumented: __itt_task_begin
83275 : 0xd09de8665e21 : 2 : ittapi_config_apply_per_lib :  ITTAPI function instrumented: __itt_task_begin_fn
83275 : 0xd09de86668a7 : 2 : ittapi_config_apply_per_lib :  ITTAPI function instrumented: __itt_task_end
83275 : 0xd09de86672cb : 2 : ittapi_config_apply_per_lib :  ITTAPI function not implemented: __itt_counter_inc_v3
83275 : 0xd09de8667c8b : 2 : ittapi_config_apply_per_lib :  ITTAPI function not implemented: __itt_counter_inc_delta_v3
83275 : 0xd09de8669a32 : 2 : ittapi_config_apply_per_lib :  ITTAPI function not implemented: __itt_counter_dec_v3
83275 : 0xd09de866a341 : 2 : ittapi_config_apply_per_lib :  ITTAPI function not implemented: __itt_counter_dec_delta_v3
83275 : 0xd09de866ae79 : 2 : ittapi_config_apply_per_lib :  ITTAPI function not implemented: __itt_marker
83275 : 0xd09de866b927 : 2 : ittapi_config_apply_per_lib :  ITTAPI function instrumented: __itt_metadata_add
83275 : 0xd09de866c2a6 : 2 : ittapi_config_apply_per_lib :  ITTAPI function not implemented: __itt_metadata_str_add
83275 : 0xd09de866cb8f : 2 : ittapi_config_apply_per_lib :  ITTAPI function not implemented: __itt_relation_add_to_current
83275 : 0xd09de866f8a2 : 2 : ittapi_config_apply_per_lib :  ITTAPI function not implemented: __itt_relation_add
83275 : 0xd09de86704c6 : 2 : ittapi_config_apply_per_lib :  ITTAPI function instrumented: __itt_event_create
83275 : 0xd09de8670ceb : 2 : ittapi_config_apply_per_lib :  ITTAPI function instrumented: __itt_event_start
83275 : 0xd09de8671516 : 2 : ittapi_config_apply_per_lib :  ITTAPI function instrumented: __itt_event_end
83275 : 0xd09de8671b1f : 2 : ittapi_config_apply_per_lib :  ITTAPI function NOT instrumented (not matched by --itt-config option): __itt_sync_set_name

83275 : 0xd09de86721e0 : 2 : ittapi_config_apply_per_lib :  ITTAPI function NOT instrumented (not matched by --itt-config option): __itt_notify_sync_name

83275 : 0xd09de8672862 : 2 : ittapi_config_apply_per_lib :  ITTAPI function NOT instrumented (not matched by --itt-config option): __itt_notify_sync_prepare

83275 : 0xd09de8672e0e : 2 : ittapi_config_apply_per_lib :  ITTAPI function NOT instrumented (not matched by --itt-config option): __itt_notify_sync_cancel

83275 : 0xd09de86733dc : 2 : ittapi_config_apply_per_lib :  ITTAPI function NOT instrumented (not matched by --itt-config option): __itt_notify_sync_acquired

83275 : 0xd09de86739a1 : 2 : ittapi_config_apply_per_lib :  ITTAPI function NOT instrumented (not matched by --itt-config option): __itt_notify_sync_releasing

83275 : 0xd09de8677b5f : 2 : ittapi_config_apply_per_lib :  ITTAPI function not implemented: __itt_memory_read
83275 : 0xd09de86789a2 : 2 : ittapi_config_apply_per_lib :  ITTAPI function not implemented: __itt_memory_write
83275 : 0xd09de86793e6 : 2 : ittapi_config_apply_per_lib :  ITTAPI function not implemented: __itt_memory_update
83275 : 0xd09de8679d67 : 2 : ittapi_config_apply_per_lib :  ITTAPI function not implemented: __itt_state_get
83275 : 0xd09de867a618 : 2 : ittapi_config_apply_per_lib :  ITTAPI function not implemented: __itt_state_set
83275 : 0xd09de867ae9c : 2 : ittapi_config_apply_per_lib :  ITTAPI function not implemented: __itt_obj_mode_set
83275 : 0xd09de867b837 : 2 : ittapi_config_apply_per_lib :  ITTAPI function not implemented: __itt_thr_mode_set
83275 : 0xd09de867bfae : 2 : ittapi_config_apply_per_lib :  ITTAPI function instrumented: __itt_frame_create
83275 : 0xd09de867c6f4 : 2 : ittapi_config_apply_per_lib :  ITTAPI function instrumented: __itt_pt_region_create
83275 : 0xd09de867cefb : 2 : ittapi_config_apply_per_lib :  ITTAPI function instrumented: __itt_frame_begin
83275 : 0xd09de867fa06 : 2 : ittapi_config_apply_per_lib :  ITTAPI function instrumented: __itt_frame_end
83275 : 0xd09de868064e : 2 : ittapi_config_apply_per_lib :  ITTAPI function not implemented: __itt_counter_destroy
83275 : 0xd09de8680ef3 : 2 : ittapi_config_apply_per_lib :  ITTAPI function instrumented: __itt_counter_inc
83275 : 0xd09de86816ed : 2 : ittapi_config_apply_per_lib :  ITTAPI function instrumented: __itt_counter_inc_delta
83275 : 0xd09de8681e2d : 2 : ittapi_config_apply_per_lib :  ITTAPI function instrumented: __itt_counter_dec
83275 : 0xd09de86825e3 : 2 : ittapi_config_apply_per_lib :  ITTAPI function instrumented: __itt_counter_dec_delta
83275 : 0xd09de8682cf7 : 2 : ittapi_config_apply_per_lib :  ITTAPI function instrumented: __itt_counter_set_value
83275 : 0xd09de86835a3 : 2 : ittapi_config_apply_per_lib :  ITTAPI function not implemented: __itt_counter_set_value_ex
83275 : 0xd09de8683e0b : 2 : ittapi_config_apply_per_lib :  ITTAPI function not implemented: __itt_mark_create
83275 : 0xd09de86846ea : 2 : ittapi_config_apply_per_lib :  ITTAPI function not implemented: __itt_mark
83275 : 0xd09de86870b8 : 2 : ittapi_config_apply_per_lib :  ITTAPI function not implemented: __itt_mark_off
83275 : 0xd09de8687d27 : 2 : ittapi_config_apply_per_lib :  ITTAPI function not implemented: __itt_mark_global
83275 : 0xd09de868869d : 2 : ittapi_config_apply_per_lib :  ITTAPI function not implemented: __itt_mark_global_off
83275 : 0xd09de8688d4a : 2 : ittapi_config_apply_per_lib :  ITTAPI function NOT instrumented (not matched by --itt-config option): __itt_stack_caller_create

83275 : 0xd09de86893b0 : 2 : ittapi_config_apply_per_lib :  ITTAPI function NOT instrumented (not matched by --itt-config option): __itt_stack_caller_destroy

83275 : 0xd09de868997c : 2 : ittapi_config_apply_per_lib :  ITTAPI function NOT instrumented (not matched by --itt-config option): __itt_stack_callee_enter

83275 : 0xd09de8689f4f : 2 : ittapi_config_apply_per_lib :  ITTAPI function NOT instrumented (not matched by --itt-config option): __itt_stack_callee_leave

83275 : 0xd09de868a79a : 2 : ittapi_config_apply_per_lib :  ITTAPI function not implemented: __itt_clock_domain_create
83275 : 0xd09de868b105 : 2 : ittapi_config_apply_per_lib :  ITTAPI function not implemented: __itt_clock_domain_reset
83275 : 0xd09de868ba32 : 2 : ittapi_config_apply_per_lib :  ITTAPI function not implemented: __itt_id_create_ex
83275 : 0xd09de8691226 : 2 : ittapi_config_apply_per_lib :  ITTAPI function not implemented: __itt_id_destroy_ex
83275 : 0xd09de8691e7b : 2 : ittapi_config_apply_per_lib :  ITTAPI function not implemented: __itt_task_begin_ex
83275 : 0xd09de8692741 : 2 : ittapi_config_apply_per_lib :  ITTAPI function not implemented: __itt_task_begin_fn_ex
83275 : 0xd09de8693026 : 2 : ittapi_config_apply_per_lib :  ITTAPI function not implemented: __itt_task_end_ex
83275 : 0xd09de869388a : 2 : ittapi_config_apply_per_lib :  ITTAPI function instrumented: __itt_task_begin_overlapped
83275 : 0xd09de869413e : 2 : ittapi_config_apply_per_lib :  ITTAPI function not implemented: __itt_task_begin_overlapped_ex
83275 : 0xd09de8694980 : 2 : ittapi_config_apply_per_lib :  ITTAPI function instrumented: __itt_task_end_overlapped
83275 : 0xd09de86951f7 : 2 : ittapi_config_apply_per_lib :  ITTAPI function not implemented: __itt_task_end_overlapped_ex
83275 : 0xd09de8695aba : 2 : ittapi_config_apply_per_lib :  ITTAPI function not implemented: __itt_marker_ex
83275 : 0xd09de86964c8 : 2 : ittapi_config_apply_per_lib :  ITTAPI function not implemented: __itt_metadata_add_with_scope
83275 : 0xd09de86990d4 : 2 : ittapi_config_apply_per_lib :  ITTAPI function not implemented: __itt_metadata_str_add_with_scope
83275 : 0xd09de8699ce8 : 2 : ittapi_config_apply_per_lib :  ITTAPI function not implemented: __itt_relation_add_to_current_ex
83275 : 0xd09de869a5d9 : 2 : ittapi_config_apply_per_lib :  ITTAPI function not implemented: __itt_relation_add_ex
83275 : 0xd09de869af30 : 2 : ittapi_config_apply_per_lib :  ITTAPI function not implemented: __itt_track_group_create
83275 : 0xd09de869b6e7 : 2 : ittapi_config_apply_per_lib :  ITTAPI function not implemented: __itt_track_create
83275 : 0xd09de869bf6d : 2 : ittapi_config_apply_per_lib :  ITTAPI function not implemented: __itt_set_track
83275 : 0xd09de869c7ed : 2 : ittapi_config_apply_per_lib :  ITTAPI function instrumented: __itt_api_version
83275 : 0xd09de869d098 : 2 : ittapi_config_apply_per_lib :  ITTAPI function not implemented: __itt_av_save
83275 : 0xd09de869d8a0 : 2 : ittapi_config_apply_per_lib :  ITTAPI function instrumented: __itt_module_load
83275 : 0xd09de869e185 : 2 : ittapi_config_apply_per_lib :  ITTAPI function not implemented: __itt_module_unload
83275 : 0xd09de86a0570 : 2 : ittapi_config_apply_per_lib :  ITTAPI function NOT instrumented (not matched by --itt-config option): __itt_histogram_submit

83275 : 0xd09de8fdcafa : 2 : ittapi_config_mask_get :  --itt-config mask to be applied: 39
83275 : 0xd09de8fdeb0a : 2 : ittapi_config_apply_per_lib :  ITTAPI function instrumented: __itt_domain_create
83275 : 0xd09de8fdf89e : 2 : ittapi_config_apply_per_lib :  ITTAPI function instrumented: __itt_module_load_with_sections
83275 : 0xd09de8fe05d3 : 2 : ittapi_config_apply_per_lib :  ITTAPI function not implemented: __itt_module_unload_with_sections
83275 : 0xd09de8fe1041 : 2 : ittapi_config_apply_per_lib :  ITTAPI function instrumented: __itt_string_handle_create
83275 : 0xd09de8fe1862 : 2 : ittapi_config_apply_per_lib :  ITTAPI function instrumented: __itt_counter_create
83275 : 0xd09de8fe205e : 2 : ittapi_config_apply_per_lib :  ITTAPI function instrumented: __itt_counter_create_typed
83275 : 0xd09de8fe28b1 : 2 : ittapi_config_apply_per_lib :  ITTAPI function instrumented: __itt_pause
83275 : 0xd09de8fe30d8 : 2 : ittapi_config_apply_per_lib :  ITTAPI function instrumented: __itt_resume
83275 : 0xd09de8feb172 : 2 : ittapi_config_apply_per_lib :  ITTAPI function not implemented: __itt_pause_scoped
83275 : 0xd09de8fec23d : 2 : ittapi_config_apply_per_lib :  ITTAPI function not implemented: __itt_resume_scoped
83275 : 0xd09de8fecbf5 : 2 : ittapi_config_apply_per_lib :  ITTAPI function instrumented: __itt_thread_set_name
83275 : 0xd09de8fef368 : 2 : ittapi_config_apply_per_lib :  ITTAPI function instrumented: __itt_thread_ignore
83275 : 0xd09de8fefadb : 2 : ittapi_config_apply_per_lib :  ITTAPI function instrumented: __itt_thr_name_set
83275 : 0xd09de8ff02e1 : 2 : ittapi_config_apply_per_lib :  ITTAPI function instrumented: __itt_thr_ignore
83275 : 0xd09de8ff0a99 : 2 : ittapi_config_apply_per_lib :  ITTAPI function instrumented: __itt_histogram_create
83275 : 0xd09de8ff1206 : 2 : ittapi_config_apply_per_lib :  ITTAPI function instrumented: __itt_counter_create_v3
83275 : 0xd09de8ff1acb : 2 : ittapi_config_apply_per_lib :  ITTAPI function instrumented: __itt_bind_context_metadata_to_counter
83275 : 0xd09de8ff250d : 2 : ittapi_config_apply_per_lib :  ITTAPI function not implemented: __itt_enable_attach
83275 : 0xd09de8ff851a : 2 : ittapi_config_apply_per_lib :  ITTAPI function instrumented: __itt_detach
83275 : 0xd09de8ff9082 : 2 : ittapi_config_apply_per_lib :  ITTAPI function NOT instrumented (not matched by --itt-config option): __itt_sync_create

83275 : 0xd09de8ff9790 : 2 : ittapi_config_apply_per_lib :  ITTAPI function NOT instrumented (not matched by --itt-config option): __itt_sync_rename

83275 : 0xd09de8ff9d6a : 2 : ittapi_config_apply_per_lib :  ITTAPI function NOT instrumented (not matched by --itt-config option): __itt_sync_destroy

83275 : 0xd09de8ffa395 : 2 : ittapi_config_apply_per_lib :  ITTAPI function NOT instrumented (not matched by --itt-config option): __itt_sync_prepare

83275 : 0xd09de8ffa9d5 : 2 : ittapi_config_apply_per_lib :  ITTAPI function NOT instrumented (not matched by --itt-config option): __itt_sync_cancel

83275 : 0xd09de8ffaf5a : 2 : ittapi_config_apply_per_lib :  ITTAPI function NOT instrumented (not matched by --itt-config option): __itt_sync_acquired

83275 : 0xd09de8ffb51f : 2 : ittapi_config_apply_per_lib :  ITTAPI function NOT instrumented (not matched by --itt-config option): __itt_sync_releasing

83275 : 0xd09de8ffc075 : 2 : ittapi_config_apply_per_lib :  ITTAPI function not implemented: __itt_suppress_push
83275 : 0xd09de8ffcbb4 : 2 : ittapi_config_apply_per_lib :  ITTAPI function not implemented: __itt_suppress_pop
83275 : 0xd09de8fff8e5 : 2 : ittapi_config_apply_per_lib :  ITTAPI function not implemented: __itt_suppress_mark_range
83275 : 0xd09de90005cc : 2 : ittapi_config_apply_per_lib :  ITTAPI function not implemented: __itt_suppress_clear_range
83275 : 0xd09de9000b94 : 2 : ittapi_config_apply_per_lib :  ITTAPI function NOT instrumented (not matched by --itt-config option): __itt_sync_prepare

83275 : 0xd09de9001168 : 2 : ittapi_config_apply_per_lib :  ITTAPI function NOT instrumented (not matched by --itt-config option): __itt_sync_cancel

83275 : 0xd09de9001704 : 2 : ittapi_config_apply_per_lib :  ITTAPI function NOT instrumented (not matched by --itt-config option): __itt_sync_acquired

83275 : 0xd09de9001c49 : 2 : ittapi_config_apply_per_lib :  ITTAPI function NOT instrumented (not matched by --itt-config option): __itt_sync_releasing

83275 : 0xd09de9002284 : 2 : ittapi_config_apply_per_lib :  ITTAPI function NOT instrumented (not matched by --itt-config option): __itt_model_site_begin

83275 : 0xd09de900289a : 2 : ittapi_config_apply_per_lib :  ITTAPI function NOT instrumented (not matched by --itt-config option): __itt_model_site_end

83275 : 0xd09de9002ee3 : 2 : ittapi_config_apply_per_lib :  ITTAPI function NOT instrumented (not matched by --itt-config option): __itt_model_task_begin

83275 : 0xd09de900356a : 2 : ittapi_config_apply_per_lib :  ITTAPI function NOT instrumented (not matched by --itt-config option): __itt_model_task_end

83275 : 0xd09de9005a76 : 2 : ittapi_config_apply_per_lib :  ITTAPI function NOT instrumented (not matched by --itt-config option): __itt_model_lock_acquire

83275 : 0xd09de90063a8 : 2 : ittapi_config_apply_per_lib :  ITTAPI function NOT instrumented (not matched by --itt-config option): __itt_model_lock_release

83275 : 0xd09de9006a46 : 2 : ittapi_config_apply_per_lib :  ITTAPI function NOT instrumented (not matched by --itt-config option): __itt_model_record_allocation

83275 : 0xd09de9006fe2 : 2 : ittapi_config_apply_per_lib :  ITTAPI function NOT instrumented (not matched by --itt-config option): __itt_model_record_deallocation

83275 : 0xd09de9007525 : 2 : ittapi_config_apply_per_lib :  ITTAPI function NOT instrumented (not matched by --itt-config option): __itt_model_induction_uses

83275 : 0xd09de9007a5a : 2 : ittapi_config_apply_per_lib :  ITTAPI function NOT instrumented (not matched by --itt-config option): __itt_model_reduction_uses

83275 : 0xd09de9007fa0 : 2 : ittapi_config_apply_per_lib :  ITTAPI function NOT instrumented (not matched by --itt-config option): __itt_model_observe_uses

83275 : 0xd09de90084dd : 2 : ittapi_config_apply_per_lib :  ITTAPI function NOT instrumented (not matched by --itt-config option): __itt_model_clear_uses

83275 : 0xd09de9008a24 : 2 : ittapi_config_apply_per_lib :  ITTAPI function NOT instrumented (not matched by --itt-config option): __itt_model_site_beginA

83275 : 0xd09de9008f69 : 2 : ittapi_config_apply_per_lib :  ITTAPI function NOT instrumented (not matched by --itt-config option): __itt_model_site_beginAL

83275 : 0xd09de900c8ac : 2 : ittapi_config_apply_per_lib :  ITTAPI function NOT instrumented (not matched by --itt-config option): __itt_model_task_beginA

83275 : 0xd09de900d049 : 2 : ittapi_config_apply_per_lib :  ITTAPI function NOT instrumented (not matched by --itt-config option): __itt_model_task_beginAL

83275 : 0xd09de900d5c9 : 2 : ittapi_config_apply_per_lib :  ITTAPI function NOT instrumented (not matched by --itt-config option): __itt_model_iteration_taskA

83275 : 0xd09de900db12 : 2 : ittapi_config_apply_per_lib :  ITTAPI function NOT instrumented (not matched by --itt-config option): __itt_model_iteration_taskAL

83275 : 0xd09de900e052 : 2 : ittapi_config_apply_per_lib :  ITTAPI function NOT instrumented (not matched by --itt-config option): __itt_model_site_end_2

83275 : 0xd09de900e5a5 : 2 : ittapi_config_apply_per_lib :  ITTAPI function NOT instrumented (not matched by --itt-config option): __itt_model_task_end_2

83275 : 0xd09de900eae6 : 2 : ittapi_config_apply_per_lib :  ITTAPI function NOT instrumented (not matched by --itt-config option): __itt_model_lock_acquire_2

83275 : 0xd09de900f029 : 2 : ittapi_config_apply_per_lib :  ITTAPI function NOT instrumented (not matched by --itt-config option): __itt_model_lock_release_2

83275 : 0xd09de900f596 : 2 : ittapi_config_apply_per_lib :  ITTAPI function NOT instrumented (not matched by --itt-config option): __itt_model_aggregate_task

83275 : 0xd09de900fad9 : 2 : ittapi_config_apply_per_lib :  ITTAPI function NOT instrumented (not matched by --itt-config option): __itt_model_disable_push

83275 : 0xd09de9011c55 : 2 : ittapi_config_apply_per_lib :  ITTAPI function NOT instrumented (not matched by --itt-config option): __itt_model_disable_pop

83275 : 0xd09de9012820 : 2 : ittapi_config_apply_per_lib :  ITTAPI function instrumented: __itt_heap_function_create
83275 : 0xd09de9012ffc : 2 : ittapi_config_apply_per_lib :  ITTAPI function instrumented: __itt_heap_allocate_begin
83275 : 0xd09de90136ce : 2 : ittapi_config_apply_per_lib :  ITTAPI function instrumented: __itt_heap_allocate_end
83275 : 0xd09de9013df0 : 2 : ittapi_config_apply_per_lib :  ITTAPI function instrumented: __itt_heap_free_begin
83275 : 0xd09de9014496 : 2 : ittapi_config_apply_per_lib :  ITTAPI function instrumented: __itt_heap_free_end
83275 : 0xd09de9014bdb : 2 : ittapi_config_apply_per_lib :  ITTAPI function instrumented: __itt_heap_reallocate_begin
83275 : 0xd09de9015286 : 2 : ittapi_config_apply_per_lib :  ITTAPI function instrumented: __itt_heap_reallocate_end
83275 : 0xd09de9015b67 : 2 : ittapi_config_apply_per_lib :  ITTAPI function not implemented: __itt_heap_internal_access_begin
83275 : 0xd09de90164a5 : 2 : ittapi_config_apply_per_lib :  ITTAPI function not implemented: __itt_heap_internal_access_end
83275 : 0xd09de9018ed5 : 2 : ittapi_config_apply_per_lib :  ITTAPI function not implemented: __itt_heap_record_memory_growth_begin
83275 : 0xd09de9019b32 : 2 : ittapi_config_apply_per_lib :  ITTAPI function not implemented: __itt_heap_record_memory_growth_end
83275 : 0xd09de901a41b : 2 : ittapi_config_apply_per_lib :  ITTAPI function not implemented: __itt_heap_reset_detection
83275 : 0xd09de901acee : 2 : ittapi_config_apply_per_lib :  ITTAPI function not implemented: __itt_heap_record
83275 : 0xd09de901b56c : 2 : ittapi_config_apply_per_lib :  ITTAPI function not implemented: __itt_id_create
83275 : 0xd09de901bede : 2 : ittapi_config_apply_per_lib :  ITTAPI function not implemented: __itt_id_destroy
83275 : 0xd09de901c6eb : 2 : ittapi_config_apply_per_lib :  ITTAPI function instrumented: __itt_get_timestamp
83275 : 0xd09de901cf1e : 2 : ittapi_config_apply_per_lib :  ITTAPI function not implemented: __itt_region_begin
83275 : 0xd09de901d801 : 2 : ittapi_config_apply_per_lib :  ITTAPI function not implemented: __itt_region_end
83275 : 0xd09de901dfb3 : 2 : ittapi_config_apply_per_lib :  ITTAPI function instrumented: __itt_frame_begin_v3
83275 : 0xd09de9022fa0 : 2 : ittapi_config_apply_per_lib :  ITTAPI function instrumented: __itt_frame_end_v3
83275 : 0xd09de9023b9f : 2 : ittapi_config_apply_per_lib :  ITTAPI function instrumented: __itt_frame_submit_v3
83275 : 0xd09de90245f6 : 2 : ittapi_config_apply_per_lib :  ITTAPI function not implemented: __itt_task_group
83275 : 0xd09de9024eaf : 2 : ittapi_config_apply_per_lib :  ITTAPI function instrumented: __itt_task_begin
83275 : 0xd09de90256d0 : 2 : ittapi_config_apply_per_lib :  ITTAPI function instrumented: __itt_task_begin_fn
83275 : 0xd09de9025e45 : 2 : ittapi_config_apply_per_lib :  ITTAPI function instrumented: __itt_task_end
83275 : 0xd09de902677b : 2 : ittapi_config_apply_per_lib :  ITTAPI function not implemented: __itt_counter_inc_v3
83275 : 0xd09de90270b1 : 2 : ittapi_config_apply_per_lib :  ITTAPI function not implemented: __itt_counter_inc_delta_v3
83275 : 0xd09de90279f7 : 2 : ittapi_config_apply_per_lib :  ITTAPI function not implemented: __itt_counter_dec_v3
83275 : 0xd09de9028273 : 2 : ittapi_config_apply_per_lib :  ITTAPI function not implemented: __itt_counter_dec_delta_v3
83275 : 0xd09de902b031 : 2 : ittapi_config_apply_per_lib :  ITTAPI function not implemented: __itt_marker
83275 : 0xd09de902bcfd : 2 : ittapi_config_apply_per_lib :  ITTAPI function instrumented: __itt_metadata_add
83275 : 0xd09de902c66c : 2 : ittapi_config_apply_per_lib :  ITTAPI function not implemented: __itt_metadata_str_add
83275 : 0xd09de902cfde : 2 : ittapi_config_apply_per_lib :  ITTAPI function not implemented: __itt_relation_add_to_current
83275 : 0xd09de902d8da : 2 : ittapi_config_apply_per_lib :  ITTAPI function not implemented: __itt_relation_add
83275 : 0xd09de902e065 : 2 : ittapi_config_apply_per_lib :  ITTAPI function instrumented: __itt_event_create
83275 : 0xd09de902e7c6 : 2 : ittapi_config_apply_per_lib :  ITTAPI function instrumented: __itt_event_start
83275 : 0xd09de902ef73 : 2 : ittapi_config_apply_per_lib :  ITTAPI function instrumented: __itt_event_end
83275 : 0xd09de902f595 : 2 : ittapi_config_apply_per_lib :  ITTAPI function NOT instrumented (not matched by --itt-config option): __itt_sync_set_name

83275 : 0xd09de902fbd2 : 2 : ittapi_config_apply_per_lib :  ITTAPI function NOT instrumented (not matched by --itt-config option): __itt_notify_sync_name

83275 : 0xd09de903201e : 2 : ittapi_config_apply_per_lib :  ITTAPI function NOT instrumented (not matched by --itt-config option): __itt_notify_sync_prepare

83275 : 0xd09de9032785 : 2 : ittapi_config_apply_per_lib :  ITTAPI function NOT instrumented (not matched by --itt-config option): __itt_notify_sync_cancel

83275 : 0xd09de9032d8e : 2 : ittapi_config_apply_per_lib :  ITTAPI function NOT instrumented (not matched by --itt-config option): __itt_notify_sync_acquired

83275 : 0xd09de90333a7 : 2 : ittapi_config_apply_per_lib :  ITTAPI function NOT instrumented (not matched by --itt-config option): __itt_notify_sync_releasing

83275 : 0xd09de9033ebc : 2 : ittapi_config_apply_per_lib :  ITTAPI function not implemented: __itt_memory_read
83275 : 0xd09de90347ba : 2 : ittapi_config_apply_per_lib :  ITTAPI function not implemented: __itt_memory_write
83275 : 0xd09de90351c6 : 2 : ittapi_config_apply_per_lib :  ITTAPI function not implemented: __itt_memory_update
83275 : 0xd09de9035ac7 : 2 : ittapi_config_apply_per_lib :  ITTAPI function not implemented: __itt_state_get
83275 : 0xd09de903637a : 2 : ittapi_config_apply_per_lib :  ITTAPI function not implemented: __itt_state_set
83275 : 0xd09de9036bc9 : 2 : ittapi_config_apply_per_lib :  ITTAPI function not implemented: __itt_obj_mode_set
83275 : 0xd09de903c39e : 2 : ittapi_config_apply_per_lib :  ITTAPI function not implemented: __itt_thr_mode_set
83275 : 0xd09de903cfa2 : 2 : ittapi_config_apply_per_lib :  ITTAPI function instrumented: __itt_frame_create
83275 : 0xd09de903d6ce : 2 : ittapi_config_apply_per_lib :  ITTAPI function instrumented: __itt_pt_region_create
83275 : 0xd09de903df7d : 2 : ittapi_config_apply_per_lib :  ITTAPI function instrumented: __itt_frame_begin
83275 : 0xd09de903e6db : 2 : ittapi_config_apply_per_lib :  ITTAPI function instrumented: __itt_frame_end
83275 : 0xd09de903efff : 2 : ittapi_config_apply_per_lib :  ITTAPI function not implemented: __itt_counter_destroy
83275 : 0xd09de903f7eb : 2 : ittapi_config_apply_per_lib :  ITTAPI function instrumented: __itt_counter_inc
83275 : 0xd09de903ff60 : 2 : ittapi_config_apply_per_lib :  ITTAPI function instrumented: __itt_counter_inc_delta
83275 : 0xd09de904069f : 2 : ittapi_config_apply_per_lib :  ITTAPI function instrumented: __itt_counter_dec
83275 : 0xd09de9040e20 : 2 : ittapi_config_apply_per_lib :  ITTAPI function instrumented: __itt_counter_dec_delta
83275 : 0xd09de90437fc : 2 : ittapi_config_apply_per_lib :  ITTAPI function instrumented: __itt_counter_set_value
83275 : 0xd09de90443c9 : 2 : ittapi_config_apply_per_lib :  ITTAPI function not implemented: __itt_counter_set_value_ex
83275 : 0xd09de9044c4f : 2 : ittapi_config_apply_per_lib :  ITTAPI function not implemented: __itt_mark_create
83275 : 0xd09de90454ff : 2 : ittapi_config_apply_per_lib :  ITTAPI function not implemented: __itt_mark
83275 : 0xd09de9045e45 : 2 : ittapi_config_apply_per_lib :  ITTAPI function not implemented: __itt_mark_off
83275 : 0xd09de90467a0 : 2 : ittapi_config_apply_per_lib :  ITTAPI function not implemented: __itt_mark_global
83275 : 0xd09de904705e : 2 : ittapi_config_apply_per_lib :  ITTAPI function not implemented: __itt_mark_global_off
83275 : 0xd09de90476cc : 2 : ittapi_config_apply_per_lib :  ITTAPI function NOT instrumented (not matched by --itt-config option): __itt_stack_caller_create

83275 : 0xd09de9047d20 : 2 : ittapi_config_apply_per_lib :  ITTAPI function NOT instrumented (not matched by --itt-config option): __itt_stack_caller_destroy

83275 : 0xd09de90482f8 : 2 : ittapi_config_apply_per_lib :  ITTAPI function NOT instrumented (not matched by --itt-config option): __itt_stack_callee_enter

83275 : 0xd09de904a69b : 2 : ittapi_config_apply_per_lib :  ITTAPI function NOT instrumented (not matched by --itt-config option): __itt_stack_callee_leave

83275 : 0xd09de904b246 : 2 : ittapi_config_apply_per_lib :  ITTAPI function not implemented: __itt_clock_domain_create
83275 : 0xd09de904bb75 : 2 : ittapi_config_apply_per_lib :  ITTAPI function not implemented: __itt_clock_domain_reset
83275 : 0xd09de904c454 : 2 : ittapi_config_apply_per_lib :  ITTAPI function not implemented: __itt_id_create_ex
83275 : 0xd09de904ccdc : 2 : ittapi_config_apply_per_lib :  ITTAPI function not implemented: __itt_id_destroy_ex
83275 : 0xd09de904d55a : 2 : ittapi_config_apply_per_lib :  ITTAPI function not implemented: __itt_task_begin_ex
83275 : 0xd09de904dd61 : 2 : ittapi_config_apply_per_lib :  ITTAPI function not implemented: __itt_task_begin_fn_ex
83275 : 0xd09de904e5b2 : 2 : ittapi_config_apply_per_lib :  ITTAPI function not implemented: __itt_task_end_ex
83275 : 0xd09de904ede9 : 2 : ittapi_config_apply_per_lib :  ITTAPI function instrumented: __itt_task_begin_overlapped
83275 : 0xd09de904f66d : 2 : ittapi_config_apply_per_lib :  ITTAPI function not implemented: __itt_task_begin_overlapped_ex
83275 : 0xd09de9051e21 : 2 : ittapi_config_apply_per_lib :  ITTAPI function instrumented: __itt_task_end_overlapped
83275 : 0xd09de90529a3 : 2 : ittapi_config_apply_per_lib :  ITTAPI function not implemented: __itt_task_end_overlapped_ex
83275 : 0xd09de9053205 : 2 : ittapi_config_apply_per_lib :  ITTAPI function not implemented: __itt_marker_ex
83275 : 0xd09de9053b43 : 2 : ittapi_config_apply_per_lib :  ITTAPI function not implemented: __itt_metadata_add_with_scope
83275 : 0xd09de90543c9 : 2 : ittapi_config_apply_per_lib :  ITTAPI function not implemented: __itt_metadata_str_add_with_scope
83275 : 0xd09de9054caa : 2 : ittapi_config_apply_per_lib :  ITTAPI function not implemented: __itt_relation_add_to_current_ex
83275 : 0xd09de90554dd : 2 : ittapi_config_apply_per_lib :  ITTAPI function not implemented: __itt_relation_add_ex
83275 : 0xd09de9055d7d : 2 : ittapi_config_apply_per_lib :  ITTAPI function not implemented: __itt_track_group_create
83275 : 0xd09de905659e : 2 : ittapi_config_apply_per_lib :  ITTAPI function not implemented: __itt_track_create
83275 : 0xd09de9056dbf : 2 : ittapi_config_apply_per_lib :  ITTAPI function not implemented: __itt_set_track
83275 : 0xd09de905ab3a : 2 : ittapi_config_apply_per_lib :  ITTAPI function instrumented: __itt_api_version
83275 : 0xd09de905b7b7 : 2 : ittapi_config_apply_per_lib :  ITTAPI function not implemented: __itt_av_save
83275 : 0xd09de905c037 : 2 : ittapi_config_apply_per_lib :  ITTAPI function instrumented: __itt_module_load
83275 : 0xd09de905c918 : 2 : ittapi_config_apply_per_lib :  ITTAPI function not implemented: __itt_module_unload
83275 : 0xd09de905cedc : 2 : ittapi_config_apply_per_lib :  ITTAPI function NOT instrumented (not matched by --itt-config option): __itt_histogram_submit

83275 : 0xd09de905d6f9 : 2 : ittapi_config_apply_per_lib :  ITTAPI function instrumented: __itt_counter_set_value_v3