
74374 : 0xcf429789f9f1 : 1 : spill_jit_data :  Jit agent is not initialized
74356 : 0xcf42978a6125 : 2 : ittapi_config_mask_get :  --itt-config mask to be applied: 55
74356 : 0xcf42978a919d : 2 : ittapi_config_apply_per_lib :  ITTAPI function instrumented: __itt_domain_create
74356 : 0xcf42978a9c63 : 2 : ittapi_config_apply_per_lib :  ITTAPI function instrumented: __itt_module_load_with_sections
74356 : 0xcf42978aaf0e : 2 : ittapi_config_apply_per_lib :  ITTAPI function not implemented: __itt_module_unload_with_sections
74356 : 0xcf42978ab75f : 2 : ittapi_config_apply_per_lib :  ITTAPI function instrumented: __itt_string_handle_create
74356 : 0xcf42978abcd3 : 2 : ittapi_config_apply_per_lib :  ITTAPI function instrumented: __itt_counter_create
74356 : 0xcf42978ac1a4 : 2 : ittapi_config_apply_per_lib :  ITTAPI function instrumented: __itt_counter_create_typed
74356 : 0xcf42978ac74e : 2 : ittapi_config_apply_per_lib :  ITTAPI function instrumented: __itt_pause
74356 : 0xcf42978acd8a : 2 : ittapi_config_apply_per_lib :  ITTAPI function instrumented: __itt_resume
74356 : 0xcf42978b6ad6 : 2 : ittapi_config_apply_per_lib :  ITTAPI function instrumented: __itt_thread_set_name
74356 : 0xcf42978b706a : 2 : ittapi_config_apply_per_lib :  ITTAPI function instrumented: __itt_thread_ignore
74356 : 0xcf42978b7590 : 2 : ittapi_config_apply_per_lib :  ITTAPI function instrumented: __itt_thr_name_set
74356 : 0xcf42978b7b61 : 2 : ittapi_config_apply_per_lib :  ITTAPI function instrumented: __itt_thr_ignore
74356 : 0xcf42978b80b2 : 2 : ittapi_config_apply_per_lib :  ITTAPI function instrumented: __itt_histogram_create
74356 : 0xcf42978b889a : 2 : ittapi_config_apply_per_lib :  ITTAPI function not implemented: __itt_enable_attach
74356 : 0xcf42978b8e44 : 2 : ittapi_config_apply_per_lib :  ITTAPI function instrumented: __itt_detach
74356 : 0xcf42978b92ed : 2 : ittapi_config_apply_per_lib :  ITTAPI function NOT instrumented (not matched by --itt-config option): __itt_sync_create

74356 : 0xcf42978b984a : 2 : ittapi_config_apply_per_lib :  ITTAPI function NOT instrumented (not matched by --itt-config option): __itt_sync_rename

74356 : 0xcf42978b9bf8 : 2 : ittapi_config_apply_per_lib :  ITTAPI function NOT instrumented (not matched by --itt-config option): __itt_sync_destroy

74356 : 0xcf42978bb4eb : 2 : ittapi_config_apply_per_lib :  ITTAPI function NOT instrumented (not matched by --itt-config option): __itt_sync_prepare

74356 : 0xcf42978bb939 : 2 : ittapi_config_apply_per_lib :  ITTAPI function NOT instrumented (not matched by --itt-config option): __itt_sync_cancel

74356 : 0xcf42978bbd03 : 2 : ittapi_config_apply_per_lib :  ITTAPI function NOT instrumented (not matched by --itt-config option): __itt_sync_acquired

74356 : 0xcf42978bc176 : 2 : ittapi_config_apply_per_lib :  ITTAPI function NOT instrumented (not matched by --itt-config option): __itt_sync_releasing

74356 : 0xcf42978bc905 : 2 : ittapi_config_apply_per_lib :  ITTAPI function not implemented: __itt_suppress_push
74356 : 0xcf42978bd136 : 2 : ittapi_config_apply_per_lib :  ITTAPI function not implemented: __itt_suppress_pop
74356 : 0xcf42978bd803 : 2 : ittapi_config_apply_per_lib :  ITTAPI function not implemented: __itt_suppress_mark_range
74356 : 0xcf42978bdea2 : 2 : ittapi_config_apply_per_lib :  ITTAPI function not implemented: __itt_suppress_clear_range
74356 : 0xcf42978be261 : 2 : ittapi_config_apply_per_lib :  ITTAPI function NOT instrumented (not matched by --itt-config option): __itt_sync_prepare

74356 : 0xcf42978be5c4 : 2 : ittapi_config_apply_per_lib :  ITTAPI function NOT instrumented (not matched by --itt-config option): __itt_sync_cancel

74356 : 0xcf42978bfa3e : 2 : ittapi_config_apply_per_lib :  ITTAPI function NOT instrumented (not matched by --itt-config option): __itt_sync_acquired

74356 : 0xcf42978bfe06 : 2 : ittapi_config_apply_per_lib :  ITTAPI function NOT instrumented (not matched by --itt-config option): __itt_sync_releasing

74356 : 0xcf42978c0263 : 2 : ittapi_config_apply_per_lib :  ITTAPI function NOT instrumented (not matched by --itt-config option): __itt_model_site_begin

74356 : 0xcf42978c065a : 2 : ittapi_config_apply_per_lib :  ITTAPI function NOT instrumented (not matched by --itt-config option): __itt_model_site_end

74356 : 0xcf42978c0a7d : 2 : ittapi_config_apply_per_lib :  ITTAPI function NOT instrumented (not matched by --itt-config option): __itt_model_task_begin

74356 : 0xcf42978c0eee : 2 : ittapi_config_apply_per_lib :  ITTAPI function NOT instrumented (not matched by --itt-config option): __itt_model_task_end

74356 : 0xcf42978c1346 : 2 : ittapi_config_apply_per_lib :  ITTAPI function NOT instrumented (not matched by --itt-config option): __itt_model_lock_acquire

74356 : 0xcf42978c18e8 : 2 : ittapi_config_apply_per_lib :  ITTAPI function NOT instrumented (not matched by --itt-config option): __itt_model_lock_release

74356 : 0xcf42978c1d30 : 2 : ittapi_config_apply_per_lib :  ITTAPI function NOT instrumented (not matched by --itt-config option): __itt_model_record_allocation

74356 : 0xcf42978c2075 : 2 : ittapi_config_apply_per_lib :  ITTAPI function NOT instrumented (not matched by --itt-config option): __itt_model_record_deallocation

74356 : 0xcf42978c5060 : 2 : ittapi_config_apply_per_lib :  ITTAPI function NOT instrumented (not matched by --itt-config option): __itt_model_induction_uses

74356 : 0xcf42978c5488 : 2 : ittapi_config_apply_per_lib :  ITTAPI function NOT instrumented (not matched by --itt-config option): __itt_model_reduction_uses

74356 : 0xcf42978c57e1 : 2 : ittapi_config_apply_per_lib :  ITTAPI function NOT instrumented (not matched by --itt-config option): __itt_model_observe_uses

74356 : 0xcf42978c5afa : 2 : ittapi_config_apply_per_lib :  ITTAPI function NOT instrumented (not matched by --itt-config option): __itt_model_clear_uses

74356 : 0xcf42978c5e06 : 2 : ittapi_config_apply_per_lib :  ITTAPI function NOT instrumented (not matched by --itt-config option): __itt_model_site_beginA

74356 : 0xcf42978c6101 : 2 : ittapi_config_apply_per_lib :  ITTAPI function NOT instrumented (not matched by --itt-config option): __itt_model_site_beginAL

74356 : 0xcf42978c6401 : 2 : ittapi_config_apply_per_lib :  ITTAPI function NOT instrumented (not matched by --itt-config option): __itt_model_task_beginA

74356 : 0xcf42978c66e7 : 2 : ittapi_config_apply_per_lib :  ITTAPI function NOT instrumented (not matched by --itt-config option): __itt_model_task_beginAL

74356 : 0xcf42978c69d0 : 2 : ittapi_config_apply_per_lib :  ITTAPI function NOT instrumented (not matched by --itt-config option): __itt_model_iteration_taskA

74356 : 0xcf42978c6cba : 2 : ittapi_config_apply_per_lib :  ITTAPI function NOT instrumented (not matched by --itt-config option): __itt_model_iteration_taskAL

74356 : 0xcf42978c809a : 2 : ittapi_config_apply_per_lib :  ITTAPI function NOT instrumented (not matched by --itt-config option): __itt_model_site_end_2

74356 : 0xcf42978c8420 : 2 : ittapi_config_apply_per_lib :  ITTAPI function NOT instrumented (not matched by --itt-config option): __itt_model_task_end_2

74356 : 0xcf42978c8787 : 2 : ittapi_config_apply_per_lib :  ITTAPI function NOT instrumented (not matched by --itt-config option): __itt_model_lock_acquire_2

74356 : 0xcf42978c8aba : 2 : ittapi_config_apply_per_lib :  ITTAPI function NOT instrumented (not matched by --itt-config option): __itt_model_lock_release_2

74356 : 0xcf42978c8dcb : 2 : ittapi_config_apply_per_lib :  ITTAPI function NOT instrumented (not matched by --itt-config option): __itt_model_aggregate_task

74356 : 0xcf42978c90d5 : 2 : ittapi_config_apply_per_lib :  ITTAPI function NOT instrumented (not matched by --itt-config option): __itt_model_disable_push

74356 : 0xcf42978c93da : 2 : ittapi_config_apply_per_lib :  ITTAPI function NOT instrumented (not matched by --itt-config option): __itt_model_disable_pop

74356 : 0xcf42978c99c2 : 2 : ittapi_config_apply_per_lib :  ITTAPI function instrumented: __itt_heap_function_create
74356 : 0xcf42978c9fab : 2 : ittapi_config_apply_per_lib :  ITTAPI function instrumented: __itt_heap_allocate_begin
74356 : 0xcf42978ca419 : 2 : ittapi_config_apply_per_lib :  ITTAPI function instrumented: __itt_heap_allocate_end
74356 : 0xcf42978cc40d : 2 : ittapi_config_apply_per_lib :  ITTAPI function instrumented: __itt_heap_free_begin
74356 : 0xcf42978cc985 : 2 : ittapi_config_apply_per_lib :  ITTAPI function instrumented: __itt_heap_free_end
74356 : 0xcf42978cced6 : 2 : ittapi_config_apply_per_lib :  ITTAPI function instrumented: __itt_heap_reallocate_begin
74356 : 0xcf42978cd31a : 2 : ittapi_config_apply_per_lib :  ITTAPI function instrumented: __itt_heap_reallocate_end
74356 : 0xcf42978cd908 : 2 : ittapi_config_apply_per_lib :  ITTAPI function not implemented: __itt_heap_internal_access_begin
74356 : 0xcf42978cdf89 : 2 : ittapi_config_apply_per_lib :  ITTAPI function not implemented: __itt_heap_internal_access_end
74356 : 0xcf42978ce58c : 2 : ittapi_config_apply_per_lib :  ITTAPI function not implemented: __itt_heap_record_memory_growth_begin
74356 : 0xcf42978ceb95 : 2 : ittapi_config_apply_per_lib :  ITTAPI function not implemented: __itt_heap_record_memory_growth_end
74356 : 0xcf42978cf1c6 : 2 : ittapi_config_apply_per_lib :  ITTAPI function not implemented: __itt_heap_reset_detection
74356 : 0xcf42978cf97e : 2 : ittapi_config_apply_per_lib :  ITTAPI function not implemented: __itt_heap_record
74356 : 0xcf42978d1116 : 2 : ittapi_config_apply_per_lib :  ITTAPI function not implemented: __itt_id_create
74356 : 0xcf42978d186d : 2 : ittapi_config_apply_per_lib :  ITTAPI function not implemented: __itt_id_destroy
74356 : 0xcf42978d1ebc : 2 : ittapi_config_apply_per_lib :  ITTAPI function instrumented: __itt_get_timestamp
74356 : 0xcf42978d24ad : 2 : ittapi_config_apply_per_lib :  ITTAPI function not implemented: __itt_region_begin
74356 : 0xcf42978d2a53 : 2 : ittapi_config_apply_per_lib :  ITTAPI function not implemented: __itt_region_end
74356 : 0xcf42978d3087 : 2 : ittapi_config_apply_per_lib :  ITTAPI function instrumented: __itt_frame_begin_v3
74356 : 0xcf42978d35d3 : 2 : ittapi_config_apply_per_lib :  ITTAPI function instrumented: __itt_frame_end_v3
74356 : 0xcf42978d3ac9 : 2 : ittapi_config_apply_per_lib :  ITTAPI function instrumented: __itt_frame_submit_v3
74356 : 0xcf42978d40d4 : 2 : ittapi_config_apply_per_lib :  ITTAPI function not implemented: __itt_task_group
74356 : 0xcf42978d467a : 2 : ittapi_config_apply_per_lib :  ITTAPI function instrumented: __itt_task_begin
74356 : 0xcf42978d5c3e : 2 : ittapi_config_apply_per_lib :  ITTAPI function instrumented: __itt_task_begin_fn
74356 : 0xcf42978d61d5 : 2 : ittapi_config_apply_per_lib :  ITTAPI function instrumented: __itt_task_end
74356 : 0xcf42978d6872 : 2 : ittapi_config_apply_per_lib :  ITTAPI function not implemented: __itt_counter_inc_v3
74356 : 0xcf42978d6f6b : 2 : ittapi_config_apply_per_lib :  ITTAPI function not implemented: __itt_counter_inc_delta_v3
74356 : 0xcf42978d7578 : 2 : ittapi_config_apply_per_lib :  ITTAPI function not implemented: __itt_counter_dec_v3
74356 : 0xcf42978d7ae6 : 2 : ittapi_config_apply_per_lib :  ITTAPI function not implemented: __itt_counter_dec_delta_v3
74356 : 0xcf42978d81db : 2 : ittapi_config_apply_per_lib :  ITTAPI function not implemented: __itt_marker
74356 : 0xcf42978d882f : 2 : ittapi_config_apply_per_lib :  ITTAPI function instrumented: __itt_metadata_add
74356 : 0xcf42978d8f08 : 2 : ittapi_config_apply_per_lib :  ITTAPI function not implemented: __itt_metadata_str_add
74356 : 0xcf42978d950d : 2 : ittapi_config_apply_per_lib :  ITTAPI function not implemented: __itt_relation_add_to_current
74356 : 0xcf42978dac5d : 2 : ittapi_config_apply_per_lib :  ITTAPI function not implemented: __itt_relation_add
74356 : 0xcf42978db1d8 : 2 : ittapi_config_apply_per_lib :  ITTAPI function instrumented: __itt_event_create
74356 : 0xcf42978db768 : 2 : ittapi_config_apply_per_lib :  ITTAPI function instrumented: __itt_event_start
74356 : 0xcf42978dbc72 : 2 : ittapi_config_apply_per_lib :  ITTAPI function instrumented: __itt_event_end
74356 : 0xcf42978dc08e : 2 : ittapi_config_apply_per_lib :  ITTAPI function NOT instrumented (not matched by --itt-config option): __itt_sync_set_name

74356 : 0xcf42978dc4b9 : 2 : ittapi_config_apply_per_lib :  ITTAPI function NOT instrumented (not matched by --itt-config option): __itt_notify_sync_name

74356 : 0xcf42978dc8a0 : 2 : ittapi_config_apply_per_lib :  ITTAPI function NOT instrumented (not matched by --itt-config option): __itt_notify_sync_prepare

74356 : 0xcf42978dcc43 : 2 : ittapi_config_apply_per_lib :  ITTAPI function NOT instrumented (not matched by --itt-config option): __itt_notify_sync_cancel

74356 : 0xcf42978dd013 : 2 : ittapi_config_apply_per_lib :  ITTAPI function NOT instrumented (not matched by --itt-config option): __itt_notify_sync_acquired

74356 : 0xcf42978dd369 : 2 : ittapi_config_apply_per_lib :  ITTAPI function NOT instrumented (not matched by --itt-config option): __itt_notify_sync_releasing

74356 : 0xcf42978df6f1 : 2 : ittapi_config_apply_per_lib :  ITTAPI function not implemented: __itt_memory_read
74356 : 0xcf42978dfdea : 2 : ittapi_config_apply_per_lib :  ITTAPI function not implemented: __itt_memory_write
74356 : 0xcf42978e04b9 : 2 : ittapi_config_apply_per_lib :  ITTAPI function not implemented: __itt_memory_update
74356 : 0xcf42978e0b15 : 2 : ittapi_config_apply_per_lib :  ITTAPI function not implemented: __itt_state_get
74356 : 0xcf42978e10bd : 2 : ittapi_config_apply_per_lib :  ITTAPI function not implemented: __itt_state_set
74356 : 0xcf42978e16a4 : 2 : ittapi_config_apply_per_lib :  ITTAPI function not implemented: __itt_obj_mode_set
74356 : 0xcf42978e1c60 : 2 : ittapi_config_apply_per_lib :  ITTAPI function not implemented: __itt_thr_mode_set
74356 : 0xcf42978e2142 : 2 : ittapi_config_apply_per_lib :  ITTAPI function instrumented: __itt_frame_create
74356 : 0xcf42978e2648 : 2 : ittapi_config_apply_per_lib :  ITTAPI function instrumented: __itt_pt_region_create
74356 : 0xcf42978e2c26 : 2 : ittapi_config_apply_per_lib :  ITTAPI function instrumented: __itt_frame_begin
74356 : 0xcf42978e43f9 : 2 : ittapi_config_apply_per_lib :  ITTAPI function instrumented: __itt_frame_end
74356 : 0xcf42978e4a98 : 2 : ittapi_config_apply_per_lib :  ITTAPI function not implemented: __itt_counter_destroy
74356 : 0xcf42978e50a3 : 2 : ittapi_config_apply_per_lib :  ITTAPI function instrumented: __itt_counter_inc
74356 : 0xcf42978e55ea : 2 : ittapi_config_apply_per_lib :  ITTAPI function instrumented: __itt_counter_inc_delta
74356 : 0xcf42978e5a9f : 2 : ittapi_config_apply_per_lib :  ITTAPI function instrumented: __itt_counter_dec
74356 : 0xcf42978e6014 : 2 : ittapi_config_apply_per_lib :  ITTAPI function instrumented: __itt_counter_dec_delta
74356 : 0xcf42978e64be : 2 : ittapi_config_apply_per_lib :  ITTAPI function instrumented: __itt_counter_set_value
74356 : 0xcf42978e6a66 : 2 : ittapi_config_apply_per_lib :  ITTAPI function not implemented: __itt_counter_set_value_ex
74356 : 0xcf42978e7038 : 2 : ittapi_config_apply_per_lib :  ITTAPI function not implemented: __itt_mark_create
74356 : 0xcf42978e7651 : 2 : ittapi_config_apply_per_lib :  ITTAPI function not implemented: __itt_mark
74356 : 0xcf42978e8da3 : 2 : ittapi_config_apply_per_lib :  ITTAPI function not implemented: __itt_mark_off
74356 : 0xcf42978e93f8 : 2 : ittapi_config_apply_per_lib :  ITTAPI function not implemented: __itt_mark_global
74356 : 0xcf42978e9a6b : 2 : ittapi_config_apply_per_lib :  ITTAPI function not implemented: __itt_mark_global_off
74356 : 0xcf42978ea15c : 2 : ittapi_config_apply_per_lib :  ITTAPI function instrumented: __itt_stack_caller_create
74356 : 0xcf42978ea68d : 2 : ittapi_config_apply_per_lib :  ITTAPI function instrumented: __itt_stack_caller_destroy
74356 : 0xcf42978eabaf : 2 : ittapi_config_apply_per_lib :  ITTAPI function instrumented: __itt_stack_callee_enter
74356 : 0xcf42978eb04a : 2 : ittapi_config_apply_per_lib :  ITTAPI function instrumented: __itt_stack_callee_leave
74356 : 0xcf42978eb600 : 2 : ittapi_config_apply_per_lib :  ITTAPI function not implemented: __itt_clock_domain_create
74356 : 0xcf42978ebc30 : 2 : ittapi_config_apply_per_lib :  ITTAPI function not implemented: __itt_clock_domain_reset
74356 : 0xcf42978ec277 : 2 : ittapi_config_apply_per_lib :  ITTAPI function not implemented: __itt_id_create_ex
74356 : 0xcf42978ef2e6 : 2 : ittapi_config_apply_per_lib :  ITTAPI function not implemented: __itt_id_destroy_ex
74356 : 0xcf42978ef93f : 2 : ittapi_config_apply_per_lib :  ITTAPI function not implemented: __itt_task_begin_ex
74356 : 0xcf42978efeef : 2 : ittapi_config_apply_per_lib :  ITTAPI function not implemented: __itt_task_begin_fn_ex
74356 : 0xcf42978f04ca : 2 : ittapi_config_apply_per_lib :  ITTAPI function not implemented: __itt_task_end_ex
74356 : 0xcf42978f0a62 : 2 : ittapi_config_apply_per_lib :  ITTAPI function instrumented: __itt_task_begin_overlapped
74356 : 0xcf42978f0ff3 : 2 : ittapi_config_apply_per_lib :  ITTAPI function not implemented: __itt_task_begin_overlapped_ex
74356 : 0xcf42978f1581 : 2 : ittapi_config_apply_per_lib :  ITTAPI function instrumented: __itt_task_end_overlapped
74356 : 0xcf42978f1ac2 : 2 : ittapi_config_apply_per_lib :  ITTAPI function not implemented: __itt_task_end_overlapped_ex
74356 : 0xcf42978f2055 : 2 : ittapi_config_apply_per_lib :  ITTAPI function not implemented: __itt_marker_ex
74356 : 0xcf42978f2786 : 2 : ittapi_config_apply_per_lib :  ITTAPI function not implemented: __itt_metadata_add_with_scope
74356 : 0xcf42978f3f1a : 2 : ittapi_config_apply_per_lib :  ITTAPI function not implemented: __itt_metadata_str_add_with_scope
74356 : 0xcf42978f4596 : 2 : ittapi_config_apply_per_lib :  ITTAPI function not implemented: __itt_relation_add_to_current_ex
74356 : 0xcf42978f4bb7 : 2 : ittapi_config_apply_per_lib :  ITTAPI function not implemented: __itt_relation_add_ex
74356 : 0xcf42978f51df : 2 : ittapi_config_apply_per_lib :  ITTAPI function not implemented: __itt_track_group_create
74356 : 0xcf42978f5758 : 2 : ittapi_config_apply_per_lib :  ITTAPI function not implemented: __itt_track_create
74356 : 0xcf42978f5d18 : 2 : ittapi_config_apply_per_lib :  ITTAPI function not implemented: __itt_set_track
74356 : 0xcf42978f624f : 2 : ittapi_config_apply_per_lib :  ITTAPI function instrumented: __itt_api_version
74356 : 0xcf42978f6817 : 2 : ittapi_config_apply_per_lib :  ITTAPI function not implemented: __itt_av_save
74356 : 0xcf42978f6d03 : 2 : ittapi_config_apply_per_lib :  ITTAPI function instrumented: __itt_module_load
74356 : 0xcf42978f7287 : 2 : ittapi_config_apply_per_lib :  ITTAPI function not implemented: __itt_module_unload
74356 : 0xcf42978f877e : 2 : ittapi_config_apply_per_lib :  ITTAPI function NOT instrumented (not matched by --itt-config option): __itt_histogram_submit

74356 : 0xcf42aa21dce4 : 2 : ittapi_config_mask_get :  --itt-config mask to be applied: 55
74356 : 0xcf42aa22127e : 2 : ittapi_config_apply_per_lib :  ITTAPI function instrumented: __itt_domain_create
74356 : 0xcf42aa221d04 : 2 : ittapi_config_apply_per_lib :  ITTAPI function instrumented: __itt_module_load_with_sections
74356 : 0xcf42aa222650 : 2 : ittapi_config_apply_per_lib :  ITTAPI function not implemented: __itt_module_unload_with_sections
74356 : 0xcf42aa222ec6 : 2 : ittapi_config_apply_per_lib :  ITTAPI function instrumented: __itt_string_handle_create
74356 : 0xcf42aa223649 : 2 : ittapi_config_apply_per_lib :  ITTAPI function instrumented: __itt_counter_create
74356 : 0xcf42aa223c5c : 2 : ittapi_config_apply_per_lib :  ITTAPI function instrumented: __itt_counter_create_typed
74356 : 0xcf42aa224294 : 2 : ittapi_config_apply_per_lib :  ITTAPI function instrumented: __itt_pause
74356 : 0xcf42aa224882 : 2 : ittapi_config_apply_per_lib :  ITTAPI function instrumented: __itt_resume
74356 : 0xcf42aa230dd3 : 2 : ittapi_config_apply_per_lib :  ITTAPI function not implemented: __itt_pause_scoped
74356 : 0xcf42aa2315e8 : 2 : ittapi_config_apply_per_lib :  ITTAPI function not implemented: __itt_resume_scoped
74356 : 0xcf42aa231ce6 : 2 : ittapi_config_apply_per_lib :  ITTAPI function instrumented: __itt_thread_set_name
74356 : 0xcf42aa232280 : 2 : ittapi_config_apply_per_lib :  ITTAPI function instrumented: __itt_thread_ignore
74356 : 0xcf42aa232852 : 2 : ittapi_config_apply_per_lib :  ITTAPI function instrumented: __itt_thr_name_set
74356 : 0xcf42aa232e47 : 2 : ittapi_config_apply_per_lib :  ITTAPI function instrumented: __itt_thr_ignore
74356 : 0xcf42aa2333b0 : 2 : ittapi_config_apply_per_lib :  ITTAPI function instrumented: __itt_histogram_create
74356 : 0xcf42aa233911 : 2 : ittapi_config_apply_per_lib :  ITTAPI function instrumented: __itt_counter_create_v3
74356 : 0xcf42aa233f55 : 2 : ittapi_config_apply_per_lib :  ITTAPI function instrumented: __itt_bind_context_metadata_to_counter
74356 : 0xcf42aa2345b7 : 2 : ittapi_config_apply_per_lib :  ITTAPI function not implemented: __itt_enable_attach
74356 : 0xcf42aa23a430 : 2 : ittapi_config_apply_per_lib :  ITTAPI function instrumented: __itt_detach
74356 : 0xcf42aa23a994 : 2 : ittapi_config_apply_per_lib :  ITTAPI function NOT instrumented (not matched by --itt-config option): __itt_sync_create

74356 : 0xcf42aa23aed6 : 2 : ittapi_config_apply_per_lib :  ITTAPI function NOT instrumented (not matched by --itt-config option): __itt_sync_rename

74356 : 0xcf42aa23b2bf : 2 : ittapi_config_apply_per_lib :  ITTAPI function NOT instrumented (not matched by --itt-config option): __itt_sync_destroy

74356 : 0xcf42aa23b6a4 : 2 : ittapi_config_apply_per_lib :  ITTAPI function NOT instrumented (not matched by --itt-config option): __itt_sync_prepare

74356 : 0xcf42aa23ba7f : 2 : ittapi_config_apply_per_lib :  ITTAPI function NOT instrumented (not matched by --itt-config option): __itt_sync_cancel

74356 : 0xcf42aa23bdd3 : 2 : ittapi_config_apply_per_lib :  ITTAPI function NOT instrumented (not matched by --itt-config option): __itt_sync_acquired

74356 : 0xcf42aa23c138 : 2 : ittapi_config_apply_per_lib :  ITTAPI function NOT instrumented (not matched by --itt-config option): __itt_sync_releasing

74356 : 0xcf42aa23c82e : 2 : ittapi_config_apply_per_lib :  ITTAPI function not implemented: __itt_suppress_push
74356 : 0xcf42aa23d151 : 2 : ittapi_config_apply_per_lib :  ITTAPI function not implemented: __itt_suppress_pop
74356 : 0xcf42aa23ea1d : 2 : ittapi_config_apply_per_lib :  ITTAPI function not implemented: __itt_suppress_mark_range
74356 : 0xcf42aa23f196 : 2 : ittapi_config_apply_per_lib :  ITTAPI function not implemented: __itt_suppress_clear_range
74356 : 0xcf42aa23f561 : 2 : ittapi_config_apply_per_lib :  ITTAPI function NOT instrumented (not matched by --itt-config option): __itt_sync_prepare

74356 : 0xcf42aa23f928 : 2 : ittapi_config_apply_per_lib :  ITTAPI function NOT instrumented (not matched by --itt-config option): __itt_sync_cancel

74356 : 0xcf42aa23fc85 : 2 : ittapi_config_apply_per_lib :  ITTAPI function NOT instrumented (not matched by --itt-config option): __itt_sync_acquired

74356 : 0xcf42aa23ff96 : 2 : ittapi_config_apply_per_lib :  ITTAPI function NOT instrumented (not matched by --itt-config option): __itt_sync_releasing

74356 : 0xcf42aa2403b3 : 2 : ittapi_config_apply_per_lib :  ITTAPI function NOT instrumented (not matched by --itt-config option): __itt_model_site_begin

74356 : 0xcf42aa2407cd : 2 : ittapi_config_apply_per_lib :  ITTAPI function NOT instrumented (not matched by --itt-config option): __itt_model_site_end

74356 : 0xcf42aa240ba1 : 2 : ittapi_config_apply_per_lib :  ITTAPI function NOT instrumented (not matched by --itt-config option): __itt_model_task_begin

74356 : 0xcf42aa240fbd : 2 : ittapi_config_apply_per_lib :  ITTAPI function NOT instrumented (not matched by --itt-config option): __itt_model_task_end

74356 : 0xcf42aa2424b0 : 2 : ittapi_config_apply_per_lib :  ITTAPI function NOT instrumented (not matched by --itt-config option): __itt_model_lock_acquire

74356 : 0xcf42aa242a6c : 2 : ittapi_config_apply_per_lib :  ITTAPI function NOT instrumented (not matched by --itt-config option): __itt_model_lock_release

74356 : 0xcf42aa242eba : 2 : ittapi_config_apply_per_lib :  ITTAPI function NOT instrumented (not matched by --itt-config option): __itt_model_record_allocation

74356 : 0xcf42aa243210 : 2 : ittapi_config_apply_per_lib :  ITTAPI function NOT instrumented (not matched by --itt-config option): __itt_model_record_deallocation

74356 : 0xcf42aa243508 : 2 : ittapi_config_apply_per_lib :  ITTAPI function NOT instrumented (not matched by --itt-config option): __itt_model_induction_uses

74356 : 0xcf42aa2437fa : 2 : ittapi_config_apply_per_lib :  ITTAPI function NOT instrumented (not matched by --itt-config option): __itt_model_reduction_uses

74356 : 0xcf42aa243aeb : 2 : ittapi_config_apply_per_lib :  ITTAPI function NOT instrumented (not matched by --itt-config option): __itt_model_observe_uses

74356 : 0xcf42aa243dd3 : 2 : ittapi_config_apply_per_lib :  ITTAPI function NOT instrumented (not matched by --itt-config option): __itt_model_clear_uses

74356 : 0xcf42aa2440bd : 2 : ittapi_config_apply_per_lib :  ITTAPI function NOT instrumented (not matched by --itt-config option): __itt_model_site_beginA

74356 : 0xcf42aa2443a3 : 2 : ittapi_config_apply_per_lib :  ITTAPI function NOT instrumented (not matched by --itt-config option): __itt_model_site_beginAL

74356 : 0xcf42aa246350 : 2 : ittapi_config_apply_per_lib :  ITTAPI function NOT instrumented (not matched by --itt-config option): __itt_model_task_beginA

74356 : 0xcf42aa24671d : 2 : ittapi_config_apply_per_lib :  ITTAPI function NOT instrumented (not matched by --itt-config option): __itt_model_task_beginAL

74356 : 0xcf42aa246a60 : 2 : ittapi_config_apply_per_lib :  ITTAPI function NOT instrumented (not matched by --itt-config option): __itt_model_iteration_taskA

74356 : 0xcf42aa246d75 : 2 : ittapi_config_apply_per_lib :  ITTAPI function NOT instrumented (not matched by --itt-config option): __itt_model_iteration_taskAL

74356 : 0xcf42aa24707f : 2 : ittapi_config_apply_per_lib :  ITTAPI function NOT instrumented (not matched by --itt-config option): __itt_model_site_end_2

74356 : 0xcf42aa247380 : 2 : ittapi_config_apply_per_lib :  ITTAPI function NOT instrumented (not matched by --itt-config option): __itt_model_task_end_2

74356 : 0xcf42aa247670 : 2 : ittapi_config_apply_per_lib :  ITTAPI function NOT instrumented (not matched by --itt-config option): __itt_model_lock_acquire_2

74356 : 0xcf42aa247958 : 2 : ittapi_config_apply_per_lib :  ITTAPI function NOT instrumented (not matched by --itt-config option): __itt_model_lock_release_2

74356 : 0xcf42aa247c44 : 2 : ittapi_config_apply_per_lib :  ITTAPI function NOT instrumented (not matched by --itt-config option): __itt_model_aggregate_task

74356 : 0xcf42aa247f24 : 2 : ittapi_config_apply_per_lib :  ITTAPI function NOT instrumented (not matched by --itt-config option): __itt_model_disable_push

74356 : 0xcf42aa2492a3 : 2 : ittapi_config_apply_per_lib :  ITTAPI function NOT instrumented (not matched by --itt-config option): __itt_model_disable_pop

74356 : 0xcf42aa2498ef : 2 : ittapi_config_apply_per_lib :  ITTAPI function instrumented: __itt_heap_function_create
74356 : 0xcf42aa249ec3 : 2 : ittapi_config_apply_per_lib :  ITTAPI function instrumented: __itt_heap_allocate_begin
74356 : 0xcf42aa24a32e : 2 : ittapi_config_apply_per_lib :  ITTAPI function instrumented: __itt_heap_allocate_end
74356 : 0xcf42aa24a7b7 : 2 : ittapi_config_apply_per_lib :  ITTAPI function instrumented: __itt_heap_free_begin
74356 : 0xcf42aa24ac3f : 2 : ittapi_config_apply_per_lib :  ITTAPI function instrumented: __itt_heap_free_end
74356 : 0xcf42aa24b11b : 2 : ittapi_config_apply_per_lib :  ITTAPI function instrumented: __itt_heap_reallocate_begin
74356 : 0xcf42aa24b58b : 2 : ittapi_config_apply_per_lib :  ITTAPI function instrumented: __itt_heap_reallocate_end
74356 : 0xcf42aa24bb99 : 2 : ittapi_config_apply_per_lib :  ITTAPI function not implemented: __itt_heap_internal_access_begin
74356 : 0xcf42aa24c2b2 : 2 : ittapi_config_apply_per_lib :  ITTAPI function not implemented: __itt_heap_internal_access_end
74356 : 0xcf42aa24da53 : 2 : ittapi_config_apply_per_lib :  ITTAPI function not implemented: __itt_heap_record_memory_growth_begin
74356 : 0xcf42aa24e0af : 2 : ittapi_config_apply_per_lib :  ITTAPI function not implemented: __itt_heap_record_memory_growth_end
74356 : 0xcf42aa24e721 : 2 : ittapi_config_apply_per_lib :  ITTAPI function not implemented: __itt_heap_reset_detection
74356 : 0xcf42aa24edba : 2 : ittapi_config_apply_per_lib :  ITTAPI function not implemented: __itt_heap_record
74356 : 0xcf42aa24f46a : 2 : ittapi_config_apply_per_lib :  ITTAPI function not implemented: __itt_id_create
74356 : 0xcf42aa24faa6 : 2 : ittapi_config_apply_per_lib :  ITTAPI function not implemented: __itt_id_destroy
74356 : 0xcf42aa2500e7 : 2 : ittapi_config_apply_per_lib :  ITTAPI function instrumented: __itt_get_timestamp
74356 : 0xcf42aa250655 : 2 : ittapi_config_apply_per_lib :  ITTAPI function not implemented: __itt_region_begin
74356 : 0xcf42aa250c72 : 2 : ittapi_config_apply_per_lib :  ITTAPI function not implemented: __itt_region_end
74356 : 0xcf42aa2511d3 : 2 : ittapi_config_apply_per_lib :  ITTAPI function instrumented: __itt_frame_begin_v3
74356 : 0xcf42aa2532da : 2 : ittapi_config_apply_per_lib :  ITTAPI function instrumented: __itt_frame_end_v3
74356 : 0xcf42aa2538b2 : 2 : ittapi_config_apply_per_lib :  ITTAPI function instrumented: __itt_frame_submit_v3
74356 : 0xcf42aa253f18 : 2 : ittapi_config_apply_per_lib :  ITTAPI function not implemented: __itt_task_group
74356 : 0xcf42aa2544f1 : 2 : ittapi_config_apply_per_lib :  ITTAPI function instrumented: __itt_task_begin
74356 : 0xcf42aa254a6a : 2 : ittapi_config_apply_per_lib :  ITTAPI function instrumented: __itt_task_begin_fn
74356 : 0xcf42aa255192 : 2 : ittapi_config_apply_per_lib :  ITTAPI function instrumented: __itt_task_end
74356 : 0xcf42aa2557aa : 2 : ittapi_config_apply_per_lib :  ITTAPI function not implemented: __itt_counter_inc_v3
74356 : 0xcf42aa255dd1 : 2 : ittapi_config_apply_per_lib :  ITTAPI function not implemented: __itt_counter_inc_delta_v3
74356 : 0xcf42aa2563b5 : 2 : ittapi_config_apply_per_lib :  ITTAPI function not implemented: __itt_counter_dec_v3
74356 : 0xcf42aa256965 : 2 : ittapi_config_apply_per_lib :  ITTAPI function not implemented: __itt_counter_dec_delta_v3
74356 : 0xcf42aa257fd5 : 2 : ittapi_config_apply_per_lib :  ITTAPI function not implemented: __itt_marker
74356 : 0xcf42aa258630 : 2 : ittapi_config_apply_per_lib :  ITTAPI function instrumented: __itt_metadata_add
74356 : 0xcf42aa258d79 : 2 : ittapi_config_apply_per_lib :  ITTAPI function not implemented: __itt_metadata_str_add
74356 : 0xcf42aa2593b6 : 2 : ittapi_config_apply_per_lib :  ITTAPI function not implemented: __itt_relation_add_to_current
74356 : 0xcf42aa259a02 : 2 : ittapi_config_apply_per_lib :  ITTAPI function not implemented: __itt_relation_add
74356 : 0xcf42aa259f49 : 2 : ittapi_config_apply_per_lib :  ITTAPI function instrumented: __itt_event_create
74356 : 0xcf42aa25a496 : 2 : ittapi_config_apply_per_lib :  ITTAPI function instrumented: __itt_event_start
74356 : 0xcf42aa25a9d3 : 2 : ittapi_config_apply_per_lib :  ITTAPI function instrumented: __itt_event_end
74356 : 0xcf42aa25ade6 : 2 : ittapi_config_apply_per_lib :  ITTAPI function NOT instrumented (not matched by --itt-config option): __itt_sync_set_name

74356 : 0xcf42aa25b216 : 2 : ittapi_config_apply_per_lib :  ITTAPI function NOT instrumented (not matched by --itt-config option): __itt_notify_sync_name

74356 : 0xcf42aa25c6cc : 2 : ittapi_config_apply_per_lib :  ITTAPI function NOT instrumented (not matched by --itt-config option): __itt_notify_sync_prepare

74356 : 0xcf42aa25cc13 : 2 : ittapi_config_apply_per_lib :  ITTAPI function NOT instrumented (not matched by --itt-config option): __itt_notify_sync_cancel

74356 : 0xcf42aa25d059 : 2 : ittapi_config_apply_per_lib :  ITTAPI function NOT instrumented (not matched by --itt-config option): __itt_notify_sync_acquired

74356 : 0xcf42aa25d3db : 2 : ittapi_config_apply_per_lib :  ITTAPI function NOT instrumented (not matched by --itt-config option): __itt_notify_sync_releasing

74356 : 0xcf42aa25da02 : 2 : ittapi_config_apply_per_lib :  ITTAPI function not implemented: __itt_memory_read
74356 : 0xcf42aa25e04e : 2 : ittapi_config_apply_per_lib :  ITTAPI function not implemented: __itt_memory_write
74356 : 0xcf42aa25e6ef : 2 : ittapi_config_apply_per_lib :  ITTAPI function not implemented: __itt_memory_update
74356 : 0xcf42aa25ecfe : 2 : ittapi_config_apply_per_lib :  ITTAPI function not implemented: __itt_state_get
74356 : 0xcf42aa25f287 : 2 : ittapi_config_apply_per_lib :  ITTAPI function not implemented: __itt_state_set
74356 : 0xcf42aa25f85a : 2 : ittapi_config_apply_per_lib :  ITTAPI function not implemented: __itt_obj_mode_set
74356 : 0xcf42aa2618f3 : 2 : ittapi_config_apply_per_lib :  ITTAPI function not implemented: __itt_thr_mode_set
74356 : 0xcf42aa261eea : 2 : ittapi_config_apply_per_lib :  ITTAPI function instrumented: __itt_frame_create
74356 : 0xcf42aa262433 : 2 : ittapi_config_apply_per_lib :  ITTAPI function instrumented: __itt_pt_region_create
74356 : 0xcf42aa2629f9 : 2 : ittapi_config_apply_per_lib :  ITTAPI function instrumented: __itt_frame_begin
74356 : 0xcf42aa262f2e : 2 : ittapi_config_apply_per_lib :  ITTAPI function instrumented: __itt_frame_end
74356 : 0xcf42aa26353d : 2 : ittapi_config_apply_per_lib :  ITTAPI function not implemented: __itt_counter_destroy
74356 : 0xcf42aa263aaa : 2 : ittapi_config_apply_per_lib :  ITTAPI function instrumented: __itt_counter_inc
74356 : 0xcf42aa263fff : 2 : ittapi_config_apply_per_lib :  ITTAPI function instrumented: __itt_counter_inc_delta
74356 : 0xcf42aa2644cf : 2 : ittapi_config_apply_per_lib :  ITTAPI function instrumented: __itt_counter_dec
74356 : 0xcf42aa264a18 : 2 : ittapi_config_apply_per_lib :  ITTAPI function instrumented: __itt_counter_dec_delta
74356 : 0xcf42aa265f29 : 2 : ittapi_config_apply_per_lib :  ITTAPI function instrumented: __itt_counter_set_value
74356 : 0xcf42aa26660a : 2 : ittapi_config_apply_per_lib :  ITTAPI function not implemented: __itt_counter_set_value_ex
74356 : 0xcf42aa266c09 : 2 : ittapi_config_apply_per_lib :  ITTAPI function not implemented: __itt_mark_create
74356 : 0xcf42aa267226 : 2 : ittapi_config_apply_per_lib :  ITTAPI function not implemented: __itt_mark
74356 : 0xcf42aa267835 : 2 : ittapi_config_apply_per_lib :  ITTAPI function not implemented: __itt_mark_off
74356 : 0xcf42aa267e67 : 2 : ittapi_config_apply_per_lib :  ITTAPI function not implemented: __itt_mark_global
74356 : 0xcf42aa268478 : 2 : ittapi_config_apply_per_lib :  ITTAPI function not implemented: __itt_mark_global_off
74356 : 0xcf42aa268ada : 2 : ittapi_config_apply_per_lib :  ITTAPI function instrumented: __itt_stack_caller_create
74356 : 0xcf42aa26904d : 2 : ittapi_config_apply_per_lib :  ITTAPI function instrumented: __itt_stack_caller_destroy
74356 : 0xcf42aa269588 : 2 : ittapi_config_apply_per_lib :  ITTAPI function instrumented: __itt_stack_callee_enter
74356 : 0xcf42aa26aa14 : 2 : ittapi_config_apply_per_lib :  ITTAPI function instrumented: __itt_stack_callee_leave
74356 : 0xcf42aa26b043 : 2 : ittapi_config_apply_per_lib :  ITTAPI function not implemented: __itt_clock_domain_create
74356 : 0xcf42aa26b6e0 : 2 : ittapi_config_apply_per_lib :  ITTAPI function not implemented: __itt_clock_domain_reset
74356 : 0xcf42aa26bd44 : 2 : ittapi_config_apply_per_lib :  ITTAPI function not implemented: __itt_id_create_ex
74356 : 0xcf42aa26c332 : 2 : ittapi_config_apply_per_lib :  ITTAPI function not implemented: __itt_id_destroy_ex
74356 : 0xcf42aa26c8f4 : 2 : ittapi_config_apply_per_lib :  ITTAPI function not implemented: __itt_task_begin_ex
74356 : 0xcf42aa26ce5c : 2 : ittapi_config_apply_per_lib :  ITTAPI function not implemented: __itt_task_begin_fn_ex
74356 : 0xcf42aa26d424 : 2 : ittapi_config_apply_per_lib :  ITTAPI function not implemented: __itt_task_end_ex
74356 : 0xcf42aa26d9ca : 2 : ittapi_config_apply_per_lib :  ITTAPI function instrumented: __itt_task_begin_overlapped
74356 : 0xcf42aa26df1b : 2 : ittapi_config_apply_per_lib :  ITTAPI function not implemented: __itt_task_begin_overlapped_ex
74356 : 0xcf42aa26f469 : 2 : ittapi_config_apply_per_lib :  ITTAPI function instrumented: __itt_task_end_overlapped
74356 : 0xcf42aa26fa31 : 2 : ittapi_config_apply_per_lib :  ITTAPI function not implemented: __itt_task_end_overlapped_ex
74356 : 0xcf42aa27001c : 2 : ittapi_config_apply_per_lib :  ITTAPI function not implemented: __itt_marker_ex
74356 : 0xcf42aa27069c : 2 : ittapi_config_apply_per_lib :  ITTAPI function not implemented: __itt_metadata_add_with_scope
74356 : 0xcf42aa270cd1 : 2 : ittapi_config_apply_per_lib :  ITTAPI function not implemented: __itt_metadata_str_add_with_scope
74356 : 0xcf42aa271294 : 2 : ittapi_config_apply_per_lib :  ITTAPI function not implemented: __itt_relation_add_to_current_ex
74356 : 0xcf42aa271844 : 2 : ittapi_config_apply_per_lib :  ITTAPI function not implemented: __itt_relation_add_ex
74356 : 0xcf42aa271e04 : 2 : ittapi_config_apply_per_lib :  ITTAPI function not implemented: __itt_track_group_create
74356 : 0xcf42aa272304 : 2 : ittapi_config_apply_per_lib :  ITTAPI function not implemented: __itt_track_create
74356 : 0xcf42aa27289a : 2 : ittapi_config_apply_per_lib :  ITTAPI function not implemented: __itt_set_track
74356 : 0xcf42aa274b2f : 2 : ittapi_config_apply_per_lib :  ITTAPI function instrumented: __itt_api_version
74356 : 0xcf42aa275156 : 2 : ittapi_config_apply_per_lib :  ITTAPI function not implemented: __itt_av_save
74356 : 0xcf42aa2756c9 : 2 : ittapi_config_apply_per_lib :  ITTAPI function instrumented: __itt_module_load
74356 : 0xcf42aa275c5f : 2 : ittapi_config_apply_per_lib :  ITTAPI function not implemented: __itt_module_unload
74356 : 0xcf42aa276024 : 2 : ittapi_config_apply_per_lib :  ITTAPI function NOT instrumented (not matched by --itt-config option): __itt_histogram_submit

74356 : 0xcf42aa276546 : 2 : ittapi_config_apply_per_lib :  ITTAPI function instrumented: __itt_counter_set_value_v3