
82903 : 0xd08d7511699a : 1 : spill_jit_data :  Jit agent is not initialized
82885 : 0xd08d7511a935 : 2 : ittapi_config_mask_get :  --itt-config mask to be applied: 55
82885 : 0xd08d7511d012 : 2 : ittapi_config_apply_per_lib :  ITTAPI function instrumented: __itt_domain_create
82885 : 0xd08d7511dc3f : 2 : ittapi_config_apply_per_lib :  ITTAPI function instrumented: __itt_module_load_with_sections
82885 : 0xd08d7511ef24 : 2 : ittapi_config_apply_per_lib :  ITTAPI function not implemented: __itt_module_unload_with_sections
82885 : 0xd08d7511f7c2 : 2 : ittapi_config_apply_per_lib :  ITTAPI function instrumented: __itt_string_handle_create
82885 : 0xd08d7511fd13 : 2 : ittapi_config_apply_per_lib :  ITTAPI function instrumented: __itt_counter_create
82885 : 0xd08d7512021f : 2 : ittapi_config_apply_per_lib :  ITTAPI function instrumented: __itt_counter_create_typed
82885 : 0xd08d7512083c : 2 : ittapi_config_apply_per_lib :  ITTAPI function instrumented: __itt_pause
82885 : 0xd08d75120d51 : 2 : ittapi_config_apply_per_lib :  ITTAPI function instrumented: __itt_resume
82885 : 0xd08d75128177 : 2 : ittapi_config_apply_per_lib :  ITTAPI function instrumented: __itt_thread_set_name
82885 : 0xd08d751287cf : 2 : ittapi_config_apply_per_lib :  ITTAPI function instrumented: __itt_thread_ignore
82885 : 0xd08d75128d14 : 2 : ittapi_config_apply_per_lib :  ITTAPI function instrumented: __itt_thr_name_set
82885 : 0xd08d751292e6 : 2 : ittapi_config_apply_per_lib :  ITTAPI function instrumented: __itt_thr_ignore
82885 : 0xd08d7512984e : 2 : ittapi_config_apply_per_lib :  ITTAPI function instrumented: __itt_histogram_create
82885 : 0xd08d7512a009 : 2 : ittapi_config_apply_per_lib :  ITTAPI function not implemented: __itt_enable_attach
82885 : 0xd08d7512a5dc : 2 : ittapi_config_apply_per_lib :  ITTAPI function instrumented: __itt_detach
82885 : 0xd08d7512aa85 : 2 : ittapi_config_apply_per_lib :  ITTAPI function NOT instrumented (not matched by --itt-config option): __itt_sync_create

82885 : 0xd08d7512afc4 : 2 : ittapi_config_apply_per_lib :  ITTAPI function NOT instrumented (not matched by --itt-config option): __itt_sync_rename

82885 : 0xd08d7512b398 : 2 : ittapi_config_apply_per_lib :  ITTAPI function NOT instrumented (not matched by --itt-config option): __itt_sync_destroy

82885 : 0xd08d7512cd1a : 2 : ittapi_config_apply_per_lib :  ITTAPI function NOT instrumented (not matched by --itt-config option): __itt_sync_prepare

82885 : 0xd08d7512d1b1 : 2 : ittapi_config_apply_per_lib :  ITTAPI function NOT instrumented (not matched by --itt-config option): __itt_sync_cancel

82885 : 0xd08d7512d5c9 : 2 : ittapi_config_apply_per_lib :  ITTAPI function NOT instrumented (not matched by --itt-config option): __itt_sync_acquired

82885 : 0xd08d7512d9d2 : 2 : ittapi_config_apply_per_lib :  ITTAPI function NOT instrumented (not matched by --itt-config option): __itt_sync_releasing

82885 : 0xd08d7512e26e : 2 : ittapi_config_apply_per_lib :  ITTAPI function not implemented: __itt_suppress_push
82885 : 0xd08d7512eb6d : 2 : ittapi_config_apply_per_lib :  ITTAPI function not implemented: __itt_suppress_pop
82885 : 0xd08d7512f231 : 2 : ittapi_config_apply_per_lib :  ITTAPI function not implemented: __itt_suppress_mark_range
82885 : 0xd08d7512f8c5 : 2 : ittapi_config_apply_per_lib :  ITTAPI function not implemented: __itt_suppress_clear_range
82885 : 0xd08d7512fc92 : 2 : ittapi_config_apply_per_lib :  ITTAPI function NOT instrumented (not matched by --itt-config option): __itt_sync_prepare

82885 : 0xd08d75130028 : 2 : ittapi_config_apply_per_lib :  ITTAPI function NOT instrumented (not matched by --itt-config option): __itt_sync_cancel

82885 : 0xd08d751314d4 : 2 : ittapi_config_apply_per_lib :  ITTAPI function NOT instrumented (not matched by --itt-config option): __itt_sync_acquired

82885 : 0xd08d75131866 : 2 : ittapi_config_apply_per_lib :  ITTAPI function NOT instrumented (not matched by --itt-config option): __itt_sync_releasing

82885 : 0xd08d75131ca2 : 2 : ittapi_config_apply_per_lib :  ITTAPI function NOT instrumented (not matched by --itt-config option): __itt_model_site_begin

82885 : 0xd08d75132104 : 2 : ittapi_config_apply_per_lib :  ITTAPI function NOT instrumented (not matched by --itt-config option): __itt_model_site_end

82885 : 0xd08d75132524 : 2 : ittapi_config_apply_per_lib :  ITTAPI function NOT instrumented (not matched by --itt-config option): __itt_model_task_begin

82885 : 0xd08d75132980 : 2 : ittapi_config_apply_per_lib :  ITTAPI function NOT instrumented (not matched by --itt-config option): __itt_model_task_end

82885 : 0xd08d75132def : 2 : ittapi_config_apply_per_lib :  ITTAPI function NOT instrumented (not matched by --itt-config option): __itt_model_lock_acquire

82885 : 0xd08d7513334a : 2 : ittapi_config_apply_per_lib :  ITTAPI function NOT instrumented (not matched by --itt-config option): __itt_model_lock_release

82885 : 0xd08d75133735 : 2 : ittapi_config_apply_per_lib :  ITTAPI function NOT instrumented (not matched by --itt-config option): __itt_model_record_allocation

82885 : 0xd08d75133a4f : 2 : ittapi_config_apply_per_lib :  ITTAPI function NOT instrumented (not matched by --itt-config option): __itt_model_record_deallocation

82885 : 0xd08d75136c68 : 2 : ittapi_config_apply_per_lib :  ITTAPI function NOT instrumented (not matched by --itt-config option): __itt_model_induction_uses

82885 : 0xd08d75137084 : 2 : ittapi_config_apply_per_lib :  ITTAPI function NOT instrumented (not matched by --itt-config option): __itt_model_reduction_uses

82885 : 0xd08d751373dd : 2 : ittapi_config_apply_per_lib :  ITTAPI function NOT instrumented (not matched by --itt-config option): __itt_model_observe_uses

82885 : 0xd08d751376fe : 2 : ittapi_config_apply_per_lib :  ITTAPI function NOT instrumented (not matched by --itt-config option): __itt_model_clear_uses

82885 : 0xd08d75137a17 : 2 : ittapi_config_apply_per_lib :  ITTAPI function NOT instrumented (not matched by --itt-config option): __itt_model_site_beginA

82885 : 0xd08d75137d19 : 2 : ittapi_config_apply_per_lib :  ITTAPI function NOT instrumented (not matched by --itt-config option): __itt_model_site_beginAL

82885 : 0xd08d75138012 : 2 : ittapi_config_apply_per_lib :  ITTAPI function NOT instrumented (not matched by --itt-config option): __itt_model_task_beginA

82885 : 0xd08d751382fc : 2 : ittapi_config_apply_per_lib :  ITTAPI function NOT instrumented (not matched by --itt-config option): __itt_model_task_beginAL

82885 : 0xd08d751385de : 2 : ittapi_config_apply_per_lib :  ITTAPI function NOT instrumented (not matched by --itt-config option): __itt_model_iteration_taskA

82885 : 0xd08d751388b6 : 2 : ittapi_config_apply_per_lib :  ITTAPI function NOT instrumented (not matched by --itt-config option): __itt_model_iteration_taskAL

82885 : 0xd08d75139c73 : 2 : ittapi_config_apply_per_lib :  ITTAPI function NOT instrumented (not matched by --itt-config option): __itt_model_site_end_2

82885 : 0xd08d75139ffd : 2 : ittapi_config_apply_per_lib :  ITTAPI function NOT instrumented (not matched by --itt-config option): __itt_model_task_end_2

82885 : 0xd08d7513a34f : 2 : ittapi_config_apply_per_lib :  ITTAPI function NOT instrumented (not matched by --itt-config option): __itt_model_lock_acquire_2

82885 : 0xd08d7513a66a : 2 : ittapi_config_apply_per_lib :  ITTAPI function NOT instrumented (not matched by --itt-config option): __itt_model_lock_release_2

82885 : 0xd08d7513a976 : 2 : ittapi_config_apply_per_lib :  ITTAPI function NOT instrumented (not matched by --itt-config option): __itt_model_aggregate_task

82885 : 0xd08d7513ac68 : 2 : ittapi_config_apply_per_lib :  ITTAPI function NOT instrumented (not matched by --itt-config option): __itt_model_disable_push

82885 : 0xd08d7513af55 : 2 : ittapi_config_apply_per_lib :  ITTAPI function NOT instrumented (not matched by --itt-config option): __itt_model_disable_pop

82885 : 0xd08d7513b4ca : 2 : ittapi_config_apply_per_lib :  ITTAPI function instrumented: __itt_heap_function_create
82885 : 0xd08d7513baa6 : 2 : ittapi_config_apply_per_lib :  ITTAPI function instrumented: __itt_heap_allocate_begin
82885 : 0xd08d7513bf4c : 2 : ittapi_config_apply_per_lib :  ITTAPI function instrumented: __itt_heap_allocate_end
82885 : 0xd08d7513e006 : 2 : ittapi_config_apply_per_lib :  ITTAPI function instrumented: __itt_heap_free_begin
82885 : 0xd08d7513e57f : 2 : ittapi_config_apply_per_lib :  ITTAPI function instrumented: __itt_heap_free_end
82885 : 0xd08d7513ead4 : 2 : ittapi_config_apply_per_lib :  ITTAPI function instrumented: __itt_heap_reallocate_begin
82885 : 0xd08d7513ef22 : 2 : ittapi_config_apply_per_lib :  ITTAPI function instrumented: __itt_heap_reallocate_end
82885 : 0xd08d7513f560 : 2 : ittapi_config_apply_per_lib :  ITTAPI function not implemented: __itt_heap_internal_access_begin
82885 : 0xd08d7513fbfe : 2 : ittapi_config_apply_per_lib :  ITTAPI function not implemented: __itt_heap_internal_access_end
82885 : 0xd08d751401f5 : 2 : ittapi_config_apply_per_lib :  ITTAPI function not implemented: __itt_heap_record_memory_growth_begin
82885 : 0xd08d7514087b : 2 : ittapi_config_apply_per_lib :  ITTAPI function not implemented: __itt_heap_record_memory_growth_end
82885 : 0xd08d75140ebd : 2 : ittapi_config_apply_per_lib :  ITTAPI function not implemented: __itt_heap_reset_detection
82885 : 0xd08d751415b9 : 2 : ittapi_config_apply_per_lib :  ITTAPI function not implemented: __itt_heap_record
82885 : 0xd08d75142d71 : 2 : ittapi_config_apply_per_lib :  ITTAPI function not implemented: __itt_id_create
82885 : 0xd08d75143443 : 2 : ittapi_config_apply_per_lib :  ITTAPI function not implemented: __itt_id_destroy
82885 : 0xd08d75143a11 : 2 : ittapi_config_apply_per_lib :  ITTAPI function instrumented: __itt_get_timestamp
82885 : 0xd08d75143f96 : 2 : ittapi_config_apply_per_lib :  ITTAPI function not implemented: __itt_region_begin
82885 : 0xd08d75144591 : 2 : ittapi_config_apply_per_lib :  ITTAPI function not implemented: __itt_region_end
82885 : 0xd08d75144b6e : 2 : ittapi_config_apply_per_lib :  ITTAPI function instrumented: __itt_frame_begin_v3
82885 : 0xd08d751450f9 : 2 : ittapi_config_apply_per_lib :  ITTAPI function instrumented: __itt_frame_end_v3
82885 : 0xd08d7514560a : 2 : ittapi_config_apply_per_lib :  ITTAPI function instrumented: __itt_frame_submit_v3
82885 : 0xd08d75145c0f : 2 : ittapi_config_apply_per_lib :  ITTAPI function not implemented: __itt_task_group
82885 : 0xd08d7514614f : 2 : ittapi_config_apply_per_lib :  ITTAPI function instrumented: __itt_task_begin
82885 : 0xd08d7514770a : 2 : ittapi_config_apply_per_lib :  ITTAPI function instrumented: __itt_task_begin_fn
82885 : 0xd08d75147c8a : 2 : ittapi_config_apply_per_lib :  ITTAPI function instrumented: __itt_task_end
82885 : 0xd08d75148308 : 2 : ittapi_config_apply_per_lib :  ITTAPI function not implemented: __itt_counter_inc_v3
82885 : 0xd08d75148984 : 2 : ittapi_config_apply_per_lib :  ITTAPI function not implemented: __itt_counter_inc_delta_v3
82885 : 0xd08d75148f87 : 2 : ittapi_config_apply_per_lib :  ITTAPI function not implemented: __itt_counter_dec_v3
82885 : 0xd08d751494f7 : 2 : ittapi_config_apply_per_lib :  ITTAPI function not implemented: __itt_counter_dec_delta_v3
82885 : 0xd08d75149bd8 : 2 : ittapi_config_apply_per_lib :  ITTAPI function not implemented: __itt_marker
82885 : 0xd08d7514a205 : 2 : ittapi_config_apply_per_lib :  ITTAPI function instrumented: __itt_metadata_add
82885 : 0xd08d7514a8f1 : 2 : ittapi_config_apply_per_lib :  ITTAPI function not implemented: __itt_metadata_str_add
82885 : 0xd08d7514af0e : 2 : ittapi_config_apply_per_lib :  ITTAPI function not implemented: __itt_relation_add_to_current
82885 : 0xd08d7514c655 : 2 : ittapi_config_apply_per_lib :  ITTAPI function not implemented: __itt_relation_add
82885 : 0xd08d7514cc14 : 2 : ittapi_config_apply_per_lib :  ITTAPI function instrumented: __itt_event_create
82885 : 0xd08d7514d1b1 : 2 : ittapi_config_apply_per_lib :  ITTAPI function instrumented: __itt_event_start
82885 : 0xd08d7514d73d : 2 : ittapi_config_apply_per_lib :  ITTAPI function instrumented: __itt_event_end
82885 : 0xd08d7514db38 : 2 : ittapi_config_apply_per_lib :  ITTAPI function NOT instrumented (not matched by --itt-config option): __itt_sync_set_name

82885 : 0xd08d7514df9f : 2 : ittapi_config_apply_per_lib :  ITTAPI function NOT instrumented (not matched by --itt-config option): __itt_notify_sync_name

82885 : 0xd08d7514e37b : 2 : ittapi_config_apply_per_lib :  ITTAPI function NOT instrumented (not matched by --itt-config option): __itt_notify_sync_prepare

82885 : 0xd08d7514e72a : 2 : ittapi_config_apply_per_lib :  ITTAPI function NOT instrumented (not matched by --itt-config option): __itt_notify_sync_cancel

82885 : 0xd08d7514eab4 : 2 : ittapi_config_apply_per_lib :  ITTAPI function NOT instrumented (not matched by --itt-config option): __itt_notify_sync_acquired

82885 : 0xd08d7514edfb : 2 : ittapi_config_apply_per_lib :  ITTAPI function NOT instrumented (not matched by --itt-config option): __itt_notify_sync_releasing

82885 : 0xd08d75150dfb : 2 : ittapi_config_apply_per_lib :  ITTAPI function not implemented: __itt_memory_read
82885 : 0xd08d7515155a : 2 : ittapi_config_apply_per_lib :  ITTAPI function not implemented: __itt_memory_write
82885 : 0xd08d75151c4f : 2 : ittapi_config_apply_per_lib :  ITTAPI function not implemented: __itt_memory_update
82885 : 0xd08d75152300 : 2 : ittapi_config_apply_per_lib :  ITTAPI function not implemented: __itt_state_get
82885 : 0xd08d751528dd : 2 : ittapi_config_apply_per_lib :  ITTAPI function not implemented: __itt_state_set
82885 : 0xd08d75152f0a : 2 : ittapi_config_apply_per_lib :  ITTAPI function not implemented: __itt_obj_mode_set
82885 : 0xd08d7515355e : 2 : ittapi_config_apply_per_lib :  ITTAPI function not implemented: __itt_thr_mode_set
82885 : 0xd08d75153a52 : 2 : ittapi_config_apply_per_lib :  ITTAPI function instrumented: __itt_frame_create
82885 : 0xd08d75153f50 : 2 : ittapi_config_apply_per_lib :  ITTAPI function instrumented: __itt_pt_region_create
82885 : 0xd08d75154534 : 2 : ittapi_config_apply_per_lib :  ITTAPI function instrumented: __itt_frame_begin
82885 : 0xd08d75155b14 : 2 : ittapi_config_apply_per_lib :  ITTAPI function instrumented: __itt_frame_end
82885 : 0xd08d751561df : 2 : ittapi_config_apply_per_lib :  ITTAPI function not implemented: __itt_counter_destroy
82885 : 0xd08d75156808 : 2 : ittapi_config_apply_per_lib :  ITTAPI function instrumented: __itt_counter_inc
82885 : 0xd08d75156ddb : 2 : ittapi_config_apply_per_lib :  ITTAPI function instrumented: __itt_counter_inc_delta
82885 : 0xd08d751572c9 : 2 : ittapi_config_apply_per_lib :  ITTAPI function instrumented: __itt_counter_dec
82885 : 0xd08d75157832 : 2 : ittapi_config_apply_per_lib :  ITTAPI function instrumented: __itt_counter_dec_delta
82885 : 0xd08d75157cd1 : 2 : ittapi_config_apply_per_lib :  ITTAPI function instrumented: __itt_counter_set_value
82885 : 0xd08d751582b9 : 2 : ittapi_config_apply_per_lib :  ITTAPI function not implemented: __itt_counter_set_value_ex
82885 : 0xd08d7515888e : 2 : ittapi_config_apply_per_lib :  ITTAPI function not implemented: __itt_mark_create
82885 : 0xd08d75158ef6 : 2 : ittapi_config_apply_per_lib :  ITTAPI function not implemented: __itt_mark
82885 : 0xd08d7515a674 : 2 : ittapi_config_apply_per_lib :  ITTAPI function not implemented: __itt_mark_off
82885 : 0xd08d7515ad13 : 2 : ittapi_config_apply_per_lib :  ITTAPI function not implemented: __itt_mark_global
82885 : 0xd08d7515b393 : 2 : ittapi_config_apply_per_lib :  ITTAPI function not implemented: __itt_mark_global_off
82885 : 0xd08d7515ba21 : 2 : ittapi_config_apply_per_lib :  ITTAPI function instrumented: __itt_stack_caller_create
82885 : 0xd08d7515bfab : 2 : ittapi_config_apply_per_lib :  ITTAPI function instrumented: __itt_stack_caller_destroy
82885 : 0xd08d7515c4c9 : 2 : ittapi_config_apply_per_lib :  ITTAPI function instrumented: __itt_stack_callee_enter
82885 : 0xd08d7515c968 : 2 : ittapi_config_apply_per_lib :  ITTAPI function instrumented: __itt_stack_callee_leave
82885 : 0xd08d7515cf49 : 2 : ittapi_config_apply_per_lib :  ITTAPI function not implemented: __itt_clock_domain_create
82885 : 0xd08d7515d5c3 : 2 : ittapi_config_apply_per_lib :  ITTAPI function not implemented: __itt_clock_domain_reset
82885 : 0xd08d7515dc0f : 2 : ittapi_config_apply_per_lib :  ITTAPI function not implemented: __itt_id_create_ex
82885 : 0xd08d7516090d : 2 : ittapi_config_apply_per_lib :  ITTAPI function not implemented: __itt_id_destroy_ex
82885 : 0xd08d75160fa8 : 2 : ittapi_config_apply_per_lib :  ITTAPI function not implemented: __itt_task_begin_ex
82885 : 0xd08d7516152f : 2 : ittapi_config_apply_per_lib :  ITTAPI function not implemented: __itt_task_begin_fn_ex
82885 : 0xd08d75161ae6 : 2 : ittapi_config_apply_per_lib :  ITTAPI function not implemented: __itt_task_end_ex
82885 : 0xd08d75162071 : 2 : ittapi_config_apply_per_lib :  ITTAPI function instrumented: __itt_task_begin_overlapped
82885 : 0xd08d75162613 : 2 : ittapi_config_apply_per_lib :  ITTAPI function not implemented: __itt_task_begin_overlapped_ex
82885 : 0xd08d75162b70 : 2 : ittapi_config_apply_per_lib :  ITTAPI function instrumented: __itt_task_end_overlapped
82885 : 0xd08d751630ab : 2 : ittapi_config_apply_per_lib :  ITTAPI function not implemented: __itt_task_end_overlapped_ex
82885 : 0xd08d7516366b : 2 : ittapi_config_apply_per_lib :  ITTAPI function not implemented: __itt_marker_ex
82885 : 0xd08d75163d12 : 2 : ittapi_config_apply_per_lib :  ITTAPI function not implemented: __itt_metadata_add_with_scope
82885 : 0xd08d751653c4 : 2 : ittapi_config_apply_per_lib :  ITTAPI function not implemented: __itt_metadata_str_add_with_scope
82885 : 0xd08d75165a3a : 2 : ittapi_config_apply_per_lib :  ITTAPI function not implemented: __itt_relation_add_to_current_ex
82885 : 0xd08d7516606d : 2 : ittapi_config_apply_per_lib :  ITTAPI function not implemented: __itt_relation_add_ex
82885 : 0xd08d7516669b : 2 : ittapi_config_apply_per_lib :  ITTAPI function not implemented: __itt_track_group_create
82885 : 0xd08d75166bc9 : 2 : ittapi_config_apply_per_lib :  ITTAPI function not implemented: __itt_track_create
82885 : 0xd08d751671cc : 2 : ittapi_config_apply_per_lib :  ITTAPI function not implemented: __itt_set_track
82885 : 0xd08d751676f0 : 2 : ittapi_config_apply_per_lib :  ITTAPI function instrumented: __itt_api_version
82885 : 0xd08d75167ce7 : 2 : ittapi_config_apply_per_lib :  ITTAPI function not implemented: __itt_av_save
82885 : 0xd08d7516821e : 2 : ittapi_config_apply_per_lib :  ITTAPI function instrumented: __itt_module_load
82885 : 0xd08d7516880d : 2 : ittapi_config_apply_per_lib :  ITTAPI function not implemented: __itt_module_unload
82885 : 0xd08d75169c76 : 2 : ittapi_config_apply_per_lib :  ITTAPI function NOT instrumented (not matched by --itt-config option): __itt_histogram_submit

82885 : 0xd08d8717def8 : 2 : ittapi_config_mask_get :  --itt-config mask to be applied: 55
82885 : 0xd08d87180fed : 2 : ittapi_config_apply_per_lib :  ITTAPI function instrumented: __itt_domain_create
82885 : 0xd08d871819ed : 2 : ittapi_config_apply_per_lib :  ITTAPI function instrumented: __itt_module_load_with_sections
82885 : 0xd08d871823d3 : 2 : ittapi_config_apply_per_lib :  ITTAPI function not implemented: __itt_module_unload_with_sections
82885 : 0xd08d87182d40 : 2 : ittapi_config_apply_per_lib :  ITTAPI function instrumented: __itt_string_handle_create
82885 : 0xd08d8718341d : 2 : ittapi_config_apply_per_lib :  ITTAPI function instrumented: __itt_counter_create
82885 : 0xd08d87183982 : 2 : ittapi_config_apply_per_lib :  ITTAPI function instrumented: __itt_counter_create_typed
82885 : 0xd08d87183f0c : 2 : ittapi_config_apply_per_lib :  ITTAPI function instrumented: __itt_pause
82885 : 0xd08d87184578 : 2 : ittapi_config_apply_per_lib :  ITTAPI function instrumented: __itt_resume
82885 : 0xd08d87191316 : 2 : ittapi_config_apply_per_lib :  ITTAPI function not implemented: __itt_pause_scoped
82885 : 0xd08d87191a8d : 2 : ittapi_config_apply_per_lib :  ITTAPI function not implemented: __itt_resume_scoped
82885 : 0xd08d871921ad : 2 : ittapi_config_apply_per_lib :  ITTAPI function instrumented: __itt_thread_set_name
82885 : 0xd08d87192770 : 2 : ittapi_config_apply_per_lib :  ITTAPI function instrumented: __itt_thread_ignore
82885 : 0xd08d87192cd3 : 2 : ittapi_config_apply_per_lib :  ITTAPI function instrumented: __itt_thr_name_set
82885 : 0xd08d871932bd : 2 : ittapi_config_apply_per_lib :  ITTAPI function instrumented: __itt_thr_ignore
82885 : 0xd08d871937e6 : 2 : ittapi_config_apply_per_lib :  ITTAPI function instrumented: __itt_histogram_create
82885 : 0xd08d87193deb : 2 : ittapi_config_apply_per_lib :  ITTAPI function instrumented: __itt_counter_create_v3
82885 : 0xd08d8719433c : 2 : ittapi_config_apply_per_lib :  ITTAPI function instrumented: __itt_bind_context_metadata_to_counter
82885 : 0xd08d87194a90 : 2 : ittapi_config_apply_per_lib :  ITTAPI function not implemented: __itt_enable_attach
82885 : 0xd08d8719a862 : 2 : ittapi_config_apply_per_lib :  ITTAPI function instrumented: __itt_detach
82885 : 0xd08d8719ad7f : 2 : ittapi_config_apply_per_lib :  ITTAPI function NOT instrumented (not matched by --itt-config option): __itt_sync_create

82885 : 0xd08d8719b295 : 2 : ittapi_config_apply_per_lib :  ITTAPI function NOT instrumented (not matched by --itt-config option): __itt_sync_rename

82885 : 0xd08d8719b656 : 2 : ittapi_config_apply_per_lib :  ITTAPI function NOT instrumented (not matched by --itt-config option): __itt_sync_destroy

82885 : 0xd08d8719ba7d : 2 : ittapi_config_apply_per_lib :  ITTAPI function NOT instrumented (not matched by --itt-config option): __itt_sync_prepare

82885 : 0xd08d8719be5a : 2 : ittapi_config_apply_per_lib :  ITTAPI function NOT instrumented (not matched by --itt-config option): __itt_sync_cancel

82885 : 0xd08d8719c1af : 2 : ittapi_config_apply_per_lib :  ITTAPI function NOT instrumented (not matched by --itt-config option): __itt_sync_acquired

82885 : 0xd08d8719c544 : 2 : ittapi_config_apply_per_lib :  ITTAPI function NOT instrumented (not matched by --itt-config option): __itt_sync_releasing

82885 : 0xd08d8719cc13 : 2 : ittapi_config_apply_per_lib :  ITTAPI function not implemented: __itt_suppress_push
82885 : 0xd08d8719d386 : 2 : ittapi_config_apply_per_lib :  ITTAPI function not implemented: __itt_suppress_pop
82885 : 0xd08d8719ebc2 : 2 : ittapi_config_apply_per_lib :  ITTAPI function not implemented: __itt_suppress_mark_range
82885 : 0xd08d8719f34b : 2 : ittapi_config_apply_per_lib :  ITTAPI function not implemented: __itt_suppress_clear_range
82885 : 0xd08d8719f712 : 2 : ittapi_config_apply_per_lib :  ITTAPI function NOT instrumented (not matched by --itt-config option): __itt_sync_prepare

82885 : 0xd08d8719fa9c : 2 : ittapi_config_apply_per_lib :  ITTAPI function NOT instrumented (not matched by --itt-config option): __itt_sync_cancel

82885 : 0xd08d8719fde3 : 2 : ittapi_config_apply_per_lib :  ITTAPI function NOT instrumented (not matched by --itt-config option): __itt_sync_acquired

82885 : 0xd08d871a012c : 2 : ittapi_config_apply_per_lib :  ITTAPI function NOT instrumented (not matched by --itt-config option): __itt_sync_releasing

82885 : 0xd08d871a050b : 2 : ittapi_config_apply_per_lib :  ITTAPI function NOT instrumented (not matched by --itt-config option): __itt_model_site_begin

82885 : 0xd08d871a08de : 2 : ittapi_config_apply_per_lib :  ITTAPI function NOT instrumented (not matched by --itt-config option): __itt_model_site_end

82885 : 0xd08d871a0cc5 : 2 : ittapi_config_apply_per_lib :  ITTAPI function NOT instrumented (not matched by --itt-config option): __itt_model_task_begin

82885 : 0xd08d871a10ec : 2 : ittapi_config_apply_per_lib :  ITTAPI function NOT instrumented (not matched by --itt-config option): __itt_model_task_end

82885 : 0xd08d871a2757 : 2 : ittapi_config_apply_per_lib :  ITTAPI function NOT instrumented (not matched by --itt-config option): __itt_model_lock_acquire

82885 : 0xd08d871a2cf3 : 2 : ittapi_config_apply_per_lib :  ITTAPI function NOT instrumented (not matched by --itt-config option): __itt_model_lock_release

82885 : 0xd08d871a312b : 2 : ittapi_config_apply_per_lib :  ITTAPI function NOT instrumented (not matched by --itt-config option): __itt_model_record_allocation

82885 : 0xd08d871a3476 : 2 : ittapi_config_apply_per_lib :  ITTAPI function NOT instrumented (not matched by --itt-config option): __itt_model_record_deallocation

82885 : 0xd08d871a37a1 : 2 : ittapi_config_apply_per_lib :  ITTAPI function NOT instrumented (not matched by --itt-config option): __itt_model_induction_uses

82885 : 0xd08d871a3aa0 : 2 : ittapi_config_apply_per_lib :  ITTAPI function NOT instrumented (not matched by --itt-config option): __itt_model_reduction_uses

82885 : 0xd08d871a3d86 : 2 : ittapi_config_apply_per_lib :  ITTAPI function NOT instrumented (not matched by --itt-config option): __itt_model_observe_uses

82885 : 0xd08d871a4062 : 2 : ittapi_config_apply_per_lib :  ITTAPI function NOT instrumented (not matched by --itt-config option): __itt_model_clear_uses

82885 : 0xd08d871a4344 : 2 : ittapi_config_apply_per_lib :  ITTAPI function NOT instrumented (not matched by --itt-config option): __itt_model_site_beginA

82885 : 0xd08d871a4618 : 2 : ittapi_config_apply_per_lib :  ITTAPI function NOT instrumented (not matched by --itt-config option): __itt_model_site_beginAL

82885 : 0xd08d871a64ba : 2 : ittapi_config_apply_per_lib :  ITTAPI function NOT instrumented (not matched by --itt-config option): __itt_model_task_beginA

82885 : 0xd08d871a6844 : 2 : ittapi_config_apply_per_lib :  ITTAPI function NOT instrumented (not matched by --itt-config option): __itt_model_task_beginAL

82885 : 0xd08d871a6bb0 : 2 : ittapi_config_apply_per_lib :  ITTAPI function NOT instrumented (not matched by --itt-config option): __itt_model_iteration_taskA

82885 : 0xd08d871a6f36 : 2 : ittapi_config_apply_per_lib :  ITTAPI function NOT instrumented (not matched by --itt-config option): __itt_model_iteration_taskAL

82885 : 0xd08d871a7269 : 2 : ittapi_config_apply_per_lib :  ITTAPI function NOT instrumented (not matched by --itt-config option): __itt_model_site_end_2

82885 : 0xd08d871a756d : 2 : ittapi_config_apply_per_lib :  ITTAPI function NOT instrumented (not matched by --itt-config option): __itt_model_task_end_2

82885 : 0xd08d871a7861 : 2 : ittapi_config_apply_per_lib :  ITTAPI function NOT instrumented (not matched by --itt-config option): __itt_model_lock_acquire_2

82885 : 0xd08d871a7b56 : 2 : ittapi_config_apply_per_lib :  ITTAPI function NOT instrumented (not matched by --itt-config option): __itt_model_lock_release_2

82885 : 0xd08d871a7e44 : 2 : ittapi_config_apply_per_lib :  ITTAPI function NOT instrumented (not matched by --itt-config option): __itt_model_aggregate_task

82885 : 0xd08d871a8126 : 2 : ittapi_config_apply_per_lib :  ITTAPI function NOT instrumented (not matched by --itt-config option): __itt_model_disable_push

82885 : 0xd08d871a9438 : 2 : ittapi_config_apply_per_lib :  ITTAPI function NOT instrumented (not matched by --itt-config option): __itt_model_disable_pop

82885 : 0xd08d871a9a26 : 2 : ittapi_config_apply_per_lib :  ITTAPI function instrumented: __itt_heap_function_create
82885 : 0xd08d871a9ff9 : 2 : ittapi_config_apply_per_lib :  ITTAPI function instrumented: __itt_heap_allocate_begin
82885 : 0xd08d871aa486 : 2 : ittapi_config_apply_per_lib :  ITTAPI function instrumented: __itt_heap_allocate_end
82885 : 0xd08d871aa93b : 2 : ittapi_config_apply_per_lib :  ITTAPI function instrumented: __itt_heap_free_begin
82885 : 0xd08d871aadc8 : 2 : ittapi_config_apply_per_lib :  ITTAPI function instrumented: __itt_heap_free_end
82885 : 0xd08d871ab29d : 2 : ittapi_config_apply_per_lib :  ITTAPI function instrumented: __itt_heap_reallocate_begin
82885 : 0xd08d871ab6bd : 2 : ittapi_config_apply_per_lib :  ITTAPI function instrumented: __itt_heap_reallocate_end
82885 : 0xd08d871abc97 : 2 : ittapi_config_apply_per_lib :  ITTAPI function not implemented: __itt_heap_internal_access_begin
82885 : 0xd08d871ac2f1 : 2 : ittapi_config_apply_per_lib :  ITTAPI function not implemented: __itt_heap_internal_access_end
82885 : 0xd08d871ada59 : 2 : ittapi_config_apply_per_lib :  ITTAPI function not implemented: __itt_heap_record_memory_growth_begin
82885 : 0xd08d871ae0d1 : 2 : ittapi_config_apply_per_lib :  ITTAPI function not implemented: __itt_heap_record_memory_growth_end
82885 : 0xd08d871ae741 : 2 : ittapi_config_apply_per_lib :  ITTAPI function not implemented: __itt_heap_reset_detection
82885 : 0xd08d871aed54 : 2 : ittapi_config_apply_per_lib :  ITTAPI function not implemented: __itt_heap_record
82885 : 0xd08d871af343 : 2 : ittapi_config_apply_per_lib :  ITTAPI function not implemented: __itt_id_create
82885 : 0xd08d871af907 : 2 : ittapi_config_apply_per_lib :  ITTAPI function not implemented: __itt_id_destroy
82885 : 0xd08d871aff2b : 2 : ittapi_config_apply_per_lib :  ITTAPI function instrumented: __itt_get_timestamp
82885 : 0xd08d871b04b8 : 2 : ittapi_config_apply_per_lib :  ITTAPI function not implemented: __itt_region_begin
82885 : 0xd08d871b0b0c : 2 : ittapi_config_apply_per_lib :  ITTAPI function not implemented: __itt_region_end
82885 : 0xd08d871b10b8 : 2 : ittapi_config_apply_per_lib :  ITTAPI function instrumented: __itt_frame_begin_v3
82885 : 0xd08d871b310d : 2 : ittapi_config_apply_per_lib :  ITTAPI function instrumented: __itt_frame_end_v3
82885 : 0xd08d871b36e5 : 2 : ittapi_config_apply_per_lib :  ITTAPI function instrumented: __itt_frame_submit_v3
82885 : 0xd08d871b3d86 : 2 : ittapi_config_apply_per_lib :  ITTAPI function not implemented: __itt_task_group
82885 : 0xd08d871b432e : 2 : ittapi_config_apply_per_lib :  ITTAPI function instrumented: __itt_task_begin
82885 : 0xd08d871b4891 : 2 : ittapi_config_apply_per_lib :  ITTAPI function instrumented: __itt_task_begin_fn
82885 : 0xd08d871b4de6 : 2 : ittapi_config_apply_per_lib :  ITTAPI function instrumented: __itt_task_end
82885 : 0xd08d871b5444 : 2 : ittapi_config_apply_per_lib :  ITTAPI function not implemented: __itt_counter_inc_v3
82885 : 0xd08d871b5ac6 : 2 : ittapi_config_apply_per_lib :  ITTAPI function not implemented: __itt_counter_inc_delta_v3
82885 : 0xd08d871b60e6 : 2 : ittapi_config_apply_per_lib :  ITTAPI function not implemented: __itt_counter_dec_v3
82885 : 0xd08d871b66ac : 2 : ittapi_config_apply_per_lib :  ITTAPI function not implemented: __itt_counter_dec_delta_v3
82885 : 0xd08d871b7d3b : 2 : ittapi_config_apply_per_lib :  ITTAPI function not implemented: __itt_marker
82885 : 0xd08d871b845f : 2 : ittapi_config_apply_per_lib :  ITTAPI function instrumented: __itt_metadata_add
82885 : 0xd08d871b8b20 : 2 : ittapi_config_apply_per_lib :  ITTAPI function not implemented: __itt_metadata_str_add
82885 : 0xd08d871b9236 : 2 : ittapi_config_apply_per_lib :  ITTAPI function not implemented: __itt_relation_add_to_current
82885 : 0xd08d871b989a : 2 : ittapi_config_apply_per_lib :  ITTAPI function not implemented: __itt_relation_add
82885 : 0xd08d871b9dc7 : 2 : ittapi_config_apply_per_lib :  ITTAPI function instrumented: __itt_event_create
82885 : 0xd08d871ba312 : 2 : ittapi_config_apply_per_lib :  ITTAPI function instrumented: __itt_event_start
82885 : 0xd08d871ba877 : 2 : ittapi_config_apply_per_lib :  ITTAPI function instrumented: __itt_event_end
82885 : 0xd08d871bac78 : 2 : ittapi_config_apply_per_lib :  ITTAPI function NOT instrumented (not matched by --itt-config option): __itt_sync_set_name

82885 : 0xd08d871bb101 : 2 : ittapi_config_apply_per_lib :  ITTAPI function NOT instrumented (not matched by --itt-config option): __itt_notify_sync_name

82885 : 0xd08d871bc558 : 2 : ittapi_config_apply_per_lib :  ITTAPI function NOT instrumented (not matched by --itt-config option): __itt_notify_sync_prepare

82885 : 0xd08d871bc996 : 2 : ittapi_config_apply_per_lib :  ITTAPI function NOT instrumented (not matched by --itt-config option): __itt_notify_sync_cancel

82885 : 0xd08d871bcd75 : 2 : ittapi_config_apply_per_lib :  ITTAPI function NOT instrumented (not matched by --itt-config option): __itt_notify_sync_acquired

82885 : 0xd08d871bd0db : 2 : ittapi_config_apply_per_lib :  ITTAPI function NOT instrumented (not matched by --itt-config option): __itt_notify_sync_releasing

82885 : 0xd08d871bd6f8 : 2 : ittapi_config_apply_per_lib :  ITTAPI function not implemented: __itt_memory_read
82885 : 0xd08d871bdd56 : 2 : ittapi_config_apply_per_lib :  ITTAPI function not implemented: __itt_memory_write
82885 : 0xd08d871be387 : 2 : ittapi_config_apply_per_lib :  ITTAPI function not implemented: __itt_memory_update
82885 : 0xd08d871be9c5 : 2 : ittapi_config_apply_per_lib :  ITTAPI function not implemented: __itt_state_get
82885 : 0xd08d871befb3 : 2 : ittapi_config_apply_per_lib :  ITTAPI function not implemented: __itt_state_set
82885 : 0xd08d871bf57c : 2 : ittapi_config_apply_per_lib :  ITTAPI function not implemented: __itt_obj_mode_set
82885 : 0xd08d871c173d : 2 : ittapi_config_apply_per_lib :  ITTAPI function not implemented: __itt_thr_mode_set
82885 : 0xd08d871c1d01 : 2 : ittapi_config_apply_per_lib :  ITTAPI function instrumented: __itt_frame_create
82885 : 0xd08d871c222d : 2 : ittapi_config_apply_per_lib :  ITTAPI function instrumented: __itt_pt_region_create
82885 : 0xd08d871c2830 : 2 : ittapi_config_apply_per_lib :  ITTAPI function instrumented: __itt_frame_begin
82885 : 0xd08d871c2d4b : 2 : ittapi_config_apply_per_lib :  ITTAPI function instrumented: __itt_frame_end
82885 : 0xd08d871c3374 : 2 : ittapi_config_apply_per_lib :  ITTAPI function not implemented: __itt_counter_destroy
82885 : 0xd08d871c3908 : 2 : ittapi_config_apply_per_lib :  ITTAPI function instrumented: __itt_counter_inc
82885 : 0xd08d871c3e5f : 2 : ittapi_config_apply_per_lib :  ITTAPI function instrumented: __itt_counter_inc_delta
82885 : 0xd08d871c42ef : 2 : ittapi_config_apply_per_lib :  ITTAPI function instrumented: __itt_counter_dec
82885 : 0xd08d871c47fe : 2 : ittapi_config_apply_per_lib :  ITTAPI function instrumented: __itt_counter_dec_delta
82885 : 0xd08d871c5cca : 2 : ittapi_config_apply_per_lib :  ITTAPI function instrumented: __itt_counter_set_value
82885 : 0xd08d871c63aa : 2 : ittapi_config_apply_per_lib :  ITTAPI function not implemented: __itt_counter_set_value_ex
82885 : 0xd08d871c69b7 : 2 : ittapi_config_apply_per_lib :  ITTAPI function not implemented: __itt_mark_create
82885 : 0xd08d871c6fda : 2 : ittapi_config_apply_per_lib :  ITTAPI function not implemented: __itt_mark
82885 : 0xd08d871c761b : 2 : ittapi_config_apply_per_lib :  ITTAPI function not implemented: __itt_mark_off
82885 : 0xd08d871c7c28 : 2 : ittapi_config_apply_per_lib :  ITTAPI function not implemented: __itt_mark_global
82885 : 0xd08d871c8276 : 2 : ittapi_config_apply_per_lib :  ITTAPI function not implemented: __itt_mark_global_off
82885 : 0xd08d871c88b8 : 2 : ittapi_config_apply_per_lib :  ITTAPI function instrumented: __itt_stack_caller_create
82885 : 0xd08d871c8e27 : 2 : ittapi_config_apply_per_lib :  ITTAPI function instrumented: __itt_stack_caller_destroy
82885 : 0xd08d871c933d : 2 : ittapi_config_apply_per_lib :  ITTAPI function instrumented: __itt_stack_callee_enter
82885 : 0xd08d871ca867 : 2 : ittapi_config_apply_per_lib :  ITTAPI function instrumented: __itt_stack_callee_leave
82885 : 0xd08d871caea8 : 2 : ittapi_config_apply_per_lib :  ITTAPI function not implemented: __itt_clock_domain_create
82885 : 0xd08d871cb555 : 2 : ittapi_config_apply_per_lib :  ITTAPI function not implemented: __itt_clock_domain_reset
82885 : 0xd08d871cbbe6 : 2 : ittapi_config_apply_per_lib :  ITTAPI function not implemented: __itt_id_create_ex
82885 : 0xd08d871cc1c2 : 2 : ittapi_config_apply_per_lib :  ITTAPI function not implemented: __itt_id_destroy_ex
82885 : 0xd08d871cc7b3 : 2 : ittapi_config_apply_per_lib :  ITTAPI function not implemented: __itt_task_begin_ex
82885 : 0xd08d871ccd28 : 2 : ittapi_config_apply_per_lib :  ITTAPI function not implemented: __itt_task_begin_fn_ex
82885 : 0xd08d871cd2e2 : 2 : ittapi_config_apply_per_lib :  ITTAPI function not implemented: __itt_task_end_ex
82885 : 0xd08d871cd868 : 2 : ittapi_config_apply_per_lib :  ITTAPI function instrumented: __itt_task_begin_overlapped
82885 : 0xd08d871cde00 : 2 : ittapi_config_apply_per_lib :  ITTAPI function not implemented: __itt_task_begin_overlapped_ex
82885 : 0xd08d871cf43e : 2 : ittapi_config_apply_per_lib :  ITTAPI function instrumented: __itt_task_end_overlapped
82885 : 0xd08d871cfa3b : 2 : ittapi_config_apply_per_lib :  ITTAPI function not implemented: __itt_task_end_overlapped_ex
82885 : 0xd08d871cffdb : 2 : ittapi_config_apply_per_lib :  ITTAPI function not implemented: __itt_marker_ex
82885 : 0xd08d871d061a : 2 : ittapi_config_apply_per_lib :  ITTAPI function not implemented: __itt_metadata_add_with_scope
82885 : 0xd08d871d0bfd : 2 : ittapi_config_apply_per_lib :  ITTAPI function not implemented: __itt_metadata_str_add_with_scope
82885 : 0xd08d871d11b7 : 2 : ittapi_config_apply_per_lib :  ITTAPI function not implemented: __itt_relation_add_to_current_ex
82885 : 0xd08d871d172d : 2 : ittapi_config_apply_per_lib :  ITTAPI function not implemented: __itt_relation_add_ex
82885 : 0xd08d871d1cfb : 2 : ittapi_config_apply_per_lib :  ITTAPI function not implemented: __itt_track_group_create
82885 : 0xd08d871d221b : 2 : ittapi_config_apply_per_lib :  ITTAPI function not implemented: __itt_track_create
82885 : 0xd08d871d278f : 2 : ittapi_config_apply_per_lib :  ITTAPI function not implemented: __itt_set_track
82885 : 0xd08d871d4863 : 2 : ittapi_config_apply_per_lib :  ITTAPI function instrumented: __itt_api_version
82885 : 0xd08d871d4ea3 : 2 : ittapi_config_apply_per_lib :  ITTAPI function not implemented: __itt_av_save
82885 : 0xd08d871d5469 : 2 : ittapi_config_apply_per_lib :  ITTAPI function instrumented: __itt_module_load
82885 : 0xd08d871d5a1f : 2 : ittapi_config_apply_per_lib :  ITTAPI function not implemented: __itt_module_unload
82885 : 0xd08d871d5df6 : 2 : ittapi_config_apply_per_lib :  ITTAPI function NOT instrumented (not matched by --itt-config option): __itt_histogram_submit

82885 : 0xd08d871d630a : 2 : ittapi_config_apply_per_lib :  ITTAPI function instrumented: __itt_counter_set_value_v3