0 [133049225619264] INFO perfrun.launcher <> - Launcher main begin
0 [133049225619264] INFO perfrun.launcher <> - MessageCatalogInit finished
0 [133049225619264] INFO perfrun.launcher <> - Launcher instance created
0 [133049225619264] INFO perfrun.launcher <> - argc = 6; cmdline = /opt/intel/oneapi/vtune/2024.1/bin64/amplxe-runss -dump-vdso -r /home/jagtym/Programming/ProgRowProj1/vtune/ue_k2 --tmp-dir /tmp/amplxe-tmp-jagtym 
25 [133049225619264] INFO perfrun.launcher <> - create msngr2::ICliToolContext
25 [133049225619264] INFO perfrun.launcher <> - create file finder object
26 [133049001969216] INFO perfrun.launcher <> - plugin [remoteplug] was disabled because it doesn't support the given collection type.
26 [133049001969216] INFO perfrun.launcher <> - plugin [system] was disabled because it doesn't support the given collection type.
26 [133049001969216] INFO perfrun.vdso <> - dumping [vdso] pseudomodule
26 [133049001969216] INFO perfrun.launcher <> - plugin [itt] was disabled because it doesn't support the given collection type.
26 [133049001969216] INFO perfrun.launcher <> - plugin [ptracecollector] was disabled because it doesn't support the given collection type.
26 [133049001969216] INFO perfrun.launcher <> - plugin [gpu] was disabled because it doesn't support the given collection type.
26 [133049001969216] INFO perfrun.launcher <> - plugin [] was disabled because it doesn't support the given collection type.
26 [133049001969216] INFO perfrun.launcher <> - plugin [] was disabled because it doesn't support the given collection type.
26 [133049001969216] INFO perfrun.launcher <> - plugin [] was disabled because it doesn't support the given collection type.
26 [133049001969216] INFO perfrun.launcher <> - plugin [mrte] was disabled because it doesn't support the given collection type.
26 [133049001969216] INFO perfrun.launcher <> - plugin [emon] was disabled because it doesn't support the given collection type.
26 [133049001969216] INFO perfrun.launcher <> - plugin [cuscol] was disabled because it doesn't support the given collection type.
26 [133049001969216] INFO perfrun.launcher <> - plugin [stdsrc] was disabled because it doesn't support the given collection type.
26 [133049001969216] INFO perfrun.launcher <> - plugin [sep] was disabled because it doesn't support the given collection type.
26 [133049001969216] INFO perfrun.launcher <> - plugin [vtsspp] was disabled because it doesn't support the given collection type.
26 [133049001969216] INFO perfrun.launcher <> - plugin [perf] was disabled because it doesn't support the given collection type.
26 [133049001969216] INFO perfrun.launcher <> - plugin [aoclprofile] was disabled because it doesn't support the given collection type.
26 [133049001969216] INFO perfrun.launcher <> - plugin [tpss] was disabled because it doesn't support the given collection type.
26 [133049001969216] INFO perfrun.launcher <> - plugin [media] was disabled because it doesn't support the given collection type.
26 [133049001969216] INFO perfrun.launcher <> - plugin [] was disabled because it doesn't support the given collection type.
26 [133049001969216] INFO perfrun.launcher <> - plugin [] was disabled because it doesn't support the given collection type.
26 [133049001969216] INFO perfrun.launcher <> - plugin [parallelfs] was disabled because it doesn't support the given collection type.
26 [133049001969216] INFO perfrun.launcher <> - plugin [power] was disabled because it doesn't support the given collection type.
26 [133049001969216] INFO perfrun.launcher <> - plugin [] was disabled because it doesn't support the given collection type.
26 [133049001969216] INFO perfrun.launcher <> - plugin [ipmwatch] was disabled because it doesn't support the given collection type.
26 [133049001969216] INFO perfrun.launcher <> - plugin [os_counters] was disabled because it doesn't support the given collection type.
26 [133049001969216] INFO perfrun.launcher <> - plugin [l0_metrics] was disabled because it doesn't support the given collection type.
26 [133049225619264] INFO perfrun.launcher <> - Application exit code: 0
26 [133049225619264] INFO perfrun.launcher <> - Exit code: 0
