
90885 : 0xd7a2eebbdea1 : 1 : spill_jit_data :  Jit agent is not initialized
90860 : 0xd7a2eebc4892 : 2 : ittapi_config_mask_get :  --itt-config mask to be applied: 55
90860 : 0xd7a2eebc7ced : 2 : ittapi_config_apply_per_lib :  ITTAPI function instrumented: __itt_domain_create
90860 : 0xd7a2eebc8ada : 2 : ittapi_config_apply_per_lib :  ITTAPI function instrumented: __itt_module_load_with_sections
90860 : 0xd7a2eebc9c98 : 2 : ittapi_config_apply_per_lib :  ITTAPI function not implemented: __itt_module_unload_with_sections
90860 : 0xd7a2eebca6d9 : 2 : ittapi_config_apply_per_lib :  ITTAPI function instrumented: __itt_string_handle_create
90860 : 0xd7a2eebcace8 : 2 : ittapi_config_apply_per_lib :  ITTAPI function instrumented: __itt_counter_create
90860 : 0xd7a2eebcb221 : 2 : ittapi_config_apply_per_lib :  ITTAPI function instrumented: __itt_counter_create_typed
90860 : 0xd7a2eebcb790 : 2 : ittapi_config_apply_per_lib :  ITTAPI function instrumented: __itt_pause
90860 : 0xd7a2eebcbced : 2 : ittapi_config_apply_per_lib :  ITTAPI function instrumented: __itt_resume
90860 : 0xd7a2eebd69c9 : 2 : ittapi_config_apply_per_lib :  ITTAPI function instrumented: __itt_thread_set_name
90860 : 0xd7a2eebd7001 : 2 : ittapi_config_apply_per_lib :  ITTAPI function instrumented: __itt_thread_ignore
90860 : 0xd7a2eebd750b : 2 : ittapi_config_apply_per_lib :  ITTAPI function instrumented: __itt_thr_name_set
90860 : 0xd7a2eebd7b00 : 2 : ittapi_config_apply_per_lib :  ITTAPI function instrumented: __itt_thr_ignore
90860 : 0xd7a2eebd8069 : 2 : ittapi_config_apply_per_lib :  ITTAPI function instrumented: __itt_histogram_create
90860 : 0xd7a2eebd8849 : 2 : ittapi_config_apply_per_lib :  ITTAPI function not implemented: __itt_enable_attach
90860 : 0xd7a2eebd8e38 : 2 : ittapi_config_apply_per_lib :  ITTAPI function instrumented: __itt_detach
90860 : 0xd7a2eebd92e1 : 2 : ittapi_config_apply_per_lib :  ITTAPI function NOT instrumented (not matched by --itt-config option): __itt_sync_create

90860 : 0xd7a2eebd983a : 2 : ittapi_config_apply_per_lib :  ITTAPI function NOT instrumented (not matched by --itt-config option): __itt_sync_rename

90860 : 0xd7a2eebd9cf1 : 2 : ittapi_config_apply_per_lib :  ITTAPI function NOT instrumented (not matched by --itt-config option): __itt_sync_destroy

90860 : 0xd7a2eebdb7b7 : 2 : ittapi_config_apply_per_lib :  ITTAPI function NOT instrumented (not matched by --itt-config option): __itt_sync_prepare

90860 : 0xd7a2eebdbc31 : 2 : ittapi_config_apply_per_lib :  ITTAPI function NOT instrumented (not matched by --itt-config option): __itt_sync_cancel

90860 : 0xd7a2eebdbfe2 : 2 : ittapi_config_apply_per_lib :  ITTAPI function NOT instrumented (not matched by --itt-config option): __itt_sync_acquired

90860 : 0xd7a2eebdc409 : 2 : ittapi_config_apply_per_lib :  ITTAPI function NOT instrumented (not matched by --itt-config option): __itt_sync_releasing

90860 : 0xd7a2eebdcbf0 : 2 : ittapi_config_apply_per_lib :  ITTAPI function not implemented: __itt_suppress_push
90860 : 0xd7a2eebdd536 : 2 : ittapi_config_apply_per_lib :  ITTAPI function not implemented: __itt_suppress_pop
90860 : 0xd7a2eebddc25 : 2 : ittapi_config_apply_per_lib :  ITTAPI function not implemented: __itt_suppress_mark_range
90860 : 0xd7a2eebde38c : 2 : ittapi_config_apply_per_lib :  ITTAPI function not implemented: __itt_suppress_clear_range
90860 : 0xd7a2eebde755 : 2 : ittapi_config_apply_per_lib :  ITTAPI function NOT instrumented (not matched by --itt-config option): __itt_sync_prepare

90860 : 0xd7a2eebdeb15 : 2 : ittapi_config_apply_per_lib :  ITTAPI function NOT instrumented (not matched by --itt-config option): __itt_sync_cancel

90860 : 0xd7a2eebe0073 : 2 : ittapi_config_apply_per_lib :  ITTAPI function NOT instrumented (not matched by --itt-config option): __itt_sync_acquired

90860 : 0xd7a2eebe042a : 2 : ittapi_config_apply_per_lib :  ITTAPI function NOT instrumented (not matched by --itt-config option): __itt_sync_releasing

90860 : 0xd7a2eebe08c1 : 2 : ittapi_config_apply_per_lib :  ITTAPI function NOT instrumented (not matched by --itt-config option): __itt_model_site_begin

90860 : 0xd7a2eebe0cce : 2 : ittapi_config_apply_per_lib :  ITTAPI function NOT instrumented (not matched by --itt-config option): __itt_model_site_end

90860 : 0xd7a2eebe10bd : 2 : ittapi_config_apply_per_lib :  ITTAPI function NOT instrumented (not matched by --itt-config option): __itt_model_task_begin

90860 : 0xd7a2eebe150d : 2 : ittapi_config_apply_per_lib :  ITTAPI function NOT instrumented (not matched by --itt-config option): __itt_model_task_end

90860 : 0xd7a2eebe1968 : 2 : ittapi_config_apply_per_lib :  ITTAPI function NOT instrumented (not matched by --itt-config option): __itt_model_lock_acquire

90860 : 0xd7a2eebe1dca : 2 : ittapi_config_apply_per_lib :  ITTAPI function NOT instrumented (not matched by --itt-config option): __itt_model_lock_release

90860 : 0xd7a2eebe2214 : 2 : ittapi_config_apply_per_lib :  ITTAPI function NOT instrumented (not matched by --itt-config option): __itt_model_record_allocation

90860 : 0xd7a2eebe255d : 2 : ittapi_config_apply_per_lib :  ITTAPI function NOT instrumented (not matched by --itt-config option): __itt_model_record_deallocation

90860 : 0xd7a2eebede58 : 2 : ittapi_config_apply_per_lib :  ITTAPI function NOT instrumented (not matched by --itt-config option): __itt_model_induction_uses

90860 : 0xd7a2eebee2de : 2 : ittapi_config_apply_per_lib :  ITTAPI function NOT instrumented (not matched by --itt-config option): __itt_model_reduction_uses

90860 : 0xd7a2eebee62a : 2 : ittapi_config_apply_per_lib :  ITTAPI function NOT instrumented (not matched by --itt-config option): __itt_model_observe_uses

90860 : 0xd7a2eebee948 : 2 : ittapi_config_apply_per_lib :  ITTAPI function NOT instrumented (not matched by --itt-config option): __itt_model_clear_uses

90860 : 0xd7a2eebeec5b : 2 : ittapi_config_apply_per_lib :  ITTAPI function NOT instrumented (not matched by --itt-config option): __itt_model_site_beginA

90860 : 0xd7a2eebeef5d : 2 : ittapi_config_apply_per_lib :  ITTAPI function NOT instrumented (not matched by --itt-config option): __itt_model_site_beginAL

90860 : 0xd7a2eebef256 : 2 : ittapi_config_apply_per_lib :  ITTAPI function NOT instrumented (not matched by --itt-config option): __itt_model_task_beginA

90860 : 0xd7a2eebef546 : 2 : ittapi_config_apply_per_lib :  ITTAPI function NOT instrumented (not matched by --itt-config option): __itt_model_task_beginAL

90860 : 0xd7a2eebef83e : 2 : ittapi_config_apply_per_lib :  ITTAPI function NOT instrumented (not matched by --itt-config option): __itt_model_iteration_taskA

90860 : 0xd7a2eebefb3b : 2 : ittapi_config_apply_per_lib :  ITTAPI function NOT instrumented (not matched by --itt-config option): __itt_model_iteration_taskAL

90860 : 0xd7a2eebf10ce : 2 : ittapi_config_apply_per_lib :  ITTAPI function NOT instrumented (not matched by --itt-config option): __itt_model_site_end_2

90860 : 0xd7a2eebf1455 : 2 : ittapi_config_apply_per_lib :  ITTAPI function NOT instrumented (not matched by --itt-config option): __itt_model_task_end_2

90860 : 0xd7a2eebf17bf : 2 : ittapi_config_apply_per_lib :  ITTAPI function NOT instrumented (not matched by --itt-config option): __itt_model_lock_acquire_2

90860 : 0xd7a2eebf1afa : 2 : ittapi_config_apply_per_lib :  ITTAPI function NOT instrumented (not matched by --itt-config option): __itt_model_lock_release_2

90860 : 0xd7a2eebf1e15 : 2 : ittapi_config_apply_per_lib :  ITTAPI function NOT instrumented (not matched by --itt-config option): __itt_model_aggregate_task

90860 : 0xd7a2eebf211d : 2 : ittapi_config_apply_per_lib :  ITTAPI function NOT instrumented (not matched by --itt-config option): __itt_model_disable_push

90860 : 0xd7a2eebf241c : 2 : ittapi_config_apply_per_lib :  ITTAPI function NOT instrumented (not matched by --itt-config option): __itt_model_disable_pop

90860 : 0xd7a2eebf295f : 2 : ittapi_config_apply_per_lib :  ITTAPI function instrumented: __itt_heap_function_create
90860 : 0xd7a2eebf2f8a : 2 : ittapi_config_apply_per_lib :  ITTAPI function instrumented: __itt_heap_allocate_begin
90860 : 0xd7a2eebf33ec : 2 : ittapi_config_apply_per_lib :  ITTAPI function instrumented: __itt_heap_allocate_end
90860 : 0xd7a2eebf5788 : 2 : ittapi_config_apply_per_lib :  ITTAPI function instrumented: __itt_heap_free_begin
90860 : 0xd7a2eebf5d32 : 2 : ittapi_config_apply_per_lib :  ITTAPI function instrumented: __itt_heap_free_end
90860 : 0xd7a2eebf6265 : 2 : ittapi_config_apply_per_lib :  ITTAPI function instrumented: __itt_heap_reallocate_begin
90860 : 0xd7a2eebf66b7 : 2 : ittapi_config_apply_per_lib :  ITTAPI function instrumented: __itt_heap_reallocate_end
90860 : 0xd7a2eebf6d6a : 2 : ittapi_config_apply_per_lib :  ITTAPI function not implemented: __itt_heap_internal_access_begin
90860 : 0xd7a2eebf7421 : 2 : ittapi_config_apply_per_lib :  ITTAPI function not implemented: __itt_heap_internal_access_end
90860 : 0xd7a2eebf7a0e : 2 : ittapi_config_apply_per_lib :  ITTAPI function not implemented: __itt_heap_record_memory_growth_begin
90860 : 0xd7a2eebf803d : 2 : ittapi_config_apply_per_lib :  ITTAPI function not implemented: __itt_heap_record_memory_growth_end
90860 : 0xd7a2eebf863c : 2 : ittapi_config_apply_per_lib :  ITTAPI function not implemented: __itt_heap_reset_detection
90860 : 0xd7a2eebf8e42 : 2 : ittapi_config_apply_per_lib :  ITTAPI function not implemented: __itt_heap_record
90860 : 0xd7a2eebfa64a : 2 : ittapi_config_apply_per_lib :  ITTAPI function not implemented: __itt_id_create
90860 : 0xd7a2eebfac88 : 2 : ittapi_config_apply_per_lib :  ITTAPI function not implemented: __itt_id_destroy
90860 : 0xd7a2eebfb280 : 2 : ittapi_config_apply_per_lib :  ITTAPI function instrumented: __itt_get_timestamp
90860 : 0xd7a2eebfb812 : 2 : ittapi_config_apply_per_lib :  ITTAPI function not implemented: __itt_region_begin
90860 : 0xd7a2eebfbead : 2 : ittapi_config_apply_per_lib :  ITTAPI function not implemented: __itt_region_end
90860 : 0xd7a2eebfc440 : 2 : ittapi_config_apply_per_lib :  ITTAPI function instrumented: __itt_frame_begin_v3
90860 : 0xd7a2eebfc963 : 2 : ittapi_config_apply_per_lib :  ITTAPI function instrumented: __itt_frame_end_v3
90860 : 0xd7a2eebfce8d : 2 : ittapi_config_apply_per_lib :  ITTAPI function instrumented: __itt_frame_submit_v3
90860 : 0xd7a2eebfd4ff : 2 : ittapi_config_apply_per_lib :  ITTAPI function not implemented: __itt_task_group
90860 : 0xd7a2eebfda7f : 2 : ittapi_config_apply_per_lib :  ITTAPI function instrumented: __itt_task_begin
90860 : 0xd7a2eebff12b : 2 : ittapi_config_apply_per_lib :  ITTAPI function instrumented: __itt_task_begin_fn
90860 : 0xd7a2eebff6ba : 2 : ittapi_config_apply_per_lib :  ITTAPI function instrumented: __itt_task_end
90860 : 0xd7a2eebffdb6 : 2 : ittapi_config_apply_per_lib :  ITTAPI function not implemented: __itt_counter_inc_v3
90860 : 0xd7a2eec00560 : 2 : ittapi_config_apply_per_lib :  ITTAPI function not implemented: __itt_counter_inc_delta_v3
90860 : 0xd7a2eec00b6d : 2 : ittapi_config_apply_per_lib :  ITTAPI function not implemented: __itt_counter_dec_v3
90860 : 0xd7a2eec010ca : 2 : ittapi_config_apply_per_lib :  ITTAPI function not implemented: __itt_counter_dec_delta_v3
90860 : 0xd7a2eec01789 : 2 : ittapi_config_apply_per_lib :  ITTAPI function not implemented: __itt_marker
90860 : 0xd7a2eec01efa : 2 : ittapi_config_apply_per_lib :  ITTAPI function instrumented: __itt_metadata_add
90860 : 0xd7a2eec025c7 : 2 : ittapi_config_apply_per_lib :  ITTAPI function not implemented: __itt_metadata_str_add
90860 : 0xd7a2eec02be4 : 2 : ittapi_config_apply_per_lib :  ITTAPI function not implemented: __itt_relation_add_to_current
90860 : 0xd7a2eec043bb : 2 : ittapi_config_apply_per_lib :  ITTAPI function not implemented: __itt_relation_add
90860 : 0xd7a2eec04940 : 2 : ittapi_config_apply_per_lib :  ITTAPI function instrumented: __itt_event_create
90860 : 0xd7a2eec04e8b : 2 : ittapi_config_apply_per_lib :  ITTAPI function instrumented: __itt_event_start
90860 : 0xd7a2eec053a4 : 2 : ittapi_config_apply_per_lib :  ITTAPI function instrumented: __itt_event_end
90860 : 0xd7a2eec057e2 : 2 : ittapi_config_apply_per_lib :  ITTAPI function NOT instrumented (not matched by --itt-config option): __itt_sync_set_name

90860 : 0xd7a2eec05c0f : 2 : ittapi_config_apply_per_lib :  ITTAPI function NOT instrumented (not matched by --itt-config option): __itt_notify_sync_name

90860 : 0xd7a2eec0601d : 2 : ittapi_config_apply_per_lib :  ITTAPI function NOT instrumented (not matched by --itt-config option): __itt_notify_sync_prepare

90860 : 0xd7a2eec063d5 : 2 : ittapi_config_apply_per_lib :  ITTAPI function NOT instrumented (not matched by --itt-config option): __itt_notify_sync_cancel

90860 : 0xd7a2eec0676b : 2 : ittapi_config_apply_per_lib :  ITTAPI function NOT instrumented (not matched by --itt-config option): __itt_notify_sync_acquired

90860 : 0xd7a2eec06ac3 : 2 : ittapi_config_apply_per_lib :  ITTAPI function NOT instrumented (not matched by --itt-config option): __itt_notify_sync_releasing

90860 : 0xd7a2eec08e7f : 2 : ittapi_config_apply_per_lib :  ITTAPI function not implemented: __itt_memory_read
90860 : 0xd7a2eec09599 : 2 : ittapi_config_apply_per_lib :  ITTAPI function not implemented: __itt_memory_write
90860 : 0xd7a2eec09c5c : 2 : ittapi_config_apply_per_lib :  ITTAPI function not implemented: __itt_memory_update
90860 : 0xd7a2eec0a2eb : 2 : ittapi_config_apply_per_lib :  ITTAPI function not implemented: __itt_state_get
90860 : 0xd7a2eec0a8db : 2 : ittapi_config_apply_per_lib :  ITTAPI function not implemented: __itt_state_set
90860 : 0xd7a2eec0ae8d : 2 : ittapi_config_apply_per_lib :  ITTAPI function not implemented: __itt_obj_mode_set
90860 : 0xd7a2eec0b468 : 2 : ittapi_config_apply_per_lib :  ITTAPI function not implemented: __itt_thr_mode_set
90860 : 0xd7a2eec0b948 : 2 : ittapi_config_apply_per_lib :  ITTAPI function instrumented: __itt_frame_create
90860 : 0xd7a2eec0be44 : 2 : ittapi_config_apply_per_lib :  ITTAPI function instrumented: __itt_pt_region_create
90860 : 0xd7a2eec0c46b : 2 : ittapi_config_apply_per_lib :  ITTAPI function instrumented: __itt_frame_begin
90860 : 0xd7a2eec0db2d : 2 : ittapi_config_apply_per_lib :  ITTAPI function instrumented: __itt_frame_end
90860 : 0xd7a2eec0e1ca : 2 : ittapi_config_apply_per_lib :  ITTAPI function not implemented: __itt_counter_destroy
90860 : 0xd7a2eec0e7d1 : 2 : ittapi_config_apply_per_lib :  ITTAPI function instrumented: __itt_counter_inc
90860 : 0xd7a2eec0ed46 : 2 : ittapi_config_apply_per_lib :  ITTAPI function instrumented: __itt_counter_inc_delta
90860 : 0xd7a2eec0f1ef : 2 : ittapi_config_apply_per_lib :  ITTAPI function instrumented: __itt_counter_dec
90860 : 0xd7a2eec0f76c : 2 : ittapi_config_apply_per_lib :  ITTAPI function instrumented: __itt_counter_dec_delta
90860 : 0xd7a2eec0fc14 : 2 : ittapi_config_apply_per_lib :  ITTAPI function instrumented: __itt_counter_set_value
90860 : 0xd7a2eec101d6 : 2 : ittapi_config_apply_per_lib :  ITTAPI function not implemented: __itt_counter_set_value_ex
90860 : 0xd7a2eec107e7 : 2 : ittapi_config_apply_per_lib :  ITTAPI function not implemented: __itt_mark_create
90860 : 0xd7a2eec10e47 : 2 : ittapi_config_apply_per_lib :  ITTAPI function not implemented: __itt_mark
90860 : 0xd7a2eec125b9 : 2 : ittapi_config_apply_per_lib :  ITTAPI function not implemented: __itt_mark_off
90860 : 0xd7a2eec12c19 : 2 : ittapi_config_apply_per_lib :  ITTAPI function not implemented: __itt_mark_global
90860 : 0xd7a2eec13252 : 2 : ittapi_config_apply_per_lib :  ITTAPI function not implemented: __itt_mark_global_off
90860 : 0xd7a2eec1392d : 2 : ittapi_config_apply_per_lib :  ITTAPI function instrumented: __itt_stack_caller_create
90860 : 0xd7a2eec13ef0 : 2 : ittapi_config_apply_per_lib :  ITTAPI function instrumented: __itt_stack_caller_destroy
90860 : 0xd7a2eec143cd : 2 : ittapi_config_apply_per_lib :  ITTAPI function instrumented: __itt_stack_callee_enter
90860 : 0xd7a2eec1488d : 2 : ittapi_config_apply_per_lib :  ITTAPI function instrumented: __itt_stack_callee_leave
90860 : 0xd7a2eec14e37 : 2 : ittapi_config_apply_per_lib :  ITTAPI function not implemented: __itt_clock_domain_create
90860 : 0xd7a2eec15472 : 2 : ittapi_config_apply_per_lib :  ITTAPI function not implemented: __itt_clock_domain_reset
90860 : 0xd7a2eec15ac6 : 2 : ittapi_config_apply_per_lib :  ITTAPI function not implemented: __itt_id_create_ex
90860 : 0xd7a2eec18aef : 2 : ittapi_config_apply_per_lib :  ITTAPI function not implemented: __itt_id_destroy_ex
90860 : 0xd7a2eec19105 : 2 : ittapi_config_apply_per_lib :  ITTAPI function not implemented: __itt_task_begin_ex
90860 : 0xd7a2eec196c3 : 2 : ittapi_config_apply_per_lib :  ITTAPI function not implemented: __itt_task_begin_fn_ex
90860 : 0xd7a2eec19c9d : 2 : ittapi_config_apply_per_lib :  ITTAPI function not implemented: __itt_task_end_ex
90860 : 0xd7a2eec1a211 : 2 : ittapi_config_apply_per_lib :  ITTAPI function instrumented: __itt_task_begin_overlapped
90860 : 0xd7a2eec1a7df : 2 : ittapi_config_apply_per_lib :  ITTAPI function not implemented: __itt_task_begin_overlapped_ex
90860 : 0xd7a2eec1ad28 : 2 : ittapi_config_apply_per_lib :  ITTAPI function instrumented: __itt_task_end_overlapped
90860 : 0xd7a2eec1b287 : 2 : ittapi_config_apply_per_lib :  ITTAPI function not implemented: __itt_task_end_overlapped_ex
90860 : 0xd7a2eec1b7fc : 2 : ittapi_config_apply_per_lib :  ITTAPI function not implemented: __itt_marker_ex
90860 : 0xd7a2eec1be85 : 2 : ittapi_config_apply_per_lib :  ITTAPI function not implemented: __itt_metadata_add_with_scope
90860 : 0xd7a2eec1d601 : 2 : ittapi_config_apply_per_lib :  ITTAPI function not implemented: __itt_metadata_str_add_with_scope
90860 : 0xd7a2eec1dc58 : 2 : ittapi_config_apply_per_lib :  ITTAPI function not implemented: __itt_relation_add_to_current_ex
90860 : 0xd7a2eec1e270 : 2 : ittapi_config_apply_per_lib :  ITTAPI function not implemented: __itt_relation_add_ex
90860 : 0xd7a2eec1e854 : 2 : ittapi_config_apply_per_lib :  ITTAPI function not implemented: __itt_track_group_create
90860 : 0xd7a2eec1ed99 : 2 : ittapi_config_apply_per_lib :  ITTAPI function not implemented: __itt_track_create
90860 : 0xd7a2eec1f363 : 2 : ittapi_config_apply_per_lib :  ITTAPI function not implemented: __itt_set_track
90860 : 0xd7a2eec1f87c : 2 : ittapi_config_apply_per_lib :  ITTAPI function instrumented: __itt_api_version
90860 : 0xd7a2eec1fe81 : 2 : ittapi_config_apply_per_lib :  ITTAPI function not implemented: __itt_av_save
90860 : 0xd7a2eec20374 : 2 : ittapi_config_apply_per_lib :  ITTAPI function instrumented: __itt_module_load
90860 : 0xd7a2eec208ee : 2 : ittapi_config_apply_per_lib :  ITTAPI function not implemented: __itt_module_unload
90860 : 0xd7a2eec21dc2 : 2 : ittapi_config_apply_per_lib :  ITTAPI function NOT instrumented (not matched by --itt-config option): __itt_histogram_submit

90860 : 0xd7a300a18d59 : 2 : ittapi_config_mask_get :  --itt-config mask to be applied: 55
90860 : 0xd7a300a1c433 : 2 : ittapi_config_apply_per_lib :  ITTAPI function instrumented: __itt_domain_create
90860 : 0xd7a300a1cf14 : 2 : ittapi_config_apply_per_lib :  ITTAPI function instrumented: __itt_module_load_with_sections
90860 : 0xd7a300a1d840 : 2 : ittapi_config_apply_per_lib :  ITTAPI function not implemented: __itt_module_unload_with_sections
90860 : 0xd7a300a1e12b : 2 : ittapi_config_apply_per_lib :  ITTAPI function instrumented: __itt_string_handle_create
90860 : 0xd7a300a1e822 : 2 : ittapi_config_apply_per_lib :  ITTAPI function instrumented: __itt_counter_create
90860 : 0xd7a300a1ede0 : 2 : ittapi_config_apply_per_lib :  ITTAPI function instrumented: __itt_counter_create_typed
90860 : 0xd7a300a1f477 : 2 : ittapi_config_apply_per_lib :  ITTAPI function instrumented: __itt_pause
90860 : 0xd7a300a1f9ee : 2 : ittapi_config_apply_per_lib :  ITTAPI function instrumented: __itt_resume
90860 : 0xd7a300a2d46b : 2 : ittapi_config_apply_per_lib :  ITTAPI function not implemented: __itt_pause_scoped
90860 : 0xd7a300a2dc94 : 2 : ittapi_config_apply_per_lib :  ITTAPI function not implemented: __itt_resume_scoped
90860 : 0xd7a300a2e37b : 2 : ittapi_config_apply_per_lib :  ITTAPI function instrumented: __itt_thread_set_name
90860 : 0xd7a300a2e94c : 2 : ittapi_config_apply_per_lib :  ITTAPI function instrumented: __itt_thread_ignore
90860 : 0xd7a300a2ee44 : 2 : ittapi_config_apply_per_lib :  ITTAPI function instrumented: __itt_thr_name_set
90860 : 0xd7a300a2f428 : 2 : ittapi_config_apply_per_lib :  ITTAPI function instrumented: __itt_thr_ignore
90860 : 0xd7a300a2f983 : 2 : ittapi_config_apply_per_lib :  ITTAPI function instrumented: __itt_histogram_create
90860 : 0xd7a300a2ff90 : 2 : ittapi_config_apply_per_lib :  ITTAPI function instrumented: __itt_counter_create_v3
90860 : 0xd7a300a30512 : 2 : ittapi_config_apply_per_lib :  ITTAPI function instrumented: __itt_bind_context_metadata_to_counter
90860 : 0xd7a300a30cbb : 2 : ittapi_config_apply_per_lib :  ITTAPI function not implemented: __itt_enable_attach
90860 : 0xd7a300a3726b : 2 : ittapi_config_apply_per_lib :  ITTAPI function instrumented: __itt_detach
90860 : 0xd7a300a37815 : 2 : ittapi_config_apply_per_lib :  ITTAPI function NOT instrumented (not matched by --itt-config option): __itt_sync_create

90860 : 0xd7a300a37ebc : 2 : ittapi_config_apply_per_lib :  ITTAPI function NOT instrumented (not matched by --itt-config option): __itt_sync_rename

90860 : 0xd7a300a3825a : 2 : ittapi_config_apply_per_lib :  ITTAPI function NOT instrumented (not matched by --itt-config option): __itt_sync_destroy

90860 : 0xd7a300a38672 : 2 : ittapi_config_apply_per_lib :  ITTAPI function NOT instrumented (not matched by --itt-config option): __itt_sync_prepare

90860 : 0xd7a300a38a42 : 2 : ittapi_config_apply_per_lib :  ITTAPI function NOT instrumented (not matched by --itt-config option): __itt_sync_cancel

90860 : 0xd7a300a38dae : 2 : ittapi_config_apply_per_lib :  ITTAPI function NOT instrumented (not matched by --itt-config option): __itt_sync_acquired

90860 : 0xd7a300a39152 : 2 : ittapi_config_apply_per_lib :  ITTAPI function NOT instrumented (not matched by --itt-config option): __itt_sync_releasing

90860 : 0xd7a300a39854 : 2 : ittapi_config_apply_per_lib :  ITTAPI function not implemented: __itt_suppress_push
90860 : 0xd7a300a39ffe : 2 : ittapi_config_apply_per_lib :  ITTAPI function not implemented: __itt_suppress_pop
90860 : 0xd7a300a3b8cd : 2 : ittapi_config_apply_per_lib :  ITTAPI function not implemented: __itt_suppress_mark_range
90860 : 0xd7a300a3bfcb : 2 : ittapi_config_apply_per_lib :  ITTAPI function not implemented: __itt_suppress_clear_range
90860 : 0xd7a300a3c373 : 2 : ittapi_config_apply_per_lib :  ITTAPI function NOT instrumented (not matched by --itt-config option): __itt_sync_prepare

90860 : 0xd7a300a3c732 : 2 : ittapi_config_apply_per_lib :  ITTAPI function NOT instrumented (not matched by --itt-config option): __itt_sync_cancel

90860 : 0xd7a300a3ca9b : 2 : ittapi_config_apply_per_lib :  ITTAPI function NOT instrumented (not matched by --itt-config option): __itt_sync_acquired

90860 : 0xd7a300a3ce36 : 2 : ittapi_config_apply_per_lib :  ITTAPI function NOT instrumented (not matched by --itt-config option): __itt_sync_releasing

90860 : 0xd7a300a3d286 : 2 : ittapi_config_apply_per_lib :  ITTAPI function NOT instrumented (not matched by --itt-config option): __itt_model_site_begin

90860 : 0xd7a300a3d697 : 2 : ittapi_config_apply_per_lib :  ITTAPI function NOT instrumented (not matched by --itt-config option): __itt_model_site_end

90860 : 0xd7a300a3daaf : 2 : ittapi_config_apply_per_lib :  ITTAPI function NOT instrumented (not matched by --itt-config option): __itt_model_task_begin

90860 : 0xd7a300a3def3 : 2 : ittapi_config_apply_per_lib :  ITTAPI function NOT instrumented (not matched by --itt-config option): __itt_model_task_end

90860 : 0xd7a300a3f5bb : 2 : ittapi_config_apply_per_lib :  ITTAPI function NOT instrumented (not matched by --itt-config option): __itt_model_lock_acquire

90860 : 0xd7a300a3fb48 : 2 : ittapi_config_apply_per_lib :  ITTAPI function NOT instrumented (not matched by --itt-config option): __itt_model_lock_release

90860 : 0xd7a300a3ffc3 : 2 : ittapi_config_apply_per_lib :  ITTAPI function NOT instrumented (not matched by --itt-config option): __itt_model_record_allocation

90860 : 0xd7a300a40353 : 2 : ittapi_config_apply_per_lib :  ITTAPI function NOT instrumented (not matched by --itt-config option): __itt_model_record_deallocation

90860 : 0xd7a300a4066c : 2 : ittapi_config_apply_per_lib :  ITTAPI function NOT instrumented (not matched by --itt-config option): __itt_model_induction_uses

90860 : 0xd7a300a40956 : 2 : ittapi_config_apply_per_lib :  ITTAPI function NOT instrumented (not matched by --itt-config option): __itt_model_reduction_uses

90860 : 0xd7a300a40c7d : 2 : ittapi_config_apply_per_lib :  ITTAPI function NOT instrumented (not matched by --itt-config option): __itt_model_observe_uses

90860 : 0xd7a300a40f67 : 2 : ittapi_config_apply_per_lib :  ITTAPI function NOT instrumented (not matched by --itt-config option): __itt_model_clear_uses

90860 : 0xd7a300a4125b : 2 : ittapi_config_apply_per_lib :  ITTAPI function NOT instrumented (not matched by --itt-config option): __itt_model_site_beginA

90860 : 0xd7a300a4154c : 2 : ittapi_config_apply_per_lib :  ITTAPI function NOT instrumented (not matched by --itt-config option): __itt_model_site_beginAL

90860 : 0xd7a300a436d8 : 2 : ittapi_config_apply_per_lib :  ITTAPI function NOT instrumented (not matched by --itt-config option): __itt_model_task_beginA

90860 : 0xd7a300a43a68 : 2 : ittapi_config_apply_per_lib :  ITTAPI function NOT instrumented (not matched by --itt-config option): __itt_model_task_beginAL

90860 : 0xd7a300a43dca : 2 : ittapi_config_apply_per_lib :  ITTAPI function NOT instrumented (not matched by --itt-config option): __itt_model_iteration_taskA

90860 : 0xd7a300a440e6 : 2 : ittapi_config_apply_per_lib :  ITTAPI function NOT instrumented (not matched by --itt-config option): __itt_model_iteration_taskAL

90860 : 0xd7a300a443eb : 2 : ittapi_config_apply_per_lib :  ITTAPI function NOT instrumented (not matched by --itt-config option): __itt_model_site_end_2

90860 : 0xd7a300a446ef : 2 : ittapi_config_apply_per_lib :  ITTAPI function NOT instrumented (not matched by --itt-config option): __itt_model_task_end_2

90860 : 0xd7a300a449e2 : 2 : ittapi_config_apply_per_lib :  ITTAPI function NOT instrumented (not matched by --itt-config option): __itt_model_lock_acquire_2

90860 : 0xd7a300a44cc6 : 2 : ittapi_config_apply_per_lib :  ITTAPI function NOT instrumented (not matched by --itt-config option): __itt_model_lock_release_2

90860 : 0xd7a300a44fb2 : 2 : ittapi_config_apply_per_lib :  ITTAPI function NOT instrumented (not matched by --itt-config option): __itt_model_aggregate_task

90860 : 0xd7a300a45298 : 2 : ittapi_config_apply_per_lib :  ITTAPI function NOT instrumented (not matched by --itt-config option): __itt_model_disable_push

90860 : 0xd7a300a46654 : 2 : ittapi_config_apply_per_lib :  ITTAPI function NOT instrumented (not matched by --itt-config option): __itt_model_disable_pop

90860 : 0xd7a300a46c2e : 2 : ittapi_config_apply_per_lib :  ITTAPI function instrumented: __itt_heap_function_create
90860 : 0xd7a300a47233 : 2 : ittapi_config_apply_per_lib :  ITTAPI function instrumented: __itt_heap_allocate_begin
90860 : 0xd7a300a4767d : 2 : ittapi_config_apply_per_lib :  ITTAPI function instrumented: __itt_heap_allocate_end
90860 : 0xd7a300a47b18 : 2 : ittapi_config_apply_per_lib :  ITTAPI function instrumented: __itt_heap_free_begin
90860 : 0xd7a300a47f70 : 2 : ittapi_config_apply_per_lib :  ITTAPI function instrumented: __itt_heap_free_end
90860 : 0xd7a300a48440 : 2 : ittapi_config_apply_per_lib :  ITTAPI function instrumented: __itt_heap_reallocate_begin
90860 : 0xd7a300a4888c : 2 : ittapi_config_apply_per_lib :  ITTAPI function instrumented: __itt_heap_reallocate_end
90860 : 0xd7a300a48f31 : 2 : ittapi_config_apply_per_lib :  ITTAPI function not implemented: __itt_heap_internal_access_begin
90860 : 0xd7a300a495dd : 2 : ittapi_config_apply_per_lib :  ITTAPI function not implemented: __itt_heap_internal_access_end
90860 : 0xd7a300a4ae58 : 2 : ittapi_config_apply_per_lib :  ITTAPI function not implemented: __itt_heap_record_memory_growth_begin
90860 : 0xd7a300a4b4a4 : 2 : ittapi_config_apply_per_lib :  ITTAPI function not implemented: __itt_heap_record_memory_growth_end
90860 : 0xd7a300a4ba95 : 2 : ittapi_config_apply_per_lib :  ITTAPI function not implemented: __itt_heap_reset_detection
90860 : 0xd7a300a4c10d : 2 : ittapi_config_apply_per_lib :  ITTAPI function not implemented: __itt_heap_record
90860 : 0xd7a300a4c722 : 2 : ittapi_config_apply_per_lib :  ITTAPI function not implemented: __itt_id_create
90860 : 0xd7a300a4cd2d : 2 : ittapi_config_apply_per_lib :  ITTAPI function not implemented: __itt_id_destroy
90860 : 0xd7a300a4d34a : 2 : ittapi_config_apply_per_lib :  ITTAPI function instrumented: __itt_get_timestamp
90860 : 0xd7a300a4d8ca : 2 : ittapi_config_apply_per_lib :  ITTAPI function not implemented: __itt_region_begin
90860 : 0xd7a300a4def3 : 2 : ittapi_config_apply_per_lib :  ITTAPI function not implemented: __itt_region_end
90860 : 0xd7a300a4e493 : 2 : ittapi_config_apply_per_lib :  ITTAPI function instrumented: __itt_frame_begin_v3
90860 : 0xd7a300a505ac : 2 : ittapi_config_apply_per_lib :  ITTAPI function instrumented: __itt_frame_end_v3
90860 : 0xd7a300a50b2f : 2 : ittapi_config_apply_per_lib :  ITTAPI function instrumented: __itt_frame_submit_v3
90860 : 0xd7a300a511f2 : 2 : ittapi_config_apply_per_lib :  ITTAPI function not implemented: __itt_task_group
90860 : 0xd7a300a51790 : 2 : ittapi_config_apply_per_lib :  ITTAPI function instrumented: __itt_task_begin
90860 : 0xd7a300a51d24 : 2 : ittapi_config_apply_per_lib :  ITTAPI function instrumented: __itt_task_begin_fn
90860 : 0xd7a300a5226b : 2 : ittapi_config_apply_per_lib :  ITTAPI function instrumented: __itt_task_end
90860 : 0xd7a300a528e1 : 2 : ittapi_config_apply_per_lib :  ITTAPI function not implemented: __itt_counter_inc_v3
90860 : 0xd7a300a52f16 : 2 : ittapi_config_apply_per_lib :  ITTAPI function not implemented: __itt_counter_inc_delta_v3
90860 : 0xd7a300a534fb : 2 : ittapi_config_apply_per_lib :  ITTAPI function not implemented: __itt_counter_dec_v3
90860 : 0xd7a300a53a84 : 2 : ittapi_config_apply_per_lib :  ITTAPI function not implemented: __itt_counter_dec_delta_v3
90860 : 0xd7a300a551e0 : 2 : ittapi_config_apply_per_lib :  ITTAPI function not implemented: __itt_marker
90860 : 0xd7a300a55814 : 2 : ittapi_config_apply_per_lib :  ITTAPI function instrumented: __itt_metadata_add
90860 : 0xd7a300a55e86 : 2 : ittapi_config_apply_per_lib :  ITTAPI function not implemented: __itt_metadata_str_add
90860 : 0xd7a300a5648f : 2 : ittapi_config_apply_per_lib :  ITTAPI function not implemented: __itt_relation_add_to_current
90860 : 0xd7a300a56ae9 : 2 : ittapi_config_apply_per_lib :  ITTAPI function not implemented: __itt_relation_add
90860 : 0xd7a300a56fd6 : 2 : ittapi_config_apply_per_lib :  ITTAPI function instrumented: __itt_event_create
90860 : 0xd7a300a574e5 : 2 : ittapi_config_apply_per_lib :  ITTAPI function instrumented: __itt_event_start
90860 : 0xd7a300a579fb : 2 : ittapi_config_apply_per_lib :  ITTAPI function instrumented: __itt_event_end
90860 : 0xd7a300a57e06 : 2 : ittapi_config_apply_per_lib :  ITTAPI function NOT instrumented (not matched by --itt-config option): __itt_sync_set_name

90860 : 0xd7a300a58246 : 2 : ittapi_config_apply_per_lib :  ITTAPI function NOT instrumented (not matched by --itt-config option): __itt_notify_sync_name

90860 : 0xd7a300a5976e : 2 : ittapi_config_apply_per_lib :  ITTAPI function NOT instrumented (not matched by --itt-config option): __itt_notify_sync_prepare

90860 : 0xd7a300a59b63 : 2 : ittapi_config_apply_per_lib :  ITTAPI function NOT instrumented (not matched by --itt-config option): __itt_notify_sync_cancel

90860 : 0xd7a300a59f42 : 2 : ittapi_config_apply_per_lib :  ITTAPI function NOT instrumented (not matched by --itt-config option): __itt_notify_sync_acquired

90860 : 0xd7a300a5a2a3 : 2 : ittapi_config_apply_per_lib :  ITTAPI function NOT instrumented (not matched by --itt-config option): __itt_notify_sync_releasing

90860 : 0xd7a300a5a9e8 : 2 : ittapi_config_apply_per_lib :  ITTAPI function not implemented: __itt_memory_read
90860 : 0xd7a300a5b08f : 2 : ittapi_config_apply_per_lib :  ITTAPI function not implemented: __itt_memory_write
90860 : 0xd7a300a5b778 : 2 : ittapi_config_apply_per_lib :  ITTAPI function not implemented: __itt_memory_update
90860 : 0xd7a300a5bdd8 : 2 : ittapi_config_apply_per_lib :  ITTAPI function not implemented: __itt_state_get
90860 : 0xd7a300a5c3b6 : 2 : ittapi_config_apply_per_lib :  ITTAPI function not implemented: __itt_state_set
90860 : 0xd7a300a5c942 : 2 : ittapi_config_apply_per_lib :  ITTAPI function not implemented: __itt_obj_mode_set
90860 : 0xd7a300a5e9e8 : 2 : ittapi_config_apply_per_lib :  ITTAPI function not implemented: __itt_thr_mode_set
90860 : 0xd7a300a5ef45 : 2 : ittapi_config_apply_per_lib :  ITTAPI function instrumented: __itt_frame_create
90860 : 0xd7a300a5f488 : 2 : ittapi_config_apply_per_lib :  ITTAPI function instrumented: __itt_pt_region_create
90860 : 0xd7a300a5fa68 : 2 : ittapi_config_apply_per_lib :  ITTAPI function instrumented: __itt_frame_begin
90860 : 0xd7a300a5ff9d : 2 : ittapi_config_apply_per_lib :  ITTAPI function instrumented: __itt_frame_end
90860 : 0xd7a300a6061b : 2 : ittapi_config_apply_per_lib :  ITTAPI function not implemented: __itt_counter_destroy
90860 : 0xd7a300a60b97 : 2 : ittapi_config_apply_per_lib :  ITTAPI function instrumented: __itt_counter_inc
90860 : 0xd7a300a6109f : 2 : ittapi_config_apply_per_lib :  ITTAPI function instrumented: __itt_counter_inc_delta
90860 : 0xd7a300a615a7 : 2 : ittapi_config_apply_per_lib :  ITTAPI function instrumented: __itt_counter_dec
90860 : 0xd7a300a61afa : 2 : ittapi_config_apply_per_lib :  ITTAPI function instrumented: __itt_counter_dec_delta
90860 : 0xd7a300a63128 : 2 : ittapi_config_apply_per_lib :  ITTAPI function instrumented: __itt_counter_set_value
90860 : 0xd7a300a637a9 : 2 : ittapi_config_apply_per_lib :  ITTAPI function not implemented: __itt_counter_set_value_ex
90860 : 0xd7a300a63dc0 : 2 : ittapi_config_apply_per_lib :  ITTAPI function not implemented: __itt_mark_create
90860 : 0xd7a300a643db : 2 : ittapi_config_apply_per_lib :  ITTAPI function not implemented: __itt_mark
90860 : 0xd7a300a649f4 : 2 : ittapi_config_apply_per_lib :  ITTAPI function not implemented: __itt_mark_off
90860 : 0xd7a300a64fff : 2 : ittapi_config_apply_per_lib :  ITTAPI function not implemented: __itt_mark_global
90860 : 0xd7a300a655b5 : 2 : ittapi_config_apply_per_lib :  ITTAPI function not implemented: __itt_mark_global_off
90860 : 0xd7a300a65c4e : 2 : ittapi_config_apply_per_lib :  ITTAPI function instrumented: __itt_stack_caller_create
90860 : 0xd7a300a661c3 : 2 : ittapi_config_apply_per_lib :  ITTAPI function instrumented: __itt_stack_caller_destroy
90860 : 0xd7a300a666d7 : 2 : ittapi_config_apply_per_lib :  ITTAPI function instrumented: __itt_stack_callee_enter
90860 : 0xd7a300a67c5c : 2 : ittapi_config_apply_per_lib :  ITTAPI function instrumented: __itt_stack_callee_leave
90860 : 0xd7a300a68281 : 2 : ittapi_config_apply_per_lib :  ITTAPI function not implemented: __itt_clock_domain_create
90860 : 0xd7a300a68914 : 2 : ittapi_config_apply_per_lib :  ITTAPI function not implemented: __itt_clock_domain_reset
90860 : 0xd7a300a68fa2 : 2 : ittapi_config_apply_per_lib :  ITTAPI function not implemented: __itt_id_create_ex
90860 : 0xd7a300a69593 : 2 : ittapi_config_apply_per_lib :  ITTAPI function not implemented: __itt_id_destroy_ex
90860 : 0xd7a300a69b5b : 2 : ittapi_config_apply_per_lib :  ITTAPI function not implemented: __itt_task_begin_ex
90860 : 0xd7a300a6a075 : 2 : ittapi_config_apply_per_lib :  ITTAPI function not implemented: __itt_task_begin_fn_ex
90860 : 0xd7a300a6a644 : 2 : ittapi_config_apply_per_lib :  ITTAPI function not implemented: __itt_task_end_ex
90860 : 0xd7a300a6ac16 : 2 : ittapi_config_apply_per_lib :  ITTAPI function instrumented: __itt_task_begin_overlapped
90860 : 0xd7a300a6b1a2 : 2 : ittapi_config_apply_per_lib :  ITTAPI function not implemented: __itt_task_begin_overlapped_ex
90860 : 0xd7a300a6c81d : 2 : ittapi_config_apply_per_lib :  ITTAPI function instrumented: __itt_task_end_overlapped
90860 : 0xd7a300a6ce04 : 2 : ittapi_config_apply_per_lib :  ITTAPI function not implemented: __itt_task_end_overlapped_ex
90860 : 0xd7a300a6d3a5 : 2 : ittapi_config_apply_per_lib :  ITTAPI function not implemented: __itt_marker_ex
90860 : 0xd7a300a6d9d9 : 2 : ittapi_config_apply_per_lib :  ITTAPI function not implemented: __itt_metadata_add_with_scope
90860 : 0xd7a300a6e014 : 2 : ittapi_config_apply_per_lib :  ITTAPI function not implemented: __itt_metadata_str_add_with_scope
90860 : 0xd7a300a6e61d : 2 : ittapi_config_apply_per_lib :  ITTAPI function not implemented: __itt_relation_add_to_current_ex
90860 : 0xd7a300a6eb66 : 2 : ittapi_config_apply_per_lib :  ITTAPI function not implemented: __itt_relation_add_ex
90860 : 0xd7a300a6f12d : 2 : ittapi_config_apply_per_lib :  ITTAPI function not implemented: __itt_track_group_create
90860 : 0xd7a300a6f65f : 2 : ittapi_config_apply_per_lib :  ITTAPI function not implemented: __itt_track_create
90860 : 0xd7a300a6fbd0 : 2 : ittapi_config_apply_per_lib :  ITTAPI function not implemented: __itt_set_track
90860 : 0xd7a300a722b6 : 2 : ittapi_config_apply_per_lib :  ITTAPI function instrumented: __itt_api_version
90860 : 0xd7a300a728f3 : 2 : ittapi_config_apply_per_lib :  ITTAPI function not implemented: __itt_av_save
90860 : 0xd7a300a72e75 : 2 : ittapi_config_apply_per_lib :  ITTAPI function instrumented: __itt_module_load
90860 : 0xd7a300a73470 : 2 : ittapi_config_apply_per_lib :  ITTAPI function not implemented: __itt_module_unload
90860 : 0xd7a300a73861 : 2 : ittapi_config_apply_per_lib :  ITTAPI function NOT instrumented (not matched by --itt-config option): __itt_histogram_submit

90860 : 0xd7a300a73d85 : 2 : ittapi_config_apply_per_lib :  ITTAPI function instrumented: __itt_counter_set_value_v3