
71703 : 0xcf0d3b0c1cf2 : 1 : spill_jit_data :  Jit agent is not initialized
71685 : 0xcf0d3b0c9750 : 2 : ittapi_config_mask_get :  --itt-config mask to be applied: 55
71685 : 0xcf0d3b0ce1ea : 2 : ittapi_config_apply_per_lib :  ITTAPI function instrumented: __itt_domain_create
71685 : 0xcf0d3b0cf4d7 : 2 : ittapi_config_apply_per_lib :  ITTAPI function instrumented: __itt_module_load_with_sections
71685 : 0xcf0d3b0d0d80 : 2 : ittapi_config_apply_per_lib :  ITTAPI function not implemented: __itt_module_unload_with_sections
71685 : 0xcf0d3b0d1a7f : 2 : ittapi_config_apply_per_lib :  ITTAPI function instrumented: __itt_string_handle_create
71685 : 0xcf0d3b0d21f6 : 2 : ittapi_config_apply_per_lib :  ITTAPI function instrumented: __itt_counter_create
71685 : 0xcf0d3b0d2981 : 2 : ittapi_config_apply_per_lib :  ITTAPI function instrumented: __itt_counter_create_typed
71685 : 0xcf0d3b0d3112 : 2 : ittapi_config_apply_per_lib :  ITTAPI function instrumented: __itt_pause
71685 : 0xcf0d3b0d3929 : 2 : ittapi_config_apply_per_lib :  ITTAPI function instrumented: __itt_resume
71685 : 0xcf0d3b0e360b : 2 : ittapi_config_apply_per_lib :  ITTAPI function instrumented: __itt_thread_set_name
71685 : 0xcf0d3b0e441a : 2 : ittapi_config_apply_per_lib :  ITTAPI function instrumented: __itt_thread_ignore
71685 : 0xcf0d3b0e4c3d : 2 : ittapi_config_apply_per_lib :  ITTAPI function instrumented: __itt_thr_name_set
71685 : 0xcf0d3b0e54e9 : 2 : ittapi_config_apply_per_lib :  ITTAPI function instrumented: __itt_thr_ignore
71685 : 0xcf0d3b0e5cd6 : 2 : ittapi_config_apply_per_lib :  ITTAPI function instrumented: __itt_histogram_create
71685 : 0xcf0d3b0e6b2a : 2 : ittapi_config_apply_per_lib :  ITTAPI function not implemented: __itt_enable_attach
71685 : 0xcf0d3b0e746e : 2 : ittapi_config_apply_per_lib :  ITTAPI function instrumented: __itt_detach
71685 : 0xcf0d3b0e7aca : 2 : ittapi_config_apply_per_lib :  ITTAPI function NOT instrumented (not matched by --itt-config option): __itt_sync_create

71685 : 0xcf0d3b0e8231 : 2 : ittapi_config_apply_per_lib :  ITTAPI function NOT instrumented (not matched by --itt-config option): __itt_sync_rename

71685 : 0xcf0d3b0e8815 : 2 : ittapi_config_apply_per_lib :  ITTAPI function NOT instrumented (not matched by --itt-config option): __itt_sync_destroy

71685 : 0xcf0d3b0ec634 : 2 : ittapi_config_apply_per_lib :  ITTAPI function NOT instrumented (not matched by --itt-config option): __itt_sync_prepare

71685 : 0xcf0d3b0ecfdb : 2 : ittapi_config_apply_per_lib :  ITTAPI function NOT instrumented (not matched by --itt-config option): __itt_sync_cancel

71685 : 0xcf0d3b0ed60f : 2 : ittapi_config_apply_per_lib :  ITTAPI function NOT instrumented (not matched by --itt-config option): __itt_sync_acquired

71685 : 0xcf0d3b0edbf1 : 2 : ittapi_config_apply_per_lib :  ITTAPI function NOT instrumented (not matched by --itt-config option): __itt_sync_releasing

71685 : 0xcf0d3b0eebe8 : 2 : ittapi_config_apply_per_lib :  ITTAPI function not implemented: __itt_suppress_push
71685 : 0xcf0d3b0ef819 : 2 : ittapi_config_apply_per_lib :  ITTAPI function not implemented: __itt_suppress_pop
71685 : 0xcf0d3b0f01ec : 2 : ittapi_config_apply_per_lib :  ITTAPI function not implemented: __itt_suppress_mark_range
71685 : 0xcf0d3b0f0c07 : 2 : ittapi_config_apply_per_lib :  ITTAPI function not implemented: __itt_suppress_clear_range
71685 : 0xcf0d3b0f11dd : 2 : ittapi_config_apply_per_lib :  ITTAPI function NOT instrumented (not matched by --itt-config option): __itt_sync_prepare

71685 : 0xcf0d3b0f17de : 2 : ittapi_config_apply_per_lib :  ITTAPI function NOT instrumented (not matched by --itt-config option): __itt_sync_cancel

71685 : 0xcf0d3b0f475e : 2 : ittapi_config_apply_per_lib :  ITTAPI function NOT instrumented (not matched by --itt-config option): __itt_sync_acquired

71685 : 0xcf0d3b0f4e75 : 2 : ittapi_config_apply_per_lib :  ITTAPI function NOT instrumented (not matched by --itt-config option): __itt_sync_releasing

71685 : 0xcf0d3b0f5518 : 2 : ittapi_config_apply_per_lib :  ITTAPI function NOT instrumented (not matched by --itt-config option): __itt_model_site_begin

71685 : 0xcf0d3b0f5bd7 : 2 : ittapi_config_apply_per_lib :  ITTAPI function NOT instrumented (not matched by --itt-config option): __itt_model_site_end

71685 : 0xcf0d3b0f6217 : 2 : ittapi_config_apply_per_lib :  ITTAPI function NOT instrumented (not matched by --itt-config option): __itt_model_task_begin

71685 : 0xcf0d3b0f69f3 : 2 : ittapi_config_apply_per_lib :  ITTAPI function NOT instrumented (not matched by --itt-config option): __itt_model_task_end

71685 : 0xcf0d3b0f703d : 2 : ittapi_config_apply_per_lib :  ITTAPI function NOT instrumented (not matched by --itt-config option): __itt_model_lock_acquire

71685 : 0xcf0d3b0f7728 : 2 : ittapi_config_apply_per_lib :  ITTAPI function NOT instrumented (not matched by --itt-config option): __itt_model_lock_release

71685 : 0xcf0d3b0f7d8a : 2 : ittapi_config_apply_per_lib :  ITTAPI function NOT instrumented (not matched by --itt-config option): __itt_model_record_allocation

71685 : 0xcf0d3b0f82f5 : 2 : ittapi_config_apply_per_lib :  ITTAPI function NOT instrumented (not matched by --itt-config option): __itt_model_record_deallocation

71685 : 0xcf0d3b0fd759 : 2 : ittapi_config_apply_per_lib :  ITTAPI function NOT instrumented (not matched by --itt-config option): __itt_model_induction_uses

71685 : 0xcf0d3b0fe0d7 : 2 : ittapi_config_apply_per_lib :  ITTAPI function NOT instrumented (not matched by --itt-config option): __itt_model_reduction_uses

71685 : 0xcf0d3b0fe65d : 2 : ittapi_config_apply_per_lib :  ITTAPI function NOT instrumented (not matched by --itt-config option): __itt_model_observe_uses

71685 : 0xcf0d3b0feb83 : 2 : ittapi_config_apply_per_lib :  ITTAPI function NOT instrumented (not matched by --itt-config option): __itt_model_clear_uses

71685 : 0xcf0d3b0ff0ac : 2 : ittapi_config_apply_per_lib :  ITTAPI function NOT instrumented (not matched by --itt-config option): __itt_model_site_beginA

71685 : 0xcf0d3b0ff5c6 : 2 : ittapi_config_apply_per_lib :  ITTAPI function NOT instrumented (not matched by --itt-config option): __itt_model_site_beginAL

71685 : 0xcf0d3b0ffae3 : 2 : ittapi_config_apply_per_lib :  ITTAPI function NOT instrumented (not matched by --itt-config option): __itt_model_task_beginA

71685 : 0xcf0d3b0ffff9 : 2 : ittapi_config_apply_per_lib :  ITTAPI function NOT instrumented (not matched by --itt-config option): __itt_model_task_beginAL

71685 : 0xcf0d3b100507 : 2 : ittapi_config_apply_per_lib :  ITTAPI function NOT instrumented (not matched by --itt-config option): __itt_model_iteration_taskA

71685 : 0xcf0d3b100a23 : 2 : ittapi_config_apply_per_lib :  ITTAPI function NOT instrumented (not matched by --itt-config option): __itt_model_iteration_taskAL

71685 : 0xcf0d3b103454 : 2 : ittapi_config_apply_per_lib :  ITTAPI function NOT instrumented (not matched by --itt-config option): __itt_model_site_end_2

71685 : 0xcf0d3b103a6d : 2 : ittapi_config_apply_per_lib :  ITTAPI function NOT instrumented (not matched by --itt-config option): __itt_model_task_end_2

71685 : 0xcf0d3b103f84 : 2 : ittapi_config_apply_per_lib :  ITTAPI function NOT instrumented (not matched by --itt-config option): __itt_model_lock_acquire_2

71685 : 0xcf0d3b1044a6 : 2 : ittapi_config_apply_per_lib :  ITTAPI function NOT instrumented (not matched by --itt-config option): __itt_model_lock_release_2

71685 : 0xcf0d3b1049be : 2 : ittapi_config_apply_per_lib :  ITTAPI function NOT instrumented (not matched by --itt-config option): __itt_model_aggregate_task

71685 : 0xcf0d3b104ecd : 2 : ittapi_config_apply_per_lib :  ITTAPI function NOT instrumented (not matched by --itt-config option): __itt_model_disable_push

71685 : 0xcf0d3b1053e3 : 2 : ittapi_config_apply_per_lib :  ITTAPI function NOT instrumented (not matched by --itt-config option): __itt_model_disable_pop

71685 : 0xcf0d3b105f94 : 2 : ittapi_config_apply_per_lib :  ITTAPI function instrumented: __itt_heap_function_create
71685 : 0xcf0d3b106822 : 2 : ittapi_config_apply_per_lib :  ITTAPI function instrumented: __itt_heap_allocate_begin
71685 : 0xcf0d3b106f30 : 2 : ittapi_config_apply_per_lib :  ITTAPI function instrumented: __itt_heap_allocate_end
71685 : 0xcf0d3b10be89 : 2 : ittapi_config_apply_per_lib :  ITTAPI function instrumented: __itt_heap_free_begin
71685 : 0xcf0d3b10c9c1 : 2 : ittapi_config_apply_per_lib :  ITTAPI function instrumented: __itt_heap_free_end
71685 : 0xcf0d3b10d12f : 2 : ittapi_config_apply_per_lib :  ITTAPI function instrumented: __itt_heap_reallocate_begin
71685 : 0xcf0d3b10d7f6 : 2 : ittapi_config_apply_per_lib :  ITTAPI function instrumented: __itt_heap_reallocate_end
71685 : 0xcf0d3b10e274 : 2 : ittapi_config_apply_per_lib :  ITTAPI function not implemented: __itt_heap_internal_access_begin
71685 : 0xcf0d3b10ec6a : 2 : ittapi_config_apply_per_lib :  ITTAPI function not implemented: __itt_heap_internal_access_end
71685 : 0xcf0d3b10f5e3 : 2 : ittapi_config_apply_per_lib :  ITTAPI function not implemented: __itt_heap_record_memory_growth_begin
71685 : 0xcf0d3b10fe7d : 2 : ittapi_config_apply_per_lib :  ITTAPI function not implemented: __itt_heap_record_memory_growth_end
71685 : 0xcf0d3b1106f7 : 2 : ittapi_config_apply_per_lib :  ITTAPI function not implemented: __itt_heap_reset_detection
71685 : 0xcf0d3b11130d : 2 : ittapi_config_apply_per_lib :  ITTAPI function not implemented: __itt_heap_record
71685 : 0xcf0d3b114857 : 2 : ittapi_config_apply_per_lib :  ITTAPI function not implemented: __itt_id_create
71685 : 0xcf0d3b11557c : 2 : ittapi_config_apply_per_lib :  ITTAPI function not implemented: __itt_id_destroy
71685 : 0xcf0d3b115e61 : 2 : ittapi_config_apply_per_lib :  ITTAPI function instrumented: __itt_get_timestamp
71685 : 0xcf0d3b11671f : 2 : ittapi_config_apply_per_lib :  ITTAPI function not implemented: __itt_region_begin
71685 : 0xcf0d3b116fad : 2 : ittapi_config_apply_per_lib :  ITTAPI function not implemented: __itt_region_end
71685 : 0xcf0d3b117798 : 2 : ittapi_config_apply_per_lib :  ITTAPI function instrumented: __itt_frame_begin_v3
71685 : 0xcf0d3b117f9c : 2 : ittapi_config_apply_per_lib :  ITTAPI function instrumented: __itt_frame_end_v3
71685 : 0xcf0d3b118762 : 2 : ittapi_config_apply_per_lib :  ITTAPI function instrumented: __itt_frame_submit_v3
71685 : 0xcf0d3b11901f : 2 : ittapi_config_apply_per_lib :  ITTAPI function not implemented: __itt_task_group
71685 : 0xcf0d3b119807 : 2 : ittapi_config_apply_per_lib :  ITTAPI function instrumented: __itt_task_begin
71685 : 0xcf0d3b11c645 : 2 : ittapi_config_apply_per_lib :  ITTAPI function instrumented: __itt_task_begin_fn
71685 : 0xcf0d3b11d19f : 2 : ittapi_config_apply_per_lib :  ITTAPI function instrumented: __itt_task_end
71685 : 0xcf0d3b11db83 : 2 : ittapi_config_apply_per_lib :  ITTAPI function not implemented: __itt_counter_inc_v3
71685 : 0xcf0d3b11e4e1 : 2 : ittapi_config_apply_per_lib :  ITTAPI function not implemented: __itt_counter_inc_delta_v3
71685 : 0xcf0d3b11edc0 : 2 : ittapi_config_apply_per_lib :  ITTAPI function not implemented: __itt_counter_dec_v3
71685 : 0xcf0d3b11f580 : 2 : ittapi_config_apply_per_lib :  ITTAPI function not implemented: __itt_counter_dec_delta_v3
71685 : 0xcf0d3b11ff94 : 2 : ittapi_config_apply_per_lib :  ITTAPI function not implemented: __itt_marker
71685 : 0xcf0d3b12081c : 2 : ittapi_config_apply_per_lib :  ITTAPI function instrumented: __itt_metadata_add
71685 : 0xcf0d3b1211b3 : 2 : ittapi_config_apply_per_lib :  ITTAPI function not implemented: __itt_metadata_str_add
71685 : 0xcf0d3b1219be : 2 : ittapi_config_apply_per_lib :  ITTAPI function not implemented: __itt_relation_add_to_current
71685 : 0xcf0d3b124ab5 : 2 : ittapi_config_apply_per_lib :  ITTAPI function not implemented: __itt_relation_add
71685 : 0xcf0d3b125652 : 2 : ittapi_config_apply_per_lib :  ITTAPI function instrumented: __itt_event_create
71685 : 0xcf0d3b125de1 : 2 : ittapi_config_apply_per_lib :  ITTAPI function instrumented: __itt_event_start
71685 : 0xcf0d3b1265bd : 2 : ittapi_config_apply_per_lib :  ITTAPI function instrumented: __itt_event_end
71685 : 0xcf0d3b126bed : 2 : ittapi_config_apply_per_lib :  ITTAPI function NOT instrumented (not matched by --itt-config option): __itt_sync_set_name

71685 : 0xcf0d3b127253 : 2 : ittapi_config_apply_per_lib :  ITTAPI function NOT instrumented (not matched by --itt-config option): __itt_notify_sync_name

71685 : 0xcf0d3b127846 : 2 : ittapi_config_apply_per_lib :  ITTAPI function NOT instrumented (not matched by --itt-config option): __itt_notify_sync_prepare

71685 : 0xcf0d3b127de1 : 2 : ittapi_config_apply_per_lib :  ITTAPI function NOT instrumented (not matched by --itt-config option): __itt_notify_sync_cancel

71685 : 0xcf0d3b1283b8 : 2 : ittapi_config_apply_per_lib :  ITTAPI function NOT instrumented (not matched by --itt-config option): __itt_notify_sync_acquired

71685 : 0xcf0d3b128954 : 2 : ittapi_config_apply_per_lib :  ITTAPI function NOT instrumented (not matched by --itt-config option): __itt_notify_sync_releasing

71685 : 0xcf0d3b12dd86 : 2 : ittapi_config_apply_per_lib :  ITTAPI function not implemented: __itt_memory_read
71685 : 0xcf0d3b12eac4 : 2 : ittapi_config_apply_per_lib :  ITTAPI function not implemented: __itt_memory_write
71685 : 0xcf0d3b12f45f : 2 : ittapi_config_apply_per_lib :  ITTAPI function not implemented: __itt_memory_update
71685 : 0xcf0d3b12fe20 : 2 : ittapi_config_apply_per_lib :  ITTAPI function not implemented: __itt_state_get
71685 : 0xcf0d3b130645 : 2 : ittapi_config_apply_per_lib :  ITTAPI function not implemented: __itt_state_set
71685 : 0xcf0d3b130eb5 : 2 : ittapi_config_apply_per_lib :  ITTAPI function not implemented: __itt_obj_mode_set
71685 : 0xcf0d3b13177c : 2 : ittapi_config_apply_per_lib :  ITTAPI function not implemented: __itt_thr_mode_set
71685 : 0xcf0d3b131fa4 : 2 : ittapi_config_apply_per_lib :  ITTAPI function instrumented: __itt_frame_create
71685 : 0xcf0d3b1326e7 : 2 : ittapi_config_apply_per_lib :  ITTAPI function instrumented: __itt_pt_region_create
71685 : 0xcf0d3b132f08 : 2 : ittapi_config_apply_per_lib :  ITTAPI function instrumented: __itt_frame_begin
71685 : 0xcf0d3b136258 : 2 : ittapi_config_apply_per_lib :  ITTAPI function instrumented: __itt_frame_end
71685 : 0xcf0d3b136fde : 2 : ittapi_config_apply_per_lib :  ITTAPI function not implemented: __itt_counter_destroy
71685 : 0xcf0d3b137840 : 2 : ittapi_config_apply_per_lib :  ITTAPI function instrumented: __itt_counter_inc
71685 : 0xcf0d3b138028 : 2 : ittapi_config_apply_per_lib :  ITTAPI function instrumented: __itt_counter_inc_delta
71685 : 0xcf0d3b13875e : 2 : ittapi_config_apply_per_lib :  ITTAPI function instrumented: __itt_counter_dec
71685 : 0xcf0d3b138f51 : 2 : ittapi_config_apply_per_lib :  ITTAPI function instrumented: __itt_counter_dec_delta
71685 : 0xcf0d3b1396d0 : 2 : ittapi_config_apply_per_lib :  ITTAPI function instrumented: __itt_counter_set_value
71685 : 0xcf0d3b139f5e : 2 : ittapi_config_apply_per_lib :  ITTAPI function not implemented: __itt_counter_set_value_ex
71685 : 0xcf0d3b13a74c : 2 : ittapi_config_apply_per_lib :  ITTAPI function not implemented: __itt_mark_create
71685 : 0xcf0d3b13af7f : 2 : ittapi_config_apply_per_lib :  ITTAPI function not implemented: __itt_mark
71685 : 0xcf0d3b13dfef : 2 : ittapi_config_apply_per_lib :  ITTAPI function not implemented: __itt_mark_off
71685 : 0xcf0d3b13ebef : 2 : ittapi_config_apply_per_lib :  ITTAPI function not implemented: __itt_mark_global
71685 : 0xcf0d3b13f4be : 2 : ittapi_config_apply_per_lib :  ITTAPI function not implemented: __itt_mark_global_off
71685 : 0xcf0d3b13fe85 : 2 : ittapi_config_apply_per_lib :  ITTAPI function instrumented: __itt_stack_caller_create
71685 : 0xcf0d3b14067c : 2 : ittapi_config_apply_per_lib :  ITTAPI function instrumented: __itt_stack_caller_destroy
71685 : 0xcf0d3b140de1 : 2 : ittapi_config_apply_per_lib :  ITTAPI function instrumented: __itt_stack_callee_enter
71685 : 0xcf0d3b14150d : 2 : ittapi_config_apply_per_lib :  ITTAPI function instrumented: __itt_stack_callee_leave
71685 : 0xcf0d3b141d56 : 2 : ittapi_config_apply_per_lib :  ITTAPI function not implemented: __itt_clock_domain_create
71685 : 0xcf0d3b142647 : 2 : ittapi_config_apply_per_lib :  ITTAPI function not implemented: __itt_clock_domain_reset
71685 : 0xcf0d3b142e74 : 2 : ittapi_config_apply_per_lib :  ITTAPI function not implemented: __itt_id_create_ex
71685 : 0xcf0d3b147b0e : 2 : ittapi_config_apply_per_lib :  ITTAPI function not implemented: __itt_id_destroy_ex
71685 : 0xcf0d3b14880c : 2 : ittapi_config_apply_per_lib :  ITTAPI function not implemented: __itt_task_begin_ex
71685 : 0xcf0d3b149082 : 2 : ittapi_config_apply_per_lib :  ITTAPI function not implemented: __itt_task_begin_fn_ex
71685 : 0xcf0d3b1498d0 : 2 : ittapi_config_apply_per_lib :  ITTAPI function not implemented: __itt_task_end_ex
71685 : 0xcf0d3b14a109 : 2 : ittapi_config_apply_per_lib :  ITTAPI function instrumented: __itt_task_begin_overlapped
71685 : 0xcf0d3b14a9bf : 2 : ittapi_config_apply_per_lib :  ITTAPI function not implemented: __itt_task_begin_overlapped_ex
71685 : 0xcf0d3b14b199 : 2 : ittapi_config_apply_per_lib :  ITTAPI function instrumented: __itt_task_end_overlapped
71685 : 0xcf0d3b14b9be : 2 : ittapi_config_apply_per_lib :  ITTAPI function not implemented: __itt_task_end_overlapped_ex
71685 : 0xcf0d3b14c1ac : 2 : ittapi_config_apply_per_lib :  ITTAPI function not implemented: __itt_marker_ex
71685 : 0xcf0d3b14cb4e : 2 : ittapi_config_apply_per_lib :  ITTAPI function not implemented: __itt_metadata_add_with_scope
71685 : 0xcf0d3b14feac : 2 : ittapi_config_apply_per_lib :  ITTAPI function not implemented: __itt_metadata_str_add_with_scope
71685 : 0xcf0d3b150af1 : 2 : ittapi_config_apply_per_lib :  ITTAPI function not implemented: __itt_relation_add_to_current_ex
71685 : 0xcf0d3b151326 : 2 : ittapi_config_apply_per_lib :  ITTAPI function not implemented: __itt_relation_add_ex
71685 : 0xcf0d3b151b9d : 2 : ittapi_config_apply_per_lib :  ITTAPI function not implemented: __itt_track_group_create
71685 : 0xcf0d3b152319 : 2 : ittapi_config_apply_per_lib :  ITTAPI function not implemented: __itt_track_create
71685 : 0xcf0d3b152ab8 : 2 : ittapi_config_apply_per_lib :  ITTAPI function not implemented: __itt_set_track
71685 : 0xcf0d3b1532bb : 2 : ittapi_config_apply_per_lib :  ITTAPI function instrumented: __itt_api_version
71685 : 0xcf0d3b153b28 : 2 : ittapi_config_apply_per_lib :  ITTAPI function not implemented: __itt_av_save
71685 : 0xcf0d3b1542d4 : 2 : ittapi_config_apply_per_lib :  ITTAPI function instrumented: __itt_module_load
71685 : 0xcf0d3b154b0f : 2 : ittapi_config_apply_per_lib :  ITTAPI function not implemented: __itt_module_unload
71685 : 0xcf0d3b15763c : 2 : ittapi_config_apply_per_lib :  ITTAPI function NOT instrumented (not matched by --itt-config option): __itt_histogram_submit

71685 : 0xcf0d4e90d762 : 2 : ittapi_config_mask_get :  --itt-config mask to be applied: 55
71685 : 0xcf0d4e9112ac : 2 : ittapi_config_apply_per_lib :  ITTAPI function instrumented: __itt_domain_create
71685 : 0xcf0d4e9121d7 : 2 : ittapi_config_apply_per_lib :  ITTAPI function instrumented: __itt_module_load_with_sections
71685 : 0xcf0d4e912b23 : 2 : ittapi_config_apply_per_lib :  ITTAPI function not implemented: __itt_module_unload_with_sections
71685 : 0xcf0d4e913479 : 2 : ittapi_config_apply_per_lib :  ITTAPI function instrumented: __itt_string_handle_create
71685 : 0xcf0d4e913d3a : 2 : ittapi_config_apply_per_lib :  ITTAPI function instrumented: __itt_counter_create
71685 : 0xcf0d4e9142e0 : 2 : ittapi_config_apply_per_lib :  ITTAPI function instrumented: __itt_counter_create_typed
71685 : 0xcf0d4e914a77 : 2 : ittapi_config_apply_per_lib :  ITTAPI function instrumented: __itt_pause
71685 : 0xcf0d4e915257 : 2 : ittapi_config_apply_per_lib :  ITTAPI function instrumented: __itt_resume
71685 : 0xcf0d4e91fe90 : 2 : ittapi_config_apply_per_lib :  ITTAPI function not implemented: __itt_pause_scoped
71685 : 0xcf0d4e9206e7 : 2 : ittapi_config_apply_per_lib :  ITTAPI function not implemented: __itt_resume_scoped
71685 : 0xcf0d4e920db9 : 2 : ittapi_config_apply_per_lib :  ITTAPI function instrumented: __itt_thread_set_name
71685 : 0xcf0d4e921391 : 2 : ittapi_config_apply_per_lib :  ITTAPI function instrumented: __itt_thread_ignore
71685 : 0xcf0d4e92195d : 2 : ittapi_config_apply_per_lib :  ITTAPI function instrumented: __itt_thr_name_set
71685 : 0xcf0d4e921fb9 : 2 : ittapi_config_apply_per_lib :  ITTAPI function instrumented: __itt_thr_ignore
71685 : 0xcf0d4e9225c0 : 2 : ittapi_config_apply_per_lib :  ITTAPI function instrumented: __itt_histogram_create
71685 : 0xcf0d4e922aae : 2 : ittapi_config_apply_per_lib :  ITTAPI function instrumented: __itt_counter_create_v3
71685 : 0xcf0d4e9231b4 : 2 : ittapi_config_apply_per_lib :  ITTAPI function instrumented: __itt_bind_context_metadata_to_counter
71685 : 0xcf0d4e923834 : 2 : ittapi_config_apply_per_lib :  ITTAPI function not implemented: __itt_enable_attach
71685 : 0xcf0d4e929009 : 2 : ittapi_config_apply_per_lib :  ITTAPI function instrumented: __itt_detach
71685 : 0xcf0d4e929564 : 2 : ittapi_config_apply_per_lib :  ITTAPI function NOT instrumented (not matched by --itt-config option): __itt_sync_create

71685 : 0xcf0d4e929aa1 : 2 : ittapi_config_apply_per_lib :  ITTAPI function NOT instrumented (not matched by --itt-config option): __itt_sync_rename

71685 : 0xcf0d4e929f7b : 2 : ittapi_config_apply_per_lib :  ITTAPI function NOT instrumented (not matched by --itt-config option): __itt_sync_destroy

71685 : 0xcf0d4e92a378 : 2 : ittapi_config_apply_per_lib :  ITTAPI function NOT instrumented (not matched by --itt-config option): __itt_sync_prepare

71685 : 0xcf0d4e92a76b : 2 : ittapi_config_apply_per_lib :  ITTAPI function NOT instrumented (not matched by --itt-config option): __itt_sync_cancel

71685 : 0xcf0d4e92aae5 : 2 : ittapi_config_apply_per_lib :  ITTAPI function NOT instrumented (not matched by --itt-config option): __itt_sync_acquired

71685 : 0xcf0d4e92aea9 : 2 : ittapi_config_apply_per_lib :  ITTAPI function NOT instrumented (not matched by --itt-config option): __itt_sync_releasing

71685 : 0xcf0d4e92b5e8 : 2 : ittapi_config_apply_per_lib :  ITTAPI function not implemented: __itt_suppress_push
71685 : 0xcf0d4e92bddc : 2 : ittapi_config_apply_per_lib :  ITTAPI function not implemented: __itt_suppress_pop
71685 : 0xcf0d4e92d7b1 : 2 : ittapi_config_apply_per_lib :  ITTAPI function not implemented: __itt_suppress_mark_range
71685 : 0xcf0d4e92df52 : 2 : ittapi_config_apply_per_lib :  ITTAPI function not implemented: __itt_suppress_clear_range
71685 : 0xcf0d4e92e35c : 2 : ittapi_config_apply_per_lib :  ITTAPI function NOT instrumented (not matched by --itt-config option): __itt_sync_prepare

71685 : 0xcf0d4e92e6e6 : 2 : ittapi_config_apply_per_lib :  ITTAPI function NOT instrumented (not matched by --itt-config option): __itt_sync_cancel

71685 : 0xcf0d4e92ea7a : 2 : ittapi_config_apply_per_lib :  ITTAPI function NOT instrumented (not matched by --itt-config option): __itt_sync_acquired

71685 : 0xcf0d4e92eda0 : 2 : ittapi_config_apply_per_lib :  ITTAPI function NOT instrumented (not matched by --itt-config option): __itt_sync_releasing

71685 : 0xcf0d4e92f183 : 2 : ittapi_config_apply_per_lib :  ITTAPI function NOT instrumented (not matched by --itt-config option): __itt_model_site_begin

71685 : 0xcf0d4e92f5ad : 2 : ittapi_config_apply_per_lib :  ITTAPI function NOT instrumented (not matched by --itt-config option): __itt_model_site_end

71685 : 0xcf0d4e92f994 : 2 : ittapi_config_apply_per_lib :  ITTAPI function NOT instrumented (not matched by --itt-config option): __itt_model_task_begin

71685 : 0xcf0d4e92fde6 : 2 : ittapi_config_apply_per_lib :  ITTAPI function NOT instrumented (not matched by --itt-config option): __itt_model_task_end

71685 : 0xcf0d4e931395 : 2 : ittapi_config_apply_per_lib :  ITTAPI function NOT instrumented (not matched by --itt-config option): __itt_model_lock_acquire

71685 : 0xcf0d4e931907 : 2 : ittapi_config_apply_per_lib :  ITTAPI function NOT instrumented (not matched by --itt-config option): __itt_model_lock_release

71685 : 0xcf0d4e931d71 : 2 : ittapi_config_apply_per_lib :  ITTAPI function NOT instrumented (not matched by --itt-config option): __itt_model_record_allocation

71685 : 0xcf0d4e9320b6 : 2 : ittapi_config_apply_per_lib :  ITTAPI function NOT instrumented (not matched by --itt-config option): __itt_model_record_deallocation

71685 : 0xcf0d4e9323db : 2 : ittapi_config_apply_per_lib :  ITTAPI function NOT instrumented (not matched by --itt-config option): __itt_model_induction_uses

71685 : 0xcf0d4e9326cd : 2 : ittapi_config_apply_per_lib :  ITTAPI function NOT instrumented (not matched by --itt-config option): __itt_model_reduction_uses

71685 : 0xcf0d4e9329c4 : 2 : ittapi_config_apply_per_lib :  ITTAPI function NOT instrumented (not matched by --itt-config option): __itt_model_observe_uses

71685 : 0xcf0d4e932cbe : 2 : ittapi_config_apply_per_lib :  ITTAPI function NOT instrumented (not matched by --itt-config option): __itt_model_clear_uses

71685 : 0xcf0d4e932fb2 : 2 : ittapi_config_apply_per_lib :  ITTAPI function NOT instrumented (not matched by --itt-config option): __itt_model_site_beginA

71685 : 0xcf0d4e9332a9 : 2 : ittapi_config_apply_per_lib :  ITTAPI function NOT instrumented (not matched by --itt-config option): __itt_model_site_beginAL

71685 : 0xcf0d4e935429 : 2 : ittapi_config_apply_per_lib :  ITTAPI function NOT instrumented (not matched by --itt-config option): __itt_model_task_beginA

71685 : 0xcf0d4e935804 : 2 : ittapi_config_apply_per_lib :  ITTAPI function NOT instrumented (not matched by --itt-config option): __itt_model_task_beginAL

71685 : 0xcf0d4e935b65 : 2 : ittapi_config_apply_per_lib :  ITTAPI function NOT instrumented (not matched by --itt-config option): __itt_model_iteration_taskA

71685 : 0xcf0d4e935e98 : 2 : ittapi_config_apply_per_lib :  ITTAPI function NOT instrumented (not matched by --itt-config option): __itt_model_iteration_taskAL

71685 : 0xcf0d4e9361c3 : 2 : ittapi_config_apply_per_lib :  ITTAPI function NOT instrumented (not matched by --itt-config option): __itt_model_site_end_2

71685 : 0xcf0d4e9364ba : 2 : ittapi_config_apply_per_lib :  ITTAPI function NOT instrumented (not matched by --itt-config option): __itt_model_task_end_2

71685 : 0xcf0d4e9367b2 : 2 : ittapi_config_apply_per_lib :  ITTAPI function NOT instrumented (not matched by --itt-config option): __itt_model_lock_acquire_2

71685 : 0xcf0d4e936a98 : 2 : ittapi_config_apply_per_lib :  ITTAPI function NOT instrumented (not matched by --itt-config option): __itt_model_lock_release_2

71685 : 0xcf0d4e936d90 : 2 : ittapi_config_apply_per_lib :  ITTAPI function NOT instrumented (not matched by --itt-config option): __itt_model_aggregate_task

71685 : 0xcf0d4e93707b : 2 : ittapi_config_apply_per_lib :  ITTAPI function NOT instrumented (not matched by --itt-config option): __itt_model_disable_push

71685 : 0xcf0d4e9383b7 : 2 : ittapi_config_apply_per_lib :  ITTAPI function NOT instrumented (not matched by --itt-config option): __itt_model_disable_pop

71685 : 0xcf0d4e9389fa : 2 : ittapi_config_apply_per_lib :  ITTAPI function instrumented: __itt_heap_function_create
71685 : 0xcf0d4e939028 : 2 : ittapi_config_apply_per_lib :  ITTAPI function instrumented: __itt_heap_allocate_begin
71685 : 0xcf0d4e9394ae : 2 : ittapi_config_apply_per_lib :  ITTAPI function instrumented: __itt_heap_allocate_end
71685 : 0xcf0d4e93998e : 2 : ittapi_config_apply_per_lib :  ITTAPI function instrumented: __itt_heap_free_begin
71685 : 0xcf0d4e939e13 : 2 : ittapi_config_apply_per_lib :  ITTAPI function instrumented: __itt_heap_free_end
71685 : 0xcf0d4e93a2b0 : 2 : ittapi_config_apply_per_lib :  ITTAPI function instrumented: __itt_heap_reallocate_begin
71685 : 0xcf0d4e93a6e8 : 2 : ittapi_config_apply_per_lib :  ITTAPI function instrumented: __itt_heap_reallocate_end
71685 : 0xcf0d4e93ad5a : 2 : ittapi_config_apply_per_lib :  ITTAPI function not implemented: __itt_heap_internal_access_begin
71685 : 0xcf0d4e93b3b4 : 2 : ittapi_config_apply_per_lib :  ITTAPI function not implemented: __itt_heap_internal_access_end
71685 : 0xcf0d4e93cb4e : 2 : ittapi_config_apply_per_lib :  ITTAPI function not implemented: __itt_heap_record_memory_growth_begin
71685 : 0xcf0d4e93d1e5 : 2 : ittapi_config_apply_per_lib :  ITTAPI function not implemented: __itt_heap_record_memory_growth_end
71685 : 0xcf0d4e93d849 : 2 : ittapi_config_apply_per_lib :  ITTAPI function not implemented: __itt_heap_reset_detection
71685 : 0xcf0d4e93def3 : 2 : ittapi_config_apply_per_lib :  ITTAPI function not implemented: __itt_heap_record
71685 : 0xcf0d4e93e568 : 2 : ittapi_config_apply_per_lib :  ITTAPI function not implemented: __itt_id_create
71685 : 0xcf0d4e93eb8d : 2 : ittapi_config_apply_per_lib :  ITTAPI function not implemented: __itt_id_destroy
71685 : 0xcf0d4e93f198 : 2 : ittapi_config_apply_per_lib :  ITTAPI function instrumented: __itt_get_timestamp
71685 : 0xcf0d4e93f75e : 2 : ittapi_config_apply_per_lib :  ITTAPI function not implemented: __itt_region_begin
71685 : 0xcf0d4e93fd34 : 2 : ittapi_config_apply_per_lib :  ITTAPI function not implemented: __itt_region_end
71685 : 0xcf0d4e94037c : 2 : ittapi_config_apply_per_lib :  ITTAPI function instrumented: __itt_frame_begin_v3
71685 : 0xcf0d4e9427ef : 2 : ittapi_config_apply_per_lib :  ITTAPI function instrumented: __itt_frame_end_v3
71685 : 0xcf0d4e942d97 : 2 : ittapi_config_apply_per_lib :  ITTAPI function instrumented: __itt_frame_submit_v3
71685 : 0xcf0d4e943480 : 2 : ittapi_config_apply_per_lib :  ITTAPI function not implemented: __itt_task_group
71685 : 0xcf0d4e943a02 : 2 : ittapi_config_apply_per_lib :  ITTAPI function instrumented: __itt_task_begin
71685 : 0xcf0d4e943fb4 : 2 : ittapi_config_apply_per_lib :  ITTAPI function instrumented: __itt_task_begin_fn
71685 : 0xcf0d4e94459c : 2 : ittapi_config_apply_per_lib :  ITTAPI function instrumented: __itt_task_end
71685 : 0xcf0d4e944bfc : 2 : ittapi_config_apply_per_lib :  ITTAPI function not implemented: __itt_counter_inc_v3
71685 : 0xcf0d4e94524e : 2 : ittapi_config_apply_per_lib :  ITTAPI function not implemented: __itt_counter_inc_delta_v3
71685 : 0xcf0d4e945867 : 2 : ittapi_config_apply_per_lib :  ITTAPI function not implemented: __itt_counter_dec_v3
71685 : 0xcf0d4e945dfd : 2 : ittapi_config_apply_per_lib :  ITTAPI function not implemented: __itt_counter_dec_delta_v3
71685 : 0xcf0d4e9474e9 : 2 : ittapi_config_apply_per_lib :  ITTAPI function not implemented: __itt_marker
71685 : 0xcf0d4e947ba2 : 2 : ittapi_config_apply_per_lib :  ITTAPI function instrumented: __itt_metadata_add
71685 : 0xcf0d4e9482bc : 2 : ittapi_config_apply_per_lib :  ITTAPI function not implemented: __itt_metadata_str_add
71685 : 0xcf0d4e9488ea : 2 : ittapi_config_apply_per_lib :  ITTAPI function not implemented: __itt_relation_add_to_current
71685 : 0xcf0d4e948f35 : 2 : ittapi_config_apply_per_lib :  ITTAPI function not implemented: __itt_relation_add
71685 : 0xcf0d4e949496 : 2 : ittapi_config_apply_per_lib :  ITTAPI function instrumented: __itt_event_create
71685 : 0xcf0d4e94999a : 2 : ittapi_config_apply_per_lib :  ITTAPI function instrumented: __itt_event_start
71685 : 0xcf0d4e949ee1 : 2 : ittapi_config_apply_per_lib :  ITTAPI function instrumented: __itt_event_end
71685 : 0xcf0d4e94a2d4 : 2 : ittapi_config_apply_per_lib :  ITTAPI function NOT instrumented (not matched by --itt-config option): __itt_sync_set_name

71685 : 0xcf0d4e94a70a : 2 : ittapi_config_apply_per_lib :  ITTAPI function NOT instrumented (not matched by --itt-config option): __itt_notify_sync_name

71685 : 0xcf0d4e94bb5d : 2 : ittapi_config_apply_per_lib :  ITTAPI function NOT instrumented (not matched by --itt-config option): __itt_notify_sync_prepare

71685 : 0xcf0d4e94c07c : 2 : ittapi_config_apply_per_lib :  ITTAPI function NOT instrumented (not matched by --itt-config option): __itt_notify_sync_cancel

71685 : 0xcf0d4e94c461 : 2 : ittapi_config_apply_per_lib :  ITTAPI function NOT instrumented (not matched by --itt-config option): __itt_notify_sync_acquired

71685 : 0xcf0d4e94c91a : 2 : ittapi_config_apply_per_lib :  ITTAPI function NOT instrumented (not matched by --itt-config option): __itt_notify_sync_releasing

71685 : 0xcf0d4e94cf3b : 2 : ittapi_config_apply_per_lib :  ITTAPI function not implemented: __itt_memory_read
71685 : 0xcf0d4e94d577 : 2 : ittapi_config_apply_per_lib :  ITTAPI function not implemented: __itt_memory_write
71685 : 0xcf0d4e94dc1c : 2 : ittapi_config_apply_per_lib :  ITTAPI function not implemented: __itt_memory_update
71685 : 0xcf0d4e94e2a6 : 2 : ittapi_config_apply_per_lib :  ITTAPI function not implemented: __itt_state_get
71685 : 0xcf0d4e94e8af : 2 : ittapi_config_apply_per_lib :  ITTAPI function not implemented: __itt_state_set
71685 : 0xcf0d4e94ee7f : 2 : ittapi_config_apply_per_lib :  ITTAPI function not implemented: __itt_obj_mode_set
71685 : 0xcf0d4e951236 : 2 : ittapi_config_apply_per_lib :  ITTAPI function not implemented: __itt_thr_mode_set
71685 : 0xcf0d4e951800 : 2 : ittapi_config_apply_per_lib :  ITTAPI function instrumented: __itt_frame_create
71685 : 0xcf0d4e951d9e : 2 : ittapi_config_apply_per_lib :  ITTAPI function instrumented: __itt_pt_region_create
71685 : 0xcf0d4e952358 : 2 : ittapi_config_apply_per_lib :  ITTAPI function instrumented: __itt_frame_begin
71685 : 0xcf0d4e952902 : 2 : ittapi_config_apply_per_lib :  ITTAPI function instrumented: __itt_frame_end
71685 : 0xcf0d4e952f37 : 2 : ittapi_config_apply_per_lib :  ITTAPI function not implemented: __itt_counter_destroy
71685 : 0xcf0d4e953498 : 2 : ittapi_config_apply_per_lib :  ITTAPI function instrumented: __itt_counter_inc
71685 : 0xcf0d4e9539d7 : 2 : ittapi_config_apply_per_lib :  ITTAPI function instrumented: __itt_counter_inc_delta
71685 : 0xcf0d4e953e5e : 2 : ittapi_config_apply_per_lib :  ITTAPI function instrumented: __itt_counter_dec
71685 : 0xcf0d4e954354 : 2 : ittapi_config_apply_per_lib :  ITTAPI function instrumented: __itt_counter_dec_delta
71685 : 0xcf0d4e9558b4 : 2 : ittapi_config_apply_per_lib :  ITTAPI function instrumented: __itt_counter_set_value
71685 : 0xcf0d4e955f77 : 2 : ittapi_config_apply_per_lib :  ITTAPI function not implemented: __itt_counter_set_value_ex
71685 : 0xcf0d4e9565bb : 2 : ittapi_config_apply_per_lib :  ITTAPI function not implemented: __itt_mark_create
71685 : 0xcf0d4e956c04 : 2 : ittapi_config_apply_per_lib :  ITTAPI function not implemented: __itt_mark
71685 : 0xcf0d4e95724e : 2 : ittapi_config_apply_per_lib :  ITTAPI function not implemented: __itt_mark_off
71685 : 0xcf0d4e95788e : 2 : ittapi_config_apply_per_lib :  ITTAPI function not implemented: __itt_mark_global
71685 : 0xcf0d4e957ea7 : 2 : ittapi_config_apply_per_lib :  ITTAPI function not implemented: __itt_mark_global_off
71685 : 0xcf0d4e958517 : 2 : ittapi_config_apply_per_lib :  ITTAPI function instrumented: __itt_stack_caller_create
71685 : 0xcf0d4e958a58 : 2 : ittapi_config_apply_per_lib :  ITTAPI function instrumented: __itt_stack_caller_destroy
71685 : 0xcf0d4e958f68 : 2 : ittapi_config_apply_per_lib :  ITTAPI function instrumented: __itt_stack_callee_enter
71685 : 0xcf0d4e95a445 : 2 : ittapi_config_apply_per_lib :  ITTAPI function instrumented: __itt_stack_callee_leave
71685 : 0xcf0d4e95aa4a : 2 : ittapi_config_apply_per_lib :  ITTAPI function not implemented: __itt_clock_domain_create
71685 : 0xcf0d4e95b0d2 : 2 : ittapi_config_apply_per_lib :  ITTAPI function not implemented: __itt_clock_domain_reset
71685 : 0xcf0d4e95b758 : 2 : ittapi_config_apply_per_lib :  ITTAPI function not implemented: __itt_id_create_ex
71685 : 0xcf0d4e95bd98 : 2 : ittapi_config_apply_per_lib :  ITTAPI function not implemented: __itt_id_destroy_ex
71685 : 0xcf0d4e95c34e : 2 : ittapi_config_apply_per_lib :  ITTAPI function not implemented: __itt_task_begin_ex
71685 : 0xcf0d4e95c8e4 : 2 : ittapi_config_apply_per_lib :  ITTAPI function not implemented: __itt_task_begin_fn_ex
71685 : 0xcf0d4e95ceb6 : 2 : ittapi_config_apply_per_lib :  ITTAPI function not implemented: __itt_task_end_ex
71685 : 0xcf0d4e95d448 : 2 : ittapi_config_apply_per_lib :  ITTAPI function instrumented: __itt_task_begin_overlapped
71685 : 0xcf0d4e95d9d1 : 2 : ittapi_config_apply_per_lib :  ITTAPI function not implemented: __itt_task_begin_overlapped_ex
71685 : 0xcf0d4e95ef80 : 2 : ittapi_config_apply_per_lib :  ITTAPI function instrumented: __itt_task_end_overlapped
71685 : 0xcf0d4e95f551 : 2 : ittapi_config_apply_per_lib :  ITTAPI function not implemented: __itt_task_end_overlapped_ex
71685 : 0xcf0d4e95fb0b : 2 : ittapi_config_apply_per_lib :  ITTAPI function not implemented: __itt_marker_ex
71685 : 0xcf0d4e9601c8 : 2 : ittapi_config_apply_per_lib :  ITTAPI function not implemented: __itt_metadata_add_with_scope
71685 : 0xcf0d4e9607dd : 2 : ittapi_config_apply_per_lib :  ITTAPI function not implemented: __itt_metadata_str_add_with_scope
71685 : 0xcf0d4e960dbb : 2 : ittapi_config_apply_per_lib :  ITTAPI function not implemented: __itt_relation_add_to_current_ex
71685 : 0xcf0d4e96139e : 2 : ittapi_config_apply_per_lib :  ITTAPI function not implemented: __itt_relation_add_ex
71685 : 0xcf0d4e961980 : 2 : ittapi_config_apply_per_lib :  ITTAPI function not implemented: __itt_track_group_create
71685 : 0xcf0d4e961ec3 : 2 : ittapi_config_apply_per_lib :  ITTAPI function not implemented: __itt_track_create
71685 : 0xcf0d4e96247b : 2 : ittapi_config_apply_per_lib :  ITTAPI function not implemented: __itt_set_track
71685 : 0xcf0d4e964564 : 2 : ittapi_config_apply_per_lib :  ITTAPI function instrumented: __itt_api_version
71685 : 0xcf0d4e964c55 : 2 : ittapi_config_apply_per_lib :  ITTAPI function not implemented: __itt_av_save
71685 : 0xcf0d4e9651e1 : 2 : ittapi_config_apply_per_lib :  ITTAPI function instrumented: __itt_module_load
71685 : 0xcf0d4e9657b9 : 2 : ittapi_config_apply_per_lib :  ITTAPI function not implemented: __itt_module_unload
71685 : 0xcf0d4e965b60 : 2 : ittapi_config_apply_per_lib :  ITTAPI function NOT instrumented (not matched by --itt-config option): __itt_histogram_submit

71685 : 0xcf0d4e966044 : 2 : ittapi_config_apply_per_lib :  ITTAPI function instrumented: __itt_counter_set_value_v3