0 [128094202485632] INFO perfrun.launcher <> - Launcher main begin
1 [128094202485632] INFO perfrun.launcher <> - MessageCatalogInit finished
1 [128094202485632] INFO perfrun.launcher <> - Launcher instance created
1 [128094202485632] INFO perfrun.launcher <> - argc = 7; cmdline = /opt/intel/oneapi/vtune/2024.1/bin64/amplxe-runss --ui-output-format xml --ui-output-fd 5 --option-file /home/jagtym/Programming/ProgRowProj1/vtune/hs_k2/config/runss.options 
17 [128094202485632] INFO perfrun.launcher <> - create msngr2::ICliToolContext
18 [128094202485632] INFO perfrun.launcher <> - create file finder object
18 [128094202485632] INFO perfrun.launcher <> - create a result directory: pattern = /home/jagtym/Programming/ProgRowProj1/vtune/hs_k2 pid = 4294967295
18 [128094202485632] INFO perfrun.sdk <> - checked that the directory /home/jagtym/Programming/ProgRowProj1/vtune/hs_k2 is a local directory
18 [128094202485632] INFO perfrun.sdk <> - the directory /home/jagtym/Programming/ProgRowProj1/vtune/hs_k2 is a local directory with FS type ID 61267
18 [128094202485632] INFO perfrun.launcher <> - create data directory = /home/jagtym/Programming/ProgRowProj1/vtune/hs_k2/data.0
18 [128094202485632] INFO perfrun.launcher <> - Creating the master collection flag
21 [128094202485632] INFO perfrun.launcher <> - Done creating the master collection flag
22 [128093979149888] INFO perfrun.launcher <> - plugin [remoteplug] was disabled because it doesn't support the given collection type.
22 [128093979149888] INFO perfrun.sdk <> - Allocating TMU :/home/jagtym/Programming/ProgRowProj1/vtune/hs_k2/data.0/systemcollector-45641-pop-os.sc
22 [128093979149888] INFO perfrun.system <> - Tpss based collection
22 [128093979149888] INFO perfrun.launcher <> - plugin [ptracecollector] was disabled because it doesn't support the given collection type.
22 [128093979149888] INFO perfrun.launcher <> - plugin [gpu] was disabled because it doesn't support the given collection type.
22 [128093979149888] INFO perfrun.launcher <> - plugin [] was disabled because it doesn't support the given collection type.
22 [128093979149888] INFO perfrun.launcher <> - plugin [] was disabled because it doesn't support the given collection type.
22 [128093979149888] INFO perfrun.launcher <> - plugin [] was disabled because it doesn't support the given collection type.
22 [128093979149888] INFO perfrun.mrte <> - system-wide mode is 0
22 [128093979149888] INFO perfrun.mrte <> - Getting  mrte profiling environment ...
29 [128093979149888] INFO perfrun.mrte <> - INTEL_MRTE_DATA_DIR=/home/jagtym/Programming/ProgRowProj1/vtune/hs_k2/data.0
29 [128093979149888] INFO perfrun.mrte <> - INTEL_MRTE_HOST_NAME=pop-os
29 [128093979149888] INFO perfrun.mrte <> - JAVA_TOOL_OPTIONS=-agentlib:amplxe_tpssmrte_javaprof_1.0 -Dsun.boot.library.path=/opt/intel/oneapi/vtune/2024.1/lib32/runtime:/opt/intel/oneapi/vtune/2024.1/lib64/runtime
29 [128093979149888] INFO perfrun.mrte <> - LD_LIBRARY_PATH=/opt/intel/oneapi/vtune/2024.1/lib32/runtime:/opt/intel/oneapi/vtune/2024.1/lib64/runtime
29 [128093979149888] INFO perfrun.mrte <> - CORECLR_ENABLE_PROFILING=1
29 [128093979149888] INFO perfrun.mrte <> - CORECLR_PROFILER={AA5E4821-E3B1-479c-B7FF-5AD047D22CED}
29 [128093979149888] INFO perfrun.mrte <> - CORECLR_PROFILER_PATH=/opt/intel/oneapi/vtune/2024.1/lib64/libamplxe_samplingmrte_clrprof_1.0.so
29 [128093979149888] INFO perfrun.mrte <> - INTEL_MRTE_PROFILER_MODE=mixed
29 [128093979149888] INFO perfrun.mrte <> - Data directory: /home/jagtym/Programming/ProgRowProj1/vtune/hs_k2/data.0
29 [128093979149888] INFO perfrun.mrte <> - Mrte plugin is initialized
29 [128093979149888] INFO perfrun.launcher <> - plugin [emon] was disabled because it doesn't support the given collection type.
29 [128093979149888] INFO perfrun.launcher <> - plugin [cuscol] was disabled because it doesn't support the given collection type.
29 [128093979149888] INFO perfrun.launcher <> - plugin [stdsrc] was disabled because it doesn't support the given collection type.
29 [128093979149888] INFO perfrun.launcher <> - plugin [sep] was disabled because it doesn't support the given collection type.
29 [128093979149888] INFO perfrun.launcher <> - plugin [vtsspp] was disabled because it doesn't support the given collection type.
29 [128093979149888] INFO perfrun.perfcollector <> - Platform type = 151
29 [128093979149888] INFO perfrun.sdk <> - Reading value (0) from file: /proc/sys/kernel/perf_event_paranoid
29 [128093979149888] INFO perfrun.perfcollector <> - checking access to: /opt/intel/oneapi/vtune/2024.1/bin64/amplxe-perf-priv
29 [128093979149888] INFO perfrun.perfcollector <> - dir found: /sys/bus/event_source/devices/software
29 [128093979149888] INFO perfrun.perfcollector <> - format: pmu format subdir doesn't exist
29 [128093979149888] INFO perfrun.perfcollector <> - hwInfo: not set, pmuFam: software
29 [128093979149888] INFO perfrun.perfcollector <> - pmu added: family: software, id: 0
30 [128093979149888] INFO perfrun.perfcollector <> - dir found: /sys/bus/event_source/devices/uncore_imc_free_running_1
30 [128093979149888] INFO perfrun.perfcollector <> - format: event config:0-7 mask:0-7
30 [128093979149888] INFO perfrun.perfcollector <> - format: umask config:8-15 mask:8-15
30 [128093979149888] INFO perfrun.perfcollector <> - hwInfo: not set, pmuFam: uncore_imc_free_running
30 [128093979149888] INFO perfrun.perfcollector <> - pmu added: family: uncore_imc_free_running, id: 1
30 [128093979149888] INFO perfrun.perfcollector <> - dir found: /sys/bus/event_source/devices/uncore_arb_0
30 [128093979149888] INFO perfrun.perfcollector <> - format: event config:0-7 mask:0-7
30 [128093979149888] INFO perfrun.perfcollector <> - format: edge config:18 mask:18
30 [128093979149888] INFO perfrun.perfcollector <> - format: inv config:23 mask:23
30 [128093979149888] INFO perfrun.perfcollector <> - format: umask config:8-15 mask:8-15
30 [128093979149888] INFO perfrun.perfcollector <> - format: cmask config:24-28 mask:24-28
30 [128093979149888] INFO perfrun.perfcollector <> - hwInfo: not set, pmuFam: uncore_arb
30 [128093979149888] INFO perfrun.perfcollector <> - pmu added: family: uncore_arb, id: 0
30 [128093979149888] INFO perfrun.perfcollector <> - dir found: /sys/bus/event_source/devices/cpu_core
30 [128093979149888] INFO perfrun.perfcollector <> - format: event config:0-7 mask:0-7
30 [128093979149888] INFO perfrun.perfcollector <> - format: pc config:19 mask:19
30 [128093979149888] INFO perfrun.perfcollector <> - format: edge config:18 mask:18
30 [128093979149888] INFO perfrun.perfcollector <> - format: offcore_rsp config1:0-63 mask:0-63
30 [128093979149888] INFO perfrun.perfcollector <> - format: ldlat config1:0-15 mask:0-15
30 [128093979149888] INFO perfrun.perfcollector <> - format: inv config:23 mask:23
30 [128093979149888] INFO perfrun.perfcollector <> - format: umask config:8-15 mask:8-15
30 [128093979149888] INFO perfrun.perfcollector <> - format: frontend config1:0-23 mask:0-23
30 [128093979149888] INFO perfrun.perfcollector <> - format: cmask config:24-31 mask:24-31
30 [128093979149888] INFO perfrun.perfcollector <> - hwInfo: PERF_CPU_CORE_PMU_DETAILS
30 [128093979149888] INFO perfrun.perfcollector <> - pmu added: family: cpu_core, id: 0
30 [128093979149888] INFO perfrun.perfcollector <> - dir found: /sys/bus/event_source/devices/uncore_clock
30 [128093979149888] INFO perfrun.perfcollector <> - format: event config:0-7 mask:0-7
30 [128093979149888] INFO perfrun.perfcollector <> - hwInfo: not set, pmuFam: uncore_clock
30 [128093979149888] INFO perfrun.perfcollector <> - pmu added: family: uncore_clock, id: 0
30 [128093979149888] INFO perfrun.perfcollector <> - dir found: /sys/bus/event_source/devices/uncore_cbox_6
30 [128093979149888] INFO perfrun.perfcollector <> - format: event config:0-7 mask:0-7
30 [128093979149888] INFO perfrun.perfcollector <> - format: edge config:18 mask:18
30 [128093979149888] INFO perfrun.perfcollector <> - format: threshold config:24-29 mask:24-29
30 [128093979149888] INFO perfrun.perfcollector <> - format: inv config:23 mask:23
30 [128093979149888] INFO perfrun.perfcollector <> - format: umask config:8-15 mask:8-15
30 [128093979149888] INFO perfrun.perfcollector <> - hwInfo: PERF_CBOX_PMU_DETAILS
30 [128093979149888] INFO perfrun.perfcollector <> - pmu added: family: uncore_cbox, id: 6
30 [128093979149888] INFO perfrun.perfcollector <> - dir found: /sys/bus/event_source/devices/uncore_imc_1
30 [128093979149888] INFO perfrun.perfcollector <> - format: event config:0-7 mask:0-7
31 [128093979149888] INFO perfrun.perfcollector <> - format: edge config:18 mask:18
31 [128093979149888] INFO perfrun.perfcollector <> - format: chmask config:8-11 mask:8-11
31 [128093979149888] INFO perfrun.perfcollector <> - hwInfo: PERF_IMC_PMU_DETAILS
31 [128093979149888] INFO perfrun.perfcollector <> - pmu added: family: uncore_imc, id: 1
31 [128093979149888] INFO perfrun.perfcollector <> - dir found: /sys/bus/event_source/devices/power
31 [128093979149888] INFO perfrun.perfcollector <> - format: event config:0-7 mask:0-7
31 [128093979149888] INFO perfrun.perfcollector <> - hwInfo: not set, pmuFam: power
31 [128093979149888] INFO perfrun.perfcollector <> - pmu added: family: power, id: 0
31 [128093979149888] INFO perfrun.perfcollector <> - dir found: /sys/bus/event_source/devices/uncore_cbox_4
31 [128093979149888] INFO perfrun.perfcollector <> - format: event config:0-7 mask:0-7
31 [128093979149888] INFO perfrun.perfcollector <> - format: edge config:18 mask:18
31 [128093979149888] INFO perfrun.perfcollector <> - format: threshold config:24-29 mask:24-29
31 [128093979149888] INFO perfrun.perfcollector <> - format: inv config:23 mask:23
31 [128093979149888] INFO perfrun.perfcollector <> - format: umask config:8-15 mask:8-15
31 [128093979149888] INFO perfrun.perfcollector <> - hwInfo: PERF_CBOX_PMU_DETAILS
31 [128093979149888] INFO perfrun.perfcollector <> - pmu added: family: uncore_cbox, id: 4
31 [128093979149888] INFO perfrun.perfcollector <> - dir found: /sys/bus/event_source/devices/uprobe
31 [128093979149888] INFO perfrun.perfcollector <> - format: ref_ctr_offset config:32-63 mask:32-63
31 [128093979149888] INFO perfrun.perfcollector <> - format: retprobe config:0 mask:0
31 [128093979149888] INFO perfrun.perfcollector <> - hwInfo: not set, pmuFam: uprobe
31 [128093979149888] INFO perfrun.perfcollector <> - pmu added: family: uprobe, id: 0
31 [128093979149888] INFO perfrun.perfcollector <> - dir found: /sys/bus/event_source/devices/intel_bts
31 [128093979149888] INFO perfrun.perfcollector <> - format: pmu format subdir doesn't exist
31 [128093979149888] INFO perfrun.perfcollector <> - hwInfo: not set, pmuFam: intel_bts
31 [128093979149888] INFO perfrun.perfcollector <> - pmu added: family: intel_bts, id: 0
31 [128093979149888] INFO perfrun.perfcollector <> - dir found: /sys/bus/event_source/devices/cpu_atom
31 [128093979149888] INFO perfrun.perfcollector <> - format: event config:0-7 mask:0-7
31 [128093979149888] INFO perfrun.perfcollector <> - format: pc config:19 mask:19
31 [128093979149888] INFO perfrun.perfcollector <> - format: edge config:18 mask:18
31 [128093979149888] INFO perfrun.perfcollector <> - format: offcore_rsp config1:0-63 mask:0-63
31 [128093979149888] INFO perfrun.perfcollector <> - format: ldlat config1:0-15 mask:0-15
31 [128093979149888] INFO perfrun.perfcollector <> - format: inv config:23 mask:23
31 [128093979149888] INFO perfrun.perfcollector <> - format: umask config:8-15 mask:8-15
31 [128093979149888] INFO perfrun.perfcollector <> - format: cmask config:24-31 mask:24-31
31 [128093979149888] INFO perfrun.perfcollector <> - hwInfo: PERF_CPU_ATOM_PMU_DETAILS
31 [128093979149888] INFO perfrun.perfcollector <> - pmu added: family: cpu_atom, id: 0
31 [128093979149888] INFO perfrun.perfcollector <> - dir found: /sys/bus/event_source/devices/cstate_core
31 [128093979149888] INFO perfrun.perfcollector <> - format: event config:0-63 mask:0-63
31 [128093979149888] INFO perfrun.perfcollector <> - hwInfo: not set, pmuFam: cstate_core
31 [128093979149888] INFO perfrun.perfcollector <> - pmu added: family: cstate_core, id: 0
31 [128093979149888] INFO perfrun.perfcollector <> - dir found: /sys/bus/event_source/devices/uncore_cbox_2
31 [128093979149888] INFO perfrun.perfcollector <> - format: event config:0-7 mask:0-7
31 [128093979149888] INFO perfrun.perfcollector <> - format: edge config:18 mask:18
31 [128093979149888] INFO perfrun.perfcollector <> - format: threshold config:24-29 mask:24-29
31 [128093979149888] INFO perfrun.perfcollector <> - format: inv config:23 mask:23
31 [128093979149888] INFO perfrun.perfcollector <> - format: umask config:8-15 mask:8-15
32 [128093979149888] INFO perfrun.perfcollector <> - hwInfo: PERF_CBOX_PMU_DETAILS
32 [128093979149888] INFO perfrun.perfcollector <> - pmu added: family: uncore_cbox, id: 2
32 [128093979149888] INFO perfrun.perfcollector <> - dir found: /sys/bus/event_source/devices/breakpoint
32 [128093979149888] INFO perfrun.perfcollector <> - format: pmu format subdir doesn't exist
32 [128093979149888] INFO perfrun.perfcollector <> - hwInfo: not set, pmuFam: breakpoint
32 [128093979149888] INFO perfrun.perfcollector <> - pmu added: family: breakpoint, id: 0
32 [128093979149888] INFO perfrun.perfcollector <> - dir found: /sys/bus/event_source/devices/uncore_arb_1
32 [128093979149888] INFO perfrun.perfcollector <> - format: event config:0-7 mask:0-7
32 [128093979149888] INFO perfrun.perfcollector <> - format: edge config:18 mask:18
32 [128093979149888] INFO perfrun.perfcollector <> - format: inv config:23 mask:23
32 [128093979149888] INFO perfrun.perfcollector <> - format: umask config:8-15 mask:8-15
32 [128093979149888] INFO perfrun.perfcollector <> - format: cmask config:24-28 mask:24-28
32 [128093979149888] INFO perfrun.perfcollector <> - hwInfo: not set, pmuFam: uncore_arb
32 [128093979149888] INFO perfrun.perfcollector <> - pmu added: family: uncore_arb, id: 1
32 [128093979149888] INFO perfrun.perfcollector <> - dir found: /sys/bus/event_source/devices/uncore_cbox_0
32 [128093979149888] INFO perfrun.perfcollector <> - format: event config:0-7 mask:0-7
32 [128093979149888] INFO perfrun.perfcollector <> - format: edge config:18 mask:18
32 [128093979149888] INFO perfrun.perfcollector <> - format: threshold config:24-29 mask:24-29
32 [128093979149888] INFO perfrun.perfcollector <> - format: inv config:23 mask:23
32 [128093979149888] INFO perfrun.perfcollector <> - format: umask config:8-15 mask:8-15
32 [128093979149888] INFO perfrun.perfcollector <> - hwInfo: PERF_CBOX_PMU_DETAILS
32 [128093979149888] INFO perfrun.perfcollector <> - pmu added: family: uncore_cbox, id: 0
32 [128093979149888] INFO perfrun.perfcollector <> - dir found: /sys/bus/event_source/devices/tracepoint
32 [128093979149888] INFO perfrun.perfcollector <> - format: pmu format subdir doesn't exist
32 [128093979149888] INFO perfrun.perfcollector <> - hwInfo: not set, pmuFam: tracepoint
32 [128093979149888] INFO perfrun.perfcollector <> - pmu added: family: tracepoint, id: 0
32 [128093979149888] INFO perfrun.perfcollector <> - dir found: /sys/bus/event_source/devices/cstate_pkg
32 [128093979149888] INFO perfrun.perfcollector <> - format: event config:0-63 mask:0-63
32 [128093979149888] INFO perfrun.perfcollector <> - hwInfo: not set, pmuFam: cstate_pkg
32 [128093979149888] INFO perfrun.perfcollector <> - pmu added: family: cstate_pkg, id: 0
32 [128093979149888] INFO perfrun.perfcollector <> - dir found: /sys/bus/event_source/devices/uncore_imc_free_running_0
32 [128093979149888] INFO perfrun.perfcollector <> - format: event config:0-7 mask:0-7
32 [128093979149888] INFO perfrun.perfcollector <> - format: umask config:8-15 mask:8-15
32 [128093979149888] INFO perfrun.perfcollector <> - hwInfo: not set, pmuFam: uncore_imc_free_running
32 [128093979149888] INFO perfrun.perfcollector <> - pmu added: family: uncore_imc_free_running, id: 0
32 [128093979149888] INFO perfrun.perfcollector <> - dir found: /sys/bus/event_source/devices/uncore_cbox_7
32 [128093979149888] INFO perfrun.perfcollector <> - format: event config:0-7 mask:0-7
32 [128093979149888] INFO perfrun.perfcollector <> - format: edge config:18 mask:18
32 [128093979149888] INFO perfrun.perfcollector <> - format: threshold config:24-29 mask:24-29
32 [128093979149888] INFO perfrun.perfcollector <> - format: inv config:23 mask:23
32 [128093979149888] INFO perfrun.perfcollector <> - format: umask config:8-15 mask:8-15
32 [128093979149888] INFO perfrun.perfcollector <> - hwInfo: PERF_CBOX_PMU_DETAILS
32 [128093979149888] INFO perfrun.perfcollector <> - pmu added: family: uncore_cbox, id: 7
32 [128093979149888] INFO perfrun.perfcollector <> - dir found: /sys/bus/event_source/devices/kprobe
32 [128093979149888] INFO perfrun.perfcollector <> - format: retprobe config:0 mask:0
32 [128093979149888] INFO perfrun.perfcollector <> - hwInfo: not set, pmuFam: kprobe
32 [128093979149888] INFO perfrun.perfcollector <> - pmu added: family: kprobe, id: 0
32 [128093979149888] INFO perfrun.perfcollector <> - dir found: /sys/bus/event_source/devices/uncore_cbox_5
32 [128093979149888] INFO perfrun.perfcollector <> - format: event config:0-7 mask:0-7
32 [128093979149888] INFO perfrun.perfcollector <> - format: edge config:18 mask:18
33 [128093979149888] INFO perfrun.perfcollector <> - format: threshold config:24-29 mask:24-29
33 [128093979149888] INFO perfrun.perfcollector <> - format: inv config:23 mask:23
33 [128093979149888] INFO perfrun.perfcollector <> - format: umask config:8-15 mask:8-15
33 [128093979149888] INFO perfrun.perfcollector <> - hwInfo: PERF_CBOX_PMU_DETAILS
33 [128093979149888] INFO perfrun.perfcollector <> - pmu added: family: uncore_cbox, id: 5
33 [128093979149888] INFO perfrun.perfcollector <> - dir found: /sys/bus/event_source/devices/uncore_imc_0
33 [128093979149888] INFO perfrun.perfcollector <> - format: event config:0-7 mask:0-7
33 [128093979149888] INFO perfrun.perfcollector <> - format: edge config:18 mask:18
33 [128093979149888] INFO perfrun.perfcollector <> - format: chmask config:8-11 mask:8-11
33 [128093979149888] INFO perfrun.perfcollector <> - hwInfo: PERF_IMC_PMU_DETAILS
33 [128093979149888] INFO perfrun.perfcollector <> - pmu added: family: uncore_imc, id: 0
33 [128093979149888] INFO perfrun.perfcollector <> - dir found: /sys/bus/event_source/devices/msr
33 [128093979149888] INFO perfrun.perfcollector <> - format: event config:0-63 mask:0-63
33 [128093979149888] INFO perfrun.perfcollector <> - hwInfo: not set, pmuFam: msr
33 [128093979149888] INFO perfrun.perfcollector <> - pmu added: family: msr, id: 0
33 [128093979149888] INFO perfrun.perfcollector <> - dir found: /sys/bus/event_source/devices/uncore_cbox_3
33 [128093979149888] INFO perfrun.perfcollector <> - format: event config:0-7 mask:0-7
33 [128093979149888] INFO perfrun.perfcollector <> - format: edge config:18 mask:18
33 [128093979149888] INFO perfrun.perfcollector <> - format: threshold config:24-29 mask:24-29
33 [128093979149888] INFO perfrun.perfcollector <> - format: inv config:23 mask:23
33 [128093979149888] INFO perfrun.perfcollector <> - format: umask config:8-15 mask:8-15
33 [128093979149888] INFO perfrun.perfcollector <> - hwInfo: PERF_CBOX_PMU_DETAILS
33 [128093979149888] INFO perfrun.perfcollector <> - pmu added: family: uncore_cbox, id: 3
33 [128093979149888] INFO perfrun.perfcollector <> - dir found: /sys/bus/event_source/devices/intel_pt
33 [128093979149888] INFO perfrun.perfcollector <> - format: ptw config:12 mask:12
33 [128093979149888] INFO perfrun.perfcollector <> - format: event config:31 mask:31
33 [128093979149888] INFO perfrun.perfcollector <> - format: cyc_thresh config:19-22 mask:19-22
33 [128093979149888] INFO perfrun.perfcollector <> - format: pt config:0 mask:0
33 [128093979149888] INFO perfrun.perfcollector <> - format: notnt config:55 mask:55
33 [128093979149888] INFO perfrun.perfcollector <> - format: branch config:13 mask:13
33 [128093979149888] INFO perfrun.perfcollector <> - format: tsc config:10 mask:10
33 [128093979149888] INFO perfrun.perfcollector <> - format: pwr_evt config:4 mask:4
33 [128093979149888] INFO perfrun.perfcollector <> - format: fup_on_ptw config:5 mask:5
33 [128093979149888] INFO perfrun.perfcollector <> - format: cyc config:1 mask:1
33 [128093979149888] INFO perfrun.perfcollector <> - format: noretcomp config:11 mask:11
33 [128093979149888] INFO perfrun.perfcollector <> - format: mtc config:9 mask:9
33 [128093979149888] INFO perfrun.perfcollector <> - format: psb_period config:24-27 mask:24-27
33 [128093979149888] INFO perfrun.perfcollector <> - format: mtc_period config:14-17 mask:14-17
33 [128093979149888] INFO perfrun.perfcollector <> - hwInfo: not set, pmuFam: intel_pt
33 [128093979149888] INFO perfrun.perfcollector <> - pmu added: family: intel_pt, id: 0
33 [128093979149888] INFO perfrun.perfcollector <> - dir found: /sys/bus/event_source/devices/uncore_cbox_1
33 [128093979149888] INFO perfrun.perfcollector <> - format: event config:0-7 mask:0-7
33 [128093979149888] INFO perfrun.perfcollector <> - format: edge config:18 mask:18
33 [128093979149888] INFO perfrun.perfcollector <> - format: threshold config:24-29 mask:24-29
34 [128093979149888] INFO perfrun.perfcollector <> - format: inv config:23 mask:23
34 [128093979149888] INFO perfrun.perfcollector <> - format: umask config:8-15 mask:8-15
34 [128093979149888] INFO perfrun.perfcollector <> - hwInfo: PERF_CBOX_PMU_DETAILS
34 [128093979149888] INFO perfrun.perfcollector <> - pmu added: family: uncore_cbox, id: 1
34 [128093979149888] INFO perfrun.sdk <> - runCmd: /opt/intel/oneapi/vtune/2024.1/bin64/sep -dry-run -sam 1 -ec CPU_CLK_UNHALTED.THREAD:sa=3500000,CPU_CLK_UNHALTED.REF_TSC:sample:sa=3500000,INST_RETIRED.ANY:sample:sa=3500000,CPU_CLK_UNHALTED.DISTRIBUTED:sa=3500000,FP_ARITH_INST_RETIRED.SCALAR_SINGLE:sa=2000003,FP_ARITH_INST_RETIRED.128B_PACKED_SINGLE:sa=2000003,FP_ARITH_INST_RETIRED.256B_PACKED_SINGLE:sa=2000003,FP_ARITH_INST_RETIRED.SCALAR_DOUBLE:sa=2000003,FP_ARITH_INST_RETIRED.128B_PACKED_DOUBLE:sa=2000003,FP_ARITH_INST_RETIRED.256B_PACKED_DOUBLE:sa=2000003,UOPS_EXECUTED.X87:sa=2000003,UOPS_RETIRED.SLOTS:sa=2000003,UOPS_EXECUTED.THREAD:sa=2000003,TOPDOWN.SLOTS:sample:sa=2000003 -experimental
34 [128093979149888] INFO perfrun.sdk <> - runCmd started PID 45645
44 [128093979149888] INFO perfrun.perfcollector <> - SepDryRun RC = true
44 [128093979149888] INFO perfrun.perfcollector <> - DRY_RUN: "PMU type: Core (p-core)"
44 [128093979149888] INFO perfrun.perfcollector <> - pmu type: cpu_core
44 [128093979149888] INFO perfrun.perfcollector <> - DRY_RUN: "Group 0:"
44 [128093979149888] INFO perfrun.perfcollector <> - id: 0
44 [128093979149888] INFO perfrun.perfcollector <> - DRY_RUN: "INST_RETIRED.ANY: event id 2"
44 [128093979149888] INFO perfrun.perfcollector <> - eventName: INST_RETIRED.ANY, eventId: 2
44 [128093979149888] INFO perfrun.perfcollector <> - DRY_RUN: "CPU_CLK_UNHALTED.THREAD: event id 0"
44 [128093979149888] INFO perfrun.perfcollector <> - eventName: CPU_CLK_UNHALTED.THREAD, eventId: 0
44 [128093979149888] INFO perfrun.perfcollector <> - DRY_RUN: "CPU_CLK_UNHALTED.REF_TSC: event id 1"
44 [128093979149888] INFO perfrun.perfcollector <> - eventName: CPU_CLK_UNHALTED.REF_TSC, eventId: 1
44 [128093979149888] INFO perfrun.perfcollector <> - DRY_RUN: "TOPDOWN.SLOTS: event id 13"
44 [128093979149888] INFO perfrun.perfcollector <> - eventName: TOPDOWN.SLOTS, eventId: 13
44 [128093979149888] INFO perfrun.perfcollector <> - DRY_RUN: "CPU_CLK_UNHALTED.DISTRIBUTED: event id 3"
44 [128093979149888] INFO perfrun.perfcollector <> - eventName: CPU_CLK_UNHALTED.DISTRIBUTED, eventId: 3
44 [128093979149888] INFO perfrun.perfcollector <> - DRY_RUN: "FP_ARITH_INST_RETIRED.SCALAR_SINGLE: event id 4"
44 [128093979149888] INFO perfrun.perfcollector <> - eventName: FP_ARITH_INST_RETIRED.SCALAR_SINGLE, eventId: 4
44 [128093979149888] INFO perfrun.perfcollector <> - DRY_RUN: "FP_ARITH_INST_RETIRED.128B_PACKED_SINGLE: event id 5"
44 [128093979149888] INFO perfrun.perfcollector <> - eventName: FP_ARITH_INST_RETIRED.128B_PACKED_SINGLE, eventId: 5
44 [128093979149888] INFO perfrun.perfcollector <> - DRY_RUN: "FP_ARITH_INST_RETIRED.256B_PACKED_SINGLE: event id 6"
44 [128093979149888] INFO perfrun.perfcollector <> - eventName: FP_ARITH_INST_RETIRED.256B_PACKED_SINGLE, eventId: 6
44 [128093979149888] INFO perfrun.perfcollector <> - DRY_RUN: "FP_ARITH_INST_RETIRED.SCALAR_DOUBLE: event id 7"
44 [128093979149888] INFO perfrun.perfcollector <> - eventName: FP_ARITH_INST_RETIRED.SCALAR_DOUBLE, eventId: 7
44 [128093979149888] INFO perfrun.perfcollector <> - DRY_RUN: "FP_ARITH_INST_RETIRED.128B_PACKED_DOUBLE: event id 8"
44 [128093979149888] INFO perfrun.perfcollector <> - eventName: FP_ARITH_INST_RETIRED.128B_PACKED_DOUBLE, eventId: 8
44 [128093979149888] INFO perfrun.perfcollector <> - DRY_RUN: "FP_ARITH_INST_RETIRED.256B_PACKED_DOUBLE: event id 9"
44 [128093979149888] INFO perfrun.perfcollector <> - eventName: FP_ARITH_INST_RETIRED.256B_PACKED_DOUBLE, eventId: 9
44 [128093979149888] INFO perfrun.perfcollector <> - DRY_RUN: "UOPS_EXECUTED.X87: event id 10"
44 [128093979149888] INFO perfrun.perfcollector <> - eventName: UOPS_EXECUTED.X87, eventId: 10
44 [128093979149888] INFO perfrun.perfcollector <> - DRY_RUN: "CCCR"
44 [128093979149888] INFO perfrun.perfcollector <> - DRY_RUN: "reg_type       = 1	event_id       = g	reg_id         = 38f	reg_value      = f000000ff"
44 [128093979149888] INFO perfrun.perfcollector <> - eventId: g, skip parsing event_id
44 [128093979149888] INFO perfrun.perfcollector <> - Register was ignored: group_id: 0, reg_type: 1, event_id: 4294967295, reg_id: 38f, reg_value: f000000ff, pmu_name: cpu_core
44 [128093979149888] INFO perfrun.perfcollector <> - DRY_RUN: "reg_type       = 1	event_id       = g	reg_id         = 390	reg_value      = f000000ff"
44 [128093979149888] INFO perfrun.perfcollector <> - eventId: g, skip parsing event_id
44 [128093979149888] INFO perfrun.perfcollector <> - Register was ignored: group_id: 0, reg_type: 1, event_id: 4294967295, reg_id: 390, reg_value: f000000ff, pmu_name: cpu_core
44 [128093979149888] INFO perfrun.perfcollector <> - DRY_RUN: "reg_type       = 1	event_id       = g	reg_id         = 3f1	reg_value      = f000000ff"
44 [128093979149888] INFO perfrun.perfcollector <> - eventId: g, skip parsing event_id
44 [128093979149888] INFO perfrun.perfcollector <> - Extended PEBS: group_id: 0, reg_type: 1, event_id: 4294967295, reg_id: 3f1, reg_value: f000000ff, pmu_name: cpu_core
44 [128093979149888] INFO perfrun.perfcollector <> - DRY_RUN: "reg_type       = 1	event_id       = g	reg_id         = 1d9	reg_value      = 1800"
44 [128093979149888] INFO perfrun.perfcollector <> - eventId: g, skip parsing event_id
44 [128093979149888] INFO perfrun.perfcollector <> - Register was ignored: group_id: 0, reg_type: 1, event_id: 4294967295, reg_id: 1d9, reg_value: 1800, pmu_name: cpu_core
44 [128093979149888] INFO perfrun.perfcollector <> - DRY_RUN: "reg_type       = 1	event_id       = g	reg_id         = 38d	reg_value      = 3333"
44 [128093979149888] INFO perfrun.perfcollector <> - eventId: g, skip parsing event_id
44 [128093979149888] INFO perfrun.perfcollector <> - Register was ignored: group_id: 0, reg_type: 1, event_id: 4294967295, reg_id: 38d, reg_value: 3333, pmu_name: cpu_core
44 [128093979149888] INFO perfrun.perfcollector <> - DRY_RUN: "reg_type       = 1	event_id       = g	reg_id         = 3f2	reg_value      = 0"
44 [128093979149888] INFO perfrun.perfcollector <> - eventId: g, skip parsing event_id
44 [128093979149888] INFO perfrun.perfcollector <> - Adaptive PEBS: group_id: 0, reg_type: 1, event_id: 4294967295, reg_id: 3f2, reg_value: 0, pmu_name: cpu_core
44 [128093979149888] INFO perfrun.perfcollector <> - DRY_RUN: "reg_type       = 1	event_id       = g	reg_id         = 14ce	reg_value      = 0"
44 [128093979149888] INFO perfrun.perfcollector <> - eventId: g, skip parsing event_id
44 [128093979149888] INFO perfrun.perfcollector <> - Register was ignored: group_id: 0, reg_type: 1, event_id: 4294967295, reg_id: 14ce, reg_value: 0, pmu_name: cpu_core
44 [128093979149888] INFO perfrun.perfcollector <> - DRY_RUN: "reg_type       = 1	event_id       = 3	reg_id         = 186	reg_value      = 4302ec"
44 [128093979149888] INFO perfrun.perfcollector <> - Event selector: group_id: 0, reg_type: 1, event_id: 3, reg_id: 186, reg_value: 4302ec, pmu_name: cpu_core
44 [128093979149888] INFO perfrun.perfcollector <> - DRY_RUN: "reg_type       = 1	event_id       = 4	reg_id         = 187	reg_value      = 4302c7"
44 [128093979149888] INFO perfrun.perfcollector <> - Event selector: group_id: 0, reg_type: 1, event_id: 4, reg_id: 187, reg_value: 4302c7, pmu_name: cpu_core
44 [128093979149888] INFO perfrun.perfcollector <> - DRY_RUN: "reg_type       = 1	event_id       = 5	reg_id         = 188	reg_value      = 4308c7"
44 [128093979149888] INFO perfrun.perfcollector <> - Event selector: group_id: 0, reg_type: 1, event_id: 5, reg_id: 188, reg_value: 4308c7, pmu_name: cpu_core
44 [128093979149888] INFO perfrun.perfcollector <> - DRY_RUN: "reg_type       = 1	event_id       = 6	reg_id         = 189	reg_value      = 4320c7"
44 [128093979149888] INFO perfrun.perfcollector <> - Event selector: group_id: 0, reg_type: 1, event_id: 6, reg_id: 189, reg_value: 4320c7, pmu_name: cpu_core
44 [128093979149888] INFO perfrun.perfcollector <> - DRY_RUN: "reg_type       = 1	event_id       = 7	reg_id         = 18a	reg_value      = 4301c7"
44 [128093979149888] INFO perfrun.perfcollector <> - Event selector: group_id: 0, reg_type: 1, event_id: 7, reg_id: 18a, reg_value: 4301c7, pmu_name: cpu_core
44 [128093979149888] INFO perfrun.perfcollector <> - DRY_RUN: "reg_type       = 1	event_id       = 8	reg_id         = 18b	reg_value      = 4304c7"
44 [128093979149888] INFO perfrun.perfcollector <> - Event selector: group_id: 0, reg_type: 1, event_id: 8, reg_id: 18b, reg_value: 4304c7, pmu_name: cpu_core
44 [128093979149888] INFO perfrun.perfcollector <> - DRY_RUN: "reg_type       = 1	event_id       = 9	reg_id         = 18c	reg_value      = 4310c7"
44 [128093979149888] INFO perfrun.perfcollector <> - Event selector: group_id: 0, reg_type: 1, event_id: 9, reg_id: 18c, reg_value: 4310c7, pmu_name: cpu_core
44 [128093979149888] INFO perfrun.perfcollector <> - DRY_RUN: "reg_type       = 1	event_id       = 10	reg_id         = 18d	reg_value      = 4310b1"
44 [128093979149888] INFO perfrun.perfcollector <> - Event selector: group_id: 0, reg_type: 1, event_id: 10, reg_id: 18d, reg_value: 4310b1, pmu_name: cpu_core
44 [128093979149888] INFO perfrun.perfcollector <> - DRY_RUN: "ESCR"
44 [128093979149888] INFO perfrun.perfcollector <> - DRY_RUN: "DATA"
44 [128093979149888] INFO perfrun.perfcollector <> - DRY_RUN: "reg_type       = 4	event_id       = 2	reg_id         = 309	reg_value      = ffffffca9820"
44 [128093979149888] INFO perfrun.perfcollector <> - eventId: 2, dataAddr: 309, dataVal: ffffffca9820
44 [128093979149888] INFO perfrun.perfcollector <> - DRY_RUN: "reg_type       = 4	event_id       = 0	reg_id         = 30a	reg_value      = ffffffca9820"
44 [128093979149888] INFO perfrun.perfcollector <> - eventId: 0, dataAddr: 30a, dataVal: ffffffca9820
44 [128093979149888] INFO perfrun.perfcollector <> - DRY_RUN: "reg_type       = 4	event_id       = 1	reg_id         = 30b	reg_value      = ffffffca9820"
44 [128093979149888] INFO perfrun.perfcollector <> - eventId: 1, dataAddr: 30b, dataVal: ffffffca9820
44 [128093979149888] INFO perfrun.perfcollector <> - DRY_RUN: "reg_type       = 4	event_id       = 13	reg_id         = 30c	reg_value      = ffffffe17b7d"
44 [128093979149888] INFO perfrun.perfcollector <> - eventId: 13, dataAddr: 30c, dataVal: ffffffe17b7d
44 [128093979149888] INFO perfrun.perfcollector <> - DRY_RUN: "reg_type       = 4	event_id       = 3	reg_id         = c1	reg_value      = ffffffca9820"
44 [128093979149888] INFO perfrun.perfcollector <> - eventId: 3, dataAddr: c1, dataVal: ffffffca9820
44 [128093979149888] INFO perfrun.perfcollector <> - DRY_RUN: "reg_type       = 4	event_id       = 4	reg_id         = c2	reg_value      = ffffffe17b7d"
44 [128093979149888] INFO perfrun.perfcollector <> - eventId: 4, dataAddr: c2, dataVal: ffffffe17b7d
44 [128093979149888] INFO perfrun.perfcollector <> - DRY_RUN: "reg_type       = 4	event_id       = 5	reg_id         = c3	reg_value      = ffffffe17b7d"
44 [128093979149888] INFO perfrun.perfcollector <> - eventId: 5, dataAddr: c3, dataVal: ffffffe17b7d
44 [128093979149888] INFO perfrun.perfcollector <> - DRY_RUN: "reg_type       = 4	event_id       = 6	reg_id         = c4	reg_value      = ffffffe17b7d"
44 [128093979149888] INFO perfrun.perfcollector <> - eventId: 6, dataAddr: c4, dataVal: ffffffe17b7d
44 [128093979149888] INFO perfrun.perfcollector <> - DRY_RUN: "reg_type       = 4	event_id       = 7	reg_id         = c5	reg_value      = ffffffe17b7d"
44 [128093979149888] INFO perfrun.perfcollector <> - eventId: 7, dataAddr: c5, dataVal: ffffffe17b7d
44 [128093979149888] INFO perfrun.perfcollector <> - DRY_RUN: "reg_type       = 4	event_id       = 8	reg_id         = c6	reg_value      = ffffffe17b7d"
44 [128093979149888] INFO perfrun.perfcollector <> - eventId: 8, dataAddr: c6, dataVal: ffffffe17b7d
44 [128093979149888] INFO perfrun.perfcollector <> - DRY_RUN: "reg_type       = 4	event_id       = 9	reg_id         = c7	reg_value      = ffffffe17b7d"
44 [128093979149888] INFO perfrun.perfcollector <> - eventId: 9, dataAddr: c7, dataVal: ffffffe17b7d
44 [128093979149888] INFO perfrun.perfcollector <> - DRY_RUN: "reg_type       = 4	event_id       = 10	reg_id         = c8	reg_value      = ffffffe17b7d"
44 [128093979149888] INFO perfrun.perfcollector <> - eventId: 10, dataAddr: c8, dataVal: ffffffe17b7d
44 [128093979149888] INFO perfrun.perfcollector <> - DRY_RUN: "Group 1:"
44 [128093979149888] INFO perfrun.perfcollector <> - id: 1
44 [128093979149888] INFO perfrun.perfcollector <> - DRY_RUN: "INST_RETIRED.ANY: event id 2"
44 [128093979149888] INFO perfrun.perfcollector <> - eventName: INST_RETIRED.ANY, eventId: 2
44 [128093979149888] INFO perfrun.perfcollector <> - DRY_RUN: "CPU_CLK_UNHALTED.THREAD: event id 0"
44 [128093979149888] INFO perfrun.perfcollector <> - eventName: CPU_CLK_UNHALTED.THREAD, eventId: 0
44 [128093979149888] INFO perfrun.perfcollector <> - DRY_RUN: "CPU_CLK_UNHALTED.REF_TSC: event id 1"
44 [128093979149888] INFO perfrun.perfcollector <> - eventName: CPU_CLK_UNHALTED.REF_TSC, eventId: 1
44 [128093979149888] INFO perfrun.perfcollector <> - DRY_RUN: "TOPDOWN.SLOTS: event id 13"
44 [128093979149888] INFO perfrun.perfcollector <> - eventName: TOPDOWN.SLOTS, eventId: 13
44 [128093979149888] INFO perfrun.perfcollector <> - DRY_RUN: "UOPS_RETIRED.SLOTS: event id 11"
44 [128093979149888] INFO perfrun.perfcollector <> - eventName: UOPS_RETIRED.SLOTS, eventId: 11
44 [128093979149888] INFO perfrun.perfcollector <> - DRY_RUN: "UOPS_EXECUTED.THREAD: event id 12"
44 [128093979149888] INFO perfrun.perfcollector <> - eventName: UOPS_EXECUTED.THREAD, eventId: 12
44 [128093979149888] INFO perfrun.perfcollector <> - DRY_RUN: "CCCR"
44 [128093979149888] INFO perfrun.perfcollector <> - DRY_RUN: "reg_type       = 1	event_id       = g	reg_id         = 38f	reg_value      = f00000003"
44 [128093979149888] INFO perfrun.perfcollector <> - eventId: g, skip parsing event_id
44 [128093979149888] INFO perfrun.perfcollector <> - Register was ignored: group_id: 1, reg_type: 1, event_id: 4294967295, reg_id: 38f, reg_value: f00000003, pmu_name: cpu_core
44 [128093979149888] INFO perfrun.perfcollector <> - DRY_RUN: "reg_type       = 1	event_id       = g	reg_id         = 390	reg_value      = f00000003"
44 [128093979149888] INFO perfrun.perfcollector <> - eventId: g, skip parsing event_id
44 [128093979149888] INFO perfrun.perfcollector <> - Register was ignored: group_id: 1, reg_type: 1, event_id: 4294967295, reg_id: 390, reg_value: f00000003, pmu_name: cpu_core
44 [128093979149888] INFO perfrun.perfcollector <> - DRY_RUN: "reg_type       = 1	event_id       = g	reg_id         = 3f1	reg_value      = f00000003"
44 [128093979149888] INFO perfrun.perfcollector <> - eventId: g, skip parsing event_id
44 [128093979149888] INFO perfrun.perfcollector <> - Extended PEBS: group_id: 1, reg_type: 1, event_id: 4294967295, reg_id: 3f1, reg_value: f00000003, pmu_name: cpu_core
44 [128093979149888] INFO perfrun.perfcollector <> - DRY_RUN: "reg_type       = 1	event_id       = g	reg_id         = 1d9	reg_value      = 1800"
44 [128093979149888] INFO perfrun.perfcollector <> - eventId: g, skip parsing event_id
44 [128093979149888] INFO perfrun.perfcollector <> - Register was ignored: group_id: 1, reg_type: 1, event_id: 4294967295, reg_id: 1d9, reg_value: 1800, pmu_name: cpu_core
44 [128093979149888] INFO perfrun.perfcollector <> - DRY_RUN: "reg_type       = 1	event_id       = g	reg_id         = 38d	reg_value      = 3333"
44 [128093979149888] INFO perfrun.perfcollector <> - eventId: g, skip parsing event_id
44 [128093979149888] INFO perfrun.perfcollector <> - Register was ignored: group_id: 1, reg_type: 1, event_id: 4294967295, reg_id: 38d, reg_value: 3333, pmu_name: cpu_core
44 [128093979149888] INFO perfrun.perfcollector <> - DRY_RUN: "reg_type       = 1	event_id       = g	reg_id         = 3f2	reg_value      = 0"
44 [128093979149888] INFO perfrun.perfcollector <> - eventId: g, skip parsing event_id
44 [128093979149888] INFO perfrun.perfcollector <> - Adaptive PEBS: group_id: 1, reg_type: 1, event_id: 4294967295, reg_id: 3f2, reg_value: 0, pmu_name: cpu_core
44 [128093979149888] INFO perfrun.perfcollector <> - DRY_RUN: "reg_type       = 1	event_id       = g	reg_id         = 14ce	reg_value      = 0"
44 [128093979149888] INFO perfrun.perfcollector <> - eventId: g, skip parsing event_id
44 [128093979149888] INFO perfrun.perfcollector <> - Register was ignored: group_id: 1, reg_type: 1, event_id: 4294967295, reg_id: 14ce, reg_value: 0, pmu_name: cpu_core
44 [128093979149888] INFO perfrun.perfcollector <> - DRY_RUN: "reg_type       = 1	event_id       = 11	reg_id         = 186	reg_value      = 4302c2"
44 [128093979149888] INFO perfrun.perfcollector <> - Event selector: group_id: 1, reg_type: 1, event_id: 11, reg_id: 186, reg_value: 4302c2, pmu_name: cpu_core
44 [128093979149888] INFO perfrun.perfcollector <> - DRY_RUN: "reg_type       = 1	event_id       = 12	reg_id         = 187	reg_value      = 4301b1"
44 [128093979149888] INFO perfrun.perfcollector <> - Event selector: group_id: 1, reg_type: 1, event_id: 12, reg_id: 187, reg_value: 4301b1, pmu_name: cpu_core
44 [128093979149888] INFO perfrun.perfcollector <> - DRY_RUN: "ESCR"
44 [128093979149888] INFO perfrun.perfcollector <> - DRY_RUN: "DATA"
44 [128093979149888] INFO perfrun.perfcollector <> - DRY_RUN: "reg_type       = 4	event_id       = 2	reg_id         = 309	reg_value      = ffffffca9820"
44 [128093979149888] INFO perfrun.perfcollector <> - eventId: 2, dataAddr: 309, dataVal: ffffffca9820
44 [128093979149888] INFO perfrun.perfcollector <> - DRY_RUN: "reg_type       = 4	event_id       = 0	reg_id         = 30a	reg_value      = ffffffca9820"
44 [128093979149888] INFO perfrun.perfcollector <> - eventId: 0, dataAddr: 30a, dataVal: ffffffca9820
44 [128093979149888] INFO perfrun.perfcollector <> - DRY_RUN: "reg_type       = 4	event_id       = 1	reg_id         = 30b	reg_value      = ffffffca9820"
44 [128093979149888] INFO perfrun.perfcollector <> - eventId: 1, dataAddr: 30b, dataVal: ffffffca9820
44 [128093979149888] INFO perfrun.perfcollector <> - DRY_RUN: "reg_type       = 4	event_id       = 13	reg_id         = 30c	reg_value      = ffffffe17b7d"
44 [128093979149888] INFO perfrun.perfcollector <> - eventId: 13, dataAddr: 30c, dataVal: ffffffe17b7d
44 [128093979149888] INFO perfrun.perfcollector <> - DRY_RUN: "reg_type       = 4	event_id       = 11	reg_id         = c1	reg_value      = ffffffe17b7d"
44 [128093979149888] INFO perfrun.perfcollector <> - eventId: 11, dataAddr: c1, dataVal: ffffffe17b7d
44 [128093979149888] INFO perfrun.perfcollector <> - DRY_RUN: "reg_type       = 4	event_id       = 12	reg_id         = c2	reg_value      = ffffffe17b7d"
44 [128093979149888] INFO perfrun.perfcollector <> - eventId: 12, dataAddr: c2, dataVal: ffffffe17b7d
44 [128093979149888] INFO perfrun.perfcollector <> - DRY_RUN: "PMU type: Core (e-core)"
44 [128093979149888] INFO perfrun.perfcollector <> - pmu type: cpu_atom
44 [128093979149888] INFO perfrun.perfcollector <> - DRY_RUN: "Group 0:"
44 [128093979149888] INFO perfrun.perfcollector <> - id: 0
44 [128093979149888] INFO perfrun.perfcollector <> - DRY_RUN: "INST_RETIRED.ANY: event id 2"
44 [128093979149888] INFO perfrun.perfcollector <> - eventName: INST_RETIRED.ANY, eventId: 2
44 [128093979149888] INFO perfrun.perfcollector <> - DRY_RUN: "CPU_CLK_UNHALTED.THREAD: event id 0"
44 [128093979149888] INFO perfrun.perfcollector <> - eventName: CPU_CLK_UNHALTED.THREAD, eventId: 0
44 [128093979149888] INFO perfrun.perfcollector <> - DRY_RUN: "CPU_CLK_UNHALTED.REF_TSC: event id 1"
44 [128093979149888] INFO perfrun.perfcollector <> - eventName: CPU_CLK_UNHALTED.REF_TSC, eventId: 1
44 [128093979149888] INFO perfrun.perfcollector <> - DRY_RUN: "CCCR"
44 [128093979149888] INFO perfrun.perfcollector <> - DRY_RUN: "reg_type       = 1	event_id       = g	reg_id         = 38f	reg_value      = 700000000"
44 [128093979149888] INFO perfrun.perfcollector <> - eventId: g, skip parsing event_id
44 [128093979149888] INFO perfrun.perfcollector <> - Register was ignored: group_id: 0, reg_type: 1, event_id: 4294967295, reg_id: 38f, reg_value: 700000000, pmu_name: cpu_atom
44 [128093979149888] INFO perfrun.perfcollector <> - DRY_RUN: "reg_type       = 1	event_id       = g	reg_id         = 390	reg_value      = 700000000"
44 [128093979149888] INFO perfrun.perfcollector <> - eventId: g, skip parsing event_id
44 [128093979149888] INFO perfrun.perfcollector <> - Register was ignored: group_id: 0, reg_type: 1, event_id: 4294967295, reg_id: 390, reg_value: 700000000, pmu_name: cpu_atom
44 [128093979149888] INFO perfrun.perfcollector <> - DRY_RUN: "reg_type       = 1	event_id       = g	reg_id         = 3f1	reg_value      = 700000000"
44 [128093979149888] INFO perfrun.perfcollector <> - eventId: g, skip parsing event_id
44 [128093979149888] INFO perfrun.perfcollector <> - Extended PEBS: group_id: 0, reg_type: 1, event_id: 4294967295, reg_id: 3f1, reg_value: 700000000, pmu_name: cpu_atom
44 [128093979149888] INFO perfrun.perfcollector <> - DRY_RUN: "reg_type       = 1	event_id       = g	reg_id         = 1d9	reg_value      = 1800"
44 [128093979149888] INFO perfrun.perfcollector <> - eventId: g, skip parsing event_id
44 [128093979149888] INFO perfrun.perfcollector <> - Register was ignored: group_id: 0, reg_type: 1, event_id: 4294967295, reg_id: 1d9, reg_value: 1800, pmu_name: cpu_atom
44 [128093979149888] INFO perfrun.perfcollector <> - DRY_RUN: "reg_type       = 1	event_id       = g	reg_id         = 38d	reg_value      = 333"
44 [128093979149888] INFO perfrun.perfcollector <> - eventId: g, skip parsing event_id
44 [128093979149888] INFO perfrun.perfcollector <> - Register was ignored: group_id: 0, reg_type: 1, event_id: 4294967295, reg_id: 38d, reg_value: 333, pmu_name: cpu_atom
44 [128093979149888] INFO perfrun.perfcollector <> - DRY_RUN: "reg_type       = 1	event_id       = g	reg_id         = 3f2	reg_value      = 0"
44 [128093979149888] INFO perfrun.perfcollector <> - eventId: g, skip parsing event_id
44 [128093979149888] INFO perfrun.perfcollector <> - Adaptive PEBS: group_id: 0, reg_type: 1, event_id: 4294967295, reg_id: 3f2, reg_value: 0, pmu_name: cpu_atom
44 [128093979149888] INFO perfrun.perfcollector <> - DRY_RUN: "reg_type       = 1	event_id       = g	reg_id         = 14ce	reg_value      = 0"
44 [128093979149888] INFO perfrun.perfcollector <> - eventId: g, skip parsing event_id
44 [128093979149888] INFO perfrun.perfcollector <> - Register was ignored: group_id: 0, reg_type: 1, event_id: 4294967295, reg_id: 14ce, reg_value: 0, pmu_name: cpu_atom
44 [128093979149888] INFO perfrun.perfcollector <> - DRY_RUN: "ESCR"
44 [128093979149888] INFO perfrun.perfcollector <> - DRY_RUN: "DATA"
44 [128093979149888] INFO perfrun.perfcollector <> - DRY_RUN: "reg_type       = 4	event_id       = 2	reg_id         = 309	reg_value      = ffffffca9820"
44 [128093979149888] INFO perfrun.perfcollector <> - eventId: 2, dataAddr: 309, dataVal: ffffffca9820
44 [128093979149888] INFO perfrun.perfcollector <> - DRY_RUN: "reg_type       = 4	event_id       = 0	reg_id         = 30a	reg_value      = ffffffca9820"
44 [128093979149888] INFO perfrun.perfcollector <> - eventId: 0, dataAddr: 30a, dataVal: ffffffca9820
44 [128093979149888] INFO perfrun.perfcollector <> - DRY_RUN: "reg_type       = 4	event_id       = 1	reg_id         = 30b	reg_value      = ffffffca9820"
44 [128093979149888] INFO perfrun.perfcollector <> - eventId: 1, dataAddr: 30b, dataVal: ffffffca9820
44 [128093979149888] INFO perfrun.perfcollector <> - event name: CPU_CLK_UNHALTED.THREAD
44 [128093979149888] INFO perfrun.perfcollector <> - pmu config: cpu_atom
44 [128093979149888] INFO perfrun.perfcollector <> - cccrAddr: ffffffff, cccrValue: 0
44 [128093979149888] INFO perfrun.perfcollector <> - dataAddr: 30a, dataValue: ffffffffffca9820
44 [128093979149888] INFO perfrun.perfcollector <> - escrAddr: ffffffff, escrValue: 0
44 [128093979149888] INFO perfrun.perfcollector <> - extendedPebsValue: 700000000
44 [128093979149888] INFO perfrun.perfcollector <> - adaptivePebsAvailable: 1
44 [128093979149888] INFO perfrun.perfcollector <> - config: event: 3c
44 [128093979149888] INFO perfrun.perfcollector <> - config: pc: 0
44 [128093979149888] INFO perfrun.perfcollector <> - config: edge: 0
44 [128093979149888] INFO perfrun.perfcollector <> - config1: offcore_rsp: 0
44 [128093979149888] INFO perfrun.perfcollector <> - config1: ldlat: 0
44 [128093979149888] INFO perfrun.perfcollector <> - config: inv: 0
44 [128093979149888] INFO perfrun.perfcollector <> - config: umask: 0
44 [128093979149888] INFO perfrun.perfcollector <> - config: cmask: 0
44 [128093979149888] INFO perfrun.perfcollector <> - precise event: Extended PEBS is enabled for 1th fixed counter
44 [128093979149888] INFO perfrun.perfcollector <> - format: cpu_atom/event=0x3c,name='CPU_CLK_UNHALTED.THREAD[ATOM]'/D
44 [128093979149888] INFO perfrun.perfcollector <> - event name: CPU_CLK_UNHALTED.REF_TSC
44 [128093979149888] INFO perfrun.perfcollector <> - pmu config: cpu_atom
44 [128093979149888] INFO perfrun.perfcollector <> - cccrAddr: ffffffff, cccrValue: 0
44 [128093979149888] INFO perfrun.perfcollector <> - dataAddr: 30b, dataValue: ffffffffffca9820
44 [128093979149888] INFO perfrun.perfcollector <> - escrAddr: ffffffff, escrValue: 0
44 [128093979149888] INFO perfrun.perfcollector <> - extendedPebsValue: 700000000
44 [128093979149888] INFO perfrun.perfcollector <> - adaptivePebsAvailable: 1
44 [128093979149888] INFO perfrun.perfcollector <> - config: event: 0
44 [128093979149888] INFO perfrun.perfcollector <> - config: pc: 0
44 [128093979149888] INFO perfrun.perfcollector <> - config: edge: 0
44 [128093979149888] INFO perfrun.perfcollector <> - config1: offcore_rsp: 0
44 [128093979149888] INFO perfrun.perfcollector <> - config1: ldlat: 0
44 [128093979149888] INFO perfrun.perfcollector <> - config: inv: 0
44 [128093979149888] INFO perfrun.perfcollector <> - config: umask: 3
44 [128093979149888] INFO perfrun.perfcollector <> - config: cmask: 0
44 [128093979149888] INFO perfrun.perfcollector <> - precise event: Extended PEBS is enabled for 2th fixed counter
44 [128093979149888] INFO perfrun.perfcollector <> - format: cpu_atom/umask=0x3,name='CPU_CLK_UNHALTED.REF_TSC[ATOM]'/D
44 [128093979149888] INFO perfrun.perfcollector <> - event name: INST_RETIRED.ANY
44 [128093979149888] INFO perfrun.perfcollector <> - pmu config: cpu_atom
44 [128093979149888] INFO perfrun.perfcollector <> - cccrAddr: ffffffff, cccrValue: 0
44 [128093979149888] INFO perfrun.perfcollector <> - dataAddr: 309, dataValue: ffffffffffca9820
44 [128093979149888] INFO perfrun.perfcollector <> - escrAddr: ffffffff, escrValue: 0
44 [128093979149888] INFO perfrun.perfcollector <> - extendedPebsValue: 700000000
44 [128093979149888] INFO perfrun.perfcollector <> - adaptivePebsAvailable: 1
44 [128093979149888] INFO perfrun.perfcollector <> - config: event: c0
44 [128093979149888] INFO perfrun.perfcollector <> - config: pc: 0
44 [128093979149888] INFO perfrun.perfcollector <> - config: edge: 0
44 [128093979149888] INFO perfrun.perfcollector <> - config1: offcore_rsp: 0
44 [128093979149888] INFO perfrun.perfcollector <> - config1: ldlat: 0
44 [128093979149888] INFO perfrun.perfcollector <> - config: inv: 0
44 [128093979149888] INFO perfrun.perfcollector <> - config: umask: 0
44 [128093979149888] INFO perfrun.perfcollector <> - config: cmask: 0
44 [128093979149888] INFO perfrun.perfcollector <> - precise event: Extended PEBS is enabled for 0th fixed counter
44 [128093979149888] INFO perfrun.perfcollector <> - format: cpu_atom/event=0xc0,name='INST_RETIRED.ANY[ATOM]'/D
44 [128093979149888] INFO perfrun.perfcollector <> - event name: CPU_CLK_UNHALTED.THREAD
44 [128093979149888] INFO perfrun.perfcollector <> - pmu config: cpu_core
44 [128093979149888] INFO perfrun.perfcollector <> - cccrAddr: ffffffff, cccrValue: 0
44 [128093979149888] INFO perfrun.perfcollector <> - dataAddr: 30a, dataValue: ffffffffffca9820
44 [128093979149888] INFO perfrun.perfcollector <> - escrAddr: ffffffff, escrValue: 0
44 [128093979149888] INFO perfrun.perfcollector <> - extendedPebsValue: f00000003
44 [128093979149888] INFO perfrun.perfcollector <> - adaptivePebsAvailable: 1
44 [128093979149888] INFO perfrun.perfcollector <> - config: event: 3c
44 [128093979149888] INFO perfrun.perfcollector <> - config: pc: 0
44 [128093979149888] INFO perfrun.perfcollector <> - config: edge: 0
44 [128093979149888] INFO perfrun.perfcollector <> - config1: offcore_rsp: 0
45 [128093979149888] INFO perfrun.perfcollector <> - config1: ldlat: 0
45 [128093979149888] INFO perfrun.perfcollector <> - config: inv: 0
45 [128093979149888] INFO perfrun.perfcollector <> - config: umask: 0
45 [128093979149888] INFO perfrun.perfcollector <> - config1: frontend: 0
45 [128093979149888] INFO perfrun.perfcollector <> - config: cmask: 0
45 [128093979149888] INFO perfrun.perfcollector <> - precise event: Extended PEBS is enabled for 1th fixed counter
45 [128093979149888] INFO perfrun.perfcollector <> - format: cpu_core/event=0x3c,name='CPU_CLK_UNHALTED.THREAD[CORE]'/D
45 [128093979149888] INFO perfrun.perfcollector <> - event name: CPU_CLK_UNHALTED.REF_TSC
45 [128093979149888] INFO perfrun.perfcollector <> - pmu config: cpu_core
45 [128093979149888] INFO perfrun.perfcollector <> - cccrAddr: ffffffff, cccrValue: 0
45 [128093979149888] INFO perfrun.perfcollector <> - dataAddr: 30b, dataValue: ffffffffffca9820
45 [128093979149888] INFO perfrun.perfcollector <> - escrAddr: ffffffff, escrValue: 0
45 [128093979149888] INFO perfrun.perfcollector <> - extendedPebsValue: f00000003
45 [128093979149888] INFO perfrun.perfcollector <> - adaptivePebsAvailable: 1
45 [128093979149888] INFO perfrun.perfcollector <> - config: event: 0
45 [128093979149888] INFO perfrun.perfcollector <> - config: pc: 0
45 [128093979149888] INFO perfrun.perfcollector <> - config: edge: 0
45 [128093979149888] INFO perfrun.perfcollector <> - config1: offcore_rsp: 0
45 [128093979149888] INFO perfrun.perfcollector <> - config1: ldlat: 0
45 [128093979149888] INFO perfrun.perfcollector <> - config: inv: 0
45 [128093979149888] INFO perfrun.perfcollector <> - config: umask: 3
45 [128093979149888] INFO perfrun.perfcollector <> - config1: frontend: 0
45 [128093979149888] INFO perfrun.perfcollector <> - config: cmask: 0
45 [128093979149888] INFO perfrun.perfcollector <> - precise event: Extended PEBS is enabled for 2th fixed counter
45 [128093979149888] INFO perfrun.perfcollector <> - format: cpu_core/umask=0x3,name='CPU_CLK_UNHALTED.REF_TSC[CORE]'/D
45 [128093979149888] INFO perfrun.perfcollector <> - event name: INST_RETIRED.ANY
45 [128093979149888] INFO perfrun.perfcollector <> - pmu config: cpu_core
45 [128093979149888] INFO perfrun.perfcollector <> - cccrAddr: ffffffff, cccrValue: 0
45 [128093979149888] INFO perfrun.perfcollector <> - dataAddr: 309, dataValue: ffffffffffca9820
45 [128093979149888] INFO perfrun.perfcollector <> - escrAddr: ffffffff, escrValue: 0
45 [128093979149888] INFO perfrun.perfcollector <> - extendedPebsValue: f00000003
45 [128093979149888] INFO perfrun.perfcollector <> - adaptivePebsAvailable: 1
45 [128093979149888] INFO perfrun.perfcollector <> - config: event: c0
45 [128093979149888] INFO perfrun.perfcollector <> - config: pc: 0
45 [128093979149888] INFO perfrun.perfcollector <> - config: edge: 0
45 [128093979149888] INFO perfrun.perfcollector <> - config1: offcore_rsp: 0
45 [128093979149888] INFO perfrun.perfcollector <> - config1: ldlat: 0
45 [128093979149888] INFO perfrun.perfcollector <> - config: inv: 0
45 [128093979149888] INFO perfrun.perfcollector <> - config: umask: 0
45 [128093979149888] INFO perfrun.perfcollector <> - config1: frontend: 0
45 [128093979149888] INFO perfrun.perfcollector <> - config: cmask: 0
45 [128093979149888] INFO perfrun.perfcollector <> - precise event: Precise Distribution is enabled for 0th fixed counter
45 [128093979149888] INFO perfrun.perfcollector <> - format: cpu_core/event=0xc0,name='INST_RETIRED.ANY[CORE]'/D
45 [128093979149888] INFO perfrun.perfcollector <> - event name: TOPDOWN.SLOTS
45 [128093979149888] INFO perfrun.perfcollector <> - pmu config: cpu_core
45 [128093979149888] INFO perfrun.perfcollector <> - cccrAddr: ffffffff, cccrValue: 0
45 [128093979149888] INFO perfrun.perfcollector <> - dataAddr: 30c, dataValue: ffffffffffe17b7d
45 [128093979149888] INFO perfrun.perfcollector <> - escrAddr: ffffffff, escrValue: 0
45 [128093979149888] INFO perfrun.perfcollector <> - extendedPebsValue: f00000003
45 [128093979149888] INFO perfrun.perfcollector <> - adaptivePebsAvailable: 1
45 [128093979149888] INFO perfrun.perfcollector <> - config: event: 0
45 [128093979149888] INFO perfrun.perfcollector <> - config: pc: 0
45 [128093979149888] INFO perfrun.perfcollector <> - config: edge: 0
45 [128093979149888] INFO perfrun.perfcollector <> - config1: offcore_rsp: 0
45 [128093979149888] INFO perfrun.perfcollector <> - config1: ldlat: 0
45 [128093979149888] INFO perfrun.perfcollector <> - config: inv: 0
45 [128093979149888] INFO perfrun.perfcollector <> - config: umask: 4
45 [128093979149888] INFO perfrun.perfcollector <> - config1: frontend: 0
45 [128093979149888] INFO perfrun.perfcollector <> - config: cmask: 0
45 [128093979149888] INFO perfrun.perfcollector <> - precise event: Extended PEBS is enabled for 3th fixed counter
45 [128093979149888] INFO perfrun.perfcollector <> - format: cpu_core/umask=0x4,name='TOPDOWN.SLOTS[CORE]'/D
45 [128093979149888] INFO perfrun.perfcollector <> - event name: CPU_CLK_UNHALTED.DISTRIBUTED
45 [128093979149888] INFO perfrun.perfcollector <> - pmu config: cpu_core
45 [128093979149888] INFO perfrun.perfcollector <> - cccrAddr: 186, cccrValue: 4302ec
45 [128093979149888] INFO perfrun.perfcollector <> - dataAddr: c1, dataValue: ffffffffffca9820
45 [128093979149888] INFO perfrun.perfcollector <> - escrAddr: ffffffff, escrValue: 0
45 [128093979149888] INFO perfrun.perfcollector <> - extendedPebsValue: f000000ff
45 [128093979149888] INFO perfrun.perfcollector <> - adaptivePebsAvailable: 1
45 [128093979149888] INFO perfrun.perfcollector <> - config: event: ec
45 [128093979149888] INFO perfrun.perfcollector <> - config: pc: 0
45 [128093979149888] INFO perfrun.perfcollector <> - config: edge: 0
45 [128093979149888] INFO perfrun.perfcollector <> - config1: offcore_rsp: 0
45 [128093979149888] INFO perfrun.perfcollector <> - config1: ldlat: 0
45 [128093979149888] INFO perfrun.perfcollector <> - config: inv: 0
45 [128093979149888] INFO perfrun.perfcollector <> - config: umask: 2
45 [128093979149888] INFO perfrun.perfcollector <> - config1: frontend: 0
45 [128093979149888] INFO perfrun.perfcollector <> - config: cmask: 0
45 [128093979149888] INFO perfrun.perfcollector <> - precise event: config: 2ec, [cccrVal & impreciseMask(0x100000)]: 0
45 [128093979149888] INFO perfrun.perfcollector <> - format: cpu_core/event=0xec,umask=0x2,name='CPU_CLK_UNHALTED.DISTRIBUTED[CORE]'/
45 [128093979149888] INFO perfrun.perfcollector <> - event name: FP_ARITH_INST_RETIRED.SCALAR_SINGLE
45 [128093979149888] INFO perfrun.perfcollector <> - pmu config: cpu_core
45 [128093979149888] INFO perfrun.perfcollector <> - cccrAddr: 187, cccrValue: 4302c7
45 [128093979149888] INFO perfrun.perfcollector <> - dataAddr: c2, dataValue: ffffffffffe17b7d
45 [128093979149888] INFO perfrun.perfcollector <> - escrAddr: ffffffff, escrValue: 0
45 [128093979149888] INFO perfrun.perfcollector <> - extendedPebsValue: f000000ff
45 [128093979149888] INFO perfrun.perfcollector <> - adaptivePebsAvailable: 1
45 [128093979149888] INFO perfrun.perfcollector <> - config: event: c7
45 [128093979149888] INFO perfrun.perfcollector <> - config: pc: 0
45 [128093979149888] INFO perfrun.perfcollector <> - config: edge: 0
45 [128093979149888] INFO perfrun.perfcollector <> - config1: offcore_rsp: 0
45 [128093979149888] INFO perfrun.perfcollector <> - config1: ldlat: 0
45 [128093979149888] INFO perfrun.perfcollector <> - config: inv: 0
45 [128093979149888] INFO perfrun.perfcollector <> - config: umask: 2
45 [128093979149888] INFO perfrun.perfcollector <> - config1: frontend: 0
45 [128093979149888] INFO perfrun.perfcollector <> - config: cmask: 0
45 [128093979149888] INFO perfrun.perfcollector <> - precise event: config: 2c7, [cccrVal & impreciseMask(0x100000)]: 0
45 [128093979149888] INFO perfrun.perfcollector <> - format: cpu_core/event=0xc7,umask=0x2,name='FP_ARITH_INST_RETIRED.SCALAR_SINGLE[CORE]'/
45 [128093979149888] INFO perfrun.perfcollector <> - event name: FP_ARITH_INST_RETIRED.128B_PACKED_SINGLE
45 [128093979149888] INFO perfrun.perfcollector <> - pmu config: cpu_core
45 [128093979149888] INFO perfrun.perfcollector <> - cccrAddr: 188, cccrValue: 4308c7
45 [128093979149888] INFO perfrun.perfcollector <> - dataAddr: c3, dataValue: ffffffffffe17b7d
45 [128093979149888] INFO perfrun.perfcollector <> - escrAddr: ffffffff, escrValue: 0
45 [128093979149888] INFO perfrun.perfcollector <> - extendedPebsValue: f000000ff
45 [128093979149888] INFO perfrun.perfcollector <> - adaptivePebsAvailable: 1
45 [128093979149888] INFO perfrun.perfcollector <> - config: event: c7
45 [128093979149888] INFO perfrun.perfcollector <> - config: pc: 0
45 [128093979149888] INFO perfrun.perfcollector <> - config: edge: 0
45 [128093979149888] INFO perfrun.perfcollector <> - config1: offcore_rsp: 0
45 [128093979149888] INFO perfrun.perfcollector <> - config1: ldlat: 0
45 [128093979149888] INFO perfrun.perfcollector <> - config: inv: 0
45 [128093979149888] INFO perfrun.perfcollector <> - config: umask: 8
45 [128093979149888] INFO perfrun.perfcollector <> - config1: frontend: 0
45 [128093979149888] INFO perfrun.perfcollector <> - config: cmask: 0
45 [128093979149888] INFO perfrun.perfcollector <> - precise event: config: 8c7, [cccrVal & impreciseMask(0x100000)]: 0
45 [128093979149888] INFO perfrun.perfcollector <> - format: cpu_core/event=0xc7,umask=0x8,name='FP_ARITH_INST_RETIRED.128B_PACKED_SINGLE[CORE]'/
45 [128093979149888] INFO perfrun.perfcollector <> - event name: FP_ARITH_INST_RETIRED.256B_PACKED_SINGLE
45 [128093979149888] INFO perfrun.perfcollector <> - pmu config: cpu_core
45 [128093979149888] INFO perfrun.perfcollector <> - cccrAddr: 189, cccrValue: 4320c7
45 [128093979149888] INFO perfrun.perfcollector <> - dataAddr: c4, dataValue: ffffffffffe17b7d
45 [128093979149888] INFO perfrun.perfcollector <> - escrAddr: ffffffff, escrValue: 0
45 [128093979149888] INFO perfrun.perfcollector <> - extendedPebsValue: f000000ff
45 [128093979149888] INFO perfrun.perfcollector <> - adaptivePebsAvailable: 1
45 [128093979149888] INFO perfrun.perfcollector <> - config: event: c7
45 [128093979149888] INFO perfrun.perfcollector <> - config: pc: 0
45 [128093979149888] INFO perfrun.perfcollector <> - config: edge: 0
45 [128093979149888] INFO perfrun.perfcollector <> - config1: offcore_rsp: 0
45 [128093979149888] INFO perfrun.perfcollector <> - config1: ldlat: 0
45 [128093979149888] INFO perfrun.perfcollector <> - config: inv: 0
45 [128093979149888] INFO perfrun.perfcollector <> - config: umask: 20
45 [128093979149888] INFO perfrun.perfcollector <> - config1: frontend: 0
45 [128093979149888] INFO perfrun.perfcollector <> - config: cmask: 0
45 [128093979149888] INFO perfrun.perfcollector <> - precise event: config: 20c7, [cccrVal & impreciseMask(0x100000)]: 0
45 [128093979149888] INFO perfrun.perfcollector <> - format: cpu_core/event=0xc7,umask=0x20,name='FP_ARITH_INST_RETIRED.256B_PACKED_SINGLE[CORE]'/
45 [128093979149888] INFO perfrun.perfcollector <> - event name: FP_ARITH_INST_RETIRED.SCALAR_DOUBLE
45 [128093979149888] INFO perfrun.perfcollector <> - pmu config: cpu_core
45 [128093979149888] INFO perfrun.perfcollector <> - cccrAddr: 18a, cccrValue: 4301c7
45 [128093979149888] INFO perfrun.perfcollector <> - dataAddr: c5, dataValue: ffffffffffe17b7d
45 [128093979149888] INFO perfrun.perfcollector <> - escrAddr: ffffffff, escrValue: 0
45 [128093979149888] INFO perfrun.perfcollector <> - extendedPebsValue: f000000ff
45 [128093979149888] INFO perfrun.perfcollector <> - adaptivePebsAvailable: 1
45 [128093979149888] INFO perfrun.perfcollector <> - config: event: c7
45 [128093979149888] INFO perfrun.perfcollector <> - config: pc: 0
45 [128093979149888] INFO perfrun.perfcollector <> - config: edge: 0
45 [128093979149888] INFO perfrun.perfcollector <> - config1: offcore_rsp: 0
45 [128093979149888] INFO perfrun.perfcollector <> - config1: ldlat: 0
45 [128093979149888] INFO perfrun.perfcollector <> - config: inv: 0
45 [128093979149888] INFO perfrun.perfcollector <> - config: umask: 1
45 [128093979149888] INFO perfrun.perfcollector <> - config1: frontend: 0
45 [128093979149888] INFO perfrun.perfcollector <> - config: cmask: 0
45 [128093979149888] INFO perfrun.perfcollector <> - precise event: config: 1c7, [cccrVal & impreciseMask(0x100000)]: 0
45 [128093979149888] INFO perfrun.perfcollector <> - format: cpu_core/event=0xc7,umask=0x1,name='FP_ARITH_INST_RETIRED.SCALAR_DOUBLE[CORE]'/
45 [128093979149888] INFO perfrun.perfcollector <> - event name: FP_ARITH_INST_RETIRED.128B_PACKED_DOUBLE
45 [128093979149888] INFO perfrun.perfcollector <> - pmu config: cpu_core
45 [128093979149888] INFO perfrun.perfcollector <> - cccrAddr: 18b, cccrValue: 4304c7
45 [128093979149888] INFO perfrun.perfcollector <> - dataAddr: c6, dataValue: ffffffffffe17b7d
45 [128093979149888] INFO perfrun.perfcollector <> - escrAddr: ffffffff, escrValue: 0
45 [128093979149888] INFO perfrun.perfcollector <> - extendedPebsValue: f000000ff
45 [128093979149888] INFO perfrun.perfcollector <> - adaptivePebsAvailable: 1
45 [128093979149888] INFO perfrun.perfcollector <> - config: event: c7
45 [128093979149888] INFO perfrun.perfcollector <> - config: pc: 0
45 [128093979149888] INFO perfrun.perfcollector <> - config: edge: 0
45 [128093979149888] INFO perfrun.perfcollector <> - config1: offcore_rsp: 0
45 [128093979149888] INFO perfrun.perfcollector <> - config1: ldlat: 0
45 [128093979149888] INFO perfrun.perfcollector <> - config: inv: 0
45 [128093979149888] INFO perfrun.perfcollector <> - config: umask: 4
45 [128093979149888] INFO perfrun.perfcollector <> - config1: frontend: 0
45 [128093979149888] INFO perfrun.perfcollector <> - config: cmask: 0
45 [128093979149888] INFO perfrun.perfcollector <> - precise event: config: 4c7, [cccrVal & impreciseMask(0x100000)]: 0
45 [128093979149888] INFO perfrun.perfcollector <> - format: cpu_core/event=0xc7,umask=0x4,name='FP_ARITH_INST_RETIRED.128B_PACKED_DOUBLE[CORE]'/
45 [128093979149888] INFO perfrun.perfcollector <> - event name: FP_ARITH_INST_RETIRED.256B_PACKED_DOUBLE
45 [128093979149888] INFO perfrun.perfcollector <> - pmu config: cpu_core
45 [128093979149888] INFO perfrun.perfcollector <> - cccrAddr: 18c, cccrValue: 4310c7
45 [128093979149888] INFO perfrun.perfcollector <> - dataAddr: c7, dataValue: ffffffffffe17b7d
45 [128093979149888] INFO perfrun.perfcollector <> - escrAddr: ffffffff, escrValue: 0
45 [128093979149888] INFO perfrun.perfcollector <> - extendedPebsValue: f000000ff
45 [128093979149888] INFO perfrun.perfcollector <> - adaptivePebsAvailable: 1
45 [128093979149888] INFO perfrun.perfcollector <> - config: event: c7
45 [128093979149888] INFO perfrun.perfcollector <> - config: pc: 0
45 [128093979149888] INFO perfrun.perfcollector <> - config: edge: 0
45 [128093979149888] INFO perfrun.perfcollector <> - config1: offcore_rsp: 0
45 [128093979149888] INFO perfrun.perfcollector <> - config1: ldlat: 0
45 [128093979149888] INFO perfrun.perfcollector <> - config: inv: 0
45 [128093979149888] INFO perfrun.perfcollector <> - config: umask: 10
45 [128093979149888] INFO perfrun.perfcollector <> - config1: frontend: 0
45 [128093979149888] INFO perfrun.perfcollector <> - config: cmask: 0
45 [128093979149888] INFO perfrun.perfcollector <> - precise event: config: 10c7, [cccrVal & impreciseMask(0x100000)]: 0
45 [128093979149888] INFO perfrun.perfcollector <> - format: cpu_core/event=0xc7,umask=0x10,name='FP_ARITH_INST_RETIRED.256B_PACKED_DOUBLE[CORE]'/
45 [128093979149888] INFO perfrun.perfcollector <> - event name: UOPS_EXECUTED.X87
45 [128093979149888] INFO perfrun.perfcollector <> - pmu config: cpu_core
45 [128093979149888] INFO perfrun.perfcollector <> - cccrAddr: 18d, cccrValue: 4310b1
45 [128093979149888] INFO perfrun.perfcollector <> - dataAddr: c8, dataValue: ffffffffffe17b7d
45 [128093979149888] INFO perfrun.perfcollector <> - escrAddr: ffffffff, escrValue: 0
45 [128093979149888] INFO perfrun.perfcollector <> - extendedPebsValue: f000000ff
45 [128093979149888] INFO perfrun.perfcollector <> - adaptivePebsAvailable: 1
45 [128093979149888] INFO perfrun.perfcollector <> - config: event: b1
45 [128093979149888] INFO perfrun.perfcollector <> - config: pc: 0
45 [128093979149888] INFO perfrun.perfcollector <> - config: edge: 0
45 [128093979149888] INFO perfrun.perfcollector <> - config1: offcore_rsp: 0
45 [128093979149888] INFO perfrun.perfcollector <> - config1: ldlat: 0
45 [128093979149888] INFO perfrun.perfcollector <> - config: inv: 0
45 [128093979149888] INFO perfrun.perfcollector <> - config: umask: 10
45 [128093979149888] INFO perfrun.perfcollector <> - config1: frontend: 0
45 [128093979149888] INFO perfrun.perfcollector <> - config: cmask: 0
45 [128093979149888] INFO perfrun.perfcollector <> - precise event: config: 10b1, [cccrVal & impreciseMask(0x100000)]: 0
45 [128093979149888] INFO perfrun.perfcollector <> - format: cpu_core/event=0xb1,umask=0x10,name='UOPS_EXECUTED.X87[CORE]'/
45 [128093979149888] INFO perfrun.perfcollector <> - event name: UOPS_RETIRED.SLOTS
45 [128093979149888] INFO perfrun.perfcollector <> - pmu config: cpu_core
45 [128093979149888] INFO perfrun.perfcollector <> - cccrAddr: 186, cccrValue: 4302c2
45 [128093979149888] INFO perfrun.perfcollector <> - dataAddr: c1, dataValue: ffffffffffe17b7d
45 [128093979149888] INFO perfrun.perfcollector <> - escrAddr: ffffffff, escrValue: 0
45 [128093979149888] INFO perfrun.perfcollector <> - extendedPebsValue: f00000003
45 [128093979149888] INFO perfrun.perfcollector <> - adaptivePebsAvailable: 1
45 [128093979149888] INFO perfrun.perfcollector <> - config: event: c2
45 [128093979149888] INFO perfrun.perfcollector <> - config: pc: 0
45 [128093979149888] INFO perfrun.perfcollector <> - config: edge: 0
45 [128093979149888] INFO perfrun.perfcollector <> - config1: offcore_rsp: 0
45 [128093979149888] INFO perfrun.perfcollector <> - config1: ldlat: 0
45 [128093979149888] INFO perfrun.perfcollector <> - config: inv: 0
45 [128093979149888] INFO perfrun.perfcollector <> - config: umask: 2
45 [128093979149888] INFO perfrun.perfcollector <> - config1: frontend: 0
45 [128093979149888] INFO perfrun.perfcollector <> - config: cmask: 0
45 [128093979149888] INFO perfrun.perfcollector <> - precise event: config: 2c2, [cccrVal & impreciseMask(0x100000)]: 0
45 [128093979149888] INFO perfrun.perfcollector <> - format: cpu_core/event=0xc2,umask=0x2,name='UOPS_RETIRED.SLOTS[CORE]'/
45 [128093979149888] INFO perfrun.perfcollector <> - event name: UOPS_EXECUTED.THREAD
45 [128093979149888] INFO perfrun.perfcollector <> - pmu config: cpu_core
45 [128093979149888] INFO perfrun.perfcollector <> - cccrAddr: 187, cccrValue: 4301b1
45 [128093979149888] INFO perfrun.perfcollector <> - dataAddr: c2, dataValue: ffffffffffe17b7d
45 [128093979149888] INFO perfrun.perfcollector <> - escrAddr: ffffffff, escrValue: 0
45 [128093979149888] INFO perfrun.perfcollector <> - extendedPebsValue: f00000003
45 [128093979149888] INFO perfrun.perfcollector <> - adaptivePebsAvailable: 1
45 [128093979149888] INFO perfrun.perfcollector <> - config: event: b1
45 [128093979149888] INFO perfrun.perfcollector <> - config: pc: 0
45 [128093979149888] INFO perfrun.perfcollector <> - config: edge: 0
45 [128093979149888] INFO perfrun.perfcollector <> - config1: offcore_rsp: 0
45 [128093979149888] INFO perfrun.perfcollector <> - config1: ldlat: 0
45 [128093979149888] INFO perfrun.perfcollector <> - config: inv: 0
45 [128093979149888] INFO perfrun.perfcollector <> - config: umask: 1
45 [128093979149888] INFO perfrun.perfcollector <> - config1: frontend: 0
45 [128093979149888] INFO perfrun.perfcollector <> - config: cmask: 0
45 [128093979149888] INFO perfrun.perfcollector <> - precise event: config: 1b1, [cccrVal & impreciseMask(0x100000)]: 0
45 [128093979149888] INFO perfrun.perfcollector <> - format: cpu_core/event=0xb1,umask=0x1,name='UOPS_EXECUTED.THREAD[CORE]'/
45 [128093979149888] INFO perfrun.perfcollector <> - event: cpu_atom/event=0x3c,name='CPU_CLK_UNHALTED.THREAD[ATOM]'/Duk, added for counting
45 [128093979149888] INFO perfrun.perfcollector <> - event: cpu_atom/umask=0x3,name='CPU_CLK_UNHALTED.REF_TSC[ATOM]'/Duk, added for counting
45 [128093979149888] INFO perfrun.perfcollector <> - event: cpu_atom/event=0xc0,name='INST_RETIRED.ANY[ATOM]'/Duk, added for counting
45 [128093979149888] INFO perfrun.perfcollector <> - event: cpu_core/event=0x3c,name='CPU_CLK_UNHALTED.THREAD[CORE]'/Duk, added for counting
45 [128093979149888] INFO perfrun.perfcollector <> - event: cpu_core/umask=0x3,name='CPU_CLK_UNHALTED.REF_TSC[CORE]'/Duk, added for counting
45 [128093979149888] INFO perfrun.perfcollector <> - event: cpu_core/event=0xc0,name='INST_RETIRED.ANY[CORE]'/Duk, added for counting
45 [128093979149888] INFO perfrun.perfcollector <> - event: cpu_core/umask=0x4,name='TOPDOWN.SLOTS[CORE]'/Duk, added for counting
45 [128093979149888] INFO perfrun.perfcollector <> - event: cpu_core/event=0xec,umask=0x2,name='CPU_CLK_UNHALTED.DISTRIBUTED[CORE]'/uk, added for counting
45 [128093979149888] INFO perfrun.perfcollector <> - event: cpu_core/event=0xc7,umask=0x2,name='FP_ARITH_INST_RETIRED.SCALAR_SINGLE[CORE]'/uk, added for counting
45 [128093979149888] INFO perfrun.perfcollector <> - event: cpu_core/event=0xc7,umask=0x8,name='FP_ARITH_INST_RETIRED.128B_PACKED_SINGLE[CORE]'/uk, added for counting
45 [128093979149888] INFO perfrun.perfcollector <> - event: cpu_core/event=0xc7,umask=0x20,name='FP_ARITH_INST_RETIRED.256B_PACKED_SINGLE[CORE]'/uk, added for counting
45 [128093979149888] INFO perfrun.perfcollector <> - event: cpu_core/event=0xc7,umask=0x1,name='FP_ARITH_INST_RETIRED.SCALAR_DOUBLE[CORE]'/uk, added for counting
45 [128093979149888] INFO perfrun.perfcollector <> - event: cpu_core/event=0xc7,umask=0x4,name='FP_ARITH_INST_RETIRED.128B_PACKED_DOUBLE[CORE]'/uk, added for counting
45 [128093979149888] INFO perfrun.perfcollector <> - event: cpu_core/event=0xc7,umask=0x10,name='FP_ARITH_INST_RETIRED.256B_PACKED_DOUBLE[CORE]'/uk, added for counting
45 [128093979149888] INFO perfrun.perfcollector <> - event: cpu_core/event=0xb1,umask=0x10,name='UOPS_EXECUTED.X87[CORE]'/uk, added for counting
45 [128093979149888] INFO perfrun.perfcollector <> - event: cpu_core/event=0xc2,umask=0x2,name='UOPS_RETIRED.SLOTS[CORE]'/uk, added for counting
45 [128093979149888] INFO perfrun.perfcollector <> - event: cpu_core/event=0xb1,umask=0x1,name='UOPS_EXECUTED.THREAD[CORE]'/uk, added for counting
45 [128093979149888] INFO perfrun.perfcollector <> - attaching to pid: 4294967295, collect mode: 1, rc modes: 3
45 [128093968664128] WARN perfrun.perfcollector <> - Perf stat trace pipe capacity: read = 1048576, write = 1048576, at file: vcs/perfrun1/plugins/perfcollector/src/profiler.cpp:786
46 [128093968664128] INFO perfrun.sdk <> - runCmd: /opt/intel/oneapi/vtune/2024.1/bin64/amplxe-perf stat -v --log-fd 11 --scale -x ; -e cpu_atom/event=0x3c,name='CPU_CLK_UNHALTED.THREAD[ATOM]'/Duk,cpu_atom/umask=0x3,name='CPU_CLK_UNHALTED.REF_TSC[ATOM]'/Duk,cpu_atom/event=0xc0,name='INST_RETIRED.ANY[ATOM]'/Duk,cpu_core/event=0x3c,name='CPU_CLK_UNHALTED.THREAD[CORE]'/Duk,cpu_core/umask=0x3,name='CPU_CLK_UNHALTED.REF_TSC[CORE]'/Duk,cpu_core/event=0xc0,name='INST_RETIRED.ANY[CORE]'/Duk,cpu_core/umask=0x4,name='TOPDOWN.SLOTS[CORE]'/Duk,cpu_core/event=0xec,umask=0x2,name='CPU_CLK_UNHALTED.DISTRIBUTED[CORE]'/uk,cpu_core/event=0xc7,umask=0x2,name='FP_ARITH_INST_RETIRED.SCALAR_SINGLE[CORE]'/uk,cpu_core/event=0xc7,umask=0x8,name='FP_ARITH_INST_RETIRED.128B_PACKED_SINGLE[CORE]'/uk,cpu_core/event=0xc7,umask=0x20,name='FP_ARITH_INST_RETIRED.256B_PACKED_SINGLE[CORE]'/uk,cpu_core/event=0xc7,umask=0x1,name='FP_ARITH_INST_RETIRED.SCALAR_DOUBLE[CORE]'/uk,cpu_core/event=0xc7,umask=0x4,name='FP_ARITH_INST_RETIRED.128B_PACKED_DOUBLE[CORE]'/uk,cpu_core/event=0xc7,umask=0x10,name='FP_ARITH_INST_RETIRED.256B_PACKED_DOUBLE[CORE]'/uk,cpu_core/event=0xb1,umask=0x10,name='UOPS_EXECUTED.X87[CORE]'/uk,cpu_core/event=0xc2,umask=0x2,name='UOPS_RETIRED.SLOTS[CORE]'/uk,cpu_core/event=0xb1,umask=0x1,name='UOPS_EXECUTED.THREAD[CORE]'/uk /opt/intel/oneapi/vtune/2024.1/bin64/amplxe-perf-sync dryrun tsc
46 [128093968664128] INFO perfrun.sdk <> - runCmd started PID 45648
104 [128093968664128] INFO perfrun.perfcollector <> - Monitor: runCmd RC = true
104 [128093979149888] INFO perfrun.launcher <> - plugin [aoclprofile] was disabled because it doesn't support the given collection type.
104 [128093979149888] INFO perfrun.tpss <> - initialize tpss controller
104 [128093979149888] INFO perfrun.tpss <> - configure collection mode: value = cpu:counters:nostack
104 [128093979149888] INFO perfrun.tpss <> - configure collection mode: value = cpu:stack
104 [128093979149888] INFO perfrun.tpss <> - default obj-size-min=1024
104 [128093979149888] INFO perfrun.tpss <> - default hash-table-size=0
104 [128093979149888] INFO perfrun.launcher <> - plugin [media] was disabled because it doesn't support the given collection type.
104 [128093979149888] INFO perfrun.launcher <> - plugin [] was disabled because it doesn't support the given collection type.
104 [128093979149888] INFO perfrun.launcher <> - plugin [] was disabled because it doesn't support the given collection type.
104 [128093979149888] INFO perfrun.launcher <> - plugin [parallelfs] was disabled because it doesn't support the given collection type.
104 [128093979149888] INFO perfrun.launcher <> - plugin [power] was disabled because it doesn't support the given collection type.
104 [128093979149888] INFO perfrun.launcher <> - plugin [] was disabled because it doesn't support the given collection type.
104 [128093979149888] INFO perfrun.launcher <> - plugin [ipmwatch] was disabled because it doesn't support the given collection type.
104 [128093979149888] INFO perfrun.launcher <> - plugin [os_counters] was disabled because it doesn't support the given collection type.
104 [128093979149888] INFO perfrun.launcher <> - plugin [l0_metrics] was disabled because it doesn't support the given collection type.
104 [128094202485632] INFO perfrun.launcher <> - set environment variable: LD_LIBRARY_PATH = /opt/intel/oneapi/vtune/2024.1/lib32/runtime:/opt/intel/oneapi/vtune/2024.1/lib64/runtime
104 [128094202485632] INFO perfrun.launcher <> - set environment variable: INTEL_LIBITTNOTIFY32 = /opt/intel/oneapi/vtune/2024.1/lib32/runtime/libittnotify_collector.so
104 [128094202485632] INFO perfrun.launcher <> - set environment variable: INTEL_LIBITTNOTIFY64 = /opt/intel/oneapi/vtune/2024.1/lib64/runtime/libittnotify_collector.so
104 [128094202485632] INFO perfrun.launcher <> - set environment variable: INTEL_ITTNOTIFY_GROUPS = 
104 [128094202485632] INFO perfrun.launcher <> - set environment variable: INTEL_JIT_PROFILER32 = /opt/intel/oneapi/vtune/2024.1/lib32/runtime/libittnotify_collector.so
104 [128094202485632] INFO perfrun.launcher <> - set environment variable: INTEL_JIT_PROFILER64 = /opt/intel/oneapi/vtune/2024.1/lib64/runtime/libittnotify_collector.so
104 [128094202485632] INFO perfrun.launcher <> - set environment variable: ENABLE_JITPROFILING = 1
104 [128094202485632] INFO perfrun.launcher <> - set environment variable: CL_CONFIG_USE_VTUNE = True
104 [128094202485632] INFO perfrun.launcher <> - set environment variable: KMP_FORKJOIN_FRAMES = 0
104 [128094202485632] INFO perfrun.launcher <> - set environment variable: KMP_FORKJOIN_FRAMES_MODE = 0
104 [128094202485632] INFO perfrun.launcher <> - set environment variable: INTEL_MRTE_DATA_DIR = /home/jagtym/Programming/ProgRowProj1/vtune/hs_k2/data.0
104 [128094202485632] INFO perfrun.launcher <> - set environment variable: INTEL_MRTE_HOST_NAME = pop-os
104 [128094202485632] INFO perfrun.launcher <> - set environment variable: JAVA_TOOL_OPTIONS = -agentlib:amplxe_tpssmrte_javaprof_1.0 -Dsun.boot.library.path=/opt/intel/oneapi/vtune/2024.1/lib32/runtime:/opt/intel/oneapi/vtune/2024.1/lib64/runtime
104 [128094202485632] INFO perfrun.launcher <> - set environment variable: LD_LIBRARY_PATH = /opt/intel/oneapi/vtune/2024.1/lib32/runtime:/opt/intel/oneapi/vtune/2024.1/lib64/runtime
104 [128094202485632] INFO perfrun.launcher <> - set environment variable: CORECLR_ENABLE_PROFILING = 1
104 [128094202485632] INFO perfrun.launcher <> - set environment variable: CORECLR_PROFILER = {AA5E4821-E3B1-479c-B7FF-5AD047D22CED}
104 [128094202485632] INFO perfrun.launcher <> - set environment variable: CORECLR_PROFILER_PATH = /opt/intel/oneapi/vtune/2024.1/lib64/libamplxe_samplingmrte_clrprof_1.0.so
104 [128094202485632] INFO perfrun.launcher <> - set environment variable: INTEL_MRTE_PROFILER_MODE = mixed
104 [128094202485632] INFO perfrun.launcher <> - RpcServer: run RPC server to handle requests
104 [128094202485632] INFO perfrun.launcher <> - Launcher: command line to start before modification = build/k2
104 [128094202485632] INFO perfrun.launcher <> - Launcher: command line to start after modification = /opt/intel/oneapi/vtune/2024.1/bin64/pin -error_file /home/jagtym/Programming/ProgRowProj1/vtune/hs_k2/data.0/pinerr.tpsslog -detach_reattach -follow_execv -tool_load_option deepbind -t64 /opt/intel/oneapi/vtune/2024.1/lib64/libtpsstool.so -t /opt/intel/oneapi/vtune/2024.1/lib32/libtpsstool.so -server_name tpss_ipc.45641 -prd_dir /opt/intel/oneapi/vtune/2024.1 -- build/k2
104 [128094202485632] INFO perfrun.launcher <> - ProcessCreator object was created
105 [128094202485632] INFO perfrun.launcher <> - Launcher: the process was started in suspend mode
105 [128093979149888] WARN perfrun.system <> - Could not do anything with /sys/kernel/debug/kvm: boost::filesystem::status: Permission denied [system:13]: "/sys/kernel/debug/kvm", at file: vcs/perfrun1/plugins/system/src/trace_writer.cpp:787
105 [128093979149888] WARN perfrun.system <> - File "/var/run/libvirt/qemu/driver.xml" doesn't exist, at file: vcs/perfrun1/plugins/system/src/trace_writer.cpp:892
106 [128093979149888] WARN perfrun.sdk <> - Failed to find xl binary on any of the system paths: /bin, /sbin, /usr/bin, /usr/sbin., at file: vcs/perfrun1/sdk/src/utils.cpp:204
106 [128093979149888] WARN perfrun.system <> - Could not start ContainerMapping collector, at file: vcs/perfrun1/plugins/system/src/controller.cpp:448
124 [128093979149888] INFO perfrun.vdso <> - Helper runtool '/opt/intel/oneapi/vtune/2024.1/bin32/amplxe-runss -dump-vdso -r /home/jagtym/Programming/ProgRowProj1/vtune/hs_k2 --tmp-dir /tmp/amplxe-tmp-jagtym' returned 0
156 [128093979149888] INFO perfrun.vdso <> - Helper runtool '/opt/intel/oneapi/vtune/2024.1/bin64/amplxe-runss -dump-vdso -r /home/jagtym/Programming/ProgRowProj1/vtune/hs_k2 --tmp-dir /tmp/amplxe-tmp-jagtym' returned 0
157 [128093979149888] INFO perfrun.itt <> - start itt controller for pid #45651
157 [128093979149888] INFO perfrun.perfcollector <> - attaching to pid: 45651, collect mode: 1, rc modes: 1
157 [128093937206848] WARN perfrun.perfcollector <> - Perf stat trace pipe capacity: read = 1048576, write = 1048576, at file: vcs/perfrun1/plugins/perfcollector/src/profiler.cpp:786
157 [128093937206848] INFO perfrun.sdk <> - runCmd: /opt/intel/oneapi/vtune/2024.1/bin64/amplxe-perf stat -v --log-fd 22 --control=fd:23,26 --scale -x ; -p 45651 -e cpu_atom/event=0x3c,name='CPU_CLK_UNHALTED.THREAD[ATOM]'/Duk,cpu_atom/umask=0x3,name='CPU_CLK_UNHALTED.REF_TSC[ATOM]'/Duk,cpu_atom/event=0xc0,name='INST_RETIRED.ANY[ATOM]'/Duk,cpu_core/event=0x3c,name='CPU_CLK_UNHALTED.THREAD[CORE]'/Duk,cpu_core/umask=0x3,name='CPU_CLK_UNHALTED.REF_TSC[CORE]'/Duk,cpu_core/event=0xc0,name='INST_RETIRED.ANY[CORE]'/Duk,cpu_core/umask=0x4,name='TOPDOWN.SLOTS[CORE]'/Duk,cpu_core/event=0xec,umask=0x2,name='CPU_CLK_UNHALTED.DISTRIBUTED[CORE]'/uk,cpu_core/event=0xc7,umask=0x2,name='FP_ARITH_INST_RETIRED.SCALAR_SINGLE[CORE]'/uk,cpu_core/event=0xc7,umask=0x8,name='FP_ARITH_INST_RETIRED.128B_PACKED_SINGLE[CORE]'/uk,cpu_core/event=0xc7,umask=0x20,name='FP_ARITH_INST_RETIRED.256B_PACKED_SINGLE[CORE]'/uk,cpu_core/event=0xc7,umask=0x1,name='FP_ARITH_INST_RETIRED.SCALAR_DOUBLE[CORE]'/uk,cpu_core/event=0xc7,umask=0x4,name='FP_ARITH_INST_RETIRED.128B_PACKED_DOUBLE[CORE]'/uk,cpu_core/event=0xc7,umask=0x10,name='FP_ARITH_INST_RETIRED.256B_PACKED_DOUBLE[CORE]'/uk,cpu_core/event=0xb1,umask=0x10,name='UOPS_EXECUTED.X87[CORE]'/uk,cpu_core/event=0xc2,umask=0x2,name='UOPS_RETIRED.SLOTS[CORE]'/uk,cpu_core/event=0xb1,umask=0x1,name='UOPS_EXECUTED.THREAD[CORE]'/uk /opt/intel/oneapi/vtune/2024.1/bin64/amplxe-perf-sync sync tsc
157 [128093937206848] INFO perfrun.sdk <> - runCmd started PID 45660
165 [128093979149888] INFO perfrun.tpss <> - start tpss controller for pid #45651
216 [128094202485632] INFO perfrun.launcher <> - Launcher: all plugins were started
216 [128094202485632] INFO perfrun.launcher <> - DirectoryMonitor object was created
216 [128094202485632] INFO perfrun.launcher <> - DirectoryMonitor: a callback was added
216 [128094202485632] INFO perfrun.launcher <> - DirectoryMonitor was started with pingTime = 1000
216 [128094202485632] INFO perfrun.launcher <> - DeadlineTimer is going to be constructed
216 [128094202485632] INFO perfrun.launcher <> - DeadlineTimer: a callback was added
221 [128094202485632] INFO perfrun.launcher <> - Launcher: resume the profiled application and  wait its termination or stop command
328 [128094202485632] INFO perfrun.launcher <> - Launcher: the profiled application was terminated  with exit code = 0
330 [128093979149888] INFO perfrun.itt <> - detach itt controller
330 [128093979149888] INFO perfrun.itt <> - detach itt controller done
331 [128093937206848] INFO perfrun.perfcollector <> - Monitor: runCmd RC = true
331 [128093979149888] INFO perfrun.perfcollector <> - Monitor: state = 3, error = 1
331 [128093979149888] INFO perfrun.tpss <> - stop tpss controller
331 [128093979149888] INFO perfrun.sdk <> - De-allocating TMU: /home/jagtym/Programming/ProgRowProj1/vtune/hs_k2/data.0/systemcollector-45641-pop-os.sc
331 [128093979149888] INFO perfrun.system <> - closed the system trace file: /home/jagtym/Programming/ProgRowProj1/vtune/hs_k2/data.0/systemcollector-45641-pop-os.sc
331 [128094202485632] INFO perfrun.launcher <> - Launcher: all plugins were stopped.
331 [128094202485632] INFO perfrun.launcher <> - DeadlineTimer is going to be destroyed
331 [128094202485632] INFO perfrun.launcher <> - DeadlineTimer was destroyed
331 [128094202485632] INFO perfrun.launcher <> - DirectoryMonitor object was destroyed
331 [128094202485632] WARN perfrun.launcher <> - Stop command is ignored because it is received when collection is already stopped, at file: vcs/perfrun1/launcher/src/command_handler.cpp:226
332 [128094202485632] INFO perfrun.launcher <> - Application exit code: 0
332 [128094202485632] INFO perfrun.launcher <> - Exit code: 0
