threads_spec: cpu
Using CPUID GenuineIntel-6-B7-1
DEBUGINFOD_URLS=
Compression enabled, disabling build id collection at the end of the session.
nr_threads: 20
thread_masks[0]: 0x59f803bf3800: maps mask[20]: 0
thread_masks[0]: 0x59f803bf3810: affinity mask[20]: 0
thread_masks[1]: 0x59f803bf3820: maps mask[20]: 1
thread_masks[1]: 0x59f803bf3830: affinity mask[20]: 1
thread_masks[2]: 0x59f803bf3840: maps mask[20]: 2
thread_masks[2]: 0x59f803bf3850: affinity mask[20]: 2
thread_masks[3]: 0x59f803bf3860: maps mask[20]: 3
thread_masks[3]: 0x59f803bf3870: affinity mask[20]: 3
thread_masks[4]: 0x59f803bf3880: maps mask[20]: 4
thread_masks[4]: 0x59f803bf3890: affinity mask[20]: 4
thread_masks[5]: 0x59f803bf38a0: maps mask[20]: 5
thread_masks[5]: 0x59f803bf38b0: affinity mask[20]: 5
thread_masks[6]: 0x59f803bf38c0: maps mask[20]: 6
thread_masks[6]: 0x59f803bf38d0: affinity mask[20]: 6
thread_masks[7]: 0x59f803bf38e0: maps mask[20]: 7
thread_masks[7]: 0x59f803bf38f0: affinity mask[20]: 7
thread_masks[8]: 0x59f803bf3900: maps mask[20]: 8
thread_masks[8]: 0x59f803bf3910: affinity mask[20]: 8
thread_masks[9]: 0x59f803bf3920: maps mask[20]: 9
thread_masks[9]: 0x59f803bf3930: affinity mask[20]: 9
thread_masks[10]: 0x59f803bf3940: maps mask[20]: 10
thread_masks[10]: 0x59f803bf3950: affinity mask[20]: 10
thread_masks[11]: 0x59f803bf3960: maps mask[20]: 11
thread_masks[11]: 0x59f803bf3970: affinity mask[20]: 11
thread_masks[12]: 0x59f803bf3980: maps mask[20]: 12
thread_masks[12]: 0x59f803bf3990: affinity mask[20]: 12
thread_masks[13]: 0x59f803bf39a0: maps mask[20]: 13
thread_masks[13]: 0x59f803bf39b0: affinity mask[20]: 13
thread_masks[14]: 0x59f803bf39c0: maps mask[20]: 14
thread_masks[14]: 0x59f803bf39d0: affinity mask[20]: 14
thread_masks[15]: 0x59f803bf39e0: maps mask[20]: 15
thread_masks[15]: 0x59f803bf39f0: affinity mask[20]: 15
thread_masks[16]: 0x59f803bf3a00: maps mask[20]: 16
thread_masks[16]: 0x59f803bf3a10: affinity mask[20]: 16
thread_masks[17]: 0x59f803bf3a20: maps mask[20]: 17
thread_masks[17]: 0x59f803bf3a30: affinity mask[20]: 17
thread_masks[18]: 0x59f803bf3a40: maps mask[20]: 18
thread_masks[18]: 0x59f803bf3a50: affinity mask[20]: 18
thread_masks[19]: 0x59f803bf3a60: maps mask[20]: 19
thread_masks[19]: 0x59f803bf3a70: affinity mask[20]: 19
nr_cblocks: 0
affinity: SYS
mmap flush: 1
comp level: 1
Problems creating module maps, continuing anyway...
WARNING: Kernel address maps (/proc/{kallsyms,modules}) are restricted,
check /proc/sys/kernel/kptr_restrict and /proc/sys/kernel/perf_event_paranoid.

Samples in kernel functions may not be resolved if a suitable vmlinux
file is not found in the buildid cache or in the vmlinux path.

Samples in kernel modules won't be resolved at all.

If some relocation was applied (e.g. kexec) symbols may be misresolved
even with a suitable vmlinux or kallsyms file.

mmap size 528384B
Couldn't record kernel reference relocation symbol
Symbol resolution may be skewed if relocation was used (e.g. kexec).
Check /proc/kallsyms permission or run as root.
couldn't open /proc/1/task/1/maps
couldn't open /proc/452/task/452/maps
couldn't open /proc/486/task/486/maps
couldn't open /proc/760/task/760/maps
couldn't open /proc/820/task/820/maps
couldn't open /proc/821/task/821/maps
couldn't open /proc/822/task/822/maps
couldn't open /proc/823/task/823/maps
couldn't open /proc/824/task/824/maps
couldn't open /proc/826/task/826/maps
couldn't open /proc/827/task/827/maps
couldn't open /proc/828/task/828/maps
couldn't open /proc/830/task/830/maps
couldn't open /proc/833/task/833/maps
couldn't open /proc/837/task/837/maps
couldn't open /proc/839/task/839/maps
couldn't open /proc/841/task/841/maps
couldn't open /proc/846/task/846/maps
couldn't open /proc/852/task/852/maps
couldn't open /proc/854/task/854/maps
couldn't open /proc/860/task/860/maps
couldn't open /proc/862/task/862/maps
couldn't open /proc/867/task/867/maps
couldn't open /proc/876/task/876/maps
couldn't open /proc/901/task/901/maps
couldn't open /proc/941/task/941/maps
couldn't open /proc/966/task/966/maps
couldn't open /proc/975/task/975/maps
couldn't open /proc/1000/task/1000/maps
couldn't open /proc/1016/task/1016/maps
couldn't open /proc/1018/task/1018/maps
couldn't open /proc/1094/task/1094/maps
couldn't open /proc/1395/task/1395/maps
couldn't open /proc/1435/task/1435/maps
couldn't open /proc/1737/task/1737/maps
couldn't open /proc/1738/task/1738/maps
couldn't open /proc/1813/task/1813/maps
couldn't open /proc/1947/task/1947/maps
couldn't open /proc/2054/task/2054/maps
couldn't open /proc/2147/task/2147/maps
couldn't open /proc/2261/task/2261/maps
couldn't open /proc/2262/task/2262/maps
couldn't open /proc/2293/task/2293/maps
couldn't open /proc/2637/task/2637/maps
couldn't open /proc/2719/task/2719/maps
couldn't open /proc/3040/task/3040/maps
couldn't open /proc/3296/task/3296/maps
couldn't open /proc/8135/task/8135/maps
couldn't open /proc/8136/task/8136/maps
couldn't open /proc/8137/task/8137/maps
couldn't open /proc/8145/task/8145/maps
couldn't open /proc/8146/task/8146/maps
couldn't open /proc/8154/task/8154/maps
couldn't open /proc/8155/task/8155/maps
couldn't open /proc/8158/task/8158/maps
couldn't open /proc/8159/task/8159/maps
couldn't open /proc/15901/task/15901/maps
couldn't open /proc/28585/task/28585/maps
threads[47049]: started on cpu1
threads[47050]: started on cpu2
threads[47051]: started on cpu3
threads[47052]: started on cpu4
threads[47053]: started on cpu5
threads[47054]: started on cpu6
threads[47055]: started on cpu7
threads[47056]: started on cpu8
threads[47057]: started on cpu9
threads[47058]: started on cpu10
threads[47059]: started on cpu11
threads[47060]: started on cpu12
threads[47061]: started on cpu13
threads[47062]: started on cpu14
threads[47063]: started on cpu15
threads[47064]: started on cpu16
threads[47065]: started on cpu17
threads[47066]: started on cpu18
threads[47067]: started on cpu19
threads[47047]: started on cpu0

47048:perf-sync:ready:TSC=23482706607621
[ perf record: Woken up 1 times to write data ]
threads[47047]: samples=1, wakes=1, transferred=8496, compressed=1507
threads[47049]: samples=1, wakes=2, transferred=480, compressed=218
threads[47050]: samples=1, wakes=2, transferred=608, compressed=255
threads[47051]: samples=1, wakes=2, transferred=352, compressed=154
threads[47052]: samples=1, wakes=2, transferred=416, compressed=197
threads[47053]: samples=1, wakes=2, transferred=352, compressed=158
threads[47054]: samples=1, wakes=2, transferred=8384, compressed=1420
threads[47055]: samples=1, wakes=2, transferred=64, compressed=77
threads[47056]: samples=1, wakes=2, transferred=544, compressed=235
threads[47057]: samples=1, wakes=2, transferred=352, compressed=160
threads[47058]: samples=3, wakes=2, transferred=3520, compressed=650
threads[47059]: samples=1, wakes=2, transferred=256, compressed=146
threads[47060]: samples=1, wakes=2, transferred=384, compressed=153
threads[47061]: samples=3, wakes=2, transferred=3056, compressed=617
threads[47062]: samples=1, wakes=2, transferred=384, compressed=177
threads[47063]: samples=1, wakes=2, transferred=12288, compressed=2052
threads[47064]: samples=3, wakes=2, transferred=1168, compressed=388
threads[47065]: samples=1, wakes=2, transferred=576, compressed=248
threads[47066]: samples=1, wakes=2, transferred=384, compressed=164
threads[47067]: samples=1, wakes=2, transferred=256, compressed=166
failed to write feature CPU_PMU_CAPS
[ perf record: Captured and wrote 8.635 MB /home/jagtym/Programming/ProgRowProj1/vtune/ue_k4a/data.0/system-wide.perf, compressed (original 0.040 MB, ratio is 4.629) ]
