threads_spec: cpu
Using CPUID GenuineIntel-6-B7-1
DEBUGINFOD_URLS=
Compression enabled, disabling build id collection at the end of the session.
nr_threads: 20
thread_masks[0]: 0x5ee4c37c6a40: maps mask[20]: 0
thread_masks[0]: 0x5ee4c37c6a50: affinity mask[20]: 0
thread_masks[1]: 0x5ee4c37c6a60: maps mask[20]: 1
thread_masks[1]: 0x5ee4c37c6a70: affinity mask[20]: 1
thread_masks[2]: 0x5ee4c37c6a80: maps mask[20]: 2
thread_masks[2]: 0x5ee4c37c6a90: affinity mask[20]: 2
thread_masks[3]: 0x5ee4c37c6aa0: maps mask[20]: 3
thread_masks[3]: 0x5ee4c37c6ab0: affinity mask[20]: 3
thread_masks[4]: 0x5ee4c37c6ac0: maps mask[20]: 4
thread_masks[4]: 0x5ee4c37c6ad0: affinity mask[20]: 4
thread_masks[5]: 0x5ee4c37c6ae0: maps mask[20]: 5
thread_masks[5]: 0x5ee4c37c6af0: affinity mask[20]: 5
thread_masks[6]: 0x5ee4c37c6b00: maps mask[20]: 6
thread_masks[6]: 0x5ee4c37c6b10: affinity mask[20]: 6
thread_masks[7]: 0x5ee4c37c6b20: maps mask[20]: 7
thread_masks[7]: 0x5ee4c37c6b30: affinity mask[20]: 7
thread_masks[8]: 0x5ee4c37c6b40: maps mask[20]: 8
thread_masks[8]: 0x5ee4c37c6b50: affinity mask[20]: 8
thread_masks[9]: 0x5ee4c37c6b60: maps mask[20]: 9
thread_masks[9]: 0x5ee4c37c6b70: affinity mask[20]: 9
thread_masks[10]: 0x5ee4c37c6b80: maps mask[20]: 10
thread_masks[10]: 0x5ee4c37c6b90: affinity mask[20]: 10
thread_masks[11]: 0x5ee4c37c6ba0: maps mask[20]: 11
thread_masks[11]: 0x5ee4c37c6bb0: affinity mask[20]: 11
thread_masks[12]: 0x5ee4c37c6bc0: maps mask[20]: 12
thread_masks[12]: 0x5ee4c37c6bd0: affinity mask[20]: 12
thread_masks[13]: 0x5ee4c37c6be0: maps mask[20]: 13
thread_masks[13]: 0x5ee4c37c6bf0: affinity mask[20]: 13
thread_masks[14]: 0x5ee4c37c6c00: maps mask[20]: 14
thread_masks[14]: 0x5ee4c37c6c10: affinity mask[20]: 14
thread_masks[15]: 0x5ee4c37c6c20: maps mask[20]: 15
thread_masks[15]: 0x5ee4c37c6c30: affinity mask[20]: 15
thread_masks[16]: 0x5ee4c37c6c40: maps mask[20]: 16
thread_masks[16]: 0x5ee4c37c6c50: affinity mask[20]: 16
thread_masks[17]: 0x5ee4c37c6c60: maps mask[20]: 17
thread_masks[17]: 0x5ee4c37c6c70: affinity mask[20]: 17
thread_masks[18]: 0x5ee4c37c6c80: maps mask[20]: 18
thread_masks[18]: 0x5ee4c37c6c90: affinity mask[20]: 18
thread_masks[19]: 0x5ee4c37c6ca0: maps mask[20]: 19
thread_masks[19]: 0x5ee4c37c6cb0: affinity mask[20]: 19
nr_cblocks: 0
affinity: SYS
mmap flush: 1
comp level: 1
Problems creating module maps, continuing anyway...
WARNING: Kernel address maps (/proc/{kallsyms,modules}) are restricted,
check /proc/sys/kernel/kptr_restrict and /proc/sys/kernel/perf_event_paranoid.

Samples in kernel functions may not be resolved if a suitable vmlinux
file is not found in the buildid cache or in the vmlinux path.

Samples in kernel modules won't be resolved at all.

If some relocation was applied (e.g. kexec) symbols may be misresolved
even with a suitable vmlinux or kallsyms file.

mmap size 528384B
Couldn't record kernel reference relocation symbol
Symbol resolution may be skewed if relocation was used (e.g. kexec).
Check /proc/kallsyms permission or run as root.
couldn't open /proc/1/task/1/maps
couldn't open /proc/452/task/452/maps
couldn't open /proc/486/task/486/maps
couldn't open /proc/760/task/760/maps
couldn't open /proc/820/task/820/maps
couldn't open /proc/821/task/821/maps
couldn't open /proc/822/task/822/maps
couldn't open /proc/823/task/823/maps
couldn't open /proc/824/task/824/maps
couldn't open /proc/826/task/826/maps
couldn't open /proc/827/task/827/maps
couldn't open /proc/828/task/828/maps
couldn't open /proc/830/task/830/maps
couldn't open /proc/833/task/833/maps
couldn't open /proc/837/task/837/maps
couldn't open /proc/839/task/839/maps
couldn't open /proc/841/task/841/maps
couldn't open /proc/846/task/846/maps
couldn't open /proc/852/task/852/maps
couldn't open /proc/854/task/854/maps
couldn't open /proc/860/task/860/maps
couldn't open /proc/862/task/862/maps
couldn't open /proc/867/task/867/maps
couldn't open /proc/876/task/876/maps
couldn't open /proc/901/task/901/maps
couldn't open /proc/941/task/941/maps
couldn't open /proc/975/task/975/maps
couldn't open /proc/1000/task/1000/maps
couldn't open /proc/1016/task/1016/maps
couldn't open /proc/1018/task/1018/maps
couldn't open /proc/1094/task/1094/maps
couldn't open /proc/1395/task/1395/maps
couldn't open /proc/1435/task/1435/maps
couldn't open /proc/1737/task/1737/maps
couldn't open /proc/1738/task/1738/maps
couldn't open /proc/1813/task/1813/maps
couldn't open /proc/1947/task/1947/maps
couldn't open /proc/2054/task/2054/maps
couldn't open /proc/2147/task/2147/maps
couldn't open /proc/2261/task/2261/maps
couldn't open /proc/2293/task/2293/maps
couldn't open /proc/2637/task/2637/maps
couldn't open /proc/2719/task/2719/maps
couldn't open /proc/3040/task/3040/maps
couldn't open /proc/3296/task/3296/maps
couldn't open /proc/8135/task/8135/maps
couldn't open /proc/8136/task/8136/maps
couldn't open /proc/8137/task/8137/maps
couldn't open /proc/8145/task/8145/maps
couldn't open /proc/8146/task/8146/maps
couldn't open /proc/8154/task/8154/maps
couldn't open /proc/8155/task/8155/maps
couldn't open /proc/8158/task/8158/maps
couldn't open /proc/8159/task/8159/maps
couldn't open /proc/15901/task/15901/maps
couldn't open /proc/28585/task/28585/maps
couldn't open /proc/49441/task/49441/maps
couldn't open /proc/49444/task/49444/maps
couldn't open /proc/67915/task/67915/maps
couldn't open /proc/67927/task/67927/maps
threads[82736]: started on cpu1
threads[82737]: started on cpu2
threads[82738]: started on cpu3
threads[82739]: started on cpu4
threads[82740]: started on cpu5
threads[82741]: started on cpu6
threads[82742]: started on cpu7
threads[82743]: started on cpu8
threads[82744]: started on cpu9
threads[82745]: started on cpu10
threads[82746]: started on cpu11
threads[82747]: started on cpu12
threads[82748]: started on cpu13
threads[82749]: started on cpu14
threads[82750]: started on cpu15
threads[82751]: started on cpu16
threads[82752]: started on cpu17
threads[82753]: started on cpu18
threads[82754]: started on cpu19
threads[82734]: started on cpu0

82735:perf-sync:ready:TSC=229295076619299
[ perf record: Woken up 1 times to write data ]
threads[82734]: samples=1, wakes=1, transferred=240, compressed=144
threads[82736]: samples=1, wakes=2, transferred=1136, compressed=338
threads[82737]: samples=1, wakes=2, transferred=416, compressed=193
threads[82738]: samples=1, wakes=2, transferred=43872, compressed=6455
threads[82739]: samples=3, wakes=2, transferred=5296, compressed=835
threads[82740]: samples=1, wakes=2, transferred=12880, compressed=2177
threads[82741]: samples=3, wakes=2, transferred=752, compressed=291
threads[82742]: samples=1, wakes=2, transferred=784, compressed=257
threads[82743]: samples=1, wakes=2, transferred=1824, compressed=423
threads[82744]: samples=1, wakes=2, transferred=1824, compressed=547
threads[82745]: samples=1, wakes=2, transferred=352, compressed=164
threads[82746]: samples=1, wakes=2, transferred=1200, compressed=381
threads[82747]: samples=1, wakes=2, transferred=1152, compressed=347
threads[82748]: samples=1, wakes=2, transferred=1408, compressed=455
threads[82749]: samples=3, wakes=2, transferred=6064, compressed=1474
threads[82750]: samples=1, wakes=2, transferred=12376, compressed=2615
threads[82751]: samples=1, wakes=2, transferred=944, compressed=306
threads[82752]: samples=1, wakes=2, transferred=3808, compressed=926
threads[82753]: samples=1, wakes=2, transferred=1664, compressed=519
threads[82754]: samples=1, wakes=2, transferred=7664, compressed=1278
failed to write feature CPU_PMU_CAPS
[ perf record: Captured and wrote 8.507 MB /home/jagtym/Programming/ProgRowProj1/vtune/ue_k4a/data.0/system-wide.perf, compressed (original 0.101 MB, ratio is 5.250) ]
