threads_spec: cpu
Using CPUID GenuineIntel-6-B7-1
DEBUGINFOD_URLS=
Compression enabled, disabling build id collection at the end of the session.
nr_threads: 20
thread_masks[0]: 0x5defd09f6a40: maps mask[20]: 0
thread_masks[0]: 0x5defd09f6a50: affinity mask[20]: 0
thread_masks[1]: 0x5defd09f6a60: maps mask[20]: 1
thread_masks[1]: 0x5defd09f6a70: affinity mask[20]: 1
thread_masks[2]: 0x5defd09f6a80: maps mask[20]: 2
thread_masks[2]: 0x5defd09f6a90: affinity mask[20]: 2
thread_masks[3]: 0x5defd09f6aa0: maps mask[20]: 3
thread_masks[3]: 0x5defd09f6ab0: affinity mask[20]: 3
thread_masks[4]: 0x5defd09f6ac0: maps mask[20]: 4
thread_masks[4]: 0x5defd09f6ad0: affinity mask[20]: 4
thread_masks[5]: 0x5defd09f6ae0: maps mask[20]: 5
thread_masks[5]: 0x5defd09f6af0: affinity mask[20]: 5
thread_masks[6]: 0x5defd09f6b00: maps mask[20]: 6
thread_masks[6]: 0x5defd09f6b10: affinity mask[20]: 6
thread_masks[7]: 0x5defd09f6b20: maps mask[20]: 7
thread_masks[7]: 0x5defd09f6b30: affinity mask[20]: 7
thread_masks[8]: 0x5defd09f6b40: maps mask[20]: 8
thread_masks[8]: 0x5defd09f6b50: affinity mask[20]: 8
thread_masks[9]: 0x5defd09f6b60: maps mask[20]: 9
thread_masks[9]: 0x5defd09f6b70: affinity mask[20]: 9
thread_masks[10]: 0x5defd09f6b80: maps mask[20]: 10
thread_masks[10]: 0x5defd09f6b90: affinity mask[20]: 10
thread_masks[11]: 0x5defd09f6ba0: maps mask[20]: 11
thread_masks[11]: 0x5defd09f6bb0: affinity mask[20]: 11
thread_masks[12]: 0x5defd09f6bc0: maps mask[20]: 12
thread_masks[12]: 0x5defd09f6bd0: affinity mask[20]: 12
thread_masks[13]: 0x5defd09f6be0: maps mask[20]: 13
thread_masks[13]: 0x5defd09f6bf0: affinity mask[20]: 13
thread_masks[14]: 0x5defd09f6c00: maps mask[20]: 14
thread_masks[14]: 0x5defd09f6c10: affinity mask[20]: 14
thread_masks[15]: 0x5defd09f6c20: maps mask[20]: 15
thread_masks[15]: 0x5defd09f6c30: affinity mask[20]: 15
thread_masks[16]: 0x5defd09f6c40: maps mask[20]: 16
thread_masks[16]: 0x5defd09f6c50: affinity mask[20]: 16
thread_masks[17]: 0x5defd09f6c60: maps mask[20]: 17
thread_masks[17]: 0x5defd09f6c70: affinity mask[20]: 17
thread_masks[18]: 0x5defd09f6c80: maps mask[20]: 18
thread_masks[18]: 0x5defd09f6c90: affinity mask[20]: 18
thread_masks[19]: 0x5defd09f6ca0: maps mask[20]: 19
thread_masks[19]: 0x5defd09f6cb0: affinity mask[20]: 19
nr_cblocks: 0
affinity: SYS
mmap flush: 1
comp level: 1
Problems creating module maps, continuing anyway...
WARNING: Kernel address maps (/proc/{kallsyms,modules}) are restricted,
check /proc/sys/kernel/kptr_restrict and /proc/sys/kernel/perf_event_paranoid.

Samples in kernel functions may not be resolved if a suitable vmlinux
file is not found in the buildid cache or in the vmlinux path.

Samples in kernel modules won't be resolved at all.

If some relocation was applied (e.g. kexec) symbols may be misresolved
even with a suitable vmlinux or kallsyms file.

mmap size 528384B
Couldn't record kernel reference relocation symbol
Symbol resolution may be skewed if relocation was used (e.g. kexec).
Check /proc/kallsyms permission or run as root.
couldn't open /proc/1/task/1/maps
couldn't open /proc/452/task/452/maps
couldn't open /proc/486/task/486/maps
couldn't open /proc/760/task/760/maps
couldn't open /proc/820/task/820/maps
couldn't open /proc/821/task/821/maps
couldn't open /proc/822/task/822/maps
couldn't open /proc/823/task/823/maps
couldn't open /proc/824/task/824/maps
couldn't open /proc/826/task/826/maps
couldn't open /proc/827/task/827/maps
couldn't open /proc/828/task/828/maps
couldn't open /proc/830/task/830/maps
couldn't open /proc/833/task/833/maps
couldn't open /proc/837/task/837/maps
couldn't open /proc/839/task/839/maps
couldn't open /proc/841/task/841/maps
couldn't open /proc/846/task/846/maps
couldn't open /proc/852/task/852/maps
couldn't open /proc/854/task/854/maps
couldn't open /proc/860/task/860/maps
couldn't open /proc/862/task/862/maps
couldn't open /proc/867/task/867/maps
couldn't open /proc/876/task/876/maps
couldn't open /proc/901/task/901/maps
couldn't open /proc/941/task/941/maps
couldn't open /proc/975/task/975/maps
couldn't open /proc/1000/task/1000/maps
couldn't open /proc/1016/task/1016/maps
couldn't open /proc/1018/task/1018/maps
couldn't open /proc/1094/task/1094/maps
couldn't open /proc/1395/task/1395/maps
couldn't open /proc/1435/task/1435/maps
couldn't open /proc/1737/task/1737/maps
couldn't open /proc/1738/task/1738/maps
couldn't open /proc/1813/task/1813/maps
couldn't open /proc/1947/task/1947/maps
couldn't open /proc/2054/task/2054/maps
couldn't open /proc/2147/task/2147/maps
couldn't open /proc/2261/task/2261/maps
couldn't open /proc/2293/task/2293/maps
couldn't open /proc/2637/task/2637/maps
couldn't open /proc/2719/task/2719/maps
couldn't open /proc/3040/task/3040/maps
couldn't open /proc/3296/task/3296/maps
couldn't open /proc/8135/task/8135/maps
couldn't open /proc/8136/task/8136/maps
couldn't open /proc/8137/task/8137/maps
couldn't open /proc/8145/task/8145/maps
couldn't open /proc/8146/task/8146/maps
couldn't open /proc/8154/task/8154/maps
couldn't open /proc/8155/task/8155/maps
couldn't open /proc/8158/task/8158/maps
couldn't open /proc/8159/task/8159/maps
couldn't open /proc/15901/task/15901/maps
couldn't open /proc/28585/task/28585/maps
couldn't open /proc/49441/task/49441/maps
couldn't open /proc/49444/task/49444/maps
couldn't open /proc/67915/task/67915/maps
couldn't open /proc/67927/task/67927/maps
threads[74207]: started on cpu1
threads[74208]: started on cpu2
threads[74209]: started on cpu3
threads[74210]: started on cpu4
threads[74211]: started on cpu5
threads[74212]: started on cpu6
threads[74213]: started on cpu7
threads[74214]: started on cpu8
threads[74215]: started on cpu9
threads[74216]: started on cpu10
threads[74217]: started on cpu11
threads[74218]: started on cpu12
threads[74219]: started on cpu13
threads[74220]: started on cpu14
threads[74221]: started on cpu15
threads[74222]: started on cpu16
threads[74223]: started on cpu17
threads[74224]: started on cpu18
threads[74225]: started on cpu19
threads[74205]: started on cpu0

74206:perf-sync:ready:TSC=227874669621835
[ perf record: Woken up 1 times to write data ]
threads[74205]: samples=3, wakes=1, transferred=6240, compressed=1153
threads[74207]: samples=1, wakes=2, transferred=288, compressed=127
threads[74208]: samples=1, wakes=2, transferred=8448, compressed=1335
threads[74209]: samples=1, wakes=2, transferred=18024, compressed=2732
threads[74210]: samples=1, wakes=2, transferred=1056, compressed=313
threads[74211]: samples=1, wakes=2, transferred=688, compressed=211
threads[74212]: samples=3, wakes=2, transferred=4928, compressed=808
threads[74213]: samples=1, wakes=2, transferred=928, compressed=259
threads[74214]: samples=1, wakes=2, transferred=288, compressed=127
threads[74215]: samples=1, wakes=2, transferred=816, compressed=280
threads[74216]: samples=1, wakes=2, transferred=288, compressed=127
threads[74217]: samples=1, wakes=2, transferred=464, compressed=185
threads[74218]: samples=1, wakes=2, transferred=400, compressed=163
threads[74219]: samples=1, wakes=2, transferred=992, compressed=292
threads[74220]: samples=1, wakes=2, transferred=592, compressed=236
threads[74221]: samples=1, wakes=2, transferred=13672, compressed=2707
threads[74222]: samples=1, wakes=2, transferred=928, compressed=273
threads[74223]: samples=1, wakes=2, transferred=1520, compressed=446
threads[74224]: samples=1, wakes=2, transferred=3472, compressed=901
threads[74225]: samples=1, wakes=2, transferred=11320, compressed=2015
failed to write feature CPU_PMU_CAPS
[ perf record: Captured and wrote 8.539 MB /home/jagtym/Programming/ProgRowProj1/vtune/ue_k4a/data.0/system-wide.perf, compressed (original 0.072 MB, ratio is 5.129) ]
