
74227 : 0xcf4035af2bbd : 1 : spill_jit_data :  Jit agent is not initialized
74197 : 0xcf4035af7dd9 : 2 : ittapi_config_mask_get :  --itt-config mask to be applied: 39
74197 : 0xcf4035afa95e : 2 : ittapi_config_apply_per_lib :  ITTAPI function instrumented: __itt_domain_create
74197 : 0xcf4035afb487 : 2 : ittapi_config_apply_per_lib :  ITTAPI function instrumented: __itt_module_load_with_sections
74197 : 0xcf4035afc22c : 2 : ittapi_config_apply_per_lib :  ITTAPI function not implemented: __itt_module_unload_with_sections
74197 : 0xcf4035afcb27 : 2 : ittapi_config_apply_per_lib :  ITTAPI function instrumented: __itt_string_handle_create
74197 : 0xcf4035afd0aa : 2 : ittapi_config_apply_per_lib :  ITTAPI function instrumented: __itt_counter_create
74197 : 0xcf4035afd616 : 2 : ittapi_config_apply_per_lib :  ITTAPI function instrumented: __itt_counter_create_typed
74197 : 0xcf4035afdc14 : 2 : ittapi_config_apply_per_lib :  ITTAPI function instrumented: __itt_pause
74197 : 0xcf4035afe1a4 : 2 : ittapi_config_apply_per_lib :  ITTAPI function instrumented: __itt_resume
74197 : 0xcf4035b04b02 : 2 : ittapi_config_apply_per_lib :  ITTAPI function instrumented: __itt_thread_set_name
74197 : 0xcf4035b05103 : 2 : ittapi_config_apply_per_lib :  ITTAPI function instrumented: __itt_thread_ignore
74197 : 0xcf4035b0564a : 2 : ittapi_config_apply_per_lib :  ITTAPI function instrumented: __itt_thr_name_set
74197 : 0xcf4035b05c49 : 2 : ittapi_config_apply_per_lib :  ITTAPI function instrumented: __itt_thr_ignore
74197 : 0xcf4035b061a4 : 2 : ittapi_config_apply_per_lib :  ITTAPI function instrumented: __itt_histogram_create
74197 : 0xcf4035b069ef : 2 : ittapi_config_apply_per_lib :  ITTAPI function not implemented: __itt_enable_attach
74197 : 0xcf4035b06fe4 : 2 : ittapi_config_apply_per_lib :  ITTAPI function instrumented: __itt_detach
74197 : 0xcf4035b07610 : 2 : ittapi_config_apply_per_lib :  ITTAPI function NOT instrumented (not matched by --itt-config option): __itt_sync_create

74197 : 0xcf4035b07b83 : 2 : ittapi_config_apply_per_lib :  ITTAPI function NOT instrumented (not matched by --itt-config option): __itt_sync_rename

74197 : 0xcf4035b07f3b : 2 : ittapi_config_apply_per_lib :  ITTAPI function NOT instrumented (not matched by --itt-config option): __itt_sync_destroy

74197 : 0xcf4035b09704 : 2 : ittapi_config_apply_per_lib :  ITTAPI function NOT instrumented (not matched by --itt-config option): __itt_sync_prepare

74197 : 0xcf4035b09b6b : 2 : ittapi_config_apply_per_lib :  ITTAPI function NOT instrumented (not matched by --itt-config option): __itt_sync_cancel

74197 : 0xcf4035b09f2f : 2 : ittapi_config_apply_per_lib :  ITTAPI function NOT instrumented (not matched by --itt-config option): __itt_sync_acquired

74197 : 0xcf4035b0a30e : 2 : ittapi_config_apply_per_lib :  ITTAPI function NOT instrumented (not matched by --itt-config option): __itt_sync_releasing

74197 : 0xcf4035b0aace : 2 : ittapi_config_apply_per_lib :  ITTAPI function not implemented: __itt_suppress_push
74197 : 0xcf4035b0b2d3 : 2 : ittapi_config_apply_per_lib :  ITTAPI function not implemented: __itt_suppress_pop
74197 : 0xcf4035b0b971 : 2 : ittapi_config_apply_per_lib :  ITTAPI function not implemented: __itt_suppress_mark_range
74197 : 0xcf4035b0c00a : 2 : ittapi_config_apply_per_lib :  ITTAPI function not implemented: __itt_suppress_clear_range
74197 : 0xcf4035b0c3e5 : 2 : ittapi_config_apply_per_lib :  ITTAPI function NOT instrumented (not matched by --itt-config option): __itt_sync_prepare

74197 : 0xcf4035b0c77b : 2 : ittapi_config_apply_per_lib :  ITTAPI function NOT instrumented (not matched by --itt-config option): __itt_sync_cancel

74197 : 0xcf4035b0dacf : 2 : ittapi_config_apply_per_lib :  ITTAPI function NOT instrumented (not matched by --itt-config option): __itt_sync_acquired

74197 : 0xcf4035b0deae : 2 : ittapi_config_apply_per_lib :  ITTAPI function NOT instrumented (not matched by --itt-config option): __itt_sync_releasing

74197 : 0xcf4035b0e2e8 : 2 : ittapi_config_apply_per_lib :  ITTAPI function NOT instrumented (not matched by --itt-config option): __itt_model_site_begin

74197 : 0xcf4035b0e716 : 2 : ittapi_config_apply_per_lib :  ITTAPI function NOT instrumented (not matched by --itt-config option): __itt_model_site_end

74197 : 0xcf4035b0eb01 : 2 : ittapi_config_apply_per_lib :  ITTAPI function NOT instrumented (not matched by --itt-config option): __itt_model_task_begin

74197 : 0xcf4035b0ef69 : 2 : ittapi_config_apply_per_lib :  ITTAPI function NOT instrumented (not matched by --itt-config option): __itt_model_task_end

74197 : 0xcf4035b0f3bd : 2 : ittapi_config_apply_per_lib :  ITTAPI function NOT instrumented (not matched by --itt-config option): __itt_model_lock_acquire

74197 : 0xcf4035b0f842 : 2 : ittapi_config_apply_per_lib :  ITTAPI function NOT instrumented (not matched by --itt-config option): __itt_model_lock_release

74197 : 0xcf4035b0fc7e : 2 : ittapi_config_apply_per_lib :  ITTAPI function NOT instrumented (not matched by --itt-config option): __itt_model_record_allocation

74197 : 0xcf4035b0ffb1 : 2 : ittapi_config_apply_per_lib :  ITTAPI function NOT instrumented (not matched by --itt-config option): __itt_model_record_deallocation

74197 : 0xcf4035b12b2f : 2 : ittapi_config_apply_per_lib :  ITTAPI function NOT instrumented (not matched by --itt-config option): __itt_model_induction_uses

74197 : 0xcf4035b12f79 : 2 : ittapi_config_apply_per_lib :  ITTAPI function NOT instrumented (not matched by --itt-config option): __itt_model_reduction_uses

74197 : 0xcf4035b132ba : 2 : ittapi_config_apply_per_lib :  ITTAPI function NOT instrumented (not matched by --itt-config option): __itt_model_observe_uses

74197 : 0xcf4035b135c9 : 2 : ittapi_config_apply_per_lib :  ITTAPI function NOT instrumented (not matched by --itt-config option): __itt_model_clear_uses

74197 : 0xcf4035b138c9 : 2 : ittapi_config_apply_per_lib :  ITTAPI function NOT instrumented (not matched by --itt-config option): __itt_model_site_beginA

74197 : 0xcf4035b13bc4 : 2 : ittapi_config_apply_per_lib :  ITTAPI function NOT instrumented (not matched by --itt-config option): __itt_model_site_beginAL

74197 : 0xcf4035b13eb8 : 2 : ittapi_config_apply_per_lib :  ITTAPI function NOT instrumented (not matched by --itt-config option): __itt_model_task_beginA

74197 : 0xcf4035b141a4 : 2 : ittapi_config_apply_per_lib :  ITTAPI function NOT instrumented (not matched by --itt-config option): __itt_model_task_beginAL

74197 : 0xcf4035b1448f : 2 : ittapi_config_apply_per_lib :  ITTAPI function NOT instrumented (not matched by --itt-config option): __itt_model_iteration_taskA

74197 : 0xcf4035b14777 : 2 : ittapi_config_apply_per_lib :  ITTAPI function NOT instrumented (not matched by --itt-config option): __itt_model_iteration_taskAL

74197 : 0xcf4035b15a6c : 2 : ittapi_config_apply_per_lib :  ITTAPI function NOT instrumented (not matched by --itt-config option): __itt_model_site_end_2

74197 : 0xcf4035b15de4 : 2 : ittapi_config_apply_per_lib :  ITTAPI function NOT instrumented (not matched by --itt-config option): __itt_model_task_end_2

74197 : 0xcf4035b1613b : 2 : ittapi_config_apply_per_lib :  ITTAPI function NOT instrumented (not matched by --itt-config option): __itt_model_lock_acquire_2

74197 : 0xcf4035b1645c : 2 : ittapi_config_apply_per_lib :  ITTAPI function NOT instrumented (not matched by --itt-config option): __itt_model_lock_release_2

74197 : 0xcf4035b167d0 : 2 : ittapi_config_apply_per_lib :  ITTAPI function NOT instrumented (not matched by --itt-config option): __itt_model_aggregate_task

74197 : 0xcf4035b16ae2 : 2 : ittapi_config_apply_per_lib :  ITTAPI function NOT instrumented (not matched by --itt-config option): __itt_model_disable_push

74197 : 0xcf4035b16ddf : 2 : ittapi_config_apply_per_lib :  ITTAPI function NOT instrumented (not matched by --itt-config option): __itt_model_disable_pop

74197 : 0xcf4035b17387 : 2 : ittapi_config_apply_per_lib :  ITTAPI function instrumented: __itt_heap_function_create
74197 : 0xcf4035b1797f : 2 : ittapi_config_apply_per_lib :  ITTAPI function instrumented: __itt_heap_allocate_begin
74197 : 0xcf4035b17dd2 : 2 : ittapi_config_apply_per_lib :  ITTAPI function instrumented: __itt_heap_allocate_end
74197 : 0xcf4035b1a01c : 2 : ittapi_config_apply_per_lib :  ITTAPI function instrumented: __itt_heap_free_begin
74197 : 0xcf4035b1a589 : 2 : ittapi_config_apply_per_lib :  ITTAPI function instrumented: __itt_heap_free_end
74197 : 0xcf4035b1ab13 : 2 : ittapi_config_apply_per_lib :  ITTAPI function instrumented: __itt_heap_reallocate_begin
74197 : 0xcf4035b1af83 : 2 : ittapi_config_apply_per_lib :  ITTAPI function instrumented: __itt_heap_reallocate_end
74197 : 0xcf4035b1b5df : 2 : ittapi_config_apply_per_lib :  ITTAPI function not implemented: __itt_heap_internal_access_begin
74197 : 0xcf4035b1bc6e : 2 : ittapi_config_apply_per_lib :  ITTAPI function not implemented: __itt_heap_internal_access_end
74197 : 0xcf4035b1c29f : 2 : ittapi_config_apply_per_lib :  ITTAPI function not implemented: __itt_heap_record_memory_growth_begin
74197 : 0xcf4035b1c884 : 2 : ittapi_config_apply_per_lib :  ITTAPI function not implemented: __itt_heap_record_memory_growth_end
74197 : 0xcf4035b1ceaf : 2 : ittapi_config_apply_per_lib :  ITTAPI function not implemented: __itt_heap_reset_detection
74197 : 0xcf4035b1d5ef : 2 : ittapi_config_apply_per_lib :  ITTAPI function not implemented: __itt_heap_record
74197 : 0xcf4035b1ec28 : 2 : ittapi_config_apply_per_lib :  ITTAPI function not implemented: __itt_id_create
74197 : 0xcf4035b1f3d6 : 2 : ittapi_config_apply_per_lib :  ITTAPI function not implemented: __itt_id_destroy
74197 : 0xcf4035b1f98c : 2 : ittapi_config_apply_per_lib :  ITTAPI function instrumented: __itt_get_timestamp
74197 : 0xcf4035b1ff17 : 2 : ittapi_config_apply_per_lib :  ITTAPI function not implemented: __itt_region_begin
74197 : 0xcf4035b204d9 : 2 : ittapi_config_apply_per_lib :  ITTAPI function not implemented: __itt_region_end
74197 : 0xcf4035b20aa8 : 2 : ittapi_config_apply_per_lib :  ITTAPI function instrumented: __itt_frame_begin_v3
74197 : 0xcf4035b20ff5 : 2 : ittapi_config_apply_per_lib :  ITTAPI function instrumented: __itt_frame_end_v3
74197 : 0xcf4035b21515 : 2 : ittapi_config_apply_per_lib :  ITTAPI function instrumented: __itt_frame_submit_v3
74197 : 0xcf4035b21c0b : 2 : ittapi_config_apply_per_lib :  ITTAPI function not implemented: __itt_task_group
74197 : 0xcf4035b2214b : 2 : ittapi_config_apply_per_lib :  ITTAPI function instrumented: __itt_task_begin
74197 : 0xcf4035b2361c : 2 : ittapi_config_apply_per_lib :  ITTAPI function instrumented: __itt_task_begin_fn
74197 : 0xcf4035b23c17 : 2 : ittapi_config_apply_per_lib :  ITTAPI function instrumented: __itt_task_end
74197 : 0xcf4035b24299 : 2 : ittapi_config_apply_per_lib :  ITTAPI function not implemented: __itt_counter_inc_v3
74197 : 0xcf4035b24913 : 2 : ittapi_config_apply_per_lib :  ITTAPI function not implemented: __itt_counter_inc_delta_v3
74197 : 0xcf4035b24ed8 : 2 : ittapi_config_apply_per_lib :  ITTAPI function not implemented: __itt_counter_dec_v3
74197 : 0xcf4035b2543b : 2 : ittapi_config_apply_per_lib :  ITTAPI function not implemented: __itt_counter_dec_delta_v3
74197 : 0xcf4035b25ae1 : 2 : ittapi_config_apply_per_lib :  ITTAPI function not implemented: __itt_marker
74197 : 0xcf4035b26129 : 2 : ittapi_config_apply_per_lib :  ITTAPI function instrumented: __itt_metadata_add
74197 : 0xcf4035b26817 : 2 : ittapi_config_apply_per_lib :  ITTAPI function not implemented: __itt_metadata_str_add
74197 : 0xcf4035b26e73 : 2 : ittapi_config_apply_per_lib :  ITTAPI function not implemented: __itt_relation_add_to_current
74197 : 0xcf4035b28436 : 2 : ittapi_config_apply_per_lib :  ITTAPI function not implemented: __itt_relation_add
74197 : 0xcf4035b289a7 : 2 : ittapi_config_apply_per_lib :  ITTAPI function instrumented: __itt_event_create
74197 : 0xcf4035b28f18 : 2 : ittapi_config_apply_per_lib :  ITTAPI function instrumented: __itt_event_start
74197 : 0xcf4035b2947c : 2 : ittapi_config_apply_per_lib :  ITTAPI function instrumented: __itt_event_end
74197 : 0xcf4035b29860 : 2 : ittapi_config_apply_per_lib :  ITTAPI function NOT instrumented (not matched by --itt-config option): __itt_sync_set_name

74197 : 0xcf4035b29cc9 : 2 : ittapi_config_apply_per_lib :  ITTAPI function NOT instrumented (not matched by --itt-config option): __itt_notify_sync_name

74197 : 0xcf4035b2a0ce : 2 : ittapi_config_apply_per_lib :  ITTAPI function NOT instrumented (not matched by --itt-config option): __itt_notify_sync_prepare

74197 : 0xcf4035b2a489 : 2 : ittapi_config_apply_per_lib :  ITTAPI function NOT instrumented (not matched by --itt-config option): __itt_notify_sync_cancel

74197 : 0xcf4035b2a831 : 2 : ittapi_config_apply_per_lib :  ITTAPI function NOT instrumented (not matched by --itt-config option): __itt_notify_sync_acquired

74197 : 0xcf4035b2ab86 : 2 : ittapi_config_apply_per_lib :  ITTAPI function NOT instrumented (not matched by --itt-config option): __itt_notify_sync_releasing

74197 : 0xcf4035b2cf5b : 2 : ittapi_config_apply_per_lib :  ITTAPI function not implemented: __itt_memory_read
74197 : 0xcf4035b2d67f : 2 : ittapi_config_apply_per_lib :  ITTAPI function not implemented: __itt_memory_write
74197 : 0xcf4035b2dd32 : 2 : ittapi_config_apply_per_lib :  ITTAPI function not implemented: __itt_memory_update
74197 : 0xcf4035b2e3ba : 2 : ittapi_config_apply_per_lib :  ITTAPI function not implemented: __itt_state_get
74197 : 0xcf4035b2e983 : 2 : ittapi_config_apply_per_lib :  ITTAPI function not implemented: __itt_state_set
74197 : 0xcf4035b2eefe : 2 : ittapi_config_apply_per_lib :  ITTAPI function not implemented: __itt_obj_mode_set
74197 : 0xcf4035b2f4cc : 2 : ittapi_config_apply_per_lib :  ITTAPI function not implemented: __itt_thr_mode_set
74197 : 0xcf4035b2f9c0 : 2 : ittapi_config_apply_per_lib :  ITTAPI function instrumented: __itt_frame_create
74197 : 0xcf4035b2fec7 : 2 : ittapi_config_apply_per_lib :  ITTAPI function instrumented: __itt_pt_region_create
74197 : 0xcf4035b304a3 : 2 : ittapi_config_apply_per_lib :  ITTAPI function instrumented: __itt_frame_begin
74197 : 0xcf4035b31963 : 2 : ittapi_config_apply_per_lib :  ITTAPI function instrumented: __itt_frame_end
74197 : 0xcf4035b32043 : 2 : ittapi_config_apply_per_lib :  ITTAPI function not implemented: __itt_counter_destroy
74197 : 0xcf4035b32613 : 2 : ittapi_config_apply_per_lib :  ITTAPI function instrumented: __itt_counter_inc
74197 : 0xcf4035b32b82 : 2 : ittapi_config_apply_per_lib :  ITTAPI function instrumented: __itt_counter_inc_delta
74197 : 0xcf4035b3305a : 2 : ittapi_config_apply_per_lib :  ITTAPI function instrumented: __itt_counter_dec
74197 : 0xcf4035b33593 : 2 : ittapi_config_apply_per_lib :  ITTAPI function instrumented: __itt_counter_dec_delta
74197 : 0xcf4035b33a0f : 2 : ittapi_config_apply_per_lib :  ITTAPI function instrumented: __itt_counter_set_value
74197 : 0xcf4035b33fd8 : 2 : ittapi_config_apply_per_lib :  ITTAPI function not implemented: __itt_counter_set_value_ex
74197 : 0xcf4035b345f1 : 2 : ittapi_config_apply_per_lib :  ITTAPI function not implemented: __itt_mark_create
74197 : 0xcf4035b34c83 : 2 : ittapi_config_apply_per_lib :  ITTAPI function not implemented: __itt_mark
74197 : 0xcf4035b361db : 2 : ittapi_config_apply_per_lib :  ITTAPI function not implemented: __itt_mark_off
74197 : 0xcf4035b36886 : 2 : ittapi_config_apply_per_lib :  ITTAPI function not implemented: __itt_mark_global
74197 : 0xcf4035b36eda : 2 : ittapi_config_apply_per_lib :  ITTAPI function not implemented: __itt_mark_global_off
74197 : 0xcf4035b373ad : 2 : ittapi_config_apply_per_lib :  ITTAPI function NOT instrumented (not matched by --itt-config option): __itt_stack_caller_create

74197 : 0xcf4035b377b7 : 2 : ittapi_config_apply_per_lib :  ITTAPI function NOT instrumented (not matched by --itt-config option): __itt_stack_caller_destroy

74197 : 0xcf4035b37b71 : 2 : ittapi_config_apply_per_lib :  ITTAPI function NOT instrumented (not matched by --itt-config option): __itt_stack_callee_enter

74197 : 0xcf4035b37f1a : 2 : ittapi_config_apply_per_lib :  ITTAPI function NOT instrumented (not matched by --itt-config option): __itt_stack_callee_leave

74197 : 0xcf4035b384e0 : 2 : ittapi_config_apply_per_lib :  ITTAPI function not implemented: __itt_clock_domain_create
74197 : 0xcf4035b38b48 : 2 : ittapi_config_apply_per_lib :  ITTAPI function not implemented: __itt_clock_domain_reset
74197 : 0xcf4035b39196 : 2 : ittapi_config_apply_per_lib :  ITTAPI function not implemented: __itt_id_create_ex
74197 : 0xcf4035b3c17c : 2 : ittapi_config_apply_per_lib :  ITTAPI function not implemented: __itt_id_destroy_ex
74197 : 0xcf4035b3c7f5 : 2 : ittapi_config_apply_per_lib :  ITTAPI function not implemented: __itt_task_begin_ex
74197 : 0xcf4035b3cd92 : 2 : ittapi_config_apply_per_lib :  ITTAPI function not implemented: __itt_task_begin_fn_ex
74197 : 0xcf4035b3d3c6 : 2 : ittapi_config_apply_per_lib :  ITTAPI function not implemented: __itt_task_end_ex
74197 : 0xcf4035b3d91b : 2 : ittapi_config_apply_per_lib :  ITTAPI function instrumented: __itt_task_begin_overlapped
74197 : 0xcf4035b3df10 : 2 : ittapi_config_apply_per_lib :  ITTAPI function not implemented: __itt_task_begin_overlapped_ex
74197 : 0xcf4035b3e48f : 2 : ittapi_config_apply_per_lib :  ITTAPI function instrumented: __itt_task_end_overlapped
74197 : 0xcf4035b3e9f0 : 2 : ittapi_config_apply_per_lib :  ITTAPI function not implemented: __itt_task_end_overlapped_ex
74197 : 0xcf4035b3ef82 : 2 : ittapi_config_apply_per_lib :  ITTAPI function not implemented: __itt_marker_ex
74197 : 0xcf4035b3f6b2 : 2 : ittapi_config_apply_per_lib :  ITTAPI function not implemented: __itt_metadata_add_with_scope
74197 : 0xcf4035b40ca8 : 2 : ittapi_config_apply_per_lib :  ITTAPI function not implemented: __itt_metadata_str_add_with_scope
74197 : 0xcf4035b41318 : 2 : ittapi_config_apply_per_lib :  ITTAPI function not implemented: __itt_relation_add_to_current_ex
74197 : 0xcf4035b4192d : 2 : ittapi_config_apply_per_lib :  ITTAPI function not implemented: __itt_relation_add_ex
74197 : 0xcf4035b41f14 : 2 : ittapi_config_apply_per_lib :  ITTAPI function not implemented: __itt_track_group_create
74197 : 0xcf4035b42497 : 2 : ittapi_config_apply_per_lib :  ITTAPI function not implemented: __itt_track_create
74197 : 0xcf4035b42a6c : 2 : ittapi_config_apply_per_lib :  ITTAPI function not implemented: __itt_set_track
74197 : 0xcf4035b42f8e : 2 : ittapi_config_apply_per_lib :  ITTAPI function instrumented: __itt_api_version
74197 : 0xcf4035b43558 : 2 : ittapi_config_apply_per_lib :  ITTAPI function not implemented: __itt_av_save
74197 : 0xcf4035b43a8d : 2 : ittapi_config_apply_per_lib :  ITTAPI function instrumented: __itt_module_load
74197 : 0xcf4035b4400a : 2 : ittapi_config_apply_per_lib :  ITTAPI function not implemented: __itt_module_unload
74197 : 0xcf4035b45324 : 2 : ittapi_config_apply_per_lib :  ITTAPI function NOT instrumented (not matched by --itt-config option): __itt_histogram_submit

74197 : 0xcf403604b02a : 2 : ittapi_config_mask_get :  --itt-config mask to be applied: 39
74197 : 0xcf403604bf7b : 2 : ittapi_config_apply_per_lib :  ITTAPI function instrumented: __itt_domain_create
74197 : 0xcf403604c860 : 2 : ittapi_config_apply_per_lib :  ITTAPI function instrumented: __itt_module_load_with_sections
74197 : 0xcf403604d00e : 2 : ittapi_config_apply_per_lib :  ITTAPI function not implemented: __itt_module_unload_with_sections
74197 : 0xcf403604d6f1 : 2 : ittapi_config_apply_per_lib :  ITTAPI function instrumented: __itt_string_handle_create
74197 : 0xcf403604dd79 : 2 : ittapi_config_apply_per_lib :  ITTAPI function instrumented: __itt_counter_create
74197 : 0xcf403604e34a : 2 : ittapi_config_apply_per_lib :  ITTAPI function instrumented: __itt_counter_create_typed
74197 : 0xcf403604e987 : 2 : ittapi_config_apply_per_lib :  ITTAPI function instrumented: __itt_pause
74197 : 0xcf403604ef35 : 2 : ittapi_config_apply_per_lib :  ITTAPI function instrumented: __itt_resume
74197 : 0xcf4036051701 : 2 : ittapi_config_apply_per_lib :  ITTAPI function not implemented: __itt_pause_scoped
74197 : 0xcf4036051e88 : 2 : ittapi_config_apply_per_lib :  ITTAPI function not implemented: __itt_resume_scoped
74197 : 0xcf40360524a1 : 2 : ittapi_config_apply_per_lib :  ITTAPI function instrumented: __itt_thread_set_name
74197 : 0xcf4036052a72 : 2 : ittapi_config_apply_per_lib :  ITTAPI function instrumented: __itt_thread_ignore
74197 : 0xcf4036052fcd : 2 : ittapi_config_apply_per_lib :  ITTAPI function instrumented: __itt_thr_name_set
74197 : 0xcf403605350e : 2 : ittapi_config_apply_per_lib :  ITTAPI function instrumented: __itt_thr_ignore
74197 : 0xcf4036053a59 : 2 : ittapi_config_apply_per_lib :  ITTAPI function instrumented: __itt_histogram_create
74197 : 0xcf4036053fb4 : 2 : ittapi_config_apply_per_lib :  ITTAPI function instrumented: __itt_counter_create_v3
74197 : 0xcf4036054685 : 2 : ittapi_config_apply_per_lib :  ITTAPI function instrumented: __itt_bind_context_metadata_to_counter
74197 : 0xcf4036054cf9 : 2 : ittapi_config_apply_per_lib :  ITTAPI function not implemented: __itt_enable_attach
74197 : 0xcf4036057bc9 : 2 : ittapi_config_apply_per_lib :  ITTAPI function instrumented: __itt_detach
74197 : 0xcf40360580d7 : 2 : ittapi_config_apply_per_lib :  ITTAPI function NOT instrumented (not matched by --itt-config option): __itt_sync_create

74197 : 0xcf40360585d3 : 2 : ittapi_config_apply_per_lib :  ITTAPI function NOT instrumented (not matched by --itt-config option): __itt_sync_rename

74197 : 0xcf40360589a4 : 2 : ittapi_config_apply_per_lib :  ITTAPI function NOT instrumented (not matched by --itt-config option): __itt_sync_destroy

74197 : 0xcf4036058da1 : 2 : ittapi_config_apply_per_lib :  ITTAPI function NOT instrumented (not matched by --itt-config option): __itt_sync_prepare

74197 : 0xcf4036059184 : 2 : ittapi_config_apply_per_lib :  ITTAPI function NOT instrumented (not matched by --itt-config option): __itt_sync_cancel

74197 : 0xcf40360594d1 : 2 : ittapi_config_apply_per_lib :  ITTAPI function NOT instrumented (not matched by --itt-config option): __itt_sync_acquired

74197 : 0xcf4036059857 : 2 : ittapi_config_apply_per_lib :  ITTAPI function NOT instrumented (not matched by --itt-config option): __itt_sync_releasing

74197 : 0xcf4036059eb1 : 2 : ittapi_config_apply_per_lib :  ITTAPI function not implemented: __itt_suppress_push
74197 : 0xcf403605a5bb : 2 : ittapi_config_apply_per_lib :  ITTAPI function not implemented: __itt_suppress_pop
74197 : 0xcf403605bc46 : 2 : ittapi_config_apply_per_lib :  ITTAPI function not implemented: __itt_suppress_mark_range
74197 : 0xcf403605c3bb : 2 : ittapi_config_apply_per_lib :  ITTAPI function not implemented: __itt_suppress_clear_range
74197 : 0xcf403605c774 : 2 : ittapi_config_apply_per_lib :  ITTAPI function NOT instrumented (not matched by --itt-config option): __itt_sync_prepare

74197 : 0xcf403605caeb : 2 : ittapi_config_apply_per_lib :  ITTAPI function NOT instrumented (not matched by --itt-config option): __itt_sync_cancel

74197 : 0xcf403605ce35 : 2 : ittapi_config_apply_per_lib :  ITTAPI function NOT instrumented (not matched by --itt-config option): __itt_sync_acquired

74197 : 0xcf403605d17e : 2 : ittapi_config_apply_per_lib :  ITTAPI function NOT instrumented (not matched by --itt-config option): __itt_sync_releasing

74197 : 0xcf403605d52e : 2 : ittapi_config_apply_per_lib :  ITTAPI function NOT instrumented (not matched by --itt-config option): __itt_model_site_begin

74197 : 0xcf403605d913 : 2 : ittapi_config_apply_per_lib :  ITTAPI function NOT instrumented (not matched by --itt-config option): __itt_model_site_end

74197 : 0xcf403605dcb3 : 2 : ittapi_config_apply_per_lib :  ITTAPI function NOT instrumented (not matched by --itt-config option): __itt_model_task_begin

74197 : 0xcf403605e138 : 2 : ittapi_config_apply_per_lib :  ITTAPI function NOT instrumented (not matched by --itt-config option): __itt_model_task_end

74197 : 0xcf403605f518 : 2 : ittapi_config_apply_per_lib :  ITTAPI function NOT instrumented (not matched by --itt-config option): __itt_model_lock_acquire

74197 : 0xcf403605fa22 : 2 : ittapi_config_apply_per_lib :  ITTAPI function NOT instrumented (not matched by --itt-config option): __itt_model_lock_release

74197 : 0xcf403605fe70 : 2 : ittapi_config_apply_per_lib :  ITTAPI function NOT instrumented (not matched by --itt-config option): __itt_model_record_allocation

74197 : 0xcf4036060208 : 2 : ittapi_config_apply_per_lib :  ITTAPI function NOT instrumented (not matched by --itt-config option): __itt_model_record_deallocation

74197 : 0xcf4036060507 : 2 : ittapi_config_apply_per_lib :  ITTAPI function NOT instrumented (not matched by --itt-config option): __itt_model_induction_uses

74197 : 0xcf40360607fb : 2 : ittapi_config_apply_per_lib :  ITTAPI function NOT instrumented (not matched by --itt-config option): __itt_model_reduction_uses

74197 : 0xcf4036060aeb : 2 : ittapi_config_apply_per_lib :  ITTAPI function NOT instrumented (not matched by --itt-config option): __itt_model_observe_uses

74197 : 0xcf4036060dda : 2 : ittapi_config_apply_per_lib :  ITTAPI function NOT instrumented (not matched by --itt-config option): __itt_model_clear_uses

74197 : 0xcf40360610cc : 2 : ittapi_config_apply_per_lib :  ITTAPI function NOT instrumented (not matched by --itt-config option): __itt_model_site_beginA

74197 : 0xcf40360613b0 : 2 : ittapi_config_apply_per_lib :  ITTAPI function NOT instrumented (not matched by --itt-config option): __itt_model_site_beginAL

74197 : 0xcf4036063260 : 2 : ittapi_config_apply_per_lib :  ITTAPI function NOT instrumented (not matched by --itt-config option): __itt_model_task_beginA

74197 : 0xcf403606362d : 2 : ittapi_config_apply_per_lib :  ITTAPI function NOT instrumented (not matched by --itt-config option): __itt_model_task_beginAL

74197 : 0xcf403606399d : 2 : ittapi_config_apply_per_lib :  ITTAPI function NOT instrumented (not matched by --itt-config option): __itt_model_iteration_taskA

74197 : 0xcf4036063cbf : 2 : ittapi_config_apply_per_lib :  ITTAPI function NOT instrumented (not matched by --itt-config option): __itt_model_iteration_taskAL

74197 : 0xcf4036063fc6 : 2 : ittapi_config_apply_per_lib :  ITTAPI function NOT instrumented (not matched by --itt-config option): __itt_model_site_end_2

74197 : 0xcf40360642c2 : 2 : ittapi_config_apply_per_lib :  ITTAPI function NOT instrumented (not matched by --itt-config option): __itt_model_task_end_2

74197 : 0xcf40360645b9 : 2 : ittapi_config_apply_per_lib :  ITTAPI function NOT instrumented (not matched by --itt-config option): __itt_model_lock_acquire_2

74197 : 0xcf403606489f : 2 : ittapi_config_apply_per_lib :  ITTAPI function NOT instrumented (not matched by --itt-config option): __itt_model_lock_release_2

74197 : 0xcf4036064b87 : 2 : ittapi_config_apply_per_lib :  ITTAPI function NOT instrumented (not matched by --itt-config option): __itt_model_aggregate_task

74197 : 0xcf4036064e63 : 2 : ittapi_config_apply_per_lib :  ITTAPI function NOT instrumented (not matched by --itt-config option): __itt_model_disable_push

74197 : 0xcf4036066058 : 2 : ittapi_config_apply_per_lib :  ITTAPI function NOT instrumented (not matched by --itt-config option): __itt_model_disable_pop

74197 : 0xcf40360665cb : 2 : ittapi_config_apply_per_lib :  ITTAPI function instrumented: __itt_heap_function_create
74197 : 0xcf4036066ad3 : 2 : ittapi_config_apply_per_lib :  ITTAPI function instrumented: __itt_heap_allocate_begin
74197 : 0xcf4036066faf : 2 : ittapi_config_apply_per_lib :  ITTAPI function instrumented: __itt_heap_allocate_end
74197 : 0xcf403606747e : 2 : ittapi_config_apply_per_lib :  ITTAPI function instrumented: __itt_heap_free_begin
74197 : 0xcf40360678f3 : 2 : ittapi_config_apply_per_lib :  ITTAPI function instrumented: __itt_heap_free_end
74197 : 0xcf4036067d88 : 2 : ittapi_config_apply_per_lib :  ITTAPI function instrumented: __itt_heap_reallocate_begin
74197 : 0xcf40360681b8 : 2 : ittapi_config_apply_per_lib :  ITTAPI function instrumented: __itt_heap_reallocate_end
74197 : 0xcf40360687cf : 2 : ittapi_config_apply_per_lib :  ITTAPI function not implemented: __itt_heap_internal_access_begin
74197 : 0xcf4036068dd6 : 2 : ittapi_config_apply_per_lib :  ITTAPI function not implemented: __itt_heap_internal_access_end
74197 : 0xcf403606a364 : 2 : ittapi_config_apply_per_lib :  ITTAPI function not implemented: __itt_heap_record_memory_growth_begin
74197 : 0xcf403606a9a6 : 2 : ittapi_config_apply_per_lib :  ITTAPI function not implemented: __itt_heap_record_memory_growth_end
74197 : 0xcf403606afd9 : 2 : ittapi_config_apply_per_lib :  ITTAPI function not implemented: __itt_heap_reset_detection
74197 : 0xcf403606b60b : 2 : ittapi_config_apply_per_lib :  ITTAPI function not implemented: __itt_heap_record
74197 : 0xcf403606bbe5 : 2 : ittapi_config_apply_per_lib :  ITTAPI function not implemented: __itt_id_create
74197 : 0xcf403606c1cc : 2 : ittapi_config_apply_per_lib :  ITTAPI function not implemented: __itt_id_destroy
74197 : 0xcf403606c745 : 2 : ittapi_config_apply_per_lib :  ITTAPI function instrumented: __itt_get_timestamp
74197 : 0xcf403606cccb : 2 : ittapi_config_apply_per_lib :  ITTAPI function not implemented: __itt_region_begin
74197 : 0xcf403606d2b7 : 2 : ittapi_config_apply_per_lib :  ITTAPI function not implemented: __itt_region_end
74197 : 0xcf403606d837 : 2 : ittapi_config_apply_per_lib :  ITTAPI function instrumented: __itt_frame_begin_v3
74197 : 0xcf403606fa0e : 2 : ittapi_config_apply_per_lib :  ITTAPI function instrumented: __itt_frame_end_v3
74197 : 0xcf403606ffb4 : 2 : ittapi_config_apply_per_lib :  ITTAPI function instrumented: __itt_frame_submit_v3
74197 : 0xcf403607060c : 2 : ittapi_config_apply_per_lib :  ITTAPI function not implemented: __itt_task_group
74197 : 0xcf4036070b5d : 2 : ittapi_config_apply_per_lib :  ITTAPI function instrumented: __itt_task_begin
74197 : 0xcf40360710f2 : 2 : ittapi_config_apply_per_lib :  ITTAPI function instrumented: __itt_task_begin_fn
74197 : 0xcf403607166a : 2 : ittapi_config_apply_per_lib :  ITTAPI function instrumented: __itt_task_end
74197 : 0xcf4036071c38 : 2 : ittapi_config_apply_per_lib :  ITTAPI function not implemented: __itt_counter_inc_v3
74197 : 0xcf4036072209 : 2 : ittapi_config_apply_per_lib :  ITTAPI function not implemented: __itt_counter_inc_delta_v3
74197 : 0xcf4036072828 : 2 : ittapi_config_apply_per_lib :  ITTAPI function not implemented: __itt_counter_dec_v3
74197 : 0xcf4036072d87 : 2 : ittapi_config_apply_per_lib :  ITTAPI function not implemented: __itt_counter_dec_delta_v3
74197 : 0xcf4036074309 : 2 : ittapi_config_apply_per_lib :  ITTAPI function not implemented: __itt_marker
74197 : 0xcf40360748fc : 2 : ittapi_config_apply_per_lib :  ITTAPI function instrumented: __itt_metadata_add
74197 : 0xcf4036074fb3 : 2 : ittapi_config_apply_per_lib :  ITTAPI function not implemented: __itt_metadata_str_add
74197 : 0xcf40360755e0 : 2 : ittapi_config_apply_per_lib :  ITTAPI function not implemented: __itt_relation_add_to_current
74197 : 0xcf4036075bd7 : 2 : ittapi_config_apply_per_lib :  ITTAPI function not implemented: __itt_relation_add
74197 : 0xcf40360760f6 : 2 : ittapi_config_apply_per_lib :  ITTAPI function instrumented: __itt_event_create
74197 : 0xcf40360765fe : 2 : ittapi_config_apply_per_lib :  ITTAPI function instrumented: __itt_event_start
74197 : 0xcf4036076b47 : 2 : ittapi_config_apply_per_lib :  ITTAPI function instrumented: __itt_event_end
74197 : 0xcf4036076f34 : 2 : ittapi_config_apply_per_lib :  ITTAPI function NOT instrumented (not matched by --itt-config option): __itt_sync_set_name

74197 : 0xcf4036077367 : 2 : ittapi_config_apply_per_lib :  ITTAPI function NOT instrumented (not matched by --itt-config option): __itt_notify_sync_name

74197 : 0xcf4036078667 : 2 : ittapi_config_apply_per_lib :  ITTAPI function NOT instrumented (not matched by --itt-config option): __itt_notify_sync_prepare

74197 : 0xcf4036078aa9 : 2 : ittapi_config_apply_per_lib :  ITTAPI function NOT instrumented (not matched by --itt-config option): __itt_notify_sync_cancel

74197 : 0xcf4036078e9c : 2 : ittapi_config_apply_per_lib :  ITTAPI function NOT instrumented (not matched by --itt-config option): __itt_notify_sync_acquired

74197 : 0xcf403607922e : 2 : ittapi_config_apply_per_lib :  ITTAPI function NOT instrumented (not matched by --itt-config option): __itt_notify_sync_releasing

74197 : 0xcf403607986c : 2 : ittapi_config_apply_per_lib :  ITTAPI function not implemented: __itt_memory_read
74197 : 0xcf4036079e64 : 2 : ittapi_config_apply_per_lib :  ITTAPI function not implemented: __itt_memory_write
74197 : 0xcf403607a509 : 2 : ittapi_config_apply_per_lib :  ITTAPI function not implemented: __itt_memory_update
74197 : 0xcf403607ab2a : 2 : ittapi_config_apply_per_lib :  ITTAPI function not implemented: __itt_state_get
74197 : 0xcf403607b107 : 2 : ittapi_config_apply_per_lib :  ITTAPI function not implemented: __itt_state_set
74197 : 0xcf403607b69a : 2 : ittapi_config_apply_per_lib :  ITTAPI function not implemented: __itt_obj_mode_set
74197 : 0xcf403607d76f : 2 : ittapi_config_apply_per_lib :  ITTAPI function not implemented: __itt_thr_mode_set
74197 : 0xcf403607dcb8 : 2 : ittapi_config_apply_per_lib :  ITTAPI function instrumented: __itt_frame_create
74197 : 0xcf403607e1ba : 2 : ittapi_config_apply_per_lib :  ITTAPI function instrumented: __itt_pt_region_create
74197 : 0xcf403607e743 : 2 : ittapi_config_apply_per_lib :  ITTAPI function instrumented: __itt_frame_begin
74197 : 0xcf403607ec66 : 2 : ittapi_config_apply_per_lib :  ITTAPI function instrumented: __itt_frame_end
74197 : 0xcf403607f252 : 2 : ittapi_config_apply_per_lib :  ITTAPI function not implemented: __itt_counter_destroy
74197 : 0xcf403607f813 : 2 : ittapi_config_apply_per_lib :  ITTAPI function instrumented: __itt_counter_inc
74197 : 0xcf403607fd59 : 2 : ittapi_config_apply_per_lib :  ITTAPI function instrumented: __itt_counter_inc_delta
74197 : 0xcf4036080239 : 2 : ittapi_config_apply_per_lib :  ITTAPI function instrumented: __itt_counter_dec
74197 : 0xcf403608072f : 2 : ittapi_config_apply_per_lib :  ITTAPI function instrumented: __itt_counter_dec_delta
74197 : 0xcf4036081b56 : 2 : ittapi_config_apply_per_lib :  ITTAPI function instrumented: __itt_counter_set_value
74197 : 0xcf40360821f9 : 2 : ittapi_config_apply_per_lib :  ITTAPI function not implemented: __itt_counter_set_value_ex
74197 : 0xcf403608281a : 2 : ittapi_config_apply_per_lib :  ITTAPI function not implemented: __itt_mark_create
74197 : 0xcf4036082e67 : 2 : ittapi_config_apply_per_lib :  ITTAPI function not implemented: __itt_mark
74197 : 0xcf4036083481 : 2 : ittapi_config_apply_per_lib :  ITTAPI function not implemented: __itt_mark_off
74197 : 0xcf4036083a49 : 2 : ittapi_config_apply_per_lib :  ITTAPI function not implemented: __itt_mark_global
74197 : 0xcf4036084076 : 2 : ittapi_config_apply_per_lib :  ITTAPI function not implemented: __itt_mark_global_off
74197 : 0xcf403608453a : 2 : ittapi_config_apply_per_lib :  ITTAPI function NOT instrumented (not matched by --itt-config option): __itt_stack_caller_create

74197 : 0xcf40360848d8 : 2 : ittapi_config_apply_per_lib :  ITTAPI function NOT instrumented (not matched by --itt-config option): __itt_stack_caller_destroy

74197 : 0xcf4036084c56 : 2 : ittapi_config_apply_per_lib :  ITTAPI function NOT instrumented (not matched by --itt-config option): __itt_stack_callee_enter

74197 : 0xcf4036085f18 : 2 : ittapi_config_apply_per_lib :  ITTAPI function NOT instrumented (not matched by --itt-config option): __itt_stack_callee_leave

74197 : 0xcf4036086587 : 2 : ittapi_config_apply_per_lib :  ITTAPI function not implemented: __itt_clock_domain_create
74197 : 0xcf4036086bd2 : 2 : ittapi_config_apply_per_lib :  ITTAPI function not implemented: __itt_clock_domain_reset
74197 : 0xcf40360871bb : 2 : ittapi_config_apply_per_lib :  ITTAPI function not implemented: __itt_id_create_ex
74197 : 0xcf4036087744 : 2 : ittapi_config_apply_per_lib :  ITTAPI function not implemented: __itt_id_destroy_ex
74197 : 0xcf4036087d01 : 2 : ittapi_config_apply_per_lib :  ITTAPI function not implemented: __itt_task_begin_ex
74197 : 0xcf403608828e : 2 : ittapi_config_apply_per_lib :  ITTAPI function not implemented: __itt_task_begin_fn_ex
74197 : 0xcf4036088842 : 2 : ittapi_config_apply_per_lib :  ITTAPI function not implemented: __itt_task_end_ex
74197 : 0xcf4036088e04 : 2 : ittapi_config_apply_per_lib :  ITTAPI function instrumented: __itt_task_begin_overlapped
74197 : 0xcf403608939e : 2 : ittapi_config_apply_per_lib :  ITTAPI function not implemented: __itt_task_begin_overlapped_ex
74197 : 0xcf403608a81e : 2 : ittapi_config_apply_per_lib :  ITTAPI function instrumented: __itt_task_end_overlapped
74197 : 0xcf403608ae09 : 2 : ittapi_config_apply_per_lib :  ITTAPI function not implemented: __itt_task_end_overlapped_ex
74197 : 0xcf403608b3c5 : 2 : ittapi_config_apply_per_lib :  ITTAPI function not implemented: __itt_marker_ex
74197 : 0xcf403608b99b : 2 : ittapi_config_apply_per_lib :  ITTAPI function not implemented: __itt_metadata_add_with_scope
74197 : 0xcf403608bf31 : 2 : ittapi_config_apply_per_lib :  ITTAPI function not implemented: __itt_metadata_str_add_with_scope
74197 : 0xcf403608c4eb : 2 : ittapi_config_apply_per_lib :  ITTAPI function not implemented: __itt_relation_add_to_current_ex
74197 : 0xcf403608ca24 : 2 : ittapi_config_apply_per_lib :  ITTAPI function not implemented: __itt_relation_add_ex
74197 : 0xcf403608cf99 : 2 : ittapi_config_apply_per_lib :  ITTAPI function not implemented: __itt_track_group_create
74197 : 0xcf403608d4a3 : 2 : ittapi_config_apply_per_lib :  ITTAPI function not implemented: __itt_track_create
74197 : 0xcf403608d9f8 : 2 : ittapi_config_apply_per_lib :  ITTAPI function not implemented: __itt_set_track
74197 : 0xcf403608f8af : 2 : ittapi_config_apply_per_lib :  ITTAPI function instrumented: __itt_api_version
74197 : 0xcf4036090bb6 : 2 : ittapi_config_apply_per_lib :  ITTAPI function not implemented: __itt_av_save
74197 : 0xcf4036091152 : 2 : ittapi_config_apply_per_lib :  ITTAPI function instrumented: __itt_module_load
74197 : 0xcf403609178f : 2 : ittapi_config_apply_per_lib :  ITTAPI function not implemented: __itt_module_unload
74197 : 0xcf4036091b62 : 2 : ittapi_config_apply_per_lib :  ITTAPI function NOT instrumented (not matched by --itt-config option): __itt_histogram_submit

74197 : 0xcf403609204a : 2 : ittapi_config_apply_per_lib :  ITTAPI function instrumented: __itt_counter_set_value_v3