
92914 : 0xd7fb7d787dae : 1 : spill_jit_data :  Jit agent is not initialized
92879 : 0xd7fb7d78d7b1 : 2 : ittapi_config_mask_get :  --itt-config mask to be applied: 39
92879 : 0xd7fb7d790bf6 : 2 : ittapi_config_apply_per_lib :  ITTAPI function instrumented: __itt_domain_create
92879 : 0xd7fb7d7919f1 : 2 : ittapi_config_apply_per_lib :  ITTAPI function instrumented: __itt_module_load_with_sections
92879 : 0xd7fb7d792809 : 2 : ittapi_config_apply_per_lib :  ITTAPI function not implemented: __itt_module_unload_with_sections
92879 : 0xd7fb7d79303a : 2 : ittapi_config_apply_per_lib :  ITTAPI function instrumented: __itt_string_handle_create
92879 : 0xd7fb7d793581 : 2 : ittapi_config_apply_per_lib :  ITTAPI function instrumented: __itt_counter_create
92879 : 0xd7fb7d793a9d : 2 : ittapi_config_apply_per_lib :  ITTAPI function instrumented: __itt_counter_create_typed
92879 : 0xd7fb7d794000 : 2 : ittapi_config_apply_per_lib :  ITTAPI function instrumented: __itt_pause
92879 : 0xd7fb7d7945e9 : 2 : ittapi_config_apply_per_lib :  ITTAPI function instrumented: __itt_resume
92879 : 0xd7fb7d7a0230 : 2 : ittapi_config_apply_per_lib :  ITTAPI function instrumented: __itt_thread_set_name
92879 : 0xd7fb7d7a0894 : 2 : ittapi_config_apply_per_lib :  ITTAPI function instrumented: __itt_thread_ignore
92879 : 0xd7fb7d7a0d70 : 2 : ittapi_config_apply_per_lib :  ITTAPI function instrumented: __itt_thr_name_set
92879 : 0xd7fb7d7a1320 : 2 : ittapi_config_apply_per_lib :  ITTAPI function instrumented: __itt_thr_ignore
92879 : 0xd7fb7d7a1873 : 2 : ittapi_config_apply_per_lib :  ITTAPI function instrumented: __itt_histogram_create
92879 : 0xd7fb7d7a20b4 : 2 : ittapi_config_apply_per_lib :  ITTAPI function not implemented: __itt_enable_attach
92879 : 0xd7fb7d7a26c3 : 2 : ittapi_config_apply_per_lib :  ITTAPI function instrumented: __itt_detach
92879 : 0xd7fb7d7a3ce2 : 2 : ittapi_config_apply_per_lib :  ITTAPI function NOT instrumented (not matched by --itt-config option): __itt_sync_create

92879 : 0xd7fb7d7a427f : 2 : ittapi_config_apply_per_lib :  ITTAPI function NOT instrumented (not matched by --itt-config option): __itt_sync_rename

92879 : 0xd7fb7d7a4607 : 2 : ittapi_config_apply_per_lib :  ITTAPI function NOT instrumented (not matched by --itt-config option): __itt_sync_destroy

92879 : 0xd7fb7d7a5f30 : 2 : ittapi_config_apply_per_lib :  ITTAPI function NOT instrumented (not matched by --itt-config option): __itt_sync_prepare

92879 : 0xd7fb7d7a6396 : 2 : ittapi_config_apply_per_lib :  ITTAPI function NOT instrumented (not matched by --itt-config option): __itt_sync_cancel

92879 : 0xd7fb7d7a6761 : 2 : ittapi_config_apply_per_lib :  ITTAPI function NOT instrumented (not matched by --itt-config option): __itt_sync_acquired

92879 : 0xd7fb7d7a6b89 : 2 : ittapi_config_apply_per_lib :  ITTAPI function NOT instrumented (not matched by --itt-config option): __itt_sync_releasing

92879 : 0xd7fb7d7a7379 : 2 : ittapi_config_apply_per_lib :  ITTAPI function not implemented: __itt_suppress_push
92879 : 0xd7fb7d7a7bb4 : 2 : ittapi_config_apply_per_lib :  ITTAPI function not implemented: __itt_suppress_pop
92879 : 0xd7fb7d7a8251 : 2 : ittapi_config_apply_per_lib :  ITTAPI function not implemented: __itt_suppress_mark_range
92879 : 0xd7fb7d7a892e : 2 : ittapi_config_apply_per_lib :  ITTAPI function not implemented: __itt_suppress_clear_range
92879 : 0xd7fb7d7a8ce5 : 2 : ittapi_config_apply_per_lib :  ITTAPI function NOT instrumented (not matched by --itt-config option): __itt_sync_prepare

92879 : 0xd7fb7d7a905e : 2 : ittapi_config_apply_per_lib :  ITTAPI function NOT instrumented (not matched by --itt-config option): __itt_sync_cancel

92879 : 0xd7fb7d7aa4ab : 2 : ittapi_config_apply_per_lib :  ITTAPI function NOT instrumented (not matched by --itt-config option): __itt_sync_acquired

92879 : 0xd7fb7d7aa888 : 2 : ittapi_config_apply_per_lib :  ITTAPI function NOT instrumented (not matched by --itt-config option): __itt_sync_releasing

92879 : 0xd7fb7d7aad07 : 2 : ittapi_config_apply_per_lib :  ITTAPI function NOT instrumented (not matched by --itt-config option): __itt_model_site_begin

92879 : 0xd7fb7d7ab18a : 2 : ittapi_config_apply_per_lib :  ITTAPI function NOT instrumented (not matched by --itt-config option): __itt_model_site_end

92879 : 0xd7fb7d7ab5a1 : 2 : ittapi_config_apply_per_lib :  ITTAPI function NOT instrumented (not matched by --itt-config option): __itt_model_task_begin

92879 : 0xd7fb7d7ab9fb : 2 : ittapi_config_apply_per_lib :  ITTAPI function NOT instrumented (not matched by --itt-config option): __itt_model_task_end

92879 : 0xd7fb7d7abe46 : 2 : ittapi_config_apply_per_lib :  ITTAPI function NOT instrumented (not matched by --itt-config option): __itt_model_lock_acquire

92879 : 0xd7fb7d7ac3e7 : 2 : ittapi_config_apply_per_lib :  ITTAPI function NOT instrumented (not matched by --itt-config option): __itt_model_lock_release

92879 : 0xd7fb7d7ac87c : 2 : ittapi_config_apply_per_lib :  ITTAPI function NOT instrumented (not matched by --itt-config option): __itt_model_record_allocation

92879 : 0xd7fb7d7acb9b : 2 : ittapi_config_apply_per_lib :  ITTAPI function NOT instrumented (not matched by --itt-config option): __itt_model_record_deallocation

92879 : 0xd7fb7d7afcda : 2 : ittapi_config_apply_per_lib :  ITTAPI function NOT instrumented (not matched by --itt-config option): __itt_model_induction_uses

92879 : 0xd7fb7d7b00db : 2 : ittapi_config_apply_per_lib :  ITTAPI function NOT instrumented (not matched by --itt-config option): __itt_model_reduction_uses

92879 : 0xd7fb7d7b045f : 2 : ittapi_config_apply_per_lib :  ITTAPI function NOT instrumented (not matched by --itt-config option): __itt_model_observe_uses

92879 : 0xd7fb7d7b0790 : 2 : ittapi_config_apply_per_lib :  ITTAPI function NOT instrumented (not matched by --itt-config option): __itt_model_clear_uses

92879 : 0xd7fb7d7b0a98 : 2 : ittapi_config_apply_per_lib :  ITTAPI function NOT instrumented (not matched by --itt-config option): __itt_model_site_beginA

92879 : 0xd7fb7d7b0d9f : 2 : ittapi_config_apply_per_lib :  ITTAPI function NOT instrumented (not matched by --itt-config option): __itt_model_site_beginAL

92879 : 0xd7fb7d7b109d : 2 : ittapi_config_apply_per_lib :  ITTAPI function NOT instrumented (not matched by --itt-config option): __itt_model_task_beginA

92879 : 0xd7fb7d7b1396 : 2 : ittapi_config_apply_per_lib :  ITTAPI function NOT instrumented (not matched by --itt-config option): __itt_model_task_beginAL

92879 : 0xd7fb7d7b168a : 2 : ittapi_config_apply_per_lib :  ITTAPI function NOT instrumented (not matched by --itt-config option): __itt_model_iteration_taskA

92879 : 0xd7fb7d7b1978 : 2 : ittapi_config_apply_per_lib :  ITTAPI function NOT instrumented (not matched by --itt-config option): __itt_model_iteration_taskAL

92879 : 0xd7fb7d7b2cc2 : 2 : ittapi_config_apply_per_lib :  ITTAPI function NOT instrumented (not matched by --itt-config option): __itt_model_site_end_2

92879 : 0xd7fb7d7b3036 : 2 : ittapi_config_apply_per_lib :  ITTAPI function NOT instrumented (not matched by --itt-config option): __itt_model_task_end_2

92879 : 0xd7fb7d7b336f : 2 : ittapi_config_apply_per_lib :  ITTAPI function NOT instrumented (not matched by --itt-config option): __itt_model_lock_acquire_2

92879 : 0xd7fb7d7b36ba : 2 : ittapi_config_apply_per_lib :  ITTAPI function NOT instrumented (not matched by --itt-config option): __itt_model_lock_release_2

92879 : 0xd7fb7d7b39bd : 2 : ittapi_config_apply_per_lib :  ITTAPI function NOT instrumented (not matched by --itt-config option): __itt_model_aggregate_task

92879 : 0xd7fb7d7b3cb9 : 2 : ittapi_config_apply_per_lib :  ITTAPI function NOT instrumented (not matched by --itt-config option): __itt_model_disable_push

92879 : 0xd7fb7d7b3fb2 : 2 : ittapi_config_apply_per_lib :  ITTAPI function NOT instrumented (not matched by --itt-config option): __itt_model_disable_pop

92879 : 0xd7fb7d7b4564 : 2 : ittapi_config_apply_per_lib :  ITTAPI function instrumented: __itt_heap_function_create
92879 : 0xd7fb7d7b4b89 : 2 : ittapi_config_apply_per_lib :  ITTAPI function instrumented: __itt_heap_allocate_begin
92879 : 0xd7fb7d7b500e : 2 : ittapi_config_apply_per_lib :  ITTAPI function instrumented: __itt_heap_allocate_end
92879 : 0xd7fb7d7b709b : 2 : ittapi_config_apply_per_lib :  ITTAPI function instrumented: __itt_heap_free_begin
92879 : 0xd7fb7d7b762f : 2 : ittapi_config_apply_per_lib :  ITTAPI function instrumented: __itt_heap_free_end
92879 : 0xd7fb7d7b7b35 : 2 : ittapi_config_apply_per_lib :  ITTAPI function instrumented: __itt_heap_reallocate_begin
92879 : 0xd7fb7d7b7fbe : 2 : ittapi_config_apply_per_lib :  ITTAPI function instrumented: __itt_heap_reallocate_end
92879 : 0xd7fb7d7b8609 : 2 : ittapi_config_apply_per_lib :  ITTAPI function not implemented: __itt_heap_internal_access_begin
92879 : 0xd7fb7d7b8d5c : 2 : ittapi_config_apply_per_lib :  ITTAPI function not implemented: __itt_heap_internal_access_end
92879 : 0xd7fb7d7b9355 : 2 : ittapi_config_apply_per_lib :  ITTAPI function not implemented: __itt_heap_record_memory_growth_begin
92879 : 0xd7fb7d7b998c : 2 : ittapi_config_apply_per_lib :  ITTAPI function not implemented: __itt_heap_record_memory_growth_end
92879 : 0xd7fb7d7ba06e : 2 : ittapi_config_apply_per_lib :  ITTAPI function not implemented: __itt_heap_reset_detection
92879 : 0xd7fb7d7ba8db : 2 : ittapi_config_apply_per_lib :  ITTAPI function not implemented: __itt_heap_record
92879 : 0xd7fb7d7bbf91 : 2 : ittapi_config_apply_per_lib :  ITTAPI function not implemented: __itt_id_create
92879 : 0xd7fb7d7bc5e1 : 2 : ittapi_config_apply_per_lib :  ITTAPI function not implemented: __itt_id_destroy
92879 : 0xd7fb7d7bcc35 : 2 : ittapi_config_apply_per_lib :  ITTAPI function instrumented: __itt_get_timestamp
92879 : 0xd7fb7d7bd1c9 : 2 : ittapi_config_apply_per_lib :  ITTAPI function not implemented: __itt_region_begin
92879 : 0xd7fb7d7bd770 : 2 : ittapi_config_apply_per_lib :  ITTAPI function not implemented: __itt_region_end
92879 : 0xd7fb7d7bdcd0 : 2 : ittapi_config_apply_per_lib :  ITTAPI function instrumented: __itt_frame_begin_v3
92879 : 0xd7fb7d7be239 : 2 : ittapi_config_apply_per_lib :  ITTAPI function instrumented: __itt_frame_end_v3
92879 : 0xd7fb7d7be77a : 2 : ittapi_config_apply_per_lib :  ITTAPI function instrumented: __itt_frame_submit_v3
92879 : 0xd7fb7d7bedbf : 2 : ittapi_config_apply_per_lib :  ITTAPI function not implemented: __itt_task_group
92879 : 0xd7fb7d7bf333 : 2 : ittapi_config_apply_per_lib :  ITTAPI function instrumented: __itt_task_begin
92879 : 0xd7fb7d7c088d : 2 : ittapi_config_apply_per_lib :  ITTAPI function instrumented: __itt_task_begin_fn
92879 : 0xd7fb7d7c0e39 : 2 : ittapi_config_apply_per_lib :  ITTAPI function instrumented: __itt_task_end
92879 : 0xd7fb7d7c14df : 2 : ittapi_config_apply_per_lib :  ITTAPI function not implemented: __itt_counter_inc_v3
92879 : 0xd7fb7d7c1b2d : 2 : ittapi_config_apply_per_lib :  ITTAPI function not implemented: __itt_counter_inc_delta_v3
92879 : 0xd7fb7d7c210e : 2 : ittapi_config_apply_per_lib :  ITTAPI function not implemented: __itt_counter_dec_v3
92879 : 0xd7fb7d7c268d : 2 : ittapi_config_apply_per_lib :  ITTAPI function not implemented: __itt_counter_dec_delta_v3
92879 : 0xd7fb7d7c2d74 : 2 : ittapi_config_apply_per_lib :  ITTAPI function not implemented: __itt_marker
92879 : 0xd7fb7d7c33d2 : 2 : ittapi_config_apply_per_lib :  ITTAPI function instrumented: __itt_metadata_add
92879 : 0xd7fb7d7c3a4b : 2 : ittapi_config_apply_per_lib :  ITTAPI function not implemented: __itt_metadata_str_add
92879 : 0xd7fb7d7c4058 : 2 : ittapi_config_apply_per_lib :  ITTAPI function not implemented: __itt_relation_add_to_current
92879 : 0xd7fb7d7c56dd : 2 : ittapi_config_apply_per_lib :  ITTAPI function not implemented: __itt_relation_add
92879 : 0xd7fb7d7c5c5c : 2 : ittapi_config_apply_per_lib :  ITTAPI function instrumented: __itt_event_create
92879 : 0xd7fb7d7c61fa : 2 : ittapi_config_apply_per_lib :  ITTAPI function instrumented: __itt_event_start
92879 : 0xd7fb7d7c679e : 2 : ittapi_config_apply_per_lib :  ITTAPI function instrumented: __itt_event_end
92879 : 0xd7fb7d7c6bc6 : 2 : ittapi_config_apply_per_lib :  ITTAPI function NOT instrumented (not matched by --itt-config option): __itt_sync_set_name

92879 : 0xd7fb7d7c7032 : 2 : ittapi_config_apply_per_lib :  ITTAPI function NOT instrumented (not matched by --itt-config option): __itt_notify_sync_name

92879 : 0xd7fb7d7c7433 : 2 : ittapi_config_apply_per_lib :  ITTAPI function NOT instrumented (not matched by --itt-config option): __itt_notify_sync_prepare

92879 : 0xd7fb7d7c7804 : 2 : ittapi_config_apply_per_lib :  ITTAPI function NOT instrumented (not matched by --itt-config option): __itt_notify_sync_cancel

92879 : 0xd7fb7d7c7bb5 : 2 : ittapi_config_apply_per_lib :  ITTAPI function NOT instrumented (not matched by --itt-config option): __itt_notify_sync_acquired

92879 : 0xd7fb7d7c7f47 : 2 : ittapi_config_apply_per_lib :  ITTAPI function NOT instrumented (not matched by --itt-config option): __itt_notify_sync_releasing

92879 : 0xd7fb7d7ca2b6 : 2 : ittapi_config_apply_per_lib :  ITTAPI function not implemented: __itt_memory_read
92879 : 0xd7fb7d7ca9c6 : 2 : ittapi_config_apply_per_lib :  ITTAPI function not implemented: __itt_memory_write
92879 : 0xd7fb7d7cb099 : 2 : ittapi_config_apply_per_lib :  ITTAPI function not implemented: __itt_memory_update
92879 : 0xd7fb7d7cb6dd : 2 : ittapi_config_apply_per_lib :  ITTAPI function not implemented: __itt_state_get
92879 : 0xd7fb7d7cbcb1 : 2 : ittapi_config_apply_per_lib :  ITTAPI function not implemented: __itt_state_set
92879 : 0xd7fb7d7cc26a : 2 : ittapi_config_apply_per_lib :  ITTAPI function not implemented: __itt_obj_mode_set
92879 : 0xd7fb7d7cc7f9 : 2 : ittapi_config_apply_per_lib :  ITTAPI function not implemented: __itt_thr_mode_set
92879 : 0xd7fb7d7ccd14 : 2 : ittapi_config_apply_per_lib :  ITTAPI function instrumented: __itt_frame_create
92879 : 0xd7fb7d7cd1ed : 2 : ittapi_config_apply_per_lib :  ITTAPI function instrumented: __itt_pt_region_create
92879 : 0xd7fb7d7cd7d6 : 2 : ittapi_config_apply_per_lib :  ITTAPI function instrumented: __itt_frame_begin
92879 : 0xd7fb7d7ceeaa : 2 : ittapi_config_apply_per_lib :  ITTAPI function instrumented: __itt_frame_end
92879 : 0xd7fb7d7cf532 : 2 : ittapi_config_apply_per_lib :  ITTAPI function not implemented: __itt_counter_destroy
92879 : 0xd7fb7d7cfb5c : 2 : ittapi_config_apply_per_lib :  ITTAPI function instrumented: __itt_counter_inc
92879 : 0xd7fb7d7d0118 : 2 : ittapi_config_apply_per_lib :  ITTAPI function instrumented: __itt_counter_inc_delta
92879 : 0xd7fb7d7d05eb : 2 : ittapi_config_apply_per_lib :  ITTAPI function instrumented: __itt_counter_dec
92879 : 0xd7fb7d7d0b0c : 2 : ittapi_config_apply_per_lib :  ITTAPI function instrumented: __itt_counter_dec_delta
92879 : 0xd7fb7d7d0fa1 : 2 : ittapi_config_apply_per_lib :  ITTAPI function instrumented: __itt_counter_set_value
92879 : 0xd7fb7d7d1541 : 2 : ittapi_config_apply_per_lib :  ITTAPI function not implemented: __itt_counter_set_value_ex
92879 : 0xd7fb7d7d1b2f : 2 : ittapi_config_apply_per_lib :  ITTAPI function not implemented: __itt_mark_create
92879 : 0xd7fb7d7d2155 : 2 : ittapi_config_apply_per_lib :  ITTAPI function not implemented: __itt_mark
92879 : 0xd7fb7d7d381d : 2 : ittapi_config_apply_per_lib :  ITTAPI function not implemented: __itt_mark_off
92879 : 0xd7fb7d7d3e99 : 2 : ittapi_config_apply_per_lib :  ITTAPI function not implemented: __itt_mark_global
92879 : 0xd7fb7d7d451b : 2 : ittapi_config_apply_per_lib :  ITTAPI function not implemented: __itt_mark_global_off
92879 : 0xd7fb7d7d49cc : 2 : ittapi_config_apply_per_lib :  ITTAPI function NOT instrumented (not matched by --itt-config option): __itt_stack_caller_create

92879 : 0xd7fb7d7d4d8f : 2 : ittapi_config_apply_per_lib :  ITTAPI function NOT instrumented (not matched by --itt-config option): __itt_stack_caller_destroy

92879 : 0xd7fb7d7d5133 : 2 : ittapi_config_apply_per_lib :  ITTAPI function NOT instrumented (not matched by --itt-config option): __itt_stack_callee_enter

92879 : 0xd7fb7d7d54e0 : 2 : ittapi_config_apply_per_lib :  ITTAPI function NOT instrumented (not matched by --itt-config option): __itt_stack_callee_leave

92879 : 0xd7fb7d7d5a5b : 2 : ittapi_config_apply_per_lib :  ITTAPI function not implemented: __itt_clock_domain_create
92879 : 0xd7fb7d7d60b9 : 2 : ittapi_config_apply_per_lib :  ITTAPI function not implemented: __itt_clock_domain_reset
92879 : 0xd7fb7d7d66cc : 2 : ittapi_config_apply_per_lib :  ITTAPI function not implemented: __itt_id_create_ex
92879 : 0xd7fb7d7d8aa7 : 2 : ittapi_config_apply_per_lib :  ITTAPI function not implemented: __itt_id_destroy_ex
92879 : 0xd7fb7d7d90d2 : 2 : ittapi_config_apply_per_lib :  ITTAPI function not implemented: __itt_task_begin_ex
92879 : 0xd7fb7d7d964a : 2 : ittapi_config_apply_per_lib :  ITTAPI function not implemented: __itt_task_begin_fn_ex
92879 : 0xd7fb7d7d9c0a : 2 : ittapi_config_apply_per_lib :  ITTAPI function not implemented: __itt_task_end_ex
92879 : 0xd7fb7d7da18f : 2 : ittapi_config_apply_per_lib :  ITTAPI function instrumented: __itt_task_begin_overlapped
92879 : 0xd7fb7d7da753 : 2 : ittapi_config_apply_per_lib :  ITTAPI function not implemented: __itt_task_begin_overlapped_ex
92879 : 0xd7fb7d7daca2 : 2 : ittapi_config_apply_per_lib :  ITTAPI function instrumented: __itt_task_end_overlapped
92879 : 0xd7fb7d7db1cb : 2 : ittapi_config_apply_per_lib :  ITTAPI function not implemented: __itt_task_end_overlapped_ex
92879 : 0xd7fb7d7db775 : 2 : ittapi_config_apply_per_lib :  ITTAPI function not implemented: __itt_marker_ex
92879 : 0xd7fb7d7dbebb : 2 : ittapi_config_apply_per_lib :  ITTAPI function not implemented: __itt_metadata_add_with_scope
92879 : 0xd7fb7d7dd58c : 2 : ittapi_config_apply_per_lib :  ITTAPI function not implemented: __itt_metadata_str_add_with_scope
92879 : 0xd7fb7d7ddbef : 2 : ittapi_config_apply_per_lib :  ITTAPI function not implemented: __itt_relation_add_to_current_ex
92879 : 0xd7fb7d7de1f2 : 2 : ittapi_config_apply_per_lib :  ITTAPI function not implemented: __itt_relation_add_ex
92879 : 0xd7fb7d7de7bd : 2 : ittapi_config_apply_per_lib :  ITTAPI function not implemented: __itt_track_group_create
92879 : 0xd7fb7d7ded4c : 2 : ittapi_config_apply_per_lib :  ITTAPI function not implemented: __itt_track_create
92879 : 0xd7fb7d7df323 : 2 : ittapi_config_apply_per_lib :  ITTAPI function not implemented: __itt_set_track
92879 : 0xd7fb7d7df884 : 2 : ittapi_config_apply_per_lib :  ITTAPI function instrumented: __itt_api_version
92879 : 0xd7fb7d7dfe58 : 2 : ittapi_config_apply_per_lib :  ITTAPI function not implemented: __itt_av_save
92879 : 0xd7fb7d7e0367 : 2 : ittapi_config_apply_per_lib :  ITTAPI function instrumented: __itt_module_load
92879 : 0xd7fb7d7e08e0 : 2 : ittapi_config_apply_per_lib :  ITTAPI function not implemented: __itt_module_unload
92879 : 0xd7fb7d7e1cee : 2 : ittapi_config_apply_per_lib :  ITTAPI function NOT instrumented (not matched by --itt-config option): __itt_histogram_submit

92879 : 0xd7fb7dd23733 : 2 : ittapi_config_mask_get :  --itt-config mask to be applied: 39
92879 : 0xd7fb7dd246d5 : 2 : ittapi_config_apply_per_lib :  ITTAPI function instrumented: __itt_domain_create
92879 : 0xd7fb7dd24fac : 2 : ittapi_config_apply_per_lib :  ITTAPI function instrumented: __itt_module_load_with_sections
92879 : 0xd7fb7dd25813 : 2 : ittapi_config_apply_per_lib :  ITTAPI function not implemented: __itt_module_unload_with_sections
92879 : 0xd7fb7dd25f8a : 2 : ittapi_config_apply_per_lib :  ITTAPI function instrumented: __itt_string_handle_create
92879 : 0xd7fb7dd265e8 : 2 : ittapi_config_apply_per_lib :  ITTAPI function instrumented: __itt_counter_create
92879 : 0xd7fb7dd26ad8 : 2 : ittapi_config_apply_per_lib :  ITTAPI function instrumented: __itt_counter_create_typed
92879 : 0xd7fb7dd2703f : 2 : ittapi_config_apply_per_lib :  ITTAPI function instrumented: __itt_pause
92879 : 0xd7fb7dd27578 : 2 : ittapi_config_apply_per_lib :  ITTAPI function instrumented: __itt_resume
92879 : 0xd7fb7dd2ee8d : 2 : ittapi_config_apply_per_lib :  ITTAPI function not implemented: __itt_pause_scoped
92879 : 0xd7fb7dd2f6e2 : 2 : ittapi_config_apply_per_lib :  ITTAPI function not implemented: __itt_resume_scoped
92879 : 0xd7fb7dd2fd79 : 2 : ittapi_config_apply_per_lib :  ITTAPI function instrumented: __itt_thread_set_name
92879 : 0xd7fb7dd3031f : 2 : ittapi_config_apply_per_lib :  ITTAPI function instrumented: __itt_thread_ignore
92879 : 0xd7fb7dd3081f : 2 : ittapi_config_apply_per_lib :  ITTAPI function instrumented: __itt_thr_name_set
92879 : 0xd7fb7dd30e99 : 2 : ittapi_config_apply_per_lib :  ITTAPI function instrumented: __itt_thr_ignore
92879 : 0xd7fb7dd3137d : 2 : ittapi_config_apply_per_lib :  ITTAPI function instrumented: __itt_histogram_create
92879 : 0xd7fb7dd318ad : 2 : ittapi_config_apply_per_lib :  ITTAPI function instrumented: __itt_counter_create_v3
92879 : 0xd7fb7dd31e41 : 2 : ittapi_config_apply_per_lib :  ITTAPI function instrumented: __itt_bind_context_metadata_to_counter
92879 : 0xd7fb7dd324f8 : 2 : ittapi_config_apply_per_lib :  ITTAPI function not implemented: __itt_enable_attach
92879 : 0xd7fb7dd35402 : 2 : ittapi_config_apply_per_lib :  ITTAPI function instrumented: __itt_detach
92879 : 0xd7fb7dd35953 : 2 : ittapi_config_apply_per_lib :  ITTAPI function NOT instrumented (not matched by --itt-config option): __itt_sync_create

92879 : 0xd7fb7dd35e45 : 2 : ittapi_config_apply_per_lib :  ITTAPI function NOT instrumented (not matched by --itt-config option): __itt_sync_rename

92879 : 0xd7fb7dd36210 : 2 : ittapi_config_apply_per_lib :  ITTAPI function NOT instrumented (not matched by --itt-config option): __itt_sync_destroy

92879 : 0xd7fb7dd36613 : 2 : ittapi_config_apply_per_lib :  ITTAPI function NOT instrumented (not matched by --itt-config option): __itt_sync_prepare

92879 : 0xd7fb7dd36a02 : 2 : ittapi_config_apply_per_lib :  ITTAPI function NOT instrumented (not matched by --itt-config option): __itt_sync_cancel

92879 : 0xd7fb7dd36d70 : 2 : ittapi_config_apply_per_lib :  ITTAPI function NOT instrumented (not matched by --itt-config option): __itt_sync_acquired

92879 : 0xd7fb7dd370f2 : 2 : ittapi_config_apply_per_lib :  ITTAPI function NOT instrumented (not matched by --itt-config option): __itt_sync_releasing

92879 : 0xd7fb7dd377c7 : 2 : ittapi_config_apply_per_lib :  ITTAPI function not implemented: __itt_suppress_push
92879 : 0xd7fb7dd37f89 : 2 : ittapi_config_apply_per_lib :  ITTAPI function not implemented: __itt_suppress_pop
92879 : 0xd7fb7dd396bc : 2 : ittapi_config_apply_per_lib :  ITTAPI function not implemented: __itt_suppress_mark_range
92879 : 0xd7fb7dd39e11 : 2 : ittapi_config_apply_per_lib :  ITTAPI function not implemented: __itt_suppress_clear_range
92879 : 0xd7fb7dd3a1fe : 2 : ittapi_config_apply_per_lib :  ITTAPI function NOT instrumented (not matched by --itt-config option): __itt_sync_prepare

92879 : 0xd7fb7dd3a573 : 2 : ittapi_config_apply_per_lib :  ITTAPI function NOT instrumented (not matched by --itt-config option): __itt_sync_cancel

92879 : 0xd7fb7dd3a89a : 2 : ittapi_config_apply_per_lib :  ITTAPI function NOT instrumented (not matched by --itt-config option): __itt_sync_acquired

92879 : 0xd7fb7dd3ac00 : 2 : ittapi_config_apply_per_lib :  ITTAPI function NOT instrumented (not matched by --itt-config option): __itt_sync_releasing

92879 : 0xd7fb7dd3b013 : 2 : ittapi_config_apply_per_lib :  ITTAPI function NOT instrumented (not matched by --itt-config option): __itt_model_site_begin

92879 : 0xd7fb7dd3b3dc : 2 : ittapi_config_apply_per_lib :  ITTAPI function NOT instrumented (not matched by --itt-config option): __itt_model_site_end

92879 : 0xd7fb7dd3b790 : 2 : ittapi_config_apply_per_lib :  ITTAPI function NOT instrumented (not matched by --itt-config option): __itt_model_task_begin

92879 : 0xd7fb7dd3bc11 : 2 : ittapi_config_apply_per_lib :  ITTAPI function NOT instrumented (not matched by --itt-config option): __itt_model_task_end

92879 : 0xd7fb7dd3cf94 : 2 : ittapi_config_apply_per_lib :  ITTAPI function NOT instrumented (not matched by --itt-config option): __itt_model_lock_acquire

92879 : 0xd7fb7dd3d4f3 : 2 : ittapi_config_apply_per_lib :  ITTAPI function NOT instrumented (not matched by --itt-config option): __itt_model_lock_release

92879 : 0xd7fb7dd3d95d : 2 : ittapi_config_apply_per_lib :  ITTAPI function NOT instrumented (not matched by --itt-config option): __itt_model_record_allocation

92879 : 0xd7fb7dd3dccd : 2 : ittapi_config_apply_per_lib :  ITTAPI function NOT instrumented (not matched by --itt-config option): __itt_model_record_deallocation

92879 : 0xd7fb7dd3dfe8 : 2 : ittapi_config_apply_per_lib :  ITTAPI function NOT instrumented (not matched by --itt-config option): __itt_model_induction_uses

92879 : 0xd7fb7dd3e2d8 : 2 : ittapi_config_apply_per_lib :  ITTAPI function NOT instrumented (not matched by --itt-config option): __itt_model_reduction_uses

92879 : 0xd7fb7dd3e5be : 2 : ittapi_config_apply_per_lib :  ITTAPI function NOT instrumented (not matched by --itt-config option): __itt_model_observe_uses

92879 : 0xd7fb7dd3e8a2 : 2 : ittapi_config_apply_per_lib :  ITTAPI function NOT instrumented (not matched by --itt-config option): __itt_model_clear_uses

92879 : 0xd7fb7dd3eb84 : 2 : ittapi_config_apply_per_lib :  ITTAPI function NOT instrumented (not matched by --itt-config option): __itt_model_site_beginA

92879 : 0xd7fb7dd3ee67 : 2 : ittapi_config_apply_per_lib :  ITTAPI function NOT instrumented (not matched by --itt-config option): __itt_model_site_beginAL

92879 : 0xd7fb7dd40cc8 : 2 : ittapi_config_apply_per_lib :  ITTAPI function NOT instrumented (not matched by --itt-config option): __itt_model_task_beginA

92879 : 0xd7fb7dd41085 : 2 : ittapi_config_apply_per_lib :  ITTAPI function NOT instrumented (not matched by --itt-config option): __itt_model_task_beginAL

92879 : 0xd7fb7dd413ea : 2 : ittapi_config_apply_per_lib :  ITTAPI function NOT instrumented (not matched by --itt-config option): __itt_model_iteration_taskA

92879 : 0xd7fb7dd417ab : 2 : ittapi_config_apply_per_lib :  ITTAPI function NOT instrumented (not matched by --itt-config option): __itt_model_iteration_taskAL

92879 : 0xd7fb7dd41aa7 : 2 : ittapi_config_apply_per_lib :  ITTAPI function NOT instrumented (not matched by --itt-config option): __itt_model_site_end_2

92879 : 0xd7fb7dd41d97 : 2 : ittapi_config_apply_per_lib :  ITTAPI function NOT instrumented (not matched by --itt-config option): __itt_model_task_end_2

92879 : 0xd7fb7dd4207d : 2 : ittapi_config_apply_per_lib :  ITTAPI function NOT instrumented (not matched by --itt-config option): __itt_model_lock_acquire_2

92879 : 0xd7fb7dd4235e : 2 : ittapi_config_apply_per_lib :  ITTAPI function NOT instrumented (not matched by --itt-config option): __itt_model_lock_release_2

92879 : 0xd7fb7dd42636 : 2 : ittapi_config_apply_per_lib :  ITTAPI function NOT instrumented (not matched by --itt-config option): __itt_model_aggregate_task

92879 : 0xd7fb7dd42907 : 2 : ittapi_config_apply_per_lib :  ITTAPI function NOT instrumented (not matched by --itt-config option): __itt_model_disable_push

92879 : 0xd7fb7dd43b63 : 2 : ittapi_config_apply_per_lib :  ITTAPI function NOT instrumented (not matched by --itt-config option): __itt_model_disable_pop

92879 : 0xd7fb7dd4412b : 2 : ittapi_config_apply_per_lib :  ITTAPI function instrumented: __itt_heap_function_create
92879 : 0xd7fb7dd44722 : 2 : ittapi_config_apply_per_lib :  ITTAPI function instrumented: __itt_heap_allocate_begin
92879 : 0xd7fb7dd44b6c : 2 : ittapi_config_apply_per_lib :  ITTAPI function instrumented: __itt_heap_allocate_end
92879 : 0xd7fb7dd45017 : 2 : ittapi_config_apply_per_lib :  ITTAPI function instrumented: __itt_heap_free_begin
92879 : 0xd7fb7dd45465 : 2 : ittapi_config_apply_per_lib :  ITTAPI function instrumented: __itt_heap_free_end
92879 : 0xd7fb7dd4590f : 2 : ittapi_config_apply_per_lib :  ITTAPI function instrumented: __itt_heap_reallocate_begin
92879 : 0xd7fb7dd45d7d : 2 : ittapi_config_apply_per_lib :  ITTAPI function instrumented: __itt_heap_reallocate_end
92879 : 0xd7fb7dd46364 : 2 : ittapi_config_apply_per_lib :  ITTAPI function not implemented: __itt_heap_internal_access_begin
92879 : 0xd7fb7dd469ee : 2 : ittapi_config_apply_per_lib :  ITTAPI function not implemented: __itt_heap_internal_access_end
92879 : 0xd7fb7dd48014 : 2 : ittapi_config_apply_per_lib :  ITTAPI function not implemented: __itt_heap_record_memory_growth_begin
92879 : 0xd7fb7dd486bd : 2 : ittapi_config_apply_per_lib :  ITTAPI function not implemented: __itt_heap_record_memory_growth_end
92879 : 0xd7fb7dd48d43 : 2 : ittapi_config_apply_per_lib :  ITTAPI function not implemented: __itt_heap_reset_detection
92879 : 0xd7fb7dd49391 : 2 : ittapi_config_apply_per_lib :  ITTAPI function not implemented: __itt_heap_record
92879 : 0xd7fb7dd499b2 : 2 : ittapi_config_apply_per_lib :  ITTAPI function not implemented: __itt_id_create
92879 : 0xd7fb7dd49fad : 2 : ittapi_config_apply_per_lib :  ITTAPI function not implemented: __itt_id_destroy
92879 : 0xd7fb7dd4a576 : 2 : ittapi_config_apply_per_lib :  ITTAPI function instrumented: __itt_get_timestamp
92879 : 0xd7fb7dd4ab28 : 2 : ittapi_config_apply_per_lib :  ITTAPI function not implemented: __itt_region_begin
92879 : 0xd7fb7dd4b15b : 2 : ittapi_config_apply_per_lib :  ITTAPI function not implemented: __itt_region_end
92879 : 0xd7fb7dd4b711 : 2 : ittapi_config_apply_per_lib :  ITTAPI function instrumented: __itt_frame_begin_v3
92879 : 0xd7fb7dd4d849 : 2 : ittapi_config_apply_per_lib :  ITTAPI function instrumented: __itt_frame_end_v3
92879 : 0xd7fb7dd4dde4 : 2 : ittapi_config_apply_per_lib :  ITTAPI function instrumented: __itt_frame_submit_v3
92879 : 0xd7fb7dd4e463 : 2 : ittapi_config_apply_per_lib :  ITTAPI function not implemented: __itt_task_group
92879 : 0xd7fb7dd4e9e6 : 2 : ittapi_config_apply_per_lib :  ITTAPI function instrumented: __itt_task_begin
92879 : 0xd7fb7dd4ef5d : 2 : ittapi_config_apply_per_lib :  ITTAPI function instrumented: __itt_task_begin_fn
92879 : 0xd7fb7dd4f4a8 : 2 : ittapi_config_apply_per_lib :  ITTAPI function instrumented: __itt_task_end
92879 : 0xd7fb7dd4fb27 : 2 : ittapi_config_apply_per_lib :  ITTAPI function not implemented: __itt_counter_inc_v3
92879 : 0xd7fb7dd50162 : 2 : ittapi_config_apply_per_lib :  ITTAPI function not implemented: __itt_counter_inc_delta_v3
92879 : 0xd7fb7dd5076f : 2 : ittapi_config_apply_per_lib :  ITTAPI function not implemented: __itt_counter_dec_v3
92879 : 0xd7fb7dd50d25 : 2 : ittapi_config_apply_per_lib :  ITTAPI function not implemented: __itt_counter_dec_delta_v3
92879 : 0xd7fb7dd53530 : 2 : ittapi_config_apply_per_lib :  ITTAPI function not implemented: __itt_marker
92879 : 0xd7fb7dd53bd1 : 2 : ittapi_config_apply_per_lib :  ITTAPI function instrumented: __itt_metadata_add
92879 : 0xd7fb7dd5428b : 2 : ittapi_config_apply_per_lib :  ITTAPI function not implemented: __itt_metadata_str_add
92879 : 0xd7fb7dd548f1 : 2 : ittapi_config_apply_per_lib :  ITTAPI function not implemented: __itt_relation_add_to_current
92879 : 0xd7fb7dd54f31 : 2 : ittapi_config_apply_per_lib :  ITTAPI function not implemented: __itt_relation_add
92879 : 0xd7fb7dd553ec : 2 : ittapi_config_apply_per_lib :  ITTAPI function instrumented: __itt_event_create
92879 : 0xd7fb7dd5594b : 2 : ittapi_config_apply_per_lib :  ITTAPI function instrumented: __itt_event_start
92879 : 0xd7fb7dd55e72 : 2 : ittapi_config_apply_per_lib :  ITTAPI function instrumented: __itt_event_end
92879 : 0xd7fb7dd56292 : 2 : ittapi_config_apply_per_lib :  ITTAPI function NOT instrumented (not matched by --itt-config option): __itt_sync_set_name

92879 : 0xd7fb7dd566bd : 2 : ittapi_config_apply_per_lib :  ITTAPI function NOT instrumented (not matched by --itt-config option): __itt_notify_sync_name

92879 : 0xd7fb7dd57a75 : 2 : ittapi_config_apply_per_lib :  ITTAPI function NOT instrumented (not matched by --itt-config option): __itt_notify_sync_prepare

92879 : 0xd7fb7dd57edf : 2 : ittapi_config_apply_per_lib :  ITTAPI function NOT instrumented (not matched by --itt-config option): __itt_notify_sync_cancel

92879 : 0xd7fb7dd582d6 : 2 : ittapi_config_apply_per_lib :  ITTAPI function NOT instrumented (not matched by --itt-config option): __itt_notify_sync_acquired

92879 : 0xd7fb7dd586b1 : 2 : ittapi_config_apply_per_lib :  ITTAPI function NOT instrumented (not matched by --itt-config option): __itt_notify_sync_releasing

92879 : 0xd7fb7dd58cfb : 2 : ittapi_config_apply_per_lib :  ITTAPI function not implemented: __itt_memory_read
92879 : 0xd7fb7dd5931e : 2 : ittapi_config_apply_per_lib :  ITTAPI function not implemented: __itt_memory_write
92879 : 0xd7fb7dd599ef : 2 : ittapi_config_apply_per_lib :  ITTAPI function not implemented: __itt_memory_update
92879 : 0xd7fb7dd59ff8 : 2 : ittapi_config_apply_per_lib :  ITTAPI function not implemented: __itt_state_get
92879 : 0xd7fb7dd5a5eb : 2 : ittapi_config_apply_per_lib :  ITTAPI function not implemented: __itt_state_set
92879 : 0xd7fb7dd5aba9 : 2 : ittapi_config_apply_per_lib :  ITTAPI function not implemented: __itt_obj_mode_set
92879 : 0xd7fb7dd5cbd2 : 2 : ittapi_config_apply_per_lib :  ITTAPI function not implemented: __itt_thr_mode_set
92879 : 0xd7fb7dd5d12d : 2 : ittapi_config_apply_per_lib :  ITTAPI function instrumented: __itt_frame_create
92879 : 0xd7fb7dd5d67e : 2 : ittapi_config_apply_per_lib :  ITTAPI function instrumented: __itt_pt_region_create
92879 : 0xd7fb7dd5dc38 : 2 : ittapi_config_apply_per_lib :  ITTAPI function instrumented: __itt_frame_begin
92879 : 0xd7fb7dd5e15a : 2 : ittapi_config_apply_per_lib :  ITTAPI function instrumented: __itt_frame_end
92879 : 0xd7fb7dd5e7bc : 2 : ittapi_config_apply_per_lib :  ITTAPI function not implemented: __itt_counter_destroy
92879 : 0xd7fb7dd5ed09 : 2 : ittapi_config_apply_per_lib :  ITTAPI function instrumented: __itt_counter_inc
92879 : 0xd7fb7dd5f236 : 2 : ittapi_config_apply_per_lib :  ITTAPI function instrumented: __itt_counter_inc_delta
92879 : 0xd7fb7dd5f6f7 : 2 : ittapi_config_apply_per_lib :  ITTAPI function instrumented: __itt_counter_dec
92879 : 0xd7fb7dd5fc20 : 2 : ittapi_config_apply_per_lib :  ITTAPI function instrumented: __itt_counter_dec_delta
92879 : 0xd7fb7dd610bb : 2 : ittapi_config_apply_per_lib :  ITTAPI function instrumented: __itt_counter_set_value
92879 : 0xd7fb7dd61774 : 2 : ittapi_config_apply_per_lib :  ITTAPI function not implemented: __itt_counter_set_value_ex
92879 : 0xd7fb7dd61db2 : 2 : ittapi_config_apply_per_lib :  ITTAPI function not implemented: __itt_mark_create
92879 : 0xd7fb7dd623df : 2 : ittapi_config_apply_per_lib :  ITTAPI function not implemented: __itt_mark
92879 : 0xd7fb7dd62a0d : 2 : ittapi_config_apply_per_lib :  ITTAPI function not implemented: __itt_mark_off
92879 : 0xd7fb7dd6302e : 2 : ittapi_config_apply_per_lib :  ITTAPI function not implemented: __itt_mark_global
92879 : 0xd7fb7dd6364f : 2 : ittapi_config_apply_per_lib :  ITTAPI function not implemented: __itt_mark_global_off
92879 : 0xd7fb7dd63afc : 2 : ittapi_config_apply_per_lib :  ITTAPI function NOT instrumented (not matched by --itt-config option): __itt_stack_caller_create

92879 : 0xd7fb7dd63f0a : 2 : ittapi_config_apply_per_lib :  ITTAPI function NOT instrumented (not matched by --itt-config option): __itt_stack_caller_destroy

92879 : 0xd7fb7dd642b4 : 2 : ittapi_config_apply_per_lib :  ITTAPI function NOT instrumented (not matched by --itt-config option): __itt_stack_callee_enter

92879 : 0xd7fb7dd655e4 : 2 : ittapi_config_apply_per_lib :  ITTAPI function NOT instrumented (not matched by --itt-config option): __itt_stack_callee_leave

92879 : 0xd7fb7dd65ca1 : 2 : ittapi_config_apply_per_lib :  ITTAPI function not implemented: __itt_clock_domain_create
92879 : 0xd7fb7dd66307 : 2 : ittapi_config_apply_per_lib :  ITTAPI function not implemented: __itt_clock_domain_reset
92879 : 0xd7fb7dd6692a : 2 : ittapi_config_apply_per_lib :  ITTAPI function not implemented: __itt_id_create_ex
92879 : 0xd7fb7dd66f45 : 2 : ittapi_config_apply_per_lib :  ITTAPI function not implemented: __itt_id_destroy_ex
92879 : 0xd7fb7dd6752c : 2 : ittapi_config_apply_per_lib :  ITTAPI function not implemented: __itt_task_begin_ex
92879 : 0xd7fb7dd67a9f : 2 : ittapi_config_apply_per_lib :  ITTAPI function not implemented: __itt_task_begin_fn_ex
92879 : 0xd7fb7dd68064 : 2 : ittapi_config_apply_per_lib :  ITTAPI function not implemented: __itt_task_end_ex
92879 : 0xd7fb7dd685e3 : 2 : ittapi_config_apply_per_lib :  ITTAPI function instrumented: __itt_task_begin_overlapped
92879 : 0xd7fb7dd68ba1 : 2 : ittapi_config_apply_per_lib :  ITTAPI function not implemented: __itt_task_begin_overlapped_ex
92879 : 0xd7fb7dd6a11a : 2 : ittapi_config_apply_per_lib :  ITTAPI function instrumented: __itt_task_end_overlapped
92879 : 0xd7fb7dd6a6ee : 2 : ittapi_config_apply_per_lib :  ITTAPI function not implemented: __itt_task_end_overlapped_ex
92879 : 0xd7fb7dd6acf5 : 2 : ittapi_config_apply_per_lib :  ITTAPI function not implemented: __itt_marker_ex
92879 : 0xd7fb7dd6b387 : 2 : ittapi_config_apply_per_lib :  ITTAPI function not implemented: __itt_metadata_add_with_scope
92879 : 0xd7fb7dd6b9af : 2 : ittapi_config_apply_per_lib :  ITTAPI function not implemented: __itt_metadata_str_add_with_scope
92879 : 0xd7fb7dd6bf91 : 2 : ittapi_config_apply_per_lib :  ITTAPI function not implemented: __itt_relation_add_to_current_ex
92879 : 0xd7fb7dd6c552 : 2 : ittapi_config_apply_per_lib :  ITTAPI function not implemented: __itt_relation_add_ex
92879 : 0xd7fb7dd6cb2e : 2 : ittapi_config_apply_per_lib :  ITTAPI function not implemented: __itt_track_group_create
92879 : 0xd7fb7dd6d069 : 2 : ittapi_config_apply_per_lib :  ITTAPI function not implemented: __itt_track_create
92879 : 0xd7fb7dd6d5bc : 2 : ittapi_config_apply_per_lib :  ITTAPI function not implemented: __itt_set_track
92879 : 0xd7fb7dd6f555 : 2 : ittapi_config_apply_per_lib :  ITTAPI function instrumented: __itt_api_version
92879 : 0xd7fb7dd6fbbd : 2 : ittapi_config_apply_per_lib :  ITTAPI function not implemented: __itt_av_save
92879 : 0xd7fb7dd70148 : 2 : ittapi_config_apply_per_lib :  ITTAPI function instrumented: __itt_module_load
92879 : 0xd7fb7dd70710 : 2 : ittapi_config_apply_per_lib :  ITTAPI function not implemented: __itt_module_unload
92879 : 0xd7fb7dd70ae7 : 2 : ittapi_config_apply_per_lib :  ITTAPI function NOT instrumented (not matched by --itt-config option): __itt_histogram_submit

92879 : 0xd7fb7dd70f76 : 2 : ittapi_config_apply_per_lib :  ITTAPI function instrumented: __itt_counter_set_value_v3