
74071 : 0xcf3e8c31602b : 1 : spill_jit_data :  Jit agent is not initialized
74057 : 0xcf3e8c31e4c1 : 2 : ittapi_config_mask_get :  --itt-config mask to be applied: 55
74057 : 0xcf3e8c321895 : 2 : ittapi_config_apply_per_lib :  ITTAPI function instrumented: __itt_domain_create
74057 : 0xcf3e8c32271a : 2 : ittapi_config_apply_per_lib :  ITTAPI function instrumented: __itt_module_load_with_sections
74057 : 0xcf3e8c3238e4 : 2 : ittapi_config_apply_per_lib :  ITTAPI function not implemented: __itt_module_unload_with_sections
74057 : 0xcf3e8c324291 : 2 : ittapi_config_apply_per_lib :  ITTAPI function instrumented: __itt_string_handle_create
74057 : 0xcf3e8c324a2e : 2 : ittapi_config_apply_per_lib :  ITTAPI function instrumented: __itt_counter_create
74057 : 0xcf3e8c325158 : 2 : ittapi_config_apply_per_lib :  ITTAPI function instrumented: __itt_counter_create_typed
74057 : 0xcf3e8c325893 : 2 : ittapi_config_apply_per_lib :  ITTAPI function instrumented: __itt_pause
74057 : 0xcf3e8c326020 : 2 : ittapi_config_apply_per_lib :  ITTAPI function instrumented: __itt_resume
74057 : 0xcf3e8c32fddc : 2 : ittapi_config_apply_per_lib :  ITTAPI function instrumented: __itt_thread_set_name
74057 : 0xcf3e8c33058f : 2 : ittapi_config_apply_per_lib :  ITTAPI function instrumented: __itt_thread_ignore
74057 : 0xcf3e8c330c99 : 2 : ittapi_config_apply_per_lib :  ITTAPI function instrumented: __itt_thr_name_set
74057 : 0xcf3e8c33143d : 2 : ittapi_config_apply_per_lib :  ITTAPI function instrumented: __itt_thr_ignore
74057 : 0xcf3e8c331c3f : 2 : ittapi_config_apply_per_lib :  ITTAPI function instrumented: __itt_histogram_create
74057 : 0xcf3e8c332678 : 2 : ittapi_config_apply_per_lib :  ITTAPI function not implemented: __itt_enable_attach
74057 : 0xcf3e8c332e3a : 2 : ittapi_config_apply_per_lib :  ITTAPI function instrumented: __itt_detach
74057 : 0xcf3e8c33338d : 2 : ittapi_config_apply_per_lib :  ITTAPI function NOT instrumented (not matched by --itt-config option): __itt_sync_create

74057 : 0xcf3e8c3339f3 : 2 : ittapi_config_apply_per_lib :  ITTAPI function NOT instrumented (not matched by --itt-config option): __itt_sync_rename

74057 : 0xcf3e8c333e4f : 2 : ittapi_config_apply_per_lib :  ITTAPI function NOT instrumented (not matched by --itt-config option): __itt_sync_destroy

74057 : 0xcf3e8c335b5d : 2 : ittapi_config_apply_per_lib :  ITTAPI function NOT instrumented (not matched by --itt-config option): __itt_sync_prepare

74057 : 0xcf3e8c3360bc : 2 : ittapi_config_apply_per_lib :  ITTAPI function NOT instrumented (not matched by --itt-config option): __itt_sync_cancel

74057 : 0xcf3e8c3364f2 : 2 : ittapi_config_apply_per_lib :  ITTAPI function NOT instrumented (not matched by --itt-config option): __itt_sync_acquired

74057 : 0xcf3e8c3369a7 : 2 : ittapi_config_apply_per_lib :  ITTAPI function NOT instrumented (not matched by --itt-config option): __itt_sync_releasing

74057 : 0xcf3e8c33737b : 2 : ittapi_config_apply_per_lib :  ITTAPI function not implemented: __itt_suppress_push
74057 : 0xcf3e8c337d83 : 2 : ittapi_config_apply_per_lib :  ITTAPI function not implemented: __itt_suppress_pop
74057 : 0xcf3e8c3385c2 : 2 : ittapi_config_apply_per_lib :  ITTAPI function not implemented: __itt_suppress_mark_range
74057 : 0xcf3e8c338e77 : 2 : ittapi_config_apply_per_lib :  ITTAPI function not implemented: __itt_suppress_clear_range
74057 : 0xcf3e8c3392c9 : 2 : ittapi_config_apply_per_lib :  ITTAPI function NOT instrumented (not matched by --itt-config option): __itt_sync_prepare

74057 : 0xcf3e8c33971f : 2 : ittapi_config_apply_per_lib :  ITTAPI function NOT instrumented (not matched by --itt-config option): __itt_sync_cancel

74057 : 0xcf3e8c33aeab : 2 : ittapi_config_apply_per_lib :  ITTAPI function NOT instrumented (not matched by --itt-config option): __itt_sync_acquired

74057 : 0xcf3e8c33b2e9 : 2 : ittapi_config_apply_per_lib :  ITTAPI function NOT instrumented (not matched by --itt-config option): __itt_sync_releasing

74057 : 0xcf3e8c33b80a : 2 : ittapi_config_apply_per_lib :  ITTAPI function NOT instrumented (not matched by --itt-config option): __itt_model_site_begin

74057 : 0xcf3e8c33bd06 : 2 : ittapi_config_apply_per_lib :  ITTAPI function NOT instrumented (not matched by --itt-config option): __itt_model_site_end

74057 : 0xcf3e8c33c1df : 2 : ittapi_config_apply_per_lib :  ITTAPI function NOT instrumented (not matched by --itt-config option): __itt_model_task_begin

74057 : 0xcf3e8c33c6eb : 2 : ittapi_config_apply_per_lib :  ITTAPI function NOT instrumented (not matched by --itt-config option): __itt_model_task_end

74057 : 0xcf3e8c33cbfa : 2 : ittapi_config_apply_per_lib :  ITTAPI function NOT instrumented (not matched by --itt-config option): __itt_model_lock_acquire

74057 : 0xcf3e8c33d167 : 2 : ittapi_config_apply_per_lib :  ITTAPI function NOT instrumented (not matched by --itt-config option): __itt_model_lock_release

74057 : 0xcf3e8c33d651 : 2 : ittapi_config_apply_per_lib :  ITTAPI function NOT instrumented (not matched by --itt-config option): __itt_model_record_allocation

74057 : 0xcf3e8c33dabd : 2 : ittapi_config_apply_per_lib :  ITTAPI function NOT instrumented (not matched by --itt-config option): __itt_model_record_deallocation

74057 : 0xcf3e8c341005 : 2 : ittapi_config_apply_per_lib :  ITTAPI function NOT instrumented (not matched by --itt-config option): __itt_model_induction_uses

74057 : 0xcf3e8c3414be : 2 : ittapi_config_apply_per_lib :  ITTAPI function NOT instrumented (not matched by --itt-config option): __itt_model_reduction_uses

74057 : 0xcf3e8c3418a9 : 2 : ittapi_config_apply_per_lib :  ITTAPI function NOT instrumented (not matched by --itt-config option): __itt_model_observe_uses

74057 : 0xcf3e8c341c74 : 2 : ittapi_config_apply_per_lib :  ITTAPI function NOT instrumented (not matched by --itt-config option): __itt_model_clear_uses

74057 : 0xcf3e8c34202d : 2 : ittapi_config_apply_per_lib :  ITTAPI function NOT instrumented (not matched by --itt-config option): __itt_model_site_beginA

74057 : 0xcf3e8c3423e5 : 2 : ittapi_config_apply_per_lib :  ITTAPI function NOT instrumented (not matched by --itt-config option): __itt_model_site_beginAL

74057 : 0xcf3e8c34278d : 2 : ittapi_config_apply_per_lib :  ITTAPI function NOT instrumented (not matched by --itt-config option): __itt_model_task_beginA

74057 : 0xcf3e8c342b34 : 2 : ittapi_config_apply_per_lib :  ITTAPI function NOT instrumented (not matched by --itt-config option): __itt_model_task_beginAL

74057 : 0xcf3e8c342ed2 : 2 : ittapi_config_apply_per_lib :  ITTAPI function NOT instrumented (not matched by --itt-config option): __itt_model_iteration_taskA

74057 : 0xcf3e8c343274 : 2 : ittapi_config_apply_per_lib :  ITTAPI function NOT instrumented (not matched by --itt-config option): __itt_model_iteration_taskAL

74057 : 0xcf3e8c344b93 : 2 : ittapi_config_apply_per_lib :  ITTAPI function NOT instrumented (not matched by --itt-config option): __itt_model_site_end_2

74057 : 0xcf3e8c344fac : 2 : ittapi_config_apply_per_lib :  ITTAPI function NOT instrumented (not matched by --itt-config option): __itt_model_task_end_2

74057 : 0xcf3e8c3453c4 : 2 : ittapi_config_apply_per_lib :  ITTAPI function NOT instrumented (not matched by --itt-config option): __itt_model_lock_acquire_2

74057 : 0xcf3e8c3457b3 : 2 : ittapi_config_apply_per_lib :  ITTAPI function NOT instrumented (not matched by --itt-config option): __itt_model_lock_release_2

74057 : 0xcf3e8c345b8a : 2 : ittapi_config_apply_per_lib :  ITTAPI function NOT instrumented (not matched by --itt-config option): __itt_model_aggregate_task

74057 : 0xcf3e8c345f24 : 2 : ittapi_config_apply_per_lib :  ITTAPI function NOT instrumented (not matched by --itt-config option): __itt_model_disable_push

74057 : 0xcf3e8c3462be : 2 : ittapi_config_apply_per_lib :  ITTAPI function NOT instrumented (not matched by --itt-config option): __itt_model_disable_pop

74057 : 0xcf3e8c346a9a : 2 : ittapi_config_apply_per_lib :  ITTAPI function instrumented: __itt_heap_function_create
74057 : 0xcf3e8c34728a : 2 : ittapi_config_apply_per_lib :  ITTAPI function instrumented: __itt_heap_allocate_begin
74057 : 0xcf3e8c3478ce : 2 : ittapi_config_apply_per_lib :  ITTAPI function instrumented: __itt_heap_allocate_end
74057 : 0xcf3e8c34a12f : 2 : ittapi_config_apply_per_lib :  ITTAPI function instrumented: __itt_heap_free_begin
74057 : 0xcf3e8c34a7fb : 2 : ittapi_config_apply_per_lib :  ITTAPI function instrumented: __itt_heap_free_end
74057 : 0xcf3e8c34aeec : 2 : ittapi_config_apply_per_lib :  ITTAPI function instrumented: __itt_heap_reallocate_begin
74057 : 0xcf3e8c34b4fd : 2 : ittapi_config_apply_per_lib :  ITTAPI function instrumented: __itt_heap_reallocate_end
74057 : 0xcf3e8c34be59 : 2 : ittapi_config_apply_per_lib :  ITTAPI function not implemented: __itt_heap_internal_access_begin
74057 : 0xcf3e8c34c72e : 2 : ittapi_config_apply_per_lib :  ITTAPI function not implemented: __itt_heap_internal_access_end
74057 : 0xcf3e8c34cee0 : 2 : ittapi_config_apply_per_lib :  ITTAPI function not implemented: __itt_heap_record_memory_growth_begin
74057 : 0xcf3e8c34d64b : 2 : ittapi_config_apply_per_lib :  ITTAPI function not implemented: __itt_heap_record_memory_growth_end
74057 : 0xcf3e8c34de27 : 2 : ittapi_config_apply_per_lib :  ITTAPI function not implemented: __itt_heap_reset_detection
74057 : 0xcf3e8c34e716 : 2 : ittapi_config_apply_per_lib :  ITTAPI function not implemented: __itt_heap_record
74057 : 0xcf3e8c3504af : 2 : ittapi_config_apply_per_lib :  ITTAPI function not implemented: __itt_id_create
74057 : 0xcf3e8c350d80 : 2 : ittapi_config_apply_per_lib :  ITTAPI function not implemented: __itt_id_destroy
74057 : 0xcf3e8c3514e5 : 2 : ittapi_config_apply_per_lib :  ITTAPI function instrumented: __itt_get_timestamp
74057 : 0xcf3e8c351cfe : 2 : ittapi_config_apply_per_lib :  ITTAPI function not implemented: __itt_region_begin
74057 : 0xcf3e8c35245a : 2 : ittapi_config_apply_per_lib :  ITTAPI function not implemented: __itt_region_end
74057 : 0xcf3e8c352b7a : 2 : ittapi_config_apply_per_lib :  ITTAPI function instrumented: __itt_frame_begin_v3
74057 : 0xcf3e8c3532bf : 2 : ittapi_config_apply_per_lib :  ITTAPI function instrumented: __itt_frame_end_v3
74057 : 0xcf3e8c353a20 : 2 : ittapi_config_apply_per_lib :  ITTAPI function instrumented: __itt_frame_submit_v3
74057 : 0xcf3e8c354232 : 2 : ittapi_config_apply_per_lib :  ITTAPI function not implemented: __itt_task_group
74057 : 0xcf3e8c354944 : 2 : ittapi_config_apply_per_lib :  ITTAPI function instrumented: __itt_task_begin
74057 : 0xcf3e8c35642e : 2 : ittapi_config_apply_per_lib :  ITTAPI function instrumented: __itt_task_begin_fn
74057 : 0xcf3e8c356b85 : 2 : ittapi_config_apply_per_lib :  ITTAPI function instrumented: __itt_task_end
74057 : 0xcf3e8c3573e2 : 2 : ittapi_config_apply_per_lib :  ITTAPI function not implemented: __itt_counter_inc_v3
74057 : 0xcf3e8c357c38 : 2 : ittapi_config_apply_per_lib :  ITTAPI function not implemented: __itt_counter_inc_delta_v3
74057 : 0xcf3e8c3583e3 : 2 : ittapi_config_apply_per_lib :  ITTAPI function not implemented: __itt_counter_dec_v3
74057 : 0xcf3e8c358b0f : 2 : ittapi_config_apply_per_lib :  ITTAPI function not implemented: __itt_counter_dec_delta_v3
74057 : 0xcf3e8c359373 : 2 : ittapi_config_apply_per_lib :  ITTAPI function not implemented: __itt_marker
74057 : 0xcf3e8c359b73 : 2 : ittapi_config_apply_per_lib :  ITTAPI function instrumented: __itt_metadata_add
74057 : 0xcf3e8c35a3fb : 2 : ittapi_config_apply_per_lib :  ITTAPI function not implemented: __itt_metadata_str_add
74057 : 0xcf3e8c35abde : 2 : ittapi_config_apply_per_lib :  ITTAPI function not implemented: __itt_relation_add_to_current
74057 : 0xcf3e8c35c7e7 : 2 : ittapi_config_apply_per_lib :  ITTAPI function not implemented: __itt_relation_add
74057 : 0xcf3e8c35ced8 : 2 : ittapi_config_apply_per_lib :  ITTAPI function instrumented: __itt_event_create
74057 : 0xcf3e8c35d62b : 2 : ittapi_config_apply_per_lib :  ITTAPI function instrumented: __itt_event_start
74057 : 0xcf3e8c35dd98 : 2 : ittapi_config_apply_per_lib :  ITTAPI function instrumented: __itt_event_end
74057 : 0xcf3e8c35e259 : 2 : ittapi_config_apply_per_lib :  ITTAPI function NOT instrumented (not matched by --itt-config option): __itt_sync_set_name

74057 : 0xcf3e8c35e7a6 : 2 : ittapi_config_apply_per_lib :  ITTAPI function NOT instrumented (not matched by --itt-config option): __itt_notify_sync_name

74057 : 0xcf3e8c35ec3d : 2 : ittapi_config_apply_per_lib :  ITTAPI function NOT instrumented (not matched by --itt-config option): __itt_notify_sync_prepare

74057 : 0xcf3e8c35f093 : 2 : ittapi_config_apply_per_lib :  ITTAPI function NOT instrumented (not matched by --itt-config option): __itt_notify_sync_cancel

74057 : 0xcf3e8c35f4e5 : 2 : ittapi_config_apply_per_lib :  ITTAPI function NOT instrumented (not matched by --itt-config option): __itt_notify_sync_acquired

74057 : 0xcf3e8c35f8e4 : 2 : ittapi_config_apply_per_lib :  ITTAPI function NOT instrumented (not matched by --itt-config option): __itt_notify_sync_releasing

74057 : 0xcf3e8c36200a : 2 : ittapi_config_apply_per_lib :  ITTAPI function not implemented: __itt_memory_read
74057 : 0xcf3e8c362897 : 2 : ittapi_config_apply_per_lib :  ITTAPI function not implemented: __itt_memory_write
74057 : 0xcf3e8c36308f : 2 : ittapi_config_apply_per_lib :  ITTAPI function not implemented: __itt_memory_update
74057 : 0xcf3e8c3638a2 : 2 : ittapi_config_apply_per_lib :  ITTAPI function not implemented: __itt_state_get
74057 : 0xcf3e8c364061 : 2 : ittapi_config_apply_per_lib :  ITTAPI function not implemented: __itt_state_set
74057 : 0xcf3e8c364844 : 2 : ittapi_config_apply_per_lib :  ITTAPI function not implemented: __itt_obj_mode_set
74057 : 0xcf3e8c365052 : 2 : ittapi_config_apply_per_lib :  ITTAPI function not implemented: __itt_thr_mode_set
74057 : 0xcf3e8c365738 : 2 : ittapi_config_apply_per_lib :  ITTAPI function instrumented: __itt_frame_create
74057 : 0xcf3e8c365e33 : 2 : ittapi_config_apply_per_lib :  ITTAPI function instrumented: __itt_pt_region_create
74057 : 0xcf3e8c36662e : 2 : ittapi_config_apply_per_lib :  ITTAPI function instrumented: __itt_frame_begin
74057 : 0xcf3e8c368094 : 2 : ittapi_config_apply_per_lib :  ITTAPI function instrumented: __itt_frame_end
74057 : 0xcf3e8c36898d : 2 : ittapi_config_apply_per_lib :  ITTAPI function not implemented: __itt_counter_destroy
74057 : 0xcf3e8c369149 : 2 : ittapi_config_apply_per_lib :  ITTAPI function instrumented: __itt_counter_inc
74057 : 0xcf3e8c369859 : 2 : ittapi_config_apply_per_lib :  ITTAPI function instrumented: __itt_counter_inc_delta
74057 : 0xcf3e8c369eaf : 2 : ittapi_config_apply_per_lib :  ITTAPI function instrumented: __itt_counter_dec
74057 : 0xcf3e8c36a5b9 : 2 : ittapi_config_apply_per_lib :  ITTAPI function instrumented: __itt_counter_dec_delta
74057 : 0xcf3e8c36ac78 : 2 : ittapi_config_apply_per_lib :  ITTAPI function instrumented: __itt_counter_set_value
74057 : 0xcf3e8c36b490 : 2 : ittapi_config_apply_per_lib :  ITTAPI function not implemented: __itt_counter_set_value_ex
74057 : 0xcf3e8c36bc2c : 2 : ittapi_config_apply_per_lib :  ITTAPI function not implemented: __itt_mark_create
74057 : 0xcf3e8c36c436 : 2 : ittapi_config_apply_per_lib :  ITTAPI function not implemented: __itt_mark
74057 : 0xcf3e8c36df63 : 2 : ittapi_config_apply_per_lib :  ITTAPI function not implemented: __itt_mark_off
74057 : 0xcf3e8c36e77c : 2 : ittapi_config_apply_per_lib :  ITTAPI function not implemented: __itt_mark_global
74057 : 0xcf3e8c36ef23 : 2 : ittapi_config_apply_per_lib :  ITTAPI function not implemented: __itt_mark_global_off
74057 : 0xcf3e8c36f79f : 2 : ittapi_config_apply_per_lib :  ITTAPI function instrumented: __itt_stack_caller_create
74057 : 0xcf3e8c36fed3 : 2 : ittapi_config_apply_per_lib :  ITTAPI function instrumented: __itt_stack_caller_destroy
74057 : 0xcf3e8c3705bf : 2 : ittapi_config_apply_per_lib :  ITTAPI function instrumented: __itt_stack_callee_enter
74057 : 0xcf3e8c370c4d : 2 : ittapi_config_apply_per_lib :  ITTAPI function instrumented: __itt_stack_callee_leave
74057 : 0xcf3e8c3713b6 : 2 : ittapi_config_apply_per_lib :  ITTAPI function not implemented: __itt_clock_domain_create
74057 : 0xcf3e8c371bd7 : 2 : ittapi_config_apply_per_lib :  ITTAPI function not implemented: __itt_clock_domain_reset
74057 : 0xcf3e8c3723d7 : 2 : ittapi_config_apply_per_lib :  ITTAPI function not implemented: __itt_id_create_ex
74057 : 0xcf3e8c3749ec : 2 : ittapi_config_apply_per_lib :  ITTAPI function not implemented: __itt_id_destroy_ex
74057 : 0xcf3e8c3751dd : 2 : ittapi_config_apply_per_lib :  ITTAPI function not implemented: __itt_task_begin_ex
74057 : 0xcf3e8c375952 : 2 : ittapi_config_apply_per_lib :  ITTAPI function not implemented: __itt_task_begin_fn_ex
74057 : 0xcf3e8c3760a2 : 2 : ittapi_config_apply_per_lib :  ITTAPI function not implemented: __itt_task_end_ex
74057 : 0xcf3e8c3767cd : 2 : ittapi_config_apply_per_lib :  ITTAPI function instrumented: __itt_task_begin_overlapped
74057 : 0xcf3e8c376f27 : 2 : ittapi_config_apply_per_lib :  ITTAPI function not implemented: __itt_task_begin_overlapped_ex
74057 : 0xcf3e8c3776ae : 2 : ittapi_config_apply_per_lib :  ITTAPI function instrumented: __itt_task_end_overlapped
74057 : 0xcf3e8c377dc8 : 2 : ittapi_config_apply_per_lib :  ITTAPI function not implemented: __itt_task_end_overlapped_ex
74057 : 0xcf3e8c37852d : 2 : ittapi_config_apply_per_lib :  ITTAPI function not implemented: __itt_marker_ex
74057 : 0xcf3e8c378d93 : 2 : ittapi_config_apply_per_lib :  ITTAPI function not implemented: __itt_metadata_add_with_scope
74057 : 0xcf3e8c37a8c9 : 2 : ittapi_config_apply_per_lib :  ITTAPI function not implemented: __itt_metadata_str_add_with_scope
74057 : 0xcf3e8c37b0a5 : 2 : ittapi_config_apply_per_lib :  ITTAPI function not implemented: __itt_relation_add_to_current_ex
74057 : 0xcf3e8c37b886 : 2 : ittapi_config_apply_per_lib :  ITTAPI function not implemented: __itt_relation_add_ex
74057 : 0xcf3e8c37c08e : 2 : ittapi_config_apply_per_lib :  ITTAPI function not implemented: __itt_track_group_create
74057 : 0xcf3e8c37c7a4 : 2 : ittapi_config_apply_per_lib :  ITTAPI function not implemented: __itt_track_create
74057 : 0xcf3e8c37cf60 : 2 : ittapi_config_apply_per_lib :  ITTAPI function not implemented: __itt_set_track
74057 : 0xcf3e8c37d674 : 2 : ittapi_config_apply_per_lib :  ITTAPI function instrumented: __itt_api_version
74057 : 0xcf3e8c37de3a : 2 : ittapi_config_apply_per_lib :  ITTAPI function not implemented: __itt_av_save
74057 : 0xcf3e8c37e4ff : 2 : ittapi_config_apply_per_lib :  ITTAPI function instrumented: __itt_module_load
74057 : 0xcf3e8c37ecb4 : 2 : ittapi_config_apply_per_lib :  ITTAPI function not implemented: __itt_module_unload
74057 : 0xcf3e8c38047d : 2 : ittapi_config_apply_per_lib :  ITTAPI function NOT instrumented (not matched by --itt-config option): __itt_histogram_submit

74057 : 0xcf3e8c3ece93 : 2 : ittapi_config_mask_get :  --itt-config mask to be applied: 55
74057 : 0xcf3e8c3ed869 : 2 : ittapi_config_apply_per_lib :  ITTAPI function instrumented: __itt_domain_create
74057 : 0xcf3e8c3ee103 : 2 : ittapi_config_apply_per_lib :  ITTAPI function instrumented: __itt_module_load_with_sections
74057 : 0xcf3e8c3eeac4 : 2 : ittapi_config_apply_per_lib :  ITTAPI function not implemented: __itt_module_unload_with_sections
74057 : 0xcf3e8c3ef288 : 2 : ittapi_config_apply_per_lib :  ITTAPI function instrumented: __itt_string_handle_create
74057 : 0xcf3e8c3ef900 : 2 : ittapi_config_apply_per_lib :  ITTAPI function instrumented: __itt_counter_create
74057 : 0xcf3e8c3effb7 : 2 : ittapi_config_apply_per_lib :  ITTAPI function instrumented: __itt_counter_create_typed
74057 : 0xcf3e8c3f06d5 : 2 : ittapi_config_apply_per_lib :  ITTAPI function instrumented: __itt_pause
74057 : 0xcf3e8c3f0e81 : 2 : ittapi_config_apply_per_lib :  ITTAPI function instrumented: __itt_resume
74057 : 0xcf3e8c3f3197 : 2 : ittapi_config_apply_per_lib :  ITTAPI function not implemented: __itt_pause_scoped
74057 : 0xcf3e8c3f3ab5 : 2 : ittapi_config_apply_per_lib :  ITTAPI function not implemented: __itt_resume_scoped
74057 : 0xcf3e8c3f42ee : 2 : ittapi_config_apply_per_lib :  ITTAPI function instrumented: __itt_thread_set_name
74057 : 0xcf3e8c3f49ce : 2 : ittapi_config_apply_per_lib :  ITTAPI function instrumented: __itt_thread_ignore
74057 : 0xcf3e8c3f50a9 : 2 : ittapi_config_apply_per_lib :  ITTAPI function instrumented: __itt_thr_name_set
74057 : 0xcf3e8c3f57e7 : 2 : ittapi_config_apply_per_lib :  ITTAPI function instrumented: __itt_thr_ignore
74057 : 0xcf3e8c3f5ec0 : 2 : ittapi_config_apply_per_lib :  ITTAPI function instrumented: __itt_histogram_create
74057 : 0xcf3e8c3f6559 : 2 : ittapi_config_apply_per_lib :  ITTAPI function instrumented: __itt_counter_create_v3
74057 : 0xcf3e8c3f6c79 : 2 : ittapi_config_apply_per_lib :  ITTAPI function instrumented: __itt_bind_context_metadata_to_counter
74057 : 0xcf3e8c3f74b6 : 2 : ittapi_config_apply_per_lib :  ITTAPI function not implemented: __itt_enable_attach
74057 : 0xcf3e8c3f9d1a : 2 : ittapi_config_apply_per_lib :  ITTAPI function instrumented: __itt_detach
74057 : 0xcf3e8c3fa2ce : 2 : ittapi_config_apply_per_lib :  ITTAPI function NOT instrumented (not matched by --itt-config option): __itt_sync_create

74057 : 0xcf3e8c3fa835 : 2 : ittapi_config_apply_per_lib :  ITTAPI function NOT instrumented (not matched by --itt-config option): __itt_sync_rename

74057 : 0xcf3e8c3face6 : 2 : ittapi_config_apply_per_lib :  ITTAPI function NOT instrumented (not matched by --itt-config option): __itt_sync_destroy

74057 : 0xcf3e8c3fb165 : 2 : ittapi_config_apply_per_lib :  ITTAPI function NOT instrumented (not matched by --itt-config option): __itt_sync_prepare

74057 : 0xcf3e8c3fb5cb : 2 : ittapi_config_apply_per_lib :  ITTAPI function NOT instrumented (not matched by --itt-config option): __itt_sync_cancel

74057 : 0xcf3e8c3fb9e5 : 2 : ittapi_config_apply_per_lib :  ITTAPI function NOT instrumented (not matched by --itt-config option): __itt_sync_acquired

74057 : 0xcf3e8c3fbe1d : 2 : ittapi_config_apply_per_lib :  ITTAPI function NOT instrumented (not matched by --itt-config option): __itt_sync_releasing

74057 : 0xcf3e8c3fc623 : 2 : ittapi_config_apply_per_lib :  ITTAPI function not implemented: __itt_suppress_push
74057 : 0xcf3e8c3fcebc : 2 : ittapi_config_apply_per_lib :  ITTAPI function not implemented: __itt_suppress_pop
74057 : 0xcf3e8c3fea21 : 2 : ittapi_config_apply_per_lib :  ITTAPI function not implemented: __itt_suppress_mark_range
74057 : 0xcf3e8c3ff32a : 2 : ittapi_config_apply_per_lib :  ITTAPI function not implemented: __itt_suppress_clear_range
74057 : 0xcf3e8c3ff7fc : 2 : ittapi_config_apply_per_lib :  ITTAPI function NOT instrumented (not matched by --itt-config option): __itt_sync_prepare

74057 : 0xcf3e8c3ffc56 : 2 : ittapi_config_apply_per_lib :  ITTAPI function NOT instrumented (not matched by --itt-config option): __itt_sync_cancel

74057 : 0xcf3e8c400022 : 2 : ittapi_config_apply_per_lib :  ITTAPI function NOT instrumented (not matched by --itt-config option): __itt_sync_acquired

74057 : 0xcf3e8c4003f9 : 2 : ittapi_config_apply_per_lib :  ITTAPI function NOT instrumented (not matched by --itt-config option): __itt_sync_releasing

74057 : 0xcf3e8c400890 : 2 : ittapi_config_apply_per_lib :  ITTAPI function NOT instrumented (not matched by --itt-config option): __itt_model_site_begin

74057 : 0xcf3e8c400d09 : 2 : ittapi_config_apply_per_lib :  ITTAPI function NOT instrumented (not matched by --itt-config option): __itt_model_site_end

74057 : 0xcf3e8c401153 : 2 : ittapi_config_apply_per_lib :  ITTAPI function NOT instrumented (not matched by --itt-config option): __itt_model_task_begin

74057 : 0xcf3e8c401633 : 2 : ittapi_config_apply_per_lib :  ITTAPI function NOT instrumented (not matched by --itt-config option): __itt_model_task_end

74057 : 0xcf3e8c402dd1 : 2 : ittapi_config_apply_per_lib :  ITTAPI function NOT instrumented (not matched by --itt-config option): __itt_model_lock_acquire

74057 : 0xcf3e8c4033de : 2 : ittapi_config_apply_per_lib :  ITTAPI function NOT instrumented (not matched by --itt-config option): __itt_model_lock_release

74057 : 0xcf3e8c40388f : 2 : ittapi_config_apply_per_lib :  ITTAPI function NOT instrumented (not matched by --itt-config option): __itt_model_record_allocation

74057 : 0xcf3e8c403cab : 2 : ittapi_config_apply_per_lib :  ITTAPI function NOT instrumented (not matched by --itt-config option): __itt_model_record_deallocation

74057 : 0xcf3e8c40407c : 2 : ittapi_config_apply_per_lib :  ITTAPI function NOT instrumented (not matched by --itt-config option): __itt_model_induction_uses

74057 : 0xcf3e8c40443a : 2 : ittapi_config_apply_per_lib :  ITTAPI function NOT instrumented (not matched by --itt-config option): __itt_model_reduction_uses

74057 : 0xcf3e8c4047fb : 2 : ittapi_config_apply_per_lib :  ITTAPI function NOT instrumented (not matched by --itt-config option): __itt_model_observe_uses

74057 : 0xcf3e8c404b97 : 2 : ittapi_config_apply_per_lib :  ITTAPI function NOT instrumented (not matched by --itt-config option): __itt_model_clear_uses

74057 : 0xcf3e8c404f35 : 2 : ittapi_config_apply_per_lib :  ITTAPI function NOT instrumented (not matched by --itt-config option): __itt_model_site_beginA

74057 : 0xcf3e8c4052d1 : 2 : ittapi_config_apply_per_lib :  ITTAPI function NOT instrumented (not matched by --itt-config option): __itt_model_site_beginAL

74057 : 0xcf3e8c4074d3 : 2 : ittapi_config_apply_per_lib :  ITTAPI function NOT instrumented (not matched by --itt-config option): __itt_model_task_beginA

74057 : 0xcf3e8c40790f : 2 : ittapi_config_apply_per_lib :  ITTAPI function NOT instrumented (not matched by --itt-config option): __itt_model_task_beginAL

74057 : 0xcf3e8c407d04 : 2 : ittapi_config_apply_per_lib :  ITTAPI function NOT instrumented (not matched by --itt-config option): __itt_model_iteration_taskA

74057 : 0xcf3e8c4080c8 : 2 : ittapi_config_apply_per_lib :  ITTAPI function NOT instrumented (not matched by --itt-config option): __itt_model_iteration_taskAL

74057 : 0xcf3e8c408473 : 2 : ittapi_config_apply_per_lib :  ITTAPI function NOT instrumented (not matched by --itt-config option): __itt_model_site_end_2

74057 : 0xcf3e8c408813 : 2 : ittapi_config_apply_per_lib :  ITTAPI function NOT instrumented (not matched by --itt-config option): __itt_model_task_end_2

74057 : 0xcf3e8c408bf2 : 2 : ittapi_config_apply_per_lib :  ITTAPI function NOT instrumented (not matched by --itt-config option): __itt_model_lock_acquire_2

74057 : 0xcf3e8c408fba : 2 : ittapi_config_apply_per_lib :  ITTAPI function NOT instrumented (not matched by --itt-config option): __itt_model_lock_release_2

74057 : 0xcf3e8c40935b : 2 : ittapi_config_apply_per_lib :  ITTAPI function NOT instrumented (not matched by --itt-config option): __itt_model_aggregate_task

74057 : 0xcf3e8c4096f3 : 2 : ittapi_config_apply_per_lib :  ITTAPI function NOT instrumented (not matched by --itt-config option): __itt_model_disable_push

74057 : 0xcf3e8c40add9 : 2 : ittapi_config_apply_per_lib :  ITTAPI function NOT instrumented (not matched by --itt-config option): __itt_model_disable_pop

74057 : 0xcf3e8c40b514 : 2 : ittapi_config_apply_per_lib :  ITTAPI function instrumented: __itt_heap_function_create
74057 : 0xcf3e8c40bc29 : 2 : ittapi_config_apply_per_lib :  ITTAPI function instrumented: __itt_heap_allocate_begin
74057 : 0xcf3e8c40c208 : 2 : ittapi_config_apply_per_lib :  ITTAPI function instrumented: __itt_heap_allocate_end
74057 : 0xcf3e8c40c89a : 2 : ittapi_config_apply_per_lib :  ITTAPI function instrumented: __itt_heap_free_begin
74057 : 0xcf3e8c40cf04 : 2 : ittapi_config_apply_per_lib :  ITTAPI function instrumented: __itt_heap_free_end
74057 : 0xcf3e8c40d602 : 2 : ittapi_config_apply_per_lib :  ITTAPI function instrumented: __itt_heap_reallocate_begin
74057 : 0xcf3e8c40dbe7 : 2 : ittapi_config_apply_per_lib :  ITTAPI function instrumented: __itt_heap_reallocate_end
74057 : 0xcf3e8c40e392 : 2 : ittapi_config_apply_per_lib :  ITTAPI function not implemented: __itt_heap_internal_access_begin
74057 : 0xcf3e8c40eb74 : 2 : ittapi_config_apply_per_lib :  ITTAPI function not implemented: __itt_heap_internal_access_end
74057 : 0xcf3e8c4106bb : 2 : ittapi_config_apply_per_lib :  ITTAPI function not implemented: __itt_heap_record_memory_growth_begin
74057 : 0xcf3e8c410f1f : 2 : ittapi_config_apply_per_lib :  ITTAPI function not implemented: __itt_heap_record_memory_growth_end
74057 : 0xcf3e8c41173a : 2 : ittapi_config_apply_per_lib :  ITTAPI function not implemented: __itt_heap_reset_detection
74057 : 0xcf3e8c411eb5 : 2 : ittapi_config_apply_per_lib :  ITTAPI function not implemented: __itt_heap_record
74057 : 0xcf3e8c412681 : 2 : ittapi_config_apply_per_lib :  ITTAPI function not implemented: __itt_id_create
74057 : 0xcf3e8c412e40 : 2 : ittapi_config_apply_per_lib :  ITTAPI function not implemented: __itt_id_destroy
74057 : 0xcf3e8c41358d : 2 : ittapi_config_apply_per_lib :  ITTAPI function instrumented: __itt_get_timestamp
74057 : 0xcf3e8c413d3b : 2 : ittapi_config_apply_per_lib :  ITTAPI function not implemented: __itt_region_begin
74057 : 0xcf3e8c4144a5 : 2 : ittapi_config_apply_per_lib :  ITTAPI function not implemented: __itt_region_end
74057 : 0xcf3e8c414b68 : 2 : ittapi_config_apply_per_lib :  ITTAPI function instrumented: __itt_frame_begin_v3
74057 : 0xcf3e8c417225 : 2 : ittapi_config_apply_per_lib :  ITTAPI function instrumented: __itt_frame_end_v3
74057 : 0xcf3e8c4179ab : 2 : ittapi_config_apply_per_lib :  ITTAPI function instrumented: __itt_frame_submit_v3
74057 : 0xcf3e8c41816a : 2 : ittapi_config_apply_per_lib :  ITTAPI function not implemented: __itt_task_group
74057 : 0xcf3e8c41887e : 2 : ittapi_config_apply_per_lib :  ITTAPI function instrumented: __itt_task_begin
74057 : 0xcf3e8c418f80 : 2 : ittapi_config_apply_per_lib :  ITTAPI function instrumented: __itt_task_begin_fn
74057 : 0xcf3e8c419682 : 2 : ittapi_config_apply_per_lib :  ITTAPI function instrumented: __itt_task_end
74057 : 0xcf3e8c419e98 : 2 : ittapi_config_apply_per_lib :  ITTAPI function not implemented: __itt_counter_inc_v3
74057 : 0xcf3e8c41a65c : 2 : ittapi_config_apply_per_lib :  ITTAPI function not implemented: __itt_counter_inc_delta_v3
74057 : 0xcf3e8c41aeaa : 2 : ittapi_config_apply_per_lib :  ITTAPI function not implemented: __itt_counter_dec_v3
74057 : 0xcf3e8c41b5fe : 2 : ittapi_config_apply_per_lib :  ITTAPI function not implemented: __itt_counter_dec_delta_v3
74057 : 0xcf3e8c41d0bb : 2 : ittapi_config_apply_per_lib :  ITTAPI function not implemented: __itt_marker
74057 : 0xcf3e8c41d851 : 2 : ittapi_config_apply_per_lib :  ITTAPI function instrumented: __itt_metadata_add
74057 : 0xcf3e8c41e0d7 : 2 : ittapi_config_apply_per_lib :  ITTAPI function not implemented: __itt_metadata_str_add
74057 : 0xcf3e8c41e908 : 2 : ittapi_config_apply_per_lib :  ITTAPI function not implemented: __itt_relation_add_to_current
74057 : 0xcf3e8c41f149 : 2 : ittapi_config_apply_per_lib :  ITTAPI function not implemented: __itt_relation_add
74057 : 0xcf3e8c41f828 : 2 : ittapi_config_apply_per_lib :  ITTAPI function instrumented: __itt_event_create
74057 : 0xcf3e8c41ff18 : 2 : ittapi_config_apply_per_lib :  ITTAPI function instrumented: __itt_event_start
74057 : 0xcf3e8c420612 : 2 : ittapi_config_apply_per_lib :  ITTAPI function instrumented: __itt_event_end
74057 : 0xcf3e8c420aa8 : 2 : ittapi_config_apply_per_lib :  ITTAPI function NOT instrumented (not matched by --itt-config option): __itt_sync_set_name

74057 : 0xcf3e8c420f74 : 2 : ittapi_config_apply_per_lib :  ITTAPI function NOT instrumented (not matched by --itt-config option): __itt_notify_sync_name

74057 : 0xcf3e8c4226e0 : 2 : ittapi_config_apply_per_lib :  ITTAPI function NOT instrumented (not matched by --itt-config option): __itt_notify_sync_prepare

74057 : 0xcf3e8c422bd2 : 2 : ittapi_config_apply_per_lib :  ITTAPI function NOT instrumented (not matched by --itt-config option): __itt_notify_sync_cancel

74057 : 0xcf3e8c423087 : 2 : ittapi_config_apply_per_lib :  ITTAPI function NOT instrumented (not matched by --itt-config option): __itt_notify_sync_acquired

74057 : 0xcf3e8c4234a5 : 2 : ittapi_config_apply_per_lib :  ITTAPI function NOT instrumented (not matched by --itt-config option): __itt_notify_sync_releasing

74057 : 0xcf3e8c423c8d : 2 : ittapi_config_apply_per_lib :  ITTAPI function not implemented: __itt_memory_read
74057 : 0xcf3e8c4244c0 : 2 : ittapi_config_apply_per_lib :  ITTAPI function not implemented: __itt_memory_write
74057 : 0xcf3e8c424d2e : 2 : ittapi_config_apply_per_lib :  ITTAPI function not implemented: __itt_memory_update
74057 : 0xcf3e8c425567 : 2 : ittapi_config_apply_per_lib :  ITTAPI function not implemented: __itt_state_get
74057 : 0xcf3e8c425d33 : 2 : ittapi_config_apply_per_lib :  ITTAPI function not implemented: __itt_state_set
74057 : 0xcf3e8c4264a6 : 2 : ittapi_config_apply_per_lib :  ITTAPI function not implemented: __itt_obj_mode_set
74057 : 0xcf3e8c428934 : 2 : ittapi_config_apply_per_lib :  ITTAPI function not implemented: __itt_thr_mode_set
74057 : 0xcf3e8c4290ab : 2 : ittapi_config_apply_per_lib :  ITTAPI function instrumented: __itt_frame_create
74057 : 0xcf3e8c4297a7 : 2 : ittapi_config_apply_per_lib :  ITTAPI function instrumented: __itt_pt_region_create
74057 : 0xcf3e8c429f42 : 2 : ittapi_config_apply_per_lib :  ITTAPI function instrumented: __itt_frame_begin
74057 : 0xcf3e8c42a685 : 2 : ittapi_config_apply_per_lib :  ITTAPI function instrumented: __itt_frame_end
74057 : 0xcf3e8c42ae9a : 2 : ittapi_config_apply_per_lib :  ITTAPI function not implemented: __itt_counter_destroy
74057 : 0xcf3e8c42b597 : 2 : ittapi_config_apply_per_lib :  ITTAPI function instrumented: __itt_counter_inc
74057 : 0xcf3e8c42bc2e : 2 : ittapi_config_apply_per_lib :  ITTAPI function instrumented: __itt_counter_inc_delta
74057 : 0xcf3e8c42c2b0 : 2 : ittapi_config_apply_per_lib :  ITTAPI function instrumented: __itt_counter_dec
74057 : 0xcf3e8c42c945 : 2 : ittapi_config_apply_per_lib :  ITTAPI function instrumented: __itt_counter_dec_delta
74057 : 0xcf3e8c42e327 : 2 : ittapi_config_apply_per_lib :  ITTAPI function instrumented: __itt_counter_set_value
74057 : 0xcf3e8c42eb99 : 2 : ittapi_config_apply_per_lib :  ITTAPI function not implemented: __itt_counter_set_value_ex
74057 : 0xcf3e8c42f33f : 2 : ittapi_config_apply_per_lib :  ITTAPI function not implemented: __itt_mark_create
74057 : 0xcf3e8c42faf8 : 2 : ittapi_config_apply_per_lib :  ITTAPI function not implemented: __itt_mark
74057 : 0xcf3e8c4302e7 : 2 : ittapi_config_apply_per_lib :  ITTAPI function not implemented: __itt_mark_off
74057 : 0xcf3e8c430aa3 : 2 : ittapi_config_apply_per_lib :  ITTAPI function not implemented: __itt_mark_global
74057 : 0xcf3e8c43127d : 2 : ittapi_config_apply_per_lib :  ITTAPI function not implemented: __itt_mark_global_off
74057 : 0xcf3e8c431a3e : 2 : ittapi_config_apply_per_lib :  ITTAPI function instrumented: __itt_stack_caller_create
74057 : 0xcf3e8c43212e : 2 : ittapi_config_apply_per_lib :  ITTAPI function instrumented: __itt_stack_caller_destroy
74057 : 0xcf3e8c432772 : 2 : ittapi_config_apply_per_lib :  ITTAPI function instrumented: __itt_stack_callee_enter
74057 : 0xcf3e8c43411c : 2 : ittapi_config_apply_per_lib :  ITTAPI function instrumented: __itt_stack_callee_leave
74057 : 0xcf3e8c4348f2 : 2 : ittapi_config_apply_per_lib :  ITTAPI function not implemented: __itt_clock_domain_create
74057 : 0xcf3e8c4350f4 : 2 : ittapi_config_apply_per_lib :  ITTAPI function not implemented: __itt_clock_domain_reset
74057 : 0xcf3e8c4358b4 : 2 : ittapi_config_apply_per_lib :  ITTAPI function not implemented: __itt_id_create_ex
74057 : 0xcf3e8c43605e : 2 : ittapi_config_apply_per_lib :  ITTAPI function not implemented: __itt_id_destroy_ex
74057 : 0xcf3e8c4367d1 : 2 : ittapi_config_apply_per_lib :  ITTAPI function not implemented: __itt_task_begin_ex
74057 : 0xcf3e8c436ee9 : 2 : ittapi_config_apply_per_lib :  ITTAPI function not implemented: __itt_task_begin_fn_ex
74057 : 0xcf3e8c437637 : 2 : ittapi_config_apply_per_lib :  ITTAPI function not implemented: __itt_task_end_ex
74057 : 0xcf3e8c437d7a : 2 : ittapi_config_apply_per_lib :  ITTAPI function instrumented: __itt_task_begin_overlapped
74057 : 0xcf3e8c4384ce : 2 : ittapi_config_apply_per_lib :  ITTAPI function not implemented: __itt_task_begin_overlapped_ex
74057 : 0xcf3e8c439f0a : 2 : ittapi_config_apply_per_lib :  ITTAPI function instrumented: __itt_task_end_overlapped
74057 : 0xcf3e8c43a6f6 : 2 : ittapi_config_apply_per_lib :  ITTAPI function not implemented: __itt_task_end_overlapped_ex
74057 : 0xcf3e8c43aea8 : 2 : ittapi_config_apply_per_lib :  ITTAPI function not implemented: __itt_marker_ex
74057 : 0xcf3e8c43b71c : 2 : ittapi_config_apply_per_lib :  ITTAPI function not implemented: __itt_metadata_add_with_scope
74057 : 0xcf3e8c43bea3 : 2 : ittapi_config_apply_per_lib :  ITTAPI function not implemented: __itt_metadata_str_add_with_scope
74057 : 0xcf3e8c43c657 : 2 : ittapi_config_apply_per_lib :  ITTAPI function not implemented: __itt_relation_add_to_current_ex
74057 : 0xcf3e8c43cda1 : 2 : ittapi_config_apply_per_lib :  ITTAPI function not implemented: __itt_relation_add_ex
74057 : 0xcf3e8c43d50e : 2 : ittapi_config_apply_per_lib :  ITTAPI function not implemented: __itt_track_group_create
74057 : 0xcf3e8c43dbdb : 2 : ittapi_config_apply_per_lib :  ITTAPI function not implemented: __itt_track_create
74057 : 0xcf3e8c43e326 : 2 : ittapi_config_apply_per_lib :  ITTAPI function not implemented: __itt_set_track
74057 : 0xcf3e8c440a3a : 2 : ittapi_config_apply_per_lib :  ITTAPI function instrumented: __itt_api_version
74057 : 0xcf3e8c441261 : 2 : ittapi_config_apply_per_lib :  ITTAPI function not implemented: __itt_av_save
74057 : 0xcf3e8c441968 : 2 : ittapi_config_apply_per_lib :  ITTAPI function instrumented: __itt_module_load
74057 : 0xcf3e8c4420e3 : 2 : ittapi_config_apply_per_lib :  ITTAPI function not implemented: __itt_module_unload
74057 : 0xcf3e8c442574 : 2 : ittapi_config_apply_per_lib :  ITTAPI function NOT instrumented (not matched by --itt-config option): __itt_histogram_submit

74057 : 0xcf3e8c442c6a : 2 : ittapi_config_apply_per_lib :  ITTAPI function instrumented: __itt_counter_set_value_v3