0 [4089411328] INFO perfrun.launcher <> - Launcher main begin
0 [4089411328] INFO perfrun.launcher <> - MessageCatalogInit finished
0 [4089411328] INFO perfrun.launcher <> - Launcher instance created
0 [4089411328] INFO perfrun.launcher <> - argc = 6; cmdline = /opt/intel/oneapi/vtune/2024.1/bin32/amplxe-runss -dump-vdso -r /home/jagtym/Programming/ProgRowProj1/vtune/th_k3 --tmp-dir /tmp/amplxe-tmp-jagtym 
11 [4089411328] INFO perfrun.launcher <> - create msngr2::ICliToolContext
11 [4089411328] INFO perfrun.launcher <> - create file finder object
19 [4088879808] INFO perfrun.launcher <> - plugin [remoteplug] was disabled because it doesn't support the given collection type.
19 [4088879808] INFO perfrun.launcher <> - plugin [] was disabled because it doesn't support the given collection type.
19 [4088879808] INFO perfrun.vdso <> - dumping [vdso] pseudomodule
20 [4088879808] INFO perfrun.launcher <> - plugin [] was disabled because it doesn't support the given collection type.
20 [4088879808] INFO perfrun.launcher <> - plugin [] was disabled because it doesn't support the given collection type.
20 [4088879808] INFO perfrun.launcher <> - plugin [] was disabled because it doesn't support the given collection type.
20 [4088879808] INFO perfrun.launcher <> - plugin [] was disabled because it doesn't support the given collection type.
20 [4088879808] INFO perfrun.launcher <> - plugin [] was disabled because it doesn't support the given collection type.
20 [4088879808] INFO perfrun.launcher <> - plugin [] was disabled because it doesn't support the given collection type.
20 [4088879808] INFO perfrun.launcher <> - plugin [] was disabled because it doesn't support the given collection type.
20 [4088879808] INFO perfrun.launcher <> - plugin [] was disabled because it doesn't support the given collection type.
20 [4088879808] INFO perfrun.launcher <> - plugin [] was disabled because it doesn't support the given collection type.
20 [4088879808] INFO perfrun.launcher <> - plugin [] was disabled because it doesn't support the given collection type.
20 [4088879808] INFO perfrun.launcher <> - plugin [] was disabled because it doesn't support the given collection type.
20 [4088879808] INFO perfrun.launcher <> - plugin [] was disabled because it doesn't support the given collection type.
20 [4088879808] INFO perfrun.launcher <> - plugin [] was disabled because it doesn't support the given collection type.
20 [4088879808] INFO perfrun.launcher <> - plugin [] was disabled because it doesn't support the given collection type.
20 [4088879808] INFO perfrun.launcher <> - plugin [] was disabled because it doesn't support the given collection type.
20 [4088879808] INFO perfrun.launcher <> - plugin [] was disabled because it doesn't support the given collection type.
20 [4088879808] INFO perfrun.launcher <> - plugin [] was disabled because it doesn't support the given collection type.
20 [4088879808] INFO perfrun.launcher <> - plugin [] was disabled because it doesn't support the given collection type.
20 [4088879808] INFO perfrun.launcher <> - plugin [] was disabled because it doesn't support the given collection type.
20 [4088879808] INFO perfrun.launcher <> - plugin [] was disabled because it doesn't support the given collection type.
20 [4088879808] INFO perfrun.launcher <> - plugin [] was disabled because it doesn't support the given collection type.
20 [4088879808] INFO perfrun.launcher <> - plugin [] was disabled because it doesn't support the given collection type.
20 [4088879808] INFO perfrun.launcher <> - plugin [] was disabled because it doesn't support the given collection type.
20 [4088879808] INFO perfrun.launcher <> - plugin [] was disabled because it doesn't support the given collection type.
20 [4089411328] INFO perfrun.launcher <> - Application exit code: 0
20 [4089411328] INFO perfrun.launcher <> - Exit code: 0
