0 [138895937840960] INFO perfrun.launcher <> - Launcher main begin
1 [138895937840960] INFO perfrun.launcher <> - MessageCatalogInit finished
1 [138895937840960] INFO perfrun.launcher <> - Launcher instance created
1 [138895937840960] INFO perfrun.launcher <> - argc = 7; cmdline = /opt/intel/oneapi/vtune/2024.1/bin64/amplxe-runss --ui-output-format xml --ui-output-fd 5 --option-file /home/jagtym/Programming/ProgRowProj1/vtune/hs_k4a/config/runss.options 
18 [138895937840960] INFO perfrun.launcher <> - create msngr2::ICliToolContext
19 [138895937840960] INFO perfrun.launcher <> - create file finder object
19 [138895937840960] INFO perfrun.launcher <> - create a result directory: pattern = /home/jagtym/Programming/ProgRowProj1/vtune/hs_k4a pid = 4294967295
19 [138895937840960] INFO perfrun.sdk <> - checked that the directory /home/jagtym/Programming/ProgRowProj1/vtune/hs_k4a is a local directory
19 [138895937840960] INFO perfrun.sdk <> - the directory /home/jagtym/Programming/ProgRowProj1/vtune/hs_k4a is a local directory with FS type ID 61267
19 [138895937840960] INFO perfrun.launcher <> - create data directory = /home/jagtym/Programming/ProgRowProj1/vtune/hs_k4a/data.0
19 [138895937840960] INFO perfrun.launcher <> - Creating the master collection flag
21 [138895937840960] INFO perfrun.launcher <> - Done creating the master collection flag
21 [138895712847424] INFO perfrun.launcher <> - plugin [remoteplug] was disabled because it doesn't support the given collection type.
21 [138895712847424] INFO perfrun.sdk <> - Allocating TMU :/home/jagtym/Programming/ProgRowProj1/vtune/hs_k4a/data.0/systemcollector-92439-pop-os.sc
21 [138895712847424] INFO perfrun.system <> - Tpss based collection
22 [138895712847424] INFO perfrun.launcher <> - plugin [ptracecollector] was disabled because it doesn't support the given collection type.
22 [138895712847424] INFO perfrun.launcher <> - plugin [gpu] was disabled because it doesn't support the given collection type.
22 [138895712847424] INFO perfrun.launcher <> - plugin [] was disabled because it doesn't support the given collection type.
22 [138895712847424] INFO perfrun.launcher <> - plugin [] was disabled because it doesn't support the given collection type.
22 [138895712847424] INFO perfrun.launcher <> - plugin [] was disabled because it doesn't support the given collection type.
22 [138895712847424] INFO perfrun.mrte <> - system-wide mode is 0
22 [138895712847424] INFO perfrun.mrte <> - Getting  mrte profiling environment ...
25 [138895712847424] INFO perfrun.mrte <> - INTEL_MRTE_DATA_DIR=/home/jagtym/Programming/ProgRowProj1/vtune/hs_k4a/data.0
25 [138895712847424] INFO perfrun.mrte <> - INTEL_MRTE_HOST_NAME=pop-os
25 [138895712847424] INFO perfrun.mrte <> - JAVA_TOOL_OPTIONS=-agentlib:amplxe_tpssmrte_javaprof_1.0 -Dsun.boot.library.path=/opt/intel/oneapi/vtune/2024.1/lib32/runtime:/opt/intel/oneapi/vtune/2024.1/lib64/runtime
25 [138895712847424] INFO perfrun.mrte <> - LD_LIBRARY_PATH=/opt/intel/oneapi/vtune/2024.1/lib32/runtime:/opt/intel/oneapi/vtune/2024.1/lib64/runtime:/opt/intel/oneapi/tbb/2021.12/env/../lib/intel64/gcc4.8:/opt/intel/oneapi/mpi/2021.12/opt/mpi/libfabric/lib:/opt/intel/oneapi/mpi/2021.12/lib:/opt/intel/oneapi/dpl/2022.5/lib:/opt/intel/oneapi/debugger/2024.1/opt/debugger/lib:/opt/intel/oneapi/compiler/2024.1/opt/oclfpga/host/linux64/lib:/opt/intel/oneapi/compiler/2024.1/opt/compiler/lib:/opt/intel/oneapi/compiler/2024.1/lib
25 [138895712847424] INFO perfrun.mrte <> - CORECLR_ENABLE_PROFILING=1
25 [138895712847424] INFO perfrun.mrte <> - CORECLR_PROFILER={AA5E4821-E3B1-479c-B7FF-5AD047D22CED}
25 [138895712847424] INFO perfrun.mrte <> - CORECLR_PROFILER_PATH=/opt/intel/oneapi/vtune/2024.1/lib64/libamplxe_samplingmrte_clrprof_1.0.so
25 [138895712847424] INFO perfrun.mrte <> - INTEL_MRTE_PROFILER_MODE=mixed
25 [138895712847424] INFO perfrun.mrte <> - Data directory: /home/jagtym/Programming/ProgRowProj1/vtune/hs_k4a/data.0
25 [138895712847424] INFO perfrun.mrte <> - Mrte plugin is initialized
25 [138895712847424] INFO perfrun.sdk <> - runCmd: /opt/intel/oneapi/vtune/2024.1/bin64/emon -v
25 [138895712847424] INFO perfrun.sdk <> - runCmd started PID 92443
138 [138895712847424] INFO perfrun.emon <> - Extracted TSC Frequency = 3.4944e+09 from emon -v
138 [138895712847424] INFO perfrun.metrics <> - PMU type is alderlake
138 [138895712847424] INFO perfrun.launcher <> - plugin [cuscol] was disabled because it doesn't support the given collection type.
138 [138895712847424] INFO perfrun.launcher <> - plugin [stdsrc] was disabled because it doesn't support the given collection type.
138 [138895712847424] INFO perfrun.launcher <> - plugin [sep] was disabled because it doesn't support the given collection type.
138 [138895712847424] INFO perfrun.launcher <> - plugin [vtsspp] was disabled because it doesn't support the given collection type.
138 [138895712847424] INFO perfrun.launcher <> - plugin [perf] was disabled because it doesn't support the given collection type.
138 [138895712847424] INFO perfrun.launcher <> - plugin [aoclprofile] was disabled because it doesn't support the given collection type.
138 [138895712847424] INFO perfrun.tpss <> - initialize tpss controller
138 [138895712847424] INFO perfrun.tpss <> - configure collection mode: value = cpu:counters:nostack
138 [138895712847424] INFO perfrun.tpss <> - configure collection mode: value = cpu:stack
139 [138895712847424] INFO perfrun.tpss <> - default obj-size-min=1024
139 [138895712847424] INFO perfrun.tpss <> - default hash-table-size=0
139 [138895712847424] INFO perfrun.launcher <> - plugin [media] was disabled because it doesn't support the given collection type.
139 [138895712847424] INFO perfrun.launcher <> - plugin [] was disabled because it doesn't support the given collection type.
139 [138895712847424] INFO perfrun.launcher <> - plugin [] was disabled because it doesn't support the given collection type.
139 [138895712847424] INFO perfrun.launcher <> - plugin [parallelfs] was disabled because it doesn't support the given collection type.
139 [138895712847424] INFO perfrun.launcher <> - plugin [power] was disabled because it doesn't support the given collection type.
139 [138895712847424] INFO perfrun.launcher <> - plugin [] was disabled because it doesn't support the given collection type.
139 [138895712847424] INFO perfrun.launcher <> - plugin [ipmwatch] was disabled because it doesn't support the given collection type.
139 [138895712847424] INFO perfrun.launcher <> - plugin [os_counters] was disabled because it doesn't support the given collection type.
139 [138895712847424] INFO perfrun.launcher <> - plugin [l0_metrics] was disabled because it doesn't support the given collection type.
139 [138895937840960] INFO perfrun.launcher <> - set environment variable: LD_LIBRARY_PATH = /opt/intel/oneapi/vtune/2024.1/lib32/runtime:/opt/intel/oneapi/vtune/2024.1/lib64/runtime:/opt/intel/oneapi/tbb/2021.12/env/../lib/intel64/gcc4.8:/opt/intel/oneapi/mpi/2021.12/opt/mpi/libfabric/lib:/opt/intel/oneapi/mpi/2021.12/lib:/opt/intel/oneapi/dpl/2022.5/lib:/opt/intel/oneapi/debugger/2024.1/opt/debugger/lib:/opt/intel/oneapi/compiler/2024.1/opt/oclfpga/host/linux64/lib:/opt/intel/oneapi/compiler/2024.1/opt/compiler/lib:/opt/intel/oneapi/compiler/2024.1/lib
139 [138895937840960] INFO perfrun.launcher <> - set environment variable: INTEL_LIBITTNOTIFY32 = /opt/intel/oneapi/vtune/2024.1/lib32/runtime/libittnotify_collector.so
139 [138895937840960] INFO perfrun.launcher <> - set environment variable: INTEL_LIBITTNOTIFY64 = /opt/intel/oneapi/vtune/2024.1/lib64/runtime/libittnotify_collector.so
139 [138895937840960] INFO perfrun.launcher <> - set environment variable: INTEL_ITTNOTIFY_GROUPS = 
139 [138895937840960] INFO perfrun.launcher <> - set environment variable: INTEL_JIT_PROFILER32 = /opt/intel/oneapi/vtune/2024.1/lib32/runtime/libittnotify_collector.so
139 [138895937840960] INFO perfrun.launcher <> - set environment variable: INTEL_JIT_PROFILER64 = /opt/intel/oneapi/vtune/2024.1/lib64/runtime/libittnotify_collector.so
139 [138895937840960] INFO perfrun.launcher <> - set environment variable: ENABLE_JITPROFILING = 1
139 [138895937840960] INFO perfrun.launcher <> - set environment variable: CL_CONFIG_USE_VTUNE = True
139 [138895937840960] INFO perfrun.launcher <> - set environment variable: KMP_FORKJOIN_FRAMES = 0
139 [138895937840960] INFO perfrun.launcher <> - set environment variable: KMP_FORKJOIN_FRAMES_MODE = 0
139 [138895937840960] INFO perfrun.launcher <> - set environment variable: INTEL_MRTE_DATA_DIR = /home/jagtym/Programming/ProgRowProj1/vtune/hs_k4a/data.0
139 [138895937840960] INFO perfrun.launcher <> - set environment variable: INTEL_MRTE_HOST_NAME = pop-os
139 [138895937840960] INFO perfrun.launcher <> - set environment variable: JAVA_TOOL_OPTIONS = -agentlib:amplxe_tpssmrte_javaprof_1.0 -Dsun.boot.library.path=/opt/intel/oneapi/vtune/2024.1/lib32/runtime:/opt/intel/oneapi/vtune/2024.1/lib64/runtime
139 [138895937840960] INFO perfrun.launcher <> - set environment variable: LD_LIBRARY_PATH = /opt/intel/oneapi/vtune/2024.1/lib32/runtime:/opt/intel/oneapi/vtune/2024.1/lib64/runtime:/opt/intel/oneapi/tbb/2021.12/env/../lib/intel64/gcc4.8:/opt/intel/oneapi/mpi/2021.12/opt/mpi/libfabric/lib:/opt/intel/oneapi/mpi/2021.12/lib:/opt/intel/oneapi/dpl/2022.5/lib:/opt/intel/oneapi/debugger/2024.1/opt/debugger/lib:/opt/intel/oneapi/compiler/2024.1/opt/oclfpga/host/linux64/lib:/opt/intel/oneapi/compiler/2024.1/opt/compiler/lib:/opt/intel/oneapi/compiler/2024.1/lib
139 [138895937840960] INFO perfrun.launcher <> - set environment variable: CORECLR_ENABLE_PROFILING = 1
139 [138895937840960] INFO perfrun.launcher <> - set environment variable: CORECLR_PROFILER = {AA5E4821-E3B1-479c-B7FF-5AD047D22CED}
139 [138895937840960] INFO perfrun.launcher <> - set environment variable: CORECLR_PROFILER_PATH = /opt/intel/oneapi/vtune/2024.1/lib64/libamplxe_samplingmrte_clrprof_1.0.so
139 [138895937840960] INFO perfrun.launcher <> - set environment variable: INTEL_MRTE_PROFILER_MODE = mixed
139 [138895937840960] INFO perfrun.launcher <> - RpcServer: run RPC server to handle requests
139 [138895937840960] INFO perfrun.launcher <> - Launcher: command line to start before modification = build/k4a
139 [138895937840960] INFO perfrun.launcher <> - Launcher: command line to start after modification = /opt/intel/oneapi/vtune/2024.1/bin64/pin -error_file /home/jagtym/Programming/ProgRowProj1/vtune/hs_k4a/data.0/pinerr.tpsslog -detach_reattach -follow_execv -tool_load_option deepbind -t64 /opt/intel/oneapi/vtune/2024.1/lib64/libtpsstool.so -t /opt/intel/oneapi/vtune/2024.1/lib32/libtpsstool.so -server_name tpss_ipc.92439 -prd_dir /opt/intel/oneapi/vtune/2024.1 -- build/k4a
139 [138895937840960] INFO perfrun.launcher <> - ProcessCreator object was created
140 [138895937840960] INFO perfrun.launcher <> - Launcher: the process was started in suspend mode
141 [138895712847424] WARN perfrun.system <> - File "/var/run/libvirt/qemu/driver.xml" doesn't exist, at file: vcs/perfrun1/plugins/system/src/trace_writer.cpp:892
142 [138895712847424] WARN perfrun.sdk <> - Failed to find xl binary on any of the system paths: /bin, /sbin, /usr/bin, /usr/sbin., at file: vcs/perfrun1/sdk/src/utils.cpp:204
142 [138895712847424] WARN perfrun.system <> - Could not start ContainerMapping collector, at file: vcs/perfrun1/plugins/system/src/controller.cpp:448
166 [138895712847424] INFO perfrun.vdso <> - Helper runtool '/opt/intel/oneapi/vtune/2024.1/bin32/amplxe-runss -dump-vdso -r /home/jagtym/Programming/ProgRowProj1/vtune/hs_k4a --tmp-dir /tmp/amplxe-tmp-root' returned 0
193 [138895712847424] INFO perfrun.vdso <> - Helper runtool '/opt/intel/oneapi/vtune/2024.1/bin64/amplxe-runss -dump-vdso -r /home/jagtym/Programming/ProgRowProj1/vtune/hs_k4a --tmp-dir /tmp/amplxe-tmp-root' returned 0
193 [138895712847424] INFO perfrun.itt <> - start itt controller for pid #92446
193 [138895712847424] INFO perfrun.sdk <> - runCmd: /opt/intel/oneapi/vtune/2024.1/bin64/emon -M
194 [138895712847424] INFO perfrun.sdk <> - runCmd started PID 92453
302 [138895712847424] INFO perfrun.sdk <> - runCmd: /opt/intel/oneapi/vtune/2024.1/bin64/emon -v
303 [138895712847424] INFO perfrun.sdk <> - runCmd started PID 92454
415 [138895712847424] INFO perfrun.sdk <> - runCmd: /opt/intel/oneapi/vtune/2024.1/bin64/sep -dry-run -ec CPU_CLK_UNHALTED.THREAD:sa=3500000,CPU_CLK_UNHALTED.REF_TSC:sample:sa=3500000,INST_RETIRED.ANY:sample:sa=3500000,CPU_CLK_UNHALTED.DISTRIBUTED:sa=3500000,FP_ARITH_INST_RETIRED.SCALAR_SINGLE:sa=2000003,FP_ARITH_INST_RETIRED.128B_PACKED_SINGLE:sa=2000003,FP_ARITH_INST_RETIRED.256B_PACKED_SINGLE:sa=2000003,FP_ARITH_INST_RETIRED.SCALAR_DOUBLE:sa=2000003,FP_ARITH_INST_RETIRED.128B_PACKED_DOUBLE:sa=2000003,FP_ARITH_INST_RETIRED.256B_PACKED_DOUBLE:sa=2000003,UOPS_EXECUTED.X87:sa=2000003,UOPS_RETIRED.SLOTS:sa=2000003,UOPS_EXECUTED.THREAD:sa=2000003,TOPDOWN.SLOTS:perf_metrics:sample:sa=2000003,TOPDOWN_RETIRING.ALL:sample:sa=2000003 -experimental
415 [138895712847424] INFO perfrun.sdk <> - runCmd started PID 92456
523 [138895712847424] INFO perfrun.emon <> - Spawned collector thread
523 [138895605892672] INFO perfrun.sdk <> - runCmd: /opt/intel/oneapi/vtune/2024.1/bin64/emon -u -t 0.050 -l0 -C CPU_CLK_UNHALTED.DISTRIBUTED,CPU_CLK_UNHALTED.REF_TSC,CPU_CLK_UNHALTED.THREAD,FP_ARITH_INST_RETIRED.128B_PACKED_DOUBLE,FP_ARITH_INST_RETIRED.128B_PACKED_SINGLE,FP_ARITH_INST_RETIRED.256B_PACKED_DOUBLE,FP_ARITH_INST_RETIRED.256B_PACKED_SINGLE,FP_ARITH_INST_RETIRED.SCALAR_DOUBLE,FP_ARITH_INST_RETIRED.SCALAR_SINGLE,INST_RETIRED.ANY,TOPDOWN.SLOTS:perf_metrics,TOPDOWN_RETIRING.ALL,UOPS_EXECUTED.THREAD,UOPS_EXECUTED.X87,UOPS_RETIRED.SLOTS -experimental
524 [138895605892672] INFO perfrun.sdk <> - runCmd started PID 92458
786 [138895712847424] INFO perfrun.tpss <> - start tpss controller for pid #92446
837 [138895937840960] INFO perfrun.launcher <> - Launcher: all plugins were started
837 [138895937840960] INFO perfrun.launcher <> - DirectoryMonitor object was created
837 [138895937840960] INFO perfrun.launcher <> - DirectoryMonitor: a callback was added
837 [138895937840960] INFO perfrun.launcher <> - DirectoryMonitor was started with pingTime = 1000
837 [138895937840960] INFO perfrun.launcher <> - DeadlineTimer is going to be constructed
838 [138895937840960] INFO perfrun.launcher <> - DeadlineTimer: a callback was added
849 [138895937840960] INFO perfrun.launcher <> - Launcher: resume the profiled application and  wait its termination or stop command
1177 [138895937840960] INFO perfrun.launcher <> - Launcher: the profiled application was terminated  with exit code = 0
1180 [138895712847424] INFO perfrun.itt <> - detach itt controller
1180 [138895712847424] INFO perfrun.itt <> - detach itt controller done
1180 [138895712847424] INFO perfrun.sdk <> - runCmd: /opt/intel/oneapi/vtune/2024.1/bin64/emon -stop
1181 [138895712847424] INFO perfrun.sdk <> - runCmd started PID 92492
1295 [138895605892672] WARN perfrun.emon_output <> - TimeKeeper: the time is being asked while the time keeper object is armed. This may mean that the time for the last group is getting reused as the time for this group
1295 [138895605892672] INFO perfrun.emon_output <> - Collector process exited successfully
1341 [138895712847424] INFO perfrun.emon <> - EMON collector successfully stopped.

1342 [138895712847424] INFO perfrun.tpss <> - stop tpss controller
1343 [138895712847424] INFO perfrun.sdk <> - De-allocating TMU: /home/jagtym/Programming/ProgRowProj1/vtune/hs_k4a/data.0/systemcollector-92439-pop-os.sc
1343 [138895712847424] INFO perfrun.system <> - closed the system trace file: /home/jagtym/Programming/ProgRowProj1/vtune/hs_k4a/data.0/systemcollector-92439-pop-os.sc
1343 [138895937840960] INFO perfrun.launcher <> - Launcher: all plugins were stopped.
1344 [138895937840960] INFO perfrun.launcher <> - DeadlineTimer is going to be destroyed
1344 [138895937840960] INFO perfrun.launcher <> - DeadlineTimer was destroyed
1344 [138895937840960] INFO perfrun.launcher <> - DirectoryMonitor object was destroyed
1344 [138895937840960] WARN perfrun.launcher <> - Stop command is ignored because it is received when collection is already stopped, at file: vcs/perfrun1/launcher/src/command_handler.cpp:226
1345 [138895937840960] INFO perfrun.launcher <> - Application exit code: 0
1345 [138895937840960] INFO perfrun.launcher <> - Exit code: 0
