threads_spec: cpu
Using CPUID GenuineIntel-6-B7-1
DEBUGINFOD_URLS=
Compression enabled, disabling build id collection at the end of the session.
nr_threads: 20
thread_masks[0]: 0x639d5b5d1a40: maps mask[20]: 0
thread_masks[0]: 0x639d5b5d1a50: affinity mask[20]: 0
thread_masks[1]: 0x639d5b5d1a60: maps mask[20]: 1
thread_masks[1]: 0x639d5b5d1a70: affinity mask[20]: 1
thread_masks[2]: 0x639d5b5d1a80: maps mask[20]: 2
thread_masks[2]: 0x639d5b5d1a90: affinity mask[20]: 2
thread_masks[3]: 0x639d5b5d1aa0: maps mask[20]: 3
thread_masks[3]: 0x639d5b5d1ab0: affinity mask[20]: 3
thread_masks[4]: 0x639d5b5d1ac0: maps mask[20]: 4
thread_masks[4]: 0x639d5b5d1ad0: affinity mask[20]: 4
thread_masks[5]: 0x639d5b5d1ae0: maps mask[20]: 5
thread_masks[5]: 0x639d5b5d1af0: affinity mask[20]: 5
thread_masks[6]: 0x639d5b5d1b00: maps mask[20]: 6
thread_masks[6]: 0x639d5b5d1b10: affinity mask[20]: 6
thread_masks[7]: 0x639d5b5d1b20: maps mask[20]: 7
thread_masks[7]: 0x639d5b5d1b30: affinity mask[20]: 7
thread_masks[8]: 0x639d5b5d1b40: maps mask[20]: 8
thread_masks[8]: 0x639d5b5d1b50: affinity mask[20]: 8
thread_masks[9]: 0x639d5b5d1b60: maps mask[20]: 9
thread_masks[9]: 0x639d5b5d1b70: affinity mask[20]: 9
thread_masks[10]: 0x639d5b5d1b80: maps mask[20]: 10
thread_masks[10]: 0x639d5b5d1b90: affinity mask[20]: 10
thread_masks[11]: 0x639d5b5d1ba0: maps mask[20]: 11
thread_masks[11]: 0x639d5b5d1bb0: affinity mask[20]: 11
thread_masks[12]: 0x639d5b5d1bc0: maps mask[20]: 12
thread_masks[12]: 0x639d5b5d1bd0: affinity mask[20]: 12
thread_masks[13]: 0x639d5b5d1be0: maps mask[20]: 13
thread_masks[13]: 0x639d5b5d1bf0: affinity mask[20]: 13
thread_masks[14]: 0x639d5b5d1c00: maps mask[20]: 14
thread_masks[14]: 0x639d5b5d1c10: affinity mask[20]: 14
thread_masks[15]: 0x639d5b5d1c20: maps mask[20]: 15
thread_masks[15]: 0x639d5b5d1c30: affinity mask[20]: 15
thread_masks[16]: 0x639d5b5d1c40: maps mask[20]: 16
thread_masks[16]: 0x639d5b5d1c50: affinity mask[20]: 16
thread_masks[17]: 0x639d5b5d1c60: maps mask[20]: 17
thread_masks[17]: 0x639d5b5d1c70: affinity mask[20]: 17
thread_masks[18]: 0x639d5b5d1c80: maps mask[20]: 18
thread_masks[18]: 0x639d5b5d1c90: affinity mask[20]: 18
thread_masks[19]: 0x639d5b5d1ca0: maps mask[20]: 19
thread_masks[19]: 0x639d5b5d1cb0: affinity mask[20]: 19
nr_cblocks: 0
affinity: SYS
mmap flush: 1
comp level: 1
Problems creating module maps, continuing anyway...
WARNING: Kernel address maps (/proc/{kallsyms,modules}) are restricted,
check /proc/sys/kernel/kptr_restrict and /proc/sys/kernel/perf_event_paranoid.

Samples in kernel functions may not be resolved if a suitable vmlinux
file is not found in the buildid cache or in the vmlinux path.

Samples in kernel modules won't be resolved at all.

If some relocation was applied (e.g. kexec) symbols may be misresolved
even with a suitable vmlinux or kallsyms file.

mmap size 528384B
Couldn't record kernel reference relocation symbol
Symbol resolution may be skewed if relocation was used (e.g. kexec).
Check /proc/kallsyms permission or run as root.
couldn't open /proc/1/task/1/maps
couldn't open /proc/452/task/452/maps
couldn't open /proc/486/task/486/maps
couldn't open /proc/760/task/760/maps
couldn't open /proc/820/task/820/maps
couldn't open /proc/821/task/821/maps
couldn't open /proc/822/task/822/maps
couldn't open /proc/823/task/823/maps
couldn't open /proc/824/task/824/maps
couldn't open /proc/826/task/826/maps
couldn't open /proc/827/task/827/maps
couldn't open /proc/828/task/828/maps
couldn't open /proc/830/task/830/maps
couldn't open /proc/833/task/833/maps
couldn't open /proc/837/task/837/maps
couldn't open /proc/839/task/839/maps
couldn't open /proc/841/task/841/maps
couldn't open /proc/846/task/846/maps
couldn't open /proc/852/task/852/maps
couldn't open /proc/854/task/854/maps
couldn't open /proc/860/task/860/maps
couldn't open /proc/862/task/862/maps
couldn't open /proc/867/task/867/maps
couldn't open /proc/876/task/876/maps
couldn't open /proc/901/task/901/maps
couldn't open /proc/941/task/941/maps
couldn't open /proc/975/task/975/maps
couldn't open /proc/1000/task/1000/maps
couldn't open /proc/1016/task/1016/maps
couldn't open /proc/1018/task/1018/maps
couldn't open /proc/1094/task/1094/maps
couldn't open /proc/1395/task/1395/maps
couldn't open /proc/1435/task/1435/maps
couldn't open /proc/1737/task/1737/maps
couldn't open /proc/1738/task/1738/maps
couldn't open /proc/1813/task/1813/maps
couldn't open /proc/1947/task/1947/maps
couldn't open /proc/2054/task/2054/maps
couldn't open /proc/2147/task/2147/maps
couldn't open /proc/2261/task/2261/maps
couldn't open /proc/2293/task/2293/maps
couldn't open /proc/2637/task/2637/maps
couldn't open /proc/2719/task/2719/maps
couldn't open /proc/3040/task/3040/maps
couldn't open /proc/3296/task/3296/maps
couldn't open /proc/8135/task/8135/maps
couldn't open /proc/8136/task/8136/maps
couldn't open /proc/8137/task/8137/maps
couldn't open /proc/8145/task/8145/maps
couldn't open /proc/8146/task/8146/maps
couldn't open /proc/8154/task/8154/maps
couldn't open /proc/8155/task/8155/maps
couldn't open /proc/8158/task/8158/maps
couldn't open /proc/8159/task/8159/maps
couldn't open /proc/15901/task/15901/maps
couldn't open /proc/28585/task/28585/maps
couldn't open /proc/49441/task/49441/maps
couldn't open /proc/49444/task/49444/maps
couldn't open /proc/67915/task/67915/maps
couldn't open /proc/67927/task/67927/maps
threads[81633]: started on cpu1
threads[81634]: started on cpu2
threads[81635]: started on cpu3
threads[81636]: started on cpu4
threads[81637]: started on cpu5
threads[81638]: started on cpu6
threads[81639]: started on cpu7
threads[81640]: started on cpu8
threads[81641]: started on cpu9
threads[81642]: started on cpu10
threads[81643]: started on cpu11
threads[81644]: started on cpu12
threads[81645]: started on cpu13
threads[81646]: started on cpu14
threads[81647]: started on cpu15
threads[81648]: started on cpu16
threads[81649]: started on cpu17
threads[81650]: started on cpu18
threads[81651]: started on cpu19
threads[81631]: started on cpu0

81632:perf-sync:ready:TSC=229195749822134
[ perf record: Woken up 1 times to write data ]
threads[81631]: samples=1, wakes=1, transferred=624, compressed=266
threads[81633]: samples=1, wakes=2, transferred=1152, compressed=233
threads[81634]: samples=1, wakes=2, transferred=288, compressed=127
threads[81635]: samples=1, wakes=2, transferred=11168, compressed=1767
threads[81636]: samples=1, wakes=2, transferred=416, compressed=186
threads[81637]: samples=1, wakes=2, transferred=288, compressed=128
threads[81638]: samples=0, wakes=2, written=0
threads[81639]: samples=0, wakes=2, written=0
threads[81640]: samples=1, wakes=2, transferred=288, compressed=127
threads[81641]: samples=0, wakes=2, written=0
threads[81642]: samples=2, wakes=2, transferred=3168, compressed=541
threads[81643]: samples=2, wakes=2, transferred=624, compressed=209
threads[81644]: samples=1, wakes=2, transferred=288, compressed=128
threads[81645]: samples=0, wakes=2, written=0
threads[81646]: samples=3, wakes=2, transferred=1488, compressed=380
threads[81647]: samples=3, wakes=2, transferred=912, compressed=285
threads[81648]: samples=2, wakes=2, transferred=624, compressed=207
threads[81649]: samples=1, wakes=2, transferred=12144, compressed=2302
threads[81650]: samples=2, wakes=2, transferred=624, compressed=209
threads[81651]: samples=1, wakes=2, transferred=10560, compressed=2084
failed to write feature CPU_PMU_CAPS
[ perf record: Captured and wrote 8.497 MB /home/jagtym/Programming/ProgRowProj1/vtune/ue_k3a/data.0/system-wide.perf, compressed (original 0.043 MB, ratio is 4.865) ]
